<?xml version="1.0" encoding="UTF-8"?>
<testsuites name="Smoke" time="196.116" tests="5" failures="0" errors="0">
   <testsuite name="Smoke" tests="5" failures="0" errors="0" time="196.116" skipped="0" timestamp="2023-07-03 20:08:53" hostname="hmacagba - PHPF1FXV0U.CSCMWS.CSCMWS.COM" id="Test Suites/Smoke">
      <properties>
         <property name="deviceName" value=""/>
         <property name="devicePlatform" value=""/>
         <property name="logFolder" value="C:\\Users\\hmacagba\\git\\AutomatedScripts\\Reports\\20230703_200843\\Smoke\\20230703_200843"/>
         <property name="logFiles" value="C:\\Users\\hmacagba\\git\\AutomatedScripts\\Reports\\20230703_200843\\Smoke\\20230703_200843\\execution0.log"/>
         <property name="attachments" value=""/>
         <property name="hostName" value="hmacagba - PHPF1FXV0U.CSCMWS.CSCMWS.COM"/>
         <property name="os" value="Windows 10 64bit"/>
         <property name="katalonVersion" value="8.6.5.208"/>
         <property name="browser" value="Chrome 114.0.0.0"/>
         <property name="hostAddress" value="192.168.68.102"/>
         <property name="sessionId" value="368fa9b812d31947a1807357a41d7446"/>
         <property name="seleniumVersion" value="3.141.59"/>
         <property name="proxyInformation" value="ProxyInformation { proxyOption=NO_PROXY, proxyServerType=HTTP, username=, password=********, proxyServerAddress=, proxyServerPort=0, executionList=&quot;&quot;, isApplyToDesiredCapabilities=true }"/>
         <property name="platform" value="Windows 10"/>
      </properties>
      <testcase name="Test Cases/Transaction/Topup History THB" time="60.917" classname="Test Cases/Transaction/Topup History THB" status="PASSED">
         <system-out><![CDATA[2023-07-03 20:08:53 - [TEST_CASE][PASSED] - Test Cases/Transaction/Topup History THB: Test Cases/Transaction/Topup History THB

2023-07-03 20:08:54 - [TEST_STEP][PASSED] - callTestCase(findTestCase("Login Admin"), [:], STOP_ON_FAILURE): Call Test Case 'Test Cases/Login Admin' successfully

2023-07-03 20:08:54 - [TEST_CASE][PASSED] - Test Cases/Login Admin: Test Cases/Login Admin

2023-07-03 20:08:55 - [TEST_STEP][PASSED] - openBrowser(""): Browser is opened with url: ''

2023-07-03 20:08:56 - [MESSAGE][INFO] - Starting 'Chrome' driver

2023-07-03 20:08:56 - [MESSAGE][INFO] - Action delay is set to 0 milliseconds

2023-07-03 20:09:00 - [MESSAGE][PASSED] - Browser is opened with url: ''

2023-07-03 20:09:00 - [TEST_STEP][PASSED] - maximizeWindow(): Current window maximized

2023-07-03 20:09:00 - [MESSAGE][PASSED] - Current window maximized

2023-07-03 20:09:00 - [TEST_STEP][PASSED] - navigateToUrl(URL): Navigate to 'http://admin.lkydev.site' successfully

2023-07-03 20:09:08 - [MESSAGE][PASSED] - Navigate to 'http://admin.lkydev.site' successfully

2023-07-03 20:09:08 - [TEST_STEP][PASSED] - verifyElementText(findTestObject("Object Repository/Login/Page_SUNCITY - Login/h3_Sign In To Admin System"), "Sign In To Admin System"): Actual text and expected text of test object 'Object Repository/Login/Page_SUNCITY - Login/h3_Sign In To Admin System' are matched.

2023-07-03 20:09:09 - [MESSAGE][PASSED] - Actual text and expected text of test object 'Object Repository/Login/Page_SUNCITY - Login/h3_Sign In To Admin System' are matched.

2023-07-03 20:09:09 - [TEST_STEP][PASSED] - com.reusableComponent.HighlightElement.run(findTestObject("Login/Page_SUNCITY - Login/h3_Sign In To Admin System")): com.reusableComponent.HighlightElement.run is PASSED

2023-07-03 20:09:10 - [MESSAGE][PASSED] - com.reusableComponent.HighlightElement.run is PASSED

2023-07-03 20:09:10 - [TEST_STEP][PASSED] - com.reusableComponent.HighlightElement.run(findTestObject("Login/Page_SUNCITY - Login/input_Sign In To Admin System_username")): com.reusableComponent.HighlightElement.run is PASSED

2023-07-03 20:09:10 - [MESSAGE][PASSED] - com.reusableComponent.HighlightElement.run is PASSED

2023-07-03 20:09:10 - [TEST_STEP][PASSED] - com.reusableComponent.HighlightElement.run(findTestObject("Login/Page_SUNCITY - Login/input_Sign In To Admin System_password")): com.reusableComponent.HighlightElement.run is PASSED

2023-07-03 20:09:11 - [MESSAGE][PASSED] - com.reusableComponent.HighlightElement.run is PASSED

2023-07-03 20:09:11 - [TEST_STEP][PASSED] - setText(findTestObject("Object Repository/Login/Page_SUNCITY - Login/input_Sign In To Admin System_username"), Username): Text 'devbot' is set on object 'Object Repository/Login/Page_SUNCITY - Login/input_Sign In To Admin System_username'

2023-07-03 20:09:11 - [MESSAGE][PASSED] - Text 'devbot' is set on object 'Object Repository/Login/Page_SUNCITY - Login/input_Sign In To Admin System_username'

2023-07-03 20:09:11 - [TEST_STEP][PASSED] - setText(findTestObject("Object Repository/Login/Page_SUNCITY - Login/input_Sign In To Admin System_password"), Password): Text '77889900' is set on object 'Object Repository/Login/Page_SUNCITY - Login/input_Sign In To Admin System_password'

2023-07-03 20:09:12 - [MESSAGE][PASSED] - Text '77889900' is set on object 'Object Repository/Login/Page_SUNCITY - Login/input_Sign In To Admin System_password'

2023-07-03 20:09:12 - [TEST_STEP][PASSED] - com.reusableComponent.HighlightElement.run(findTestObject("Login/Page_SUNCITY - Login/button_Next")): com.reusableComponent.HighlightElement.run is PASSED

2023-07-03 20:09:13 - [MESSAGE][PASSED] - com.reusableComponent.HighlightElement.run is PASSED

2023-07-03 20:09:13 - [TEST_STEP][PASSED] - click(findTestObject("Object Repository/Login/Page_SUNCITY - Login/button_Next")): Object: 'Object Repository/Login/Page_SUNCITY - Login/button_Next' is clicked on

2023-07-03 20:09:13 - [MESSAGE][PASSED] - Object: 'Object Repository/Login/Page_SUNCITY - Login/button_Next' is clicked on

2023-07-03 20:09:13 - [TEST_STEP][PASSED] - com.reusableComponent.HighlightElement.run(findTestObject("Login/Page_SUNCITY - Login/input_Next_verificationCode")): com.reusableComponent.HighlightElement.run is PASSED

2023-07-03 20:09:15 - [MESSAGE][PASSED] - com.reusableComponent.HighlightElement.run is PASSED

2023-07-03 20:09:15 - [TEST_STEP][PASSED] - setText(findTestObject("Object Repository/Login/Page_SUNCITY - Login/input_Next_verificationCode"), VerificationCode): Text '778899' is set on object 'Object Repository/Login/Page_SUNCITY - Login/input_Next_verificationCode'

2023-07-03 20:09:15 - [MESSAGE][PASSED] - Text '778899' is set on object 'Object Repository/Login/Page_SUNCITY - Login/input_Next_verificationCode'

2023-07-03 20:09:15 - [TEST_STEP][PASSED] - com.reusableComponent.HighlightElement.run(findTestObject("Login/Page_SUNCITY - Login/button_Sign In")): com.reusableComponent.HighlightElement.run is PASSED

2023-07-03 20:09:16 - [MESSAGE][PASSED] - com.reusableComponent.HighlightElement.run is PASSED

2023-07-03 20:09:16 - [TEST_STEP][PASSED] - click(findTestObject("Object Repository/Login/Page_SUNCITY - Login/button_Sign In")): Object: 'Object Repository/Login/Page_SUNCITY - Login/button_Sign In' is clicked on

2023-07-03 20:09:16 - [MESSAGE][PASSED] - Object: 'Object Repository/Login/Page_SUNCITY - Login/button_Sign In' is clicked on

2023-07-03 20:09:16 - [TEST_STEP][PASSED] - com.reusableComponent.HighlightElement.run(findTestObject("Login/Page_Dashboard/h2_Login Success")): com.reusableComponent.HighlightElement.run is PASSED

2023-07-03 20:09:19 - [MESSAGE][PASSED] - com.reusableComponent.HighlightElement.run is PASSED

2023-07-03 20:09:19 - [TEST_STEP][PASSED] - click(findTestObject("Object Repository/Login/Page_Dashboard/h2_Login Success")): Object: 'Object Repository/Login/Page_Dashboard/h2_Login Success' is clicked on

2023-07-03 20:09:19 - [MESSAGE][PASSED] - Object: 'Object Repository/Login/Page_Dashboard/h2_Login Success' is clicked on

2023-07-03 20:09:19 - [TEST_STEP][PASSED] - com.reusableComponent.HighlightElement.run(findTestObject("Login/Page_Dashboard/button_OK")): com.reusableComponent.HighlightElement.run is PASSED

2023-07-03 20:09:20 - [MESSAGE][PASSED] - com.reusableComponent.HighlightElement.run is PASSED

2023-07-03 20:09:20 - [TEST_STEP][PASSED] - click(findTestObject("Object Repository/Login/Page_Dashboard/button_OK")): Object: 'Object Repository/Login/Page_Dashboard/button_OK' is clicked on

2023-07-03 20:09:20 - [MESSAGE][PASSED] - Object: 'Object Repository/Login/Page_Dashboard/button_OK' is clicked on

2023-07-03 20:09:20 - [MESSAGE][PASSED] - Call Test Case 'Test Cases/Login Admin' successfully

2023-07-03 20:09:20 - [TEST_STEP][PASSED] - com.reusableComponent.HighlightElement.run(findTestObject("Transaction/Page_Dashboard/span_Transaction")): com.reusableComponent.HighlightElement.run is PASSED

2023-07-03 20:09:21 - [MESSAGE][PASSED] - com.reusableComponent.HighlightElement.run is PASSED

2023-07-03 20:09:21 - [TEST_STEP][PASSED] - mouseOver(findTestObject("Transaction/Page_Dashboard/span_Transaction")): Object: 'Object Repository/Transaction/Page_Dashboard/span_Transaction' is hovered

2023-07-03 20:09:21 - [MESSAGE][PASSED] - Object: 'Object Repository/Transaction/Page_Dashboard/span_Transaction' is hovered

2023-07-03 20:09:21 - [TEST_STEP][PASSED] - com.reusableComponent.HighlightElement.run(findTestObject("Transaction/Page_Dashboard/span_Topup history")): com.reusableComponent.HighlightElement.run is PASSED

2023-07-03 20:09:22 - [MESSAGE][PASSED] - com.reusableComponent.HighlightElement.run is PASSED

2023-07-03 20:09:22 - [TEST_STEP][PASSED] - mouseOver(findTestObject("Transaction/Page_Dashboard/span_Topup history")): Object: 'Object Repository/Transaction/Page_Dashboard/span_Topup history' is hovered

2023-07-03 20:09:22 - [MESSAGE][PASSED] - Object: 'Object Repository/Transaction/Page_Dashboard/span_Topup history' is hovered

2023-07-03 20:09:22 - [TEST_STEP][PASSED] - mouseOver(findTestObject("Transaction/Topup History/span_THB")): Object: 'Object Repository/Transaction/Topup History/span_THB' is hovered

2023-07-03 20:09:23 - [MESSAGE][PASSED] - Object: 'Object Repository/Transaction/Topup History/span_THB' is hovered

2023-07-03 20:09:23 - [TEST_STEP][PASSED] - com.reusableComponent.HighlightElement.run(findTestObject("Transaction/Topup History/span_THB")): com.reusableComponent.HighlightElement.run is PASSED

2023-07-03 20:09:23 - [MESSAGE][PASSED] - com.reusableComponent.HighlightElement.run is PASSED

2023-07-03 20:09:23 - [TEST_STEP][PASSED] - click(findTestObject("Transaction/Topup History/span_THB")): Object: 'Object Repository/Transaction/Topup History/span_THB' is clicked on

2023-07-03 20:09:25 - [MESSAGE][PASSED] - Object: 'Object Repository/Transaction/Topup History/span_THB' is clicked on

2023-07-03 20:09:25 - [TEST_STEP][PASSED] - com.reusableComponent.HighlightElement.run(findTestObject("Transaction/Topup History/h3_Member Topup History")): com.reusableComponent.HighlightElement.run is PASSED

2023-07-03 20:09:26 - [MESSAGE][PASSED] - com.reusableComponent.HighlightElement.run is PASSED

2023-07-03 20:09:26 - [TEST_STEP][PASSED] - com.reusableComponent.HighlightElement.run(findTestObject("Transaction/Topup History/input_Date Range_form-control date_range")): com.reusableComponent.HighlightElement.run is PASSED

2023-07-03 20:09:28 - [MESSAGE][PASSED] - com.reusableComponent.HighlightElement.run is PASSED

2023-07-03 20:09:28 - [TEST_STEP][PASSED] - com.reusableComponent.HighlightElement.run(findTestObject("Transaction/Topup History/select_Approve")): com.reusableComponent.HighlightElement.run is PASSED

2023-07-03 20:09:28 - [MESSAGE][PASSED] - com.reusableComponent.HighlightElement.run is PASSED

2023-07-03 20:09:28 - [TEST_STEP][PASSED] - com.reusableComponent.HighlightElement.run(findTestObject("Transaction/Topup History/button_Search")): com.reusableComponent.HighlightElement.run is PASSED

2023-07-03 20:09:29 - [MESSAGE][PASSED] - com.reusableComponent.HighlightElement.run is PASSED

2023-07-03 20:09:29 - [TEST_STEP][PASSED] - verifyElementVisible(findTestObject("Transaction/Topup History/h3_Member Topup History")): Object 'Object Repository/Transaction/Topup History/h3_Member Topup History' is visible

2023-07-03 20:09:29 - [MESSAGE][PASSED] - Object 'Object Repository/Transaction/Topup History/h3_Member Topup History' is visible

2023-07-03 20:09:29 - [TEST_STEP][PASSED] - verifyElementVisible(findTestObject("Transaction/Topup History/input_Date Range_form-control date_range")): Object 'Object Repository/Transaction/Topup History/input_Date Range_form-control date_range' is visible

2023-07-03 20:09:30 - [MESSAGE][PASSED] - Object 'Object Repository/Transaction/Topup History/input_Date Range_form-control date_range' is visible

2023-07-03 20:09:30 - [TEST_STEP][PASSED] - verifyElementVisible(findTestObject("Transaction/Topup History/select_Approve")): Object 'Object Repository/Transaction/Topup History/select_Approve' is visible

2023-07-03 20:09:30 - [MESSAGE][PASSED] - Object 'Object Repository/Transaction/Topup History/select_Approve' is visible

2023-07-03 20:09:30 - [TEST_STEP][PASSED] - verifyElementVisible(findTestObject("Transaction/Topup History/button_Search")): Object 'Object Repository/Transaction/Topup History/button_Search' is visible

2023-07-03 20:09:31 - [MESSAGE][PASSED] - Object 'Object Repository/Transaction/Topup History/button_Search' is visible

2023-07-03 20:09:31 - [TEST_STEP][PASSED] - com.reusableComponent.HighlightElement.run(findTestObject("Transaction/Topup History/select_1050100200All")): com.reusableComponent.HighlightElement.run is PASSED

2023-07-03 20:09:31 - [MESSAGE][PASSED] - com.reusableComponent.HighlightElement.run is PASSED

2023-07-03 20:09:31 - [TEST_STEP][PASSED] - com.reusableComponent.HighlightElement.run(findTestObject("Transaction/Topup History/span_Copy")): com.reusableComponent.HighlightElement.run is PASSED

2023-07-03 20:09:32 - [MESSAGE][PASSED] - com.reusableComponent.HighlightElement.run is PASSED

2023-07-03 20:09:32 - [TEST_STEP][PASSED] - com.reusableComponent.HighlightElement.run(findTestObject("Transaction/Topup History/span_CSV")): com.reusableComponent.HighlightElement.run is PASSED

2023-07-03 20:09:32 - [MESSAGE][PASSED] - com.reusableComponent.HighlightElement.run is PASSED

2023-07-03 20:09:32 - [TEST_STEP][PASSED] - com.reusableComponent.HighlightElement.run(findTestObject("Transaction/Topup History/span_Excel")): com.reusableComponent.HighlightElement.run is PASSED

2023-07-03 20:09:33 - [MESSAGE][PASSED] - com.reusableComponent.HighlightElement.run is PASSED

2023-07-03 20:09:33 - [TEST_STEP][PASSED] - com.reusableComponent.HighlightElement.run(findTestObject("Transaction/Topup History/span_PDF")): com.reusableComponent.HighlightElement.run is PASSED

2023-07-03 20:09:33 - [MESSAGE][PASSED] - com.reusableComponent.HighlightElement.run is PASSED

2023-07-03 20:09:33 - [TEST_STEP][PASSED] - com.reusableComponent.HighlightElement.run(findTestObject("Transaction/Topup History/input_Search_form-control form-control-sm")): com.reusableComponent.HighlightElement.run is PASSED

2023-07-03 20:09:34 - [MESSAGE][PASSED] - com.reusableComponent.HighlightElement.run is PASSED

2023-07-03 20:09:34 - [TEST_STEP][PASSED] - verifyElementVisible(findTestObject("Transaction/Topup History/select_1050100200All")): Object 'Object Repository/Transaction/Topup History/select_1050100200All' is visible

2023-07-03 20:09:34 - [MESSAGE][PASSED] - Object 'Object Repository/Transaction/Topup History/select_1050100200All' is visible

2023-07-03 20:09:34 - [TEST_STEP][PASSED] - verifyElementVisible(findTestObject("Transaction/Topup History/span_Copy")): Object 'Object Repository/Transaction/Topup History/span_Copy' is visible

2023-07-03 20:09:34 - [MESSAGE][PASSED] - Object 'Object Repository/Transaction/Topup History/span_Copy' is visible

2023-07-03 20:09:34 - [TEST_STEP][PASSED] - verifyElementVisible(findTestObject("Transaction/Topup History/span_CSV")): Object 'Object Repository/Transaction/Topup History/span_CSV' is visible

2023-07-03 20:09:35 - [MESSAGE][PASSED] - Object 'Object Repository/Transaction/Topup History/span_CSV' is visible

2023-07-03 20:09:35 - [TEST_STEP][PASSED] - verifyElementVisible(findTestObject("Transaction/Topup History/span_Excel")): Object 'Object Repository/Transaction/Topup History/span_Excel' is visible

2023-07-03 20:09:35 - [MESSAGE][PASSED] - Object 'Object Repository/Transaction/Topup History/span_Excel' is visible

2023-07-03 20:09:35 - [TEST_STEP][PASSED] - verifyElementVisible(findTestObject("Transaction/Topup History/span_PDF")): Object 'Object Repository/Transaction/Topup History/span_PDF' is visible

2023-07-03 20:09:36 - [MESSAGE][PASSED] - Object 'Object Repository/Transaction/Topup History/span_PDF' is visible

2023-07-03 20:09:36 - [TEST_STEP][PASSED] - verifyElementVisible(findTestObject("Transaction/Topup History/input_Search_form-control form-control-sm")): Object 'Object Repository/Transaction/Topup History/input_Search_form-control form-control-sm' is visible

2023-07-03 20:09:36 - [MESSAGE][PASSED] - Object 'Object Repository/Transaction/Topup History/input_Search_form-control form-control-sm' is visible

2023-07-03 20:09:36 - [TEST_STEP][PASSED] - com.reusableComponent.HighlightElement.run(findTestObject("Transaction/Topup History/th_No")): com.reusableComponent.HighlightElement.run is PASSED

2023-07-03 20:09:36 - [MESSAGE][PASSED] - com.reusableComponent.HighlightElement.run is PASSED

2023-07-03 20:09:36 - [TEST_STEP][PASSED] - com.reusableComponent.HighlightElement.run(findTestObject("Transaction/Topup History/th_Topup Datetime")): com.reusableComponent.HighlightElement.run is PASSED

2023-07-03 20:09:37 - [MESSAGE][PASSED] - com.reusableComponent.HighlightElement.run is PASSED

2023-07-03 20:09:37 - [TEST_STEP][PASSED] - com.reusableComponent.HighlightElement.run(findTestObject("Transaction/Topup History/th_Approved Datetime")): com.reusableComponent.HighlightElement.run is PASSED

2023-07-03 20:09:37 - [MESSAGE][PASSED] - com.reusableComponent.HighlightElement.run is PASSED

2023-07-03 20:09:37 - [TEST_STEP][PASSED] - com.reusableComponent.HighlightElement.run(findTestObject("Transaction/Topup History/th_Trade Code")): com.reusableComponent.HighlightElement.run is PASSED

2023-07-03 20:09:38 - [MESSAGE][PASSED] - com.reusableComponent.HighlightElement.run is PASSED

2023-07-03 20:09:38 - [TEST_STEP][PASSED] - com.reusableComponent.HighlightElement.run(findTestObject("Transaction/Topup History/th_Login Account")): com.reusableComponent.HighlightElement.run is PASSED

2023-07-03 20:09:38 - [MESSAGE][PASSED] - com.reusableComponent.HighlightElement.run is PASSED

2023-07-03 20:09:38 - [TEST_STEP][PASSED] - com.reusableComponent.HighlightElement.run(findTestObject("Transaction/Topup History/th_Bank Name")): com.reusableComponent.HighlightElement.run is PASSED

2023-07-03 20:09:39 - [MESSAGE][PASSED] - com.reusableComponent.HighlightElement.run is PASSED

2023-07-03 20:09:39 - [TEST_STEP][PASSED] - com.reusableComponent.HighlightElement.run(findTestObject("Transaction/Topup History/th_Bank Info")): com.reusableComponent.HighlightElement.run is PASSED

2023-07-03 20:09:39 - [MESSAGE][PASSED] - com.reusableComponent.HighlightElement.run is PASSED

2023-07-03 20:09:39 - [TEST_STEP][PASSED] - com.reusableComponent.HighlightElement.run(findTestObject("Transaction/Topup History/th_Currency")): com.reusableComponent.HighlightElement.run is PASSED

2023-07-03 20:09:40 - [MESSAGE][PASSED] - com.reusableComponent.HighlightElement.run is PASSED

2023-07-03 20:09:40 - [TEST_STEP][PASSED] - com.reusableComponent.HighlightElement.run(findTestObject("Transaction/Topup History/th_Topup Amount")): com.reusableComponent.HighlightElement.run is PASSED

2023-07-03 20:09:40 - [MESSAGE][PASSED] - com.reusableComponent.HighlightElement.run is PASSED

2023-07-03 20:09:40 - [TEST_STEP][PASSED] - com.reusableComponent.HighlightElement.run(findTestObject("Transaction/Topup History/th_Status")): com.reusableComponent.HighlightElement.run is PASSED

2023-07-03 20:09:41 - [MESSAGE][PASSED] - com.reusableComponent.HighlightElement.run is PASSED

2023-07-03 20:09:41 - [TEST_STEP][PASSED] - com.reusableComponent.HighlightElement.run(findTestObject("Transaction/Topup History/th_Done By")): com.reusableComponent.HighlightElement.run is PASSED

2023-07-03 20:09:41 - [MESSAGE][PASSED] - com.reusableComponent.HighlightElement.run is PASSED

2023-07-03 20:09:41 - [TEST_STEP][PASSED] - com.reusableComponent.HighlightElement.run(findTestObject("Transaction/Topup History/th_Receipt")): com.reusableComponent.HighlightElement.run is PASSED

2023-07-03 20:09:42 - [MESSAGE][PASSED] - com.reusableComponent.HighlightElement.run is PASSED

2023-07-03 20:09:42 - [TEST_STEP][PASSED] - com.reusableComponent.HighlightElement.run(findTestObject("Transaction/Topup History/th_Transfer Type")): com.reusableComponent.HighlightElement.run is PASSED

2023-07-03 20:09:42 - [MESSAGE][PASSED] - com.reusableComponent.HighlightElement.run is PASSED

2023-07-03 20:09:42 - [TEST_STEP][PASSED] - com.reusableComponent.HighlightElement.run(findTestObject("Transaction/Topup History/th_Remarks")): com.reusableComponent.HighlightElement.run is PASSED

2023-07-03 20:09:42 - [MESSAGE][PASSED] - com.reusableComponent.HighlightElement.run is PASSED

2023-07-03 20:09:42 - [TEST_STEP][PASSED] - com.reusableComponent.HighlightElement.run(findTestObject("Transaction/Topup History/th_Action")): com.reusableComponent.HighlightElement.run is PASSED

2023-07-03 20:09:43 - [MESSAGE][PASSED] - com.reusableComponent.HighlightElement.run is PASSED

2023-07-03 20:09:43 - [TEST_STEP][PASSED] - com.reusableComponent.HighlightElement.run(findTestObject("Transaction/Topup History/th_Shareholder")): com.reusableComponent.HighlightElement.run is PASSED

2023-07-03 20:09:43 - [MESSAGE][PASSED] - com.reusableComponent.HighlightElement.run is PASSED

2023-07-03 20:09:43 - [TEST_STEP][PASSED] - com.reusableComponent.HighlightElement.run(findTestObject("Transaction/Topup History/th_Main")): com.reusableComponent.HighlightElement.run is PASSED

2023-07-03 20:09:44 - [MESSAGE][PASSED] - com.reusableComponent.HighlightElement.run is PASSED

2023-07-03 20:09:44 - [TEST_STEP][PASSED] - com.reusableComponent.HighlightElement.run(findTestObject("Transaction/Topup History/th_Upline")): com.reusableComponent.HighlightElement.run is PASSED

2023-07-03 20:09:44 - [MESSAGE][PASSED] - com.reusableComponent.HighlightElement.run is PASSED

2023-07-03 20:09:44 - [TEST_STEP][PASSED] - com.reusableComponent.HighlightElement.run(findTestObject("Transaction/Topup History/table_NoTopup")): com.reusableComponent.HighlightElement.run is PASSED

2023-07-03 20:09:45 - [MESSAGE][PASSED] - com.reusableComponent.HighlightElement.run is PASSED

2023-07-03 20:09:45 - [TEST_STEP][PASSED] - verifyElementVisible(findTestObject("Transaction/Topup History/th_No")): Object 'Object Repository/Transaction/Topup History/th_No' is visible

2023-07-03 20:09:45 - [MESSAGE][PASSED] - Object 'Object Repository/Transaction/Topup History/th_No' is visible

2023-07-03 20:09:45 - [TEST_STEP][PASSED] - verifyElementVisible(findTestObject("Transaction/Topup History/th_Topup Datetime")): Object 'Object Repository/Transaction/Topup History/th_Topup Datetime' is visible

2023-07-03 20:09:46 - [MESSAGE][PASSED] - Object 'Object Repository/Transaction/Topup History/th_Topup Datetime' is visible

2023-07-03 20:09:46 - [TEST_STEP][PASSED] - verifyElementVisible(findTestObject("Transaction/Topup History/th_Approved Datetime")): Object 'Object Repository/Transaction/Topup History/th_Approved Datetime' is visible

2023-07-03 20:09:46 - [MESSAGE][PASSED] - Object 'Object Repository/Transaction/Topup History/th_Approved Datetime' is visible

2023-07-03 20:09:46 - [TEST_STEP][PASSED] - verifyElementVisible(findTestObject("Transaction/Topup History/th_Trade Code")): Object 'Object Repository/Transaction/Topup History/th_Trade Code' is visible

2023-07-03 20:09:46 - [MESSAGE][PASSED] - Object 'Object Repository/Transaction/Topup History/th_Trade Code' is visible

2023-07-03 20:09:46 - [TEST_STEP][PASSED] - verifyElementVisible(findTestObject("Transaction/Topup History/th_Login Account")): Object 'Object Repository/Transaction/Topup History/th_Login Account' is visible

2023-07-03 20:09:47 - [MESSAGE][PASSED] - Object 'Object Repository/Transaction/Topup History/th_Login Account' is visible

2023-07-03 20:09:47 - [TEST_STEP][PASSED] - verifyElementVisible(findTestObject("Transaction/Topup History/th_Bank Name")): Object 'Object Repository/Transaction/Topup History/th_Bank Name' is visible

2023-07-03 20:09:47 - [MESSAGE][PASSED] - Object 'Object Repository/Transaction/Topup History/th_Bank Name' is visible

2023-07-03 20:09:47 - [TEST_STEP][PASSED] - verifyElementVisible(findTestObject("Transaction/Topup History/th_Bank Info")): Object 'Object Repository/Transaction/Topup History/th_Bank Info' is visible

2023-07-03 20:09:48 - [MESSAGE][PASSED] - Object 'Object Repository/Transaction/Topup History/th_Bank Info' is visible

2023-07-03 20:09:48 - [TEST_STEP][PASSED] - verifyElementVisible(findTestObject("Transaction/Topup History/th_Currency")): Object 'Object Repository/Transaction/Topup History/th_Currency' is visible

2023-07-03 20:09:48 - [MESSAGE][PASSED] - Object 'Object Repository/Transaction/Topup History/th_Currency' is visible

2023-07-03 20:09:48 - [TEST_STEP][PASSED] - verifyElementVisible(findTestObject("Transaction/Topup History/th_Topup Amount")): Object 'Object Repository/Transaction/Topup History/th_Topup Amount' is visible

2023-07-03 20:09:48 - [MESSAGE][PASSED] - Object 'Object Repository/Transaction/Topup History/th_Topup Amount' is visible

2023-07-03 20:09:48 - [TEST_STEP][PASSED] - verifyElementVisible(findTestObject("Transaction/Topup History/th_Status")): Object 'Object Repository/Transaction/Topup History/th_Status' is visible

2023-07-03 20:09:49 - [MESSAGE][PASSED] - Object 'Object Repository/Transaction/Topup History/th_Status' is visible

2023-07-03 20:09:49 - [TEST_STEP][PASSED] - verifyElementVisible(findTestObject("Transaction/Topup History/th_Done By")): Object 'Object Repository/Transaction/Topup History/th_Done By' is visible

2023-07-03 20:09:49 - [MESSAGE][PASSED] - Object 'Object Repository/Transaction/Topup History/th_Done By' is visible

2023-07-03 20:09:49 - [TEST_STEP][PASSED] - verifyElementVisible(findTestObject("Transaction/Topup History/th_Receipt")): Object 'Object Repository/Transaction/Topup History/th_Receipt' is visible

2023-07-03 20:09:50 - [MESSAGE][PASSED] - Object 'Object Repository/Transaction/Topup History/th_Receipt' is visible

2023-07-03 20:09:50 - [TEST_STEP][PASSED] - verifyElementVisible(findTestObject("Transaction/Topup History/th_Transfer Type")): Object 'Object Repository/Transaction/Topup History/th_Transfer Type' is visible

2023-07-03 20:09:50 - [MESSAGE][PASSED] - Object 'Object Repository/Transaction/Topup History/th_Transfer Type' is visible

2023-07-03 20:09:50 - [TEST_STEP][PASSED] - verifyElementVisible(findTestObject("Transaction/Topup History/th_Remarks")): Object 'Object Repository/Transaction/Topup History/th_Remarks' is visible

2023-07-03 20:09:50 - [MESSAGE][PASSED] - Object 'Object Repository/Transaction/Topup History/th_Remarks' is visible

2023-07-03 20:09:50 - [TEST_STEP][PASSED] - verifyElementVisible(findTestObject("Transaction/Topup History/th_Action")): Object 'Object Repository/Transaction/Topup History/th_Action' is visible

2023-07-03 20:09:51 - [MESSAGE][PASSED] - Object 'Object Repository/Transaction/Topup History/th_Action' is visible

2023-07-03 20:09:51 - [TEST_STEP][PASSED] - verifyElementVisible(findTestObject("Transaction/Topup History/th_Shareholder")): Object 'Object Repository/Transaction/Topup History/th_Shareholder' is visible

2023-07-03 20:09:51 - [MESSAGE][PASSED] - Object 'Object Repository/Transaction/Topup History/th_Shareholder' is visible

2023-07-03 20:09:51 - [TEST_STEP][PASSED] - verifyElementVisible(findTestObject("Transaction/Topup History/th_Main")): Object 'Object Repository/Transaction/Topup History/th_Main' is visible

2023-07-03 20:09:52 - [MESSAGE][PASSED] - Object 'Object Repository/Transaction/Topup History/th_Main' is visible

2023-07-03 20:09:52 - [TEST_STEP][PASSED] - verifyElementVisible(findTestObject("Transaction/Topup History/th_Upline")): Object 'Object Repository/Transaction/Topup History/th_Upline' is visible

2023-07-03 20:09:52 - [MESSAGE][PASSED] - Object 'Object Repository/Transaction/Topup History/th_Upline' is visible

2023-07-03 20:09:52 - [TEST_STEP][PASSED] - verifyElementVisible(findTestObject("Transaction/Topup History/table_NoTopup")): Object 'Object Repository/Transaction/Topup History/table_NoTopup' is visible

2023-07-03 20:09:52 - [MESSAGE][PASSED] - Object 'Object Repository/Transaction/Topup History/table_NoTopup' is visible

2023-07-03 20:09:52 - [TEST_STEP][PASSED] - com.reusableComponent.HighlightElement.run(findTestObject("Transaction/Topup History/li_Previous")): com.reusableComponent.HighlightElement.run is PASSED

2023-07-03 20:09:53 - [MESSAGE][PASSED] - com.reusableComponent.HighlightElement.run is PASSED

2023-07-03 20:09:53 - [TEST_STEP][PASSED] - com.reusableComponent.HighlightElement.run(findTestObject("Transaction/Topup History/li_Next")): com.reusableComponent.HighlightElement.run is PASSED

2023-07-03 20:09:53 - [MESSAGE][PASSED] - com.reusableComponent.HighlightElement.run is PASSED

2023-07-03 20:09:53 - [TEST_STEP][PASSED] - verifyElementVisible(findTestObject("Transaction/Topup History/li_Previous")): Object 'Object Repository/Transaction/Topup History/li_Previous' is visible

2023-07-03 20:09:54 - [MESSAGE][PASSED] - Object 'Object Repository/Transaction/Topup History/li_Previous' is visible

2023-07-03 20:09:54 - [TEST_STEP][PASSED] - verifyElementVisible(findTestObject("Transaction/Topup History/li_Next")): Object 'Object Repository/Transaction/Topup History/li_Next' is visible

2023-07-03 20:09:54 - [MESSAGE][PASSED] - Object 'Object Repository/Transaction/Topup History/li_Next' is visible]]></system-out>
         <system-err><![CDATA[]]></system-err>
      </testcase>
      <testcase name="Test Cases/Transaction/Topup History IDR" time="35.376" classname="Test Cases/Transaction/Topup History IDR" status="PASSED">
         <system-out><![CDATA[2023-07-03 20:09:54 - [TEST_CASE][PASSED] - Test Cases/Transaction/Topup History IDR: Test Cases/Transaction/Topup History IDR

2023-07-03 20:09:55 - [TEST_STEP][PASSED] - com.reusableComponent.HighlightElement.run(findTestObject("Transaction/Page_Dashboard/span_Transaction")): com.reusableComponent.HighlightElement.run is PASSED

2023-07-03 20:09:55 - [MESSAGE][PASSED] - com.reusableComponent.HighlightElement.run is PASSED

2023-07-03 20:09:55 - [TEST_STEP][PASSED] - mouseOver(findTestObject("Transaction/Page_Dashboard/span_Transaction")): Object: 'Object Repository/Transaction/Page_Dashboard/span_Transaction' is hovered

2023-07-03 20:09:56 - [MESSAGE][PASSED] - Object: 'Object Repository/Transaction/Page_Dashboard/span_Transaction' is hovered

2023-07-03 20:09:56 - [TEST_STEP][PASSED] - com.reusableComponent.HighlightElement.run(findTestObject("Transaction/Page_Dashboard/span_Topup history")): com.reusableComponent.HighlightElement.run is PASSED

2023-07-03 20:09:56 - [MESSAGE][PASSED] - com.reusableComponent.HighlightElement.run is PASSED

2023-07-03 20:09:56 - [TEST_STEP][PASSED] - mouseOver(findTestObject("Transaction/Page_Dashboard/span_Topup history")): Object: 'Object Repository/Transaction/Page_Dashboard/span_Topup history' is hovered

2023-07-03 20:09:57 - [MESSAGE][PASSED] - Object: 'Object Repository/Transaction/Page_Dashboard/span_Topup history' is hovered

2023-07-03 20:09:57 - [TEST_STEP][PASSED] - mouseOver(findTestObject("Transaction/Topup History/span_IDR")): Object: 'Object Repository/Transaction/Topup History/span_IDR' is hovered

2023-07-03 20:09:57 - [MESSAGE][PASSED] - Object: 'Object Repository/Transaction/Topup History/span_IDR' is hovered

2023-07-03 20:09:57 - [TEST_STEP][PASSED] - com.reusableComponent.HighlightElement.run(findTestObject("Transaction/Topup History/span_IDR")): com.reusableComponent.HighlightElement.run is PASSED

2023-07-03 20:09:58 - [MESSAGE][PASSED] - com.reusableComponent.HighlightElement.run is PASSED

2023-07-03 20:09:58 - [TEST_STEP][PASSED] - click(findTestObject("Transaction/Topup History/span_IDR")): Object: 'Object Repository/Transaction/Topup History/span_IDR' is clicked on

2023-07-03 20:10:00 - [MESSAGE][PASSED] - Object: 'Object Repository/Transaction/Topup History/span_IDR' is clicked on

2023-07-03 20:10:00 - [TEST_STEP][PASSED] - com.reusableComponent.HighlightElement.run(findTestObject("Transaction/Topup History/h3_Member Topup History")): com.reusableComponent.HighlightElement.run is PASSED

2023-07-03 20:10:04 - [MESSAGE][PASSED] - com.reusableComponent.HighlightElement.run is PASSED

2023-07-03 20:10:04 - [TEST_STEP][PASSED] - com.reusableComponent.HighlightElement.run(findTestObject("Transaction/Topup History/input_Date Range_form-control date_range")): com.reusableComponent.HighlightElement.run is PASSED

2023-07-03 20:10:04 - [MESSAGE][PASSED] - com.reusableComponent.HighlightElement.run is PASSED

2023-07-03 20:10:04 - [TEST_STEP][PASSED] - com.reusableComponent.HighlightElement.run(findTestObject("Transaction/Topup History/select_Approve")): com.reusableComponent.HighlightElement.run is PASSED

2023-07-03 20:10:05 - [MESSAGE][PASSED] - com.reusableComponent.HighlightElement.run is PASSED

2023-07-03 20:10:05 - [TEST_STEP][PASSED] - com.reusableComponent.HighlightElement.run(findTestObject("Transaction/Topup History/button_Search")): com.reusableComponent.HighlightElement.run is PASSED

2023-07-03 20:10:05 - [MESSAGE][PASSED] - com.reusableComponent.HighlightElement.run is PASSED

2023-07-03 20:10:05 - [TEST_STEP][PASSED] - verifyElementVisible(findTestObject("Transaction/Topup History/h3_Member Topup History")): Object 'Object Repository/Transaction/Topup History/h3_Member Topup History' is visible

2023-07-03 20:10:06 - [MESSAGE][PASSED] - Object 'Object Repository/Transaction/Topup History/h3_Member Topup History' is visible

2023-07-03 20:10:06 - [TEST_STEP][PASSED] - verifyElementVisible(findTestObject("Transaction/Topup History/input_Date Range_form-control date_range")): Object 'Object Repository/Transaction/Topup History/input_Date Range_form-control date_range' is visible

2023-07-03 20:10:06 - [MESSAGE][PASSED] - Object 'Object Repository/Transaction/Topup History/input_Date Range_form-control date_range' is visible

2023-07-03 20:10:06 - [TEST_STEP][PASSED] - verifyElementVisible(findTestObject("Transaction/Topup History/select_Approve")): Object 'Object Repository/Transaction/Topup History/select_Approve' is visible

2023-07-03 20:10:06 - [MESSAGE][PASSED] - Object 'Object Repository/Transaction/Topup History/select_Approve' is visible

2023-07-03 20:10:06 - [TEST_STEP][PASSED] - verifyElementVisible(findTestObject("Transaction/Topup History/button_Search")): Object 'Object Repository/Transaction/Topup History/button_Search' is visible

2023-07-03 20:10:07 - [MESSAGE][PASSED] - Object 'Object Repository/Transaction/Topup History/button_Search' is visible

2023-07-03 20:10:07 - [TEST_STEP][PASSED] - com.reusableComponent.HighlightElement.run(findTestObject("Transaction/Topup History/select_1050100200All")): com.reusableComponent.HighlightElement.run is PASSED

2023-07-03 20:10:07 - [MESSAGE][PASSED] - com.reusableComponent.HighlightElement.run is PASSED

2023-07-03 20:10:07 - [TEST_STEP][PASSED] - com.reusableComponent.HighlightElement.run(findTestObject("Transaction/Topup History/span_Copy")): com.reusableComponent.HighlightElement.run is PASSED

2023-07-03 20:10:08 - [MESSAGE][PASSED] - com.reusableComponent.HighlightElement.run is PASSED

2023-07-03 20:10:08 - [TEST_STEP][PASSED] - com.reusableComponent.HighlightElement.run(findTestObject("Transaction/Topup History/span_CSV")): com.reusableComponent.HighlightElement.run is PASSED

2023-07-03 20:10:08 - [MESSAGE][PASSED] - com.reusableComponent.HighlightElement.run is PASSED

2023-07-03 20:10:08 - [TEST_STEP][PASSED] - com.reusableComponent.HighlightElement.run(findTestObject("Transaction/Topup History/span_Excel")): com.reusableComponent.HighlightElement.run is PASSED

2023-07-03 20:10:09 - [MESSAGE][PASSED] - com.reusableComponent.HighlightElement.run is PASSED

2023-07-03 20:10:09 - [TEST_STEP][PASSED] - com.reusableComponent.HighlightElement.run(findTestObject("Transaction/Topup History/span_PDF")): com.reusableComponent.HighlightElement.run is PASSED

2023-07-03 20:10:09 - [MESSAGE][PASSED] - com.reusableComponent.HighlightElement.run is PASSED

2023-07-03 20:10:09 - [TEST_STEP][PASSED] - com.reusableComponent.HighlightElement.run(findTestObject("Transaction/Topup History/input_Search_form-control form-control-sm")): com.reusableComponent.HighlightElement.run is PASSED

2023-07-03 20:10:10 - [MESSAGE][PASSED] - com.reusableComponent.HighlightElement.run is PASSED

2023-07-03 20:10:10 - [TEST_STEP][PASSED] - verifyElementVisible(findTestObject("Transaction/Topup History/select_1050100200All")): Object 'Object Repository/Transaction/Topup History/select_1050100200All' is visible

2023-07-03 20:10:10 - [MESSAGE][PASSED] - Object 'Object Repository/Transaction/Topup History/select_1050100200All' is visible

2023-07-03 20:10:10 - [TEST_STEP][PASSED] - verifyElementVisible(findTestObject("Transaction/Topup History/span_Copy")): Object 'Object Repository/Transaction/Topup History/span_Copy' is visible

2023-07-03 20:10:10 - [MESSAGE][PASSED] - Object 'Object Repository/Transaction/Topup History/span_Copy' is visible

2023-07-03 20:10:10 - [TEST_STEP][PASSED] - verifyElementVisible(findTestObject("Transaction/Topup History/span_CSV")): Object 'Object Repository/Transaction/Topup History/span_CSV' is visible

2023-07-03 20:10:11 - [MESSAGE][PASSED] - Object 'Object Repository/Transaction/Topup History/span_CSV' is visible

2023-07-03 20:10:11 - [TEST_STEP][PASSED] - verifyElementVisible(findTestObject("Transaction/Topup History/span_Excel")): Object 'Object Repository/Transaction/Topup History/span_Excel' is visible

2023-07-03 20:10:11 - [MESSAGE][PASSED] - Object 'Object Repository/Transaction/Topup History/span_Excel' is visible

2023-07-03 20:10:11 - [TEST_STEP][PASSED] - verifyElementVisible(findTestObject("Transaction/Topup History/span_PDF")): Object 'Object Repository/Transaction/Topup History/span_PDF' is visible

2023-07-03 20:10:12 - [MESSAGE][PASSED] - Object 'Object Repository/Transaction/Topup History/span_PDF' is visible

2023-07-03 20:10:12 - [TEST_STEP][PASSED] - verifyElementVisible(findTestObject("Transaction/Topup History/input_Search_form-control form-control-sm")): Object 'Object Repository/Transaction/Topup History/input_Search_form-control form-control-sm' is visible

2023-07-03 20:10:12 - [MESSAGE][PASSED] - Object 'Object Repository/Transaction/Topup History/input_Search_form-control form-control-sm' is visible

2023-07-03 20:10:12 - [TEST_STEP][PASSED] - com.reusableComponent.HighlightElement.run(findTestObject("Transaction/Topup History/th_No")): com.reusableComponent.HighlightElement.run is PASSED

2023-07-03 20:10:12 - [MESSAGE][PASSED] - com.reusableComponent.HighlightElement.run is PASSED

2023-07-03 20:10:12 - [TEST_STEP][PASSED] - com.reusableComponent.HighlightElement.run(findTestObject("Transaction/Topup History/th_Topup Datetime")): com.reusableComponent.HighlightElement.run is PASSED

2023-07-03 20:10:13 - [MESSAGE][PASSED] - com.reusableComponent.HighlightElement.run is PASSED

2023-07-03 20:10:13 - [TEST_STEP][PASSED] - com.reusableComponent.HighlightElement.run(findTestObject("Transaction/Topup History/th_Approved Datetime")): com.reusableComponent.HighlightElement.run is PASSED

2023-07-03 20:10:13 - [MESSAGE][PASSED] - com.reusableComponent.HighlightElement.run is PASSED

2023-07-03 20:10:13 - [TEST_STEP][PASSED] - com.reusableComponent.HighlightElement.run(findTestObject("Transaction/Topup History/th_Trade Code")): com.reusableComponent.HighlightElement.run is PASSED

2023-07-03 20:10:14 - [MESSAGE][PASSED] - com.reusableComponent.HighlightElement.run is PASSED

2023-07-03 20:10:14 - [TEST_STEP][PASSED] - com.reusableComponent.HighlightElement.run(findTestObject("Transaction/Topup History/th_Login Account")): com.reusableComponent.HighlightElement.run is PASSED

2023-07-03 20:10:14 - [MESSAGE][PASSED] - com.reusableComponent.HighlightElement.run is PASSED

2023-07-03 20:10:14 - [TEST_STEP][PASSED] - com.reusableComponent.HighlightElement.run(findTestObject("Transaction/Topup History/th_Bank Name")): com.reusableComponent.HighlightElement.run is PASSED

2023-07-03 20:10:15 - [MESSAGE][PASSED] - com.reusableComponent.HighlightElement.run is PASSED

2023-07-03 20:10:15 - [TEST_STEP][PASSED] - com.reusableComponent.HighlightElement.run(findTestObject("Transaction/Topup History/th_Bank Info")): com.reusableComponent.HighlightElement.run is PASSED

2023-07-03 20:10:15 - [MESSAGE][PASSED] - com.reusableComponent.HighlightElement.run is PASSED

2023-07-03 20:10:15 - [TEST_STEP][PASSED] - com.reusableComponent.HighlightElement.run(findTestObject("Transaction/Topup History/th_Currency")): com.reusableComponent.HighlightElement.run is PASSED

2023-07-03 20:10:15 - [MESSAGE][PASSED] - com.reusableComponent.HighlightElement.run is PASSED

2023-07-03 20:10:15 - [TEST_STEP][PASSED] - com.reusableComponent.HighlightElement.run(findTestObject("Transaction/Topup History/th_Topup Amount")): com.reusableComponent.HighlightElement.run is PASSED

2023-07-03 20:10:16 - [MESSAGE][PASSED] - com.reusableComponent.HighlightElement.run is PASSED

2023-07-03 20:10:16 - [TEST_STEP][PASSED] - com.reusableComponent.HighlightElement.run(findTestObject("Transaction/Topup History/th_Status")): com.reusableComponent.HighlightElement.run is PASSED

2023-07-03 20:10:16 - [MESSAGE][PASSED] - com.reusableComponent.HighlightElement.run is PASSED

2023-07-03 20:10:16 - [TEST_STEP][PASSED] - com.reusableComponent.HighlightElement.run(findTestObject("Transaction/Topup History/th_Done By")): com.reusableComponent.HighlightElement.run is PASSED

2023-07-03 20:10:17 - [MESSAGE][PASSED] - com.reusableComponent.HighlightElement.run is PASSED

2023-07-03 20:10:17 - [TEST_STEP][PASSED] - com.reusableComponent.HighlightElement.run(findTestObject("Transaction/Topup History/th_Receipt")): com.reusableComponent.HighlightElement.run is PASSED

2023-07-03 20:10:17 - [MESSAGE][PASSED] - com.reusableComponent.HighlightElement.run is PASSED

2023-07-03 20:10:17 - [TEST_STEP][PASSED] - com.reusableComponent.HighlightElement.run(findTestObject("Transaction/Topup History/th_Transfer Type")): com.reusableComponent.HighlightElement.run is PASSED

2023-07-03 20:10:18 - [MESSAGE][PASSED] - com.reusableComponent.HighlightElement.run is PASSED

2023-07-03 20:10:18 - [TEST_STEP][PASSED] - com.reusableComponent.HighlightElement.run(findTestObject("Transaction/Topup History/th_Remarks")): com.reusableComponent.HighlightElement.run is PASSED

2023-07-03 20:10:18 - [MESSAGE][PASSED] - com.reusableComponent.HighlightElement.run is PASSED

2023-07-03 20:10:18 - [TEST_STEP][PASSED] - com.reusableComponent.HighlightElement.run(findTestObject("Transaction/Topup History/th_Action")): com.reusableComponent.HighlightElement.run is PASSED

2023-07-03 20:10:18 - [MESSAGE][PASSED] - com.reusableComponent.HighlightElement.run is PASSED

2023-07-03 20:10:18 - [TEST_STEP][PASSED] - com.reusableComponent.HighlightElement.run(findTestObject("Transaction/Topup History/th_Shareholder")): com.reusableComponent.HighlightElement.run is PASSED

2023-07-03 20:10:19 - [MESSAGE][PASSED] - com.reusableComponent.HighlightElement.run is PASSED

2023-07-03 20:10:19 - [TEST_STEP][PASSED] - com.reusableComponent.HighlightElement.run(findTestObject("Transaction/Topup History/th_Main")): com.reusableComponent.HighlightElement.run is PASSED

2023-07-03 20:10:19 - [MESSAGE][PASSED] - com.reusableComponent.HighlightElement.run is PASSED

2023-07-03 20:10:19 - [TEST_STEP][PASSED] - com.reusableComponent.HighlightElement.run(findTestObject("Transaction/Topup History/th_Upline")): com.reusableComponent.HighlightElement.run is PASSED

2023-07-03 20:10:20 - [MESSAGE][PASSED] - com.reusableComponent.HighlightElement.run is PASSED

2023-07-03 20:10:20 - [TEST_STEP][PASSED] - com.reusableComponent.HighlightElement.run(findTestObject("Transaction/Topup History/table_NoTopup")): com.reusableComponent.HighlightElement.run is PASSED

2023-07-03 20:10:20 - [MESSAGE][PASSED] - com.reusableComponent.HighlightElement.run is PASSED

2023-07-03 20:10:20 - [TEST_STEP][PASSED] - verifyElementVisible(findTestObject("Transaction/Topup History/th_No")): Object 'Object Repository/Transaction/Topup History/th_No' is visible

2023-07-03 20:10:21 - [MESSAGE][PASSED] - Object 'Object Repository/Transaction/Topup History/th_No' is visible

2023-07-03 20:10:21 - [TEST_STEP][PASSED] - verifyElementVisible(findTestObject("Transaction/Topup History/th_Topup Datetime")): Object 'Object Repository/Transaction/Topup History/th_Topup Datetime' is visible

2023-07-03 20:10:21 - [MESSAGE][PASSED] - Object 'Object Repository/Transaction/Topup History/th_Topup Datetime' is visible

2023-07-03 20:10:21 - [TEST_STEP][PASSED] - verifyElementVisible(findTestObject("Transaction/Topup History/th_Approved Datetime")): Object 'Object Repository/Transaction/Topup History/th_Approved Datetime' is visible

2023-07-03 20:10:21 - [MESSAGE][PASSED] - Object 'Object Repository/Transaction/Topup History/th_Approved Datetime' is visible

2023-07-03 20:10:21 - [TEST_STEP][PASSED] - verifyElementVisible(findTestObject("Transaction/Topup History/th_Trade Code")): Object 'Object Repository/Transaction/Topup History/th_Trade Code' is visible

2023-07-03 20:10:22 - [MESSAGE][PASSED] - Object 'Object Repository/Transaction/Topup History/th_Trade Code' is visible

2023-07-03 20:10:22 - [TEST_STEP][PASSED] - verifyElementVisible(findTestObject("Transaction/Topup History/th_Login Account")): Object 'Object Repository/Transaction/Topup History/th_Login Account' is visible

2023-07-03 20:10:22 - [MESSAGE][PASSED] - Object 'Object Repository/Transaction/Topup History/th_Login Account' is visible

2023-07-03 20:10:22 - [TEST_STEP][PASSED] - verifyElementVisible(findTestObject("Transaction/Topup History/th_Bank Name")): Object 'Object Repository/Transaction/Topup History/th_Bank Name' is visible

2023-07-03 20:10:23 - [MESSAGE][PASSED] - Object 'Object Repository/Transaction/Topup History/th_Bank Name' is visible

2023-07-03 20:10:23 - [TEST_STEP][PASSED] - verifyElementVisible(findTestObject("Transaction/Topup History/th_Bank Info")): Object 'Object Repository/Transaction/Topup History/th_Bank Info' is visible

2023-07-03 20:10:23 - [MESSAGE][PASSED] - Object 'Object Repository/Transaction/Topup History/th_Bank Info' is visible

2023-07-03 20:10:23 - [TEST_STEP][PASSED] - verifyElementVisible(findTestObject("Transaction/Topup History/th_Currency")): Object 'Object Repository/Transaction/Topup History/th_Currency' is visible

2023-07-03 20:10:23 - [MESSAGE][PASSED] - Object 'Object Repository/Transaction/Topup History/th_Currency' is visible

2023-07-03 20:10:23 - [TEST_STEP][PASSED] - verifyElementVisible(findTestObject("Transaction/Topup History/th_Topup Amount")): Object 'Object Repository/Transaction/Topup History/th_Topup Amount' is visible

2023-07-03 20:10:24 - [MESSAGE][PASSED] - Object 'Object Repository/Transaction/Topup History/th_Topup Amount' is visible

2023-07-03 20:10:24 - [TEST_STEP][PASSED] - verifyElementVisible(findTestObject("Transaction/Topup History/th_Status")): Object 'Object Repository/Transaction/Topup History/th_Status' is visible

2023-07-03 20:10:24 - [MESSAGE][PASSED] - Object 'Object Repository/Transaction/Topup History/th_Status' is visible

2023-07-03 20:10:24 - [TEST_STEP][PASSED] - verifyElementVisible(findTestObject("Transaction/Topup History/th_Done By")): Object 'Object Repository/Transaction/Topup History/th_Done By' is visible

2023-07-03 20:10:25 - [MESSAGE][PASSED] - Object 'Object Repository/Transaction/Topup History/th_Done By' is visible

2023-07-03 20:10:25 - [TEST_STEP][PASSED] - verifyElementVisible(findTestObject("Transaction/Topup History/th_Receipt")): Object 'Object Repository/Transaction/Topup History/th_Receipt' is visible

2023-07-03 20:10:25 - [MESSAGE][PASSED] - Object 'Object Repository/Transaction/Topup History/th_Receipt' is visible

2023-07-03 20:10:25 - [TEST_STEP][PASSED] - verifyElementVisible(findTestObject("Transaction/Topup History/th_Transfer Type")): Object 'Object Repository/Transaction/Topup History/th_Transfer Type' is visible

2023-07-03 20:10:25 - [MESSAGE][PASSED] - Object 'Object Repository/Transaction/Topup History/th_Transfer Type' is visible

2023-07-03 20:10:25 - [TEST_STEP][PASSED] - verifyElementVisible(findTestObject("Transaction/Topup History/th_Remarks")): Object 'Object Repository/Transaction/Topup History/th_Remarks' is visible

2023-07-03 20:10:26 - [MESSAGE][PASSED] - Object 'Object Repository/Transaction/Topup History/th_Remarks' is visible

2023-07-03 20:10:26 - [TEST_STEP][PASSED] - verifyElementVisible(findTestObject("Transaction/Topup History/th_Action")): Object 'Object Repository/Transaction/Topup History/th_Action' is visible

2023-07-03 20:10:26 - [MESSAGE][PASSED] - Object 'Object Repository/Transaction/Topup History/th_Action' is visible

2023-07-03 20:10:26 - [TEST_STEP][PASSED] - verifyElementVisible(findTestObject("Transaction/Topup History/th_Shareholder")): Object 'Object Repository/Transaction/Topup History/th_Shareholder' is visible

2023-07-03 20:10:27 - [MESSAGE][PASSED] - Object 'Object Repository/Transaction/Topup History/th_Shareholder' is visible

2023-07-03 20:10:27 - [TEST_STEP][PASSED] - verifyElementVisible(findTestObject("Transaction/Topup History/th_Main")): Object 'Object Repository/Transaction/Topup History/th_Main' is visible

2023-07-03 20:10:27 - [MESSAGE][PASSED] - Object 'Object Repository/Transaction/Topup History/th_Main' is visible

2023-07-03 20:10:27 - [TEST_STEP][PASSED] - verifyElementVisible(findTestObject("Transaction/Topup History/th_Upline")): Object 'Object Repository/Transaction/Topup History/th_Upline' is visible

2023-07-03 20:10:27 - [MESSAGE][PASSED] - Object 'Object Repository/Transaction/Topup History/th_Upline' is visible

2023-07-03 20:10:27 - [TEST_STEP][PASSED] - verifyElementVisible(findTestObject("Transaction/Topup History/table_NoTopup")): Object 'Object Repository/Transaction/Topup History/table_NoTopup' is visible

2023-07-03 20:10:28 - [MESSAGE][PASSED] - Object 'Object Repository/Transaction/Topup History/table_NoTopup' is visible

2023-07-03 20:10:28 - [TEST_STEP][PASSED] - com.reusableComponent.HighlightElement.run(findTestObject("Transaction/Topup History/li_Previous")): com.reusableComponent.HighlightElement.run is PASSED

2023-07-03 20:10:28 - [MESSAGE][PASSED] - com.reusableComponent.HighlightElement.run is PASSED

2023-07-03 20:10:28 - [TEST_STEP][PASSED] - com.reusableComponent.HighlightElement.run(findTestObject("Transaction/Topup History/li_Next")): com.reusableComponent.HighlightElement.run is PASSED

2023-07-03 20:10:29 - [MESSAGE][PASSED] - com.reusableComponent.HighlightElement.run is PASSED

2023-07-03 20:10:29 - [TEST_STEP][PASSED] - verifyElementVisible(findTestObject("Transaction/Topup History/li_Previous")): Object 'Object Repository/Transaction/Topup History/li_Previous' is visible

2023-07-03 20:10:29 - [MESSAGE][PASSED] - Object 'Object Repository/Transaction/Topup History/li_Previous' is visible

2023-07-03 20:10:29 - [TEST_STEP][PASSED] - verifyElementVisible(findTestObject("Transaction/Topup History/li_Next")): Object 'Object Repository/Transaction/Topup History/li_Next' is visible

2023-07-03 20:10:30 - [MESSAGE][PASSED] - Object 'Object Repository/Transaction/Topup History/li_Next' is visible]]></system-out>
         <system-err><![CDATA[]]></system-err>
      </testcase>
      <testcase name="Test Cases/Transaction/Topup History MMK" time="33.405" classname="Test Cases/Transaction/Topup History MMK" status="PASSED">
         <system-out><![CDATA[2023-07-03 20:10:30 - [TEST_CASE][PASSED] - Test Cases/Transaction/Topup History MMK: Test Cases/Transaction/Topup History MMK

2023-07-03 20:10:30 - [TEST_STEP][PASSED] - com.reusableComponent.HighlightElement.run(findTestObject("Transaction/Page_Dashboard/span_Transaction")): com.reusableComponent.HighlightElement.run is PASSED

2023-07-03 20:10:31 - [MESSAGE][PASSED] - com.reusableComponent.HighlightElement.run is PASSED

2023-07-03 20:10:31 - [TEST_STEP][PASSED] - mouseOver(findTestObject("Transaction/Page_Dashboard/span_Transaction")): Object: 'Object Repository/Transaction/Page_Dashboard/span_Transaction' is hovered

2023-07-03 20:10:31 - [MESSAGE][PASSED] - Object: 'Object Repository/Transaction/Page_Dashboard/span_Transaction' is hovered

2023-07-03 20:10:31 - [TEST_STEP][PASSED] - com.reusableComponent.HighlightElement.run(findTestObject("Transaction/Page_Dashboard/span_Topup history")): com.reusableComponent.HighlightElement.run is PASSED

2023-07-03 20:10:32 - [MESSAGE][PASSED] - com.reusableComponent.HighlightElement.run is PASSED

2023-07-03 20:10:32 - [TEST_STEP][PASSED] - mouseOver(findTestObject("Transaction/Page_Dashboard/span_Topup history")): Object: 'Object Repository/Transaction/Page_Dashboard/span_Topup history' is hovered

2023-07-03 20:10:32 - [MESSAGE][PASSED] - Object: 'Object Repository/Transaction/Page_Dashboard/span_Topup history' is hovered

2023-07-03 20:10:32 - [TEST_STEP][PASSED] - mouseOver(findTestObject("Transaction/Topup History/span_MMK")): Object: 'Object Repository/Transaction/Topup History/span_MMK' is hovered

2023-07-03 20:10:33 - [MESSAGE][PASSED] - Object: 'Object Repository/Transaction/Topup History/span_MMK' is hovered

2023-07-03 20:10:33 - [TEST_STEP][PASSED] - com.reusableComponent.HighlightElement.run(findTestObject("Transaction/Topup History/span_MMK")): com.reusableComponent.HighlightElement.run is PASSED

2023-07-03 20:10:33 - [MESSAGE][PASSED] - com.reusableComponent.HighlightElement.run is PASSED

2023-07-03 20:10:33 - [TEST_STEP][PASSED] - click(findTestObject("Transaction/Topup History/span_MMK")): Object: 'Object Repository/Transaction/Topup History/span_MMK' is clicked on

2023-07-03 20:10:35 - [MESSAGE][PASSED] - Object: 'Object Repository/Transaction/Topup History/span_MMK' is clicked on

2023-07-03 20:10:35 - [TEST_STEP][PASSED] - com.reusableComponent.HighlightElement.run(findTestObject("Transaction/Topup History/h3_Member Topup History")): com.reusableComponent.HighlightElement.run is PASSED

2023-07-03 20:10:37 - [MESSAGE][PASSED] - com.reusableComponent.HighlightElement.run is PASSED

2023-07-03 20:10:37 - [TEST_STEP][PASSED] - com.reusableComponent.HighlightElement.run(findTestObject("Transaction/Topup History/input_Date Range_form-control date_range")): com.reusableComponent.HighlightElement.run is PASSED

2023-07-03 20:10:37 - [MESSAGE][PASSED] - com.reusableComponent.HighlightElement.run is PASSED

2023-07-03 20:10:37 - [TEST_STEP][PASSED] - com.reusableComponent.HighlightElement.run(findTestObject("Transaction/Topup History/select_Approve")): com.reusableComponent.HighlightElement.run is PASSED

2023-07-03 20:10:38 - [MESSAGE][PASSED] - com.reusableComponent.HighlightElement.run is PASSED

2023-07-03 20:10:38 - [TEST_STEP][PASSED] - com.reusableComponent.HighlightElement.run(findTestObject("Transaction/Topup History/button_Search")): com.reusableComponent.HighlightElement.run is PASSED

2023-07-03 20:10:38 - [MESSAGE][PASSED] - com.reusableComponent.HighlightElement.run is PASSED

2023-07-03 20:10:38 - [TEST_STEP][PASSED] - verifyElementVisible(findTestObject("Transaction/Topup History/h3_Member Topup History")): Object 'Object Repository/Transaction/Topup History/h3_Member Topup History' is visible

2023-07-03 20:10:38 - [MESSAGE][PASSED] - Object 'Object Repository/Transaction/Topup History/h3_Member Topup History' is visible

2023-07-03 20:10:38 - [TEST_STEP][PASSED] - verifyElementVisible(findTestObject("Transaction/Topup History/input_Date Range_form-control date_range")): Object 'Object Repository/Transaction/Topup History/input_Date Range_form-control date_range' is visible

2023-07-03 20:10:39 - [MESSAGE][PASSED] - Object 'Object Repository/Transaction/Topup History/input_Date Range_form-control date_range' is visible

2023-07-03 20:10:39 - [TEST_STEP][PASSED] - verifyElementVisible(findTestObject("Transaction/Topup History/select_Approve")): Object 'Object Repository/Transaction/Topup History/select_Approve' is visible

2023-07-03 20:10:39 - [MESSAGE][PASSED] - Object 'Object Repository/Transaction/Topup History/select_Approve' is visible

2023-07-03 20:10:39 - [TEST_STEP][PASSED] - verifyElementVisible(findTestObject("Transaction/Topup History/button_Search")): Object 'Object Repository/Transaction/Topup History/button_Search' is visible

2023-07-03 20:10:40 - [MESSAGE][PASSED] - Object 'Object Repository/Transaction/Topup History/button_Search' is visible

2023-07-03 20:10:40 - [TEST_STEP][PASSED] - com.reusableComponent.HighlightElement.run(findTestObject("Transaction/Topup History/select_1050100200All")): com.reusableComponent.HighlightElement.run is PASSED

2023-07-03 20:10:40 - [MESSAGE][PASSED] - com.reusableComponent.HighlightElement.run is PASSED

2023-07-03 20:10:40 - [TEST_STEP][PASSED] - com.reusableComponent.HighlightElement.run(findTestObject("Transaction/Topup History/span_Copy")): com.reusableComponent.HighlightElement.run is PASSED

2023-07-03 20:10:41 - [MESSAGE][PASSED] - com.reusableComponent.HighlightElement.run is PASSED

2023-07-03 20:10:41 - [TEST_STEP][PASSED] - com.reusableComponent.HighlightElement.run(findTestObject("Transaction/Topup History/span_CSV")): com.reusableComponent.HighlightElement.run is PASSED

2023-07-03 20:10:41 - [MESSAGE][PASSED] - com.reusableComponent.HighlightElement.run is PASSED

2023-07-03 20:10:41 - [TEST_STEP][PASSED] - com.reusableComponent.HighlightElement.run(findTestObject("Transaction/Topup History/span_Excel")): com.reusableComponent.HighlightElement.run is PASSED

2023-07-03 20:10:42 - [MESSAGE][PASSED] - com.reusableComponent.HighlightElement.run is PASSED

2023-07-03 20:10:42 - [TEST_STEP][PASSED] - com.reusableComponent.HighlightElement.run(findTestObject("Transaction/Topup History/span_PDF")): com.reusableComponent.HighlightElement.run is PASSED

2023-07-03 20:10:42 - [MESSAGE][PASSED] - com.reusableComponent.HighlightElement.run is PASSED

2023-07-03 20:10:42 - [TEST_STEP][PASSED] - com.reusableComponent.HighlightElement.run(findTestObject("Transaction/Topup History/input_Search_form-control form-control-sm")): com.reusableComponent.HighlightElement.run is PASSED

2023-07-03 20:10:43 - [MESSAGE][PASSED] - com.reusableComponent.HighlightElement.run is PASSED

2023-07-03 20:10:43 - [TEST_STEP][PASSED] - verifyElementVisible(findTestObject("Transaction/Topup History/select_1050100200All")): Object 'Object Repository/Transaction/Topup History/select_1050100200All' is visible

2023-07-03 20:10:43 - [MESSAGE][PASSED] - Object 'Object Repository/Transaction/Topup History/select_1050100200All' is visible

2023-07-03 20:10:43 - [TEST_STEP][PASSED] - verifyElementVisible(findTestObject("Transaction/Topup History/span_Copy")): Object 'Object Repository/Transaction/Topup History/span_Copy' is visible

2023-07-03 20:10:44 - [MESSAGE][PASSED] - Object 'Object Repository/Transaction/Topup History/span_Copy' is visible

2023-07-03 20:10:44 - [TEST_STEP][PASSED] - verifyElementVisible(findTestObject("Transaction/Topup History/span_CSV")): Object 'Object Repository/Transaction/Topup History/span_CSV' is visible

2023-07-03 20:10:44 - [MESSAGE][PASSED] - Object 'Object Repository/Transaction/Topup History/span_CSV' is visible

2023-07-03 20:10:44 - [TEST_STEP][PASSED] - verifyElementVisible(findTestObject("Transaction/Topup History/span_Excel")): Object 'Object Repository/Transaction/Topup History/span_Excel' is visible

2023-07-03 20:10:44 - [MESSAGE][PASSED] - Object 'Object Repository/Transaction/Topup History/span_Excel' is visible

2023-07-03 20:10:44 - [TEST_STEP][PASSED] - verifyElementVisible(findTestObject("Transaction/Topup History/span_PDF")): Object 'Object Repository/Transaction/Topup History/span_PDF' is visible

2023-07-03 20:10:45 - [MESSAGE][PASSED] - Object 'Object Repository/Transaction/Topup History/span_PDF' is visible

2023-07-03 20:10:45 - [TEST_STEP][PASSED] - verifyElementVisible(findTestObject("Transaction/Topup History/input_Search_form-control form-control-sm")): Object 'Object Repository/Transaction/Topup History/input_Search_form-control form-control-sm' is visible

2023-07-03 20:10:45 - [MESSAGE][PASSED] - Object 'Object Repository/Transaction/Topup History/input_Search_form-control form-control-sm' is visible

2023-07-03 20:10:45 - [TEST_STEP][PASSED] - com.reusableComponent.HighlightElement.run(findTestObject("Transaction/Topup History/th_No")): com.reusableComponent.HighlightElement.run is PASSED

2023-07-03 20:10:46 - [MESSAGE][PASSED] - com.reusableComponent.HighlightElement.run is PASSED

2023-07-03 20:10:46 - [TEST_STEP][PASSED] - com.reusableComponent.HighlightElement.run(findTestObject("Transaction/Topup History/th_Topup Datetime")): com.reusableComponent.HighlightElement.run is PASSED

2023-07-03 20:10:46 - [MESSAGE][PASSED] - com.reusableComponent.HighlightElement.run is PASSED

2023-07-03 20:10:46 - [TEST_STEP][PASSED] - com.reusableComponent.HighlightElement.run(findTestObject("Transaction/Topup History/th_Approved Datetime")): com.reusableComponent.HighlightElement.run is PASSED

2023-07-03 20:10:46 - [MESSAGE][PASSED] - com.reusableComponent.HighlightElement.run is PASSED

2023-07-03 20:10:46 - [TEST_STEP][PASSED] - com.reusableComponent.HighlightElement.run(findTestObject("Transaction/Topup History/th_Trade Code")): com.reusableComponent.HighlightElement.run is PASSED

2023-07-03 20:10:47 - [MESSAGE][PASSED] - com.reusableComponent.HighlightElement.run is PASSED

2023-07-03 20:10:47 - [TEST_STEP][PASSED] - com.reusableComponent.HighlightElement.run(findTestObject("Transaction/Topup History/th_Login Account")): com.reusableComponent.HighlightElement.run is PASSED

2023-07-03 20:10:47 - [MESSAGE][PASSED] - com.reusableComponent.HighlightElement.run is PASSED

2023-07-03 20:10:47 - [TEST_STEP][PASSED] - com.reusableComponent.HighlightElement.run(findTestObject("Transaction/Topup History/th_Bank Name")): com.reusableComponent.HighlightElement.run is PASSED

2023-07-03 20:10:48 - [MESSAGE][PASSED] - com.reusableComponent.HighlightElement.run is PASSED

2023-07-03 20:10:48 - [TEST_STEP][PASSED] - com.reusableComponent.HighlightElement.run(findTestObject("Transaction/Topup History/th_Bank Info")): com.reusableComponent.HighlightElement.run is PASSED

2023-07-03 20:10:48 - [MESSAGE][PASSED] - com.reusableComponent.HighlightElement.run is PASSED

2023-07-03 20:10:48 - [TEST_STEP][PASSED] - com.reusableComponent.HighlightElement.run(findTestObject("Transaction/Topup History/th_Currency")): com.reusableComponent.HighlightElement.run is PASSED

2023-07-03 20:10:49 - [MESSAGE][PASSED] - com.reusableComponent.HighlightElement.run is PASSED

2023-07-03 20:10:49 - [TEST_STEP][PASSED] - com.reusableComponent.HighlightElement.run(findTestObject("Transaction/Topup History/th_Topup Amount")): com.reusableComponent.HighlightElement.run is PASSED

2023-07-03 20:10:49 - [MESSAGE][PASSED] - com.reusableComponent.HighlightElement.run is PASSED

2023-07-03 20:10:49 - [TEST_STEP][PASSED] - com.reusableComponent.HighlightElement.run(findTestObject("Transaction/Topup History/th_Status")): com.reusableComponent.HighlightElement.run is PASSED

2023-07-03 20:10:50 - [MESSAGE][PASSED] - com.reusableComponent.HighlightElement.run is PASSED

2023-07-03 20:10:50 - [TEST_STEP][PASSED] - com.reusableComponent.HighlightElement.run(findTestObject("Transaction/Topup History/th_Done By")): com.reusableComponent.HighlightElement.run is PASSED

2023-07-03 20:10:50 - [MESSAGE][PASSED] - com.reusableComponent.HighlightElement.run is PASSED

2023-07-03 20:10:50 - [TEST_STEP][PASSED] - com.reusableComponent.HighlightElement.run(findTestObject("Transaction/Topup History/th_Receipt")): com.reusableComponent.HighlightElement.run is PASSED

2023-07-03 20:10:50 - [MESSAGE][PASSED] - com.reusableComponent.HighlightElement.run is PASSED

2023-07-03 20:10:50 - [TEST_STEP][PASSED] - com.reusableComponent.HighlightElement.run(findTestObject("Transaction/Topup History/th_Transfer Type")): com.reusableComponent.HighlightElement.run is PASSED

2023-07-03 20:10:51 - [MESSAGE][PASSED] - com.reusableComponent.HighlightElement.run is PASSED

2023-07-03 20:10:51 - [TEST_STEP][PASSED] - com.reusableComponent.HighlightElement.run(findTestObject("Transaction/Topup History/th_Remarks")): com.reusableComponent.HighlightElement.run is PASSED

2023-07-03 20:10:51 - [MESSAGE][PASSED] - com.reusableComponent.HighlightElement.run is PASSED

2023-07-03 20:10:51 - [TEST_STEP][PASSED] - com.reusableComponent.HighlightElement.run(findTestObject("Transaction/Topup History/th_Action")): com.reusableComponent.HighlightElement.run is PASSED

2023-07-03 20:10:52 - [MESSAGE][PASSED] - com.reusableComponent.HighlightElement.run is PASSED

2023-07-03 20:10:52 - [TEST_STEP][PASSED] - com.reusableComponent.HighlightElement.run(findTestObject("Transaction/Topup History/th_Shareholder")): com.reusableComponent.HighlightElement.run is PASSED

2023-07-03 20:10:52 - [MESSAGE][PASSED] - com.reusableComponent.HighlightElement.run is PASSED

2023-07-03 20:10:52 - [TEST_STEP][PASSED] - com.reusableComponent.HighlightElement.run(findTestObject("Transaction/Topup History/th_Main")): com.reusableComponent.HighlightElement.run is PASSED

2023-07-03 20:10:53 - [MESSAGE][PASSED] - com.reusableComponent.HighlightElement.run is PASSED

2023-07-03 20:10:53 - [TEST_STEP][PASSED] - com.reusableComponent.HighlightElement.run(findTestObject("Transaction/Topup History/th_Upline")): com.reusableComponent.HighlightElement.run is PASSED

2023-07-03 20:10:53 - [MESSAGE][PASSED] - com.reusableComponent.HighlightElement.run is PASSED

2023-07-03 20:10:53 - [TEST_STEP][PASSED] - com.reusableComponent.HighlightElement.run(findTestObject("Transaction/Topup History/table_NoTopup")): com.reusableComponent.HighlightElement.run is PASSED

2023-07-03 20:10:54 - [MESSAGE][PASSED] - com.reusableComponent.HighlightElement.run is PASSED

2023-07-03 20:10:54 - [TEST_STEP][PASSED] - verifyElementVisible(findTestObject("Transaction/Topup History/th_No")): Object 'Object Repository/Transaction/Topup History/th_No' is visible

2023-07-03 20:10:54 - [MESSAGE][PASSED] - Object 'Object Repository/Transaction/Topup History/th_No' is visible

2023-07-03 20:10:54 - [TEST_STEP][PASSED] - verifyElementVisible(findTestObject("Transaction/Topup History/th_Topup Datetime")): Object 'Object Repository/Transaction/Topup History/th_Topup Datetime' is visible

2023-07-03 20:10:54 - [MESSAGE][PASSED] - Object 'Object Repository/Transaction/Topup History/th_Topup Datetime' is visible

2023-07-03 20:10:54 - [TEST_STEP][PASSED] - verifyElementVisible(findTestObject("Transaction/Topup History/th_Approved Datetime")): Object 'Object Repository/Transaction/Topup History/th_Approved Datetime' is visible

2023-07-03 20:10:55 - [MESSAGE][PASSED] - Object 'Object Repository/Transaction/Topup History/th_Approved Datetime' is visible

2023-07-03 20:10:55 - [TEST_STEP][PASSED] - verifyElementVisible(findTestObject("Transaction/Topup History/th_Trade Code")): Object 'Object Repository/Transaction/Topup History/th_Trade Code' is visible

2023-07-03 20:10:55 - [MESSAGE][PASSED] - Object 'Object Repository/Transaction/Topup History/th_Trade Code' is visible

2023-07-03 20:10:55 - [TEST_STEP][PASSED] - verifyElementVisible(findTestObject("Transaction/Topup History/th_Login Account")): Object 'Object Repository/Transaction/Topup History/th_Login Account' is visible

2023-07-03 20:10:56 - [MESSAGE][PASSED] - Object 'Object Repository/Transaction/Topup History/th_Login Account' is visible

2023-07-03 20:10:56 - [TEST_STEP][PASSED] - verifyElementVisible(findTestObject("Transaction/Topup History/th_Bank Name")): Object 'Object Repository/Transaction/Topup History/th_Bank Name' is visible

2023-07-03 20:10:56 - [MESSAGE][PASSED] - Object 'Object Repository/Transaction/Topup History/th_Bank Name' is visible

2023-07-03 20:10:56 - [TEST_STEP][PASSED] - verifyElementVisible(findTestObject("Transaction/Topup History/th_Bank Info")): Object 'Object Repository/Transaction/Topup History/th_Bank Info' is visible

2023-07-03 20:10:56 - [MESSAGE][PASSED] - Object 'Object Repository/Transaction/Topup History/th_Bank Info' is visible

2023-07-03 20:10:56 - [TEST_STEP][PASSED] - verifyElementVisible(findTestObject("Transaction/Topup History/th_Currency")): Object 'Object Repository/Transaction/Topup History/th_Currency' is visible

2023-07-03 20:10:57 - [MESSAGE][PASSED] - Object 'Object Repository/Transaction/Topup History/th_Currency' is visible

2023-07-03 20:10:57 - [TEST_STEP][PASSED] - verifyElementVisible(findTestObject("Transaction/Topup History/th_Topup Amount")): Object 'Object Repository/Transaction/Topup History/th_Topup Amount' is visible

2023-07-03 20:10:57 - [MESSAGE][PASSED] - Object 'Object Repository/Transaction/Topup History/th_Topup Amount' is visible

2023-07-03 20:10:57 - [TEST_STEP][PASSED] - verifyElementVisible(findTestObject("Transaction/Topup History/th_Status")): Object 'Object Repository/Transaction/Topup History/th_Status' is visible

2023-07-03 20:10:57 - [MESSAGE][PASSED] - Object 'Object Repository/Transaction/Topup History/th_Status' is visible

2023-07-03 20:10:57 - [TEST_STEP][PASSED] - verifyElementVisible(findTestObject("Transaction/Topup History/th_Done By")): Object 'Object Repository/Transaction/Topup History/th_Done By' is visible

2023-07-03 20:10:58 - [MESSAGE][PASSED] - Object 'Object Repository/Transaction/Topup History/th_Done By' is visible

2023-07-03 20:10:58 - [TEST_STEP][PASSED] - verifyElementVisible(findTestObject("Transaction/Topup History/th_Receipt")): Object 'Object Repository/Transaction/Topup History/th_Receipt' is visible

2023-07-03 20:10:58 - [MESSAGE][PASSED] - Object 'Object Repository/Transaction/Topup History/th_Receipt' is visible

2023-07-03 20:10:58 - [TEST_STEP][PASSED] - verifyElementVisible(findTestObject("Transaction/Topup History/th_Transfer Type")): Object 'Object Repository/Transaction/Topup History/th_Transfer Type' is visible

2023-07-03 20:10:59 - [MESSAGE][PASSED] - Object 'Object Repository/Transaction/Topup History/th_Transfer Type' is visible

2023-07-03 20:10:59 - [TEST_STEP][PASSED] - verifyElementVisible(findTestObject("Transaction/Topup History/th_Remarks")): Object 'Object Repository/Transaction/Topup History/th_Remarks' is visible

2023-07-03 20:10:59 - [MESSAGE][PASSED] - Object 'Object Repository/Transaction/Topup History/th_Remarks' is visible

2023-07-03 20:10:59 - [TEST_STEP][PASSED] - verifyElementVisible(findTestObject("Transaction/Topup History/th_Action")): Object 'Object Repository/Transaction/Topup History/th_Action' is visible

2023-07-03 20:10:59 - [MESSAGE][PASSED] - Object 'Object Repository/Transaction/Topup History/th_Action' is visible

2023-07-03 20:10:59 - [TEST_STEP][PASSED] - verifyElementVisible(findTestObject("Transaction/Topup History/th_Shareholder")): Object 'Object Repository/Transaction/Topup History/th_Shareholder' is visible

2023-07-03 20:11:00 - [MESSAGE][PASSED] - Object 'Object Repository/Transaction/Topup History/th_Shareholder' is visible

2023-07-03 20:11:00 - [TEST_STEP][PASSED] - verifyElementVisible(findTestObject("Transaction/Topup History/th_Main")): Object 'Object Repository/Transaction/Topup History/th_Main' is visible

2023-07-03 20:11:00 - [MESSAGE][PASSED] - Object 'Object Repository/Transaction/Topup History/th_Main' is visible

2023-07-03 20:11:00 - [TEST_STEP][PASSED] - verifyElementVisible(findTestObject("Transaction/Topup History/th_Upline")): Object 'Object Repository/Transaction/Topup History/th_Upline' is visible

2023-07-03 20:11:01 - [MESSAGE][PASSED] - Object 'Object Repository/Transaction/Topup History/th_Upline' is visible

2023-07-03 20:11:01 - [TEST_STEP][PASSED] - verifyElementVisible(findTestObject("Transaction/Topup History/table_NoTopup")): Object 'Object Repository/Transaction/Topup History/table_NoTopup' is visible

2023-07-03 20:11:01 - [MESSAGE][PASSED] - Object 'Object Repository/Transaction/Topup History/table_NoTopup' is visible

2023-07-03 20:11:01 - [TEST_STEP][PASSED] - com.reusableComponent.HighlightElement.run(findTestObject("Transaction/Topup History/li_Previous")): com.reusableComponent.HighlightElement.run is PASSED

2023-07-03 20:11:02 - [MESSAGE][PASSED] - com.reusableComponent.HighlightElement.run is PASSED

2023-07-03 20:11:02 - [TEST_STEP][PASSED] - com.reusableComponent.HighlightElement.run(findTestObject("Transaction/Topup History/li_Next")): com.reusableComponent.HighlightElement.run is PASSED

2023-07-03 20:11:02 - [MESSAGE][PASSED] - com.reusableComponent.HighlightElement.run is PASSED

2023-07-03 20:11:02 - [TEST_STEP][PASSED] - verifyElementVisible(findTestObject("Transaction/Topup History/li_Previous")): Object 'Object Repository/Transaction/Topup History/li_Previous' is visible

2023-07-03 20:11:03 - [MESSAGE][PASSED] - Object 'Object Repository/Transaction/Topup History/li_Previous' is visible

2023-07-03 20:11:03 - [TEST_STEP][PASSED] - verifyElementVisible(findTestObject("Transaction/Topup History/li_Next")): Object 'Object Repository/Transaction/Topup History/li_Next' is visible

2023-07-03 20:11:03 - [MESSAGE][PASSED] - Object 'Object Repository/Transaction/Topup History/li_Next' is visible]]></system-out>
         <system-err><![CDATA[]]></system-err>
      </testcase>
      <testcase name="Test Cases/Transaction/Topup History RMB" time="32.781" classname="Test Cases/Transaction/Topup History RMB" status="PASSED">
         <system-out><![CDATA[2023-07-03 20:11:03 - [TEST_CASE][PASSED] - Test Cases/Transaction/Topup History RMB: Test Cases/Transaction/Topup History RMB

2023-07-03 20:11:04 - [TEST_STEP][PASSED] - com.reusableComponent.HighlightElement.run(findTestObject("Transaction/Page_Dashboard/span_Transaction")): com.reusableComponent.HighlightElement.run is PASSED

2023-07-03 20:11:04 - [MESSAGE][PASSED] - com.reusableComponent.HighlightElement.run is PASSED

2023-07-03 20:11:04 - [TEST_STEP][PASSED] - mouseOver(findTestObject("Transaction/Page_Dashboard/span_Transaction")): Object: 'Object Repository/Transaction/Page_Dashboard/span_Transaction' is hovered

2023-07-03 20:11:05 - [MESSAGE][PASSED] - Object: 'Object Repository/Transaction/Page_Dashboard/span_Transaction' is hovered

2023-07-03 20:11:05 - [TEST_STEP][PASSED] - com.reusableComponent.HighlightElement.run(findTestObject("Transaction/Page_Dashboard/span_Topup history")): com.reusableComponent.HighlightElement.run is PASSED

2023-07-03 20:11:05 - [MESSAGE][PASSED] - com.reusableComponent.HighlightElement.run is PASSED

2023-07-03 20:11:05 - [TEST_STEP][PASSED] - mouseOver(findTestObject("Transaction/Page_Dashboard/span_Topup history")): Object: 'Object Repository/Transaction/Page_Dashboard/span_Topup history' is hovered

2023-07-03 20:11:06 - [MESSAGE][PASSED] - Object: 'Object Repository/Transaction/Page_Dashboard/span_Topup history' is hovered

2023-07-03 20:11:06 - [TEST_STEP][PASSED] - mouseOver(findTestObject("Transaction/Topup History/span_RMB")): Object: 'Object Repository/Transaction/Topup History/span_RMB' is hovered

2023-07-03 20:11:06 - [MESSAGE][PASSED] - Object: 'Object Repository/Transaction/Topup History/span_RMB' is hovered

2023-07-03 20:11:06 - [TEST_STEP][PASSED] - com.reusableComponent.HighlightElement.run(findTestObject("Transaction/Topup History/span_RMB")): com.reusableComponent.HighlightElement.run is PASSED

2023-07-03 20:11:07 - [MESSAGE][PASSED] - com.reusableComponent.HighlightElement.run is PASSED

2023-07-03 20:11:07 - [TEST_STEP][PASSED] - click(findTestObject("Transaction/Topup History/span_RMB")): Object: 'Object Repository/Transaction/Topup History/span_RMB' is clicked on

2023-07-03 20:11:08 - [MESSAGE][PASSED] - Object: 'Object Repository/Transaction/Topup History/span_RMB' is clicked on

2023-07-03 20:11:08 - [TEST_STEP][PASSED] - com.reusableComponent.HighlightElement.run(findTestObject("Transaction/Topup History/h3_Member Topup History")): com.reusableComponent.HighlightElement.run is PASSED

2023-07-03 20:11:09 - [MESSAGE][PASSED] - com.reusableComponent.HighlightElement.run is PASSED

2023-07-03 20:11:09 - [TEST_STEP][PASSED] - com.reusableComponent.HighlightElement.run(findTestObject("Transaction/Topup History/input_Date Range_form-control date_range")): com.reusableComponent.HighlightElement.run is PASSED

2023-07-03 20:11:10 - [MESSAGE][PASSED] - com.reusableComponent.HighlightElement.run is PASSED

2023-07-03 20:11:10 - [TEST_STEP][PASSED] - com.reusableComponent.HighlightElement.run(findTestObject("Transaction/Topup History/select_Approve")): com.reusableComponent.HighlightElement.run is PASSED

2023-07-03 20:11:10 - [MESSAGE][PASSED] - com.reusableComponent.HighlightElement.run is PASSED

2023-07-03 20:11:10 - [TEST_STEP][PASSED] - com.reusableComponent.HighlightElement.run(findTestObject("Transaction/Topup History/button_Search")): com.reusableComponent.HighlightElement.run is PASSED

2023-07-03 20:11:11 - [MESSAGE][PASSED] - com.reusableComponent.HighlightElement.run is PASSED

2023-07-03 20:11:11 - [TEST_STEP][PASSED] - verifyElementVisible(findTestObject("Transaction/Topup History/h3_Member Topup History")): Object 'Object Repository/Transaction/Topup History/h3_Member Topup History' is visible

2023-07-03 20:11:11 - [MESSAGE][PASSED] - Object 'Object Repository/Transaction/Topup History/h3_Member Topup History' is visible

2023-07-03 20:11:11 - [TEST_STEP][PASSED] - verifyElementVisible(findTestObject("Transaction/Topup History/input_Date Range_form-control date_range")): Object 'Object Repository/Transaction/Topup History/input_Date Range_form-control date_range' is visible

2023-07-03 20:11:12 - [MESSAGE][PASSED] - Object 'Object Repository/Transaction/Topup History/input_Date Range_form-control date_range' is visible

2023-07-03 20:11:12 - [TEST_STEP][PASSED] - verifyElementVisible(findTestObject("Transaction/Topup History/select_Approve")): Object 'Object Repository/Transaction/Topup History/select_Approve' is visible

2023-07-03 20:11:12 - [MESSAGE][PASSED] - Object 'Object Repository/Transaction/Topup History/select_Approve' is visible

2023-07-03 20:11:12 - [TEST_STEP][PASSED] - verifyElementVisible(findTestObject("Transaction/Topup History/button_Search")): Object 'Object Repository/Transaction/Topup History/button_Search' is visible

2023-07-03 20:11:13 - [MESSAGE][PASSED] - Object 'Object Repository/Transaction/Topup History/button_Search' is visible

2023-07-03 20:11:13 - [TEST_STEP][PASSED] - com.reusableComponent.HighlightElement.run(findTestObject("Transaction/Topup History/select_1050100200All")): com.reusableComponent.HighlightElement.run is PASSED

2023-07-03 20:11:13 - [MESSAGE][PASSED] - com.reusableComponent.HighlightElement.run is PASSED

2023-07-03 20:11:13 - [TEST_STEP][PASSED] - com.reusableComponent.HighlightElement.run(findTestObject("Transaction/Topup History/span_Copy")): com.reusableComponent.HighlightElement.run is PASSED

2023-07-03 20:11:14 - [MESSAGE][PASSED] - com.reusableComponent.HighlightElement.run is PASSED

2023-07-03 20:11:14 - [TEST_STEP][PASSED] - com.reusableComponent.HighlightElement.run(findTestObject("Transaction/Topup History/span_CSV")): com.reusableComponent.HighlightElement.run is PASSED

2023-07-03 20:11:14 - [MESSAGE][PASSED] - com.reusableComponent.HighlightElement.run is PASSED

2023-07-03 20:11:14 - [TEST_STEP][PASSED] - com.reusableComponent.HighlightElement.run(findTestObject("Transaction/Topup History/span_Excel")): com.reusableComponent.HighlightElement.run is PASSED

2023-07-03 20:11:15 - [MESSAGE][PASSED] - com.reusableComponent.HighlightElement.run is PASSED

2023-07-03 20:11:15 - [TEST_STEP][PASSED] - com.reusableComponent.HighlightElement.run(findTestObject("Transaction/Topup History/span_PDF")): com.reusableComponent.HighlightElement.run is PASSED

2023-07-03 20:11:15 - [MESSAGE][PASSED] - com.reusableComponent.HighlightElement.run is PASSED

2023-07-03 20:11:15 - [TEST_STEP][PASSED] - com.reusableComponent.HighlightElement.run(findTestObject("Transaction/Topup History/input_Search_form-control form-control-sm")): com.reusableComponent.HighlightElement.run is PASSED

2023-07-03 20:11:16 - [MESSAGE][PASSED] - com.reusableComponent.HighlightElement.run is PASSED

2023-07-03 20:11:16 - [TEST_STEP][PASSED] - verifyElementVisible(findTestObject("Transaction/Topup History/select_1050100200All")): Object 'Object Repository/Transaction/Topup History/select_1050100200All' is visible

2023-07-03 20:11:16 - [MESSAGE][PASSED] - Object 'Object Repository/Transaction/Topup History/select_1050100200All' is visible

2023-07-03 20:11:16 - [TEST_STEP][PASSED] - verifyElementVisible(findTestObject("Transaction/Topup History/span_Copy")): Object 'Object Repository/Transaction/Topup History/span_Copy' is visible

2023-07-03 20:11:17 - [MESSAGE][PASSED] - Object 'Object Repository/Transaction/Topup History/span_Copy' is visible

2023-07-03 20:11:17 - [TEST_STEP][PASSED] - verifyElementVisible(findTestObject("Transaction/Topup History/span_CSV")): Object 'Object Repository/Transaction/Topup History/span_CSV' is visible

2023-07-03 20:11:17 - [MESSAGE][PASSED] - Object 'Object Repository/Transaction/Topup History/span_CSV' is visible

2023-07-03 20:11:17 - [TEST_STEP][PASSED] - verifyElementVisible(findTestObject("Transaction/Topup History/span_Excel")): Object 'Object Repository/Transaction/Topup History/span_Excel' is visible

2023-07-03 20:11:17 - [MESSAGE][PASSED] - Object 'Object Repository/Transaction/Topup History/span_Excel' is visible

2023-07-03 20:11:17 - [TEST_STEP][PASSED] - verifyElementVisible(findTestObject("Transaction/Topup History/span_PDF")): Object 'Object Repository/Transaction/Topup History/span_PDF' is visible

2023-07-03 20:11:18 - [MESSAGE][PASSED] - Object 'Object Repository/Transaction/Topup History/span_PDF' is visible

2023-07-03 20:11:18 - [TEST_STEP][PASSED] - verifyElementVisible(findTestObject("Transaction/Topup History/input_Search_form-control form-control-sm")): Object 'Object Repository/Transaction/Topup History/input_Search_form-control form-control-sm' is visible

2023-07-03 20:11:18 - [MESSAGE][PASSED] - Object 'Object Repository/Transaction/Topup History/input_Search_form-control form-control-sm' is visible

2023-07-03 20:11:18 - [TEST_STEP][PASSED] - com.reusableComponent.HighlightElement.run(findTestObject("Transaction/Topup History/th_No")): com.reusableComponent.HighlightElement.run is PASSED

2023-07-03 20:11:19 - [MESSAGE][PASSED] - com.reusableComponent.HighlightElement.run is PASSED

2023-07-03 20:11:19 - [TEST_STEP][PASSED] - com.reusableComponent.HighlightElement.run(findTestObject("Transaction/Topup History/th_Topup Datetime")): com.reusableComponent.HighlightElement.run is PASSED

2023-07-03 20:11:19 - [MESSAGE][PASSED] - com.reusableComponent.HighlightElement.run is PASSED

2023-07-03 20:11:19 - [TEST_STEP][PASSED] - com.reusableComponent.HighlightElement.run(findTestObject("Transaction/Topup History/th_Approved Datetime")): com.reusableComponent.HighlightElement.run is PASSED

2023-07-03 20:11:19 - [MESSAGE][PASSED] - com.reusableComponent.HighlightElement.run is PASSED

2023-07-03 20:11:19 - [TEST_STEP][PASSED] - com.reusableComponent.HighlightElement.run(findTestObject("Transaction/Topup History/th_Trade Code")): com.reusableComponent.HighlightElement.run is PASSED

2023-07-03 20:11:20 - [MESSAGE][PASSED] - com.reusableComponent.HighlightElement.run is PASSED

2023-07-03 20:11:20 - [TEST_STEP][PASSED] - com.reusableComponent.HighlightElement.run(findTestObject("Transaction/Topup History/th_Login Account")): com.reusableComponent.HighlightElement.run is PASSED

2023-07-03 20:11:20 - [MESSAGE][PASSED] - com.reusableComponent.HighlightElement.run is PASSED

2023-07-03 20:11:20 - [TEST_STEP][PASSED] - com.reusableComponent.HighlightElement.run(findTestObject("Transaction/Topup History/th_Bank Name")): com.reusableComponent.HighlightElement.run is PASSED

2023-07-03 20:11:21 - [MESSAGE][PASSED] - com.reusableComponent.HighlightElement.run is PASSED

2023-07-03 20:11:21 - [TEST_STEP][PASSED] - com.reusableComponent.HighlightElement.run(findTestObject("Transaction/Topup History/th_Bank Info")): com.reusableComponent.HighlightElement.run is PASSED

2023-07-03 20:11:21 - [MESSAGE][PASSED] - com.reusableComponent.HighlightElement.run is PASSED

2023-07-03 20:11:21 - [TEST_STEP][PASSED] - com.reusableComponent.HighlightElement.run(findTestObject("Transaction/Topup History/th_Currency")): com.reusableComponent.HighlightElement.run is PASSED

2023-07-03 20:11:22 - [MESSAGE][PASSED] - com.reusableComponent.HighlightElement.run is PASSED

2023-07-03 20:11:22 - [TEST_STEP][PASSED] - com.reusableComponent.HighlightElement.run(findTestObject("Transaction/Topup History/th_Topup Amount")): com.reusableComponent.HighlightElement.run is PASSED

2023-07-03 20:11:22 - [MESSAGE][PASSED] - com.reusableComponent.HighlightElement.run is PASSED

2023-07-03 20:11:22 - [TEST_STEP][PASSED] - com.reusableComponent.HighlightElement.run(findTestObject("Transaction/Topup History/th_Status")): com.reusableComponent.HighlightElement.run is PASSED

2023-07-03 20:11:23 - [MESSAGE][PASSED] - com.reusableComponent.HighlightElement.run is PASSED

2023-07-03 20:11:23 - [TEST_STEP][PASSED] - com.reusableComponent.HighlightElement.run(findTestObject("Transaction/Topup History/th_Done By")): com.reusableComponent.HighlightElement.run is PASSED

2023-07-03 20:11:23 - [MESSAGE][PASSED] - com.reusableComponent.HighlightElement.run is PASSED

2023-07-03 20:11:23 - [TEST_STEP][PASSED] - com.reusableComponent.HighlightElement.run(findTestObject("Transaction/Topup History/th_Receipt")): com.reusableComponent.HighlightElement.run is PASSED

2023-07-03 20:11:23 - [MESSAGE][PASSED] - com.reusableComponent.HighlightElement.run is PASSED

2023-07-03 20:11:23 - [TEST_STEP][PASSED] - com.reusableComponent.HighlightElement.run(findTestObject("Transaction/Topup History/th_Transfer Type")): com.reusableComponent.HighlightElement.run is PASSED

2023-07-03 20:11:24 - [MESSAGE][PASSED] - com.reusableComponent.HighlightElement.run is PASSED

2023-07-03 20:11:24 - [TEST_STEP][PASSED] - com.reusableComponent.HighlightElement.run(findTestObject("Transaction/Topup History/th_Remarks")): com.reusableComponent.HighlightElement.run is PASSED

2023-07-03 20:11:24 - [MESSAGE][PASSED] - com.reusableComponent.HighlightElement.run is PASSED

2023-07-03 20:11:24 - [TEST_STEP][PASSED] - com.reusableComponent.HighlightElement.run(findTestObject("Transaction/Topup History/th_Action")): com.reusableComponent.HighlightElement.run is PASSED

2023-07-03 20:11:25 - [MESSAGE][PASSED] - com.reusableComponent.HighlightElement.run is PASSED

2023-07-03 20:11:25 - [TEST_STEP][PASSED] - com.reusableComponent.HighlightElement.run(findTestObject("Transaction/Topup History/th_Shareholder")): com.reusableComponent.HighlightElement.run is PASSED

2023-07-03 20:11:25 - [MESSAGE][PASSED] - com.reusableComponent.HighlightElement.run is PASSED

2023-07-03 20:11:25 - [TEST_STEP][PASSED] - com.reusableComponent.HighlightElement.run(findTestObject("Transaction/Topup History/th_Main")): com.reusableComponent.HighlightElement.run is PASSED

2023-07-03 20:11:26 - [MESSAGE][PASSED] - com.reusableComponent.HighlightElement.run is PASSED

2023-07-03 20:11:26 - [TEST_STEP][PASSED] - com.reusableComponent.HighlightElement.run(findTestObject("Transaction/Topup History/th_Upline")): com.reusableComponent.HighlightElement.run is PASSED

2023-07-03 20:11:26 - [MESSAGE][PASSED] - com.reusableComponent.HighlightElement.run is PASSED

2023-07-03 20:11:26 - [TEST_STEP][PASSED] - com.reusableComponent.HighlightElement.run(findTestObject("Transaction/Topup History/table_NoTopup")): com.reusableComponent.HighlightElement.run is PASSED

2023-07-03 20:11:27 - [MESSAGE][PASSED] - com.reusableComponent.HighlightElement.run is PASSED

2023-07-03 20:11:27 - [TEST_STEP][PASSED] - verifyElementVisible(findTestObject("Transaction/Topup History/th_No")): Object 'Object Repository/Transaction/Topup History/th_No' is visible

2023-07-03 20:11:27 - [MESSAGE][PASSED] - Object 'Object Repository/Transaction/Topup History/th_No' is visible

2023-07-03 20:11:27 - [TEST_STEP][PASSED] - verifyElementVisible(findTestObject("Transaction/Topup History/th_Topup Datetime")): Object 'Object Repository/Transaction/Topup History/th_Topup Datetime' is visible

2023-07-03 20:11:27 - [MESSAGE][PASSED] - Object 'Object Repository/Transaction/Topup History/th_Topup Datetime' is visible

2023-07-03 20:11:27 - [TEST_STEP][PASSED] - verifyElementVisible(findTestObject("Transaction/Topup History/th_Approved Datetime")): Object 'Object Repository/Transaction/Topup History/th_Approved Datetime' is visible

2023-07-03 20:11:28 - [MESSAGE][PASSED] - Object 'Object Repository/Transaction/Topup History/th_Approved Datetime' is visible

2023-07-03 20:11:28 - [TEST_STEP][PASSED] - verifyElementVisible(findTestObject("Transaction/Topup History/th_Trade Code")): Object 'Object Repository/Transaction/Topup History/th_Trade Code' is visible

2023-07-03 20:11:28 - [MESSAGE][PASSED] - Object 'Object Repository/Transaction/Topup History/th_Trade Code' is visible

2023-07-03 20:11:28 - [TEST_STEP][PASSED] - verifyElementVisible(findTestObject("Transaction/Topup History/th_Login Account")): Object 'Object Repository/Transaction/Topup History/th_Login Account' is visible

2023-07-03 20:11:28 - [MESSAGE][PASSED] - Object 'Object Repository/Transaction/Topup History/th_Login Account' is visible

2023-07-03 20:11:28 - [TEST_STEP][PASSED] - verifyElementVisible(findTestObject("Transaction/Topup History/th_Bank Name")): Object 'Object Repository/Transaction/Topup History/th_Bank Name' is visible

2023-07-03 20:11:29 - [MESSAGE][PASSED] - Object 'Object Repository/Transaction/Topup History/th_Bank Name' is visible

2023-07-03 20:11:29 - [TEST_STEP][PASSED] - verifyElementVisible(findTestObject("Transaction/Topup History/th_Bank Info")): Object 'Object Repository/Transaction/Topup History/th_Bank Info' is visible

2023-07-03 20:11:29 - [MESSAGE][PASSED] - Object 'Object Repository/Transaction/Topup History/th_Bank Info' is visible

2023-07-03 20:11:29 - [TEST_STEP][PASSED] - verifyElementVisible(findTestObject("Transaction/Topup History/th_Currency")): Object 'Object Repository/Transaction/Topup History/th_Currency' is visible

2023-07-03 20:11:30 - [MESSAGE][PASSED] - Object 'Object Repository/Transaction/Topup History/th_Currency' is visible

2023-07-03 20:11:30 - [TEST_STEP][PASSED] - verifyElementVisible(findTestObject("Transaction/Topup History/th_Topup Amount")): Object 'Object Repository/Transaction/Topup History/th_Topup Amount' is visible

2023-07-03 20:11:30 - [MESSAGE][PASSED] - Object 'Object Repository/Transaction/Topup History/th_Topup Amount' is visible

2023-07-03 20:11:30 - [TEST_STEP][PASSED] - verifyElementVisible(findTestObject("Transaction/Topup History/th_Status")): Object 'Object Repository/Transaction/Topup History/th_Status' is visible

2023-07-03 20:11:30 - [MESSAGE][PASSED] - Object 'Object Repository/Transaction/Topup History/th_Status' is visible

2023-07-03 20:11:30 - [TEST_STEP][PASSED] - verifyElementVisible(findTestObject("Transaction/Topup History/th_Done By")): Object 'Object Repository/Transaction/Topup History/th_Done By' is visible

2023-07-03 20:11:31 - [MESSAGE][PASSED] - Object 'Object Repository/Transaction/Topup History/th_Done By' is visible

2023-07-03 20:11:31 - [TEST_STEP][PASSED] - verifyElementVisible(findTestObject("Transaction/Topup History/th_Receipt")): Object 'Object Repository/Transaction/Topup History/th_Receipt' is visible

2023-07-03 20:11:31 - [MESSAGE][PASSED] - Object 'Object Repository/Transaction/Topup History/th_Receipt' is visible

2023-07-03 20:11:31 - [TEST_STEP][PASSED] - verifyElementVisible(findTestObject("Transaction/Topup History/th_Transfer Type")): Object 'Object Repository/Transaction/Topup History/th_Transfer Type' is visible

2023-07-03 20:11:32 - [MESSAGE][PASSED] - Object 'Object Repository/Transaction/Topup History/th_Transfer Type' is visible

2023-07-03 20:11:32 - [TEST_STEP][PASSED] - verifyElementVisible(findTestObject("Transaction/Topup History/th_Remarks")): Object 'Object Repository/Transaction/Topup History/th_Remarks' is visible

2023-07-03 20:11:32 - [MESSAGE][PASSED] - Object 'Object Repository/Transaction/Topup History/th_Remarks' is visible

2023-07-03 20:11:32 - [TEST_STEP][PASSED] - verifyElementVisible(findTestObject("Transaction/Topup History/th_Action")): Object 'Object Repository/Transaction/Topup History/th_Action' is visible

2023-07-03 20:11:32 - [MESSAGE][PASSED] - Object 'Object Repository/Transaction/Topup History/th_Action' is visible

2023-07-03 20:11:32 - [TEST_STEP][PASSED] - verifyElementVisible(findTestObject("Transaction/Topup History/th_Shareholder")): Object 'Object Repository/Transaction/Topup History/th_Shareholder' is visible

2023-07-03 20:11:33 - [MESSAGE][PASSED] - Object 'Object Repository/Transaction/Topup History/th_Shareholder' is visible

2023-07-03 20:11:33 - [TEST_STEP][PASSED] - verifyElementVisible(findTestObject("Transaction/Topup History/th_Main")): Object 'Object Repository/Transaction/Topup History/th_Main' is visible

2023-07-03 20:11:33 - [MESSAGE][PASSED] - Object 'Object Repository/Transaction/Topup History/th_Main' is visible

2023-07-03 20:11:33 - [TEST_STEP][PASSED] - verifyElementVisible(findTestObject("Transaction/Topup History/th_Upline")): Object 'Object Repository/Transaction/Topup History/th_Upline' is visible

2023-07-03 20:11:34 - [MESSAGE][PASSED] - Object 'Object Repository/Transaction/Topup History/th_Upline' is visible

2023-07-03 20:11:34 - [TEST_STEP][PASSED] - verifyElementVisible(findTestObject("Transaction/Topup History/table_NoTopup")): Object 'Object Repository/Transaction/Topup History/table_NoTopup' is visible

2023-07-03 20:11:34 - [MESSAGE][PASSED] - Object 'Object Repository/Transaction/Topup History/table_NoTopup' is visible

2023-07-03 20:11:34 - [TEST_STEP][PASSED] - com.reusableComponent.HighlightElement.run(findTestObject("Transaction/Topup History/li_Previous")): com.reusableComponent.HighlightElement.run is PASSED

2023-07-03 20:11:34 - [MESSAGE][PASSED] - com.reusableComponent.HighlightElement.run is PASSED

2023-07-03 20:11:34 - [TEST_STEP][PASSED] - com.reusableComponent.HighlightElement.run(findTestObject("Transaction/Topup History/li_Next")): com.reusableComponent.HighlightElement.run is PASSED

2023-07-03 20:11:35 - [MESSAGE][PASSED] - com.reusableComponent.HighlightElement.run is PASSED

2023-07-03 20:11:35 - [TEST_STEP][PASSED] - verifyElementVisible(findTestObject("Transaction/Topup History/li_Previous")): Object 'Object Repository/Transaction/Topup History/li_Previous' is visible

2023-07-03 20:11:35 - [MESSAGE][PASSED] - Object 'Object Repository/Transaction/Topup History/li_Previous' is visible

2023-07-03 20:11:35 - [TEST_STEP][PASSED] - verifyElementVisible(findTestObject("Transaction/Topup History/li_Next")): Object 'Object Repository/Transaction/Topup History/li_Next' is visible

2023-07-03 20:11:36 - [MESSAGE][PASSED] - Object 'Object Repository/Transaction/Topup History/li_Next' is visible]]></system-out>
         <system-err><![CDATA[]]></system-err>
      </testcase>
      <testcase name="Test Cases/Transaction/Topup History USD" time="33.123" classname="Test Cases/Transaction/Topup History USD" status="PASSED">
         <system-out><![CDATA[2023-07-03 20:11:36 - [TEST_CASE][PASSED] - Test Cases/Transaction/Topup History USD: Test Cases/Transaction/Topup History USD

2023-07-03 20:11:36 - [TEST_STEP][PASSED] - com.reusableComponent.HighlightElement.run(findTestObject("Transaction/Page_Dashboard/span_Transaction")): com.reusableComponent.HighlightElement.run is PASSED

2023-07-03 20:11:37 - [MESSAGE][PASSED] - com.reusableComponent.HighlightElement.run is PASSED

2023-07-03 20:11:37 - [TEST_STEP][PASSED] - mouseOver(findTestObject("Transaction/Page_Dashboard/span_Transaction")): Object: 'Object Repository/Transaction/Page_Dashboard/span_Transaction' is hovered

2023-07-03 20:11:37 - [MESSAGE][PASSED] - Object: 'Object Repository/Transaction/Page_Dashboard/span_Transaction' is hovered

2023-07-03 20:11:37 - [TEST_STEP][PASSED] - com.reusableComponent.HighlightElement.run(findTestObject("Transaction/Page_Dashboard/span_Topup history")): com.reusableComponent.HighlightElement.run is PASSED

2023-07-03 20:11:38 - [MESSAGE][PASSED] - com.reusableComponent.HighlightElement.run is PASSED

2023-07-03 20:11:38 - [TEST_STEP][PASSED] - mouseOver(findTestObject("Transaction/Page_Dashboard/span_Topup history")): Object: 'Object Repository/Transaction/Page_Dashboard/span_Topup history' is hovered

2023-07-03 20:11:38 - [MESSAGE][PASSED] - Object: 'Object Repository/Transaction/Page_Dashboard/span_Topup history' is hovered

2023-07-03 20:11:38 - [TEST_STEP][PASSED] - mouseOver(findTestObject("Transaction/Topup History/span_USD")): Object: 'Object Repository/Transaction/Topup History/span_USD' is hovered

2023-07-03 20:11:39 - [MESSAGE][PASSED] - Object: 'Object Repository/Transaction/Topup History/span_USD' is hovered

2023-07-03 20:11:39 - [TEST_STEP][PASSED] - com.reusableComponent.HighlightElement.run(findTestObject("Transaction/Topup History/span_USD")): com.reusableComponent.HighlightElement.run is PASSED

2023-07-03 20:11:39 - [MESSAGE][PASSED] - com.reusableComponent.HighlightElement.run is PASSED

2023-07-03 20:11:39 - [TEST_STEP][PASSED] - click(findTestObject("Transaction/Topup History/span_USD")): Object: 'Object Repository/Transaction/Topup History/span_USD' is clicked on

2023-07-03 20:11:41 - [MESSAGE][PASSED] - Object: 'Object Repository/Transaction/Topup History/span_USD' is clicked on

2023-07-03 20:11:41 - [TEST_STEP][PASSED] - com.reusableComponent.HighlightElement.run(findTestObject("Transaction/Topup History/h3_Member Topup History")): com.reusableComponent.HighlightElement.run is PASSED

2023-07-03 20:11:43 - [MESSAGE][PASSED] - com.reusableComponent.HighlightElement.run is PASSED

2023-07-03 20:11:43 - [TEST_STEP][PASSED] - com.reusableComponent.HighlightElement.run(findTestObject("Transaction/Topup History/input_Date Range_form-control date_range")): com.reusableComponent.HighlightElement.run is PASSED

2023-07-03 20:11:43 - [MESSAGE][PASSED] - com.reusableComponent.HighlightElement.run is PASSED

2023-07-03 20:11:43 - [TEST_STEP][PASSED] - com.reusableComponent.HighlightElement.run(findTestObject("Transaction/Topup History/select_Approve")): com.reusableComponent.HighlightElement.run is PASSED

2023-07-03 20:11:44 - [MESSAGE][PASSED] - com.reusableComponent.HighlightElement.run is PASSED

2023-07-03 20:11:44 - [TEST_STEP][PASSED] - com.reusableComponent.HighlightElement.run(findTestObject("Transaction/Topup History/button_Search")): com.reusableComponent.HighlightElement.run is PASSED

2023-07-03 20:11:44 - [MESSAGE][PASSED] - com.reusableComponent.HighlightElement.run is PASSED

2023-07-03 20:11:44 - [TEST_STEP][PASSED] - verifyElementVisible(findTestObject("Transaction/Topup History/h3_Member Topup History")): Object 'Object Repository/Transaction/Topup History/h3_Member Topup History' is visible

2023-07-03 20:11:45 - [MESSAGE][PASSED] - Object 'Object Repository/Transaction/Topup History/h3_Member Topup History' is visible

2023-07-03 20:11:45 - [TEST_STEP][PASSED] - verifyElementVisible(findTestObject("Transaction/Topup History/input_Date Range_form-control date_range")): Object 'Object Repository/Transaction/Topup History/input_Date Range_form-control date_range' is visible

2023-07-03 20:11:45 - [MESSAGE][PASSED] - Object 'Object Repository/Transaction/Topup History/input_Date Range_form-control date_range' is visible

2023-07-03 20:11:45 - [TEST_STEP][PASSED] - verifyElementVisible(findTestObject("Transaction/Topup History/select_Approve")): Object 'Object Repository/Transaction/Topup History/select_Approve' is visible

2023-07-03 20:11:46 - [MESSAGE][PASSED] - Object 'Object Repository/Transaction/Topup History/select_Approve' is visible

2023-07-03 20:11:46 - [TEST_STEP][PASSED] - verifyElementVisible(findTestObject("Transaction/Topup History/button_Search")): Object 'Object Repository/Transaction/Topup History/button_Search' is visible

2023-07-03 20:11:46 - [MESSAGE][PASSED] - Object 'Object Repository/Transaction/Topup History/button_Search' is visible

2023-07-03 20:11:46 - [TEST_STEP][PASSED] - com.reusableComponent.HighlightElement.run(findTestObject("Transaction/Topup History/select_1050100200All")): com.reusableComponent.HighlightElement.run is PASSED

2023-07-03 20:11:46 - [MESSAGE][PASSED] - com.reusableComponent.HighlightElement.run is PASSED

2023-07-03 20:11:46 - [TEST_STEP][PASSED] - com.reusableComponent.HighlightElement.run(findTestObject("Transaction/Topup History/span_Copy")): com.reusableComponent.HighlightElement.run is PASSED

2023-07-03 20:11:47 - [MESSAGE][PASSED] - com.reusableComponent.HighlightElement.run is PASSED

2023-07-03 20:11:47 - [TEST_STEP][PASSED] - com.reusableComponent.HighlightElement.run(findTestObject("Transaction/Topup History/span_CSV")): com.reusableComponent.HighlightElement.run is PASSED

2023-07-03 20:11:47 - [MESSAGE][PASSED] - com.reusableComponent.HighlightElement.run is PASSED

2023-07-03 20:11:47 - [TEST_STEP][PASSED] - com.reusableComponent.HighlightElement.run(findTestObject("Transaction/Topup History/span_Excel")): com.reusableComponent.HighlightElement.run is PASSED

2023-07-03 20:11:48 - [MESSAGE][PASSED] - com.reusableComponent.HighlightElement.run is PASSED

2023-07-03 20:11:48 - [TEST_STEP][PASSED] - com.reusableComponent.HighlightElement.run(findTestObject("Transaction/Topup History/span_PDF")): com.reusableComponent.HighlightElement.run is PASSED

2023-07-03 20:11:48 - [MESSAGE][PASSED] - com.reusableComponent.HighlightElement.run is PASSED

2023-07-03 20:11:48 - [TEST_STEP][PASSED] - com.reusableComponent.HighlightElement.run(findTestObject("Transaction/Topup History/input_Search_form-control form-control-sm")): com.reusableComponent.HighlightElement.run is PASSED

2023-07-03 20:11:49 - [MESSAGE][PASSED] - com.reusableComponent.HighlightElement.run is PASSED

2023-07-03 20:11:49 - [TEST_STEP][PASSED] - verifyElementVisible(findTestObject("Transaction/Topup History/select_1050100200All")): Object 'Object Repository/Transaction/Topup History/select_1050100200All' is visible

2023-07-03 20:11:49 - [MESSAGE][PASSED] - Object 'Object Repository/Transaction/Topup History/select_1050100200All' is visible

2023-07-03 20:11:49 - [TEST_STEP][PASSED] - verifyElementVisible(findTestObject("Transaction/Topup History/span_Copy")): Object 'Object Repository/Transaction/Topup History/span_Copy' is visible

2023-07-03 20:11:50 - [MESSAGE][PASSED] - Object 'Object Repository/Transaction/Topup History/span_Copy' is visible

2023-07-03 20:11:50 - [TEST_STEP][PASSED] - verifyElementVisible(findTestObject("Transaction/Topup History/span_CSV")): Object 'Object Repository/Transaction/Topup History/span_CSV' is visible

2023-07-03 20:11:50 - [MESSAGE][PASSED] - Object 'Object Repository/Transaction/Topup History/span_CSV' is visible

2023-07-03 20:11:50 - [TEST_STEP][PASSED] - verifyElementVisible(findTestObject("Transaction/Topup History/span_Excel")): Object 'Object Repository/Transaction/Topup History/span_Excel' is visible

2023-07-03 20:11:50 - [MESSAGE][PASSED] - Object 'Object Repository/Transaction/Topup History/span_Excel' is visible

2023-07-03 20:11:50 - [TEST_STEP][PASSED] - verifyElementVisible(findTestObject("Transaction/Topup History/span_PDF")): Object 'Object Repository/Transaction/Topup History/span_PDF' is visible

2023-07-03 20:11:51 - [MESSAGE][PASSED] - Object 'Object Repository/Transaction/Topup History/span_PDF' is visible

2023-07-03 20:11:51 - [TEST_STEP][PASSED] - verifyElementVisible(findTestObject("Transaction/Topup History/input_Search_form-control form-control-sm")): Object 'Object Repository/Transaction/Topup History/input_Search_form-control form-control-sm' is visible

2023-07-03 20:11:51 - [MESSAGE][PASSED] - Object 'Object Repository/Transaction/Topup History/input_Search_form-control form-control-sm' is visible

2023-07-03 20:11:51 - [TEST_STEP][PASSED] - com.reusableComponent.HighlightElement.run(findTestObject("Transaction/Topup History/th_No")): com.reusableComponent.HighlightElement.run is PASSED

2023-07-03 20:11:52 - [MESSAGE][PASSED] - com.reusableComponent.HighlightElement.run is PASSED

2023-07-03 20:11:52 - [TEST_STEP][PASSED] - com.reusableComponent.HighlightElement.run(findTestObject("Transaction/Topup History/th_Topup Datetime")): com.reusableComponent.HighlightElement.run is PASSED

2023-07-03 20:11:52 - [MESSAGE][PASSED] - com.reusableComponent.HighlightElement.run is PASSED

2023-07-03 20:11:52 - [TEST_STEP][PASSED] - com.reusableComponent.HighlightElement.run(findTestObject("Transaction/Topup History/th_Approved Datetime")): com.reusableComponent.HighlightElement.run is PASSED

2023-07-03 20:11:53 - [MESSAGE][PASSED] - com.reusableComponent.HighlightElement.run is PASSED

2023-07-03 20:11:53 - [TEST_STEP][PASSED] - com.reusableComponent.HighlightElement.run(findTestObject("Transaction/Topup History/th_Trade Code")): com.reusableComponent.HighlightElement.run is PASSED

2023-07-03 20:11:53 - [MESSAGE][PASSED] - com.reusableComponent.HighlightElement.run is PASSED

2023-07-03 20:11:53 - [TEST_STEP][PASSED] - com.reusableComponent.HighlightElement.run(findTestObject("Transaction/Topup History/th_Login Account")): com.reusableComponent.HighlightElement.run is PASSED

2023-07-03 20:11:53 - [MESSAGE][PASSED] - com.reusableComponent.HighlightElement.run is PASSED

2023-07-03 20:11:53 - [TEST_STEP][PASSED] - com.reusableComponent.HighlightElement.run(findTestObject("Transaction/Topup History/th_Bank Name")): com.reusableComponent.HighlightElement.run is PASSED

2023-07-03 20:11:54 - [MESSAGE][PASSED] - com.reusableComponent.HighlightElement.run is PASSED

2023-07-03 20:11:54 - [TEST_STEP][PASSED] - com.reusableComponent.HighlightElement.run(findTestObject("Transaction/Topup History/th_Bank Info")): com.reusableComponent.HighlightElement.run is PASSED

2023-07-03 20:11:54 - [MESSAGE][PASSED] - com.reusableComponent.HighlightElement.run is PASSED

2023-07-03 20:11:54 - [TEST_STEP][PASSED] - com.reusableComponent.HighlightElement.run(findTestObject("Transaction/Topup History/th_Currency")): com.reusableComponent.HighlightElement.run is PASSED

2023-07-03 20:11:55 - [MESSAGE][PASSED] - com.reusableComponent.HighlightElement.run is PASSED

2023-07-03 20:11:55 - [TEST_STEP][PASSED] - com.reusableComponent.HighlightElement.run(findTestObject("Transaction/Topup History/th_Topup Amount")): com.reusableComponent.HighlightElement.run is PASSED

2023-07-03 20:11:55 - [MESSAGE][PASSED] - com.reusableComponent.HighlightElement.run is PASSED

2023-07-03 20:11:55 - [TEST_STEP][PASSED] - com.reusableComponent.HighlightElement.run(findTestObject("Transaction/Topup History/th_Status")): com.reusableComponent.HighlightElement.run is PASSED

2023-07-03 20:11:56 - [MESSAGE][PASSED] - com.reusableComponent.HighlightElement.run is PASSED

2023-07-03 20:11:56 - [TEST_STEP][PASSED] - com.reusableComponent.HighlightElement.run(findTestObject("Transaction/Topup History/th_Done By")): com.reusableComponent.HighlightElement.run is PASSED

2023-07-03 20:11:56 - [MESSAGE][PASSED] - com.reusableComponent.HighlightElement.run is PASSED

2023-07-03 20:11:56 - [TEST_STEP][PASSED] - com.reusableComponent.HighlightElement.run(findTestObject("Transaction/Topup History/th_Receipt")): com.reusableComponent.HighlightElement.run is PASSED

2023-07-03 20:11:56 - [MESSAGE][PASSED] - com.reusableComponent.HighlightElement.run is PASSED

2023-07-03 20:11:56 - [TEST_STEP][PASSED] - com.reusableComponent.HighlightElement.run(findTestObject("Transaction/Topup History/th_Transfer Type")): com.reusableComponent.HighlightElement.run is PASSED

2023-07-03 20:11:57 - [MESSAGE][PASSED] - com.reusableComponent.HighlightElement.run is PASSED

2023-07-03 20:11:57 - [TEST_STEP][PASSED] - com.reusableComponent.HighlightElement.run(findTestObject("Transaction/Topup History/th_Remarks")): com.reusableComponent.HighlightElement.run is PASSED

2023-07-03 20:11:57 - [MESSAGE][PASSED] - com.reusableComponent.HighlightElement.run is PASSED

2023-07-03 20:11:57 - [TEST_STEP][PASSED] - com.reusableComponent.HighlightElement.run(findTestObject("Transaction/Topup History/th_Action")): com.reusableComponent.HighlightElement.run is PASSED

2023-07-03 20:11:58 - [MESSAGE][PASSED] - com.reusableComponent.HighlightElement.run is PASSED

2023-07-03 20:11:58 - [TEST_STEP][PASSED] - com.reusableComponent.HighlightElement.run(findTestObject("Transaction/Topup History/th_Shareholder")): com.reusableComponent.HighlightElement.run is PASSED

2023-07-03 20:11:58 - [MESSAGE][PASSED] - com.reusableComponent.HighlightElement.run is PASSED

2023-07-03 20:11:58 - [TEST_STEP][PASSED] - com.reusableComponent.HighlightElement.run(findTestObject("Transaction/Topup History/th_Main")): com.reusableComponent.HighlightElement.run is PASSED

2023-07-03 20:11:59 - [MESSAGE][PASSED] - com.reusableComponent.HighlightElement.run is PASSED

2023-07-03 20:11:59 - [TEST_STEP][PASSED] - com.reusableComponent.HighlightElement.run(findTestObject("Transaction/Topup History/th_Upline")): com.reusableComponent.HighlightElement.run is PASSED

2023-07-03 20:11:59 - [MESSAGE][PASSED] - com.reusableComponent.HighlightElement.run is PASSED

2023-07-03 20:11:59 - [TEST_STEP][PASSED] - com.reusableComponent.HighlightElement.run(findTestObject("Transaction/Topup History/table_NoTopup")): com.reusableComponent.HighlightElement.run is PASSED

2023-07-03 20:11:59 - [MESSAGE][PASSED] - com.reusableComponent.HighlightElement.run is PASSED

2023-07-03 20:11:59 - [TEST_STEP][PASSED] - verifyElementVisible(findTestObject("Transaction/Topup History/th_No")): Object 'Object Repository/Transaction/Topup History/th_No' is visible

2023-07-03 20:12:00 - [MESSAGE][PASSED] - Object 'Object Repository/Transaction/Topup History/th_No' is visible

2023-07-03 20:12:00 - [TEST_STEP][PASSED] - verifyElementVisible(findTestObject("Transaction/Topup History/th_Topup Datetime")): Object 'Object Repository/Transaction/Topup History/th_Topup Datetime' is visible

2023-07-03 20:12:00 - [MESSAGE][PASSED] - Object 'Object Repository/Transaction/Topup History/th_Topup Datetime' is visible

2023-07-03 20:12:00 - [TEST_STEP][PASSED] - verifyElementVisible(findTestObject("Transaction/Topup History/th_Approved Datetime")): Object 'Object Repository/Transaction/Topup History/th_Approved Datetime' is visible

2023-07-03 20:12:01 - [MESSAGE][PASSED] - Object 'Object Repository/Transaction/Topup History/th_Approved Datetime' is visible

2023-07-03 20:12:01 - [TEST_STEP][PASSED] - verifyElementVisible(findTestObject("Transaction/Topup History/th_Trade Code")): Object 'Object Repository/Transaction/Topup History/th_Trade Code' is visible

2023-07-03 20:12:01 - [MESSAGE][PASSED] - Object 'Object Repository/Transaction/Topup History/th_Trade Code' is visible

2023-07-03 20:12:01 - [TEST_STEP][PASSED] - verifyElementVisible(findTestObject("Transaction/Topup History/th_Login Account")): Object 'Object Repository/Transaction/Topup History/th_Login Account' is visible

2023-07-03 20:12:02 - [MESSAGE][PASSED] - Object 'Object Repository/Transaction/Topup History/th_Login Account' is visible

2023-07-03 20:12:02 - [TEST_STEP][PASSED] - verifyElementVisible(findTestObject("Transaction/Topup History/th_Bank Name")): Object 'Object Repository/Transaction/Topup History/th_Bank Name' is visible

2023-07-03 20:12:02 - [MESSAGE][PASSED] - Object 'Object Repository/Transaction/Topup History/th_Bank Name' is visible

2023-07-03 20:12:02 - [TEST_STEP][PASSED] - verifyElementVisible(findTestObject("Transaction/Topup History/th_Bank Info")): Object 'Object Repository/Transaction/Topup History/th_Bank Info' is visible

2023-07-03 20:12:02 - [MESSAGE][PASSED] - Object 'Object Repository/Transaction/Topup History/th_Bank Info' is visible

2023-07-03 20:12:02 - [TEST_STEP][PASSED] - verifyElementVisible(findTestObject("Transaction/Topup History/th_Currency")): Object 'Object Repository/Transaction/Topup History/th_Currency' is visible

2023-07-03 20:12:03 - [MESSAGE][PASSED] - Object 'Object Repository/Transaction/Topup History/th_Currency' is visible

2023-07-03 20:12:03 - [TEST_STEP][PASSED] - verifyElementVisible(findTestObject("Transaction/Topup History/th_Topup Amount")): Object 'Object Repository/Transaction/Topup History/th_Topup Amount' is visible

2023-07-03 20:12:03 - [MESSAGE][PASSED] - Object 'Object Repository/Transaction/Topup History/th_Topup Amount' is visible

2023-07-03 20:12:03 - [TEST_STEP][PASSED] - verifyElementVisible(findTestObject("Transaction/Topup History/th_Status")): Object 'Object Repository/Transaction/Topup History/th_Status' is visible

2023-07-03 20:12:03 - [MESSAGE][PASSED] - Object 'Object Repository/Transaction/Topup History/th_Status' is visible

2023-07-03 20:12:03 - [TEST_STEP][PASSED] - verifyElementVisible(findTestObject("Transaction/Topup History/th_Done By")): Object 'Object Repository/Transaction/Topup History/th_Done By' is visible

2023-07-03 20:12:04 - [MESSAGE][PASSED] - Object 'Object Repository/Transaction/Topup History/th_Done By' is visible

2023-07-03 20:12:04 - [TEST_STEP][PASSED] - verifyElementVisible(findTestObject("Transaction/Topup History/th_Receipt")): Object 'Object Repository/Transaction/Topup History/th_Receipt' is visible

2023-07-03 20:12:04 - [MESSAGE][PASSED] - Object 'Object Repository/Transaction/Topup History/th_Receipt' is visible

2023-07-03 20:12:04 - [TEST_STEP][PASSED] - verifyElementVisible(findTestObject("Transaction/Topup History/th_Transfer Type")): Object 'Object Repository/Transaction/Topup History/th_Transfer Type' is visible

2023-07-03 20:12:05 - [MESSAGE][PASSED] - Object 'Object Repository/Transaction/Topup History/th_Transfer Type' is visible

2023-07-03 20:12:05 - [TEST_STEP][PASSED] - verifyElementVisible(findTestObject("Transaction/Topup History/th_Remarks")): Object 'Object Repository/Transaction/Topup History/th_Remarks' is visible

2023-07-03 20:12:05 - [MESSAGE][PASSED] - Object 'Object Repository/Transaction/Topup History/th_Remarks' is visible

2023-07-03 20:12:05 - [TEST_STEP][PASSED] - verifyElementVisible(findTestObject("Transaction/Topup History/th_Action")): Object 'Object Repository/Transaction/Topup History/th_Action' is visible

2023-07-03 20:12:05 - [MESSAGE][PASSED] - Object 'Object Repository/Transaction/Topup History/th_Action' is visible

2023-07-03 20:12:05 - [TEST_STEP][PASSED] - verifyElementVisible(findTestObject("Transaction/Topup History/th_Shareholder")): Object 'Object Repository/Transaction/Topup History/th_Shareholder' is visible

2023-07-03 20:12:06 - [MESSAGE][PASSED] - Object 'Object Repository/Transaction/Topup History/th_Shareholder' is visible

2023-07-03 20:12:06 - [TEST_STEP][PASSED] - verifyElementVisible(findTestObject("Transaction/Topup History/th_Main")): Object 'Object Repository/Transaction/Topup History/th_Main' is visible

2023-07-03 20:12:06 - [MESSAGE][PASSED] - Object 'Object Repository/Transaction/Topup History/th_Main' is visible

2023-07-03 20:12:06 - [TEST_STEP][PASSED] - verifyElementVisible(findTestObject("Transaction/Topup History/th_Upline")): Object 'Object Repository/Transaction/Topup History/th_Upline' is visible

2023-07-03 20:12:07 - [MESSAGE][PASSED] - Object 'Object Repository/Transaction/Topup History/th_Upline' is visible

2023-07-03 20:12:07 - [TEST_STEP][PASSED] - verifyElementVisible(findTestObject("Transaction/Topup History/table_NoTopup")): Object 'Object Repository/Transaction/Topup History/table_NoTopup' is visible

2023-07-03 20:12:07 - [MESSAGE][PASSED] - Object 'Object Repository/Transaction/Topup History/table_NoTopup' is visible

2023-07-03 20:12:07 - [TEST_STEP][PASSED] - com.reusableComponent.HighlightElement.run(findTestObject("Transaction/Topup History/li_Previous")): com.reusableComponent.HighlightElement.run is PASSED

2023-07-03 20:12:07 - [MESSAGE][PASSED] - com.reusableComponent.HighlightElement.run is PASSED

2023-07-03 20:12:07 - [TEST_STEP][PASSED] - com.reusableComponent.HighlightElement.run(findTestObject("Transaction/Topup History/li_Next")): com.reusableComponent.HighlightElement.run is PASSED

2023-07-03 20:12:08 - [MESSAGE][PASSED] - com.reusableComponent.HighlightElement.run is PASSED

2023-07-03 20:12:08 - [TEST_STEP][PASSED] - verifyElementVisible(findTestObject("Transaction/Topup History/li_Previous")): Object 'Object Repository/Transaction/Topup History/li_Previous' is visible

2023-07-03 20:12:09 - [MESSAGE][PASSED] - Object 'Object Repository/Transaction/Topup History/li_Previous' is visible

2023-07-03 20:12:09 - [TEST_STEP][PASSED] - verifyElementVisible(findTestObject("Transaction/Topup History/li_Next")): Object 'Object Repository/Transaction/Topup History/li_Next' is visible

2023-07-03 20:12:09 - [MESSAGE][PASSED] - Object 'Object Repository/Transaction/Topup History/li_Next' is visible]]></system-out>
         <system-err><![CDATA[]]></system-err>
      </testcase>
      <system-out><![CDATA[2023-07-03 20:08:53 - [TEST_SUITE][PASSED] - Smoke: Test Cases/Transaction/Topup History USD]]></system-out>
      <system-err><![CDATA[]]></system-err>
   </testsuite>
</testsuites>
