<?xml version="1.0" encoding="UTF-8"?>
<testsuites name="Smoke" time="41.925" tests="3" failures="0" errors="0">
   <testsuite name="Smoke" tests="3" failures="0" errors="0" time="41.925" skipped="0" timestamp="2023-06-13 13:48:25" hostname="hmacagba - PHPF1FXV0U.CSCMWS.CSCMWS.COM" id="Test Suites/Smoke">
      <properties>
         <property name="deviceName" value=""/>
         <property name="devicePlatform" value=""/>
         <property name="logFolder" value="C:\\Users\\hmacagba\\git\\AutomatedScripts\\Reports\\20230613_134813\\Smoke\\20230613_134813"/>
         <property name="logFiles" value="C:\\Users\\hmacagba\\git\\AutomatedScripts\\Reports\\20230613_134813\\Smoke\\20230613_134813\\execution0.log"/>
         <property name="attachments" value=""/>
         <property name="hostName" value="hmacagba - PHPF1FXV0U.CSCMWS.CSCMWS.COM"/>
         <property name="os" value="Windows 10 64bit"/>
         <property name="katalonVersion" value="8.6.5.208"/>
         <property name="browser" value="Chrome 114.0.0.0"/>
         <property name="hostAddress" value="192.168.100.24"/>
         <property name="sessionId" value="b1fdc603e3704ba4a119079395b8a54b"/>
         <property name="seleniumVersion" value="3.141.59"/>
         <property name="proxyInformation" value="ProxyInformation { proxyOption=NO_PROXY, proxyServerType=HTTP, username=, password=********, proxyServerAddress=, proxyServerPort=0, executionList=&quot;&quot;, isApplyToDesiredCapabilities=true }"/>
         <property name="platform" value="Windows 10"/>
      </properties>
      <testcase name="Test Cases/Sub Admin/List" time="31.141" classname="Test Cases/Sub Admin/List" status="PASSED">
         <system-out><![CDATA[2023-06-13 13:48:26 - [TEST_CASE][PASSED] - Test Cases/Sub Admin/List: Test Cases/Sub Admin/List

2023-06-13 13:48:27 - [TEST_STEP][PASSED] - callTestCase(findTestCase("Login Admin"), [:], STOP_ON_FAILURE): Call Test Case 'Test Cases/Login Admin' successfully

2023-06-13 13:48:27 - [TEST_CASE][PASSED] - Test Cases/Login Admin: Test Cases/Login Admin

2023-06-13 13:48:27 - [TEST_STEP][PASSED] - openBrowser(""): Browser is opened with url: ''

2023-06-13 13:48:28 - [MESSAGE][INFO] - Starting 'Chrome' driver

2023-06-13 13:48:28 - [MESSAGE][INFO] - Action delay is set to 0 milliseconds

2023-06-13 13:48:33 - [MESSAGE][PASSED] - Browser is opened with url: ''

2023-06-13 13:48:33 - [TEST_STEP][PASSED] - maximizeWindow(): Current window maximized

2023-06-13 13:48:33 - [MESSAGE][PASSED] - Current window maximized

2023-06-13 13:48:33 - [TEST_STEP][PASSED] - navigateToUrl(URL): Navigate to 'http://admin.lkydev.site' successfully

2023-06-13 13:48:38 - [MESSAGE][PASSED] - Navigate to 'http://admin.lkydev.site' successfully

2023-06-13 13:48:38 - [TEST_STEP][PASSED] - verifyElementText(findTestObject("Object Repository/Login/Page_SUNCITY - Login/h3_Sign In To Admin System"), "Sign In To Admin System"): Actual text and expected text of test object 'Object Repository/Login/Page_SUNCITY - Login/h3_Sign In To Admin System' are matched.

2023-06-13 13:48:39 - [MESSAGE][PASSED] - Actual text and expected text of test object 'Object Repository/Login/Page_SUNCITY - Login/h3_Sign In To Admin System' are matched.

2023-06-13 13:48:39 - [TEST_STEP][PASSED] - com.reusableComponent.HighlightElement.run(findTestObject("Login/Page_SUNCITY - Login/h3_Sign In To Admin System")): com.reusableComponent.HighlightElement.run is PASSED

2023-06-13 13:48:40 - [MESSAGE][PASSED] - com.reusableComponent.HighlightElement.run is PASSED

2023-06-13 13:48:40 - [TEST_STEP][PASSED] - com.reusableComponent.HighlightElement.run(findTestObject("Login/Page_SUNCITY - Login/input_Sign In To Admin System_username")): com.reusableComponent.HighlightElement.run is PASSED

2023-06-13 13:48:41 - [MESSAGE][PASSED] - com.reusableComponent.HighlightElement.run is PASSED

2023-06-13 13:48:41 - [TEST_STEP][PASSED] - com.reusableComponent.HighlightElement.run(findTestObject("Login/Page_SUNCITY - Login/input_Sign In To Admin System_password")): com.reusableComponent.HighlightElement.run is PASSED

2023-06-13 13:48:41 - [MESSAGE][PASSED] - com.reusableComponent.HighlightElement.run is PASSED

2023-06-13 13:48:41 - [TEST_STEP][PASSED] - setText(findTestObject("Object Repository/Login/Page_SUNCITY - Login/input_Sign In To Admin System_username"), Username): Text 'devbot' is set on object 'Object Repository/Login/Page_SUNCITY - Login/input_Sign In To Admin System_username'

2023-06-13 13:48:42 - [MESSAGE][PASSED] - Text 'devbot' is set on object 'Object Repository/Login/Page_SUNCITY - Login/input_Sign In To Admin System_username'

2023-06-13 13:48:42 - [TEST_STEP][PASSED] - setText(findTestObject("Object Repository/Login/Page_SUNCITY - Login/input_Sign In To Admin System_password"), Password): Text '77889900' is set on object 'Object Repository/Login/Page_SUNCITY - Login/input_Sign In To Admin System_password'

2023-06-13 13:48:43 - [MESSAGE][PASSED] - Text '77889900' is set on object 'Object Repository/Login/Page_SUNCITY - Login/input_Sign In To Admin System_password'

2023-06-13 13:48:43 - [TEST_STEP][PASSED] - com.reusableComponent.HighlightElement.run(findTestObject("Login/Page_SUNCITY - Login/button_Next")): com.reusableComponent.HighlightElement.run is PASSED

2023-06-13 13:48:43 - [MESSAGE][PASSED] - com.reusableComponent.HighlightElement.run is PASSED

2023-06-13 13:48:43 - [TEST_STEP][PASSED] - click(findTestObject("Object Repository/Login/Page_SUNCITY - Login/button_Next")): Object: 'Object Repository/Login/Page_SUNCITY - Login/button_Next' is clicked on

2023-06-13 13:48:44 - [MESSAGE][PASSED] - Object: 'Object Repository/Login/Page_SUNCITY - Login/button_Next' is clicked on

2023-06-13 13:48:44 - [TEST_STEP][PASSED] - com.reusableComponent.HighlightElement.run(findTestObject("Login/Page_SUNCITY - Login/input_Next_verificationCode")): com.reusableComponent.HighlightElement.run is PASSED

2023-06-13 13:48:45 - [MESSAGE][PASSED] - com.reusableComponent.HighlightElement.run is PASSED

2023-06-13 13:48:45 - [TEST_STEP][PASSED] - setText(findTestObject("Object Repository/Login/Page_SUNCITY - Login/input_Next_verificationCode"), VerificationCode): Text '778899' is set on object 'Object Repository/Login/Page_SUNCITY - Login/input_Next_verificationCode'

2023-06-13 13:48:46 - [MESSAGE][PASSED] - Text '778899' is set on object 'Object Repository/Login/Page_SUNCITY - Login/input_Next_verificationCode'

2023-06-13 13:48:46 - [TEST_STEP][PASSED] - com.reusableComponent.HighlightElement.run(findTestObject("Login/Page_SUNCITY - Login/button_Sign In")): com.reusableComponent.HighlightElement.run is PASSED

2023-06-13 13:48:46 - [MESSAGE][PASSED] - com.reusableComponent.HighlightElement.run is PASSED

2023-06-13 13:48:46 - [TEST_STEP][PASSED] - click(findTestObject("Object Repository/Login/Page_SUNCITY - Login/button_Sign In")): Object: 'Object Repository/Login/Page_SUNCITY - Login/button_Sign In' is clicked on

2023-06-13 13:48:47 - [MESSAGE][PASSED] - Object: 'Object Repository/Login/Page_SUNCITY - Login/button_Sign In' is clicked on

2023-06-13 13:48:47 - [TEST_STEP][PASSED] - com.reusableComponent.HighlightElement.run(findTestObject("Login/Page_Dashboard/h2_Login Success")): com.reusableComponent.HighlightElement.run is PASSED

2023-06-13 13:48:50 - [MESSAGE][PASSED] - com.reusableComponent.HighlightElement.run is PASSED

2023-06-13 13:48:50 - [TEST_STEP][PASSED] - click(findTestObject("Object Repository/Login/Page_Dashboard/h2_Login Success")): Object: 'Object Repository/Login/Page_Dashboard/h2_Login Success' is clicked on

2023-06-13 13:48:51 - [MESSAGE][PASSED] - Object: 'Object Repository/Login/Page_Dashboard/h2_Login Success' is clicked on

2023-06-13 13:48:51 - [TEST_STEP][PASSED] - com.reusableComponent.HighlightElement.run(findTestObject("Login/Page_Dashboard/button_OK")): com.reusableComponent.HighlightElement.run is PASSED

2023-06-13 13:48:51 - [MESSAGE][PASSED] - com.reusableComponent.HighlightElement.run is PASSED

2023-06-13 13:48:51 - [TEST_STEP][PASSED] - click(findTestObject("Object Repository/Login/Page_Dashboard/button_OK")): Object: 'Object Repository/Login/Page_Dashboard/button_OK' is clicked on

2023-06-13 13:48:52 - [MESSAGE][PASSED] - Object: 'Object Repository/Login/Page_Dashboard/button_OK' is clicked on

2023-06-13 13:48:52 - [MESSAGE][PASSED] - Call Test Case 'Test Cases/Login Admin' successfully

2023-06-13 13:48:52 - [TEST_STEP][PASSED] - com.reusableComponent.HighlightElement.run(findTestObject("Sub Admin/Page_Dashboard/span_Sub-Admin")): com.reusableComponent.HighlightElement.run is PASSED

2023-06-13 13:48:52 - [MESSAGE][PASSED] - com.reusableComponent.HighlightElement.run is PASSED

2023-06-13 13:48:52 - [TEST_STEP][PASSED] - mouseOver(findTestObject("Sub Admin/Page_Dashboard/span_Sub-Admin")): Object: 'Object Repository/Sub Admin/Page_Dashboard/span_Sub-Admin' is hovered

2023-06-13 13:48:53 - [MESSAGE][PASSED] - Object: 'Object Repository/Sub Admin/Page_Dashboard/span_Sub-Admin' is hovered

2023-06-13 13:48:53 - [TEST_STEP][PASSED] - com.reusableComponent.HighlightElement.run(findTestObject("Sub Admin/Page_Dashboard/span_List")): com.reusableComponent.HighlightElement.run is PASSED

2023-06-13 13:48:54 - [MESSAGE][PASSED] - com.reusableComponent.HighlightElement.run is PASSED

2023-06-13 13:48:54 - [TEST_STEP][PASSED] - mouseOver(findTestObject("Sub Admin/Page_Dashboard/span_List")): Object: 'Object Repository/Sub Admin/Page_Dashboard/span_List' is hovered

2023-06-13 13:48:54 - [MESSAGE][PASSED] - Object: 'Object Repository/Sub Admin/Page_Dashboard/span_List' is hovered

2023-06-13 13:48:54 - [TEST_STEP][PASSED] - com.reusableComponent.HighlightElement.run(findTestObject("Sub Admin/Page_Dashboard/span_List")): com.reusableComponent.HighlightElement.run is PASSED

2023-06-13 13:48:55 - [MESSAGE][PASSED] - com.reusableComponent.HighlightElement.run is PASSED

2023-06-13 13:48:55 - [TEST_STEP][PASSED] - click(findTestObject("Sub Admin/Page_Dashboard/span_List")): Object: 'Object Repository/Sub Admin/Page_Dashboard/span_List' is clicked on

2023-06-13 13:48:57 - [MESSAGE][PASSED] - Object: 'Object Repository/Sub Admin/Page_Dashboard/span_List' is clicked on]]></system-out>
         <system-err><![CDATA[]]></system-err>
      </testcase>
      <testcase name="Test Cases/Sub Admin/Create" time="5.485" classname="Test Cases/Sub Admin/Create" status="PASSED">
         <system-out><![CDATA[2023-06-13 13:48:57 - [TEST_CASE][PASSED] - Test Cases/Sub Admin/Create: Test Cases/Sub Admin/Create

2023-06-13 13:48:58 - [TEST_STEP][PASSED] - com.reusableComponent.HighlightElement.run(findTestObject("Sub Admin/Page_Dashboard/span_Sub-Admin")): com.reusableComponent.HighlightElement.run is PASSED

2023-06-13 13:48:58 - [MESSAGE][PASSED] - com.reusableComponent.HighlightElement.run is PASSED

2023-06-13 13:48:58 - [TEST_STEP][PASSED] - mouseOver(findTestObject("Sub Admin/Page_Dashboard/span_Sub-Admin")): Object: 'Object Repository/Sub Admin/Page_Dashboard/span_Sub-Admin' is hovered

2023-06-13 13:48:59 - [MESSAGE][PASSED] - Object: 'Object Repository/Sub Admin/Page_Dashboard/span_Sub-Admin' is hovered

2023-06-13 13:48:59 - [TEST_STEP][PASSED] - com.reusableComponent.HighlightElement.run(findTestObject("Sub Admin/Page_Dashboard/span_Create")): com.reusableComponent.HighlightElement.run is PASSED

2023-06-13 13:48:59 - [MESSAGE][PASSED] - com.reusableComponent.HighlightElement.run is PASSED

2023-06-13 13:48:59 - [TEST_STEP][PASSED] - mouseOver(findTestObject("Sub Admin/Page_Dashboard/span_Create")): Object: 'Object Repository/Sub Admin/Page_Dashboard/span_Create' is hovered

2023-06-13 13:49:00 - [MESSAGE][PASSED] - Object: 'Object Repository/Sub Admin/Page_Dashboard/span_Create' is hovered

2023-06-13 13:49:00 - [TEST_STEP][PASSED] - com.reusableComponent.HighlightElement.run(findTestObject("Sub Admin/Page_Dashboard/span_Create")): com.reusableComponent.HighlightElement.run is PASSED

2023-06-13 13:49:00 - [MESSAGE][PASSED] - com.reusableComponent.HighlightElement.run is PASSED

2023-06-13 13:49:00 - [TEST_STEP][PASSED] - click(findTestObject("Sub Admin/Page_Dashboard/span_Create")): Object: 'Object Repository/Sub Admin/Page_Dashboard/span_Create' is clicked on

2023-06-13 13:49:02 - [MESSAGE][PASSED] - Object: 'Object Repository/Sub Admin/Page_Dashboard/span_Create' is clicked on]]></system-out>
         <system-err><![CDATA[]]></system-err>
      </testcase>
      <testcase name="Test Cases/Sub Admin/Duplicate IP Logins" time="4.811" classname="Test Cases/Sub Admin/Duplicate IP Logins" status="PASSED">
         <system-out><![CDATA[2023-06-13 13:49:02 - [TEST_CASE][PASSED] - Test Cases/Sub Admin/Duplicate IP Logins: Test Cases/Sub Admin/Duplicate IP Logins

2023-06-13 13:49:03 - [TEST_STEP][PASSED] - com.reusableComponent.HighlightElement.run(findTestObject("Sub Admin/Page_Dashboard/span_Sub-Admin")): com.reusableComponent.HighlightElement.run is PASSED

2023-06-13 13:49:04 - [MESSAGE][PASSED] - com.reusableComponent.HighlightElement.run is PASSED

2023-06-13 13:49:04 - [TEST_STEP][PASSED] - mouseOver(findTestObject("Sub Admin/Page_Dashboard/span_Sub-Admin")): Object: 'Object Repository/Sub Admin/Page_Dashboard/span_Sub-Admin' is hovered

2023-06-13 13:49:04 - [MESSAGE][PASSED] - Object: 'Object Repository/Sub Admin/Page_Dashboard/span_Sub-Admin' is hovered

2023-06-13 13:49:04 - [TEST_STEP][PASSED] - com.reusableComponent.HighlightElement.run(findTestObject("Sub Admin/Page_Dashboard/span_Duplicate IP Logins")): com.reusableComponent.HighlightElement.run is PASSED

2023-06-13 13:49:05 - [MESSAGE][PASSED] - com.reusableComponent.HighlightElement.run is PASSED

2023-06-13 13:49:05 - [TEST_STEP][PASSED] - mouseOver(findTestObject("Sub Admin/Page_Dashboard/span_Duplicate IP Logins")): Object: 'Object Repository/Sub Admin/Page_Dashboard/span_Duplicate IP Logins' is hovered

2023-06-13 13:49:05 - [MESSAGE][PASSED] - Object: 'Object Repository/Sub Admin/Page_Dashboard/span_Duplicate IP Logins' is hovered

2023-06-13 13:49:05 - [TEST_STEP][PASSED] - com.reusableComponent.HighlightElement.run(findTestObject("Sub Admin/Page_Dashboard/span_Duplicate IP Logins")): com.reusableComponent.HighlightElement.run is PASSED

2023-06-13 13:49:06 - [MESSAGE][PASSED] - com.reusableComponent.HighlightElement.run is PASSED

2023-06-13 13:49:06 - [TEST_STEP][PASSED] - click(findTestObject("Sub Admin/Page_Dashboard/span_Duplicate IP Logins")): Object: 'Object Repository/Sub Admin/Page_Dashboard/span_Duplicate IP Logins' is clicked on

2023-06-13 13:49:07 - [MESSAGE][PASSED] - Object: 'Object Repository/Sub Admin/Page_Dashboard/span_Duplicate IP Logins' is clicked on]]></system-out>
         <system-err><![CDATA[]]></system-err>
      </testcase>
      <system-out><![CDATA[2023-06-13 13:48:25 - [TEST_SUITE][PASSED] - Smoke: Test Cases/Sub Admin/Duplicate IP Logins]]></system-out>
      <system-err><![CDATA[]]></system-err>
   </testsuite>
</testsuites>
