<?xml version="1.0" encoding="UTF-8"?>
<testsuites name="Smoke" time="183.497" tests="6" failures="0" errors="0">
   <testsuite name="Smoke" tests="6" failures="0" errors="0" time="183.497" skipped="0" timestamp="2023-07-17 19:25:30" hostname="hmacagba - PHPF1FXV0U.CSCMWS.CSCMWS.COM" id="Test Suites/Smoke">
      <properties>
         <property name="deviceName" value=""/>
         <property name="devicePlatform" value=""/>
         <property name="logFolder" value="C:\\Users\\hmacagba\\git\\AutomatedScripts\\Reports\\20230717_192519\\Smoke\\20230717_192519"/>
         <property name="logFiles" value="C:\\Users\\hmacagba\\git\\AutomatedScripts\\Reports\\20230717_192519\\Smoke\\20230717_192519\\execution0.log"/>
         <property name="attachments" value=""/>
         <property name="hostName" value="hmacagba - PHPF1FXV0U.CSCMWS.CSCMWS.COM"/>
         <property name="os" value="Windows 10 64bit"/>
         <property name="katalonVersion" value="8.6.5.208"/>
         <property name="browser" value="Chrome 114.0.0.0"/>
         <property name="hostAddress" value="192.168.68.106"/>
         <property name="sessionId" value="50877c48b13814166176ddfbca9dfbf4"/>
         <property name="seleniumVersion" value="3.141.59"/>
         <property name="proxyInformation" value="ProxyInformation { proxyOption=NO_PROXY, proxyServerType=HTTP, username=, password=********, proxyServerAddress=, proxyServerPort=0, executionList=&quot;&quot;, isApplyToDesiredCapabilities=true }"/>
         <property name="platform" value="Windows 10"/>
      </properties>
      <testcase name="Test Cases/Banner/List All" time="52.822" classname="Test Cases/Banner/List All" status="PASSED">
         <system-out><![CDATA[2023-07-17 19:25:31 - [TEST_CASE][PASSED] - Test Cases/Banner/List All: Test Cases/Banner/List All

2023-07-17 19:25:32 - [TEST_STEP][PASSED] - callTestCase(findTestCase("Login Admin"), [:], STOP_ON_FAILURE): Call Test Case 'Test Cases/Login Admin' successfully

2023-07-17 19:25:32 - [TEST_CASE][PASSED] - Test Cases/Login Admin: Test Cases/Login Admin

2023-07-17 19:25:33 - [TEST_STEP][PASSED] - openBrowser(""): Browser is opened with url: ''

2023-07-17 19:25:33 - [MESSAGE][INFO] - Starting 'Chrome' driver

2023-07-17 19:25:33 - [MESSAGE][INFO] - Action delay is set to 0 milliseconds

2023-07-17 19:25:38 - [MESSAGE][PASSED] - Browser is opened with url: ''

2023-07-17 19:25:38 - [TEST_STEP][PASSED] - maximizeWindow(): Current window maximized

2023-07-17 19:25:38 - [MESSAGE][PASSED] - Current window maximized

2023-07-17 19:25:38 - [TEST_STEP][PASSED] - navigateToUrl(URL): Navigate to 'http://admin.lkydev.site' successfully

2023-07-17 19:25:43 - [MESSAGE][PASSED] - Navigate to 'http://admin.lkydev.site' successfully

2023-07-17 19:25:43 - [TEST_STEP][PASSED] - verifyElementText(findTestObject("Object Repository/Login/Page_SUNCITY - Login/h3_Sign In To Admin System"), "Sign In To Admin System"): Actual text and expected text of test object 'Object Repository/Login/Page_SUNCITY - Login/h3_Sign In To Admin System' are matched.

2023-07-17 19:25:44 - [MESSAGE][PASSED] - Actual text and expected text of test object 'Object Repository/Login/Page_SUNCITY - Login/h3_Sign In To Admin System' are matched.

2023-07-17 19:25:44 - [TEST_STEP][PASSED] - com.reusableComponent.HighlightElement.run(findTestObject("Login/Page_SUNCITY - Login/h3_Sign In To Admin System")): com.reusableComponent.HighlightElement.run is PASSED

2023-07-17 19:25:44 - [MESSAGE][PASSED] - com.reusableComponent.HighlightElement.run is PASSED

2023-07-17 19:25:44 - [TEST_STEP][PASSED] - com.reusableComponent.HighlightElement.run(findTestObject("Login/Page_SUNCITY - Login/input_Sign In To Admin System_username")): com.reusableComponent.HighlightElement.run is PASSED

2023-07-17 19:25:45 - [MESSAGE][PASSED] - com.reusableComponent.HighlightElement.run is PASSED

2023-07-17 19:25:45 - [TEST_STEP][PASSED] - com.reusableComponent.HighlightElement.run(findTestObject("Login/Page_SUNCITY - Login/input_Sign In To Admin System_password")): com.reusableComponent.HighlightElement.run is PASSED

2023-07-17 19:25:45 - [MESSAGE][PASSED] - com.reusableComponent.HighlightElement.run is PASSED

2023-07-17 19:25:45 - [TEST_STEP][PASSED] - setText(findTestObject("Object Repository/Login/Page_SUNCITY - Login/input_Sign In To Admin System_username"), Username): Text 'devbot' is set on object 'Object Repository/Login/Page_SUNCITY - Login/input_Sign In To Admin System_username'

2023-07-17 19:25:46 - [MESSAGE][PASSED] - Text 'devbot' is set on object 'Object Repository/Login/Page_SUNCITY - Login/input_Sign In To Admin System_username'

2023-07-17 19:25:46 - [TEST_STEP][PASSED] - setText(findTestObject("Object Repository/Login/Page_SUNCITY - Login/input_Sign In To Admin System_password"), Password): Text '77889900' is set on object 'Object Repository/Login/Page_SUNCITY - Login/input_Sign In To Admin System_password'

2023-07-17 19:25:47 - [MESSAGE][PASSED] - Text '77889900' is set on object 'Object Repository/Login/Page_SUNCITY - Login/input_Sign In To Admin System_password'

2023-07-17 19:25:47 - [TEST_STEP][PASSED] - com.reusableComponent.HighlightElement.run(findTestObject("Login/Page_SUNCITY - Login/button_Next")): com.reusableComponent.HighlightElement.run is PASSED

2023-07-17 19:25:48 - [MESSAGE][PASSED] - com.reusableComponent.HighlightElement.run is PASSED

2023-07-17 19:25:48 - [TEST_STEP][PASSED] - click(findTestObject("Object Repository/Login/Page_SUNCITY - Login/button_Next")): Object: 'Object Repository/Login/Page_SUNCITY - Login/button_Next' is clicked on

2023-07-17 19:25:48 - [MESSAGE][PASSED] - Object: 'Object Repository/Login/Page_SUNCITY - Login/button_Next' is clicked on

2023-07-17 19:25:48 - [TEST_STEP][PASSED] - com.reusableComponent.HighlightElement.run(findTestObject("Login/Page_SUNCITY - Login/input_Next_verificationCode")): com.reusableComponent.HighlightElement.run is PASSED

2023-07-17 19:25:50 - [MESSAGE][PASSED] - com.reusableComponent.HighlightElement.run is PASSED

2023-07-17 19:25:50 - [TEST_STEP][PASSED] - setText(findTestObject("Object Repository/Login/Page_SUNCITY - Login/input_Next_verificationCode"), VerificationCode): Text '778899' is set on object 'Object Repository/Login/Page_SUNCITY - Login/input_Next_verificationCode'

2023-07-17 19:25:50 - [MESSAGE][PASSED] - Text '778899' is set on object 'Object Repository/Login/Page_SUNCITY - Login/input_Next_verificationCode'

2023-07-17 19:25:51 - [TEST_STEP][PASSED] - com.reusableComponent.HighlightElement.run(findTestObject("Login/Page_SUNCITY - Login/button_Sign In")): com.reusableComponent.HighlightElement.run is PASSED

2023-07-17 19:25:51 - [MESSAGE][PASSED] - com.reusableComponent.HighlightElement.run is PASSED

2023-07-17 19:25:51 - [TEST_STEP][PASSED] - click(findTestObject("Object Repository/Login/Page_SUNCITY - Login/button_Sign In")): Object: 'Object Repository/Login/Page_SUNCITY - Login/button_Sign In' is clicked on

2023-07-17 19:25:52 - [MESSAGE][PASSED] - Object: 'Object Repository/Login/Page_SUNCITY - Login/button_Sign In' is clicked on

2023-07-17 19:25:52 - [TEST_STEP][PASSED] - com.reusableComponent.HighlightElement.run(findTestObject("Login/Page_Dashboard/h2_Login Success")): com.reusableComponent.HighlightElement.run is PASSED

2023-07-17 19:25:54 - [MESSAGE][PASSED] - com.reusableComponent.HighlightElement.run is PASSED

2023-07-17 19:25:54 - [TEST_STEP][PASSED] - click(findTestObject("Object Repository/Login/Page_Dashboard/h2_Login Success")): Object: 'Object Repository/Login/Page_Dashboard/h2_Login Success' is clicked on

2023-07-17 19:25:55 - [MESSAGE][PASSED] - Object: 'Object Repository/Login/Page_Dashboard/h2_Login Success' is clicked on

2023-07-17 19:25:55 - [TEST_STEP][PASSED] - com.reusableComponent.HighlightElement.run(findTestObject("Login/Page_Dashboard/button_OK")): com.reusableComponent.HighlightElement.run is PASSED

2023-07-17 19:25:55 - [MESSAGE][PASSED] - com.reusableComponent.HighlightElement.run is PASSED

2023-07-17 19:25:55 - [TEST_STEP][PASSED] - click(findTestObject("Object Repository/Login/Page_Dashboard/button_OK")): Object: 'Object Repository/Login/Page_Dashboard/button_OK' is clicked on

2023-07-17 19:25:56 - [MESSAGE][PASSED] - Object: 'Object Repository/Login/Page_Dashboard/button_OK' is clicked on

2023-07-17 19:25:56 - [MESSAGE][PASSED] - Call Test Case 'Test Cases/Login Admin' successfully

2023-07-17 19:25:56 - [TEST_STEP][PASSED] - com.reusableComponent.HighlightElement.run(findTestObject("Banner/Page_Dashboard/span_Banner")): com.reusableComponent.HighlightElement.run is PASSED

2023-07-17 19:25:56 - [MESSAGE][PASSED] - com.reusableComponent.HighlightElement.run is PASSED

2023-07-17 19:25:56 - [TEST_STEP][PASSED] - mouseOver(findTestObject("Banner/Page_Dashboard/span_Banner")): Object: 'Object Repository/Banner/Page_Dashboard/span_Banner' is hovered

2023-07-17 19:25:57 - [MESSAGE][PASSED] - Object: 'Object Repository/Banner/Page_Dashboard/span_Banner' is hovered

2023-07-17 19:25:57 - [TEST_STEP][PASSED] - com.reusableComponent.HighlightElement.run(findTestObject("Banner/Page_Dashboard/span_List")): com.reusableComponent.HighlightElement.run is PASSED

2023-07-17 19:25:57 - [MESSAGE][PASSED] - com.reusableComponent.HighlightElement.run is PASSED

2023-07-17 19:25:57 - [TEST_STEP][PASSED] - mouseOver(findTestObject("Banner/Page_Dashboard/span_List")): Object: 'Object Repository/Banner/Page_Dashboard/span_List' is hovered

2023-07-17 19:25:58 - [MESSAGE][PASSED] - Object: 'Object Repository/Banner/Page_Dashboard/span_List' is hovered

2023-07-17 19:25:58 - [TEST_STEP][PASSED] - com.reusableComponent.HighlightElement.run(findTestObject("Banner/Banner List/span_All")): com.reusableComponent.HighlightElement.run is PASSED

2023-07-17 19:25:59 - [MESSAGE][PASSED] - com.reusableComponent.HighlightElement.run is PASSED

2023-07-17 19:25:59 - [TEST_STEP][PASSED] - mouseOver(findTestObject("Banner/Banner List/span_All")): Object: 'Object Repository/Banner/Banner List/span_All' is hovered

2023-07-17 19:25:59 - [MESSAGE][PASSED] - Object: 'Object Repository/Banner/Banner List/span_All' is hovered

2023-07-17 19:25:59 - [TEST_STEP][PASSED] - click(findTestObject("Banner/Banner List/span_All")): Object: 'Object Repository/Banner/Banner List/span_All' is clicked on

2023-07-17 19:26:03 - [MESSAGE][PASSED] - Object: 'Object Repository/Banner/Banner List/span_All' is clicked on

2023-07-17 19:26:03 - [TEST_STEP][PASSED] - com.reusableComponent.HighlightElement.run(findTestObject("Banner/Banner List/h3_Banner List")): com.reusableComponent.HighlightElement.run is PASSED

2023-07-17 19:26:04 - [MESSAGE][PASSED] - com.reusableComponent.HighlightElement.run is PASSED

2023-07-17 19:26:04 - [TEST_STEP][PASSED] - com.reusableComponent.HighlightElement.run(findTestObject("Banner/Banner List/select_lkym5tigerhubking1678")): com.reusableComponent.HighlightElement.run is PASSED

2023-07-17 19:26:05 - [MESSAGE][PASSED] - com.reusableComponent.HighlightElement.run is PASSED

2023-07-17 19:26:05 - [TEST_STEP][PASSED] - com.reusableComponent.HighlightElement.run(findTestObject("Banner/Banner List/select_enchbmthvtidmy")): com.reusableComponent.HighlightElement.run is PASSED

2023-07-17 19:26:05 - [MESSAGE][PASSED] - com.reusableComponent.HighlightElement.run is PASSED

2023-07-17 19:26:05 - [TEST_STEP][PASSED] - com.reusableComponent.HighlightElement.run(findTestObject("Banner/Banner List/button_Search")): com.reusableComponent.HighlightElement.run is PASSED

2023-07-17 19:26:06 - [MESSAGE][PASSED] - com.reusableComponent.HighlightElement.run is PASSED

2023-07-17 19:26:06 - [TEST_STEP][PASSED] - com.reusableComponent.HighlightElement.run(findTestObject("Banner/Banner List/button_Add")): com.reusableComponent.HighlightElement.run is PASSED

2023-07-17 19:26:06 - [MESSAGE][PASSED] - com.reusableComponent.HighlightElement.run is PASSED

2023-07-17 19:26:06 - [TEST_STEP][PASSED] - verifyElementVisible(findTestObject("Banner/Banner List/h3_Banner List")): Object 'Object Repository/Banner/Banner List/h3_Banner List' is visible

2023-07-17 19:26:07 - [MESSAGE][PASSED] - Object 'Object Repository/Banner/Banner List/h3_Banner List' is visible

2023-07-17 19:26:07 - [TEST_STEP][PASSED] - verifyElementVisible(findTestObject("Banner/Banner List/select_lkym5tigerhubking1678")): Object 'Object Repository/Banner/Banner List/select_lkym5tigerhubking1678' is visible

2023-07-17 19:26:07 - [MESSAGE][PASSED] - Object 'Object Repository/Banner/Banner List/select_lkym5tigerhubking1678' is visible

2023-07-17 19:26:07 - [TEST_STEP][PASSED] - verifyElementVisible(findTestObject("Banner/Banner List/select_enchbmthvtidmy")): Object 'Object Repository/Banner/Banner List/select_enchbmthvtidmy' is visible

2023-07-17 19:26:07 - [MESSAGE][PASSED] - Object 'Object Repository/Banner/Banner List/select_enchbmthvtidmy' is visible

2023-07-17 19:26:07 - [TEST_STEP][PASSED] - verifyElementVisible(findTestObject("Banner/Banner List/button_Search")): Object 'Object Repository/Banner/Banner List/button_Search' is visible

2023-07-17 19:26:08 - [MESSAGE][PASSED] - Object 'Object Repository/Banner/Banner List/button_Search' is visible

2023-07-17 19:26:08 - [TEST_STEP][PASSED] - verifyElementVisible(findTestObject("Banner/Banner List/button_Add")): Object 'Object Repository/Banner/Banner List/button_Add' is visible

2023-07-17 19:26:08 - [MESSAGE][PASSED] - Object 'Object Repository/Banner/Banner List/button_Add' is visible

2023-07-17 19:26:08 - [TEST_STEP][PASSED] - com.reusableComponent.HighlightElement.run(findTestObject("Banner/Banner List/select_102550100")): com.reusableComponent.HighlightElement.run is PASSED

2023-07-17 19:26:09 - [MESSAGE][PASSED] - com.reusableComponent.HighlightElement.run is PASSED

2023-07-17 19:26:09 - [TEST_STEP][PASSED] - com.reusableComponent.HighlightElement.run(findTestObject("Banner/Banner List/span_Copy")): com.reusableComponent.HighlightElement.run is PASSED

2023-07-17 19:26:09 - [MESSAGE][PASSED] - com.reusableComponent.HighlightElement.run is PASSED

2023-07-17 19:26:09 - [TEST_STEP][PASSED] - com.reusableComponent.HighlightElement.run(findTestObject("Banner/Banner List/span_CSV")): com.reusableComponent.HighlightElement.run is PASSED

2023-07-17 19:26:10 - [MESSAGE][PASSED] - com.reusableComponent.HighlightElement.run is PASSED

2023-07-17 19:26:10 - [TEST_STEP][PASSED] - com.reusableComponent.HighlightElement.run(findTestObject("Banner/Banner List/span_Excel")): com.reusableComponent.HighlightElement.run is PASSED

2023-07-17 19:26:10 - [MESSAGE][PASSED] - com.reusableComponent.HighlightElement.run is PASSED

2023-07-17 19:26:10 - [TEST_STEP][PASSED] - com.reusableComponent.HighlightElement.run(findTestObject("Banner/Banner List/span_PDF")): com.reusableComponent.HighlightElement.run is PASSED

2023-07-17 19:26:11 - [MESSAGE][PASSED] - com.reusableComponent.HighlightElement.run is PASSED

2023-07-17 19:26:11 - [TEST_STEP][PASSED] - com.reusableComponent.HighlightElement.run(findTestObject("Banner/Banner List/input_Search_form-control form-control-sm")): com.reusableComponent.HighlightElement.run is PASSED

2023-07-17 19:26:11 - [MESSAGE][PASSED] - com.reusableComponent.HighlightElement.run is PASSED

2023-07-17 19:26:11 - [TEST_STEP][PASSED] - verifyElementVisible(findTestObject("Banner/Banner List/select_102550100")): Object 'Object Repository/Banner/Banner List/select_102550100' is visible

2023-07-17 19:26:12 - [MESSAGE][PASSED] - Object 'Object Repository/Banner/Banner List/select_102550100' is visible

2023-07-17 19:26:12 - [TEST_STEP][PASSED] - verifyElementVisible(findTestObject("Banner/Banner List/span_Copy")): Object 'Object Repository/Banner/Banner List/span_Copy' is visible

2023-07-17 19:26:12 - [MESSAGE][PASSED] - Object 'Object Repository/Banner/Banner List/span_Copy' is visible

2023-07-17 19:26:12 - [TEST_STEP][PASSED] - verifyElementVisible(findTestObject("Banner/Banner List/span_CSV")): Object 'Object Repository/Banner/Banner List/span_CSV' is visible

2023-07-17 19:26:12 - [MESSAGE][PASSED] - Object 'Object Repository/Banner/Banner List/span_CSV' is visible

2023-07-17 19:26:12 - [TEST_STEP][PASSED] - verifyElementVisible(findTestObject("Banner/Banner List/span_Excel")): Object 'Object Repository/Banner/Banner List/span_Excel' is visible

2023-07-17 19:26:13 - [MESSAGE][PASSED] - Object 'Object Repository/Banner/Banner List/span_Excel' is visible

2023-07-17 19:26:13 - [TEST_STEP][PASSED] - verifyElementVisible(findTestObject("Banner/Banner List/span_PDF")): Object 'Object Repository/Banner/Banner List/span_PDF' is visible

2023-07-17 19:26:13 - [MESSAGE][PASSED] - Object 'Object Repository/Banner/Banner List/span_PDF' is visible

2023-07-17 19:26:13 - [TEST_STEP][PASSED] - verifyElementVisible(findTestObject("Banner/Banner List/input_Search_form-control form-control-sm")): Object 'Object Repository/Banner/Banner List/input_Search_form-control form-control-sm' is visible

2023-07-17 19:26:14 - [MESSAGE][PASSED] - Object 'Object Repository/Banner/Banner List/input_Search_form-control form-control-sm' is visible

2023-07-17 19:26:14 - [TEST_STEP][PASSED] - com.reusableComponent.HighlightElement.run(findTestObject("Banner/Banner List/th_Banner")): com.reusableComponent.HighlightElement.run is PASSED

2023-07-17 19:26:14 - [MESSAGE][PASSED] - com.reusableComponent.HighlightElement.run is PASSED

2023-07-17 19:26:14 - [TEST_STEP][PASSED] - com.reusableComponent.HighlightElement.run(findTestObject("Banner/Banner List/th_Video Thumbnail")): com.reusableComponent.HighlightElement.run is PASSED

2023-07-17 19:26:15 - [MESSAGE][PASSED] - com.reusableComponent.HighlightElement.run is PASSED

2023-07-17 19:26:15 - [TEST_STEP][PASSED] - com.reusableComponent.HighlightElement.run(findTestObject("Banner/Banner List/th_Type")): com.reusableComponent.HighlightElement.run is PASSED

2023-07-17 19:26:15 - [MESSAGE][PASSED] - com.reusableComponent.HighlightElement.run is PASSED

2023-07-17 19:26:15 - [TEST_STEP][PASSED] - com.reusableComponent.HighlightElement.run(findTestObject("Banner/Banner List/th_Redirect Url")): com.reusableComponent.HighlightElement.run is PASSED

2023-07-17 19:26:16 - [MESSAGE][PASSED] - com.reusableComponent.HighlightElement.run is PASSED

2023-07-17 19:26:16 - [TEST_STEP][PASSED] - com.reusableComponent.HighlightElement.run(findTestObject("Banner/Banner List/th_Country")): com.reusableComponent.HighlightElement.run is PASSED

2023-07-17 19:26:16 - [MESSAGE][PASSED] - com.reusableComponent.HighlightElement.run is PASSED

2023-07-17 19:26:16 - [TEST_STEP][PASSED] - com.reusableComponent.HighlightElement.run(findTestObject("Banner/Banner List/th_Language")): com.reusableComponent.HighlightElement.run is PASSED

2023-07-17 19:26:17 - [MESSAGE][PASSED] - com.reusableComponent.HighlightElement.run is PASSED

2023-07-17 19:26:17 - [TEST_STEP][PASSED] - com.reusableComponent.HighlightElement.run(findTestObject("Banner/Banner List/th_App Type")): com.reusableComponent.HighlightElement.run is PASSED

2023-07-17 19:26:17 - [MESSAGE][PASSED] - com.reusableComponent.HighlightElement.run is PASSED

2023-07-17 19:26:17 - [TEST_STEP][PASSED] - com.reusableComponent.HighlightElement.run(findTestObject("Banner/Banner List/th_Action")): com.reusableComponent.HighlightElement.run is PASSED

2023-07-17 19:26:18 - [MESSAGE][PASSED] - com.reusableComponent.HighlightElement.run is PASSED

2023-07-17 19:26:18 - [TEST_STEP][PASSED] - com.reusableComponent.HighlightElement.run(findTestObject("Banner/Banner List/table_Banner")): com.reusableComponent.HighlightElement.run is PASSED

2023-07-17 19:26:18 - [MESSAGE][PASSED] - com.reusableComponent.HighlightElement.run is PASSED

2023-07-17 19:26:18 - [TEST_STEP][PASSED] - verifyElementVisible(findTestObject("Banner/Banner List/th_Banner")): Object 'Object Repository/Banner/Banner List/th_Banner' is visible

2023-07-17 19:26:19 - [MESSAGE][PASSED] - Object 'Object Repository/Banner/Banner List/th_Banner' is visible

2023-07-17 19:26:19 - [TEST_STEP][PASSED] - verifyElementVisible(findTestObject("Banner/Banner List/th_Video Thumbnail")): Object 'Object Repository/Banner/Banner List/th_Video Thumbnail' is visible

2023-07-17 19:26:19 - [MESSAGE][PASSED] - Object 'Object Repository/Banner/Banner List/th_Video Thumbnail' is visible

2023-07-17 19:26:19 - [TEST_STEP][PASSED] - verifyElementVisible(findTestObject("Banner/Banner List/th_Type")): Object 'Object Repository/Banner/Banner List/th_Type' is visible

2023-07-17 19:26:19 - [MESSAGE][PASSED] - Object 'Object Repository/Banner/Banner List/th_Type' is visible

2023-07-17 19:26:19 - [TEST_STEP][PASSED] - verifyElementVisible(findTestObject("Banner/Banner List/th_Redirect Url")): Object 'Object Repository/Banner/Banner List/th_Redirect Url' is visible

2023-07-17 19:26:20 - [MESSAGE][PASSED] - Object 'Object Repository/Banner/Banner List/th_Redirect Url' is visible

2023-07-17 19:26:20 - [TEST_STEP][PASSED] - verifyElementVisible(findTestObject("Banner/Banner List/th_Country")): Object 'Object Repository/Banner/Banner List/th_Country' is visible

2023-07-17 19:26:20 - [MESSAGE][PASSED] - Object 'Object Repository/Banner/Banner List/th_Country' is visible

2023-07-17 19:26:20 - [TEST_STEP][PASSED] - verifyElementVisible(findTestObject("Banner/Banner List/th_Language")): Object 'Object Repository/Banner/Banner List/th_Language' is visible

2023-07-17 19:26:21 - [MESSAGE][PASSED] - Object 'Object Repository/Banner/Banner List/th_Language' is visible

2023-07-17 19:26:21 - [TEST_STEP][PASSED] - verifyElementVisible(findTestObject("Banner/Banner List/th_App Type")): Object 'Object Repository/Banner/Banner List/th_App Type' is visible

2023-07-17 19:26:21 - [MESSAGE][PASSED] - Object 'Object Repository/Banner/Banner List/th_App Type' is visible

2023-07-17 19:26:21 - [TEST_STEP][PASSED] - verifyElementVisible(findTestObject("Banner/Banner List/th_Action")): Object 'Object Repository/Banner/Banner List/th_Action' is visible

2023-07-17 19:26:21 - [MESSAGE][PASSED] - Object 'Object Repository/Banner/Banner List/th_Action' is visible

2023-07-17 19:26:21 - [TEST_STEP][PASSED] - verifyElementVisible(findTestObject("Banner/Banner List/table_Banner")): Object 'Object Repository/Banner/Banner List/table_Banner' is visible

2023-07-17 19:26:22 - [MESSAGE][PASSED] - Object 'Object Repository/Banner/Banner List/table_Banner' is visible

2023-07-17 19:26:22 - [TEST_STEP][PASSED] - com.reusableComponent.HighlightElement.run(findTestObject("Banner/Banner List/li_Previous")): com.reusableComponent.HighlightElement.run is PASSED

2023-07-17 19:26:22 - [MESSAGE][PASSED] - com.reusableComponent.HighlightElement.run is PASSED

2023-07-17 19:26:22 - [TEST_STEP][PASSED] - com.reusableComponent.HighlightElement.run(findTestObject("Banner/Banner List/li_Next")): com.reusableComponent.HighlightElement.run is PASSED

2023-07-17 19:26:23 - [MESSAGE][PASSED] - com.reusableComponent.HighlightElement.run is PASSED

2023-07-17 19:26:23 - [TEST_STEP][PASSED] - verifyElementVisible(findTestObject("Banner/Banner List/li_Previous")): Object 'Object Repository/Banner/Banner List/li_Previous' is visible

2023-07-17 19:26:23 - [MESSAGE][PASSED] - Object 'Object Repository/Banner/Banner List/li_Previous' is visible

2023-07-17 19:26:23 - [TEST_STEP][PASSED] - verifyElementVisible(findTestObject("Banner/Banner List/li_Next")): Object 'Object Repository/Banner/Banner List/li_Next' is visible

2023-07-17 19:26:24 - [MESSAGE][PASSED] - Object 'Object Repository/Banner/Banner List/li_Next' is visible]]></system-out>
         <system-err><![CDATA[]]></system-err>
      </testcase>
      <testcase name="Test Cases/Banner/List MYR" time="26.22" classname="Test Cases/Banner/List MYR" status="PASSED">
         <system-out><![CDATA[2023-07-17 19:26:24 - [TEST_CASE][PASSED] - Test Cases/Banner/List MYR: Test Cases/Banner/List MYR

2023-07-17 19:26:25 - [TEST_STEP][PASSED] - com.reusableComponent.HighlightElement.run(findTestObject("Banner/Page_Dashboard/span_Banner")): com.reusableComponent.HighlightElement.run is PASSED

2023-07-17 19:26:25 - [MESSAGE][PASSED] - com.reusableComponent.HighlightElement.run is PASSED

2023-07-17 19:26:25 - [TEST_STEP][PASSED] - mouseOver(findTestObject("Banner/Page_Dashboard/span_Banner")): Object: 'Object Repository/Banner/Page_Dashboard/span_Banner' is hovered

2023-07-17 19:26:26 - [MESSAGE][PASSED] - Object: 'Object Repository/Banner/Page_Dashboard/span_Banner' is hovered

2023-07-17 19:26:26 - [TEST_STEP][PASSED] - com.reusableComponent.HighlightElement.run(findTestObject("Banner/Page_Dashboard/span_List")): com.reusableComponent.HighlightElement.run is PASSED

2023-07-17 19:26:26 - [MESSAGE][PASSED] - com.reusableComponent.HighlightElement.run is PASSED

2023-07-17 19:26:26 - [TEST_STEP][PASSED] - mouseOver(findTestObject("Banner/Page_Dashboard/span_List")): Object: 'Object Repository/Banner/Page_Dashboard/span_List' is hovered

2023-07-17 19:26:27 - [MESSAGE][PASSED] - Object: 'Object Repository/Banner/Page_Dashboard/span_List' is hovered

2023-07-17 19:26:27 - [TEST_STEP][PASSED] - com.reusableComponent.HighlightElement.run(findTestObject("Banner/Banner List/span_MYR")): com.reusableComponent.HighlightElement.run is PASSED

2023-07-17 19:26:27 - [MESSAGE][PASSED] - com.reusableComponent.HighlightElement.run is PASSED

2023-07-17 19:26:27 - [TEST_STEP][PASSED] - mouseOver(findTestObject("Banner/Banner List/span_MYR")): Object: 'Object Repository/Banner/Banner List/span_MYR' is hovered

2023-07-17 19:26:28 - [MESSAGE][PASSED] - Object: 'Object Repository/Banner/Banner List/span_MYR' is hovered

2023-07-17 19:26:28 - [TEST_STEP][PASSED] - click(findTestObject("Banner/Banner List/span_MYR")): Object: 'Object Repository/Banner/Banner List/span_MYR' is clicked on

2023-07-17 19:26:30 - [MESSAGE][PASSED] - Object: 'Object Repository/Banner/Banner List/span_MYR' is clicked on

2023-07-17 19:26:30 - [TEST_STEP][PASSED] - com.reusableComponent.HighlightElement.run(findTestObject("Banner/Banner List/h3_Banner List")): com.reusableComponent.HighlightElement.run is PASSED

2023-07-17 19:26:31 - [MESSAGE][PASSED] - com.reusableComponent.HighlightElement.run is PASSED

2023-07-17 19:26:31 - [TEST_STEP][PASSED] - com.reusableComponent.HighlightElement.run(findTestObject("Banner/Banner List/select_lkym5tigerhubking1678")): com.reusableComponent.HighlightElement.run is PASSED

2023-07-17 19:26:31 - [MESSAGE][PASSED] - com.reusableComponent.HighlightElement.run is PASSED

2023-07-17 19:26:31 - [TEST_STEP][PASSED] - com.reusableComponent.HighlightElement.run(findTestObject("Banner/Banner List/select_enchbmthvtidmy")): com.reusableComponent.HighlightElement.run is PASSED

2023-07-17 19:26:32 - [MESSAGE][PASSED] - com.reusableComponent.HighlightElement.run is PASSED

2023-07-17 19:26:32 - [TEST_STEP][PASSED] - com.reusableComponent.HighlightElement.run(findTestObject("Banner/Banner List/button_Search")): com.reusableComponent.HighlightElement.run is PASSED

2023-07-17 19:26:32 - [MESSAGE][PASSED] - com.reusableComponent.HighlightElement.run is PASSED

2023-07-17 19:26:32 - [TEST_STEP][PASSED] - com.reusableComponent.HighlightElement.run(findTestObject("Banner/Banner List/button_Add")): com.reusableComponent.HighlightElement.run is PASSED

2023-07-17 19:26:33 - [MESSAGE][PASSED] - com.reusableComponent.HighlightElement.run is PASSED

2023-07-17 19:26:33 - [TEST_STEP][PASSED] - verifyElementVisible(findTestObject("Banner/Banner List/h3_Banner List")): Object 'Object Repository/Banner/Banner List/h3_Banner List' is visible

2023-07-17 19:26:33 - [MESSAGE][PASSED] - Object 'Object Repository/Banner/Banner List/h3_Banner List' is visible

2023-07-17 19:26:33 - [TEST_STEP][PASSED] - verifyElementVisible(findTestObject("Banner/Banner List/select_lkym5tigerhubking1678")): Object 'Object Repository/Banner/Banner List/select_lkym5tigerhubking1678' is visible

2023-07-17 19:26:34 - [MESSAGE][PASSED] - Object 'Object Repository/Banner/Banner List/select_lkym5tigerhubking1678' is visible

2023-07-17 19:26:34 - [TEST_STEP][PASSED] - verifyElementVisible(findTestObject("Banner/Banner List/select_enchbmthvtidmy")): Object 'Object Repository/Banner/Banner List/select_enchbmthvtidmy' is visible

2023-07-17 19:26:34 - [MESSAGE][PASSED] - Object 'Object Repository/Banner/Banner List/select_enchbmthvtidmy' is visible

2023-07-17 19:26:34 - [TEST_STEP][PASSED] - verifyElementVisible(findTestObject("Banner/Banner List/button_Search")): Object 'Object Repository/Banner/Banner List/button_Search' is visible

2023-07-17 19:26:34 - [MESSAGE][PASSED] - Object 'Object Repository/Banner/Banner List/button_Search' is visible

2023-07-17 19:26:34 - [TEST_STEP][PASSED] - verifyElementVisible(findTestObject("Banner/Banner List/button_Add")): Object 'Object Repository/Banner/Banner List/button_Add' is visible

2023-07-17 19:26:35 - [MESSAGE][PASSED] - Object 'Object Repository/Banner/Banner List/button_Add' is visible

2023-07-17 19:26:35 - [TEST_STEP][PASSED] - com.reusableComponent.HighlightElement.run(findTestObject("Banner/Banner List/select_102550100")): com.reusableComponent.HighlightElement.run is PASSED

2023-07-17 19:26:35 - [MESSAGE][PASSED] - com.reusableComponent.HighlightElement.run is PASSED

2023-07-17 19:26:35 - [TEST_STEP][PASSED] - com.reusableComponent.HighlightElement.run(findTestObject("Banner/Banner List/span_Copy")): com.reusableComponent.HighlightElement.run is PASSED

2023-07-17 19:26:36 - [MESSAGE][PASSED] - com.reusableComponent.HighlightElement.run is PASSED

2023-07-17 19:26:36 - [TEST_STEP][PASSED] - com.reusableComponent.HighlightElement.run(findTestObject("Banner/Banner List/span_CSV")): com.reusableComponent.HighlightElement.run is PASSED

2023-07-17 19:26:36 - [MESSAGE][PASSED] - com.reusableComponent.HighlightElement.run is PASSED

2023-07-17 19:26:36 - [TEST_STEP][PASSED] - com.reusableComponent.HighlightElement.run(findTestObject("Banner/Banner List/span_Excel")): com.reusableComponent.HighlightElement.run is PASSED

2023-07-17 19:26:37 - [MESSAGE][PASSED] - com.reusableComponent.HighlightElement.run is PASSED

2023-07-17 19:26:37 - [TEST_STEP][PASSED] - com.reusableComponent.HighlightElement.run(findTestObject("Banner/Banner List/span_PDF")): com.reusableComponent.HighlightElement.run is PASSED

2023-07-17 19:26:37 - [MESSAGE][PASSED] - com.reusableComponent.HighlightElement.run is PASSED

2023-07-17 19:26:37 - [TEST_STEP][PASSED] - com.reusableComponent.HighlightElement.run(findTestObject("Banner/Banner List/input_Search_form-control form-control-sm")): com.reusableComponent.HighlightElement.run is PASSED

2023-07-17 19:26:38 - [MESSAGE][PASSED] - com.reusableComponent.HighlightElement.run is PASSED

2023-07-17 19:26:38 - [TEST_STEP][PASSED] - verifyElementVisible(findTestObject("Banner/Banner List/select_102550100")): Object 'Object Repository/Banner/Banner List/select_102550100' is visible

2023-07-17 19:26:38 - [MESSAGE][PASSED] - Object 'Object Repository/Banner/Banner List/select_102550100' is visible

2023-07-17 19:26:38 - [TEST_STEP][PASSED] - verifyElementVisible(findTestObject("Banner/Banner List/span_Copy")): Object 'Object Repository/Banner/Banner List/span_Copy' is visible

2023-07-17 19:26:39 - [MESSAGE][PASSED] - Object 'Object Repository/Banner/Banner List/span_Copy' is visible

2023-07-17 19:26:39 - [TEST_STEP][PASSED] - verifyElementVisible(findTestObject("Banner/Banner List/span_CSV")): Object 'Object Repository/Banner/Banner List/span_CSV' is visible

2023-07-17 19:26:39 - [MESSAGE][PASSED] - Object 'Object Repository/Banner/Banner List/span_CSV' is visible

2023-07-17 19:26:39 - [TEST_STEP][PASSED] - verifyElementVisible(findTestObject("Banner/Banner List/span_Excel")): Object 'Object Repository/Banner/Banner List/span_Excel' is visible

2023-07-17 19:26:39 - [MESSAGE][PASSED] - Object 'Object Repository/Banner/Banner List/span_Excel' is visible

2023-07-17 19:26:39 - [TEST_STEP][PASSED] - verifyElementVisible(findTestObject("Banner/Banner List/span_PDF")): Object 'Object Repository/Banner/Banner List/span_PDF' is visible

2023-07-17 19:26:40 - [MESSAGE][PASSED] - Object 'Object Repository/Banner/Banner List/span_PDF' is visible

2023-07-17 19:26:40 - [TEST_STEP][PASSED] - verifyElementVisible(findTestObject("Banner/Banner List/input_Search_form-control form-control-sm")): Object 'Object Repository/Banner/Banner List/input_Search_form-control form-control-sm' is visible

2023-07-17 19:26:40 - [MESSAGE][PASSED] - Object 'Object Repository/Banner/Banner List/input_Search_form-control form-control-sm' is visible

2023-07-17 19:26:40 - [TEST_STEP][PASSED] - com.reusableComponent.HighlightElement.run(findTestObject("Banner/Banner List/th_Banner")): com.reusableComponent.HighlightElement.run is PASSED

2023-07-17 19:26:41 - [MESSAGE][PASSED] - com.reusableComponent.HighlightElement.run is PASSED

2023-07-17 19:26:41 - [TEST_STEP][PASSED] - com.reusableComponent.HighlightElement.run(findTestObject("Banner/Banner List/th_Video Thumbnail")): com.reusableComponent.HighlightElement.run is PASSED

2023-07-17 19:26:41 - [MESSAGE][PASSED] - com.reusableComponent.HighlightElement.run is PASSED

2023-07-17 19:26:41 - [TEST_STEP][PASSED] - com.reusableComponent.HighlightElement.run(findTestObject("Banner/Banner List/th_Type")): com.reusableComponent.HighlightElement.run is PASSED

2023-07-17 19:26:42 - [MESSAGE][PASSED] - com.reusableComponent.HighlightElement.run is PASSED

2023-07-17 19:26:42 - [TEST_STEP][PASSED] - com.reusableComponent.HighlightElement.run(findTestObject("Banner/Banner List/th_Redirect Url")): com.reusableComponent.HighlightElement.run is PASSED

2023-07-17 19:26:42 - [MESSAGE][PASSED] - com.reusableComponent.HighlightElement.run is PASSED

2023-07-17 19:26:42 - [TEST_STEP][PASSED] - com.reusableComponent.HighlightElement.run(findTestObject("Banner/Banner List/th_Country")): com.reusableComponent.HighlightElement.run is PASSED

2023-07-17 19:26:42 - [MESSAGE][PASSED] - com.reusableComponent.HighlightElement.run is PASSED

2023-07-17 19:26:42 - [TEST_STEP][PASSED] - com.reusableComponent.HighlightElement.run(findTestObject("Banner/Banner List/th_Language")): com.reusableComponent.HighlightElement.run is PASSED

2023-07-17 19:26:43 - [MESSAGE][PASSED] - com.reusableComponent.HighlightElement.run is PASSED

2023-07-17 19:26:43 - [TEST_STEP][PASSED] - com.reusableComponent.HighlightElement.run(findTestObject("Banner/Banner List/th_App Type")): com.reusableComponent.HighlightElement.run is PASSED

2023-07-17 19:26:43 - [MESSAGE][PASSED] - com.reusableComponent.HighlightElement.run is PASSED

2023-07-17 19:26:43 - [TEST_STEP][PASSED] - com.reusableComponent.HighlightElement.run(findTestObject("Banner/Banner List/th_Action")): com.reusableComponent.HighlightElement.run is PASSED

2023-07-17 19:26:44 - [MESSAGE][PASSED] - com.reusableComponent.HighlightElement.run is PASSED

2023-07-17 19:26:44 - [TEST_STEP][PASSED] - com.reusableComponent.HighlightElement.run(findTestObject("Banner/Banner List/table_Banner")): com.reusableComponent.HighlightElement.run is PASSED

2023-07-17 19:26:44 - [MESSAGE][PASSED] - com.reusableComponent.HighlightElement.run is PASSED

2023-07-17 19:26:44 - [TEST_STEP][PASSED] - verifyElementVisible(findTestObject("Banner/Banner List/th_Banner")): Object 'Object Repository/Banner/Banner List/th_Banner' is visible

2023-07-17 19:26:45 - [MESSAGE][PASSED] - Object 'Object Repository/Banner/Banner List/th_Banner' is visible

2023-07-17 19:26:45 - [TEST_STEP][PASSED] - verifyElementVisible(findTestObject("Banner/Banner List/th_Video Thumbnail")): Object 'Object Repository/Banner/Banner List/th_Video Thumbnail' is visible

2023-07-17 19:26:45 - [MESSAGE][PASSED] - Object 'Object Repository/Banner/Banner List/th_Video Thumbnail' is visible

2023-07-17 19:26:45 - [TEST_STEP][PASSED] - verifyElementVisible(findTestObject("Banner/Banner List/th_Type")): Object 'Object Repository/Banner/Banner List/th_Type' is visible

2023-07-17 19:26:46 - [MESSAGE][PASSED] - Object 'Object Repository/Banner/Banner List/th_Type' is visible

2023-07-17 19:26:46 - [TEST_STEP][PASSED] - verifyElementVisible(findTestObject("Banner/Banner List/th_Redirect Url")): Object 'Object Repository/Banner/Banner List/th_Redirect Url' is visible

2023-07-17 19:26:46 - [MESSAGE][PASSED] - Object 'Object Repository/Banner/Banner List/th_Redirect Url' is visible

2023-07-17 19:26:46 - [TEST_STEP][PASSED] - verifyElementVisible(findTestObject("Banner/Banner List/th_Country")): Object 'Object Repository/Banner/Banner List/th_Country' is visible

2023-07-17 19:26:46 - [MESSAGE][PASSED] - Object 'Object Repository/Banner/Banner List/th_Country' is visible

2023-07-17 19:26:46 - [TEST_STEP][PASSED] - verifyElementVisible(findTestObject("Banner/Banner List/th_Language")): Object 'Object Repository/Banner/Banner List/th_Language' is visible

2023-07-17 19:26:47 - [MESSAGE][PASSED] - Object 'Object Repository/Banner/Banner List/th_Language' is visible

2023-07-17 19:26:47 - [TEST_STEP][PASSED] - verifyElementVisible(findTestObject("Banner/Banner List/th_App Type")): Object 'Object Repository/Banner/Banner List/th_App Type' is visible

2023-07-17 19:26:47 - [MESSAGE][PASSED] - Object 'Object Repository/Banner/Banner List/th_App Type' is visible

2023-07-17 19:26:47 - [TEST_STEP][PASSED] - verifyElementVisible(findTestObject("Banner/Banner List/th_Action")): Object 'Object Repository/Banner/Banner List/th_Action' is visible

2023-07-17 19:26:48 - [MESSAGE][PASSED] - Object 'Object Repository/Banner/Banner List/th_Action' is visible

2023-07-17 19:26:48 - [TEST_STEP][PASSED] - verifyElementVisible(findTestObject("Banner/Banner List/table_Banner")): Object 'Object Repository/Banner/Banner List/table_Banner' is visible

2023-07-17 19:26:48 - [MESSAGE][PASSED] - Object 'Object Repository/Banner/Banner List/table_Banner' is visible

2023-07-17 19:26:48 - [TEST_STEP][PASSED] - com.reusableComponent.HighlightElement.run(findTestObject("Banner/Banner List/li_Previous")): com.reusableComponent.HighlightElement.run is PASSED

2023-07-17 19:26:49 - [MESSAGE][PASSED] - com.reusableComponent.HighlightElement.run is PASSED

2023-07-17 19:26:49 - [TEST_STEP][PASSED] - com.reusableComponent.HighlightElement.run(findTestObject("Banner/Banner List/li_Next")): com.reusableComponent.HighlightElement.run is PASSED

2023-07-17 19:26:49 - [MESSAGE][PASSED] - com.reusableComponent.HighlightElement.run is PASSED

2023-07-17 19:26:49 - [TEST_STEP][PASSED] - verifyElementVisible(findTestObject("Banner/Banner List/li_Previous")): Object 'Object Repository/Banner/Banner List/li_Previous' is visible

2023-07-17 19:26:50 - [MESSAGE][PASSED] - Object 'Object Repository/Banner/Banner List/li_Previous' is visible

2023-07-17 19:26:50 - [TEST_STEP][PASSED] - verifyElementVisible(findTestObject("Banner/Banner List/li_Next")): Object 'Object Repository/Banner/Banner List/li_Next' is visible

2023-07-17 19:26:50 - [MESSAGE][PASSED] - Object 'Object Repository/Banner/Banner List/li_Next' is visible]]></system-out>
         <system-err><![CDATA[]]></system-err>
      </testcase>
      <testcase name="Test Cases/Banner/List THB" time="25.838" classname="Test Cases/Banner/List THB" status="PASSED">
         <system-out><![CDATA[2023-07-17 19:26:50 - [TEST_CASE][PASSED] - Test Cases/Banner/List THB: Test Cases/Banner/List THB

2023-07-17 19:26:51 - [TEST_STEP][PASSED] - com.reusableComponent.HighlightElement.run(findTestObject("Banner/Page_Dashboard/span_Banner")): com.reusableComponent.HighlightElement.run is PASSED

2023-07-17 19:26:51 - [MESSAGE][PASSED] - com.reusableComponent.HighlightElement.run is PASSED

2023-07-17 19:26:51 - [TEST_STEP][PASSED] - mouseOver(findTestObject("Banner/Page_Dashboard/span_Banner")): Object: 'Object Repository/Banner/Page_Dashboard/span_Banner' is hovered

2023-07-17 19:26:52 - [MESSAGE][PASSED] - Object: 'Object Repository/Banner/Page_Dashboard/span_Banner' is hovered

2023-07-17 19:26:52 - [TEST_STEP][PASSED] - com.reusableComponent.HighlightElement.run(findTestObject("Banner/Page_Dashboard/span_List")): com.reusableComponent.HighlightElement.run is PASSED

2023-07-17 19:26:52 - [MESSAGE][PASSED] - com.reusableComponent.HighlightElement.run is PASSED

2023-07-17 19:26:52 - [TEST_STEP][PASSED] - mouseOver(findTestObject("Banner/Page_Dashboard/span_List")): Object: 'Object Repository/Banner/Page_Dashboard/span_List' is hovered

2023-07-17 19:26:53 - [MESSAGE][PASSED] - Object: 'Object Repository/Banner/Page_Dashboard/span_List' is hovered

2023-07-17 19:26:53 - [TEST_STEP][PASSED] - com.reusableComponent.HighlightElement.run(findTestObject("Banner/Banner List/span_THB")): com.reusableComponent.HighlightElement.run is PASSED

2023-07-17 19:26:53 - [MESSAGE][PASSED] - com.reusableComponent.HighlightElement.run is PASSED

2023-07-17 19:26:53 - [TEST_STEP][PASSED] - mouseOver(findTestObject("Banner/Banner List/span_THB")): Object: 'Object Repository/Banner/Banner List/span_THB' is hovered

2023-07-17 19:26:54 - [MESSAGE][PASSED] - Object: 'Object Repository/Banner/Banner List/span_THB' is hovered

2023-07-17 19:26:54 - [TEST_STEP][PASSED] - click(findTestObject("Banner/Banner List/span_THB")): Object: 'Object Repository/Banner/Banner List/span_THB' is clicked on

2023-07-17 19:26:56 - [MESSAGE][PASSED] - Object: 'Object Repository/Banner/Banner List/span_THB' is clicked on

2023-07-17 19:26:56 - [TEST_STEP][PASSED] - com.reusableComponent.HighlightElement.run(findTestObject("Banner/Banner List/h3_Banner List")): com.reusableComponent.HighlightElement.run is PASSED

2023-07-17 19:26:57 - [MESSAGE][PASSED] - com.reusableComponent.HighlightElement.run is PASSED

2023-07-17 19:26:57 - [TEST_STEP][PASSED] - com.reusableComponent.HighlightElement.run(findTestObject("Banner/Banner List/select_lkym5tigerhubking1678")): com.reusableComponent.HighlightElement.run is PASSED

2023-07-17 19:26:57 - [MESSAGE][PASSED] - com.reusableComponent.HighlightElement.run is PASSED

2023-07-17 19:26:57 - [TEST_STEP][PASSED] - com.reusableComponent.HighlightElement.run(findTestObject("Banner/Banner List/select_enchbmthvtidmy")): com.reusableComponent.HighlightElement.run is PASSED

2023-07-17 19:26:58 - [MESSAGE][PASSED] - com.reusableComponent.HighlightElement.run is PASSED

2023-07-17 19:26:58 - [TEST_STEP][PASSED] - com.reusableComponent.HighlightElement.run(findTestObject("Banner/Banner List/button_Search")): com.reusableComponent.HighlightElement.run is PASSED

2023-07-17 19:26:58 - [MESSAGE][PASSED] - com.reusableComponent.HighlightElement.run is PASSED

2023-07-17 19:26:58 - [TEST_STEP][PASSED] - com.reusableComponent.HighlightElement.run(findTestObject("Banner/Banner List/button_Add")): com.reusableComponent.HighlightElement.run is PASSED

2023-07-17 19:26:59 - [MESSAGE][PASSED] - com.reusableComponent.HighlightElement.run is PASSED

2023-07-17 19:26:59 - [TEST_STEP][PASSED] - verifyElementVisible(findTestObject("Banner/Banner List/h3_Banner List")): Object 'Object Repository/Banner/Banner List/h3_Banner List' is visible

2023-07-17 19:26:59 - [MESSAGE][PASSED] - Object 'Object Repository/Banner/Banner List/h3_Banner List' is visible

2023-07-17 19:26:59 - [TEST_STEP][PASSED] - verifyElementVisible(findTestObject("Banner/Banner List/select_lkym5tigerhubking1678")): Object 'Object Repository/Banner/Banner List/select_lkym5tigerhubking1678' is visible

2023-07-17 19:27:00 - [MESSAGE][PASSED] - Object 'Object Repository/Banner/Banner List/select_lkym5tigerhubking1678' is visible

2023-07-17 19:27:00 - [TEST_STEP][PASSED] - verifyElementVisible(findTestObject("Banner/Banner List/select_enchbmthvtidmy")): Object 'Object Repository/Banner/Banner List/select_enchbmthvtidmy' is visible

2023-07-17 19:27:00 - [MESSAGE][PASSED] - Object 'Object Repository/Banner/Banner List/select_enchbmthvtidmy' is visible

2023-07-17 19:27:00 - [TEST_STEP][PASSED] - verifyElementVisible(findTestObject("Banner/Banner List/button_Search")): Object 'Object Repository/Banner/Banner List/button_Search' is visible

2023-07-17 19:27:00 - [MESSAGE][PASSED] - Object 'Object Repository/Banner/Banner List/button_Search' is visible

2023-07-17 19:27:00 - [TEST_STEP][PASSED] - verifyElementVisible(findTestObject("Banner/Banner List/button_Add")): Object 'Object Repository/Banner/Banner List/button_Add' is visible

2023-07-17 19:27:01 - [MESSAGE][PASSED] - Object 'Object Repository/Banner/Banner List/button_Add' is visible

2023-07-17 19:27:01 - [TEST_STEP][PASSED] - com.reusableComponent.HighlightElement.run(findTestObject("Banner/Banner List/select_102550100")): com.reusableComponent.HighlightElement.run is PASSED

2023-07-17 19:27:01 - [MESSAGE][PASSED] - com.reusableComponent.HighlightElement.run is PASSED

2023-07-17 19:27:01 - [TEST_STEP][PASSED] - com.reusableComponent.HighlightElement.run(findTestObject("Banner/Banner List/span_Copy")): com.reusableComponent.HighlightElement.run is PASSED

2023-07-17 19:27:02 - [MESSAGE][PASSED] - com.reusableComponent.HighlightElement.run is PASSED

2023-07-17 19:27:02 - [TEST_STEP][PASSED] - com.reusableComponent.HighlightElement.run(findTestObject("Banner/Banner List/span_CSV")): com.reusableComponent.HighlightElement.run is PASSED

2023-07-17 19:27:02 - [MESSAGE][PASSED] - com.reusableComponent.HighlightElement.run is PASSED

2023-07-17 19:27:02 - [TEST_STEP][PASSED] - com.reusableComponent.HighlightElement.run(findTestObject("Banner/Banner List/span_Excel")): com.reusableComponent.HighlightElement.run is PASSED

2023-07-17 19:27:03 - [MESSAGE][PASSED] - com.reusableComponent.HighlightElement.run is PASSED

2023-07-17 19:27:03 - [TEST_STEP][PASSED] - com.reusableComponent.HighlightElement.run(findTestObject("Banner/Banner List/span_PDF")): com.reusableComponent.HighlightElement.run is PASSED

2023-07-17 19:27:03 - [MESSAGE][PASSED] - com.reusableComponent.HighlightElement.run is PASSED

2023-07-17 19:27:03 - [TEST_STEP][PASSED] - com.reusableComponent.HighlightElement.run(findTestObject("Banner/Banner List/input_Search_form-control form-control-sm")): com.reusableComponent.HighlightElement.run is PASSED

2023-07-17 19:27:04 - [MESSAGE][PASSED] - com.reusableComponent.HighlightElement.run is PASSED

2023-07-17 19:27:04 - [TEST_STEP][PASSED] - verifyElementVisible(findTestObject("Banner/Banner List/select_102550100")): Object 'Object Repository/Banner/Banner List/select_102550100' is visible

2023-07-17 19:27:04 - [MESSAGE][PASSED] - Object 'Object Repository/Banner/Banner List/select_102550100' is visible

2023-07-17 19:27:04 - [TEST_STEP][PASSED] - verifyElementVisible(findTestObject("Banner/Banner List/span_Copy")): Object 'Object Repository/Banner/Banner List/span_Copy' is visible

2023-07-17 19:27:05 - [MESSAGE][PASSED] - Object 'Object Repository/Banner/Banner List/span_Copy' is visible

2023-07-17 19:27:05 - [TEST_STEP][PASSED] - verifyElementVisible(findTestObject("Banner/Banner List/span_CSV")): Object 'Object Repository/Banner/Banner List/span_CSV' is visible

2023-07-17 19:27:05 - [MESSAGE][PASSED] - Object 'Object Repository/Banner/Banner List/span_CSV' is visible

2023-07-17 19:27:05 - [TEST_STEP][PASSED] - verifyElementVisible(findTestObject("Banner/Banner List/span_Excel")): Object 'Object Repository/Banner/Banner List/span_Excel' is visible

2023-07-17 19:27:05 - [MESSAGE][PASSED] - Object 'Object Repository/Banner/Banner List/span_Excel' is visible

2023-07-17 19:27:05 - [TEST_STEP][PASSED] - verifyElementVisible(findTestObject("Banner/Banner List/span_PDF")): Object 'Object Repository/Banner/Banner List/span_PDF' is visible

2023-07-17 19:27:06 - [MESSAGE][PASSED] - Object 'Object Repository/Banner/Banner List/span_PDF' is visible

2023-07-17 19:27:06 - [TEST_STEP][PASSED] - verifyElementVisible(findTestObject("Banner/Banner List/input_Search_form-control form-control-sm")): Object 'Object Repository/Banner/Banner List/input_Search_form-control form-control-sm' is visible

2023-07-17 19:27:06 - [MESSAGE][PASSED] - Object 'Object Repository/Banner/Banner List/input_Search_form-control form-control-sm' is visible

2023-07-17 19:27:06 - [TEST_STEP][PASSED] - com.reusableComponent.HighlightElement.run(findTestObject("Banner/Banner List/th_Banner")): com.reusableComponent.HighlightElement.run is PASSED

2023-07-17 19:27:07 - [MESSAGE][PASSED] - com.reusableComponent.HighlightElement.run is PASSED

2023-07-17 19:27:07 - [TEST_STEP][PASSED] - com.reusableComponent.HighlightElement.run(findTestObject("Banner/Banner List/th_Video Thumbnail")): com.reusableComponent.HighlightElement.run is PASSED

2023-07-17 19:27:07 - [MESSAGE][PASSED] - com.reusableComponent.HighlightElement.run is PASSED

2023-07-17 19:27:07 - [TEST_STEP][PASSED] - com.reusableComponent.HighlightElement.run(findTestObject("Banner/Banner List/th_Type")): com.reusableComponent.HighlightElement.run is PASSED

2023-07-17 19:27:08 - [MESSAGE][PASSED] - com.reusableComponent.HighlightElement.run is PASSED

2023-07-17 19:27:08 - [TEST_STEP][PASSED] - com.reusableComponent.HighlightElement.run(findTestObject("Banner/Banner List/th_Redirect Url")): com.reusableComponent.HighlightElement.run is PASSED

2023-07-17 19:27:08 - [MESSAGE][PASSED] - com.reusableComponent.HighlightElement.run is PASSED

2023-07-17 19:27:08 - [TEST_STEP][PASSED] - com.reusableComponent.HighlightElement.run(findTestObject("Banner/Banner List/th_Country")): com.reusableComponent.HighlightElement.run is PASSED

2023-07-17 19:27:08 - [MESSAGE][PASSED] - com.reusableComponent.HighlightElement.run is PASSED

2023-07-17 19:27:08 - [TEST_STEP][PASSED] - com.reusableComponent.HighlightElement.run(findTestObject("Banner/Banner List/th_Language")): com.reusableComponent.HighlightElement.run is PASSED

2023-07-17 19:27:09 - [MESSAGE][PASSED] - com.reusableComponent.HighlightElement.run is PASSED

2023-07-17 19:27:09 - [TEST_STEP][PASSED] - com.reusableComponent.HighlightElement.run(findTestObject("Banner/Banner List/th_App Type")): com.reusableComponent.HighlightElement.run is PASSED

2023-07-17 19:27:09 - [MESSAGE][PASSED] - com.reusableComponent.HighlightElement.run is PASSED

2023-07-17 19:27:09 - [TEST_STEP][PASSED] - com.reusableComponent.HighlightElement.run(findTestObject("Banner/Banner List/th_Action")): com.reusableComponent.HighlightElement.run is PASSED

2023-07-17 19:27:10 - [MESSAGE][PASSED] - com.reusableComponent.HighlightElement.run is PASSED

2023-07-17 19:27:10 - [TEST_STEP][PASSED] - com.reusableComponent.HighlightElement.run(findTestObject("Banner/Banner List/table_Banner")): com.reusableComponent.HighlightElement.run is PASSED

2023-07-17 19:27:10 - [MESSAGE][PASSED] - com.reusableComponent.HighlightElement.run is PASSED

2023-07-17 19:27:10 - [TEST_STEP][PASSED] - verifyElementVisible(findTestObject("Banner/Banner List/th_Banner")): Object 'Object Repository/Banner/Banner List/th_Banner' is visible

2023-07-17 19:27:11 - [MESSAGE][PASSED] - Object 'Object Repository/Banner/Banner List/th_Banner' is visible

2023-07-17 19:27:11 - [TEST_STEP][PASSED] - verifyElementVisible(findTestObject("Banner/Banner List/th_Video Thumbnail")): Object 'Object Repository/Banner/Banner List/th_Video Thumbnail' is visible

2023-07-17 19:27:11 - [MESSAGE][PASSED] - Object 'Object Repository/Banner/Banner List/th_Video Thumbnail' is visible

2023-07-17 19:27:11 - [TEST_STEP][PASSED] - verifyElementVisible(findTestObject("Banner/Banner List/th_Type")): Object 'Object Repository/Banner/Banner List/th_Type' is visible

2023-07-17 19:27:12 - [MESSAGE][PASSED] - Object 'Object Repository/Banner/Banner List/th_Type' is visible

2023-07-17 19:27:12 - [TEST_STEP][PASSED] - verifyElementVisible(findTestObject("Banner/Banner List/th_Redirect Url")): Object 'Object Repository/Banner/Banner List/th_Redirect Url' is visible

2023-07-17 19:27:12 - [MESSAGE][PASSED] - Object 'Object Repository/Banner/Banner List/th_Redirect Url' is visible

2023-07-17 19:27:12 - [TEST_STEP][PASSED] - verifyElementVisible(findTestObject("Banner/Banner List/th_Country")): Object 'Object Repository/Banner/Banner List/th_Country' is visible

2023-07-17 19:27:12 - [MESSAGE][PASSED] - Object 'Object Repository/Banner/Banner List/th_Country' is visible

2023-07-17 19:27:12 - [TEST_STEP][PASSED] - verifyElementVisible(findTestObject("Banner/Banner List/th_Language")): Object 'Object Repository/Banner/Banner List/th_Language' is visible

2023-07-17 19:27:13 - [MESSAGE][PASSED] - Object 'Object Repository/Banner/Banner List/th_Language' is visible

2023-07-17 19:27:13 - [TEST_STEP][PASSED] - verifyElementVisible(findTestObject("Banner/Banner List/th_App Type")): Object 'Object Repository/Banner/Banner List/th_App Type' is visible

2023-07-17 19:27:13 - [MESSAGE][PASSED] - Object 'Object Repository/Banner/Banner List/th_App Type' is visible

2023-07-17 19:27:13 - [TEST_STEP][PASSED] - verifyElementVisible(findTestObject("Banner/Banner List/th_Action")): Object 'Object Repository/Banner/Banner List/th_Action' is visible

2023-07-17 19:27:14 - [MESSAGE][PASSED] - Object 'Object Repository/Banner/Banner List/th_Action' is visible

2023-07-17 19:27:14 - [TEST_STEP][PASSED] - verifyElementVisible(findTestObject("Banner/Banner List/table_Banner")): Object 'Object Repository/Banner/Banner List/table_Banner' is visible

2023-07-17 19:27:14 - [MESSAGE][PASSED] - Object 'Object Repository/Banner/Banner List/table_Banner' is visible

2023-07-17 19:27:14 - [TEST_STEP][PASSED] - com.reusableComponent.HighlightElement.run(findTestObject("Banner/Banner List/li_Previous")): com.reusableComponent.HighlightElement.run is PASSED

2023-07-17 19:27:15 - [MESSAGE][PASSED] - com.reusableComponent.HighlightElement.run is PASSED

2023-07-17 19:27:15 - [TEST_STEP][PASSED] - com.reusableComponent.HighlightElement.run(findTestObject("Banner/Banner List/li_Next")): com.reusableComponent.HighlightElement.run is PASSED

2023-07-17 19:27:15 - [MESSAGE][PASSED] - com.reusableComponent.HighlightElement.run is PASSED

2023-07-17 19:27:15 - [TEST_STEP][PASSED] - verifyElementVisible(findTestObject("Banner/Banner List/li_Previous")): Object 'Object Repository/Banner/Banner List/li_Previous' is visible

2023-07-17 19:27:15 - [MESSAGE][PASSED] - Object 'Object Repository/Banner/Banner List/li_Previous' is visible

2023-07-17 19:27:15 - [TEST_STEP][PASSED] - verifyElementVisible(findTestObject("Banner/Banner List/li_Next")): Object 'Object Repository/Banner/Banner List/li_Next' is visible

2023-07-17 19:27:16 - [MESSAGE][PASSED] - Object 'Object Repository/Banner/Banner List/li_Next' is visible]]></system-out>
         <system-err><![CDATA[]]></system-err>
      </testcase>
      <testcase name="Test Cases/Banner/List IDR" time="26.307" classname="Test Cases/Banner/List IDR" status="PASSED">
         <system-out><![CDATA[2023-07-17 19:27:16 - [TEST_CASE][PASSED] - Test Cases/Banner/List IDR: Test Cases/Banner/List IDR

2023-07-17 19:27:16 - [TEST_STEP][PASSED] - com.reusableComponent.HighlightElement.run(findTestObject("Banner/Page_Dashboard/span_Banner")): com.reusableComponent.HighlightElement.run is PASSED

2023-07-17 19:27:17 - [MESSAGE][PASSED] - com.reusableComponent.HighlightElement.run is PASSED

2023-07-17 19:27:17 - [TEST_STEP][PASSED] - mouseOver(findTestObject("Banner/Page_Dashboard/span_Banner")): Object: 'Object Repository/Banner/Page_Dashboard/span_Banner' is hovered

2023-07-17 19:27:17 - [MESSAGE][PASSED] - Object: 'Object Repository/Banner/Page_Dashboard/span_Banner' is hovered

2023-07-17 19:27:17 - [TEST_STEP][PASSED] - com.reusableComponent.HighlightElement.run(findTestObject("Banner/Page_Dashboard/span_List")): com.reusableComponent.HighlightElement.run is PASSED

2023-07-17 19:27:18 - [MESSAGE][PASSED] - com.reusableComponent.HighlightElement.run is PASSED

2023-07-17 19:27:18 - [TEST_STEP][PASSED] - mouseOver(findTestObject("Banner/Page_Dashboard/span_List")): Object: 'Object Repository/Banner/Page_Dashboard/span_List' is hovered

2023-07-17 19:27:19 - [MESSAGE][PASSED] - Object: 'Object Repository/Banner/Page_Dashboard/span_List' is hovered

2023-07-17 19:27:19 - [TEST_STEP][PASSED] - com.reusableComponent.HighlightElement.run(findTestObject("Banner/Banner List/span_IDR")): com.reusableComponent.HighlightElement.run is PASSED

2023-07-17 19:27:19 - [MESSAGE][PASSED] - com.reusableComponent.HighlightElement.run is PASSED

2023-07-17 19:27:19 - [TEST_STEP][PASSED] - mouseOver(findTestObject("Banner/Banner List/span_IDR")): Object: 'Object Repository/Banner/Banner List/span_IDR' is hovered

2023-07-17 19:27:20 - [MESSAGE][PASSED] - Object: 'Object Repository/Banner/Banner List/span_IDR' is hovered

2023-07-17 19:27:20 - [TEST_STEP][PASSED] - click(findTestObject("Banner/Banner List/span_IDR")): Object: 'Object Repository/Banner/Banner List/span_IDR' is clicked on

2023-07-17 19:27:22 - [MESSAGE][PASSED] - Object: 'Object Repository/Banner/Banner List/span_IDR' is clicked on

2023-07-17 19:27:22 - [TEST_STEP][PASSED] - com.reusableComponent.HighlightElement.run(findTestObject("Banner/Banner List/h3_Banner List")): com.reusableComponent.HighlightElement.run is PASSED

2023-07-17 19:27:23 - [MESSAGE][PASSED] - com.reusableComponent.HighlightElement.run is PASSED

2023-07-17 19:27:23 - [TEST_STEP][PASSED] - com.reusableComponent.HighlightElement.run(findTestObject("Banner/Banner List/select_lkym5tigerhubking1678")): com.reusableComponent.HighlightElement.run is PASSED

2023-07-17 19:27:23 - [MESSAGE][PASSED] - com.reusableComponent.HighlightElement.run is PASSED

2023-07-17 19:27:23 - [TEST_STEP][PASSED] - com.reusableComponent.HighlightElement.run(findTestObject("Banner/Banner List/select_enchbmthvtidmy")): com.reusableComponent.HighlightElement.run is PASSED

2023-07-17 19:27:24 - [MESSAGE][PASSED] - com.reusableComponent.HighlightElement.run is PASSED

2023-07-17 19:27:24 - [TEST_STEP][PASSED] - com.reusableComponent.HighlightElement.run(findTestObject("Banner/Banner List/button_Search")): com.reusableComponent.HighlightElement.run is PASSED

2023-07-17 19:27:24 - [MESSAGE][PASSED] - com.reusableComponent.HighlightElement.run is PASSED

2023-07-17 19:27:24 - [TEST_STEP][PASSED] - com.reusableComponent.HighlightElement.run(findTestObject("Banner/Banner List/button_Add")): com.reusableComponent.HighlightElement.run is PASSED

2023-07-17 19:27:25 - [MESSAGE][PASSED] - com.reusableComponent.HighlightElement.run is PASSED

2023-07-17 19:27:25 - [TEST_STEP][PASSED] - verifyElementVisible(findTestObject("Banner/Banner List/h3_Banner List")): Object 'Object Repository/Banner/Banner List/h3_Banner List' is visible

2023-07-17 19:27:25 - [MESSAGE][PASSED] - Object 'Object Repository/Banner/Banner List/h3_Banner List' is visible

2023-07-17 19:27:25 - [TEST_STEP][PASSED] - verifyElementVisible(findTestObject("Banner/Banner List/select_lkym5tigerhubking1678")): Object 'Object Repository/Banner/Banner List/select_lkym5tigerhubking1678' is visible

2023-07-17 19:27:26 - [MESSAGE][PASSED] - Object 'Object Repository/Banner/Banner List/select_lkym5tigerhubking1678' is visible

2023-07-17 19:27:26 - [TEST_STEP][PASSED] - verifyElementVisible(findTestObject("Banner/Banner List/select_enchbmthvtidmy")): Object 'Object Repository/Banner/Banner List/select_enchbmthvtidmy' is visible

2023-07-17 19:27:26 - [MESSAGE][PASSED] - Object 'Object Repository/Banner/Banner List/select_enchbmthvtidmy' is visible

2023-07-17 19:27:26 - [TEST_STEP][PASSED] - verifyElementVisible(findTestObject("Banner/Banner List/button_Search")): Object 'Object Repository/Banner/Banner List/button_Search' is visible

2023-07-17 19:27:26 - [MESSAGE][PASSED] - Object 'Object Repository/Banner/Banner List/button_Search' is visible

2023-07-17 19:27:26 - [TEST_STEP][PASSED] - verifyElementVisible(findTestObject("Banner/Banner List/button_Add")): Object 'Object Repository/Banner/Banner List/button_Add' is visible

2023-07-17 19:27:27 - [MESSAGE][PASSED] - Object 'Object Repository/Banner/Banner List/button_Add' is visible

2023-07-17 19:27:27 - [TEST_STEP][PASSED] - com.reusableComponent.HighlightElement.run(findTestObject("Banner/Banner List/select_102550100")): com.reusableComponent.HighlightElement.run is PASSED

2023-07-17 19:27:27 - [MESSAGE][PASSED] - com.reusableComponent.HighlightElement.run is PASSED

2023-07-17 19:27:27 - [TEST_STEP][PASSED] - com.reusableComponent.HighlightElement.run(findTestObject("Banner/Banner List/span_Copy")): com.reusableComponent.HighlightElement.run is PASSED

2023-07-17 19:27:28 - [MESSAGE][PASSED] - com.reusableComponent.HighlightElement.run is PASSED

2023-07-17 19:27:28 - [TEST_STEP][PASSED] - com.reusableComponent.HighlightElement.run(findTestObject("Banner/Banner List/span_CSV")): com.reusableComponent.HighlightElement.run is PASSED

2023-07-17 19:27:28 - [MESSAGE][PASSED] - com.reusableComponent.HighlightElement.run is PASSED

2023-07-17 19:27:28 - [TEST_STEP][PASSED] - com.reusableComponent.HighlightElement.run(findTestObject("Banner/Banner List/span_Excel")): com.reusableComponent.HighlightElement.run is PASSED

2023-07-17 19:27:29 - [MESSAGE][PASSED] - com.reusableComponent.HighlightElement.run is PASSED

2023-07-17 19:27:29 - [TEST_STEP][PASSED] - com.reusableComponent.HighlightElement.run(findTestObject("Banner/Banner List/span_PDF")): com.reusableComponent.HighlightElement.run is PASSED

2023-07-17 19:27:29 - [MESSAGE][PASSED] - com.reusableComponent.HighlightElement.run is PASSED

2023-07-17 19:27:29 - [TEST_STEP][PASSED] - com.reusableComponent.HighlightElement.run(findTestObject("Banner/Banner List/input_Search_form-control form-control-sm")): com.reusableComponent.HighlightElement.run is PASSED

2023-07-17 19:27:30 - [MESSAGE][PASSED] - com.reusableComponent.HighlightElement.run is PASSED

2023-07-17 19:27:30 - [TEST_STEP][PASSED] - verifyElementVisible(findTestObject("Banner/Banner List/select_102550100")): Object 'Object Repository/Banner/Banner List/select_102550100' is visible

2023-07-17 19:27:30 - [MESSAGE][PASSED] - Object 'Object Repository/Banner/Banner List/select_102550100' is visible

2023-07-17 19:27:30 - [TEST_STEP][PASSED] - verifyElementVisible(findTestObject("Banner/Banner List/span_Copy")): Object 'Object Repository/Banner/Banner List/span_Copy' is visible

2023-07-17 19:27:31 - [MESSAGE][PASSED] - Object 'Object Repository/Banner/Banner List/span_Copy' is visible

2023-07-17 19:27:31 - [TEST_STEP][PASSED] - verifyElementVisible(findTestObject("Banner/Banner List/span_CSV")): Object 'Object Repository/Banner/Banner List/span_CSV' is visible

2023-07-17 19:27:31 - [MESSAGE][PASSED] - Object 'Object Repository/Banner/Banner List/span_CSV' is visible

2023-07-17 19:27:31 - [TEST_STEP][PASSED] - verifyElementVisible(findTestObject("Banner/Banner List/span_Excel")): Object 'Object Repository/Banner/Banner List/span_Excel' is visible

2023-07-17 19:27:32 - [MESSAGE][PASSED] - Object 'Object Repository/Banner/Banner List/span_Excel' is visible

2023-07-17 19:27:32 - [TEST_STEP][PASSED] - verifyElementVisible(findTestObject("Banner/Banner List/span_PDF")): Object 'Object Repository/Banner/Banner List/span_PDF' is visible

2023-07-17 19:27:32 - [MESSAGE][PASSED] - Object 'Object Repository/Banner/Banner List/span_PDF' is visible

2023-07-17 19:27:32 - [TEST_STEP][PASSED] - verifyElementVisible(findTestObject("Banner/Banner List/input_Search_form-control form-control-sm")): Object 'Object Repository/Banner/Banner List/input_Search_form-control form-control-sm' is visible

2023-07-17 19:27:32 - [MESSAGE][PASSED] - Object 'Object Repository/Banner/Banner List/input_Search_form-control form-control-sm' is visible

2023-07-17 19:27:32 - [TEST_STEP][PASSED] - com.reusableComponent.HighlightElement.run(findTestObject("Banner/Banner List/th_Banner")): com.reusableComponent.HighlightElement.run is PASSED

2023-07-17 19:27:33 - [MESSAGE][PASSED] - com.reusableComponent.HighlightElement.run is PASSED

2023-07-17 19:27:33 - [TEST_STEP][PASSED] - com.reusableComponent.HighlightElement.run(findTestObject("Banner/Banner List/th_Video Thumbnail")): com.reusableComponent.HighlightElement.run is PASSED

2023-07-17 19:27:33 - [MESSAGE][PASSED] - com.reusableComponent.HighlightElement.run is PASSED

2023-07-17 19:27:33 - [TEST_STEP][PASSED] - com.reusableComponent.HighlightElement.run(findTestObject("Banner/Banner List/th_Type")): com.reusableComponent.HighlightElement.run is PASSED

2023-07-17 19:27:34 - [MESSAGE][PASSED] - com.reusableComponent.HighlightElement.run is PASSED

2023-07-17 19:27:34 - [TEST_STEP][PASSED] - com.reusableComponent.HighlightElement.run(findTestObject("Banner/Banner List/th_Redirect Url")): com.reusableComponent.HighlightElement.run is PASSED

2023-07-17 19:27:34 - [MESSAGE][PASSED] - com.reusableComponent.HighlightElement.run is PASSED

2023-07-17 19:27:34 - [TEST_STEP][PASSED] - com.reusableComponent.HighlightElement.run(findTestObject("Banner/Banner List/th_Country")): com.reusableComponent.HighlightElement.run is PASSED

2023-07-17 19:27:35 - [MESSAGE][PASSED] - com.reusableComponent.HighlightElement.run is PASSED

2023-07-17 19:27:35 - [TEST_STEP][PASSED] - com.reusableComponent.HighlightElement.run(findTestObject("Banner/Banner List/th_Language")): com.reusableComponent.HighlightElement.run is PASSED

2023-07-17 19:27:35 - [MESSAGE][PASSED] - com.reusableComponent.HighlightElement.run is PASSED

2023-07-17 19:27:35 - [TEST_STEP][PASSED] - com.reusableComponent.HighlightElement.run(findTestObject("Banner/Banner List/th_App Type")): com.reusableComponent.HighlightElement.run is PASSED

2023-07-17 19:27:36 - [MESSAGE][PASSED] - com.reusableComponent.HighlightElement.run is PASSED

2023-07-17 19:27:36 - [TEST_STEP][PASSED] - com.reusableComponent.HighlightElement.run(findTestObject("Banner/Banner List/th_Action")): com.reusableComponent.HighlightElement.run is PASSED

2023-07-17 19:27:36 - [MESSAGE][PASSED] - com.reusableComponent.HighlightElement.run is PASSED

2023-07-17 19:27:36 - [TEST_STEP][PASSED] - com.reusableComponent.HighlightElement.run(findTestObject("Banner/Banner List/table_Banner")): com.reusableComponent.HighlightElement.run is PASSED

2023-07-17 19:27:37 - [MESSAGE][PASSED] - com.reusableComponent.HighlightElement.run is PASSED

2023-07-17 19:27:37 - [TEST_STEP][PASSED] - verifyElementVisible(findTestObject("Banner/Banner List/th_Banner")): Object 'Object Repository/Banner/Banner List/th_Banner' is visible

2023-07-17 19:27:37 - [MESSAGE][PASSED] - Object 'Object Repository/Banner/Banner List/th_Banner' is visible

2023-07-17 19:27:37 - [TEST_STEP][PASSED] - verifyElementVisible(findTestObject("Banner/Banner List/th_Video Thumbnail")): Object 'Object Repository/Banner/Banner List/th_Video Thumbnail' is visible

2023-07-17 19:27:37 - [MESSAGE][PASSED] - Object 'Object Repository/Banner/Banner List/th_Video Thumbnail' is visible

2023-07-17 19:27:37 - [TEST_STEP][PASSED] - verifyElementVisible(findTestObject("Banner/Banner List/th_Type")): Object 'Object Repository/Banner/Banner List/th_Type' is visible

2023-07-17 19:27:38 - [MESSAGE][PASSED] - Object 'Object Repository/Banner/Banner List/th_Type' is visible

2023-07-17 19:27:38 - [TEST_STEP][PASSED] - verifyElementVisible(findTestObject("Banner/Banner List/th_Redirect Url")): Object 'Object Repository/Banner/Banner List/th_Redirect Url' is visible

2023-07-17 19:27:38 - [MESSAGE][PASSED] - Object 'Object Repository/Banner/Banner List/th_Redirect Url' is visible

2023-07-17 19:27:38 - [TEST_STEP][PASSED] - verifyElementVisible(findTestObject("Banner/Banner List/th_Country")): Object 'Object Repository/Banner/Banner List/th_Country' is visible

2023-07-17 19:27:39 - [MESSAGE][PASSED] - Object 'Object Repository/Banner/Banner List/th_Country' is visible

2023-07-17 19:27:39 - [TEST_STEP][PASSED] - verifyElementVisible(findTestObject("Banner/Banner List/th_Language")): Object 'Object Repository/Banner/Banner List/th_Language' is visible

2023-07-17 19:27:39 - [MESSAGE][PASSED] - Object 'Object Repository/Banner/Banner List/th_Language' is visible

2023-07-17 19:27:39 - [TEST_STEP][PASSED] - verifyElementVisible(findTestObject("Banner/Banner List/th_App Type")): Object 'Object Repository/Banner/Banner List/th_App Type' is visible

2023-07-17 19:27:39 - [MESSAGE][PASSED] - Object 'Object Repository/Banner/Banner List/th_App Type' is visible

2023-07-17 19:27:39 - [TEST_STEP][PASSED] - verifyElementVisible(findTestObject("Banner/Banner List/th_Action")): Object 'Object Repository/Banner/Banner List/th_Action' is visible

2023-07-17 19:27:40 - [MESSAGE][PASSED] - Object 'Object Repository/Banner/Banner List/th_Action' is visible

2023-07-17 19:27:40 - [TEST_STEP][PASSED] - verifyElementVisible(findTestObject("Banner/Banner List/table_Banner")): Object 'Object Repository/Banner/Banner List/table_Banner' is visible

2023-07-17 19:27:40 - [MESSAGE][PASSED] - Object 'Object Repository/Banner/Banner List/table_Banner' is visible

2023-07-17 19:27:40 - [TEST_STEP][PASSED] - com.reusableComponent.HighlightElement.run(findTestObject("Banner/Banner List/li_Previous")): com.reusableComponent.HighlightElement.run is PASSED

2023-07-17 19:27:41 - [MESSAGE][PASSED] - com.reusableComponent.HighlightElement.run is PASSED

2023-07-17 19:27:41 - [TEST_STEP][PASSED] - com.reusableComponent.HighlightElement.run(findTestObject("Banner/Banner List/li_Next")): com.reusableComponent.HighlightElement.run is PASSED

2023-07-17 19:27:41 - [MESSAGE][PASSED] - com.reusableComponent.HighlightElement.run is PASSED

2023-07-17 19:27:41 - [TEST_STEP][PASSED] - verifyElementVisible(findTestObject("Banner/Banner List/li_Previous")): Object 'Object Repository/Banner/Banner List/li_Previous' is visible

2023-07-17 19:27:42 - [MESSAGE][PASSED] - Object 'Object Repository/Banner/Banner List/li_Previous' is visible

2023-07-17 19:27:42 - [TEST_STEP][PASSED] - verifyElementVisible(findTestObject("Banner/Banner List/li_Next")): Object 'Object Repository/Banner/Banner List/li_Next' is visible

2023-07-17 19:27:42 - [MESSAGE][PASSED] - Object 'Object Repository/Banner/Banner List/li_Next' is visible]]></system-out>
         <system-err><![CDATA[]]></system-err>
      </testcase>
      <testcase name="Test Cases/Banner/List MMK" time="26.339" classname="Test Cases/Banner/List MMK" status="PASSED">
         <system-out><![CDATA[2023-07-17 19:27:42 - [TEST_CASE][PASSED] - Test Cases/Banner/List MMK: Test Cases/Banner/List MMK

2023-07-17 19:27:43 - [TEST_STEP][PASSED] - com.reusableComponent.HighlightElement.run(findTestObject("Banner/Page_Dashboard/span_Banner")): com.reusableComponent.HighlightElement.run is PASSED

2023-07-17 19:27:43 - [MESSAGE][PASSED] - com.reusableComponent.HighlightElement.run is PASSED

2023-07-17 19:27:43 - [TEST_STEP][PASSED] - mouseOver(findTestObject("Banner/Page_Dashboard/span_Banner")): Object: 'Object Repository/Banner/Page_Dashboard/span_Banner' is hovered

2023-07-17 19:27:44 - [MESSAGE][PASSED] - Object: 'Object Repository/Banner/Page_Dashboard/span_Banner' is hovered

2023-07-17 19:27:44 - [TEST_STEP][PASSED] - com.reusableComponent.HighlightElement.run(findTestObject("Banner/Page_Dashboard/span_List")): com.reusableComponent.HighlightElement.run is PASSED

2023-07-17 19:27:44 - [MESSAGE][PASSED] - com.reusableComponent.HighlightElement.run is PASSED

2023-07-17 19:27:44 - [TEST_STEP][PASSED] - mouseOver(findTestObject("Banner/Page_Dashboard/span_List")): Object: 'Object Repository/Banner/Page_Dashboard/span_List' is hovered

2023-07-17 19:27:45 - [MESSAGE][PASSED] - Object: 'Object Repository/Banner/Page_Dashboard/span_List' is hovered

2023-07-17 19:27:45 - [TEST_STEP][PASSED] - com.reusableComponent.HighlightElement.run(findTestObject("Banner/Banner List/span_MMK")): com.reusableComponent.HighlightElement.run is PASSED

2023-07-17 19:27:45 - [MESSAGE][PASSED] - com.reusableComponent.HighlightElement.run is PASSED

2023-07-17 19:27:45 - [TEST_STEP][PASSED] - mouseOver(findTestObject("Banner/Banner List/span_MMK")): Object: 'Object Repository/Banner/Banner List/span_MMK' is hovered

2023-07-17 19:27:46 - [MESSAGE][PASSED] - Object: 'Object Repository/Banner/Banner List/span_MMK' is hovered

2023-07-17 19:27:46 - [TEST_STEP][PASSED] - click(findTestObject("Banner/Banner List/span_MMK")): Object: 'Object Repository/Banner/Banner List/span_MMK' is clicked on

2023-07-17 19:27:49 - [MESSAGE][PASSED] - Object: 'Object Repository/Banner/Banner List/span_MMK' is clicked on

2023-07-17 19:27:49 - [TEST_STEP][PASSED] - com.reusableComponent.HighlightElement.run(findTestObject("Banner/Banner List/h3_Banner List")): com.reusableComponent.HighlightElement.run is PASSED

2023-07-17 19:27:49 - [MESSAGE][PASSED] - com.reusableComponent.HighlightElement.run is PASSED

2023-07-17 19:27:49 - [TEST_STEP][PASSED] - com.reusableComponent.HighlightElement.run(findTestObject("Banner/Banner List/select_lkym5tigerhubking1678")): com.reusableComponent.HighlightElement.run is PASSED

2023-07-17 19:27:50 - [MESSAGE][PASSED] - com.reusableComponent.HighlightElement.run is PASSED

2023-07-17 19:27:50 - [TEST_STEP][PASSED] - com.reusableComponent.HighlightElement.run(findTestObject("Banner/Banner List/select_enchbmthvtidmy")): com.reusableComponent.HighlightElement.run is PASSED

2023-07-17 19:27:50 - [MESSAGE][PASSED] - com.reusableComponent.HighlightElement.run is PASSED

2023-07-17 19:27:50 - [TEST_STEP][PASSED] - com.reusableComponent.HighlightElement.run(findTestObject("Banner/Banner List/button_Search")): com.reusableComponent.HighlightElement.run is PASSED

2023-07-17 19:27:51 - [MESSAGE][PASSED] - com.reusableComponent.HighlightElement.run is PASSED

2023-07-17 19:27:51 - [TEST_STEP][PASSED] - com.reusableComponent.HighlightElement.run(findTestObject("Banner/Banner List/button_Add")): com.reusableComponent.HighlightElement.run is PASSED

2023-07-17 19:27:51 - [MESSAGE][PASSED] - com.reusableComponent.HighlightElement.run is PASSED

2023-07-17 19:27:51 - [TEST_STEP][PASSED] - verifyElementVisible(findTestObject("Banner/Banner List/h3_Banner List")): Object 'Object Repository/Banner/Banner List/h3_Banner List' is visible

2023-07-17 19:27:52 - [MESSAGE][PASSED] - Object 'Object Repository/Banner/Banner List/h3_Banner List' is visible

2023-07-17 19:27:52 - [TEST_STEP][PASSED] - verifyElementVisible(findTestObject("Banner/Banner List/select_lkym5tigerhubking1678")): Object 'Object Repository/Banner/Banner List/select_lkym5tigerhubking1678' is visible

2023-07-17 19:27:52 - [MESSAGE][PASSED] - Object 'Object Repository/Banner/Banner List/select_lkym5tigerhubking1678' is visible

2023-07-17 19:27:52 - [TEST_STEP][PASSED] - verifyElementVisible(findTestObject("Banner/Banner List/select_enchbmthvtidmy")): Object 'Object Repository/Banner/Banner List/select_enchbmthvtidmy' is visible

2023-07-17 19:27:53 - [MESSAGE][PASSED] - Object 'Object Repository/Banner/Banner List/select_enchbmthvtidmy' is visible

2023-07-17 19:27:53 - [TEST_STEP][PASSED] - verifyElementVisible(findTestObject("Banner/Banner List/button_Search")): Object 'Object Repository/Banner/Banner List/button_Search' is visible

2023-07-17 19:27:53 - [MESSAGE][PASSED] - Object 'Object Repository/Banner/Banner List/button_Search' is visible

2023-07-17 19:27:53 - [TEST_STEP][PASSED] - verifyElementVisible(findTestObject("Banner/Banner List/button_Add")): Object 'Object Repository/Banner/Banner List/button_Add' is visible

2023-07-17 19:27:53 - [MESSAGE][PASSED] - Object 'Object Repository/Banner/Banner List/button_Add' is visible

2023-07-17 19:27:53 - [TEST_STEP][PASSED] - com.reusableComponent.HighlightElement.run(findTestObject("Banner/Banner List/select_102550100")): com.reusableComponent.HighlightElement.run is PASSED

2023-07-17 19:27:54 - [MESSAGE][PASSED] - com.reusableComponent.HighlightElement.run is PASSED

2023-07-17 19:27:54 - [TEST_STEP][PASSED] - com.reusableComponent.HighlightElement.run(findTestObject("Banner/Banner List/span_Copy")): com.reusableComponent.HighlightElement.run is PASSED

2023-07-17 19:27:54 - [MESSAGE][PASSED] - com.reusableComponent.HighlightElement.run is PASSED

2023-07-17 19:27:54 - [TEST_STEP][PASSED] - com.reusableComponent.HighlightElement.run(findTestObject("Banner/Banner List/span_CSV")): com.reusableComponent.HighlightElement.run is PASSED

2023-07-17 19:27:55 - [MESSAGE][PASSED] - com.reusableComponent.HighlightElement.run is PASSED

2023-07-17 19:27:55 - [TEST_STEP][PASSED] - com.reusableComponent.HighlightElement.run(findTestObject("Banner/Banner List/span_Excel")): com.reusableComponent.HighlightElement.run is PASSED

2023-07-17 19:27:55 - [MESSAGE][PASSED] - com.reusableComponent.HighlightElement.run is PASSED

2023-07-17 19:27:55 - [TEST_STEP][PASSED] - com.reusableComponent.HighlightElement.run(findTestObject("Banner/Banner List/span_PDF")): com.reusableComponent.HighlightElement.run is PASSED

2023-07-17 19:27:56 - [MESSAGE][PASSED] - com.reusableComponent.HighlightElement.run is PASSED

2023-07-17 19:27:56 - [TEST_STEP][PASSED] - com.reusableComponent.HighlightElement.run(findTestObject("Banner/Banner List/input_Search_form-control form-control-sm")): com.reusableComponent.HighlightElement.run is PASSED

2023-07-17 19:27:56 - [MESSAGE][PASSED] - com.reusableComponent.HighlightElement.run is PASSED

2023-07-17 19:27:56 - [TEST_STEP][PASSED] - verifyElementVisible(findTestObject("Banner/Banner List/select_102550100")): Object 'Object Repository/Banner/Banner List/select_102550100' is visible

2023-07-17 19:27:57 - [MESSAGE][PASSED] - Object 'Object Repository/Banner/Banner List/select_102550100' is visible

2023-07-17 19:27:57 - [TEST_STEP][PASSED] - verifyElementVisible(findTestObject("Banner/Banner List/span_Copy")): Object 'Object Repository/Banner/Banner List/span_Copy' is visible

2023-07-17 19:27:57 - [MESSAGE][PASSED] - Object 'Object Repository/Banner/Banner List/span_Copy' is visible

2023-07-17 19:27:57 - [TEST_STEP][PASSED] - verifyElementVisible(findTestObject("Banner/Banner List/span_CSV")): Object 'Object Repository/Banner/Banner List/span_CSV' is visible

2023-07-17 19:27:58 - [MESSAGE][PASSED] - Object 'Object Repository/Banner/Banner List/span_CSV' is visible

2023-07-17 19:27:58 - [TEST_STEP][PASSED] - verifyElementVisible(findTestObject("Banner/Banner List/span_Excel")): Object 'Object Repository/Banner/Banner List/span_Excel' is visible

2023-07-17 19:27:58 - [MESSAGE][PASSED] - Object 'Object Repository/Banner/Banner List/span_Excel' is visible

2023-07-17 19:27:58 - [TEST_STEP][PASSED] - verifyElementVisible(findTestObject("Banner/Banner List/span_PDF")): Object 'Object Repository/Banner/Banner List/span_PDF' is visible

2023-07-17 19:27:58 - [MESSAGE][PASSED] - Object 'Object Repository/Banner/Banner List/span_PDF' is visible

2023-07-17 19:27:58 - [TEST_STEP][PASSED] - verifyElementVisible(findTestObject("Banner/Banner List/input_Search_form-control form-control-sm")): Object 'Object Repository/Banner/Banner List/input_Search_form-control form-control-sm' is visible

2023-07-17 19:27:59 - [MESSAGE][PASSED] - Object 'Object Repository/Banner/Banner List/input_Search_form-control form-control-sm' is visible

2023-07-17 19:27:59 - [TEST_STEP][PASSED] - com.reusableComponent.HighlightElement.run(findTestObject("Banner/Banner List/th_Banner")): com.reusableComponent.HighlightElement.run is PASSED

2023-07-17 19:27:59 - [MESSAGE][PASSED] - com.reusableComponent.HighlightElement.run is PASSED

2023-07-17 19:27:59 - [TEST_STEP][PASSED] - com.reusableComponent.HighlightElement.run(findTestObject("Banner/Banner List/th_Video Thumbnail")): com.reusableComponent.HighlightElement.run is PASSED

2023-07-17 19:28:00 - [MESSAGE][PASSED] - com.reusableComponent.HighlightElement.run is PASSED

2023-07-17 19:28:00 - [TEST_STEP][PASSED] - com.reusableComponent.HighlightElement.run(findTestObject("Banner/Banner List/th_Type")): com.reusableComponent.HighlightElement.run is PASSED

2023-07-17 19:28:00 - [MESSAGE][PASSED] - com.reusableComponent.HighlightElement.run is PASSED

2023-07-17 19:28:00 - [TEST_STEP][PASSED] - com.reusableComponent.HighlightElement.run(findTestObject("Banner/Banner List/th_Redirect Url")): com.reusableComponent.HighlightElement.run is PASSED

2023-07-17 19:28:01 - [MESSAGE][PASSED] - com.reusableComponent.HighlightElement.run is PASSED

2023-07-17 19:28:01 - [TEST_STEP][PASSED] - com.reusableComponent.HighlightElement.run(findTestObject("Banner/Banner List/th_Country")): com.reusableComponent.HighlightElement.run is PASSED

2023-07-17 19:28:01 - [MESSAGE][PASSED] - com.reusableComponent.HighlightElement.run is PASSED

2023-07-17 19:28:01 - [TEST_STEP][PASSED] - com.reusableComponent.HighlightElement.run(findTestObject("Banner/Banner List/th_Language")): com.reusableComponent.HighlightElement.run is PASSED

2023-07-17 19:28:02 - [MESSAGE][PASSED] - com.reusableComponent.HighlightElement.run is PASSED

2023-07-17 19:28:02 - [TEST_STEP][PASSED] - com.reusableComponent.HighlightElement.run(findTestObject("Banner/Banner List/th_App Type")): com.reusableComponent.HighlightElement.run is PASSED

2023-07-17 19:28:02 - [MESSAGE][PASSED] - com.reusableComponent.HighlightElement.run is PASSED

2023-07-17 19:28:02 - [TEST_STEP][PASSED] - com.reusableComponent.HighlightElement.run(findTestObject("Banner/Banner List/th_Action")): com.reusableComponent.HighlightElement.run is PASSED

2023-07-17 19:28:02 - [MESSAGE][PASSED] - com.reusableComponent.HighlightElement.run is PASSED

2023-07-17 19:28:02 - [TEST_STEP][PASSED] - com.reusableComponent.HighlightElement.run(findTestObject("Banner/Banner List/table_Banner")): com.reusableComponent.HighlightElement.run is PASSED

2023-07-17 19:28:03 - [MESSAGE][PASSED] - com.reusableComponent.HighlightElement.run is PASSED

2023-07-17 19:28:03 - [TEST_STEP][PASSED] - verifyElementVisible(findTestObject("Banner/Banner List/th_Banner")): Object 'Object Repository/Banner/Banner List/th_Banner' is visible

2023-07-17 19:28:03 - [MESSAGE][PASSED] - Object 'Object Repository/Banner/Banner List/th_Banner' is visible

2023-07-17 19:28:03 - [TEST_STEP][PASSED] - verifyElementVisible(findTestObject("Banner/Banner List/th_Video Thumbnail")): Object 'Object Repository/Banner/Banner List/th_Video Thumbnail' is visible

2023-07-17 19:28:04 - [MESSAGE][PASSED] - Object 'Object Repository/Banner/Banner List/th_Video Thumbnail' is visible

2023-07-17 19:28:04 - [TEST_STEP][PASSED] - verifyElementVisible(findTestObject("Banner/Banner List/th_Type")): Object 'Object Repository/Banner/Banner List/th_Type' is visible

2023-07-17 19:28:04 - [MESSAGE][PASSED] - Object 'Object Repository/Banner/Banner List/th_Type' is visible

2023-07-17 19:28:04 - [TEST_STEP][PASSED] - verifyElementVisible(findTestObject("Banner/Banner List/th_Redirect Url")): Object 'Object Repository/Banner/Banner List/th_Redirect Url' is visible

2023-07-17 19:28:05 - [MESSAGE][PASSED] - Object 'Object Repository/Banner/Banner List/th_Redirect Url' is visible

2023-07-17 19:28:05 - [TEST_STEP][PASSED] - verifyElementVisible(findTestObject("Banner/Banner List/th_Country")): Object 'Object Repository/Banner/Banner List/th_Country' is visible

2023-07-17 19:28:05 - [MESSAGE][PASSED] - Object 'Object Repository/Banner/Banner List/th_Country' is visible

2023-07-17 19:28:05 - [TEST_STEP][PASSED] - verifyElementVisible(findTestObject("Banner/Banner List/th_Language")): Object 'Object Repository/Banner/Banner List/th_Language' is visible

2023-07-17 19:28:06 - [MESSAGE][PASSED] - Object 'Object Repository/Banner/Banner List/th_Language' is visible

2023-07-17 19:28:06 - [TEST_STEP][PASSED] - verifyElementVisible(findTestObject("Banner/Banner List/th_App Type")): Object 'Object Repository/Banner/Banner List/th_App Type' is visible

2023-07-17 19:28:06 - [MESSAGE][PASSED] - Object 'Object Repository/Banner/Banner List/th_App Type' is visible

2023-07-17 19:28:06 - [TEST_STEP][PASSED] - verifyElementVisible(findTestObject("Banner/Banner List/th_Action")): Object 'Object Repository/Banner/Banner List/th_Action' is visible

2023-07-17 19:28:06 - [MESSAGE][PASSED] - Object 'Object Repository/Banner/Banner List/th_Action' is visible

2023-07-17 19:28:06 - [TEST_STEP][PASSED] - verifyElementVisible(findTestObject("Banner/Banner List/table_Banner")): Object 'Object Repository/Banner/Banner List/table_Banner' is visible

2023-07-17 19:28:07 - [MESSAGE][PASSED] - Object 'Object Repository/Banner/Banner List/table_Banner' is visible

2023-07-17 19:28:07 - [TEST_STEP][PASSED] - com.reusableComponent.HighlightElement.run(findTestObject("Banner/Banner List/li_Previous")): com.reusableComponent.HighlightElement.run is PASSED

2023-07-17 19:28:07 - [MESSAGE][PASSED] - com.reusableComponent.HighlightElement.run is PASSED

2023-07-17 19:28:07 - [TEST_STEP][PASSED] - com.reusableComponent.HighlightElement.run(findTestObject("Banner/Banner List/li_Next")): com.reusableComponent.HighlightElement.run is PASSED

2023-07-17 19:28:08 - [MESSAGE][PASSED] - com.reusableComponent.HighlightElement.run is PASSED

2023-07-17 19:28:08 - [TEST_STEP][PASSED] - verifyElementVisible(findTestObject("Banner/Banner List/li_Previous")): Object 'Object Repository/Banner/Banner List/li_Previous' is visible

2023-07-17 19:28:08 - [MESSAGE][PASSED] - Object 'Object Repository/Banner/Banner List/li_Previous' is visible

2023-07-17 19:28:08 - [TEST_STEP][PASSED] - verifyElementVisible(findTestObject("Banner/Banner List/li_Next")): Object 'Object Repository/Banner/Banner List/li_Next' is visible

2023-07-17 19:28:08 - [MESSAGE][PASSED] - Object 'Object Repository/Banner/Banner List/li_Next' is visible]]></system-out>
         <system-err><![CDATA[]]></system-err>
      </testcase>
      <testcase name="Test Cases/Banner/List RMB" time="25.441" classname="Test Cases/Banner/List RMB" status="PASSED">
         <system-out><![CDATA[2023-07-17 19:28:09 - [TEST_CASE][PASSED] - Test Cases/Banner/List RMB: Test Cases/Banner/List RMB

2023-07-17 19:28:09 - [TEST_STEP][PASSED] - com.reusableComponent.HighlightElement.run(findTestObject("Banner/Page_Dashboard/span_Banner")): com.reusableComponent.HighlightElement.run is PASSED

2023-07-17 19:28:09 - [MESSAGE][PASSED] - com.reusableComponent.HighlightElement.run is PASSED

2023-07-17 19:28:10 - [TEST_STEP][PASSED] - mouseOver(findTestObject("Banner/Page_Dashboard/span_Banner")): Object: 'Object Repository/Banner/Page_Dashboard/span_Banner' is hovered

2023-07-17 19:28:10 - [MESSAGE][PASSED] - Object: 'Object Repository/Banner/Page_Dashboard/span_Banner' is hovered

2023-07-17 19:28:10 - [TEST_STEP][PASSED] - com.reusableComponent.HighlightElement.run(findTestObject("Banner/Page_Dashboard/span_List")): com.reusableComponent.HighlightElement.run is PASSED

2023-07-17 19:28:10 - [MESSAGE][PASSED] - com.reusableComponent.HighlightElement.run is PASSED

2023-07-17 19:28:10 - [TEST_STEP][PASSED] - mouseOver(findTestObject("Banner/Page_Dashboard/span_List")): Object: 'Object Repository/Banner/Page_Dashboard/span_List' is hovered

2023-07-17 19:28:11 - [MESSAGE][PASSED] - Object: 'Object Repository/Banner/Page_Dashboard/span_List' is hovered

2023-07-17 19:28:11 - [TEST_STEP][PASSED] - com.reusableComponent.HighlightElement.run(findTestObject("Banner/Banner List/span_RMB")): com.reusableComponent.HighlightElement.run is PASSED

2023-07-17 19:28:12 - [MESSAGE][PASSED] - com.reusableComponent.HighlightElement.run is PASSED

2023-07-17 19:28:12 - [TEST_STEP][PASSED] - mouseOver(findTestObject("Banner/Banner List/span_RMB")): Object: 'Object Repository/Banner/Banner List/span_RMB' is hovered

2023-07-17 19:28:12 - [MESSAGE][PASSED] - Object: 'Object Repository/Banner/Banner List/span_RMB' is hovered

2023-07-17 19:28:12 - [TEST_STEP][PASSED] - click(findTestObject("Banner/Banner List/span_RMB")): Object: 'Object Repository/Banner/Banner List/span_RMB' is clicked on

2023-07-17 19:28:15 - [MESSAGE][PASSED] - Object: 'Object Repository/Banner/Banner List/span_RMB' is clicked on

2023-07-17 19:28:15 - [TEST_STEP][PASSED] - com.reusableComponent.HighlightElement.run(findTestObject("Banner/Banner List/h3_Banner List")): com.reusableComponent.HighlightElement.run is PASSED

2023-07-17 19:28:15 - [MESSAGE][PASSED] - com.reusableComponent.HighlightElement.run is PASSED

2023-07-17 19:28:15 - [TEST_STEP][PASSED] - com.reusableComponent.HighlightElement.run(findTestObject("Banner/Banner List/select_lkym5tigerhubking1678")): com.reusableComponent.HighlightElement.run is PASSED

2023-07-17 19:28:16 - [MESSAGE][PASSED] - com.reusableComponent.HighlightElement.run is PASSED

2023-07-17 19:28:16 - [TEST_STEP][PASSED] - com.reusableComponent.HighlightElement.run(findTestObject("Banner/Banner List/select_enchbmthvtidmy")): com.reusableComponent.HighlightElement.run is PASSED

2023-07-17 19:28:16 - [MESSAGE][PASSED] - com.reusableComponent.HighlightElement.run is PASSED

2023-07-17 19:28:16 - [TEST_STEP][PASSED] - com.reusableComponent.HighlightElement.run(findTestObject("Banner/Banner List/button_Search")): com.reusableComponent.HighlightElement.run is PASSED

2023-07-17 19:28:17 - [MESSAGE][PASSED] - com.reusableComponent.HighlightElement.run is PASSED

2023-07-17 19:28:17 - [TEST_STEP][PASSED] - com.reusableComponent.HighlightElement.run(findTestObject("Banner/Banner List/button_Add")): com.reusableComponent.HighlightElement.run is PASSED

2023-07-17 19:28:17 - [MESSAGE][PASSED] - com.reusableComponent.HighlightElement.run is PASSED

2023-07-17 19:28:17 - [TEST_STEP][PASSED] - verifyElementVisible(findTestObject("Banner/Banner List/h3_Banner List")): Object 'Object Repository/Banner/Banner List/h3_Banner List' is visible

2023-07-17 19:28:18 - [MESSAGE][PASSED] - Object 'Object Repository/Banner/Banner List/h3_Banner List' is visible

2023-07-17 19:28:18 - [TEST_STEP][PASSED] - verifyElementVisible(findTestObject("Banner/Banner List/select_lkym5tigerhubking1678")): Object 'Object Repository/Banner/Banner List/select_lkym5tigerhubking1678' is visible

2023-07-17 19:28:18 - [MESSAGE][PASSED] - Object 'Object Repository/Banner/Banner List/select_lkym5tigerhubking1678' is visible

2023-07-17 19:28:18 - [TEST_STEP][PASSED] - verifyElementVisible(findTestObject("Banner/Banner List/select_enchbmthvtidmy")): Object 'Object Repository/Banner/Banner List/select_enchbmthvtidmy' is visible

2023-07-17 19:28:18 - [MESSAGE][PASSED] - Object 'Object Repository/Banner/Banner List/select_enchbmthvtidmy' is visible

2023-07-17 19:28:18 - [TEST_STEP][PASSED] - verifyElementVisible(findTestObject("Banner/Banner List/button_Search")): Object 'Object Repository/Banner/Banner List/button_Search' is visible

2023-07-17 19:28:19 - [MESSAGE][PASSED] - Object 'Object Repository/Banner/Banner List/button_Search' is visible

2023-07-17 19:28:19 - [TEST_STEP][PASSED] - verifyElementVisible(findTestObject("Banner/Banner List/button_Add")): Object 'Object Repository/Banner/Banner List/button_Add' is visible

2023-07-17 19:28:19 - [MESSAGE][PASSED] - Object 'Object Repository/Banner/Banner List/button_Add' is visible

2023-07-17 19:28:19 - [TEST_STEP][PASSED] - com.reusableComponent.HighlightElement.run(findTestObject("Banner/Banner List/select_102550100")): com.reusableComponent.HighlightElement.run is PASSED

2023-07-17 19:28:20 - [MESSAGE][PASSED] - com.reusableComponent.HighlightElement.run is PASSED

2023-07-17 19:28:20 - [TEST_STEP][PASSED] - com.reusableComponent.HighlightElement.run(findTestObject("Banner/Banner List/span_Copy")): com.reusableComponent.HighlightElement.run is PASSED

2023-07-17 19:28:20 - [MESSAGE][PASSED] - com.reusableComponent.HighlightElement.run is PASSED

2023-07-17 19:28:20 - [TEST_STEP][PASSED] - com.reusableComponent.HighlightElement.run(findTestObject("Banner/Banner List/span_CSV")): com.reusableComponent.HighlightElement.run is PASSED

2023-07-17 19:28:21 - [MESSAGE][PASSED] - com.reusableComponent.HighlightElement.run is PASSED

2023-07-17 19:28:21 - [TEST_STEP][PASSED] - com.reusableComponent.HighlightElement.run(findTestObject("Banner/Banner List/span_Excel")): com.reusableComponent.HighlightElement.run is PASSED

2023-07-17 19:28:21 - [MESSAGE][PASSED] - com.reusableComponent.HighlightElement.run is PASSED

2023-07-17 19:28:21 - [TEST_STEP][PASSED] - com.reusableComponent.HighlightElement.run(findTestObject("Banner/Banner List/span_PDF")): com.reusableComponent.HighlightElement.run is PASSED

2023-07-17 19:28:22 - [MESSAGE][PASSED] - com.reusableComponent.HighlightElement.run is PASSED

2023-07-17 19:28:22 - [TEST_STEP][PASSED] - com.reusableComponent.HighlightElement.run(findTestObject("Banner/Banner List/input_Search_form-control form-control-sm")): com.reusableComponent.HighlightElement.run is PASSED

2023-07-17 19:28:22 - [MESSAGE][PASSED] - com.reusableComponent.HighlightElement.run is PASSED

2023-07-17 19:28:22 - [TEST_STEP][PASSED] - verifyElementVisible(findTestObject("Banner/Banner List/select_102550100")): Object 'Object Repository/Banner/Banner List/select_102550100' is visible

2023-07-17 19:28:23 - [MESSAGE][PASSED] - Object 'Object Repository/Banner/Banner List/select_102550100' is visible

2023-07-17 19:28:23 - [TEST_STEP][PASSED] - verifyElementVisible(findTestObject("Banner/Banner List/span_Copy")): Object 'Object Repository/Banner/Banner List/span_Copy' is visible

2023-07-17 19:28:23 - [MESSAGE][PASSED] - Object 'Object Repository/Banner/Banner List/span_Copy' is visible

2023-07-17 19:28:23 - [TEST_STEP][PASSED] - verifyElementVisible(findTestObject("Banner/Banner List/span_CSV")): Object 'Object Repository/Banner/Banner List/span_CSV' is visible

2023-07-17 19:28:23 - [MESSAGE][PASSED] - Object 'Object Repository/Banner/Banner List/span_CSV' is visible

2023-07-17 19:28:23 - [TEST_STEP][PASSED] - verifyElementVisible(findTestObject("Banner/Banner List/span_Excel")): Object 'Object Repository/Banner/Banner List/span_Excel' is visible

2023-07-17 19:28:24 - [MESSAGE][PASSED] - Object 'Object Repository/Banner/Banner List/span_Excel' is visible

2023-07-17 19:28:24 - [TEST_STEP][PASSED] - verifyElementVisible(findTestObject("Banner/Banner List/span_PDF")): Object 'Object Repository/Banner/Banner List/span_PDF' is visible

2023-07-17 19:28:24 - [MESSAGE][PASSED] - Object 'Object Repository/Banner/Banner List/span_PDF' is visible

2023-07-17 19:28:24 - [TEST_STEP][PASSED] - verifyElementVisible(findTestObject("Banner/Banner List/input_Search_form-control form-control-sm")): Object 'Object Repository/Banner/Banner List/input_Search_form-control form-control-sm' is visible

2023-07-17 19:28:25 - [MESSAGE][PASSED] - Object 'Object Repository/Banner/Banner List/input_Search_form-control form-control-sm' is visible

2023-07-17 19:28:25 - [TEST_STEP][PASSED] - com.reusableComponent.HighlightElement.run(findTestObject("Banner/Banner List/th_Banner")): com.reusableComponent.HighlightElement.run is PASSED

2023-07-17 19:28:25 - [MESSAGE][PASSED] - com.reusableComponent.HighlightElement.run is PASSED

2023-07-17 19:28:25 - [TEST_STEP][PASSED] - com.reusableComponent.HighlightElement.run(findTestObject("Banner/Banner List/th_Video Thumbnail")): com.reusableComponent.HighlightElement.run is PASSED

2023-07-17 19:28:25 - [MESSAGE][PASSED] - com.reusableComponent.HighlightElement.run is PASSED

2023-07-17 19:28:25 - [TEST_STEP][PASSED] - com.reusableComponent.HighlightElement.run(findTestObject("Banner/Banner List/th_Type")): com.reusableComponent.HighlightElement.run is PASSED

2023-07-17 19:28:26 - [MESSAGE][PASSED] - com.reusableComponent.HighlightElement.run is PASSED

2023-07-17 19:28:26 - [TEST_STEP][PASSED] - com.reusableComponent.HighlightElement.run(findTestObject("Banner/Banner List/th_Redirect Url")): com.reusableComponent.HighlightElement.run is PASSED

2023-07-17 19:28:26 - [MESSAGE][PASSED] - com.reusableComponent.HighlightElement.run is PASSED

2023-07-17 19:28:26 - [TEST_STEP][PASSED] - com.reusableComponent.HighlightElement.run(findTestObject("Banner/Banner List/th_Country")): com.reusableComponent.HighlightElement.run is PASSED

2023-07-17 19:28:27 - [MESSAGE][PASSED] - com.reusableComponent.HighlightElement.run is PASSED

2023-07-17 19:28:27 - [TEST_STEP][PASSED] - com.reusableComponent.HighlightElement.run(findTestObject("Banner/Banner List/th_Language")): com.reusableComponent.HighlightElement.run is PASSED

2023-07-17 19:28:27 - [MESSAGE][PASSED] - com.reusableComponent.HighlightElement.run is PASSED

2023-07-17 19:28:27 - [TEST_STEP][PASSED] - com.reusableComponent.HighlightElement.run(findTestObject("Banner/Banner List/th_App Type")): com.reusableComponent.HighlightElement.run is PASSED

2023-07-17 19:28:28 - [MESSAGE][PASSED] - com.reusableComponent.HighlightElement.run is PASSED

2023-07-17 19:28:28 - [TEST_STEP][PASSED] - com.reusableComponent.HighlightElement.run(findTestObject("Banner/Banner List/th_Action")): com.reusableComponent.HighlightElement.run is PASSED

2023-07-17 19:28:28 - [MESSAGE][PASSED] - com.reusableComponent.HighlightElement.run is PASSED

2023-07-17 19:28:28 - [TEST_STEP][PASSED] - com.reusableComponent.HighlightElement.run(findTestObject("Banner/Banner List/table_Banner")): com.reusableComponent.HighlightElement.run is PASSED

2023-07-17 19:28:29 - [MESSAGE][PASSED] - com.reusableComponent.HighlightElement.run is PASSED

2023-07-17 19:28:29 - [TEST_STEP][PASSED] - verifyElementVisible(findTestObject("Banner/Banner List/th_Banner")): Object 'Object Repository/Banner/Banner List/th_Banner' is visible

2023-07-17 19:28:29 - [MESSAGE][PASSED] - Object 'Object Repository/Banner/Banner List/th_Banner' is visible

2023-07-17 19:28:29 - [TEST_STEP][PASSED] - verifyElementVisible(findTestObject("Banner/Banner List/th_Video Thumbnail")): Object 'Object Repository/Banner/Banner List/th_Video Thumbnail' is visible

2023-07-17 19:28:29 - [MESSAGE][PASSED] - Object 'Object Repository/Banner/Banner List/th_Video Thumbnail' is visible

2023-07-17 19:28:29 - [TEST_STEP][PASSED] - verifyElementVisible(findTestObject("Banner/Banner List/th_Type")): Object 'Object Repository/Banner/Banner List/th_Type' is visible

2023-07-17 19:28:30 - [MESSAGE][PASSED] - Object 'Object Repository/Banner/Banner List/th_Type' is visible

2023-07-17 19:28:30 - [TEST_STEP][PASSED] - verifyElementVisible(findTestObject("Banner/Banner List/th_Redirect Url")): Object 'Object Repository/Banner/Banner List/th_Redirect Url' is visible

2023-07-17 19:28:30 - [MESSAGE][PASSED] - Object 'Object Repository/Banner/Banner List/th_Redirect Url' is visible

2023-07-17 19:28:30 - [TEST_STEP][PASSED] - verifyElementVisible(findTestObject("Banner/Banner List/th_Country")): Object 'Object Repository/Banner/Banner List/th_Country' is visible

2023-07-17 19:28:31 - [MESSAGE][PASSED] - Object 'Object Repository/Banner/Banner List/th_Country' is visible

2023-07-17 19:28:31 - [TEST_STEP][PASSED] - verifyElementVisible(findTestObject("Banner/Banner List/th_Language")): Object 'Object Repository/Banner/Banner List/th_Language' is visible

2023-07-17 19:28:31 - [MESSAGE][PASSED] - Object 'Object Repository/Banner/Banner List/th_Language' is visible

2023-07-17 19:28:31 - [TEST_STEP][PASSED] - verifyElementVisible(findTestObject("Banner/Banner List/th_App Type")): Object 'Object Repository/Banner/Banner List/th_App Type' is visible

2023-07-17 19:28:31 - [MESSAGE][PASSED] - Object 'Object Repository/Banner/Banner List/th_App Type' is visible

2023-07-17 19:28:31 - [TEST_STEP][PASSED] - verifyElementVisible(findTestObject("Banner/Banner List/th_Action")): Object 'Object Repository/Banner/Banner List/th_Action' is visible

2023-07-17 19:28:32 - [MESSAGE][PASSED] - Object 'Object Repository/Banner/Banner List/th_Action' is visible

2023-07-17 19:28:32 - [TEST_STEP][PASSED] - verifyElementVisible(findTestObject("Banner/Banner List/table_Banner")): Object 'Object Repository/Banner/Banner List/table_Banner' is visible

2023-07-17 19:28:32 - [MESSAGE][PASSED] - Object 'Object Repository/Banner/Banner List/table_Banner' is visible

2023-07-17 19:28:32 - [TEST_STEP][PASSED] - com.reusableComponent.HighlightElement.run(findTestObject("Banner/Banner List/li_Previous")): com.reusableComponent.HighlightElement.run is PASSED

2023-07-17 19:28:33 - [MESSAGE][PASSED] - com.reusableComponent.HighlightElement.run is PASSED

2023-07-17 19:28:33 - [TEST_STEP][PASSED] - com.reusableComponent.HighlightElement.run(findTestObject("Banner/Banner List/li_Next")): com.reusableComponent.HighlightElement.run is PASSED

2023-07-17 19:28:33 - [MESSAGE][PASSED] - com.reusableComponent.HighlightElement.run is PASSED

2023-07-17 19:28:33 - [TEST_STEP][PASSED] - verifyElementVisible(findTestObject("Banner/Banner List/li_Previous")): Object 'Object Repository/Banner/Banner List/li_Previous' is visible

2023-07-17 19:28:34 - [MESSAGE][PASSED] - Object 'Object Repository/Banner/Banner List/li_Previous' is visible

2023-07-17 19:28:34 - [TEST_STEP][PASSED] - verifyElementVisible(findTestObject("Banner/Banner List/li_Next")): Object 'Object Repository/Banner/Banner List/li_Next' is visible

2023-07-17 19:28:34 - [MESSAGE][PASSED] - Object 'Object Repository/Banner/Banner List/li_Next' is visible]]></system-out>
         <system-err><![CDATA[]]></system-err>
      </testcase>
      <system-out><![CDATA[2023-07-17 19:25:30 - [TEST_SUITE][PASSED] - Smoke: Test Cases/Banner/List RMB]]></system-out>
      <system-err><![CDATA[]]></system-err>
   </testsuite>
</testsuites>
