<?xml version="1.0" encoding="UTF-8"?>
<testsuites name="Smoke" time="81.553" tests="7" failures="0" errors="0">
   <testsuite name="Smoke" tests="7" failures="0" errors="0" time="81.553" skipped="0" timestamp="2023-06-13 22:29:02" hostname="hmacagba - PHPF1FXV0U.CSCMWS.CSCMWS.COM" id="Test Suites/Smoke">
      <properties>
         <property name="deviceName" value=""/>
         <property name="devicePlatform" value=""/>
         <property name="logFolder" value="C:\\Users\\hmacagba\\git\\AutomatedScripts\\Reports\\20230613_222849\\Smoke\\20230613_222849"/>
         <property name="logFiles" value="C:\\Users\\hmacagba\\git\\AutomatedScripts\\Reports\\20230613_222849\\Smoke\\20230613_222849\\execution0.log"/>
         <property name="attachments" value=""/>
         <property name="hostName" value="hmacagba - PHPF1FXV0U.CSCMWS.CSCMWS.COM"/>
         <property name="os" value="Windows 10 64bit"/>
         <property name="katalonVersion" value="8.6.5.208"/>
         <property name="browser" value="Chrome 114.0.0.0"/>
         <property name="hostAddress" value="192.168.100.24"/>
         <property name="sessionId" value="da1620da4b2b082c6f9262b4c5482c7a"/>
         <property name="seleniumVersion" value="3.141.59"/>
         <property name="proxyInformation" value="ProxyInformation { proxyOption=NO_PROXY, proxyServerType=HTTP, username=, password=********, proxyServerAddress=, proxyServerPort=0, executionList=&quot;&quot;, isApplyToDesiredCapabilities=true }"/>
         <property name="platform" value="Windows 10"/>
      </properties>
      <testcase name="Test Cases/User/Shareholder/Create" time="36.686" classname="Test Cases/User/Shareholder/Create" status="PASSED">
         <system-out><![CDATA[2023-06-13 22:29:03 - [TEST_CASE][PASSED] - Test Cases/User/Shareholder/Create: Test Cases/User/Shareholder/Create

2023-06-13 22:29:04 - [TEST_STEP][PASSED] - callTestCase(findTestCase("Login Admin"), [:], STOP_ON_FAILURE): Call Test Case 'Test Cases/Login Admin' successfully

2023-06-13 22:29:04 - [TEST_CASE][PASSED] - Test Cases/Login Admin: Test Cases/Login Admin

2023-06-13 22:29:05 - [TEST_STEP][PASSED] - openBrowser(""): Browser is opened with url: ''

2023-06-13 22:29:05 - [MESSAGE][INFO] - Starting 'Chrome' driver

2023-06-13 22:29:05 - [MESSAGE][INFO] - Action delay is set to 0 milliseconds

2023-06-13 22:29:10 - [MESSAGE][PASSED] - Browser is opened with url: ''

2023-06-13 22:29:10 - [TEST_STEP][PASSED] - maximizeWindow(): Current window maximized

2023-06-13 22:29:10 - [MESSAGE][PASSED] - Current window maximized

2023-06-13 22:29:10 - [TEST_STEP][PASSED] - navigateToUrl(URL): Navigate to 'http://admin.lkydev.site' successfully

2023-06-13 22:29:18 - [MESSAGE][PASSED] - Navigate to 'http://admin.lkydev.site' successfully

2023-06-13 22:29:18 - [TEST_STEP][PASSED] - verifyElementText(findTestObject("Object Repository/Login/Page_SUNCITY - Login/h3_Sign In To Admin System"), "Sign In To Admin System"): Actual text and expected text of test object 'Object Repository/Login/Page_SUNCITY - Login/h3_Sign In To Admin System' are matched.

2023-06-13 22:29:19 - [MESSAGE][PASSED] - Actual text and expected text of test object 'Object Repository/Login/Page_SUNCITY - Login/h3_Sign In To Admin System' are matched.

2023-06-13 22:29:19 - [TEST_STEP][PASSED] - com.reusableComponent.HighlightElement.run(findTestObject("Login/Page_SUNCITY - Login/h3_Sign In To Admin System")): com.reusableComponent.HighlightElement.run is PASSED

2023-06-13 22:29:20 - [MESSAGE][PASSED] - com.reusableComponent.HighlightElement.run is PASSED

2023-06-13 22:29:20 - [TEST_STEP][PASSED] - com.reusableComponent.HighlightElement.run(findTestObject("Login/Page_SUNCITY - Login/input_Sign In To Admin System_username")): com.reusableComponent.HighlightElement.run is PASSED

2023-06-13 22:29:21 - [MESSAGE][PASSED] - com.reusableComponent.HighlightElement.run is PASSED

2023-06-13 22:29:21 - [TEST_STEP][PASSED] - com.reusableComponent.HighlightElement.run(findTestObject("Login/Page_SUNCITY - Login/input_Sign In To Admin System_password")): com.reusableComponent.HighlightElement.run is PASSED

2023-06-13 22:29:21 - [MESSAGE][PASSED] - com.reusableComponent.HighlightElement.run is PASSED

2023-06-13 22:29:21 - [TEST_STEP][PASSED] - setText(findTestObject("Object Repository/Login/Page_SUNCITY - Login/input_Sign In To Admin System_username"), Username): Text 'devbot' is set on object 'Object Repository/Login/Page_SUNCITY - Login/input_Sign In To Admin System_username'

2023-06-13 22:29:22 - [MESSAGE][PASSED] - Text 'devbot' is set on object 'Object Repository/Login/Page_SUNCITY - Login/input_Sign In To Admin System_username'

2023-06-13 22:29:22 - [TEST_STEP][PASSED] - setText(findTestObject("Object Repository/Login/Page_SUNCITY - Login/input_Sign In To Admin System_password"), Password): Text '77889900' is set on object 'Object Repository/Login/Page_SUNCITY - Login/input_Sign In To Admin System_password'

2023-06-13 22:29:23 - [MESSAGE][PASSED] - Text '77889900' is set on object 'Object Repository/Login/Page_SUNCITY - Login/input_Sign In To Admin System_password'

2023-06-13 22:29:23 - [TEST_STEP][PASSED] - com.reusableComponent.HighlightElement.run(findTestObject("Login/Page_SUNCITY - Login/button_Next")): com.reusableComponent.HighlightElement.run is PASSED

2023-06-13 22:29:24 - [MESSAGE][PASSED] - com.reusableComponent.HighlightElement.run is PASSED

2023-06-13 22:29:24 - [TEST_STEP][PASSED] - click(findTestObject("Object Repository/Login/Page_SUNCITY - Login/button_Next")): Object: 'Object Repository/Login/Page_SUNCITY - Login/button_Next' is clicked on

2023-06-13 22:29:24 - [MESSAGE][PASSED] - Object: 'Object Repository/Login/Page_SUNCITY - Login/button_Next' is clicked on

2023-06-13 22:29:24 - [TEST_STEP][PASSED] - com.reusableComponent.HighlightElement.run(findTestObject("Login/Page_SUNCITY - Login/input_Next_verificationCode")): com.reusableComponent.HighlightElement.run is PASSED

2023-06-13 22:29:26 - [MESSAGE][PASSED] - com.reusableComponent.HighlightElement.run is PASSED

2023-06-13 22:29:26 - [TEST_STEP][PASSED] - setText(findTestObject("Object Repository/Login/Page_SUNCITY - Login/input_Next_verificationCode"), VerificationCode): Text '778899' is set on object 'Object Repository/Login/Page_SUNCITY - Login/input_Next_verificationCode'

2023-06-13 22:29:27 - [MESSAGE][PASSED] - Text '778899' is set on object 'Object Repository/Login/Page_SUNCITY - Login/input_Next_verificationCode'

2023-06-13 22:29:27 - [TEST_STEP][PASSED] - com.reusableComponent.HighlightElement.run(findTestObject("Login/Page_SUNCITY - Login/button_Sign In")): com.reusableComponent.HighlightElement.run is PASSED

2023-06-13 22:29:28 - [MESSAGE][PASSED] - com.reusableComponent.HighlightElement.run is PASSED

2023-06-13 22:29:28 - [TEST_STEP][PASSED] - click(findTestObject("Object Repository/Login/Page_SUNCITY - Login/button_Sign In")): Object: 'Object Repository/Login/Page_SUNCITY - Login/button_Sign In' is clicked on

2023-06-13 22:29:28 - [MESSAGE][PASSED] - Object: 'Object Repository/Login/Page_SUNCITY - Login/button_Sign In' is clicked on

2023-06-13 22:29:28 - [TEST_STEP][PASSED] - com.reusableComponent.HighlightElement.run(findTestObject("Login/Page_Dashboard/h2_Login Success")): com.reusableComponent.HighlightElement.run is PASSED

2023-06-13 22:29:33 - [MESSAGE][PASSED] - com.reusableComponent.HighlightElement.run is PASSED

2023-06-13 22:29:33 - [TEST_STEP][PASSED] - click(findTestObject("Object Repository/Login/Page_Dashboard/h2_Login Success")): Object: 'Object Repository/Login/Page_Dashboard/h2_Login Success' is clicked on

2023-06-13 22:29:33 - [MESSAGE][PASSED] - Object: 'Object Repository/Login/Page_Dashboard/h2_Login Success' is clicked on

2023-06-13 22:29:33 - [TEST_STEP][PASSED] - com.reusableComponent.HighlightElement.run(findTestObject("Login/Page_Dashboard/button_OK")): com.reusableComponent.HighlightElement.run is PASSED

2023-06-13 22:29:34 - [MESSAGE][PASSED] - com.reusableComponent.HighlightElement.run is PASSED

2023-06-13 22:29:34 - [TEST_STEP][PASSED] - click(findTestObject("Object Repository/Login/Page_Dashboard/button_OK")): Object: 'Object Repository/Login/Page_Dashboard/button_OK' is clicked on

2023-06-13 22:29:34 - [MESSAGE][PASSED] - Object: 'Object Repository/Login/Page_Dashboard/button_OK' is clicked on

2023-06-13 22:29:34 - [MESSAGE][PASSED] - Call Test Case 'Test Cases/Login Admin' successfully

2023-06-13 22:29:34 - [TEST_STEP][PASSED] - com.reusableComponent.HighlightElement.run(findTestObject("User/Page_Dashboard/Member/span_User")): com.reusableComponent.HighlightElement.run is PASSED

2023-06-13 22:29:35 - [MESSAGE][PASSED] - com.reusableComponent.HighlightElement.run is PASSED

2023-06-13 22:29:35 - [TEST_STEP][PASSED] - mouseOver(findTestObject("User/Page_Dashboard/Member/span_User")): Object: 'Object Repository/User/Page_Dashboard/Member/span_User' is hovered

2023-06-13 22:29:35 - [MESSAGE][PASSED] - Object: 'Object Repository/User/Page_Dashboard/Member/span_User' is hovered

2023-06-13 22:29:35 - [TEST_STEP][PASSED] - com.reusableComponent.HighlightElement.run(findTestObject("User/Page_Dashboard/Shareholder/span_Create")): com.reusableComponent.HighlightElement.run is PASSED

2023-06-13 22:29:36 - [MESSAGE][PASSED] - com.reusableComponent.HighlightElement.run is PASSED

2023-06-13 22:29:36 - [TEST_STEP][PASSED] - mouseOver(findTestObject("User/Page_Dashboard/Shareholder/span_Create")): Object: 'Object Repository/User/Page_Dashboard/Shareholder/span_Create' is hovered

2023-06-13 22:29:36 - [MESSAGE][PASSED] - Object: 'Object Repository/User/Page_Dashboard/Shareholder/span_Create' is hovered

2023-06-13 22:29:36 - [TEST_STEP][PASSED] - click(findTestObject("User/Page_Dashboard/Shareholder/span_Create")): Object: 'Object Repository/User/Page_Dashboard/Shareholder/span_Create' is clicked on

2023-06-13 22:29:40 - [MESSAGE][PASSED] - Object: 'Object Repository/User/Page_Dashboard/Shareholder/span_Create' is clicked on]]></system-out>
         <system-err><![CDATA[]]></system-err>
      </testcase>
      <testcase name="Test Cases/User/Shareholder/List" time="2.678" classname="Test Cases/User/Shareholder/List" status="PASSED">
         <system-out><![CDATA[2023-06-13 22:29:40 - [TEST_CASE][PASSED] - Test Cases/User/Shareholder/List: Test Cases/User/Shareholder/List

2023-06-13 22:29:40 - [TEST_STEP][PASSED] - com.reusableComponent.HighlightElement.run(findTestObject("User/Page_Dashboard/Member/span_User")): com.reusableComponent.HighlightElement.run is PASSED

2023-06-13 22:29:41 - [MESSAGE][PASSED] - com.reusableComponent.HighlightElement.run is PASSED

2023-06-13 22:29:41 - [TEST_STEP][PASSED] - mouseOver(findTestObject("User/Page_Dashboard/Member/span_User")): Object: 'Object Repository/User/Page_Dashboard/Member/span_User' is hovered

2023-06-13 22:29:41 - [MESSAGE][PASSED] - Object: 'Object Repository/User/Page_Dashboard/Member/span_User' is hovered

2023-06-13 22:29:41 - [TEST_STEP][PASSED] - com.reusableComponent.HighlightElement.run(findTestObject("User/Page_Dashboard/Shareholder/span_List_User")): com.reusableComponent.HighlightElement.run is PASSED

2023-06-13 22:29:42 - [MESSAGE][PASSED] - com.reusableComponent.HighlightElement.run is PASSED

2023-06-13 22:29:42 - [TEST_STEP][PASSED] - mouseOver(findTestObject("User/Page_Dashboard/Shareholder/span_List_User")): Object: 'Object Repository/User/Page_Dashboard/Shareholder/span_List_User' is hovered

2023-06-13 22:29:42 - [MESSAGE][PASSED] - Object: 'Object Repository/User/Page_Dashboard/Shareholder/span_List_User' is hovered]]></system-out>
         <system-err><![CDATA[]]></system-err>
      </testcase>
      <testcase name="Test Cases/User/Shareholder/Limited List" time="4.529" classname="Test Cases/User/Shareholder/Limited List" status="PASSED">
         <system-out><![CDATA[2023-06-13 22:29:42 - [TEST_CASE][PASSED] - Test Cases/User/Shareholder/Limited List: Test Cases/User/Shareholder/Limited List

2023-06-13 22:29:43 - [TEST_STEP][PASSED] - com.reusableComponent.HighlightElement.run(findTestObject("User/Page_Dashboard/Member/span_User")): com.reusableComponent.HighlightElement.run is PASSED

2023-06-13 22:29:44 - [MESSAGE][PASSED] - com.reusableComponent.HighlightElement.run is PASSED

2023-06-13 22:29:44 - [TEST_STEP][PASSED] - mouseOver(findTestObject("User/Page_Dashboard/Member/span_User")): Object: 'Object Repository/User/Page_Dashboard/Member/span_User' is hovered

2023-06-13 22:29:44 - [MESSAGE][PASSED] - Object: 'Object Repository/User/Page_Dashboard/Member/span_User' is hovered

2023-06-13 22:29:44 - [TEST_STEP][PASSED] - com.reusableComponent.HighlightElement.run(findTestObject("User/Page_Dashboard/Shareholder/span_Limited List_User")): com.reusableComponent.HighlightElement.run is PASSED

2023-06-13 22:29:45 - [MESSAGE][PASSED] - com.reusableComponent.HighlightElement.run is PASSED

2023-06-13 22:29:45 - [TEST_STEP][PASSED] - mouseOver(findTestObject("User/Page_Dashboard/Shareholder/span_Limited List_User")): Object: 'Object Repository/User/Page_Dashboard/Shareholder/span_Limited List_User' is hovered

2023-06-13 22:29:45 - [MESSAGE][PASSED] - Object: 'Object Repository/User/Page_Dashboard/Shareholder/span_Limited List_User' is hovered

2023-06-13 22:29:45 - [TEST_STEP][PASSED] - click(findTestObject("User/Page_Dashboard/Shareholder/span_Limited List_User")): Object: 'Object Repository/User/Page_Dashboard/Shareholder/span_Limited List_User' is clicked on

2023-06-13 22:29:47 - [MESSAGE][PASSED] - Object: 'Object Repository/User/Page_Dashboard/Shareholder/span_Limited List_User' is clicked on]]></system-out>
         <system-err><![CDATA[]]></system-err>
      </testcase>
      <testcase name="Test Cases/User/Shareholder/All Wallet" time="12.902" classname="Test Cases/User/Shareholder/All Wallet" status="PASSED">
         <system-out><![CDATA[2023-06-13 22:29:47 - [TEST_CASE][PASSED] - Test Cases/User/Shareholder/All Wallet: Test Cases/User/Shareholder/All Wallet

2023-06-13 22:29:48 - [TEST_STEP][PASSED] - com.reusableComponent.HighlightElement.run(findTestObject("User/Page_Dashboard/Member/span_User")): com.reusableComponent.HighlightElement.run is PASSED

2023-06-13 22:29:57 - [MESSAGE][PASSED] - com.reusableComponent.HighlightElement.run is PASSED

2023-06-13 22:29:57 - [TEST_STEP][PASSED] - mouseOver(findTestObject("User/Page_Dashboard/Member/span_User")): Object: 'Object Repository/User/Page_Dashboard/Member/span_User' is hovered

2023-06-13 22:29:57 - [MESSAGE][PASSED] - Object: 'Object Repository/User/Page_Dashboard/Member/span_User' is hovered

2023-06-13 22:29:57 - [TEST_STEP][PASSED] - com.reusableComponent.HighlightElement.run(findTestObject("User/Page_Dashboard/Shareholder/span_All Wallet")): com.reusableComponent.HighlightElement.run is PASSED

2023-06-13 22:29:58 - [MESSAGE][PASSED] - com.reusableComponent.HighlightElement.run is PASSED

2023-06-13 22:29:58 - [TEST_STEP][PASSED] - mouseOver(findTestObject("User/Page_Dashboard/Shareholder/span_All Wallet")): Object: 'Object Repository/User/Page_Dashboard/Shareholder/span_All Wallet' is hovered

2023-06-13 22:29:59 - [MESSAGE][PASSED] - Object: 'Object Repository/User/Page_Dashboard/Shareholder/span_All Wallet' is hovered

2023-06-13 22:29:59 - [TEST_STEP][PASSED] - click(findTestObject("User/Page_Dashboard/Shareholder/span_All Wallet")): Object: 'Object Repository/User/Page_Dashboard/Shareholder/span_All Wallet' is clicked on

2023-06-13 22:30:00 - [MESSAGE][PASSED] - Object: 'Object Repository/User/Page_Dashboard/Shareholder/span_All Wallet' is clicked on]]></system-out>
         <system-err><![CDATA[]]></system-err>
      </testcase>
      <testcase name="Test Cases/User/Shareholder/Negative Wallet" time="15.996" classname="Test Cases/User/Shareholder/Negative Wallet" status="PASSED">
         <system-out><![CDATA[2023-06-13 22:30:00 - [TEST_CASE][PASSED] - Test Cases/User/Shareholder/Negative Wallet: Test Cases/User/Shareholder/Negative Wallet

2023-06-13 22:30:00 - [TEST_STEP][PASSED] - com.reusableComponent.HighlightElement.run(findTestObject("User/Page_Dashboard/Member/span_User")): com.reusableComponent.HighlightElement.run is PASSED

2023-06-13 22:30:01 - [MESSAGE][PASSED] - com.reusableComponent.HighlightElement.run is PASSED

2023-06-13 22:30:01 - [TEST_STEP][PASSED] - mouseOver(findTestObject("User/Page_Dashboard/Member/span_User")): Object: 'Object Repository/User/Page_Dashboard/Member/span_User' is hovered

2023-06-13 22:30:02 - [MESSAGE][PASSED] - Object: 'Object Repository/User/Page_Dashboard/Member/span_User' is hovered

2023-06-13 22:30:02 - [TEST_STEP][PASSED] - com.reusableComponent.HighlightElement.run(findTestObject("User/Page_Dashboard/Shareholder/span_Negative Wallet")): com.reusableComponent.HighlightElement.run is PASSED

2023-06-13 22:30:03 - [MESSAGE][PASSED] - com.reusableComponent.HighlightElement.run is PASSED

2023-06-13 22:30:03 - [TEST_STEP][PASSED] - mouseOver(findTestObject("User/Page_Dashboard/Shareholder/span_Negative Wallet")): Object: 'Object Repository/User/Page_Dashboard/Shareholder/span_Negative Wallet' is hovered

2023-06-13 22:30:15 - [MESSAGE][PASSED] - Object: 'Object Repository/User/Page_Dashboard/Shareholder/span_Negative Wallet' is hovered

2023-06-13 22:30:15 - [TEST_STEP][PASSED] - click(findTestObject("User/Page_Dashboard/Shareholder/span_Negative Wallet")): Object: 'Object Repository/User/Page_Dashboard/Shareholder/span_Negative Wallet' is clicked on

2023-06-13 22:30:16 - [MESSAGE][PASSED] - Object: 'Object Repository/User/Page_Dashboard/Shareholder/span_Negative Wallet' is clicked on]]></system-out>
         <system-err><![CDATA[]]></system-err>
      </testcase>
      <testcase name="Test Cases/User/Shareholder/Positive Wallet" time="3.038" classname="Test Cases/User/Shareholder/Positive Wallet" status="PASSED">
         <system-out><![CDATA[2023-06-13 22:30:16 - [TEST_CASE][PASSED] - Test Cases/User/Shareholder/Positive Wallet: Test Cases/User/Shareholder/Positive Wallet

2023-06-13 22:30:16 - [TEST_STEP][PASSED] - com.reusableComponent.HighlightElement.run(findTestObject("User/Page_Dashboard/Member/span_User")): com.reusableComponent.HighlightElement.run is PASSED

2023-06-13 22:30:17 - [MESSAGE][PASSED] - com.reusableComponent.HighlightElement.run is PASSED

2023-06-13 22:30:17 - [TEST_STEP][PASSED] - mouseOver(findTestObject("User/Page_Dashboard/Member/span_User")): Object: 'Object Repository/User/Page_Dashboard/Member/span_User' is hovered

2023-06-13 22:30:17 - [MESSAGE][PASSED] - Object: 'Object Repository/User/Page_Dashboard/Member/span_User' is hovered

2023-06-13 22:30:17 - [TEST_STEP][PASSED] - com.reusableComponent.HighlightElement.run(findTestObject("User/Page_Dashboard/Shareholder/span_Positive Wallet")): com.reusableComponent.HighlightElement.run is PASSED

2023-06-13 22:30:18 - [MESSAGE][PASSED] - com.reusableComponent.HighlightElement.run is PASSED

2023-06-13 22:30:18 - [TEST_STEP][PASSED] - mouseOver(findTestObject("User/Page_Dashboard/Shareholder/span_Positive Wallet")): Object: 'Object Repository/User/Page_Dashboard/Shareholder/span_Positive Wallet' is hovered

2023-06-13 22:30:18 - [MESSAGE][PASSED] - Object: 'Object Repository/User/Page_Dashboard/Shareholder/span_Positive Wallet' is hovered

2023-06-13 22:30:18 - [TEST_STEP][PASSED] - click(findTestObject("User/Page_Dashboard/Shareholder/span_Positive Wallet")): Object: 'Object Repository/User/Page_Dashboard/Shareholder/span_Positive Wallet' is clicked on

2023-06-13 22:30:19 - [MESSAGE][PASSED] - Object: 'Object Repository/User/Page_Dashboard/Shareholder/span_Positive Wallet' is clicked on]]></system-out>
         <system-err><![CDATA[]]></system-err>
      </testcase>
      <testcase name="Test Cases/User/Shareholder/Duplicate IP Logins" time="4.97" classname="Test Cases/User/Shareholder/Duplicate IP Logins" status="PASSED">
         <system-out><![CDATA[2023-06-13 22:30:19 - [TEST_CASE][PASSED] - Test Cases/User/Shareholder/Duplicate IP Logins: Test Cases/User/Shareholder/Duplicate IP Logins

2023-06-13 22:30:19 - [TEST_STEP][PASSED] - com.reusableComponent.HighlightElement.run(findTestObject("User/Page_Dashboard/Member/span_User")): com.reusableComponent.HighlightElement.run is PASSED

2023-06-13 22:30:20 - [MESSAGE][PASSED] - com.reusableComponent.HighlightElement.run is PASSED

2023-06-13 22:30:20 - [TEST_STEP][PASSED] - mouseOver(findTestObject("User/Page_Dashboard/Member/span_User")): Object: 'Object Repository/User/Page_Dashboard/Member/span_User' is hovered

2023-06-13 22:30:20 - [MESSAGE][PASSED] - Object: 'Object Repository/User/Page_Dashboard/Member/span_User' is hovered

2023-06-13 22:30:20 - [TEST_STEP][PASSED] - com.reusableComponent.HighlightElement.run(findTestObject("User/Page_Dashboard/Shareholder/span_Duplicate IP Logins")): com.reusableComponent.HighlightElement.run is PASSED

2023-06-13 22:30:21 - [MESSAGE][PASSED] - com.reusableComponent.HighlightElement.run is PASSED

2023-06-13 22:30:21 - [TEST_STEP][PASSED] - mouseOver(findTestObject("User/Page_Dashboard/Shareholder/span_Duplicate IP Logins")): Object: 'Object Repository/User/Page_Dashboard/Shareholder/span_Duplicate IP Logins' is hovered

2023-06-13 22:30:22 - [MESSAGE][PASSED] - Object: 'Object Repository/User/Page_Dashboard/Shareholder/span_Duplicate IP Logins' is hovered

2023-06-13 22:30:22 - [TEST_STEP][PASSED] - click(findTestObject("User/Page_Dashboard/Shareholder/span_Duplicate IP Logins")): Object: 'Object Repository/User/Page_Dashboard/Shareholder/span_Duplicate IP Logins' is clicked on

2023-06-13 22:30:24 - [MESSAGE][PASSED] - Object: 'Object Repository/User/Page_Dashboard/Shareholder/span_Duplicate IP Logins' is clicked on]]></system-out>
         <system-err><![CDATA[]]></system-err>
      </testcase>
      <system-out><![CDATA[2023-06-13 22:29:02 - [TEST_SUITE][PASSED] - Smoke: Test Cases/User/Shareholder/Duplicate IP Logins]]></system-out>
      <system-err><![CDATA[]]></system-err>
   </testsuite>
</testsuites>
