<?xml version="1.0" encoding="UTF-8"?>
<testsuites name="Smoke" time="69.149" tests="5" failures="0" errors="0">
   <testsuite name="Smoke" tests="5" failures="0" errors="0" time="69.149" skipped="0" timestamp="2023-07-10 22:27:39" hostname="hmacagba - PHPF1FXV0U.CSCMWS.CSCMWS.COM" id="Test Suites/Smoke">
      <properties>
         <property name="deviceName" value=""/>
         <property name="devicePlatform" value=""/>
         <property name="logFolder" value="C:\\Users\\hmacagba\\git\\AutomatedScripts\\Reports\\20230710_222729\\Smoke\\20230710_222729"/>
         <property name="logFiles" value="C:\\Users\\hmacagba\\git\\AutomatedScripts\\Reports\\20230710_222729\\Smoke\\20230710_222729\\execution0.log"/>
         <property name="attachments" value=""/>
         <property name="hostName" value="hmacagba - PHPF1FXV0U.CSCMWS.CSCMWS.COM"/>
         <property name="os" value="Windows 10 64bit"/>
         <property name="katalonVersion" value="8.6.5.208"/>
         <property name="browser" value="Chrome 114.0.0.0"/>
         <property name="hostAddress" value="192.168.68.101"/>
         <property name="sessionId" value="4b695b92f2ac6adc676f972f64d84f4a"/>
         <property name="seleniumVersion" value="3.141.59"/>
         <property name="proxyInformation" value="ProxyInformation { proxyOption=NO_PROXY, proxyServerType=HTTP, username=, password=********, proxyServerAddress=, proxyServerPort=0, executionList=&quot;&quot;, isApplyToDesiredCapabilities=true }"/>
         <property name="platform" value="Windows 10"/>
      </properties>
      <testcase name="Test Cases/Game/Product Sequence MYR" time="33.923" classname="Test Cases/Game/Product Sequence MYR" status="PASSED">
         <system-out><![CDATA[2023-07-10 22:27:39 - [TEST_CASE][PASSED] - Test Cases/Game/Product Sequence MYR: Test Cases/Game/Product Sequence MYR

2023-07-10 22:27:40 - [TEST_STEP][PASSED] - callTestCase(findTestCase("Login Admin"), [:], STOP_ON_FAILURE): Call Test Case 'Test Cases/Login Admin' successfully

2023-07-10 22:27:40 - [TEST_CASE][PASSED] - Test Cases/Login Admin: Test Cases/Login Admin

2023-07-10 22:27:41 - [TEST_STEP][PASSED] - openBrowser(""): Browser is opened with url: ''

2023-07-10 22:27:41 - [MESSAGE][INFO] - Starting 'Chrome' driver

2023-07-10 22:27:42 - [MESSAGE][INFO] - Action delay is set to 0 milliseconds

2023-07-10 22:27:46 - [MESSAGE][PASSED] - Browser is opened with url: ''

2023-07-10 22:27:46 - [TEST_STEP][PASSED] - maximizeWindow(): Current window maximized

2023-07-10 22:27:46 - [MESSAGE][PASSED] - Current window maximized

2023-07-10 22:27:46 - [TEST_STEP][PASSED] - navigateToUrl(URL): Navigate to 'http://admin.lkydev.site' successfully

2023-07-10 22:27:50 - [MESSAGE][PASSED] - Navigate to 'http://admin.lkydev.site' successfully

2023-07-10 22:27:50 - [TEST_STEP][PASSED] - verifyElementText(findTestObject("Object Repository/Login/Page_SUNCITY - Login/h3_Sign In To Admin System"), "Sign In To Admin System"): Actual text and expected text of test object 'Object Repository/Login/Page_SUNCITY - Login/h3_Sign In To Admin System' are matched.

2023-07-10 22:27:51 - [MESSAGE][PASSED] - Actual text and expected text of test object 'Object Repository/Login/Page_SUNCITY - Login/h3_Sign In To Admin System' are matched.

2023-07-10 22:27:51 - [TEST_STEP][PASSED] - com.reusableComponent.HighlightElement.run(findTestObject("Login/Page_SUNCITY - Login/h3_Sign In To Admin System")): com.reusableComponent.HighlightElement.run is PASSED

2023-07-10 22:27:52 - [MESSAGE][PASSED] - com.reusableComponent.HighlightElement.run is PASSED

2023-07-10 22:27:52 - [TEST_STEP][PASSED] - com.reusableComponent.HighlightElement.run(findTestObject("Login/Page_SUNCITY - Login/input_Sign In To Admin System_username")): com.reusableComponent.HighlightElement.run is PASSED

2023-07-10 22:27:52 - [MESSAGE][PASSED] - com.reusableComponent.HighlightElement.run is PASSED

2023-07-10 22:27:52 - [TEST_STEP][PASSED] - com.reusableComponent.HighlightElement.run(findTestObject("Login/Page_SUNCITY - Login/input_Sign In To Admin System_password")): com.reusableComponent.HighlightElement.run is PASSED

2023-07-10 22:27:53 - [MESSAGE][PASSED] - com.reusableComponent.HighlightElement.run is PASSED

2023-07-10 22:27:53 - [TEST_STEP][PASSED] - setText(findTestObject("Object Repository/Login/Page_SUNCITY - Login/input_Sign In To Admin System_username"), Username): Text 'devbot' is set on object 'Object Repository/Login/Page_SUNCITY - Login/input_Sign In To Admin System_username'

2023-07-10 22:27:54 - [MESSAGE][PASSED] - Text 'devbot' is set on object 'Object Repository/Login/Page_SUNCITY - Login/input_Sign In To Admin System_username'

2023-07-10 22:27:54 - [TEST_STEP][PASSED] - setText(findTestObject("Object Repository/Login/Page_SUNCITY - Login/input_Sign In To Admin System_password"), Password): Text '77889900' is set on object 'Object Repository/Login/Page_SUNCITY - Login/input_Sign In To Admin System_password'

2023-07-10 22:27:55 - [MESSAGE][PASSED] - Text '77889900' is set on object 'Object Repository/Login/Page_SUNCITY - Login/input_Sign In To Admin System_password'

2023-07-10 22:27:55 - [TEST_STEP][PASSED] - com.reusableComponent.HighlightElement.run(findTestObject("Login/Page_SUNCITY - Login/button_Next")): com.reusableComponent.HighlightElement.run is PASSED

2023-07-10 22:27:55 - [MESSAGE][PASSED] - com.reusableComponent.HighlightElement.run is PASSED

2023-07-10 22:27:55 - [TEST_STEP][PASSED] - click(findTestObject("Object Repository/Login/Page_SUNCITY - Login/button_Next")): Object: 'Object Repository/Login/Page_SUNCITY - Login/button_Next' is clicked on

2023-07-10 22:27:56 - [MESSAGE][PASSED] - Object: 'Object Repository/Login/Page_SUNCITY - Login/button_Next' is clicked on

2023-07-10 22:27:56 - [TEST_STEP][PASSED] - com.reusableComponent.HighlightElement.run(findTestObject("Login/Page_SUNCITY - Login/input_Next_verificationCode")): com.reusableComponent.HighlightElement.run is PASSED

2023-07-10 22:27:57 - [MESSAGE][PASSED] - com.reusableComponent.HighlightElement.run is PASSED

2023-07-10 22:27:57 - [TEST_STEP][PASSED] - setText(findTestObject("Object Repository/Login/Page_SUNCITY - Login/input_Next_verificationCode"), VerificationCode): Text '778899' is set on object 'Object Repository/Login/Page_SUNCITY - Login/input_Next_verificationCode'

2023-07-10 22:27:58 - [MESSAGE][PASSED] - Text '778899' is set on object 'Object Repository/Login/Page_SUNCITY - Login/input_Next_verificationCode'

2023-07-10 22:27:58 - [TEST_STEP][PASSED] - com.reusableComponent.HighlightElement.run(findTestObject("Login/Page_SUNCITY - Login/button_Sign In")): com.reusableComponent.HighlightElement.run is PASSED

2023-07-10 22:27:58 - [MESSAGE][PASSED] - com.reusableComponent.HighlightElement.run is PASSED

2023-07-10 22:27:58 - [TEST_STEP][PASSED] - click(findTestObject("Object Repository/Login/Page_SUNCITY - Login/button_Sign In")): Object: 'Object Repository/Login/Page_SUNCITY - Login/button_Sign In' is clicked on

2023-07-10 22:27:59 - [MESSAGE][PASSED] - Object: 'Object Repository/Login/Page_SUNCITY - Login/button_Sign In' is clicked on

2023-07-10 22:27:59 - [TEST_STEP][PASSED] - com.reusableComponent.HighlightElement.run(findTestObject("Login/Page_Dashboard/h2_Login Success")): com.reusableComponent.HighlightElement.run is PASSED

2023-07-10 22:28:01 - [MESSAGE][PASSED] - com.reusableComponent.HighlightElement.run is PASSED

2023-07-10 22:28:01 - [TEST_STEP][PASSED] - click(findTestObject("Object Repository/Login/Page_Dashboard/h2_Login Success")): Object: 'Object Repository/Login/Page_Dashboard/h2_Login Success' is clicked on

2023-07-10 22:28:02 - [MESSAGE][PASSED] - Object: 'Object Repository/Login/Page_Dashboard/h2_Login Success' is clicked on

2023-07-10 22:28:02 - [TEST_STEP][PASSED] - com.reusableComponent.HighlightElement.run(findTestObject("Login/Page_Dashboard/button_OK")): com.reusableComponent.HighlightElement.run is PASSED

2023-07-10 22:28:02 - [MESSAGE][PASSED] - com.reusableComponent.HighlightElement.run is PASSED

2023-07-10 22:28:02 - [TEST_STEP][PASSED] - click(findTestObject("Object Repository/Login/Page_Dashboard/button_OK")): Object: 'Object Repository/Login/Page_Dashboard/button_OK' is clicked on

2023-07-10 22:28:03 - [MESSAGE][PASSED] - Object: 'Object Repository/Login/Page_Dashboard/button_OK' is clicked on

2023-07-10 22:28:03 - [MESSAGE][PASSED] - Call Test Case 'Test Cases/Login Admin' successfully

2023-07-10 22:28:03 - [TEST_STEP][PASSED] - com.reusableComponent.HighlightElement.run(findTestObject("Game/Page_Dashboard/span_Game")): com.reusableComponent.HighlightElement.run is PASSED

2023-07-10 22:28:04 - [MESSAGE][PASSED] - com.reusableComponent.HighlightElement.run is PASSED

2023-07-10 22:28:04 - [TEST_STEP][PASSED] - mouseOver(findTestObject("Game/Page_Dashboard/span_Game")): Object: 'Object Repository/Game/Page_Dashboard/span_Game' is hovered

2023-07-10 22:28:04 - [MESSAGE][PASSED] - Object: 'Object Repository/Game/Page_Dashboard/span_Game' is hovered

2023-07-10 22:28:04 - [TEST_STEP][PASSED] - com.reusableComponent.HighlightElement.run(findTestObject("Game/Page_Dashboard/span_Product Sequence")): com.reusableComponent.HighlightElement.run is PASSED

2023-07-10 22:28:05 - [MESSAGE][PASSED] - com.reusableComponent.HighlightElement.run is PASSED

2023-07-10 22:28:05 - [TEST_STEP][PASSED] - mouseOver(findTestObject("Game/Page_Dashboard/span_Product Sequence")): Object: 'Object Repository/Game/Page_Dashboard/span_Product Sequence' is hovered

2023-07-10 22:28:05 - [MESSAGE][PASSED] - Object: 'Object Repository/Game/Page_Dashboard/span_Product Sequence' is hovered

2023-07-10 22:28:05 - [TEST_STEP][PASSED] - com.reusableComponent.HighlightElement.run(findTestObject("Game/Product Sequence/span_MYR")): com.reusableComponent.HighlightElement.run is PASSED

2023-07-10 22:28:06 - [MESSAGE][PASSED] - com.reusableComponent.HighlightElement.run is PASSED

2023-07-10 22:28:06 - [TEST_STEP][PASSED] - mouseOver(findTestObject("Game/Product Sequence/span_MYR")): Object: 'Object Repository/Game/Product Sequence/span_MYR' is hovered

2023-07-10 22:28:07 - [MESSAGE][PASSED] - Object: 'Object Repository/Game/Product Sequence/span_MYR' is hovered

2023-07-10 22:28:07 - [TEST_STEP][PASSED] - click(findTestObject("Game/Product Sequence/span_MYR")): Object: 'Object Repository/Game/Product Sequence/span_MYR' is clicked on

2023-07-10 22:28:10 - [MESSAGE][PASSED] - Object: 'Object Repository/Game/Product Sequence/span_MYR' is clicked on

2023-07-10 22:28:10 - [TEST_STEP][PASSED] - com.reusableComponent.HighlightElement.run(findTestObject("Game/Product Sequence/h3_Product Sequence")): com.reusableComponent.HighlightElement.run is PASSED

2023-07-10 22:28:11 - [MESSAGE][PASSED] - com.reusableComponent.HighlightElement.run is PASSED

2023-07-10 22:28:11 - [TEST_STEP][PASSED] - com.reusableComponent.HighlightElement.run(findTestObject("Game/Product Sequence/h4_To change sequence, drag the game to the section of your choice")): com.reusableComponent.HighlightElement.run is PASSED

2023-07-10 22:28:11 - [MESSAGE][PASSED] - com.reusableComponent.HighlightElement.run is PASSED

2023-07-10 22:28:11 - [TEST_STEP][PASSED] - com.reusableComponent.HighlightElement.run(findTestObject("Game/Product Sequence/ul_section_sortable")): com.reusableComponent.HighlightElement.run is PASSED

2023-07-10 22:28:12 - [MESSAGE][PASSED] - com.reusableComponent.HighlightElement.run is PASSED

2023-07-10 22:28:12 - [TEST_STEP][PASSED] - verifyElementVisible(findTestObject("Game/Product Sequence/h3_Product Sequence")): Object 'Object Repository/Game/Product Sequence/h3_Product Sequence' is visible

2023-07-10 22:28:12 - [MESSAGE][PASSED] - Object 'Object Repository/Game/Product Sequence/h3_Product Sequence' is visible

2023-07-10 22:28:12 - [TEST_STEP][PASSED] - verifyElementVisible(findTestObject("Game/Product Sequence/h4_To change sequence, drag the game to the section of your choice")): Object 'Object Repository/Game/Product Sequence/h4_To change sequence, drag the game to the section of your choice' is visible

2023-07-10 22:28:13 - [MESSAGE][PASSED] - Object 'Object Repository/Game/Product Sequence/h4_To change sequence, drag the game to the section of your choice' is visible

2023-07-10 22:28:13 - [TEST_STEP][PASSED] - verifyElementVisible(findTestObject("Game/Product Sequence/ul_section_sortable")): Object 'Object Repository/Game/Product Sequence/ul_section_sortable' is visible

2023-07-10 22:28:13 - [MESSAGE][PASSED] - Object 'Object Repository/Game/Product Sequence/ul_section_sortable' is visible]]></system-out>
         <system-err><![CDATA[]]></system-err>
      </testcase>
      <testcase name="Test Cases/Game/Product Sequence THB" time="9.207" classname="Test Cases/Game/Product Sequence THB" status="PASSED">
         <system-out><![CDATA[2023-07-10 22:28:13 - [TEST_CASE][PASSED] - Test Cases/Game/Product Sequence THB: Test Cases/Game/Product Sequence THB

2023-07-10 22:28:14 - [TEST_STEP][PASSED] - com.reusableComponent.HighlightElement.run(findTestObject("Game/Page_Dashboard/span_Game")): com.reusableComponent.HighlightElement.run is PASSED

2023-07-10 22:28:14 - [MESSAGE][PASSED] - com.reusableComponent.HighlightElement.run is PASSED

2023-07-10 22:28:14 - [TEST_STEP][PASSED] - mouseOver(findTestObject("Game/Page_Dashboard/span_Game")): Object: 'Object Repository/Game/Page_Dashboard/span_Game' is hovered

2023-07-10 22:28:15 - [MESSAGE][PASSED] - Object: 'Object Repository/Game/Page_Dashboard/span_Game' is hovered

2023-07-10 22:28:15 - [TEST_STEP][PASSED] - com.reusableComponent.HighlightElement.run(findTestObject("Game/Page_Dashboard/span_Product Sequence")): com.reusableComponent.HighlightElement.run is PASSED

2023-07-10 22:28:15 - [MESSAGE][PASSED] - com.reusableComponent.HighlightElement.run is PASSED

2023-07-10 22:28:15 - [TEST_STEP][PASSED] - mouseOver(findTestObject("Game/Page_Dashboard/span_Product Sequence")): Object: 'Object Repository/Game/Page_Dashboard/span_Product Sequence' is hovered

2023-07-10 22:28:16 - [MESSAGE][PASSED] - Object: 'Object Repository/Game/Page_Dashboard/span_Product Sequence' is hovered

2023-07-10 22:28:16 - [TEST_STEP][PASSED] - com.reusableComponent.HighlightElement.run(findTestObject("Game/Product Sequence/span_THB")): com.reusableComponent.HighlightElement.run is PASSED

2023-07-10 22:28:16 - [MESSAGE][PASSED] - com.reusableComponent.HighlightElement.run is PASSED

2023-07-10 22:28:16 - [TEST_STEP][PASSED] - mouseOver(findTestObject("Game/Product Sequence/span_THB")): Object: 'Object Repository/Game/Product Sequence/span_THB' is hovered

2023-07-10 22:28:17 - [MESSAGE][PASSED] - Object: 'Object Repository/Game/Product Sequence/span_THB' is hovered

2023-07-10 22:28:17 - [TEST_STEP][PASSED] - click(findTestObject("Game/Product Sequence/span_THB")): Object: 'Object Repository/Game/Product Sequence/span_THB' is clicked on

2023-07-10 22:28:20 - [MESSAGE][PASSED] - Object: 'Object Repository/Game/Product Sequence/span_THB' is clicked on

2023-07-10 22:28:20 - [TEST_STEP][PASSED] - com.reusableComponent.HighlightElement.run(findTestObject("Game/Product Sequence/h3_Product Sequence")): com.reusableComponent.HighlightElement.run is PASSED

2023-07-10 22:28:20 - [MESSAGE][PASSED] - com.reusableComponent.HighlightElement.run is PASSED

2023-07-10 22:28:20 - [TEST_STEP][PASSED] - com.reusableComponent.HighlightElement.run(findTestObject("Game/Product Sequence/h4_To change sequence, drag the game to the section of your choice")): com.reusableComponent.HighlightElement.run is PASSED

2023-07-10 22:28:21 - [MESSAGE][PASSED] - com.reusableComponent.HighlightElement.run is PASSED

2023-07-10 22:28:21 - [TEST_STEP][PASSED] - com.reusableComponent.HighlightElement.run(findTestObject("Game/Product Sequence/ul_section_sortable")): com.reusableComponent.HighlightElement.run is PASSED

2023-07-10 22:28:21 - [MESSAGE][PASSED] - com.reusableComponent.HighlightElement.run is PASSED

2023-07-10 22:28:21 - [TEST_STEP][PASSED] - verifyElementVisible(findTestObject("Game/Product Sequence/h3_Product Sequence")): Object 'Object Repository/Game/Product Sequence/h3_Product Sequence' is visible

2023-07-10 22:28:22 - [MESSAGE][PASSED] - Object 'Object Repository/Game/Product Sequence/h3_Product Sequence' is visible

2023-07-10 22:28:22 - [TEST_STEP][PASSED] - verifyElementVisible(findTestObject("Game/Product Sequence/h4_To change sequence, drag the game to the section of your choice")): Object 'Object Repository/Game/Product Sequence/h4_To change sequence, drag the game to the section of your choice' is visible

2023-07-10 22:28:22 - [MESSAGE][PASSED] - Object 'Object Repository/Game/Product Sequence/h4_To change sequence, drag the game to the section of your choice' is visible

2023-07-10 22:28:22 - [TEST_STEP][PASSED] - verifyElementVisible(findTestObject("Game/Product Sequence/ul_section_sortable")): Object 'Object Repository/Game/Product Sequence/ul_section_sortable' is visible

2023-07-10 22:28:22 - [MESSAGE][PASSED] - Object 'Object Repository/Game/Product Sequence/ul_section_sortable' is visible]]></system-out>
         <system-err><![CDATA[]]></system-err>
      </testcase>
      <testcase name="Test Cases/Game/Product Sequence IDR" time="8.476" classname="Test Cases/Game/Product Sequence IDR" status="PASSED">
         <system-out><![CDATA[2023-07-10 22:28:22 - [TEST_CASE][PASSED] - Test Cases/Game/Product Sequence IDR: Test Cases/Game/Product Sequence IDR

2023-07-10 22:28:23 - [TEST_STEP][PASSED] - com.reusableComponent.HighlightElement.run(findTestObject("Game/Page_Dashboard/span_Game")): com.reusableComponent.HighlightElement.run is PASSED

2023-07-10 22:28:23 - [MESSAGE][PASSED] - com.reusableComponent.HighlightElement.run is PASSED

2023-07-10 22:28:23 - [TEST_STEP][PASSED] - mouseOver(findTestObject("Game/Page_Dashboard/span_Game")): Object: 'Object Repository/Game/Page_Dashboard/span_Game' is hovered

2023-07-10 22:28:24 - [MESSAGE][PASSED] - Object: 'Object Repository/Game/Page_Dashboard/span_Game' is hovered

2023-07-10 22:28:24 - [TEST_STEP][PASSED] - com.reusableComponent.HighlightElement.run(findTestObject("Game/Page_Dashboard/span_Product Sequence")): com.reusableComponent.HighlightElement.run is PASSED

2023-07-10 22:28:24 - [MESSAGE][PASSED] - com.reusableComponent.HighlightElement.run is PASSED

2023-07-10 22:28:24 - [TEST_STEP][PASSED] - mouseOver(findTestObject("Game/Page_Dashboard/span_Product Sequence")): Object: 'Object Repository/Game/Page_Dashboard/span_Product Sequence' is hovered

2023-07-10 22:28:25 - [MESSAGE][PASSED] - Object: 'Object Repository/Game/Page_Dashboard/span_Product Sequence' is hovered

2023-07-10 22:28:25 - [TEST_STEP][PASSED] - com.reusableComponent.HighlightElement.run(findTestObject("Game/Product Sequence/span_IDR")): com.reusableComponent.HighlightElement.run is PASSED

2023-07-10 22:28:25 - [MESSAGE][PASSED] - com.reusableComponent.HighlightElement.run is PASSED

2023-07-10 22:28:26 - [TEST_STEP][PASSED] - mouseOver(findTestObject("Game/Product Sequence/span_IDR")): Object: 'Object Repository/Game/Product Sequence/span_IDR' is hovered

2023-07-10 22:28:26 - [MESSAGE][PASSED] - Object: 'Object Repository/Game/Product Sequence/span_IDR' is hovered

2023-07-10 22:28:26 - [TEST_STEP][PASSED] - click(findTestObject("Game/Product Sequence/span_IDR")): Object: 'Object Repository/Game/Product Sequence/span_IDR' is clicked on

2023-07-10 22:28:28 - [MESSAGE][PASSED] - Object: 'Object Repository/Game/Product Sequence/span_IDR' is clicked on

2023-07-10 22:28:28 - [TEST_STEP][PASSED] - com.reusableComponent.HighlightElement.run(findTestObject("Game/Product Sequence/h3_Product Sequence")): com.reusableComponent.HighlightElement.run is PASSED

2023-07-10 22:28:29 - [MESSAGE][PASSED] - com.reusableComponent.HighlightElement.run is PASSED

2023-07-10 22:28:29 - [TEST_STEP][PASSED] - com.reusableComponent.HighlightElement.run(findTestObject("Game/Product Sequence/h4_To change sequence, drag the game to the section of your choice")): com.reusableComponent.HighlightElement.run is PASSED

2023-07-10 22:28:29 - [MESSAGE][PASSED] - com.reusableComponent.HighlightElement.run is PASSED

2023-07-10 22:28:29 - [TEST_STEP][PASSED] - com.reusableComponent.HighlightElement.run(findTestObject("Game/Product Sequence/ul_section_sortable")): com.reusableComponent.HighlightElement.run is PASSED

2023-07-10 22:28:30 - [MESSAGE][PASSED] - com.reusableComponent.HighlightElement.run is PASSED

2023-07-10 22:28:30 - [TEST_STEP][PASSED] - verifyElementVisible(findTestObject("Game/Product Sequence/h3_Product Sequence")): Object 'Object Repository/Game/Product Sequence/h3_Product Sequence' is visible

2023-07-10 22:28:30 - [MESSAGE][PASSED] - Object 'Object Repository/Game/Product Sequence/h3_Product Sequence' is visible

2023-07-10 22:28:30 - [TEST_STEP][PASSED] - verifyElementVisible(findTestObject("Game/Product Sequence/h4_To change sequence, drag the game to the section of your choice")): Object 'Object Repository/Game/Product Sequence/h4_To change sequence, drag the game to the section of your choice' is visible

2023-07-10 22:28:30 - [MESSAGE][PASSED] - Object 'Object Repository/Game/Product Sequence/h4_To change sequence, drag the game to the section of your choice' is visible

2023-07-10 22:28:30 - [TEST_STEP][PASSED] - verifyElementVisible(findTestObject("Game/Product Sequence/ul_section_sortable")): Object 'Object Repository/Game/Product Sequence/ul_section_sortable' is visible

2023-07-10 22:28:31 - [MESSAGE][PASSED] - Object 'Object Repository/Game/Product Sequence/ul_section_sortable' is visible]]></system-out>
         <system-err><![CDATA[]]></system-err>
      </testcase>
      <testcase name="Test Cases/Game/Product Sequence MMK" time="8.615" classname="Test Cases/Game/Product Sequence MMK" status="PASSED">
         <system-out><![CDATA[2023-07-10 22:28:31 - [TEST_CASE][PASSED] - Test Cases/Game/Product Sequence MMK: Test Cases/Game/Product Sequence MMK

2023-07-10 22:28:31 - [TEST_STEP][PASSED] - com.reusableComponent.HighlightElement.run(findTestObject("Game/Page_Dashboard/span_Game")): com.reusableComponent.HighlightElement.run is PASSED

2023-07-10 22:28:32 - [MESSAGE][PASSED] - com.reusableComponent.HighlightElement.run is PASSED

2023-07-10 22:28:32 - [TEST_STEP][PASSED] - mouseOver(findTestObject("Game/Page_Dashboard/span_Game")): Object: 'Object Repository/Game/Page_Dashboard/span_Game' is hovered

2023-07-10 22:28:32 - [MESSAGE][PASSED] - Object: 'Object Repository/Game/Page_Dashboard/span_Game' is hovered

2023-07-10 22:28:32 - [TEST_STEP][PASSED] - com.reusableComponent.HighlightElement.run(findTestObject("Game/Page_Dashboard/span_Product Sequence")): com.reusableComponent.HighlightElement.run is PASSED

2023-07-10 22:28:33 - [MESSAGE][PASSED] - com.reusableComponent.HighlightElement.run is PASSED

2023-07-10 22:28:33 - [TEST_STEP][PASSED] - mouseOver(findTestObject("Game/Page_Dashboard/span_Product Sequence")): Object: 'Object Repository/Game/Page_Dashboard/span_Product Sequence' is hovered

2023-07-10 22:28:33 - [MESSAGE][PASSED] - Object: 'Object Repository/Game/Page_Dashboard/span_Product Sequence' is hovered

2023-07-10 22:28:33 - [TEST_STEP][PASSED] - com.reusableComponent.HighlightElement.run(findTestObject("Game/Product Sequence/span_MMK")): com.reusableComponent.HighlightElement.run is PASSED

2023-07-10 22:28:34 - [MESSAGE][PASSED] - com.reusableComponent.HighlightElement.run is PASSED

2023-07-10 22:28:34 - [TEST_STEP][PASSED] - mouseOver(findTestObject("Game/Product Sequence/span_MMK")): Object: 'Object Repository/Game/Product Sequence/span_MMK' is hovered

2023-07-10 22:28:34 - [MESSAGE][PASSED] - Object: 'Object Repository/Game/Product Sequence/span_MMK' is hovered

2023-07-10 22:28:34 - [TEST_STEP][PASSED] - click(findTestObject("Game/Product Sequence/span_MMK")): Object: 'Object Repository/Game/Product Sequence/span_MMK' is clicked on

2023-07-10 22:28:36 - [MESSAGE][PASSED] - Object: 'Object Repository/Game/Product Sequence/span_MMK' is clicked on

2023-07-10 22:28:36 - [TEST_STEP][PASSED] - com.reusableComponent.HighlightElement.run(findTestObject("Game/Product Sequence/h3_Product Sequence")): com.reusableComponent.HighlightElement.run is PASSED

2023-07-10 22:28:37 - [MESSAGE][PASSED] - com.reusableComponent.HighlightElement.run is PASSED

2023-07-10 22:28:37 - [TEST_STEP][PASSED] - com.reusableComponent.HighlightElement.run(findTestObject("Game/Product Sequence/h4_To change sequence, drag the game to the section of your choice")): com.reusableComponent.HighlightElement.run is PASSED

2023-07-10 22:28:38 - [MESSAGE][PASSED] - com.reusableComponent.HighlightElement.run is PASSED

2023-07-10 22:28:38 - [TEST_STEP][PASSED] - com.reusableComponent.HighlightElement.run(findTestObject("Game/Product Sequence/ul_section_sortable")): com.reusableComponent.HighlightElement.run is PASSED

2023-07-10 22:28:38 - [MESSAGE][PASSED] - com.reusableComponent.HighlightElement.run is PASSED

2023-07-10 22:28:38 - [TEST_STEP][PASSED] - verifyElementVisible(findTestObject("Game/Product Sequence/h3_Product Sequence")): Object 'Object Repository/Game/Product Sequence/h3_Product Sequence' is visible

2023-07-10 22:28:39 - [MESSAGE][PASSED] - Object 'Object Repository/Game/Product Sequence/h3_Product Sequence' is visible

2023-07-10 22:28:39 - [TEST_STEP][PASSED] - verifyElementVisible(findTestObject("Game/Product Sequence/h4_To change sequence, drag the game to the section of your choice")): Object 'Object Repository/Game/Product Sequence/h4_To change sequence, drag the game to the section of your choice' is visible

2023-07-10 22:28:39 - [MESSAGE][PASSED] - Object 'Object Repository/Game/Product Sequence/h4_To change sequence, drag the game to the section of your choice' is visible

2023-07-10 22:28:39 - [TEST_STEP][PASSED] - verifyElementVisible(findTestObject("Game/Product Sequence/ul_section_sortable")): Object 'Object Repository/Game/Product Sequence/ul_section_sortable' is visible

2023-07-10 22:28:39 - [MESSAGE][PASSED] - Object 'Object Repository/Game/Product Sequence/ul_section_sortable' is visible]]></system-out>
         <system-err><![CDATA[]]></system-err>
      </testcase>
      <testcase name="Test Cases/Game/Product Sequence RMB" time="8.419" classname="Test Cases/Game/Product Sequence RMB" status="PASSED">
         <system-out><![CDATA[2023-07-10 22:28:39 - [TEST_CASE][PASSED] - Test Cases/Game/Product Sequence RMB: Test Cases/Game/Product Sequence RMB

2023-07-10 22:28:40 - [TEST_STEP][PASSED] - com.reusableComponent.HighlightElement.run(findTestObject("Game/Page_Dashboard/span_Game")): com.reusableComponent.HighlightElement.run is PASSED

2023-07-10 22:28:40 - [MESSAGE][PASSED] - com.reusableComponent.HighlightElement.run is PASSED

2023-07-10 22:28:40 - [TEST_STEP][PASSED] - mouseOver(findTestObject("Game/Page_Dashboard/span_Game")): Object: 'Object Repository/Game/Page_Dashboard/span_Game' is hovered

2023-07-10 22:28:41 - [MESSAGE][PASSED] - Object: 'Object Repository/Game/Page_Dashboard/span_Game' is hovered

2023-07-10 22:28:41 - [TEST_STEP][PASSED] - com.reusableComponent.HighlightElement.run(findTestObject("Game/Page_Dashboard/span_Product Sequence")): com.reusableComponent.HighlightElement.run is PASSED

2023-07-10 22:28:41 - [MESSAGE][PASSED] - com.reusableComponent.HighlightElement.run is PASSED

2023-07-10 22:28:41 - [TEST_STEP][PASSED] - mouseOver(findTestObject("Game/Page_Dashboard/span_Product Sequence")): Object: 'Object Repository/Game/Page_Dashboard/span_Product Sequence' is hovered

2023-07-10 22:28:42 - [MESSAGE][PASSED] - Object: 'Object Repository/Game/Page_Dashboard/span_Product Sequence' is hovered

2023-07-10 22:28:42 - [TEST_STEP][PASSED] - com.reusableComponent.HighlightElement.run(findTestObject("Game/Product Sequence/span_RMB")): com.reusableComponent.HighlightElement.run is PASSED

2023-07-10 22:28:42 - [MESSAGE][PASSED] - com.reusableComponent.HighlightElement.run is PASSED

2023-07-10 22:28:42 - [TEST_STEP][PASSED] - mouseOver(findTestObject("Game/Product Sequence/span_RMB")): Object: 'Object Repository/Game/Product Sequence/span_RMB' is hovered

2023-07-10 22:28:43 - [MESSAGE][PASSED] - Object: 'Object Repository/Game/Product Sequence/span_RMB' is hovered

2023-07-10 22:28:43 - [TEST_STEP][PASSED] - click(findTestObject("Game/Product Sequence/span_RMB")): Object: 'Object Repository/Game/Product Sequence/span_RMB' is clicked on

2023-07-10 22:28:45 - [MESSAGE][PASSED] - Object: 'Object Repository/Game/Product Sequence/span_RMB' is clicked on

2023-07-10 22:28:45 - [TEST_STEP][PASSED] - com.reusableComponent.HighlightElement.run(findTestObject("Game/Product Sequence/h3_Product Sequence")): com.reusableComponent.HighlightElement.run is PASSED

2023-07-10 22:28:46 - [MESSAGE][PASSED] - com.reusableComponent.HighlightElement.run is PASSED

2023-07-10 22:28:46 - [TEST_STEP][PASSED] - com.reusableComponent.HighlightElement.run(findTestObject("Game/Product Sequence/h4_To change sequence, drag the game to the section of your choice")): com.reusableComponent.HighlightElement.run is PASSED

2023-07-10 22:28:46 - [MESSAGE][PASSED] - com.reusableComponent.HighlightElement.run is PASSED

2023-07-10 22:28:46 - [TEST_STEP][PASSED] - com.reusableComponent.HighlightElement.run(findTestObject("Game/Product Sequence/ul_section_sortable")): com.reusableComponent.HighlightElement.run is PASSED

2023-07-10 22:28:47 - [MESSAGE][PASSED] - com.reusableComponent.HighlightElement.run is PASSED

2023-07-10 22:28:47 - [TEST_STEP][PASSED] - verifyElementVisible(findTestObject("Game/Product Sequence/h3_Product Sequence")): Object 'Object Repository/Game/Product Sequence/h3_Product Sequence' is visible

2023-07-10 22:28:47 - [MESSAGE][PASSED] - Object 'Object Repository/Game/Product Sequence/h3_Product Sequence' is visible

2023-07-10 22:28:47 - [TEST_STEP][PASSED] - verifyElementVisible(findTestObject("Game/Product Sequence/h4_To change sequence, drag the game to the section of your choice")): Object 'Object Repository/Game/Product Sequence/h4_To change sequence, drag the game to the section of your choice' is visible

2023-07-10 22:28:47 - [MESSAGE][PASSED] - Object 'Object Repository/Game/Product Sequence/h4_To change sequence, drag the game to the section of your choice' is visible

2023-07-10 22:28:47 - [TEST_STEP][PASSED] - verifyElementVisible(findTestObject("Game/Product Sequence/ul_section_sortable")): Object 'Object Repository/Game/Product Sequence/ul_section_sortable' is visible

2023-07-10 22:28:48 - [MESSAGE][PASSED] - Object 'Object Repository/Game/Product Sequence/ul_section_sortable' is visible]]></system-out>
         <system-err><![CDATA[]]></system-err>
      </testcase>
      <system-out><![CDATA[2023-07-10 22:27:39 - [TEST_SUITE][PASSED] - Smoke: Test Cases/Game/Product Sequence RMB]]></system-out>
      <system-err><![CDATA[]]></system-err>
   </testsuite>
</testsuites>
