<?xml version="1.0" encoding="UTF-8"?>
<testsuites name="Smoke" time="164.974" tests="5" failures="0" errors="0">
   <testsuite name="Smoke" tests="5" failures="0" errors="0" time="164.974" skipped="0" timestamp="2023-07-14 19:50:08" hostname="hmacagba - PHPF1FXV0U.CSCMWS.CSCMWS.COM" id="Test Suites/Smoke">
      <properties>
         <property name="deviceName" value=""/>
         <property name="devicePlatform" value=""/>
         <property name="logFolder" value="C:\\Users\\hmacagba\\git\\AutomatedScripts\\Reports\\20230714_194958\\Smoke\\20230714_194958"/>
         <property name="logFiles" value="C:\\Users\\hmacagba\\git\\AutomatedScripts\\Reports\\20230714_194958\\Smoke\\20230714_194958\\execution0.log"/>
         <property name="attachments" value=""/>
         <property name="hostName" value="hmacagba - PHPF1FXV0U.CSCMWS.CSCMWS.COM"/>
         <property name="os" value="Windows 10 64bit"/>
         <property name="katalonVersion" value="8.6.5.208"/>
         <property name="browser" value="Chrome 114.0.0.0"/>
         <property name="hostAddress" value="192.168.68.106"/>
         <property name="sessionId" value="365cd5ec42d19b09a12b68174bd83411"/>
         <property name="seleniumVersion" value="3.141.59"/>
         <property name="proxyInformation" value="ProxyInformation { proxyOption=NO_PROXY, proxyServerType=HTTP, username=, password=********, proxyServerAddress=, proxyServerPort=0, executionList=&quot;&quot;, isApplyToDesiredCapabilities=true }"/>
         <property name="platform" value="Windows 10"/>
      </properties>
      <testcase name="Test Cases/Leaderboard/List MYR" time="52.489" classname="Test Cases/Leaderboard/List MYR" status="PASSED">
         <system-out><![CDATA[2023-07-14 19:50:09 - [TEST_CASE][PASSED] - Test Cases/Leaderboard/List MYR: Test Cases/Leaderboard/List MYR

2023-07-14 19:50:10 - [TEST_STEP][PASSED] - callTestCase(findTestCase("Login Admin"), [:], STOP_ON_FAILURE): Call Test Case 'Test Cases/Login Admin' successfully

2023-07-14 19:50:10 - [TEST_CASE][PASSED] - Test Cases/Login Admin: Test Cases/Login Admin

2023-07-14 19:50:11 - [TEST_STEP][PASSED] - openBrowser(""): Browser is opened with url: ''

2023-07-14 19:50:12 - [MESSAGE][INFO] - Starting 'Chrome' driver

2023-07-14 19:50:12 - [MESSAGE][INFO] - Action delay is set to 0 milliseconds

2023-07-14 19:50:16 - [MESSAGE][PASSED] - Browser is opened with url: ''

2023-07-14 19:50:16 - [TEST_STEP][PASSED] - maximizeWindow(): Current window maximized

2023-07-14 19:50:17 - [MESSAGE][PASSED] - Current window maximized

2023-07-14 19:50:17 - [TEST_STEP][PASSED] - navigateToUrl(URL): Navigate to 'http://admin.lkydev.site' successfully

2023-07-14 19:50:21 - [MESSAGE][PASSED] - Navigate to 'http://admin.lkydev.site' successfully

2023-07-14 19:50:21 - [TEST_STEP][PASSED] - verifyElementText(findTestObject("Object Repository/Login/Page_SUNCITY - Login/h3_Sign In To Admin System"), "Sign In To Admin System"): Actual text and expected text of test object 'Object Repository/Login/Page_SUNCITY - Login/h3_Sign In To Admin System' are matched.

2023-07-14 19:50:22 - [MESSAGE][PASSED] - Actual text and expected text of test object 'Object Repository/Login/Page_SUNCITY - Login/h3_Sign In To Admin System' are matched.

2023-07-14 19:50:22 - [TEST_STEP][PASSED] - com.reusableComponent.HighlightElement.run(findTestObject("Login/Page_SUNCITY - Login/h3_Sign In To Admin System")): com.reusableComponent.HighlightElement.run is PASSED

2023-07-14 19:50:22 - [MESSAGE][PASSED] - com.reusableComponent.HighlightElement.run is PASSED

2023-07-14 19:50:22 - [TEST_STEP][PASSED] - com.reusableComponent.HighlightElement.run(findTestObject("Login/Page_SUNCITY - Login/input_Sign In To Admin System_username")): com.reusableComponent.HighlightElement.run is PASSED

2023-07-14 19:50:23 - [MESSAGE][PASSED] - com.reusableComponent.HighlightElement.run is PASSED

2023-07-14 19:50:23 - [TEST_STEP][PASSED] - com.reusableComponent.HighlightElement.run(findTestObject("Login/Page_SUNCITY - Login/input_Sign In To Admin System_password")): com.reusableComponent.HighlightElement.run is PASSED

2023-07-14 19:50:23 - [MESSAGE][PASSED] - com.reusableComponent.HighlightElement.run is PASSED

2023-07-14 19:50:23 - [TEST_STEP][PASSED] - setText(findTestObject("Object Repository/Login/Page_SUNCITY - Login/input_Sign In To Admin System_username"), Username): Text 'devbot' is set on object 'Object Repository/Login/Page_SUNCITY - Login/input_Sign In To Admin System_username'

2023-07-14 19:50:24 - [MESSAGE][PASSED] - Text 'devbot' is set on object 'Object Repository/Login/Page_SUNCITY - Login/input_Sign In To Admin System_username'

2023-07-14 19:50:24 - [TEST_STEP][PASSED] - setText(findTestObject("Object Repository/Login/Page_SUNCITY - Login/input_Sign In To Admin System_password"), Password): Text '77889900' is set on object 'Object Repository/Login/Page_SUNCITY - Login/input_Sign In To Admin System_password'

2023-07-14 19:50:25 - [MESSAGE][PASSED] - Text '77889900' is set on object 'Object Repository/Login/Page_SUNCITY - Login/input_Sign In To Admin System_password'

2023-07-14 19:50:25 - [TEST_STEP][PASSED] - com.reusableComponent.HighlightElement.run(findTestObject("Login/Page_SUNCITY - Login/button_Next")): com.reusableComponent.HighlightElement.run is PASSED

2023-07-14 19:50:25 - [MESSAGE][PASSED] - com.reusableComponent.HighlightElement.run is PASSED

2023-07-14 19:50:25 - [TEST_STEP][PASSED] - click(findTestObject("Object Repository/Login/Page_SUNCITY - Login/button_Next")): Object: 'Object Repository/Login/Page_SUNCITY - Login/button_Next' is clicked on

2023-07-14 19:50:26 - [MESSAGE][PASSED] - Object: 'Object Repository/Login/Page_SUNCITY - Login/button_Next' is clicked on

2023-07-14 19:50:26 - [TEST_STEP][PASSED] - com.reusableComponent.HighlightElement.run(findTestObject("Login/Page_SUNCITY - Login/input_Next_verificationCode")): com.reusableComponent.HighlightElement.run is PASSED

2023-07-14 19:50:27 - [MESSAGE][PASSED] - com.reusableComponent.HighlightElement.run is PASSED

2023-07-14 19:50:27 - [TEST_STEP][PASSED] - setText(findTestObject("Object Repository/Login/Page_SUNCITY - Login/input_Next_verificationCode"), VerificationCode): Text '778899' is set on object 'Object Repository/Login/Page_SUNCITY - Login/input_Next_verificationCode'

2023-07-14 19:50:28 - [MESSAGE][PASSED] - Text '778899' is set on object 'Object Repository/Login/Page_SUNCITY - Login/input_Next_verificationCode'

2023-07-14 19:50:28 - [TEST_STEP][PASSED] - com.reusableComponent.HighlightElement.run(findTestObject("Login/Page_SUNCITY - Login/button_Sign In")): com.reusableComponent.HighlightElement.run is PASSED

2023-07-14 19:50:28 - [MESSAGE][PASSED] - com.reusableComponent.HighlightElement.run is PASSED

2023-07-14 19:50:28 - [TEST_STEP][PASSED] - click(findTestObject("Object Repository/Login/Page_SUNCITY - Login/button_Sign In")): Object: 'Object Repository/Login/Page_SUNCITY - Login/button_Sign In' is clicked on

2023-07-14 19:50:29 - [MESSAGE][PASSED] - Object: 'Object Repository/Login/Page_SUNCITY - Login/button_Sign In' is clicked on

2023-07-14 19:50:29 - [TEST_STEP][PASSED] - com.reusableComponent.HighlightElement.run(findTestObject("Login/Page_Dashboard/h2_Login Success")): com.reusableComponent.HighlightElement.run is PASSED

2023-07-14 19:50:32 - [MESSAGE][PASSED] - com.reusableComponent.HighlightElement.run is PASSED

2023-07-14 19:50:32 - [TEST_STEP][PASSED] - click(findTestObject("Object Repository/Login/Page_Dashboard/h2_Login Success")): Object: 'Object Repository/Login/Page_Dashboard/h2_Login Success' is clicked on

2023-07-14 19:50:32 - [MESSAGE][PASSED] - Object: 'Object Repository/Login/Page_Dashboard/h2_Login Success' is clicked on

2023-07-14 19:50:32 - [TEST_STEP][PASSED] - com.reusableComponent.HighlightElement.run(findTestObject("Login/Page_Dashboard/button_OK")): com.reusableComponent.HighlightElement.run is PASSED

2023-07-14 19:50:33 - [MESSAGE][PASSED] - com.reusableComponent.HighlightElement.run is PASSED

2023-07-14 19:50:33 - [TEST_STEP][PASSED] - click(findTestObject("Object Repository/Login/Page_Dashboard/button_OK")): Object: 'Object Repository/Login/Page_Dashboard/button_OK' is clicked on

2023-07-14 19:50:33 - [MESSAGE][PASSED] - Object: 'Object Repository/Login/Page_Dashboard/button_OK' is clicked on

2023-07-14 19:50:33 - [MESSAGE][PASSED] - Call Test Case 'Test Cases/Login Admin' successfully

2023-07-14 19:50:33 - [TEST_STEP][PASSED] - com.reusableComponent.HighlightElement.run(findTestObject("Leaderboard/Page_Dashboard/span_leaderboard")): com.reusableComponent.HighlightElement.run is PASSED

2023-07-14 19:50:34 - [MESSAGE][PASSED] - com.reusableComponent.HighlightElement.run is PASSED

2023-07-14 19:50:34 - [TEST_STEP][PASSED] - mouseOver(findTestObject("Leaderboard/Page_Dashboard/span_leaderboard")): Object: 'Object Repository/Leaderboard/Page_Dashboard/span_leaderboard' is hovered

2023-07-14 19:50:35 - [MESSAGE][PASSED] - Object: 'Object Repository/Leaderboard/Page_Dashboard/span_leaderboard' is hovered

2023-07-14 19:50:35 - [TEST_STEP][PASSED] - com.reusableComponent.HighlightElement.run(findTestObject("Leaderboard/Page_Dashboard/span_List")): com.reusableComponent.HighlightElement.run is PASSED

2023-07-14 19:50:35 - [MESSAGE][PASSED] - com.reusableComponent.HighlightElement.run is PASSED

2023-07-14 19:50:35 - [TEST_STEP][PASSED] - mouseOver(findTestObject("Leaderboard/Page_Dashboard/span_List")): Object: 'Object Repository/Leaderboard/Page_Dashboard/span_List' is hovered

2023-07-14 19:50:36 - [MESSAGE][PASSED] - Object: 'Object Repository/Leaderboard/Page_Dashboard/span_List' is hovered

2023-07-14 19:50:36 - [TEST_STEP][PASSED] - com.reusableComponent.HighlightElement.run(findTestObject("Leaderboard/Page_Dashboard/span_MYR")): com.reusableComponent.HighlightElement.run is PASSED

2023-07-14 19:50:36 - [MESSAGE][PASSED] - com.reusableComponent.HighlightElement.run is PASSED

2023-07-14 19:50:36 - [TEST_STEP][PASSED] - mouseOver(findTestObject("Leaderboard/Page_Dashboard/span_MYR")): Object: 'Object Repository/Leaderboard/Page_Dashboard/span_MYR' is hovered

2023-07-14 19:50:37 - [MESSAGE][PASSED] - Object: 'Object Repository/Leaderboard/Page_Dashboard/span_MYR' is hovered

2023-07-14 19:50:37 - [TEST_STEP][PASSED] - click(findTestObject("Leaderboard/Page_Dashboard/span_MYR")): Object: 'Object Repository/Leaderboard/Page_Dashboard/span_MYR' is clicked on

2023-07-14 19:50:40 - [MESSAGE][PASSED] - Object: 'Object Repository/Leaderboard/Page_Dashboard/span_MYR' is clicked on

2023-07-14 19:50:40 - [TEST_STEP][PASSED] - com.reusableComponent.HighlightElement.run(findTestObject("Leaderboard/Leaderboard List/h3_Leaderboard Management")): com.reusableComponent.HighlightElement.run is PASSED

2023-07-14 19:50:41 - [MESSAGE][PASSED] - com.reusableComponent.HighlightElement.run is PASSED

2023-07-14 19:50:41 - [TEST_STEP][PASSED] - com.reusableComponent.HighlightElement.run(findTestObject("Leaderboard/Leaderboard List/button_Add")): com.reusableComponent.HighlightElement.run is PASSED

2023-07-14 19:50:41 - [MESSAGE][PASSED] - com.reusableComponent.HighlightElement.run is PASSED

2023-07-14 19:50:41 - [TEST_STEP][PASSED] - verifyElementVisible(findTestObject("Leaderboard/Leaderboard List/h3_Leaderboard Management")): Object 'Object Repository/Leaderboard/Leaderboard List/h3_Leaderboard Management' is visible

2023-07-14 19:50:42 - [MESSAGE][PASSED] - Object 'Object Repository/Leaderboard/Leaderboard List/h3_Leaderboard Management' is visible

2023-07-14 19:50:42 - [TEST_STEP][PASSED] - verifyElementVisible(findTestObject("Leaderboard/Leaderboard List/button_Add")): Object 'Object Repository/Leaderboard/Leaderboard List/button_Add' is visible

2023-07-14 19:50:42 - [MESSAGE][PASSED] - Object 'Object Repository/Leaderboard/Leaderboard List/button_Add' is visible

2023-07-14 19:50:42 - [TEST_STEP][PASSED] - com.reusableComponent.HighlightElement.run(findTestObject("Leaderboard/Leaderboard List/select_102550100")): com.reusableComponent.HighlightElement.run is PASSED

2023-07-14 19:50:42 - [MESSAGE][PASSED] - com.reusableComponent.HighlightElement.run is PASSED

2023-07-14 19:50:42 - [TEST_STEP][PASSED] - com.reusableComponent.HighlightElement.run(findTestObject("Leaderboard/Leaderboard List/span_Copy")): com.reusableComponent.HighlightElement.run is PASSED

2023-07-14 19:50:43 - [MESSAGE][PASSED] - com.reusableComponent.HighlightElement.run is PASSED

2023-07-14 19:50:43 - [TEST_STEP][PASSED] - com.reusableComponent.HighlightElement.run(findTestObject("Leaderboard/Leaderboard List/span_CSV")): com.reusableComponent.HighlightElement.run is PASSED

2023-07-14 19:50:43 - [MESSAGE][PASSED] - com.reusableComponent.HighlightElement.run is PASSED

2023-07-14 19:50:43 - [TEST_STEP][PASSED] - com.reusableComponent.HighlightElement.run(findTestObject("Leaderboard/Leaderboard List/span_Excel")): com.reusableComponent.HighlightElement.run is PASSED

2023-07-14 19:50:44 - [MESSAGE][PASSED] - com.reusableComponent.HighlightElement.run is PASSED

2023-07-14 19:50:44 - [TEST_STEP][PASSED] - com.reusableComponent.HighlightElement.run(findTestObject("Leaderboard/Leaderboard List/span_PDF")): com.reusableComponent.HighlightElement.run is PASSED

2023-07-14 19:50:44 - [MESSAGE][PASSED] - com.reusableComponent.HighlightElement.run is PASSED

2023-07-14 19:50:44 - [TEST_STEP][PASSED] - com.reusableComponent.HighlightElement.run(findTestObject("Leaderboard/Leaderboard List/input_Search_form-control form-control-sm")): com.reusableComponent.HighlightElement.run is PASSED

2023-07-14 19:50:45 - [MESSAGE][PASSED] - com.reusableComponent.HighlightElement.run is PASSED

2023-07-14 19:50:45 - [TEST_STEP][PASSED] - verifyElementVisible(findTestObject("Leaderboard/Leaderboard List/select_102550100")): Object 'Object Repository/Leaderboard/Leaderboard List/select_102550100' is visible

2023-07-14 19:50:45 - [MESSAGE][PASSED] - Object 'Object Repository/Leaderboard/Leaderboard List/select_102550100' is visible

2023-07-14 19:50:45 - [TEST_STEP][PASSED] - verifyElementVisible(findTestObject("Leaderboard/Leaderboard List/span_Copy")): Object 'Object Repository/Leaderboard/Leaderboard List/span_Copy' is visible

2023-07-14 19:50:46 - [MESSAGE][PASSED] - Object 'Object Repository/Leaderboard/Leaderboard List/span_Copy' is visible

2023-07-14 19:50:46 - [TEST_STEP][PASSED] - verifyElementVisible(findTestObject("Leaderboard/Leaderboard List/span_CSV")): Object 'Object Repository/Leaderboard/Leaderboard List/span_CSV' is visible

2023-07-14 19:50:46 - [MESSAGE][PASSED] - Object 'Object Repository/Leaderboard/Leaderboard List/span_CSV' is visible

2023-07-14 19:50:46 - [TEST_STEP][PASSED] - verifyElementVisible(findTestObject("Leaderboard/Leaderboard List/span_Excel")): Object 'Object Repository/Leaderboard/Leaderboard List/span_Excel' is visible

2023-07-14 19:50:47 - [MESSAGE][PASSED] - Object 'Object Repository/Leaderboard/Leaderboard List/span_Excel' is visible

2023-07-14 19:50:47 - [TEST_STEP][PASSED] - verifyElementVisible(findTestObject("Leaderboard/Leaderboard List/span_PDF")): Object 'Object Repository/Leaderboard/Leaderboard List/span_PDF' is visible

2023-07-14 19:50:47 - [MESSAGE][PASSED] - Object 'Object Repository/Leaderboard/Leaderboard List/span_PDF' is visible

2023-07-14 19:50:47 - [TEST_STEP][PASSED] - verifyElementVisible(findTestObject("Leaderboard/Leaderboard List/input_Search_form-control form-control-sm")): Object 'Object Repository/Leaderboard/Leaderboard List/input_Search_form-control form-control-sm' is visible

2023-07-14 19:50:47 - [MESSAGE][PASSED] - Object 'Object Repository/Leaderboard/Leaderboard List/input_Search_form-control form-control-sm' is visible

2023-07-14 19:50:47 - [TEST_STEP][PASSED] - com.reusableComponent.HighlightElement.run(findTestObject("Leaderboard/Leaderboard List/th_Name EN")): com.reusableComponent.HighlightElement.run is PASSED

2023-07-14 19:50:48 - [MESSAGE][PASSED] - com.reusableComponent.HighlightElement.run is PASSED

2023-07-14 19:50:48 - [TEST_STEP][PASSED] - com.reusableComponent.HighlightElement.run(findTestObject("Leaderboard/Leaderboard List/th_Name BM")): com.reusableComponent.HighlightElement.run is PASSED

2023-07-14 19:50:48 - [MESSAGE][PASSED] - com.reusableComponent.HighlightElement.run is PASSED

2023-07-14 19:50:48 - [TEST_STEP][PASSED] - com.reusableComponent.HighlightElement.run(findTestObject("Leaderboard/Leaderboard List/th_Name CN")): com.reusableComponent.HighlightElement.run is PASSED

2023-07-14 19:50:49 - [MESSAGE][PASSED] - com.reusableComponent.HighlightElement.run is PASSED

2023-07-14 19:50:49 - [TEST_STEP][PASSED] - com.reusableComponent.HighlightElement.run(findTestObject("Leaderboard/Leaderboard List/th_Name TH")): com.reusableComponent.HighlightElement.run is PASSED

2023-07-14 19:50:49 - [MESSAGE][PASSED] - com.reusableComponent.HighlightElement.run is PASSED

2023-07-14 19:50:49 - [TEST_STEP][PASSED] - com.reusableComponent.HighlightElement.run(findTestObject("Leaderboard/Leaderboard List/th_Description")): com.reusableComponent.HighlightElement.run is PASSED

2023-07-14 19:50:50 - [MESSAGE][PASSED] - com.reusableComponent.HighlightElement.run is PASSED

2023-07-14 19:50:50 - [TEST_STEP][PASSED] - com.reusableComponent.HighlightElement.run(findTestObject("Leaderboard/Leaderboard List/th_Banner ImageEN")): com.reusableComponent.HighlightElement.run is PASSED

2023-07-14 19:50:50 - [MESSAGE][PASSED] - com.reusableComponent.HighlightElement.run is PASSED

2023-07-14 19:50:50 - [TEST_STEP][PASSED] - com.reusableComponent.HighlightElement.run(findTestObject("Leaderboard/Leaderboard List/th_Banner ImageBM")): com.reusableComponent.HighlightElement.run is PASSED

2023-07-14 19:50:51 - [MESSAGE][PASSED] - com.reusableComponent.HighlightElement.run is PASSED

2023-07-14 19:50:51 - [TEST_STEP][PASSED] - com.reusableComponent.HighlightElement.run(findTestObject("Leaderboard/Leaderboard List/th_Banner ImageCN")): com.reusableComponent.HighlightElement.run is PASSED

2023-07-14 19:50:51 - [MESSAGE][PASSED] - com.reusableComponent.HighlightElement.run is PASSED

2023-07-14 19:50:51 - [TEST_STEP][PASSED] - com.reusableComponent.HighlightElement.run(findTestObject("Leaderboard/Leaderboard List/th_Banner ImageTH")): com.reusableComponent.HighlightElement.run is PASSED

2023-07-14 19:50:52 - [MESSAGE][PASSED] - com.reusableComponent.HighlightElement.run is PASSED

2023-07-14 19:50:52 - [TEST_STEP][PASSED] - com.reusableComponent.HighlightElement.run(findTestObject("Leaderboard/Leaderboard List/th_Start Datetime")): com.reusableComponent.HighlightElement.run is PASSED

2023-07-14 19:50:52 - [MESSAGE][PASSED] - com.reusableComponent.HighlightElement.run is PASSED

2023-07-14 19:50:52 - [TEST_STEP][PASSED] - com.reusableComponent.HighlightElement.run(findTestObject("Leaderboard/Leaderboard List/th_End Datetime")): com.reusableComponent.HighlightElement.run is PASSED

2023-07-14 19:50:53 - [MESSAGE][PASSED] - com.reusableComponent.HighlightElement.run is PASSED

2023-07-14 19:50:53 - [TEST_STEP][PASSED] - com.reusableComponent.HighlightElement.run(findTestObject("Leaderboard/Leaderboard List/th_Status")): com.reusableComponent.HighlightElement.run is PASSED

2023-07-14 19:50:53 - [MESSAGE][PASSED] - com.reusableComponent.HighlightElement.run is PASSED

2023-07-14 19:50:53 - [TEST_STEP][PASSED] - com.reusableComponent.HighlightElement.run(findTestObject("Leaderboard/Leaderboard List/th_Action")): com.reusableComponent.HighlightElement.run is PASSED

2023-07-14 19:50:54 - [MESSAGE][PASSED] - com.reusableComponent.HighlightElement.run is PASSED

2023-07-14 19:50:54 - [TEST_STEP][PASSED] - com.reusableComponent.HighlightElement.run(findTestObject("Leaderboard/Leaderboard List/table_Name ENName BMName CNName THDescriptionBanner ImageENBanner ImageBMBanner ImageCNBanner ImageTHStart DatetimeEnd DatetimeStatusAction")): com.reusableComponent.HighlightElement.run is PASSED

2023-07-14 19:50:54 - [MESSAGE][PASSED] - com.reusableComponent.HighlightElement.run is PASSED

2023-07-14 19:50:54 - [TEST_STEP][PASSED] - verifyElementVisible(findTestObject("Leaderboard/Leaderboard List/th_Name EN")): Object 'Object Repository/Leaderboard/Leaderboard List/th_Name EN' is visible

2023-07-14 19:50:54 - [MESSAGE][PASSED] - Object 'Object Repository/Leaderboard/Leaderboard List/th_Name EN' is visible

2023-07-14 19:50:54 - [TEST_STEP][PASSED] - verifyElementVisible(findTestObject("Leaderboard/Leaderboard List/th_Name BM")): Object 'Object Repository/Leaderboard/Leaderboard List/th_Name BM' is visible

2023-07-14 19:50:55 - [MESSAGE][PASSED] - Object 'Object Repository/Leaderboard/Leaderboard List/th_Name BM' is visible

2023-07-14 19:50:55 - [TEST_STEP][PASSED] - verifyElementVisible(findTestObject("Leaderboard/Leaderboard List/th_Name CN")): Object 'Object Repository/Leaderboard/Leaderboard List/th_Name CN' is visible

2023-07-14 19:50:55 - [MESSAGE][PASSED] - Object 'Object Repository/Leaderboard/Leaderboard List/th_Name CN' is visible

2023-07-14 19:50:55 - [TEST_STEP][PASSED] - verifyElementVisible(findTestObject("Leaderboard/Leaderboard List/th_Name TH")): Object 'Object Repository/Leaderboard/Leaderboard List/th_Name TH' is visible

2023-07-14 19:50:56 - [MESSAGE][PASSED] - Object 'Object Repository/Leaderboard/Leaderboard List/th_Name TH' is visible

2023-07-14 19:50:56 - [TEST_STEP][PASSED] - verifyElementVisible(findTestObject("Leaderboard/Leaderboard List/th_Description")): Object 'Object Repository/Leaderboard/Leaderboard List/th_Description' is visible

2023-07-14 19:50:56 - [MESSAGE][PASSED] - Object 'Object Repository/Leaderboard/Leaderboard List/th_Description' is visible

2023-07-14 19:50:56 - [TEST_STEP][PASSED] - verifyElementVisible(findTestObject("Leaderboard/Leaderboard List/th_Banner ImageEN")): Object 'Object Repository/Leaderboard/Leaderboard List/th_Banner ImageEN' is visible

2023-07-14 19:50:57 - [MESSAGE][PASSED] - Object 'Object Repository/Leaderboard/Leaderboard List/th_Banner ImageEN' is visible

2023-07-14 19:50:57 - [TEST_STEP][PASSED] - verifyElementVisible(findTestObject("Leaderboard/Leaderboard List/th_Banner ImageBM")): Object 'Object Repository/Leaderboard/Leaderboard List/th_Banner ImageBM' is visible

2023-07-14 19:50:57 - [MESSAGE][PASSED] - Object 'Object Repository/Leaderboard/Leaderboard List/th_Banner ImageBM' is visible

2023-07-14 19:50:57 - [TEST_STEP][PASSED] - verifyElementVisible(findTestObject("Leaderboard/Leaderboard List/th_Banner ImageCN")): Object 'Object Repository/Leaderboard/Leaderboard List/th_Banner ImageCN' is visible

2023-07-14 19:50:57 - [MESSAGE][PASSED] - Object 'Object Repository/Leaderboard/Leaderboard List/th_Banner ImageCN' is visible

2023-07-14 19:50:57 - [TEST_STEP][PASSED] - verifyElementVisible(findTestObject("Leaderboard/Leaderboard List/th_Banner ImageTH")): Object 'Object Repository/Leaderboard/Leaderboard List/th_Banner ImageTH' is visible

2023-07-14 19:50:58 - [MESSAGE][PASSED] - Object 'Object Repository/Leaderboard/Leaderboard List/th_Banner ImageTH' is visible

2023-07-14 19:50:58 - [TEST_STEP][PASSED] - verifyElementVisible(findTestObject("Leaderboard/Leaderboard List/th_Start Datetime")): Object 'Object Repository/Leaderboard/Leaderboard List/th_Start Datetime' is visible

2023-07-14 19:50:58 - [MESSAGE][PASSED] - Object 'Object Repository/Leaderboard/Leaderboard List/th_Start Datetime' is visible

2023-07-14 19:50:58 - [TEST_STEP][PASSED] - verifyElementVisible(findTestObject("Leaderboard/Leaderboard List/th_End Datetime")): Object 'Object Repository/Leaderboard/Leaderboard List/th_End Datetime' is visible

2023-07-14 19:50:59 - [MESSAGE][PASSED] - Object 'Object Repository/Leaderboard/Leaderboard List/th_End Datetime' is visible

2023-07-14 19:50:59 - [TEST_STEP][PASSED] - verifyElementVisible(findTestObject("Leaderboard/Leaderboard List/th_Status")): Object 'Object Repository/Leaderboard/Leaderboard List/th_Status' is visible

2023-07-14 19:50:59 - [MESSAGE][PASSED] - Object 'Object Repository/Leaderboard/Leaderboard List/th_Status' is visible

2023-07-14 19:50:59 - [TEST_STEP][PASSED] - verifyElementVisible(findTestObject("Leaderboard/Leaderboard List/th_Action")): Object 'Object Repository/Leaderboard/Leaderboard List/th_Action' is visible

2023-07-14 19:50:59 - [MESSAGE][PASSED] - Object 'Object Repository/Leaderboard/Leaderboard List/th_Action' is visible

2023-07-14 19:50:59 - [TEST_STEP][PASSED] - verifyElementVisible(findTestObject("Leaderboard/Leaderboard List/table_Name ENName BMName CNName THDescriptionBanner ImageENBanner ImageBMBanner ImageCNBanner ImageTHStart DatetimeEnd DatetimeStatusAction")): Object 'Object Repository/Leaderboard/Leaderboard List/table_Name ENName BMName CNName THDescriptionBanner ImageENBanner ImageBMBanner ImageCNBanner ImageTHStart DatetimeEnd DatetimeStatusAction' is visible

2023-07-14 19:51:00 - [MESSAGE][PASSED] - Object 'Object Repository/Leaderboard/Leaderboard List/table_Name ENName BMName CNName THDescriptionBanner ImageENBanner ImageBMBanner ImageCNBanner ImageTHStart DatetimeEnd DatetimeStatusAction' is visible

2023-07-14 19:51:00 - [TEST_STEP][PASSED] - com.reusableComponent.HighlightElement.run(findTestObject("Leaderboard/Leaderboard List/li_Previous")): com.reusableComponent.HighlightElement.run is PASSED

2023-07-14 19:51:00 - [MESSAGE][PASSED] - com.reusableComponent.HighlightElement.run is PASSED

2023-07-14 19:51:00 - [TEST_STEP][PASSED] - com.reusableComponent.HighlightElement.run(findTestObject("Leaderboard/Leaderboard List/li_Next")): com.reusableComponent.HighlightElement.run is PASSED

2023-07-14 19:51:01 - [MESSAGE][PASSED] - com.reusableComponent.HighlightElement.run is PASSED

2023-07-14 19:51:01 - [TEST_STEP][PASSED] - verifyElementVisible(findTestObject("Leaderboard/Leaderboard List/li_Previous")): Object 'Object Repository/Leaderboard/Leaderboard List/li_Previous' is visible

2023-07-14 19:51:01 - [MESSAGE][PASSED] - Object 'Object Repository/Leaderboard/Leaderboard List/li_Previous' is visible

2023-07-14 19:51:01 - [TEST_STEP][PASSED] - verifyElementVisible(findTestObject("Leaderboard/Leaderboard List/li_Next")): Object 'Object Repository/Leaderboard/Leaderboard List/li_Next' is visible

2023-07-14 19:51:02 - [MESSAGE][PASSED] - Object 'Object Repository/Leaderboard/Leaderboard List/li_Next' is visible]]></system-out>
         <system-err><![CDATA[]]></system-err>
      </testcase>
      <testcase name="Test Cases/Leaderboard/List THB" time="27.318" classname="Test Cases/Leaderboard/List THB" status="PASSED">
         <system-out><![CDATA[2023-07-14 19:51:02 - [TEST_CASE][PASSED] - Test Cases/Leaderboard/List THB: Test Cases/Leaderboard/List THB

2023-07-14 19:51:02 - [TEST_STEP][PASSED] - com.reusableComponent.HighlightElement.run(findTestObject("Leaderboard/Page_Dashboard/span_leaderboard")): com.reusableComponent.HighlightElement.run is PASSED

2023-07-14 19:51:03 - [MESSAGE][PASSED] - com.reusableComponent.HighlightElement.run is PASSED

2023-07-14 19:51:03 - [TEST_STEP][PASSED] - mouseOver(findTestObject("Leaderboard/Page_Dashboard/span_leaderboard")): Object: 'Object Repository/Leaderboard/Page_Dashboard/span_leaderboard' is hovered

2023-07-14 19:51:03 - [MESSAGE][PASSED] - Object: 'Object Repository/Leaderboard/Page_Dashboard/span_leaderboard' is hovered

2023-07-14 19:51:03 - [TEST_STEP][PASSED] - com.reusableComponent.HighlightElement.run(findTestObject("Leaderboard/Page_Dashboard/span_List")): com.reusableComponent.HighlightElement.run is PASSED

2023-07-14 19:51:04 - [MESSAGE][PASSED] - com.reusableComponent.HighlightElement.run is PASSED

2023-07-14 19:51:04 - [TEST_STEP][PASSED] - mouseOver(findTestObject("Leaderboard/Page_Dashboard/span_List")): Object: 'Object Repository/Leaderboard/Page_Dashboard/span_List' is hovered

2023-07-14 19:51:04 - [MESSAGE][PASSED] - Object: 'Object Repository/Leaderboard/Page_Dashboard/span_List' is hovered

2023-07-14 19:51:04 - [TEST_STEP][PASSED] - com.reusableComponent.HighlightElement.run(findTestObject("Leaderboard/Page_Dashboard/span_THB")): com.reusableComponent.HighlightElement.run is PASSED

2023-07-14 19:51:05 - [MESSAGE][PASSED] - com.reusableComponent.HighlightElement.run is PASSED

2023-07-14 19:51:05 - [TEST_STEP][PASSED] - mouseOver(findTestObject("Leaderboard/Page_Dashboard/span_THB")): Object: 'Object Repository/Leaderboard/Page_Dashboard/span_THB' is hovered

2023-07-14 19:51:05 - [MESSAGE][PASSED] - Object: 'Object Repository/Leaderboard/Page_Dashboard/span_THB' is hovered

2023-07-14 19:51:05 - [TEST_STEP][PASSED] - click(findTestObject("Leaderboard/Page_Dashboard/span_THB")): Object: 'Object Repository/Leaderboard/Page_Dashboard/span_THB' is clicked on

2023-07-14 19:51:08 - [MESSAGE][PASSED] - Object: 'Object Repository/Leaderboard/Page_Dashboard/span_THB' is clicked on

2023-07-14 19:51:08 - [TEST_STEP][PASSED] - com.reusableComponent.HighlightElement.run(findTestObject("Leaderboard/Leaderboard List/h3_Leaderboard Management")): com.reusableComponent.HighlightElement.run is PASSED

2023-07-14 19:51:08 - [MESSAGE][PASSED] - com.reusableComponent.HighlightElement.run is PASSED

2023-07-14 19:51:08 - [TEST_STEP][PASSED] - com.reusableComponent.HighlightElement.run(findTestObject("Leaderboard/Leaderboard List/button_Add")): com.reusableComponent.HighlightElement.run is PASSED

2023-07-14 19:51:09 - [MESSAGE][PASSED] - com.reusableComponent.HighlightElement.run is PASSED

2023-07-14 19:51:09 - [TEST_STEP][PASSED] - verifyElementVisible(findTestObject("Leaderboard/Leaderboard List/h3_Leaderboard Management")): Object 'Object Repository/Leaderboard/Leaderboard List/h3_Leaderboard Management' is visible

2023-07-14 19:51:09 - [MESSAGE][PASSED] - Object 'Object Repository/Leaderboard/Leaderboard List/h3_Leaderboard Management' is visible

2023-07-14 19:51:09 - [TEST_STEP][PASSED] - verifyElementVisible(findTestObject("Leaderboard/Leaderboard List/button_Add")): Object 'Object Repository/Leaderboard/Leaderboard List/button_Add' is visible

2023-07-14 19:51:10 - [MESSAGE][PASSED] - Object 'Object Repository/Leaderboard/Leaderboard List/button_Add' is visible

2023-07-14 19:51:10 - [TEST_STEP][PASSED] - com.reusableComponent.HighlightElement.run(findTestObject("Leaderboard/Leaderboard List/select_102550100")): com.reusableComponent.HighlightElement.run is PASSED

2023-07-14 19:51:10 - [MESSAGE][PASSED] - com.reusableComponent.HighlightElement.run is PASSED

2023-07-14 19:51:10 - [TEST_STEP][PASSED] - com.reusableComponent.HighlightElement.run(findTestObject("Leaderboard/Leaderboard List/span_Copy")): com.reusableComponent.HighlightElement.run is PASSED

2023-07-14 19:51:11 - [MESSAGE][PASSED] - com.reusableComponent.HighlightElement.run is PASSED

2023-07-14 19:51:11 - [TEST_STEP][PASSED] - com.reusableComponent.HighlightElement.run(findTestObject("Leaderboard/Leaderboard List/span_CSV")): com.reusableComponent.HighlightElement.run is PASSED

2023-07-14 19:51:11 - [MESSAGE][PASSED] - com.reusableComponent.HighlightElement.run is PASSED

2023-07-14 19:51:11 - [TEST_STEP][PASSED] - com.reusableComponent.HighlightElement.run(findTestObject("Leaderboard/Leaderboard List/span_Excel")): com.reusableComponent.HighlightElement.run is PASSED

2023-07-14 19:51:12 - [MESSAGE][PASSED] - com.reusableComponent.HighlightElement.run is PASSED

2023-07-14 19:51:12 - [TEST_STEP][PASSED] - com.reusableComponent.HighlightElement.run(findTestObject("Leaderboard/Leaderboard List/span_PDF")): com.reusableComponent.HighlightElement.run is PASSED

2023-07-14 19:51:12 - [MESSAGE][PASSED] - com.reusableComponent.HighlightElement.run is PASSED

2023-07-14 19:51:12 - [TEST_STEP][PASSED] - com.reusableComponent.HighlightElement.run(findTestObject("Leaderboard/Leaderboard List/input_Search_form-control form-control-sm")): com.reusableComponent.HighlightElement.run is PASSED

2023-07-14 19:51:13 - [MESSAGE][PASSED] - com.reusableComponent.HighlightElement.run is PASSED

2023-07-14 19:51:13 - [TEST_STEP][PASSED] - verifyElementVisible(findTestObject("Leaderboard/Leaderboard List/select_102550100")): Object 'Object Repository/Leaderboard/Leaderboard List/select_102550100' is visible

2023-07-14 19:51:13 - [MESSAGE][PASSED] - Object 'Object Repository/Leaderboard/Leaderboard List/select_102550100' is visible

2023-07-14 19:51:13 - [TEST_STEP][PASSED] - verifyElementVisible(findTestObject("Leaderboard/Leaderboard List/span_Copy")): Object 'Object Repository/Leaderboard/Leaderboard List/span_Copy' is visible

2023-07-14 19:51:13 - [MESSAGE][PASSED] - Object 'Object Repository/Leaderboard/Leaderboard List/span_Copy' is visible

2023-07-14 19:51:13 - [TEST_STEP][PASSED] - verifyElementVisible(findTestObject("Leaderboard/Leaderboard List/span_CSV")): Object 'Object Repository/Leaderboard/Leaderboard List/span_CSV' is visible

2023-07-14 19:51:14 - [MESSAGE][PASSED] - Object 'Object Repository/Leaderboard/Leaderboard List/span_CSV' is visible

2023-07-14 19:51:14 - [TEST_STEP][PASSED] - verifyElementVisible(findTestObject("Leaderboard/Leaderboard List/span_Excel")): Object 'Object Repository/Leaderboard/Leaderboard List/span_Excel' is visible

2023-07-14 19:51:14 - [MESSAGE][PASSED] - Object 'Object Repository/Leaderboard/Leaderboard List/span_Excel' is visible

2023-07-14 19:51:14 - [TEST_STEP][PASSED] - verifyElementVisible(findTestObject("Leaderboard/Leaderboard List/span_PDF")): Object 'Object Repository/Leaderboard/Leaderboard List/span_PDF' is visible

2023-07-14 19:51:15 - [MESSAGE][PASSED] - Object 'Object Repository/Leaderboard/Leaderboard List/span_PDF' is visible

2023-07-14 19:51:15 - [TEST_STEP][PASSED] - verifyElementVisible(findTestObject("Leaderboard/Leaderboard List/input_Search_form-control form-control-sm")): Object 'Object Repository/Leaderboard/Leaderboard List/input_Search_form-control form-control-sm' is visible

2023-07-14 19:51:15 - [MESSAGE][PASSED] - Object 'Object Repository/Leaderboard/Leaderboard List/input_Search_form-control form-control-sm' is visible

2023-07-14 19:51:15 - [TEST_STEP][PASSED] - com.reusableComponent.HighlightElement.run(findTestObject("Leaderboard/Leaderboard List/th_Name EN")): com.reusableComponent.HighlightElement.run is PASSED

2023-07-14 19:51:16 - [MESSAGE][PASSED] - com.reusableComponent.HighlightElement.run is PASSED

2023-07-14 19:51:16 - [TEST_STEP][PASSED] - com.reusableComponent.HighlightElement.run(findTestObject("Leaderboard/Leaderboard List/th_Name BM")): com.reusableComponent.HighlightElement.run is PASSED

2023-07-14 19:51:16 - [MESSAGE][PASSED] - com.reusableComponent.HighlightElement.run is PASSED

2023-07-14 19:51:16 - [TEST_STEP][PASSED] - com.reusableComponent.HighlightElement.run(findTestObject("Leaderboard/Leaderboard List/th_Name CN")): com.reusableComponent.HighlightElement.run is PASSED

2023-07-14 19:51:16 - [MESSAGE][PASSED] - com.reusableComponent.HighlightElement.run is PASSED

2023-07-14 19:51:16 - [TEST_STEP][PASSED] - com.reusableComponent.HighlightElement.run(findTestObject("Leaderboard/Leaderboard List/th_Name TH")): com.reusableComponent.HighlightElement.run is PASSED

2023-07-14 19:51:17 - [MESSAGE][PASSED] - com.reusableComponent.HighlightElement.run is PASSED

2023-07-14 19:51:17 - [TEST_STEP][PASSED] - com.reusableComponent.HighlightElement.run(findTestObject("Leaderboard/Leaderboard List/th_Description")): com.reusableComponent.HighlightElement.run is PASSED

2023-07-14 19:51:17 - [MESSAGE][PASSED] - com.reusableComponent.HighlightElement.run is PASSED

2023-07-14 19:51:17 - [TEST_STEP][PASSED] - com.reusableComponent.HighlightElement.run(findTestObject("Leaderboard/Leaderboard List/th_Banner ImageEN")): com.reusableComponent.HighlightElement.run is PASSED

2023-07-14 19:51:18 - [MESSAGE][PASSED] - com.reusableComponent.HighlightElement.run is PASSED

2023-07-14 19:51:18 - [TEST_STEP][PASSED] - com.reusableComponent.HighlightElement.run(findTestObject("Leaderboard/Leaderboard List/th_Banner ImageBM")): com.reusableComponent.HighlightElement.run is PASSED

2023-07-14 19:51:18 - [MESSAGE][PASSED] - com.reusableComponent.HighlightElement.run is PASSED

2023-07-14 19:51:18 - [TEST_STEP][PASSED] - com.reusableComponent.HighlightElement.run(findTestObject("Leaderboard/Leaderboard List/th_Banner ImageCN")): com.reusableComponent.HighlightElement.run is PASSED

2023-07-14 19:51:19 - [MESSAGE][PASSED] - com.reusableComponent.HighlightElement.run is PASSED

2023-07-14 19:51:19 - [TEST_STEP][PASSED] - com.reusableComponent.HighlightElement.run(findTestObject("Leaderboard/Leaderboard List/th_Banner ImageTH")): com.reusableComponent.HighlightElement.run is PASSED

2023-07-14 19:51:19 - [MESSAGE][PASSED] - com.reusableComponent.HighlightElement.run is PASSED

2023-07-14 19:51:19 - [TEST_STEP][PASSED] - com.reusableComponent.HighlightElement.run(findTestObject("Leaderboard/Leaderboard List/th_Start Datetime")): com.reusableComponent.HighlightElement.run is PASSED

2023-07-14 19:51:20 - [MESSAGE][PASSED] - com.reusableComponent.HighlightElement.run is PASSED

2023-07-14 19:51:20 - [TEST_STEP][PASSED] - com.reusableComponent.HighlightElement.run(findTestObject("Leaderboard/Leaderboard List/th_End Datetime")): com.reusableComponent.HighlightElement.run is PASSED

2023-07-14 19:51:20 - [MESSAGE][PASSED] - com.reusableComponent.HighlightElement.run is PASSED

2023-07-14 19:51:20 - [TEST_STEP][PASSED] - com.reusableComponent.HighlightElement.run(findTestObject("Leaderboard/Leaderboard List/th_Status")): com.reusableComponent.HighlightElement.run is PASSED

2023-07-14 19:51:20 - [MESSAGE][PASSED] - com.reusableComponent.HighlightElement.run is PASSED

2023-07-14 19:51:20 - [TEST_STEP][PASSED] - com.reusableComponent.HighlightElement.run(findTestObject("Leaderboard/Leaderboard List/th_Action")): com.reusableComponent.HighlightElement.run is PASSED

2023-07-14 19:51:21 - [MESSAGE][PASSED] - com.reusableComponent.HighlightElement.run is PASSED

2023-07-14 19:51:21 - [TEST_STEP][PASSED] - com.reusableComponent.HighlightElement.run(findTestObject("Leaderboard/Leaderboard List/table_Name ENName BMName CNName THDescriptionBanner ImageENBanner ImageBMBanner ImageCNBanner ImageTHStart DatetimeEnd DatetimeStatusAction")): com.reusableComponent.HighlightElement.run is PASSED

2023-07-14 19:51:21 - [MESSAGE][PASSED] - com.reusableComponent.HighlightElement.run is PASSED

2023-07-14 19:51:21 - [TEST_STEP][PASSED] - verifyElementVisible(findTestObject("Leaderboard/Leaderboard List/th_Name EN")): Object 'Object Repository/Leaderboard/Leaderboard List/th_Name EN' is visible

2023-07-14 19:51:22 - [MESSAGE][PASSED] - Object 'Object Repository/Leaderboard/Leaderboard List/th_Name EN' is visible

2023-07-14 19:51:22 - [TEST_STEP][PASSED] - verifyElementVisible(findTestObject("Leaderboard/Leaderboard List/th_Name BM")): Object 'Object Repository/Leaderboard/Leaderboard List/th_Name BM' is visible

2023-07-14 19:51:22 - [MESSAGE][PASSED] - Object 'Object Repository/Leaderboard/Leaderboard List/th_Name BM' is visible

2023-07-14 19:51:22 - [TEST_STEP][PASSED] - verifyElementVisible(findTestObject("Leaderboard/Leaderboard List/th_Name CN")): Object 'Object Repository/Leaderboard/Leaderboard List/th_Name CN' is visible

2023-07-14 19:51:23 - [MESSAGE][PASSED] - Object 'Object Repository/Leaderboard/Leaderboard List/th_Name CN' is visible

2023-07-14 19:51:23 - [TEST_STEP][PASSED] - verifyElementVisible(findTestObject("Leaderboard/Leaderboard List/th_Name TH")): Object 'Object Repository/Leaderboard/Leaderboard List/th_Name TH' is visible

2023-07-14 19:51:23 - [MESSAGE][PASSED] - Object 'Object Repository/Leaderboard/Leaderboard List/th_Name TH' is visible

2023-07-14 19:51:23 - [TEST_STEP][PASSED] - verifyElementVisible(findTestObject("Leaderboard/Leaderboard List/th_Description")): Object 'Object Repository/Leaderboard/Leaderboard List/th_Description' is visible

2023-07-14 19:51:23 - [MESSAGE][PASSED] - Object 'Object Repository/Leaderboard/Leaderboard List/th_Description' is visible

2023-07-14 19:51:23 - [TEST_STEP][PASSED] - verifyElementVisible(findTestObject("Leaderboard/Leaderboard List/th_Banner ImageEN")): Object 'Object Repository/Leaderboard/Leaderboard List/th_Banner ImageEN' is visible

2023-07-14 19:51:24 - [MESSAGE][PASSED] - Object 'Object Repository/Leaderboard/Leaderboard List/th_Banner ImageEN' is visible

2023-07-14 19:51:24 - [TEST_STEP][PASSED] - verifyElementVisible(findTestObject("Leaderboard/Leaderboard List/th_Banner ImageBM")): Object 'Object Repository/Leaderboard/Leaderboard List/th_Banner ImageBM' is visible

2023-07-14 19:51:24 - [MESSAGE][PASSED] - Object 'Object Repository/Leaderboard/Leaderboard List/th_Banner ImageBM' is visible

2023-07-14 19:51:24 - [TEST_STEP][PASSED] - verifyElementVisible(findTestObject("Leaderboard/Leaderboard List/th_Banner ImageCN")): Object 'Object Repository/Leaderboard/Leaderboard List/th_Banner ImageCN' is visible

2023-07-14 19:51:25 - [MESSAGE][PASSED] - Object 'Object Repository/Leaderboard/Leaderboard List/th_Banner ImageCN' is visible

2023-07-14 19:51:25 - [TEST_STEP][PASSED] - verifyElementVisible(findTestObject("Leaderboard/Leaderboard List/th_Banner ImageTH")): Object 'Object Repository/Leaderboard/Leaderboard List/th_Banner ImageTH' is visible

2023-07-14 19:51:25 - [MESSAGE][PASSED] - Object 'Object Repository/Leaderboard/Leaderboard List/th_Banner ImageTH' is visible

2023-07-14 19:51:25 - [TEST_STEP][PASSED] - verifyElementVisible(findTestObject("Leaderboard/Leaderboard List/th_Start Datetime")): Object 'Object Repository/Leaderboard/Leaderboard List/th_Start Datetime' is visible

2023-07-14 19:51:25 - [MESSAGE][PASSED] - Object 'Object Repository/Leaderboard/Leaderboard List/th_Start Datetime' is visible

2023-07-14 19:51:25 - [TEST_STEP][PASSED] - verifyElementVisible(findTestObject("Leaderboard/Leaderboard List/th_End Datetime")): Object 'Object Repository/Leaderboard/Leaderboard List/th_End Datetime' is visible

2023-07-14 19:51:26 - [MESSAGE][PASSED] - Object 'Object Repository/Leaderboard/Leaderboard List/th_End Datetime' is visible

2023-07-14 19:51:26 - [TEST_STEP][PASSED] - verifyElementVisible(findTestObject("Leaderboard/Leaderboard List/th_Status")): Object 'Object Repository/Leaderboard/Leaderboard List/th_Status' is visible

2023-07-14 19:51:26 - [MESSAGE][PASSED] - Object 'Object Repository/Leaderboard/Leaderboard List/th_Status' is visible

2023-07-14 19:51:26 - [TEST_STEP][PASSED] - verifyElementVisible(findTestObject("Leaderboard/Leaderboard List/th_Action")): Object 'Object Repository/Leaderboard/Leaderboard List/th_Action' is visible

2023-07-14 19:51:27 - [MESSAGE][PASSED] - Object 'Object Repository/Leaderboard/Leaderboard List/th_Action' is visible

2023-07-14 19:51:27 - [TEST_STEP][PASSED] - verifyElementVisible(findTestObject("Leaderboard/Leaderboard List/table_Name ENName BMName CNName THDescriptionBanner ImageENBanner ImageBMBanner ImageCNBanner ImageTHStart DatetimeEnd DatetimeStatusAction")): Object 'Object Repository/Leaderboard/Leaderboard List/table_Name ENName BMName CNName THDescriptionBanner ImageENBanner ImageBMBanner ImageCNBanner ImageTHStart DatetimeEnd DatetimeStatusAction' is visible

2023-07-14 19:51:27 - [MESSAGE][PASSED] - Object 'Object Repository/Leaderboard/Leaderboard List/table_Name ENName BMName CNName THDescriptionBanner ImageENBanner ImageBMBanner ImageCNBanner ImageTHStart DatetimeEnd DatetimeStatusAction' is visible

2023-07-14 19:51:27 - [TEST_STEP][PASSED] - com.reusableComponent.HighlightElement.run(findTestObject("Leaderboard/Leaderboard List/li_Previous")): com.reusableComponent.HighlightElement.run is PASSED

2023-07-14 19:51:28 - [MESSAGE][PASSED] - com.reusableComponent.HighlightElement.run is PASSED

2023-07-14 19:51:28 - [TEST_STEP][PASSED] - com.reusableComponent.HighlightElement.run(findTestObject("Leaderboard/Leaderboard List/li_Next")): com.reusableComponent.HighlightElement.run is PASSED

2023-07-14 19:51:28 - [MESSAGE][PASSED] - com.reusableComponent.HighlightElement.run is PASSED

2023-07-14 19:51:28 - [TEST_STEP][PASSED] - verifyElementVisible(findTestObject("Leaderboard/Leaderboard List/li_Previous")): Object 'Object Repository/Leaderboard/Leaderboard List/li_Previous' is visible

2023-07-14 19:51:28 - [MESSAGE][PASSED] - Object 'Object Repository/Leaderboard/Leaderboard List/li_Previous' is visible

2023-07-14 19:51:28 - [TEST_STEP][PASSED] - verifyElementVisible(findTestObject("Leaderboard/Leaderboard List/li_Next")): Object 'Object Repository/Leaderboard/Leaderboard List/li_Next' is visible

2023-07-14 19:51:29 - [MESSAGE][PASSED] - Object 'Object Repository/Leaderboard/Leaderboard List/li_Next' is visible]]></system-out>
         <system-err><![CDATA[]]></system-err>
      </testcase>
      <testcase name="Test Cases/Leaderboard/List IDR" time="27.278" classname="Test Cases/Leaderboard/List IDR" status="PASSED">
         <system-out><![CDATA[2023-07-14 19:51:29 - [TEST_CASE][PASSED] - Test Cases/Leaderboard/List IDR: Test Cases/Leaderboard/List IDR

2023-07-14 19:51:29 - [TEST_STEP][PASSED] - com.reusableComponent.HighlightElement.run(findTestObject("Leaderboard/Page_Dashboard/span_leaderboard")): com.reusableComponent.HighlightElement.run is PASSED

2023-07-14 19:51:30 - [MESSAGE][PASSED] - com.reusableComponent.HighlightElement.run is PASSED

2023-07-14 19:51:30 - [TEST_STEP][PASSED] - mouseOver(findTestObject("Leaderboard/Page_Dashboard/span_leaderboard")): Object: 'Object Repository/Leaderboard/Page_Dashboard/span_leaderboard' is hovered

2023-07-14 19:51:30 - [MESSAGE][PASSED] - Object: 'Object Repository/Leaderboard/Page_Dashboard/span_leaderboard' is hovered

2023-07-14 19:51:30 - [TEST_STEP][PASSED] - com.reusableComponent.HighlightElement.run(findTestObject("Leaderboard/Page_Dashboard/span_List")): com.reusableComponent.HighlightElement.run is PASSED

2023-07-14 19:51:31 - [MESSAGE][PASSED] - com.reusableComponent.HighlightElement.run is PASSED

2023-07-14 19:51:31 - [TEST_STEP][PASSED] - mouseOver(findTestObject("Leaderboard/Page_Dashboard/span_List")): Object: 'Object Repository/Leaderboard/Page_Dashboard/span_List' is hovered

2023-07-14 19:51:31 - [MESSAGE][PASSED] - Object: 'Object Repository/Leaderboard/Page_Dashboard/span_List' is hovered

2023-07-14 19:51:31 - [TEST_STEP][PASSED] - com.reusableComponent.HighlightElement.run(findTestObject("Leaderboard/Page_Dashboard/span_IDR")): com.reusableComponent.HighlightElement.run is PASSED

2023-07-14 19:51:32 - [MESSAGE][PASSED] - com.reusableComponent.HighlightElement.run is PASSED

2023-07-14 19:51:32 - [TEST_STEP][PASSED] - mouseOver(findTestObject("Leaderboard/Page_Dashboard/span_IDR")): Object: 'Object Repository/Leaderboard/Page_Dashboard/span_IDR' is hovered

2023-07-14 19:51:32 - [MESSAGE][PASSED] - Object: 'Object Repository/Leaderboard/Page_Dashboard/span_IDR' is hovered

2023-07-14 19:51:32 - [TEST_STEP][PASSED] - click(findTestObject("Leaderboard/Page_Dashboard/span_IDR")): Object: 'Object Repository/Leaderboard/Page_Dashboard/span_IDR' is clicked on

2023-07-14 19:51:35 - [MESSAGE][PASSED] - Object: 'Object Repository/Leaderboard/Page_Dashboard/span_IDR' is clicked on

2023-07-14 19:51:35 - [TEST_STEP][PASSED] - com.reusableComponent.HighlightElement.run(findTestObject("Leaderboard/Leaderboard List/h3_Leaderboard Management")): com.reusableComponent.HighlightElement.run is PASSED

2023-07-14 19:51:36 - [MESSAGE][PASSED] - com.reusableComponent.HighlightElement.run is PASSED

2023-07-14 19:51:36 - [TEST_STEP][PASSED] - com.reusableComponent.HighlightElement.run(findTestObject("Leaderboard/Leaderboard List/button_Add")): com.reusableComponent.HighlightElement.run is PASSED

2023-07-14 19:51:36 - [MESSAGE][PASSED] - com.reusableComponent.HighlightElement.run is PASSED

2023-07-14 19:51:36 - [TEST_STEP][PASSED] - verifyElementVisible(findTestObject("Leaderboard/Leaderboard List/h3_Leaderboard Management")): Object 'Object Repository/Leaderboard/Leaderboard List/h3_Leaderboard Management' is visible

2023-07-14 19:51:36 - [MESSAGE][PASSED] - Object 'Object Repository/Leaderboard/Leaderboard List/h3_Leaderboard Management' is visible

2023-07-14 19:51:36 - [TEST_STEP][PASSED] - verifyElementVisible(findTestObject("Leaderboard/Leaderboard List/button_Add")): Object 'Object Repository/Leaderboard/Leaderboard List/button_Add' is visible

2023-07-14 19:51:37 - [MESSAGE][PASSED] - Object 'Object Repository/Leaderboard/Leaderboard List/button_Add' is visible

2023-07-14 19:51:37 - [TEST_STEP][PASSED] - com.reusableComponent.HighlightElement.run(findTestObject("Leaderboard/Leaderboard List/select_102550100")): com.reusableComponent.HighlightElement.run is PASSED

2023-07-14 19:51:37 - [MESSAGE][PASSED] - com.reusableComponent.HighlightElement.run is PASSED

2023-07-14 19:51:37 - [TEST_STEP][PASSED] - com.reusableComponent.HighlightElement.run(findTestObject("Leaderboard/Leaderboard List/span_Copy")): com.reusableComponent.HighlightElement.run is PASSED

2023-07-14 19:51:38 - [MESSAGE][PASSED] - com.reusableComponent.HighlightElement.run is PASSED

2023-07-14 19:51:38 - [TEST_STEP][PASSED] - com.reusableComponent.HighlightElement.run(findTestObject("Leaderboard/Leaderboard List/span_CSV")): com.reusableComponent.HighlightElement.run is PASSED

2023-07-14 19:51:38 - [MESSAGE][PASSED] - com.reusableComponent.HighlightElement.run is PASSED

2023-07-14 19:51:38 - [TEST_STEP][PASSED] - com.reusableComponent.HighlightElement.run(findTestObject("Leaderboard/Leaderboard List/span_Excel")): com.reusableComponent.HighlightElement.run is PASSED

2023-07-14 19:51:39 - [MESSAGE][PASSED] - com.reusableComponent.HighlightElement.run is PASSED

2023-07-14 19:51:39 - [TEST_STEP][PASSED] - com.reusableComponent.HighlightElement.run(findTestObject("Leaderboard/Leaderboard List/span_PDF")): com.reusableComponent.HighlightElement.run is PASSED

2023-07-14 19:51:39 - [MESSAGE][PASSED] - com.reusableComponent.HighlightElement.run is PASSED

2023-07-14 19:51:39 - [TEST_STEP][PASSED] - com.reusableComponent.HighlightElement.run(findTestObject("Leaderboard/Leaderboard List/input_Search_form-control form-control-sm")): com.reusableComponent.HighlightElement.run is PASSED

2023-07-14 19:51:40 - [MESSAGE][PASSED] - com.reusableComponent.HighlightElement.run is PASSED

2023-07-14 19:51:40 - [TEST_STEP][PASSED] - verifyElementVisible(findTestObject("Leaderboard/Leaderboard List/select_102550100")): Object 'Object Repository/Leaderboard/Leaderboard List/select_102550100' is visible

2023-07-14 19:51:40 - [MESSAGE][PASSED] - Object 'Object Repository/Leaderboard/Leaderboard List/select_102550100' is visible

2023-07-14 19:51:40 - [TEST_STEP][PASSED] - verifyElementVisible(findTestObject("Leaderboard/Leaderboard List/span_Copy")): Object 'Object Repository/Leaderboard/Leaderboard List/span_Copy' is visible

2023-07-14 19:51:41 - [MESSAGE][PASSED] - Object 'Object Repository/Leaderboard/Leaderboard List/span_Copy' is visible

2023-07-14 19:51:41 - [TEST_STEP][PASSED] - verifyElementVisible(findTestObject("Leaderboard/Leaderboard List/span_CSV")): Object 'Object Repository/Leaderboard/Leaderboard List/span_CSV' is visible

2023-07-14 19:51:41 - [MESSAGE][PASSED] - Object 'Object Repository/Leaderboard/Leaderboard List/span_CSV' is visible

2023-07-14 19:51:41 - [TEST_STEP][PASSED] - verifyElementVisible(findTestObject("Leaderboard/Leaderboard List/span_Excel")): Object 'Object Repository/Leaderboard/Leaderboard List/span_Excel' is visible

2023-07-14 19:51:42 - [MESSAGE][PASSED] - Object 'Object Repository/Leaderboard/Leaderboard List/span_Excel' is visible

2023-07-14 19:51:42 - [TEST_STEP][PASSED] - verifyElementVisible(findTestObject("Leaderboard/Leaderboard List/span_PDF")): Object 'Object Repository/Leaderboard/Leaderboard List/span_PDF' is visible

2023-07-14 19:51:42 - [MESSAGE][PASSED] - Object 'Object Repository/Leaderboard/Leaderboard List/span_PDF' is visible

2023-07-14 19:51:42 - [TEST_STEP][PASSED] - verifyElementVisible(findTestObject("Leaderboard/Leaderboard List/input_Search_form-control form-control-sm")): Object 'Object Repository/Leaderboard/Leaderboard List/input_Search_form-control form-control-sm' is visible

2023-07-14 19:51:43 - [MESSAGE][PASSED] - Object 'Object Repository/Leaderboard/Leaderboard List/input_Search_form-control form-control-sm' is visible

2023-07-14 19:51:43 - [TEST_STEP][PASSED] - com.reusableComponent.HighlightElement.run(findTestObject("Leaderboard/Leaderboard List/th_Name EN")): com.reusableComponent.HighlightElement.run is PASSED

2023-07-14 19:51:43 - [MESSAGE][PASSED] - com.reusableComponent.HighlightElement.run is PASSED

2023-07-14 19:51:43 - [TEST_STEP][PASSED] - com.reusableComponent.HighlightElement.run(findTestObject("Leaderboard/Leaderboard List/th_Name BM")): com.reusableComponent.HighlightElement.run is PASSED

2023-07-14 19:51:43 - [MESSAGE][PASSED] - com.reusableComponent.HighlightElement.run is PASSED

2023-07-14 19:51:43 - [TEST_STEP][PASSED] - com.reusableComponent.HighlightElement.run(findTestObject("Leaderboard/Leaderboard List/th_Name CN")): com.reusableComponent.HighlightElement.run is PASSED

2023-07-14 19:51:44 - [MESSAGE][PASSED] - com.reusableComponent.HighlightElement.run is PASSED

2023-07-14 19:51:44 - [TEST_STEP][PASSED] - com.reusableComponent.HighlightElement.run(findTestObject("Leaderboard/Leaderboard List/th_Name TH")): com.reusableComponent.HighlightElement.run is PASSED

2023-07-14 19:51:44 - [MESSAGE][PASSED] - com.reusableComponent.HighlightElement.run is PASSED

2023-07-14 19:51:44 - [TEST_STEP][PASSED] - com.reusableComponent.HighlightElement.run(findTestObject("Leaderboard/Leaderboard List/th_Description")): com.reusableComponent.HighlightElement.run is PASSED

2023-07-14 19:51:45 - [MESSAGE][PASSED] - com.reusableComponent.HighlightElement.run is PASSED

2023-07-14 19:51:45 - [TEST_STEP][PASSED] - com.reusableComponent.HighlightElement.run(findTestObject("Leaderboard/Leaderboard List/th_Banner ImageEN")): com.reusableComponent.HighlightElement.run is PASSED

2023-07-14 19:51:45 - [MESSAGE][PASSED] - com.reusableComponent.HighlightElement.run is PASSED

2023-07-14 19:51:45 - [TEST_STEP][PASSED] - com.reusableComponent.HighlightElement.run(findTestObject("Leaderboard/Leaderboard List/th_Banner ImageBM")): com.reusableComponent.HighlightElement.run is PASSED

2023-07-14 19:51:46 - [MESSAGE][PASSED] - com.reusableComponent.HighlightElement.run is PASSED

2023-07-14 19:51:46 - [TEST_STEP][PASSED] - com.reusableComponent.HighlightElement.run(findTestObject("Leaderboard/Leaderboard List/th_Banner ImageCN")): com.reusableComponent.HighlightElement.run is PASSED

2023-07-14 19:51:46 - [MESSAGE][PASSED] - com.reusableComponent.HighlightElement.run is PASSED

2023-07-14 19:51:46 - [TEST_STEP][PASSED] - com.reusableComponent.HighlightElement.run(findTestObject("Leaderboard/Leaderboard List/th_Banner ImageTH")): com.reusableComponent.HighlightElement.run is PASSED

2023-07-14 19:51:47 - [MESSAGE][PASSED] - com.reusableComponent.HighlightElement.run is PASSED

2023-07-14 19:51:47 - [TEST_STEP][PASSED] - com.reusableComponent.HighlightElement.run(findTestObject("Leaderboard/Leaderboard List/th_Start Datetime")): com.reusableComponent.HighlightElement.run is PASSED

2023-07-14 19:51:47 - [MESSAGE][PASSED] - com.reusableComponent.HighlightElement.run is PASSED

2023-07-14 19:51:47 - [TEST_STEP][PASSED] - com.reusableComponent.HighlightElement.run(findTestObject("Leaderboard/Leaderboard List/th_End Datetime")): com.reusableComponent.HighlightElement.run is PASSED

2023-07-14 19:51:47 - [MESSAGE][PASSED] - com.reusableComponent.HighlightElement.run is PASSED

2023-07-14 19:51:47 - [TEST_STEP][PASSED] - com.reusableComponent.HighlightElement.run(findTestObject("Leaderboard/Leaderboard List/th_Status")): com.reusableComponent.HighlightElement.run is PASSED

2023-07-14 19:51:48 - [MESSAGE][PASSED] - com.reusableComponent.HighlightElement.run is PASSED

2023-07-14 19:51:48 - [TEST_STEP][PASSED] - com.reusableComponent.HighlightElement.run(findTestObject("Leaderboard/Leaderboard List/th_Action")): com.reusableComponent.HighlightElement.run is PASSED

2023-07-14 19:51:48 - [MESSAGE][PASSED] - com.reusableComponent.HighlightElement.run is PASSED

2023-07-14 19:51:48 - [TEST_STEP][PASSED] - com.reusableComponent.HighlightElement.run(findTestObject("Leaderboard/Leaderboard List/table_Name ENName BMName CNName THDescriptionBanner ImageENBanner ImageBMBanner ImageCNBanner ImageTHStart DatetimeEnd DatetimeStatusAction")): com.reusableComponent.HighlightElement.run is PASSED

2023-07-14 19:51:49 - [MESSAGE][PASSED] - com.reusableComponent.HighlightElement.run is PASSED

2023-07-14 19:51:49 - [TEST_STEP][PASSED] - verifyElementVisible(findTestObject("Leaderboard/Leaderboard List/th_Name EN")): Object 'Object Repository/Leaderboard/Leaderboard List/th_Name EN' is visible

2023-07-14 19:51:49 - [MESSAGE][PASSED] - Object 'Object Repository/Leaderboard/Leaderboard List/th_Name EN' is visible

2023-07-14 19:51:49 - [TEST_STEP][PASSED] - verifyElementVisible(findTestObject("Leaderboard/Leaderboard List/th_Name BM")): Object 'Object Repository/Leaderboard/Leaderboard List/th_Name BM' is visible

2023-07-14 19:51:50 - [MESSAGE][PASSED] - Object 'Object Repository/Leaderboard/Leaderboard List/th_Name BM' is visible

2023-07-14 19:51:50 - [TEST_STEP][PASSED] - verifyElementVisible(findTestObject("Leaderboard/Leaderboard List/th_Name CN")): Object 'Object Repository/Leaderboard/Leaderboard List/th_Name CN' is visible

2023-07-14 19:51:50 - [MESSAGE][PASSED] - Object 'Object Repository/Leaderboard/Leaderboard List/th_Name CN' is visible

2023-07-14 19:51:50 - [TEST_STEP][PASSED] - verifyElementVisible(findTestObject("Leaderboard/Leaderboard List/th_Name TH")): Object 'Object Repository/Leaderboard/Leaderboard List/th_Name TH' is visible

2023-07-14 19:51:50 - [MESSAGE][PASSED] - Object 'Object Repository/Leaderboard/Leaderboard List/th_Name TH' is visible

2023-07-14 19:51:50 - [TEST_STEP][PASSED] - verifyElementVisible(findTestObject("Leaderboard/Leaderboard List/th_Description")): Object 'Object Repository/Leaderboard/Leaderboard List/th_Description' is visible

2023-07-14 19:51:51 - [MESSAGE][PASSED] - Object 'Object Repository/Leaderboard/Leaderboard List/th_Description' is visible

2023-07-14 19:51:51 - [TEST_STEP][PASSED] - verifyElementVisible(findTestObject("Leaderboard/Leaderboard List/th_Banner ImageEN")): Object 'Object Repository/Leaderboard/Leaderboard List/th_Banner ImageEN' is visible

2023-07-14 19:51:51 - [MESSAGE][PASSED] - Object 'Object Repository/Leaderboard/Leaderboard List/th_Banner ImageEN' is visible

2023-07-14 19:51:51 - [TEST_STEP][PASSED] - verifyElementVisible(findTestObject("Leaderboard/Leaderboard List/th_Banner ImageBM")): Object 'Object Repository/Leaderboard/Leaderboard List/th_Banner ImageBM' is visible

2023-07-14 19:51:52 - [MESSAGE][PASSED] - Object 'Object Repository/Leaderboard/Leaderboard List/th_Banner ImageBM' is visible

2023-07-14 19:51:52 - [TEST_STEP][PASSED] - verifyElementVisible(findTestObject("Leaderboard/Leaderboard List/th_Banner ImageCN")): Object 'Object Repository/Leaderboard/Leaderboard List/th_Banner ImageCN' is visible

2023-07-14 19:51:52 - [MESSAGE][PASSED] - Object 'Object Repository/Leaderboard/Leaderboard List/th_Banner ImageCN' is visible

2023-07-14 19:51:52 - [TEST_STEP][PASSED] - verifyElementVisible(findTestObject("Leaderboard/Leaderboard List/th_Banner ImageTH")): Object 'Object Repository/Leaderboard/Leaderboard List/th_Banner ImageTH' is visible

2023-07-14 19:51:52 - [MESSAGE][PASSED] - Object 'Object Repository/Leaderboard/Leaderboard List/th_Banner ImageTH' is visible

2023-07-14 19:51:52 - [TEST_STEP][PASSED] - verifyElementVisible(findTestObject("Leaderboard/Leaderboard List/th_Start Datetime")): Object 'Object Repository/Leaderboard/Leaderboard List/th_Start Datetime' is visible

2023-07-14 19:51:53 - [MESSAGE][PASSED] - Object 'Object Repository/Leaderboard/Leaderboard List/th_Start Datetime' is visible

2023-07-14 19:51:53 - [TEST_STEP][PASSED] - verifyElementVisible(findTestObject("Leaderboard/Leaderboard List/th_End Datetime")): Object 'Object Repository/Leaderboard/Leaderboard List/th_End Datetime' is visible

2023-07-14 19:51:53 - [MESSAGE][PASSED] - Object 'Object Repository/Leaderboard/Leaderboard List/th_End Datetime' is visible

2023-07-14 19:51:53 - [TEST_STEP][PASSED] - verifyElementVisible(findTestObject("Leaderboard/Leaderboard List/th_Status")): Object 'Object Repository/Leaderboard/Leaderboard List/th_Status' is visible

2023-07-14 19:51:54 - [MESSAGE][PASSED] - Object 'Object Repository/Leaderboard/Leaderboard List/th_Status' is visible

2023-07-14 19:51:54 - [TEST_STEP][PASSED] - verifyElementVisible(findTestObject("Leaderboard/Leaderboard List/th_Action")): Object 'Object Repository/Leaderboard/Leaderboard List/th_Action' is visible

2023-07-14 19:51:54 - [MESSAGE][PASSED] - Object 'Object Repository/Leaderboard/Leaderboard List/th_Action' is visible

2023-07-14 19:51:54 - [TEST_STEP][PASSED] - verifyElementVisible(findTestObject("Leaderboard/Leaderboard List/table_Name ENName BMName CNName THDescriptionBanner ImageENBanner ImageBMBanner ImageCNBanner ImageTHStart DatetimeEnd DatetimeStatusAction")): Object 'Object Repository/Leaderboard/Leaderboard List/table_Name ENName BMName CNName THDescriptionBanner ImageENBanner ImageBMBanner ImageCNBanner ImageTHStart DatetimeEnd DatetimeStatusAction' is visible

2023-07-14 19:51:54 - [MESSAGE][PASSED] - Object 'Object Repository/Leaderboard/Leaderboard List/table_Name ENName BMName CNName THDescriptionBanner ImageENBanner ImageBMBanner ImageCNBanner ImageTHStart DatetimeEnd DatetimeStatusAction' is visible

2023-07-14 19:51:54 - [TEST_STEP][PASSED] - com.reusableComponent.HighlightElement.run(findTestObject("Leaderboard/Leaderboard List/li_Previous")): com.reusableComponent.HighlightElement.run is PASSED

2023-07-14 19:51:55 - [MESSAGE][PASSED] - com.reusableComponent.HighlightElement.run is PASSED

2023-07-14 19:51:55 - [TEST_STEP][PASSED] - com.reusableComponent.HighlightElement.run(findTestObject("Leaderboard/Leaderboard List/li_Next")): com.reusableComponent.HighlightElement.run is PASSED

2023-07-14 19:51:55 - [MESSAGE][PASSED] - com.reusableComponent.HighlightElement.run is PASSED

2023-07-14 19:51:55 - [TEST_STEP][PASSED] - verifyElementVisible(findTestObject("Leaderboard/Leaderboard List/li_Previous")): Object 'Object Repository/Leaderboard/Leaderboard List/li_Previous' is visible

2023-07-14 19:51:56 - [MESSAGE][PASSED] - Object 'Object Repository/Leaderboard/Leaderboard List/li_Previous' is visible

2023-07-14 19:51:56 - [TEST_STEP][PASSED] - verifyElementVisible(findTestObject("Leaderboard/Leaderboard List/li_Next")): Object 'Object Repository/Leaderboard/Leaderboard List/li_Next' is visible

2023-07-14 19:51:56 - [MESSAGE][PASSED] - Object 'Object Repository/Leaderboard/Leaderboard List/li_Next' is visible]]></system-out>
         <system-err><![CDATA[]]></system-err>
      </testcase>
      <testcase name="Test Cases/Leaderboard/List MMK" time="30.041" classname="Test Cases/Leaderboard/List MMK" status="PASSED">
         <system-out><![CDATA[2023-07-14 19:51:56 - [TEST_CASE][PASSED] - Test Cases/Leaderboard/List MMK: Test Cases/Leaderboard/List MMK

2023-07-14 19:51:57 - [TEST_STEP][PASSED] - com.reusableComponent.HighlightElement.run(findTestObject("Leaderboard/Page_Dashboard/span_leaderboard")): com.reusableComponent.HighlightElement.run is PASSED

2023-07-14 19:51:57 - [MESSAGE][PASSED] - com.reusableComponent.HighlightElement.run is PASSED

2023-07-14 19:51:57 - [TEST_STEP][PASSED] - mouseOver(findTestObject("Leaderboard/Page_Dashboard/span_leaderboard")): Object: 'Object Repository/Leaderboard/Page_Dashboard/span_leaderboard' is hovered

2023-07-14 19:51:58 - [MESSAGE][PASSED] - Object: 'Object Repository/Leaderboard/Page_Dashboard/span_leaderboard' is hovered

2023-07-14 19:51:58 - [TEST_STEP][PASSED] - com.reusableComponent.HighlightElement.run(findTestObject("Leaderboard/Page_Dashboard/span_List")): com.reusableComponent.HighlightElement.run is PASSED

2023-07-14 19:51:58 - [MESSAGE][PASSED] - com.reusableComponent.HighlightElement.run is PASSED

2023-07-14 19:51:58 - [TEST_STEP][PASSED] - mouseOver(findTestObject("Leaderboard/Page_Dashboard/span_List")): Object: 'Object Repository/Leaderboard/Page_Dashboard/span_List' is hovered

2023-07-14 19:51:59 - [MESSAGE][PASSED] - Object: 'Object Repository/Leaderboard/Page_Dashboard/span_List' is hovered

2023-07-14 19:51:59 - [TEST_STEP][PASSED] - com.reusableComponent.HighlightElement.run(findTestObject("Leaderboard/Page_Dashboard/span_MMK")): com.reusableComponent.HighlightElement.run is PASSED

2023-07-14 19:51:59 - [MESSAGE][PASSED] - com.reusableComponent.HighlightElement.run is PASSED

2023-07-14 19:51:59 - [TEST_STEP][PASSED] - mouseOver(findTestObject("Leaderboard/Page_Dashboard/span_MMK")): Object: 'Object Repository/Leaderboard/Page_Dashboard/span_MMK' is hovered

2023-07-14 19:52:00 - [MESSAGE][PASSED] - Object: 'Object Repository/Leaderboard/Page_Dashboard/span_MMK' is hovered

2023-07-14 19:52:00 - [TEST_STEP][PASSED] - click(findTestObject("Leaderboard/Page_Dashboard/span_MMK")): Object: 'Object Repository/Leaderboard/Page_Dashboard/span_MMK' is clicked on

2023-07-14 19:52:05 - [MESSAGE][PASSED] - Object: 'Object Repository/Leaderboard/Page_Dashboard/span_MMK' is clicked on

2023-07-14 19:52:05 - [TEST_STEP][PASSED] - com.reusableComponent.HighlightElement.run(findTestObject("Leaderboard/Leaderboard List/h3_Leaderboard Management")): com.reusableComponent.HighlightElement.run is PASSED

2023-07-14 19:52:06 - [MESSAGE][PASSED] - com.reusableComponent.HighlightElement.run is PASSED

2023-07-14 19:52:06 - [TEST_STEP][PASSED] - com.reusableComponent.HighlightElement.run(findTestObject("Leaderboard/Leaderboard List/button_Add")): com.reusableComponent.HighlightElement.run is PASSED

2023-07-14 19:52:06 - [MESSAGE][PASSED] - com.reusableComponent.HighlightElement.run is PASSED

2023-07-14 19:52:06 - [TEST_STEP][PASSED] - verifyElementVisible(findTestObject("Leaderboard/Leaderboard List/h3_Leaderboard Management")): Object 'Object Repository/Leaderboard/Leaderboard List/h3_Leaderboard Management' is visible

2023-07-14 19:52:07 - [MESSAGE][PASSED] - Object 'Object Repository/Leaderboard/Leaderboard List/h3_Leaderboard Management' is visible

2023-07-14 19:52:07 - [TEST_STEP][PASSED] - verifyElementVisible(findTestObject("Leaderboard/Leaderboard List/button_Add")): Object 'Object Repository/Leaderboard/Leaderboard List/button_Add' is visible

2023-07-14 19:52:07 - [MESSAGE][PASSED] - Object 'Object Repository/Leaderboard/Leaderboard List/button_Add' is visible

2023-07-14 19:52:07 - [TEST_STEP][PASSED] - com.reusableComponent.HighlightElement.run(findTestObject("Leaderboard/Leaderboard List/select_102550100")): com.reusableComponent.HighlightElement.run is PASSED

2023-07-14 19:52:07 - [MESSAGE][PASSED] - com.reusableComponent.HighlightElement.run is PASSED

2023-07-14 19:52:07 - [TEST_STEP][PASSED] - com.reusableComponent.HighlightElement.run(findTestObject("Leaderboard/Leaderboard List/span_Copy")): com.reusableComponent.HighlightElement.run is PASSED

2023-07-14 19:52:08 - [MESSAGE][PASSED] - com.reusableComponent.HighlightElement.run is PASSED

2023-07-14 19:52:08 - [TEST_STEP][PASSED] - com.reusableComponent.HighlightElement.run(findTestObject("Leaderboard/Leaderboard List/span_CSV")): com.reusableComponent.HighlightElement.run is PASSED

2023-07-14 19:52:08 - [MESSAGE][PASSED] - com.reusableComponent.HighlightElement.run is PASSED

2023-07-14 19:52:08 - [TEST_STEP][PASSED] - com.reusableComponent.HighlightElement.run(findTestObject("Leaderboard/Leaderboard List/span_Excel")): com.reusableComponent.HighlightElement.run is PASSED

2023-07-14 19:52:09 - [MESSAGE][PASSED] - com.reusableComponent.HighlightElement.run is PASSED

2023-07-14 19:52:09 - [TEST_STEP][PASSED] - com.reusableComponent.HighlightElement.run(findTestObject("Leaderboard/Leaderboard List/span_PDF")): com.reusableComponent.HighlightElement.run is PASSED

2023-07-14 19:52:09 - [MESSAGE][PASSED] - com.reusableComponent.HighlightElement.run is PASSED

2023-07-14 19:52:09 - [TEST_STEP][PASSED] - com.reusableComponent.HighlightElement.run(findTestObject("Leaderboard/Leaderboard List/input_Search_form-control form-control-sm")): com.reusableComponent.HighlightElement.run is PASSED

2023-07-14 19:52:10 - [MESSAGE][PASSED] - com.reusableComponent.HighlightElement.run is PASSED

2023-07-14 19:52:10 - [TEST_STEP][PASSED] - verifyElementVisible(findTestObject("Leaderboard/Leaderboard List/select_102550100")): Object 'Object Repository/Leaderboard/Leaderboard List/select_102550100' is visible

2023-07-14 19:52:10 - [MESSAGE][PASSED] - Object 'Object Repository/Leaderboard/Leaderboard List/select_102550100' is visible

2023-07-14 19:52:10 - [TEST_STEP][PASSED] - verifyElementVisible(findTestObject("Leaderboard/Leaderboard List/span_Copy")): Object 'Object Repository/Leaderboard/Leaderboard List/span_Copy' is visible

2023-07-14 19:52:11 - [MESSAGE][PASSED] - Object 'Object Repository/Leaderboard/Leaderboard List/span_Copy' is visible

2023-07-14 19:52:11 - [TEST_STEP][PASSED] - verifyElementVisible(findTestObject("Leaderboard/Leaderboard List/span_CSV")): Object 'Object Repository/Leaderboard/Leaderboard List/span_CSV' is visible

2023-07-14 19:52:11 - [MESSAGE][PASSED] - Object 'Object Repository/Leaderboard/Leaderboard List/span_CSV' is visible

2023-07-14 19:52:11 - [TEST_STEP][PASSED] - verifyElementVisible(findTestObject("Leaderboard/Leaderboard List/span_Excel")): Object 'Object Repository/Leaderboard/Leaderboard List/span_Excel' is visible

2023-07-14 19:52:12 - [MESSAGE][PASSED] - Object 'Object Repository/Leaderboard/Leaderboard List/span_Excel' is visible

2023-07-14 19:52:12 - [TEST_STEP][PASSED] - verifyElementVisible(findTestObject("Leaderboard/Leaderboard List/span_PDF")): Object 'Object Repository/Leaderboard/Leaderboard List/span_PDF' is visible

2023-07-14 19:52:12 - [MESSAGE][PASSED] - Object 'Object Repository/Leaderboard/Leaderboard List/span_PDF' is visible

2023-07-14 19:52:12 - [TEST_STEP][PASSED] - verifyElementVisible(findTestObject("Leaderboard/Leaderboard List/input_Search_form-control form-control-sm")): Object 'Object Repository/Leaderboard/Leaderboard List/input_Search_form-control form-control-sm' is visible

2023-07-14 19:52:12 - [MESSAGE][PASSED] - Object 'Object Repository/Leaderboard/Leaderboard List/input_Search_form-control form-control-sm' is visible

2023-07-14 19:52:12 - [TEST_STEP][PASSED] - com.reusableComponent.HighlightElement.run(findTestObject("Leaderboard/Leaderboard List/th_Name EN")): com.reusableComponent.HighlightElement.run is PASSED

2023-07-14 19:52:13 - [MESSAGE][PASSED] - com.reusableComponent.HighlightElement.run is PASSED

2023-07-14 19:52:13 - [TEST_STEP][PASSED] - com.reusableComponent.HighlightElement.run(findTestObject("Leaderboard/Leaderboard List/th_Name BM")): com.reusableComponent.HighlightElement.run is PASSED

2023-07-14 19:52:13 - [MESSAGE][PASSED] - com.reusableComponent.HighlightElement.run is PASSED

2023-07-14 19:52:13 - [TEST_STEP][PASSED] - com.reusableComponent.HighlightElement.run(findTestObject("Leaderboard/Leaderboard List/th_Name CN")): com.reusableComponent.HighlightElement.run is PASSED

2023-07-14 19:52:14 - [MESSAGE][PASSED] - com.reusableComponent.HighlightElement.run is PASSED

2023-07-14 19:52:14 - [TEST_STEP][PASSED] - com.reusableComponent.HighlightElement.run(findTestObject("Leaderboard/Leaderboard List/th_Name TH")): com.reusableComponent.HighlightElement.run is PASSED

2023-07-14 19:52:14 - [MESSAGE][PASSED] - com.reusableComponent.HighlightElement.run is PASSED

2023-07-14 19:52:14 - [TEST_STEP][PASSED] - com.reusableComponent.HighlightElement.run(findTestObject("Leaderboard/Leaderboard List/th_Description")): com.reusableComponent.HighlightElement.run is PASSED

2023-07-14 19:52:15 - [MESSAGE][PASSED] - com.reusableComponent.HighlightElement.run is PASSED

2023-07-14 19:52:15 - [TEST_STEP][PASSED] - com.reusableComponent.HighlightElement.run(findTestObject("Leaderboard/Leaderboard List/th_Banner ImageEN")): com.reusableComponent.HighlightElement.run is PASSED

2023-07-14 19:52:15 - [MESSAGE][PASSED] - com.reusableComponent.HighlightElement.run is PASSED

2023-07-14 19:52:15 - [TEST_STEP][PASSED] - com.reusableComponent.HighlightElement.run(findTestObject("Leaderboard/Leaderboard List/th_Banner ImageBM")): com.reusableComponent.HighlightElement.run is PASSED

2023-07-14 19:52:15 - [MESSAGE][PASSED] - com.reusableComponent.HighlightElement.run is PASSED

2023-07-14 19:52:15 - [TEST_STEP][PASSED] - com.reusableComponent.HighlightElement.run(findTestObject("Leaderboard/Leaderboard List/th_Banner ImageCN")): com.reusableComponent.HighlightElement.run is PASSED

2023-07-14 19:52:16 - [MESSAGE][PASSED] - com.reusableComponent.HighlightElement.run is PASSED

2023-07-14 19:52:16 - [TEST_STEP][PASSED] - com.reusableComponent.HighlightElement.run(findTestObject("Leaderboard/Leaderboard List/th_Banner ImageTH")): com.reusableComponent.HighlightElement.run is PASSED

2023-07-14 19:52:16 - [MESSAGE][PASSED] - com.reusableComponent.HighlightElement.run is PASSED

2023-07-14 19:52:16 - [TEST_STEP][PASSED] - com.reusableComponent.HighlightElement.run(findTestObject("Leaderboard/Leaderboard List/th_Start Datetime")): com.reusableComponent.HighlightElement.run is PASSED

2023-07-14 19:52:17 - [MESSAGE][PASSED] - com.reusableComponent.HighlightElement.run is PASSED

2023-07-14 19:52:17 - [TEST_STEP][PASSED] - com.reusableComponent.HighlightElement.run(findTestObject("Leaderboard/Leaderboard List/th_End Datetime")): com.reusableComponent.HighlightElement.run is PASSED

2023-07-14 19:52:17 - [MESSAGE][PASSED] - com.reusableComponent.HighlightElement.run is PASSED

2023-07-14 19:52:17 - [TEST_STEP][PASSED] - com.reusableComponent.HighlightElement.run(findTestObject("Leaderboard/Leaderboard List/th_Status")): com.reusableComponent.HighlightElement.run is PASSED

2023-07-14 19:52:18 - [MESSAGE][PASSED] - com.reusableComponent.HighlightElement.run is PASSED

2023-07-14 19:52:18 - [TEST_STEP][PASSED] - com.reusableComponent.HighlightElement.run(findTestObject("Leaderboard/Leaderboard List/th_Action")): com.reusableComponent.HighlightElement.run is PASSED

2023-07-14 19:52:18 - [MESSAGE][PASSED] - com.reusableComponent.HighlightElement.run is PASSED

2023-07-14 19:52:18 - [TEST_STEP][PASSED] - com.reusableComponent.HighlightElement.run(findTestObject("Leaderboard/Leaderboard List/table_Name ENName BMName CNName THDescriptionBanner ImageENBanner ImageBMBanner ImageCNBanner ImageTHStart DatetimeEnd DatetimeStatusAction")): com.reusableComponent.HighlightElement.run is PASSED

2023-07-14 19:52:19 - [MESSAGE][PASSED] - com.reusableComponent.HighlightElement.run is PASSED

2023-07-14 19:52:19 - [TEST_STEP][PASSED] - verifyElementVisible(findTestObject("Leaderboard/Leaderboard List/th_Name EN")): Object 'Object Repository/Leaderboard/Leaderboard List/th_Name EN' is visible

2023-07-14 19:52:19 - [MESSAGE][PASSED] - Object 'Object Repository/Leaderboard/Leaderboard List/th_Name EN' is visible

2023-07-14 19:52:19 - [TEST_STEP][PASSED] - verifyElementVisible(findTestObject("Leaderboard/Leaderboard List/th_Name BM")): Object 'Object Repository/Leaderboard/Leaderboard List/th_Name BM' is visible

2023-07-14 19:52:20 - [MESSAGE][PASSED] - Object 'Object Repository/Leaderboard/Leaderboard List/th_Name BM' is visible

2023-07-14 19:52:20 - [TEST_STEP][PASSED] - verifyElementVisible(findTestObject("Leaderboard/Leaderboard List/th_Name CN")): Object 'Object Repository/Leaderboard/Leaderboard List/th_Name CN' is visible

2023-07-14 19:52:20 - [MESSAGE][PASSED] - Object 'Object Repository/Leaderboard/Leaderboard List/th_Name CN' is visible

2023-07-14 19:52:20 - [TEST_STEP][PASSED] - verifyElementVisible(findTestObject("Leaderboard/Leaderboard List/th_Name TH")): Object 'Object Repository/Leaderboard/Leaderboard List/th_Name TH' is visible

2023-07-14 19:52:20 - [MESSAGE][PASSED] - Object 'Object Repository/Leaderboard/Leaderboard List/th_Name TH' is visible

2023-07-14 19:52:20 - [TEST_STEP][PASSED] - verifyElementVisible(findTestObject("Leaderboard/Leaderboard List/th_Description")): Object 'Object Repository/Leaderboard/Leaderboard List/th_Description' is visible

2023-07-14 19:52:21 - [MESSAGE][PASSED] - Object 'Object Repository/Leaderboard/Leaderboard List/th_Description' is visible

2023-07-14 19:52:21 - [TEST_STEP][PASSED] - verifyElementVisible(findTestObject("Leaderboard/Leaderboard List/th_Banner ImageEN")): Object 'Object Repository/Leaderboard/Leaderboard List/th_Banner ImageEN' is visible

2023-07-14 19:52:21 - [MESSAGE][PASSED] - Object 'Object Repository/Leaderboard/Leaderboard List/th_Banner ImageEN' is visible

2023-07-14 19:52:21 - [TEST_STEP][PASSED] - verifyElementVisible(findTestObject("Leaderboard/Leaderboard List/th_Banner ImageBM")): Object 'Object Repository/Leaderboard/Leaderboard List/th_Banner ImageBM' is visible

2023-07-14 19:52:22 - [MESSAGE][PASSED] - Object 'Object Repository/Leaderboard/Leaderboard List/th_Banner ImageBM' is visible

2023-07-14 19:52:22 - [TEST_STEP][PASSED] - verifyElementVisible(findTestObject("Leaderboard/Leaderboard List/th_Banner ImageCN")): Object 'Object Repository/Leaderboard/Leaderboard List/th_Banner ImageCN' is visible

2023-07-14 19:52:22 - [MESSAGE][PASSED] - Object 'Object Repository/Leaderboard/Leaderboard List/th_Banner ImageCN' is visible

2023-07-14 19:52:22 - [TEST_STEP][PASSED] - verifyElementVisible(findTestObject("Leaderboard/Leaderboard List/th_Banner ImageTH")): Object 'Object Repository/Leaderboard/Leaderboard List/th_Banner ImageTH' is visible

2023-07-14 19:52:22 - [MESSAGE][PASSED] - Object 'Object Repository/Leaderboard/Leaderboard List/th_Banner ImageTH' is visible

2023-07-14 19:52:22 - [TEST_STEP][PASSED] - verifyElementVisible(findTestObject("Leaderboard/Leaderboard List/th_Start Datetime")): Object 'Object Repository/Leaderboard/Leaderboard List/th_Start Datetime' is visible

2023-07-14 19:52:23 - [MESSAGE][PASSED] - Object 'Object Repository/Leaderboard/Leaderboard List/th_Start Datetime' is visible

2023-07-14 19:52:23 - [TEST_STEP][PASSED] - verifyElementVisible(findTestObject("Leaderboard/Leaderboard List/th_End Datetime")): Object 'Object Repository/Leaderboard/Leaderboard List/th_End Datetime' is visible

2023-07-14 19:52:23 - [MESSAGE][PASSED] - Object 'Object Repository/Leaderboard/Leaderboard List/th_End Datetime' is visible

2023-07-14 19:52:23 - [TEST_STEP][PASSED] - verifyElementVisible(findTestObject("Leaderboard/Leaderboard List/th_Status")): Object 'Object Repository/Leaderboard/Leaderboard List/th_Status' is visible

2023-07-14 19:52:24 - [MESSAGE][PASSED] - Object 'Object Repository/Leaderboard/Leaderboard List/th_Status' is visible

2023-07-14 19:52:24 - [TEST_STEP][PASSED] - verifyElementVisible(findTestObject("Leaderboard/Leaderboard List/th_Action")): Object 'Object Repository/Leaderboard/Leaderboard List/th_Action' is visible

2023-07-14 19:52:24 - [MESSAGE][PASSED] - Object 'Object Repository/Leaderboard/Leaderboard List/th_Action' is visible

2023-07-14 19:52:24 - [TEST_STEP][PASSED] - verifyElementVisible(findTestObject("Leaderboard/Leaderboard List/table_Name ENName BMName CNName THDescriptionBanner ImageENBanner ImageBMBanner ImageCNBanner ImageTHStart DatetimeEnd DatetimeStatusAction")): Object 'Object Repository/Leaderboard/Leaderboard List/table_Name ENName BMName CNName THDescriptionBanner ImageENBanner ImageBMBanner ImageCNBanner ImageTHStart DatetimeEnd DatetimeStatusAction' is visible

2023-07-14 19:52:24 - [MESSAGE][PASSED] - Object 'Object Repository/Leaderboard/Leaderboard List/table_Name ENName BMName CNName THDescriptionBanner ImageENBanner ImageBMBanner ImageCNBanner ImageTHStart DatetimeEnd DatetimeStatusAction' is visible

2023-07-14 19:52:24 - [TEST_STEP][PASSED] - com.reusableComponent.HighlightElement.run(findTestObject("Leaderboard/Leaderboard List/li_Previous")): com.reusableComponent.HighlightElement.run is PASSED

2023-07-14 19:52:25 - [MESSAGE][PASSED] - com.reusableComponent.HighlightElement.run is PASSED

2023-07-14 19:52:25 - [TEST_STEP][PASSED] - com.reusableComponent.HighlightElement.run(findTestObject("Leaderboard/Leaderboard List/li_Next")): com.reusableComponent.HighlightElement.run is PASSED

2023-07-14 19:52:25 - [MESSAGE][PASSED] - com.reusableComponent.HighlightElement.run is PASSED

2023-07-14 19:52:25 - [TEST_STEP][PASSED] - verifyElementVisible(findTestObject("Leaderboard/Leaderboard List/li_Previous")): Object 'Object Repository/Leaderboard/Leaderboard List/li_Previous' is visible

2023-07-14 19:52:26 - [MESSAGE][PASSED] - Object 'Object Repository/Leaderboard/Leaderboard List/li_Previous' is visible

2023-07-14 19:52:26 - [TEST_STEP][PASSED] - verifyElementVisible(findTestObject("Leaderboard/Leaderboard List/li_Next")): Object 'Object Repository/Leaderboard/Leaderboard List/li_Next' is visible

2023-07-14 19:52:26 - [MESSAGE][PASSED] - Object 'Object Repository/Leaderboard/Leaderboard List/li_Next' is visible]]></system-out>
         <system-err><![CDATA[]]></system-err>
      </testcase>
      <testcase name="Test Cases/Leaderboard/List RMB" time="27.277" classname="Test Cases/Leaderboard/List RMB" status="PASSED">
         <system-out><![CDATA[2023-07-14 19:52:26 - [TEST_CASE][PASSED] - Test Cases/Leaderboard/List RMB: Test Cases/Leaderboard/List RMB

2023-07-14 19:52:27 - [TEST_STEP][PASSED] - com.reusableComponent.HighlightElement.run(findTestObject("Leaderboard/Page_Dashboard/span_leaderboard")): com.reusableComponent.HighlightElement.run is PASSED

2023-07-14 19:52:27 - [MESSAGE][PASSED] - com.reusableComponent.HighlightElement.run is PASSED

2023-07-14 19:52:27 - [TEST_STEP][PASSED] - mouseOver(findTestObject("Leaderboard/Page_Dashboard/span_leaderboard")): Object: 'Object Repository/Leaderboard/Page_Dashboard/span_leaderboard' is hovered

2023-07-14 19:52:28 - [MESSAGE][PASSED] - Object: 'Object Repository/Leaderboard/Page_Dashboard/span_leaderboard' is hovered

2023-07-14 19:52:28 - [TEST_STEP][PASSED] - com.reusableComponent.HighlightElement.run(findTestObject("Leaderboard/Page_Dashboard/span_List")): com.reusableComponent.HighlightElement.run is PASSED

2023-07-14 19:52:28 - [MESSAGE][PASSED] - com.reusableComponent.HighlightElement.run is PASSED

2023-07-14 19:52:28 - [TEST_STEP][PASSED] - mouseOver(findTestObject("Leaderboard/Page_Dashboard/span_List")): Object: 'Object Repository/Leaderboard/Page_Dashboard/span_List' is hovered

2023-07-14 19:52:29 - [MESSAGE][PASSED] - Object: 'Object Repository/Leaderboard/Page_Dashboard/span_List' is hovered

2023-07-14 19:52:29 - [TEST_STEP][PASSED] - com.reusableComponent.HighlightElement.run(findTestObject("Leaderboard/Page_Dashboard/span_RMB")): com.reusableComponent.HighlightElement.run is PASSED

2023-07-14 19:52:29 - [MESSAGE][PASSED] - com.reusableComponent.HighlightElement.run is PASSED

2023-07-14 19:52:29 - [TEST_STEP][PASSED] - mouseOver(findTestObject("Leaderboard/Page_Dashboard/span_RMB")): Object: 'Object Repository/Leaderboard/Page_Dashboard/span_RMB' is hovered

2023-07-14 19:52:30 - [MESSAGE][PASSED] - Object: 'Object Repository/Leaderboard/Page_Dashboard/span_RMB' is hovered

2023-07-14 19:52:30 - [TEST_STEP][PASSED] - click(findTestObject("Leaderboard/Page_Dashboard/span_RMB")): Object: 'Object Repository/Leaderboard/Page_Dashboard/span_RMB' is clicked on

2023-07-14 19:52:32 - [MESSAGE][PASSED] - Object: 'Object Repository/Leaderboard/Page_Dashboard/span_RMB' is clicked on

2023-07-14 19:52:32 - [TEST_STEP][PASSED] - com.reusableComponent.HighlightElement.run(findTestObject("Leaderboard/Leaderboard List/h3_Leaderboard Management")): com.reusableComponent.HighlightElement.run is PASSED

2023-07-14 19:52:33 - [MESSAGE][PASSED] - com.reusableComponent.HighlightElement.run is PASSED

2023-07-14 19:52:33 - [TEST_STEP][PASSED] - com.reusableComponent.HighlightElement.run(findTestObject("Leaderboard/Leaderboard List/button_Add")): com.reusableComponent.HighlightElement.run is PASSED

2023-07-14 19:52:33 - [MESSAGE][PASSED] - com.reusableComponent.HighlightElement.run is PASSED

2023-07-14 19:52:33 - [TEST_STEP][PASSED] - verifyElementVisible(findTestObject("Leaderboard/Leaderboard List/h3_Leaderboard Management")): Object 'Object Repository/Leaderboard/Leaderboard List/h3_Leaderboard Management' is visible

2023-07-14 19:52:34 - [MESSAGE][PASSED] - Object 'Object Repository/Leaderboard/Leaderboard List/h3_Leaderboard Management' is visible

2023-07-14 19:52:34 - [TEST_STEP][PASSED] - verifyElementVisible(findTestObject("Leaderboard/Leaderboard List/button_Add")): Object 'Object Repository/Leaderboard/Leaderboard List/button_Add' is visible

2023-07-14 19:52:34 - [MESSAGE][PASSED] - Object 'Object Repository/Leaderboard/Leaderboard List/button_Add' is visible

2023-07-14 19:52:34 - [TEST_STEP][PASSED] - com.reusableComponent.HighlightElement.run(findTestObject("Leaderboard/Leaderboard List/select_102550100")): com.reusableComponent.HighlightElement.run is PASSED

2023-07-14 19:52:35 - [MESSAGE][PASSED] - com.reusableComponent.HighlightElement.run is PASSED

2023-07-14 19:52:35 - [TEST_STEP][PASSED] - com.reusableComponent.HighlightElement.run(findTestObject("Leaderboard/Leaderboard List/span_Copy")): com.reusableComponent.HighlightElement.run is PASSED

2023-07-14 19:52:35 - [MESSAGE][PASSED] - com.reusableComponent.HighlightElement.run is PASSED

2023-07-14 19:52:35 - [TEST_STEP][PASSED] - com.reusableComponent.HighlightElement.run(findTestObject("Leaderboard/Leaderboard List/span_CSV")): com.reusableComponent.HighlightElement.run is PASSED

2023-07-14 19:52:36 - [MESSAGE][PASSED] - com.reusableComponent.HighlightElement.run is PASSED

2023-07-14 19:52:36 - [TEST_STEP][PASSED] - com.reusableComponent.HighlightElement.run(findTestObject("Leaderboard/Leaderboard List/span_Excel")): com.reusableComponent.HighlightElement.run is PASSED

2023-07-14 19:52:36 - [MESSAGE][PASSED] - com.reusableComponent.HighlightElement.run is PASSED

2023-07-14 19:52:36 - [TEST_STEP][PASSED] - com.reusableComponent.HighlightElement.run(findTestObject("Leaderboard/Leaderboard List/span_PDF")): com.reusableComponent.HighlightElement.run is PASSED

2023-07-14 19:52:37 - [MESSAGE][PASSED] - com.reusableComponent.HighlightElement.run is PASSED

2023-07-14 19:52:37 - [TEST_STEP][PASSED] - com.reusableComponent.HighlightElement.run(findTestObject("Leaderboard/Leaderboard List/input_Search_form-control form-control-sm")): com.reusableComponent.HighlightElement.run is PASSED

2023-07-14 19:52:37 - [MESSAGE][PASSED] - com.reusableComponent.HighlightElement.run is PASSED

2023-07-14 19:52:37 - [TEST_STEP][PASSED] - verifyElementVisible(findTestObject("Leaderboard/Leaderboard List/select_102550100")): Object 'Object Repository/Leaderboard/Leaderboard List/select_102550100' is visible

2023-07-14 19:52:38 - [MESSAGE][PASSED] - Object 'Object Repository/Leaderboard/Leaderboard List/select_102550100' is visible

2023-07-14 19:52:38 - [TEST_STEP][PASSED] - verifyElementVisible(findTestObject("Leaderboard/Leaderboard List/span_Copy")): Object 'Object Repository/Leaderboard/Leaderboard List/span_Copy' is visible

2023-07-14 19:52:38 - [MESSAGE][PASSED] - Object 'Object Repository/Leaderboard/Leaderboard List/span_Copy' is visible

2023-07-14 19:52:38 - [TEST_STEP][PASSED] - verifyElementVisible(findTestObject("Leaderboard/Leaderboard List/span_CSV")): Object 'Object Repository/Leaderboard/Leaderboard List/span_CSV' is visible

2023-07-14 19:52:38 - [MESSAGE][PASSED] - Object 'Object Repository/Leaderboard/Leaderboard List/span_CSV' is visible

2023-07-14 19:52:38 - [TEST_STEP][PASSED] - verifyElementVisible(findTestObject("Leaderboard/Leaderboard List/span_Excel")): Object 'Object Repository/Leaderboard/Leaderboard List/span_Excel' is visible

2023-07-14 19:52:39 - [MESSAGE][PASSED] - Object 'Object Repository/Leaderboard/Leaderboard List/span_Excel' is visible

2023-07-14 19:52:39 - [TEST_STEP][PASSED] - verifyElementVisible(findTestObject("Leaderboard/Leaderboard List/span_PDF")): Object 'Object Repository/Leaderboard/Leaderboard List/span_PDF' is visible

2023-07-14 19:52:39 - [MESSAGE][PASSED] - Object 'Object Repository/Leaderboard/Leaderboard List/span_PDF' is visible

2023-07-14 19:52:39 - [TEST_STEP][PASSED] - verifyElementVisible(findTestObject("Leaderboard/Leaderboard List/input_Search_form-control form-control-sm")): Object 'Object Repository/Leaderboard/Leaderboard List/input_Search_form-control form-control-sm' is visible

2023-07-14 19:52:40 - [MESSAGE][PASSED] - Object 'Object Repository/Leaderboard/Leaderboard List/input_Search_form-control form-control-sm' is visible

2023-07-14 19:52:40 - [TEST_STEP][PASSED] - com.reusableComponent.HighlightElement.run(findTestObject("Leaderboard/Leaderboard List/th_Name EN")): com.reusableComponent.HighlightElement.run is PASSED

2023-07-14 19:52:40 - [MESSAGE][PASSED] - com.reusableComponent.HighlightElement.run is PASSED

2023-07-14 19:52:40 - [TEST_STEP][PASSED] - com.reusableComponent.HighlightElement.run(findTestObject("Leaderboard/Leaderboard List/th_Name BM")): com.reusableComponent.HighlightElement.run is PASSED

2023-07-14 19:52:41 - [MESSAGE][PASSED] - com.reusableComponent.HighlightElement.run is PASSED

2023-07-14 19:52:41 - [TEST_STEP][PASSED] - com.reusableComponent.HighlightElement.run(findTestObject("Leaderboard/Leaderboard List/th_Name CN")): com.reusableComponent.HighlightElement.run is PASSED

2023-07-14 19:52:41 - [MESSAGE][PASSED] - com.reusableComponent.HighlightElement.run is PASSED

2023-07-14 19:52:41 - [TEST_STEP][PASSED] - com.reusableComponent.HighlightElement.run(findTestObject("Leaderboard/Leaderboard List/th_Name TH")): com.reusableComponent.HighlightElement.run is PASSED

2023-07-14 19:52:42 - [MESSAGE][PASSED] - com.reusableComponent.HighlightElement.run is PASSED

2023-07-14 19:52:42 - [TEST_STEP][PASSED] - com.reusableComponent.HighlightElement.run(findTestObject("Leaderboard/Leaderboard List/th_Description")): com.reusableComponent.HighlightElement.run is PASSED

2023-07-14 19:52:42 - [MESSAGE][PASSED] - com.reusableComponent.HighlightElement.run is PASSED

2023-07-14 19:52:42 - [TEST_STEP][PASSED] - com.reusableComponent.HighlightElement.run(findTestObject("Leaderboard/Leaderboard List/th_Banner ImageEN")): com.reusableComponent.HighlightElement.run is PASSED

2023-07-14 19:52:42 - [MESSAGE][PASSED] - com.reusableComponent.HighlightElement.run is PASSED

2023-07-14 19:52:42 - [TEST_STEP][PASSED] - com.reusableComponent.HighlightElement.run(findTestObject("Leaderboard/Leaderboard List/th_Banner ImageBM")): com.reusableComponent.HighlightElement.run is PASSED

2023-07-14 19:52:43 - [MESSAGE][PASSED] - com.reusableComponent.HighlightElement.run is PASSED

2023-07-14 19:52:43 - [TEST_STEP][PASSED] - com.reusableComponent.HighlightElement.run(findTestObject("Leaderboard/Leaderboard List/th_Banner ImageCN")): com.reusableComponent.HighlightElement.run is PASSED

2023-07-14 19:52:43 - [MESSAGE][PASSED] - com.reusableComponent.HighlightElement.run is PASSED

2023-07-14 19:52:43 - [TEST_STEP][PASSED] - com.reusableComponent.HighlightElement.run(findTestObject("Leaderboard/Leaderboard List/th_Banner ImageTH")): com.reusableComponent.HighlightElement.run is PASSED

2023-07-14 19:52:44 - [MESSAGE][PASSED] - com.reusableComponent.HighlightElement.run is PASSED

2023-07-14 19:52:44 - [TEST_STEP][PASSED] - com.reusableComponent.HighlightElement.run(findTestObject("Leaderboard/Leaderboard List/th_Start Datetime")): com.reusableComponent.HighlightElement.run is PASSED

2023-07-14 19:52:44 - [MESSAGE][PASSED] - com.reusableComponent.HighlightElement.run is PASSED

2023-07-14 19:52:44 - [TEST_STEP][PASSED] - com.reusableComponent.HighlightElement.run(findTestObject("Leaderboard/Leaderboard List/th_End Datetime")): com.reusableComponent.HighlightElement.run is PASSED

2023-07-14 19:52:45 - [MESSAGE][PASSED] - com.reusableComponent.HighlightElement.run is PASSED

2023-07-14 19:52:45 - [TEST_STEP][PASSED] - com.reusableComponent.HighlightElement.run(findTestObject("Leaderboard/Leaderboard List/th_Status")): com.reusableComponent.HighlightElement.run is PASSED

2023-07-14 19:52:45 - [MESSAGE][PASSED] - com.reusableComponent.HighlightElement.run is PASSED

2023-07-14 19:52:45 - [TEST_STEP][PASSED] - com.reusableComponent.HighlightElement.run(findTestObject("Leaderboard/Leaderboard List/th_Action")): com.reusableComponent.HighlightElement.run is PASSED

2023-07-14 19:52:46 - [MESSAGE][PASSED] - com.reusableComponent.HighlightElement.run is PASSED

2023-07-14 19:52:46 - [TEST_STEP][PASSED] - com.reusableComponent.HighlightElement.run(findTestObject("Leaderboard/Leaderboard List/table_Name ENName BMName CNName THDescriptionBanner ImageENBanner ImageBMBanner ImageCNBanner ImageTHStart DatetimeEnd DatetimeStatusAction")): com.reusableComponent.HighlightElement.run is PASSED

2023-07-14 19:52:46 - [MESSAGE][PASSED] - com.reusableComponent.HighlightElement.run is PASSED

2023-07-14 19:52:46 - [TEST_STEP][PASSED] - verifyElementVisible(findTestObject("Leaderboard/Leaderboard List/th_Name EN")): Object 'Object Repository/Leaderboard/Leaderboard List/th_Name EN' is visible

2023-07-14 19:52:46 - [MESSAGE][PASSED] - Object 'Object Repository/Leaderboard/Leaderboard List/th_Name EN' is visible

2023-07-14 19:52:46 - [TEST_STEP][PASSED] - verifyElementVisible(findTestObject("Leaderboard/Leaderboard List/th_Name BM")): Object 'Object Repository/Leaderboard/Leaderboard List/th_Name BM' is visible

2023-07-14 19:52:47 - [MESSAGE][PASSED] - Object 'Object Repository/Leaderboard/Leaderboard List/th_Name BM' is visible

2023-07-14 19:52:47 - [TEST_STEP][PASSED] - verifyElementVisible(findTestObject("Leaderboard/Leaderboard List/th_Name CN")): Object 'Object Repository/Leaderboard/Leaderboard List/th_Name CN' is visible

2023-07-14 19:52:47 - [MESSAGE][PASSED] - Object 'Object Repository/Leaderboard/Leaderboard List/th_Name CN' is visible

2023-07-14 19:52:47 - [TEST_STEP][PASSED] - verifyElementVisible(findTestObject("Leaderboard/Leaderboard List/th_Name TH")): Object 'Object Repository/Leaderboard/Leaderboard List/th_Name TH' is visible

2023-07-14 19:52:48 - [MESSAGE][PASSED] - Object 'Object Repository/Leaderboard/Leaderboard List/th_Name TH' is visible

2023-07-14 19:52:48 - [TEST_STEP][PASSED] - verifyElementVisible(findTestObject("Leaderboard/Leaderboard List/th_Description")): Object 'Object Repository/Leaderboard/Leaderboard List/th_Description' is visible

2023-07-14 19:52:48 - [MESSAGE][PASSED] - Object 'Object Repository/Leaderboard/Leaderboard List/th_Description' is visible

2023-07-14 19:52:48 - [TEST_STEP][PASSED] - verifyElementVisible(findTestObject("Leaderboard/Leaderboard List/th_Banner ImageEN")): Object 'Object Repository/Leaderboard/Leaderboard List/th_Banner ImageEN' is visible

2023-07-14 19:52:48 - [MESSAGE][PASSED] - Object 'Object Repository/Leaderboard/Leaderboard List/th_Banner ImageEN' is visible

2023-07-14 19:52:48 - [TEST_STEP][PASSED] - verifyElementVisible(findTestObject("Leaderboard/Leaderboard List/th_Banner ImageBM")): Object 'Object Repository/Leaderboard/Leaderboard List/th_Banner ImageBM' is visible

2023-07-14 19:52:49 - [MESSAGE][PASSED] - Object 'Object Repository/Leaderboard/Leaderboard List/th_Banner ImageBM' is visible

2023-07-14 19:52:49 - [TEST_STEP][PASSED] - verifyElementVisible(findTestObject("Leaderboard/Leaderboard List/th_Banner ImageCN")): Object 'Object Repository/Leaderboard/Leaderboard List/th_Banner ImageCN' is visible

2023-07-14 19:52:49 - [MESSAGE][PASSED] - Object 'Object Repository/Leaderboard/Leaderboard List/th_Banner ImageCN' is visible

2023-07-14 19:52:49 - [TEST_STEP][PASSED] - verifyElementVisible(findTestObject("Leaderboard/Leaderboard List/th_Banner ImageTH")): Object 'Object Repository/Leaderboard/Leaderboard List/th_Banner ImageTH' is visible

2023-07-14 19:52:50 - [MESSAGE][PASSED] - Object 'Object Repository/Leaderboard/Leaderboard List/th_Banner ImageTH' is visible

2023-07-14 19:52:50 - [TEST_STEP][PASSED] - verifyElementVisible(findTestObject("Leaderboard/Leaderboard List/th_Start Datetime")): Object 'Object Repository/Leaderboard/Leaderboard List/th_Start Datetime' is visible

2023-07-14 19:52:50 - [MESSAGE][PASSED] - Object 'Object Repository/Leaderboard/Leaderboard List/th_Start Datetime' is visible

2023-07-14 19:52:50 - [TEST_STEP][PASSED] - verifyElementVisible(findTestObject("Leaderboard/Leaderboard List/th_End Datetime")): Object 'Object Repository/Leaderboard/Leaderboard List/th_End Datetime' is visible

2023-07-14 19:52:51 - [MESSAGE][PASSED] - Object 'Object Repository/Leaderboard/Leaderboard List/th_End Datetime' is visible

2023-07-14 19:52:51 - [TEST_STEP][PASSED] - verifyElementVisible(findTestObject("Leaderboard/Leaderboard List/th_Status")): Object 'Object Repository/Leaderboard/Leaderboard List/th_Status' is visible

2023-07-14 19:52:51 - [MESSAGE][PASSED] - Object 'Object Repository/Leaderboard/Leaderboard List/th_Status' is visible

2023-07-14 19:52:51 - [TEST_STEP][PASSED] - verifyElementVisible(findTestObject("Leaderboard/Leaderboard List/th_Action")): Object 'Object Repository/Leaderboard/Leaderboard List/th_Action' is visible

2023-07-14 19:52:51 - [MESSAGE][PASSED] - Object 'Object Repository/Leaderboard/Leaderboard List/th_Action' is visible

2023-07-14 19:52:51 - [TEST_STEP][PASSED] - verifyElementVisible(findTestObject("Leaderboard/Leaderboard List/table_Name ENName BMName CNName THDescriptionBanner ImageENBanner ImageBMBanner ImageCNBanner ImageTHStart DatetimeEnd DatetimeStatusAction")): Object 'Object Repository/Leaderboard/Leaderboard List/table_Name ENName BMName CNName THDescriptionBanner ImageENBanner ImageBMBanner ImageCNBanner ImageTHStart DatetimeEnd DatetimeStatusAction' is visible

2023-07-14 19:52:52 - [MESSAGE][PASSED] - Object 'Object Repository/Leaderboard/Leaderboard List/table_Name ENName BMName CNName THDescriptionBanner ImageENBanner ImageBMBanner ImageCNBanner ImageTHStart DatetimeEnd DatetimeStatusAction' is visible

2023-07-14 19:52:52 - [TEST_STEP][PASSED] - com.reusableComponent.HighlightElement.run(findTestObject("Leaderboard/Leaderboard List/li_Previous")): com.reusableComponent.HighlightElement.run is PASSED

2023-07-14 19:52:52 - [MESSAGE][PASSED] - com.reusableComponent.HighlightElement.run is PASSED

2023-07-14 19:52:52 - [TEST_STEP][PASSED] - com.reusableComponent.HighlightElement.run(findTestObject("Leaderboard/Leaderboard List/li_Next")): com.reusableComponent.HighlightElement.run is PASSED

2023-07-14 19:52:53 - [MESSAGE][PASSED] - com.reusableComponent.HighlightElement.run is PASSED

2023-07-14 19:52:53 - [TEST_STEP][PASSED] - verifyElementVisible(findTestObject("Leaderboard/Leaderboard List/li_Previous")): Object 'Object Repository/Leaderboard/Leaderboard List/li_Previous' is visible

2023-07-14 19:52:53 - [MESSAGE][PASSED] - Object 'Object Repository/Leaderboard/Leaderboard List/li_Previous' is visible

2023-07-14 19:52:53 - [TEST_STEP][PASSED] - verifyElementVisible(findTestObject("Leaderboard/Leaderboard List/li_Next")): Object 'Object Repository/Leaderboard/Leaderboard List/li_Next' is visible

2023-07-14 19:52:53 - [MESSAGE][PASSED] - Object 'Object Repository/Leaderboard/Leaderboard List/li_Next' is visible]]></system-out>
         <system-err><![CDATA[]]></system-err>
      </testcase>
      <system-out><![CDATA[2023-07-14 19:50:08 - [TEST_SUITE][PASSED] - Smoke: Test Cases/Leaderboard/List RMB]]></system-out>
      <system-err><![CDATA[]]></system-err>
   </testsuite>
</testsuites>
