<?xml version="1.0" encoding="UTF-8"?>
<testsuites name="Smoke" time="88.133" tests="22" failures="0" errors="0">
   <testsuite name="Smoke" tests="22" failures="0" errors="0" time="88.133" skipped="0" timestamp="2023-06-16 00:16:08" hostname="hmacagba - PHPF1FXV0U.CSCMWS.CSCMWS.COM" id="Test Suites/Smoke">
      <properties>
         <property name="deviceName" value=""/>
         <property name="devicePlatform" value=""/>
         <property name="logFolder" value="C:\\Users\\hmacagba\\git\\AutomatedScripts\\Reports\\20230616_001558\\Smoke\\20230616_001558"/>
         <property name="logFiles" value="C:\\Users\\hmacagba\\git\\AutomatedScripts\\Reports\\20230616_001558\\Smoke\\20230616_001558\\execution0.log"/>
         <property name="attachments" value=""/>
         <property name="hostName" value="hmacagba - PHPF1FXV0U.CSCMWS.CSCMWS.COM"/>
         <property name="os" value="Windows 10 64bit"/>
         <property name="katalonVersion" value="8.6.5.208"/>
         <property name="browser" value="Chrome 114.0.0.0"/>
         <property name="hostAddress" value="192.168.68.107"/>
         <property name="sessionId" value="f4567457d5941cde92487a297c8694f7"/>
         <property name="seleniumVersion" value="3.141.59"/>
         <property name="proxyInformation" value="ProxyInformation { proxyOption=NO_PROXY, proxyServerType=HTTP, username=, password=********, proxyServerAddress=, proxyServerPort=0, executionList=&quot;&quot;, isApplyToDesiredCapabilities=true }"/>
         <property name="platform" value="Windows 10"/>
      </properties>
      <testcase name="Test Cases/Report/Win Loss Report (Direct)" time="25.771" classname="Test Cases/Report/Win Loss Report (Direct)" status="PASSED">
         <system-out><![CDATA[2023-06-16 00:16:08 - [TEST_CASE][PASSED] - Test Cases/Report/Win Loss Report (Direct): Test Cases/Report/Win Loss Report (Direct)

2023-06-16 00:16:10 - [TEST_STEP][PASSED] - callTestCase(findTestCase("Login Admin"), [:], STOP_ON_FAILURE): Call Test Case 'Test Cases/Login Admin' successfully

2023-06-16 00:16:10 - [TEST_CASE][PASSED] - Test Cases/Login Admin: Test Cases/Login Admin

2023-06-16 00:16:11 - [TEST_STEP][PASSED] - openBrowser(""): Browser is opened with url: ''

2023-06-16 00:16:11 - [MESSAGE][INFO] - Starting 'Chrome' driver

2023-06-16 00:16:11 - [MESSAGE][INFO] - Action delay is set to 0 milliseconds

2023-06-16 00:16:15 - [MESSAGE][PASSED] - Browser is opened with url: ''

2023-06-16 00:16:15 - [TEST_STEP][PASSED] - maximizeWindow(): Current window maximized

2023-06-16 00:16:15 - [MESSAGE][PASSED] - Current window maximized

2023-06-16 00:16:15 - [TEST_STEP][PASSED] - navigateToUrl(URL): Navigate to 'http://admin.lkydev.site' successfully

2023-06-16 00:16:19 - [MESSAGE][PASSED] - Navigate to 'http://admin.lkydev.site' successfully

2023-06-16 00:16:19 - [TEST_STEP][PASSED] - verifyElementText(findTestObject("Object Repository/Login/Page_SUNCITY - Login/h3_Sign In To Admin System"), "Sign In To Admin System"): Actual text and expected text of test object 'Object Repository/Login/Page_SUNCITY - Login/h3_Sign In To Admin System' are matched.

2023-06-16 00:16:20 - [MESSAGE][PASSED] - Actual text and expected text of test object 'Object Repository/Login/Page_SUNCITY - Login/h3_Sign In To Admin System' are matched.

2023-06-16 00:16:20 - [TEST_STEP][PASSED] - com.reusableComponent.HighlightElement.run(findTestObject("Login/Page_SUNCITY - Login/h3_Sign In To Admin System")): com.reusableComponent.HighlightElement.run is PASSED

2023-06-16 00:16:20 - [MESSAGE][PASSED] - com.reusableComponent.HighlightElement.run is PASSED

2023-06-16 00:16:20 - [TEST_STEP][PASSED] - com.reusableComponent.HighlightElement.run(findTestObject("Login/Page_SUNCITY - Login/input_Sign In To Admin System_username")): com.reusableComponent.HighlightElement.run is PASSED

2023-06-16 00:16:21 - [MESSAGE][PASSED] - com.reusableComponent.HighlightElement.run is PASSED

2023-06-16 00:16:21 - [TEST_STEP][PASSED] - com.reusableComponent.HighlightElement.run(findTestObject("Login/Page_SUNCITY - Login/input_Sign In To Admin System_password")): com.reusableComponent.HighlightElement.run is PASSED

2023-06-16 00:16:21 - [MESSAGE][PASSED] - com.reusableComponent.HighlightElement.run is PASSED

2023-06-16 00:16:21 - [TEST_STEP][PASSED] - setText(findTestObject("Object Repository/Login/Page_SUNCITY - Login/input_Sign In To Admin System_username"), Username): Text 'devbot' is set on object 'Object Repository/Login/Page_SUNCITY - Login/input_Sign In To Admin System_username'

2023-06-16 00:16:22 - [MESSAGE][PASSED] - Text 'devbot' is set on object 'Object Repository/Login/Page_SUNCITY - Login/input_Sign In To Admin System_username'

2023-06-16 00:16:22 - [TEST_STEP][PASSED] - setText(findTestObject("Object Repository/Login/Page_SUNCITY - Login/input_Sign In To Admin System_password"), Password): Text '77889900' is set on object 'Object Repository/Login/Page_SUNCITY - Login/input_Sign In To Admin System_password'

2023-06-16 00:16:23 - [MESSAGE][PASSED] - Text '77889900' is set on object 'Object Repository/Login/Page_SUNCITY - Login/input_Sign In To Admin System_password'

2023-06-16 00:16:23 - [TEST_STEP][PASSED] - com.reusableComponent.HighlightElement.run(findTestObject("Login/Page_SUNCITY - Login/button_Next")): com.reusableComponent.HighlightElement.run is PASSED

2023-06-16 00:16:24 - [MESSAGE][PASSED] - com.reusableComponent.HighlightElement.run is PASSED

2023-06-16 00:16:24 - [TEST_STEP][PASSED] - click(findTestObject("Object Repository/Login/Page_SUNCITY - Login/button_Next")): Object: 'Object Repository/Login/Page_SUNCITY - Login/button_Next' is clicked on

2023-06-16 00:16:25 - [MESSAGE][PASSED] - Object: 'Object Repository/Login/Page_SUNCITY - Login/button_Next' is clicked on

2023-06-16 00:16:25 - [TEST_STEP][PASSED] - com.reusableComponent.HighlightElement.run(findTestObject("Login/Page_SUNCITY - Login/input_Next_verificationCode")): com.reusableComponent.HighlightElement.run is PASSED

2023-06-16 00:16:26 - [MESSAGE][PASSED] - com.reusableComponent.HighlightElement.run is PASSED

2023-06-16 00:16:26 - [TEST_STEP][PASSED] - setText(findTestObject("Object Repository/Login/Page_SUNCITY - Login/input_Next_verificationCode"), VerificationCode): Text '778899' is set on object 'Object Repository/Login/Page_SUNCITY - Login/input_Next_verificationCode'

2023-06-16 00:16:27 - [MESSAGE][PASSED] - Text '778899' is set on object 'Object Repository/Login/Page_SUNCITY - Login/input_Next_verificationCode'

2023-06-16 00:16:27 - [TEST_STEP][PASSED] - com.reusableComponent.HighlightElement.run(findTestObject("Login/Page_SUNCITY - Login/button_Sign In")): com.reusableComponent.HighlightElement.run is PASSED

2023-06-16 00:16:28 - [MESSAGE][PASSED] - com.reusableComponent.HighlightElement.run is PASSED

2023-06-16 00:16:28 - [TEST_STEP][PASSED] - click(findTestObject("Object Repository/Login/Page_SUNCITY - Login/button_Sign In")): Object: 'Object Repository/Login/Page_SUNCITY - Login/button_Sign In' is clicked on

2023-06-16 00:16:28 - [MESSAGE][PASSED] - Object: 'Object Repository/Login/Page_SUNCITY - Login/button_Sign In' is clicked on

2023-06-16 00:16:28 - [TEST_STEP][PASSED] - com.reusableComponent.HighlightElement.run(findTestObject("Login/Page_Dashboard/h2_Login Success")): com.reusableComponent.HighlightElement.run is PASSED

2023-06-16 00:16:30 - [MESSAGE][PASSED] - com.reusableComponent.HighlightElement.run is PASSED

2023-06-16 00:16:30 - [TEST_STEP][PASSED] - click(findTestObject("Object Repository/Login/Page_Dashboard/h2_Login Success")): Object: 'Object Repository/Login/Page_Dashboard/h2_Login Success' is clicked on

2023-06-16 00:16:31 - [MESSAGE][PASSED] - Object: 'Object Repository/Login/Page_Dashboard/h2_Login Success' is clicked on

2023-06-16 00:16:31 - [TEST_STEP][PASSED] - com.reusableComponent.HighlightElement.run(findTestObject("Login/Page_Dashboard/button_OK")): com.reusableComponent.HighlightElement.run is PASSED

2023-06-16 00:16:31 - [MESSAGE][PASSED] - com.reusableComponent.HighlightElement.run is PASSED

2023-06-16 00:16:31 - [TEST_STEP][PASSED] - click(findTestObject("Object Repository/Login/Page_Dashboard/button_OK")): Object: 'Object Repository/Login/Page_Dashboard/button_OK' is clicked on

2023-06-16 00:16:32 - [MESSAGE][PASSED] - Object: 'Object Repository/Login/Page_Dashboard/button_OK' is clicked on

2023-06-16 00:16:32 - [MESSAGE][PASSED] - Call Test Case 'Test Cases/Login Admin' successfully

2023-06-16 00:16:32 - [TEST_STEP][PASSED] - com.reusableComponent.HighlightElement.run(findTestObject("Report/Page_Dashboard/span_Report")): com.reusableComponent.HighlightElement.run is PASSED

2023-06-16 00:16:32 - [MESSAGE][PASSED] - com.reusableComponent.HighlightElement.run is PASSED

2023-06-16 00:16:32 - [TEST_STEP][PASSED] - mouseOver(findTestObject("Report/Page_Dashboard/span_Report")): Object: 'Object Repository/Report/Page_Dashboard/span_Report' is hovered

2023-06-16 00:16:33 - [MESSAGE][PASSED] - Object: 'Object Repository/Report/Page_Dashboard/span_Report' is hovered

2023-06-16 00:16:33 - [TEST_STEP][PASSED] - com.reusableComponent.HighlightElement.run(findTestObject("Report/Page_Dashboard/span_Win Loss Report (Direct)")): com.reusableComponent.HighlightElement.run is PASSED

2023-06-16 00:16:34 - [MESSAGE][PASSED] - com.reusableComponent.HighlightElement.run is PASSED

2023-06-16 00:16:34 - [TEST_STEP][PASSED] - mouseOver(findTestObject("Report/Page_Dashboard/span_Win Loss Report (Direct)")): Object: 'Object Repository/Report/Page_Dashboard/span_Win Loss Report (Direct)' is hovered

2023-06-16 00:16:34 - [MESSAGE][PASSED] - Object: 'Object Repository/Report/Page_Dashboard/span_Win Loss Report (Direct)' is hovered]]></system-out>
         <system-err><![CDATA[]]></system-err>
      </testcase>
      <testcase name="Test Cases/Report/Win Loss Report (All)" time="2.733" classname="Test Cases/Report/Win Loss Report (All)" status="PASSED">
         <system-out><![CDATA[2023-06-16 00:16:34 - [TEST_CASE][PASSED] - Test Cases/Report/Win Loss Report (All): Test Cases/Report/Win Loss Report (All)

2023-06-16 00:16:35 - [TEST_STEP][PASSED] - com.reusableComponent.HighlightElement.run(findTestObject("Report/Page_Dashboard/span_Report")): com.reusableComponent.HighlightElement.run is PASSED

2023-06-16 00:16:35 - [MESSAGE][PASSED] - com.reusableComponent.HighlightElement.run is PASSED

2023-06-16 00:16:35 - [TEST_STEP][PASSED] - mouseOver(findTestObject("Report/Page_Dashboard/span_Report")): Object: 'Object Repository/Report/Page_Dashboard/span_Report' is hovered

2023-06-16 00:16:36 - [MESSAGE][PASSED] - Object: 'Object Repository/Report/Page_Dashboard/span_Report' is hovered

2023-06-16 00:16:36 - [TEST_STEP][PASSED] - com.reusableComponent.HighlightElement.run(findTestObject("Report/Page_Dashboard/span_Win Loss Report (All)")): com.reusableComponent.HighlightElement.run is PASSED

2023-06-16 00:16:36 - [MESSAGE][PASSED] - com.reusableComponent.HighlightElement.run is PASSED

2023-06-16 00:16:36 - [TEST_STEP][PASSED] - mouseOver(findTestObject("Report/Page_Dashboard/span_Win Loss Report (All)")): Object: 'Object Repository/Report/Page_Dashboard/span_Win Loss Report (All)' is hovered

2023-06-16 00:16:37 - [MESSAGE][PASSED] - Object: 'Object Repository/Report/Page_Dashboard/span_Win Loss Report (All)' is hovered]]></system-out>
         <system-err><![CDATA[]]></system-err>
      </testcase>
      <testcase name="Test Cases/Report/Win Loss Report" time="3.453" classname="Test Cases/Report/Win Loss Report" status="PASSED">
         <system-out><![CDATA[2023-06-16 00:16:37 - [TEST_CASE][PASSED] - Test Cases/Report/Win Loss Report: Test Cases/Report/Win Loss Report

2023-06-16 00:16:38 - [TEST_STEP][PASSED] - com.reusableComponent.HighlightElement.run(findTestObject("Report/Page_Dashboard/span_Report")): com.reusableComponent.HighlightElement.run is PASSED

2023-06-16 00:16:38 - [MESSAGE][PASSED] - com.reusableComponent.HighlightElement.run is PASSED

2023-06-16 00:16:38 - [TEST_STEP][PASSED] - mouseOver(findTestObject("Report/Page_Dashboard/span_Report")): Object: 'Object Repository/Report/Page_Dashboard/span_Report' is hovered

2023-06-16 00:16:39 - [MESSAGE][PASSED] - Object: 'Object Repository/Report/Page_Dashboard/span_Report' is hovered

2023-06-16 00:16:39 - [TEST_STEP][PASSED] - com.reusableComponent.HighlightElement.run(findTestObject("Report/Page_Dashboard/span_Win Loss Report")): com.reusableComponent.HighlightElement.run is PASSED

2023-06-16 00:16:40 - [MESSAGE][PASSED] - com.reusableComponent.HighlightElement.run is PASSED

2023-06-16 00:16:40 - [TEST_STEP][PASSED] - mouseOver(findTestObject("Report/Page_Dashboard/span_Win Loss Report")): Object: 'Object Repository/Report/Page_Dashboard/span_Win Loss Report' is hovered

2023-06-16 00:16:40 - [MESSAGE][PASSED] - Object: 'Object Repository/Report/Page_Dashboard/span_Win Loss Report' is hovered]]></system-out>
         <system-err><![CDATA[]]></system-err>
      </testcase>
      <testcase name="Test Cases/Report/Win Loss Report Percentage" time="2.708" classname="Test Cases/Report/Win Loss Report Percentage" status="PASSED">
         <system-out><![CDATA[2023-06-16 00:16:40 - [TEST_CASE][PASSED] - Test Cases/Report/Win Loss Report Percentage: Test Cases/Report/Win Loss Report Percentage

2023-06-16 00:16:41 - [TEST_STEP][PASSED] - com.reusableComponent.HighlightElement.run(findTestObject("Report/Page_Dashboard/span_Report")): com.reusableComponent.HighlightElement.run is PASSED

2023-06-16 00:16:42 - [MESSAGE][PASSED] - com.reusableComponent.HighlightElement.run is PASSED

2023-06-16 00:16:42 - [TEST_STEP][PASSED] - mouseOver(findTestObject("Report/Page_Dashboard/span_Report")): Object: 'Object Repository/Report/Page_Dashboard/span_Report' is hovered

2023-06-16 00:16:42 - [MESSAGE][PASSED] - Object: 'Object Repository/Report/Page_Dashboard/span_Report' is hovered

2023-06-16 00:16:42 - [TEST_STEP][PASSED] - com.reusableComponent.HighlightElement.run(findTestObject("Report/Page_Dashboard/span_Win Loss Report Percentage")): com.reusableComponent.HighlightElement.run is PASSED

2023-06-16 00:16:43 - [MESSAGE][PASSED] - com.reusableComponent.HighlightElement.run is PASSED

2023-06-16 00:16:43 - [TEST_STEP][PASSED] - mouseOver(findTestObject("Report/Page_Dashboard/span_Win Loss Report Percentage")): Object: 'Object Repository/Report/Page_Dashboard/span_Win Loss Report Percentage' is hovered

2023-06-16 00:16:43 - [MESSAGE][PASSED] - Object: 'Object Repository/Report/Page_Dashboard/span_Win Loss Report Percentage' is hovered]]></system-out>
         <system-err><![CDATA[]]></system-err>
      </testcase>
      <testcase name="Test Cases/Report/Win Loss Report (Member)" time="2.969" classname="Test Cases/Report/Win Loss Report (Member)" status="PASSED">
         <system-out><![CDATA[2023-06-16 00:16:43 - [TEST_CASE][PASSED] - Test Cases/Report/Win Loss Report (Member): Test Cases/Report/Win Loss Report (Member)

2023-06-16 00:16:44 - [TEST_STEP][PASSED] - com.reusableComponent.HighlightElement.run(findTestObject("Report/Page_Dashboard/span_Report")): com.reusableComponent.HighlightElement.run is PASSED

2023-06-16 00:16:44 - [MESSAGE][PASSED] - com.reusableComponent.HighlightElement.run is PASSED

2023-06-16 00:16:44 - [TEST_STEP][PASSED] - mouseOver(findTestObject("Report/Page_Dashboard/span_Report")): Object: 'Object Repository/Report/Page_Dashboard/span_Report' is hovered

2023-06-16 00:16:45 - [MESSAGE][PASSED] - Object: 'Object Repository/Report/Page_Dashboard/span_Report' is hovered

2023-06-16 00:16:45 - [TEST_STEP][PASSED] - com.reusableComponent.HighlightElement.run(findTestObject("Report/Page_Dashboard/span_Win Loss Report (Member)")): com.reusableComponent.HighlightElement.run is PASSED

2023-06-16 00:16:46 - [MESSAGE][PASSED] - com.reusableComponent.HighlightElement.run is PASSED

2023-06-16 00:16:46 - [TEST_STEP][PASSED] - mouseOver(findTestObject("Report/Page_Dashboard/span_Win Loss Report (Member)")): Object: 'Object Repository/Report/Page_Dashboard/span_Win Loss Report (Member)' is hovered

2023-06-16 00:16:46 - [MESSAGE][PASSED] - Object: 'Object Repository/Report/Page_Dashboard/span_Win Loss Report (Member)' is hovered]]></system-out>
         <system-err><![CDATA[]]></system-err>
      </testcase>
      <testcase name="Test Cases/Report/Detail" time="3.279" classname="Test Cases/Report/Detail" status="PASSED">
         <system-out><![CDATA[2023-06-16 00:16:46 - [TEST_CASE][PASSED] - Test Cases/Report/Detail: Test Cases/Report/Detail

2023-06-16 00:16:47 - [TEST_STEP][PASSED] - com.reusableComponent.HighlightElement.run(findTestObject("Report/Page_Dashboard/span_Report")): com.reusableComponent.HighlightElement.run is PASSED

2023-06-16 00:16:48 - [MESSAGE][PASSED] - com.reusableComponent.HighlightElement.run is PASSED

2023-06-16 00:16:48 - [TEST_STEP][PASSED] - mouseOver(findTestObject("Report/Page_Dashboard/span_Report")): Object: 'Object Repository/Report/Page_Dashboard/span_Report' is hovered

2023-06-16 00:16:48 - [MESSAGE][PASSED] - Object: 'Object Repository/Report/Page_Dashboard/span_Report' is hovered

2023-06-16 00:16:48 - [TEST_STEP][PASSED] - com.reusableComponent.HighlightElement.run(findTestObject("Report/Page_Dashboard/span_Detail")): com.reusableComponent.HighlightElement.run is PASSED

2023-06-16 00:16:49 - [MESSAGE][PASSED] - com.reusableComponent.HighlightElement.run is PASSED

2023-06-16 00:16:49 - [TEST_STEP][PASSED] - mouseOver(findTestObject("Report/Page_Dashboard/span_Detail")): Object: 'Object Repository/Report/Page_Dashboard/span_Detail' is hovered

2023-06-16 00:16:49 - [MESSAGE][PASSED] - Object: 'Object Repository/Report/Page_Dashboard/span_Detail' is hovered]]></system-out>
         <system-err><![CDATA[]]></system-err>
      </testcase>
      <testcase name="Test Cases/Report/Summary All" time="2.593" classname="Test Cases/Report/Summary All" status="PASSED">
         <system-out><![CDATA[2023-06-16 00:16:49 - [TEST_CASE][PASSED] - Test Cases/Report/Summary All: Test Cases/Report/Summary All

2023-06-16 00:16:50 - [TEST_STEP][PASSED] - com.reusableComponent.HighlightElement.run(findTestObject("Report/Page_Dashboard/span_Report")): com.reusableComponent.HighlightElement.run is PASSED

2023-06-16 00:16:50 - [MESSAGE][PASSED] - com.reusableComponent.HighlightElement.run is PASSED

2023-06-16 00:16:50 - [TEST_STEP][PASSED] - mouseOver(findTestObject("Report/Page_Dashboard/span_Report")): Object: 'Object Repository/Report/Page_Dashboard/span_Report' is hovered

2023-06-16 00:16:51 - [MESSAGE][PASSED] - Object: 'Object Repository/Report/Page_Dashboard/span_Report' is hovered

2023-06-16 00:16:51 - [TEST_STEP][PASSED] - com.reusableComponent.HighlightElement.run(findTestObject("Report/Page_Dashboard/span_Summary All")): com.reusableComponent.HighlightElement.run is PASSED

2023-06-16 00:16:51 - [MESSAGE][PASSED] - com.reusableComponent.HighlightElement.run is PASSED

2023-06-16 00:16:51 - [TEST_STEP][PASSED] - mouseOver(findTestObject("Report/Page_Dashboard/span_Summary All")): Object: 'Object Repository/Report/Page_Dashboard/span_Summary All' is hovered

2023-06-16 00:16:52 - [MESSAGE][PASSED] - Object: 'Object Repository/Report/Page_Dashboard/span_Summary All' is hovered]]></system-out>
         <system-err><![CDATA[]]></system-err>
      </testcase>
      <testcase name="Test Cases/Report/Summary MYR" time="2.589" classname="Test Cases/Report/Summary MYR" status="PASSED">
         <system-out><![CDATA[2023-06-16 00:16:52 - [TEST_CASE][PASSED] - Test Cases/Report/Summary MYR: Test Cases/Report/Summary MYR

2023-06-16 00:16:53 - [TEST_STEP][PASSED] - com.reusableComponent.HighlightElement.run(findTestObject("Report/Page_Dashboard/span_Report")): com.reusableComponent.HighlightElement.run is PASSED

2023-06-16 00:16:53 - [MESSAGE][PASSED] - com.reusableComponent.HighlightElement.run is PASSED

2023-06-16 00:16:53 - [TEST_STEP][PASSED] - mouseOver(findTestObject("Report/Page_Dashboard/span_Report")): Object: 'Object Repository/Report/Page_Dashboard/span_Report' is hovered

2023-06-16 00:16:54 - [MESSAGE][PASSED] - Object: 'Object Repository/Report/Page_Dashboard/span_Report' is hovered

2023-06-16 00:16:54 - [TEST_STEP][PASSED] - com.reusableComponent.HighlightElement.run(findTestObject("Report/Page_Dashboard/span_Summary MYR")): com.reusableComponent.HighlightElement.run is PASSED

2023-06-16 00:16:54 - [MESSAGE][PASSED] - com.reusableComponent.HighlightElement.run is PASSED

2023-06-16 00:16:54 - [TEST_STEP][PASSED] - mouseOver(findTestObject("Report/Page_Dashboard/span_Summary MYR")): Object: 'Object Repository/Report/Page_Dashboard/span_Summary MYR' is hovered

2023-06-16 00:16:55 - [MESSAGE][PASSED] - Object: 'Object Repository/Report/Page_Dashboard/span_Summary MYR' is hovered]]></system-out>
         <system-err><![CDATA[]]></system-err>
      </testcase>
      <testcase name="Test Cases/Report/Summary THB" time="2.567" classname="Test Cases/Report/Summary THB" status="PASSED">
         <system-out><![CDATA[2023-06-16 00:16:55 - [TEST_CASE][PASSED] - Test Cases/Report/Summary THB: Test Cases/Report/Summary THB

2023-06-16 00:16:55 - [TEST_STEP][PASSED] - com.reusableComponent.HighlightElement.run(findTestObject("Report/Page_Dashboard/span_Report")): com.reusableComponent.HighlightElement.run is PASSED

2023-06-16 00:16:56 - [MESSAGE][PASSED] - com.reusableComponent.HighlightElement.run is PASSED

2023-06-16 00:16:56 - [TEST_STEP][PASSED] - mouseOver(findTestObject("Report/Page_Dashboard/span_Report")): Object: 'Object Repository/Report/Page_Dashboard/span_Report' is hovered

2023-06-16 00:16:56 - [MESSAGE][PASSED] - Object: 'Object Repository/Report/Page_Dashboard/span_Report' is hovered

2023-06-16 00:16:56 - [TEST_STEP][PASSED] - com.reusableComponent.HighlightElement.run(findTestObject("Report/Page_Dashboard/span_Summary THB")): com.reusableComponent.HighlightElement.run is PASSED

2023-06-16 00:16:57 - [MESSAGE][PASSED] - com.reusableComponent.HighlightElement.run is PASSED

2023-06-16 00:16:57 - [TEST_STEP][PASSED] - mouseOver(findTestObject("Report/Page_Dashboard/span_Summary THB")): Object: 'Object Repository/Report/Page_Dashboard/span_Summary THB' is hovered

2023-06-16 00:16:57 - [MESSAGE][PASSED] - Object: 'Object Repository/Report/Page_Dashboard/span_Summary THB' is hovered]]></system-out>
         <system-err><![CDATA[]]></system-err>
      </testcase>
      <testcase name="Test Cases/Report/Summary IDR" time="2.522" classname="Test Cases/Report/Summary IDR" status="PASSED">
         <system-out><![CDATA[2023-06-16 00:16:57 - [TEST_CASE][PASSED] - Test Cases/Report/Summary IDR: Test Cases/Report/Summary IDR

2023-06-16 00:16:58 - [TEST_STEP][PASSED] - com.reusableComponent.HighlightElement.run(findTestObject("Report/Page_Dashboard/span_Report")): com.reusableComponent.HighlightElement.run is PASSED

2023-06-16 00:16:58 - [MESSAGE][PASSED] - com.reusableComponent.HighlightElement.run is PASSED

2023-06-16 00:16:58 - [TEST_STEP][PASSED] - mouseOver(findTestObject("Report/Page_Dashboard/span_Report")): Object: 'Object Repository/Report/Page_Dashboard/span_Report' is hovered

2023-06-16 00:16:59 - [MESSAGE][PASSED] - Object: 'Object Repository/Report/Page_Dashboard/span_Report' is hovered

2023-06-16 00:16:59 - [TEST_STEP][PASSED] - com.reusableComponent.HighlightElement.run(findTestObject("Report/Page_Dashboard/span_Summary IDR")): com.reusableComponent.HighlightElement.run is PASSED

2023-06-16 00:16:59 - [MESSAGE][PASSED] - com.reusableComponent.HighlightElement.run is PASSED

2023-06-16 00:16:59 - [TEST_STEP][PASSED] - mouseOver(findTestObject("Report/Page_Dashboard/span_Summary IDR")): Object: 'Object Repository/Report/Page_Dashboard/span_Summary IDR' is hovered

2023-06-16 00:17:00 - [MESSAGE][PASSED] - Object: 'Object Repository/Report/Page_Dashboard/span_Summary IDR' is hovered]]></system-out>
         <system-err><![CDATA[]]></system-err>
      </testcase>
      <testcase name="Test Cases/Report/Summary MMK" time="2.598" classname="Test Cases/Report/Summary MMK" status="PASSED">
         <system-out><![CDATA[2023-06-16 00:17:00 - [TEST_CASE][PASSED] - Test Cases/Report/Summary MMK: Test Cases/Report/Summary MMK

2023-06-16 00:17:00 - [TEST_STEP][PASSED] - com.reusableComponent.HighlightElement.run(findTestObject("Report/Page_Dashboard/span_Report")): com.reusableComponent.HighlightElement.run is PASSED

2023-06-16 00:17:01 - [MESSAGE][PASSED] - com.reusableComponent.HighlightElement.run is PASSED

2023-06-16 00:17:01 - [TEST_STEP][PASSED] - mouseOver(findTestObject("Report/Page_Dashboard/span_Report")): Object: 'Object Repository/Report/Page_Dashboard/span_Report' is hovered

2023-06-16 00:17:01 - [MESSAGE][PASSED] - Object: 'Object Repository/Report/Page_Dashboard/span_Report' is hovered

2023-06-16 00:17:01 - [TEST_STEP][PASSED] - com.reusableComponent.HighlightElement.run(findTestObject("Report/Page_Dashboard/span_Summary MMK")): com.reusableComponent.HighlightElement.run is PASSED

2023-06-16 00:17:02 - [MESSAGE][PASSED] - com.reusableComponent.HighlightElement.run is PASSED

2023-06-16 00:17:02 - [TEST_STEP][PASSED] - mouseOver(findTestObject("Report/Page_Dashboard/span_Summary MMK")): Object: 'Object Repository/Report/Page_Dashboard/span_Summary MMK' is hovered

2023-06-16 00:17:02 - [MESSAGE][PASSED] - Object: 'Object Repository/Report/Page_Dashboard/span_Summary MMK' is hovered]]></system-out>
         <system-err><![CDATA[]]></system-err>
      </testcase>
      <testcase name="Test Cases/Report/Summary RMB" time="2.54" classname="Test Cases/Report/Summary RMB" status="PASSED">
         <system-out><![CDATA[2023-06-16 00:17:02 - [TEST_CASE][PASSED] - Test Cases/Report/Summary RMB: Test Cases/Report/Summary RMB

2023-06-16 00:17:03 - [TEST_STEP][PASSED] - com.reusableComponent.HighlightElement.run(findTestObject("Report/Page_Dashboard/span_Report")): com.reusableComponent.HighlightElement.run is PASSED

2023-06-16 00:17:03 - [MESSAGE][PASSED] - com.reusableComponent.HighlightElement.run is PASSED

2023-06-16 00:17:03 - [TEST_STEP][PASSED] - mouseOver(findTestObject("Report/Page_Dashboard/span_Report")): Object: 'Object Repository/Report/Page_Dashboard/span_Report' is hovered

2023-06-16 00:17:04 - [MESSAGE][PASSED] - Object: 'Object Repository/Report/Page_Dashboard/span_Report' is hovered

2023-06-16 00:17:04 - [TEST_STEP][PASSED] - com.reusableComponent.HighlightElement.run(findTestObject("Report/Page_Dashboard/span_Summary RMB")): com.reusableComponent.HighlightElement.run is PASSED

2023-06-16 00:17:04 - [MESSAGE][PASSED] - com.reusableComponent.HighlightElement.run is PASSED

2023-06-16 00:17:04 - [TEST_STEP][PASSED] - mouseOver(findTestObject("Report/Page_Dashboard/span_Summary RMB")): Object: 'Object Repository/Report/Page_Dashboard/span_Summary RMB' is hovered

2023-06-16 00:17:05 - [MESSAGE][PASSED] - Object: 'Object Repository/Report/Page_Dashboard/span_Summary RMB' is hovered]]></system-out>
         <system-err><![CDATA[]]></system-err>
      </testcase>
      <testcase name="Test Cases/Report/Summary Monthly" time="3.342" classname="Test Cases/Report/Summary Monthly" status="PASSED">
         <system-out><![CDATA[2023-06-16 00:17:05 - [TEST_CASE][PASSED] - Test Cases/Report/Summary Monthly: Test Cases/Report/Summary Monthly

2023-06-16 00:17:06 - [TEST_STEP][PASSED] - com.reusableComponent.HighlightElement.run(findTestObject("Report/Page_Dashboard/span_Report")): com.reusableComponent.HighlightElement.run is PASSED

2023-06-16 00:17:07 - [MESSAGE][PASSED] - com.reusableComponent.HighlightElement.run is PASSED

2023-06-16 00:17:07 - [TEST_STEP][PASSED] - mouseOver(findTestObject("Report/Page_Dashboard/span_Report")): Object: 'Object Repository/Report/Page_Dashboard/span_Report' is hovered

2023-06-16 00:17:07 - [MESSAGE][PASSED] - Object: 'Object Repository/Report/Page_Dashboard/span_Report' is hovered

2023-06-16 00:17:07 - [TEST_STEP][PASSED] - com.reusableComponent.HighlightElement.run(findTestObject("Report/Page_Dashboard/span_Summary Monthly")): com.reusableComponent.HighlightElement.run is PASSED

2023-06-16 00:17:08 - [MESSAGE][PASSED] - com.reusableComponent.HighlightElement.run is PASSED

2023-06-16 00:17:08 - [TEST_STEP][PASSED] - mouseOver(findTestObject("Report/Page_Dashboard/span_Summary Monthly")): Object: 'Object Repository/Report/Page_Dashboard/span_Summary Monthly' is hovered

2023-06-16 00:17:08 - [MESSAGE][PASSED] - Object: 'Object Repository/Report/Page_Dashboard/span_Summary Monthly' is hovered]]></system-out>
         <system-err><![CDATA[]]></system-err>
      </testcase>
      <testcase name="Test Cases/Report/Summary (Direct)" time="3.02" classname="Test Cases/Report/Summary (Direct)" status="PASSED">
         <system-out><![CDATA[2023-06-16 00:17:08 - [TEST_CASE][PASSED] - Test Cases/Report/Summary (Direct): Test Cases/Report/Summary (Direct)

2023-06-16 00:17:09 - [TEST_STEP][PASSED] - com.reusableComponent.HighlightElement.run(findTestObject("Report/Page_Dashboard/span_Report")): com.reusableComponent.HighlightElement.run is PASSED

2023-06-16 00:17:09 - [MESSAGE][PASSED] - com.reusableComponent.HighlightElement.run is PASSED

2023-06-16 00:17:09 - [TEST_STEP][PASSED] - mouseOver(findTestObject("Report/Page_Dashboard/span_Report")): Object: 'Object Repository/Report/Page_Dashboard/span_Report' is hovered

2023-06-16 00:17:10 - [MESSAGE][PASSED] - Object: 'Object Repository/Report/Page_Dashboard/span_Report' is hovered

2023-06-16 00:17:10 - [TEST_STEP][PASSED] - com.reusableComponent.HighlightElement.run(findTestObject("Report/Page_Dashboard/span_Summary (Direct)")): com.reusableComponent.HighlightElement.run is PASSED

2023-06-16 00:17:10 - [MESSAGE][PASSED] - com.reusableComponent.HighlightElement.run is PASSED

2023-06-16 00:17:10 - [TEST_STEP][PASSED] - mouseOver(findTestObject("Report/Page_Dashboard/span_Summary (Direct)")): Object: 'Object Repository/Report/Page_Dashboard/span_Summary (Direct)' is hovered

2023-06-16 00:17:11 - [MESSAGE][PASSED] - Object: 'Object Repository/Report/Page_Dashboard/span_Summary (Direct)' is hovered]]></system-out>
         <system-err><![CDATA[]]></system-err>
      </testcase>
      <testcase name="Test Cases/Report/Saved Report" time="2.629" classname="Test Cases/Report/Saved Report" status="PASSED">
         <system-out><![CDATA[2023-06-16 00:17:11 - [TEST_CASE][PASSED] - Test Cases/Report/Saved Report: Test Cases/Report/Saved Report

2023-06-16 00:17:12 - [TEST_STEP][PASSED] - com.reusableComponent.HighlightElement.run(findTestObject("Report/Page_Dashboard/span_Report")): com.reusableComponent.HighlightElement.run is PASSED

2023-06-16 00:17:12 - [MESSAGE][PASSED] - com.reusableComponent.HighlightElement.run is PASSED

2023-06-16 00:17:12 - [TEST_STEP][PASSED] - mouseOver(findTestObject("Report/Page_Dashboard/span_Report")): Object: 'Object Repository/Report/Page_Dashboard/span_Report' is hovered

2023-06-16 00:17:13 - [MESSAGE][PASSED] - Object: 'Object Repository/Report/Page_Dashboard/span_Report' is hovered

2023-06-16 00:17:13 - [TEST_STEP][PASSED] - com.reusableComponent.HighlightElement.run(findTestObject("Report/Page_Dashboard/span_Saved Report")): com.reusableComponent.HighlightElement.run is PASSED

2023-06-16 00:17:13 - [MESSAGE][PASSED] - com.reusableComponent.HighlightElement.run is PASSED

2023-06-16 00:17:13 - [TEST_STEP][PASSED] - mouseOver(findTestObject("Report/Page_Dashboard/span_Saved Report")): Object: 'Object Repository/Report/Page_Dashboard/span_Saved Report' is hovered

2023-06-16 00:17:14 - [MESSAGE][PASSED] - Object: 'Object Repository/Report/Page_Dashboard/span_Saved Report' is hovered]]></system-out>
         <system-err><![CDATA[]]></system-err>
      </testcase>
      <testcase name="Test Cases/Report/Commission" time="2.612" classname="Test Cases/Report/Commission" status="PASSED">
         <system-out><![CDATA[2023-06-16 00:17:14 - [TEST_CASE][PASSED] - Test Cases/Report/Commission: Test Cases/Report/Commission

2023-06-16 00:17:14 - [TEST_STEP][PASSED] - com.reusableComponent.HighlightElement.run(findTestObject("Report/Page_Dashboard/span_Report")): com.reusableComponent.HighlightElement.run is PASSED

2023-06-16 00:17:15 - [MESSAGE][PASSED] - com.reusableComponent.HighlightElement.run is PASSED

2023-06-16 00:17:15 - [TEST_STEP][PASSED] - mouseOver(findTestObject("Report/Page_Dashboard/span_Report")): Object: 'Object Repository/Report/Page_Dashboard/span_Report' is hovered

2023-06-16 00:17:15 - [MESSAGE][PASSED] - Object: 'Object Repository/Report/Page_Dashboard/span_Report' is hovered

2023-06-16 00:17:15 - [TEST_STEP][PASSED] - com.reusableComponent.HighlightElement.run(findTestObject("Report/Page_Dashboard/span_Commission")): com.reusableComponent.HighlightElement.run is PASSED

2023-06-16 00:17:16 - [MESSAGE][PASSED] - com.reusableComponent.HighlightElement.run is PASSED

2023-06-16 00:17:16 - [TEST_STEP][PASSED] - mouseOver(findTestObject("Report/Page_Dashboard/span_Commission")): Object: 'Object Repository/Report/Page_Dashboard/span_Commission' is hovered

2023-06-16 00:17:16 - [MESSAGE][PASSED] - Object: 'Object Repository/Report/Page_Dashboard/span_Commission' is hovered]]></system-out>
         <system-err><![CDATA[]]></system-err>
      </testcase>
      <testcase name="Test Cases/Report/40130 Report" time="2.45" classname="Test Cases/Report/40130 Report" status="PASSED">
         <system-out><![CDATA[2023-06-16 00:17:16 - [TEST_CASE][PASSED] - Test Cases/Report/40130 Report: Test Cases/Report/40130 Report

2023-06-16 00:17:17 - [TEST_STEP][PASSED] - com.reusableComponent.HighlightElement.run(findTestObject("Report/Page_Dashboard/span_Report")): com.reusableComponent.HighlightElement.run is PASSED

2023-06-16 00:17:17 - [MESSAGE][PASSED] - com.reusableComponent.HighlightElement.run is PASSED

2023-06-16 00:17:17 - [TEST_STEP][PASSED] - mouseOver(findTestObject("Report/Page_Dashboard/span_Report")): Object: 'Object Repository/Report/Page_Dashboard/span_Report' is hovered

2023-06-16 00:17:18 - [MESSAGE][PASSED] - Object: 'Object Repository/Report/Page_Dashboard/span_Report' is hovered

2023-06-16 00:17:18 - [TEST_STEP][PASSED] - com.reusableComponent.HighlightElement.run(findTestObject("Report/Page_Dashboard/span_40130 Report")): com.reusableComponent.HighlightElement.run is PASSED

2023-06-16 00:17:18 - [MESSAGE][PASSED] - com.reusableComponent.HighlightElement.run is PASSED

2023-06-16 00:17:18 - [TEST_STEP][PASSED] - mouseOver(findTestObject("Report/Page_Dashboard/span_40130 Report")): Object: 'Object Repository/Report/Page_Dashboard/span_40130 Report' is hovered

2023-06-16 00:17:19 - [MESSAGE][PASSED] - Object: 'Object Repository/Report/Page_Dashboard/span_40130 Report' is hovered]]></system-out>
         <system-err><![CDATA[]]></system-err>
      </testcase>
      <testcase name="Test Cases/Report/Reward" time="3.454" classname="Test Cases/Report/Reward" status="PASSED">
         <system-out><![CDATA[2023-06-16 00:17:19 - [TEST_CASE][PASSED] - Test Cases/Report/Reward: Test Cases/Report/Reward

2023-06-16 00:17:20 - [TEST_STEP][PASSED] - com.reusableComponent.HighlightElement.run(findTestObject("Report/Page_Dashboard/span_Report")): com.reusableComponent.HighlightElement.run is PASSED

2023-06-16 00:17:21 - [MESSAGE][PASSED] - com.reusableComponent.HighlightElement.run is PASSED

2023-06-16 00:17:21 - [TEST_STEP][PASSED] - mouseOver(findTestObject("Report/Page_Dashboard/span_Report")): Object: 'Object Repository/Report/Page_Dashboard/span_Report' is hovered

2023-06-16 00:17:21 - [MESSAGE][PASSED] - Object: 'Object Repository/Report/Page_Dashboard/span_Report' is hovered

2023-06-16 00:17:21 - [TEST_STEP][PASSED] - com.reusableComponent.HighlightElement.run(findTestObject("Report/Page_Dashboard/span_Reward")): com.reusableComponent.HighlightElement.run is PASSED

2023-06-16 00:17:22 - [MESSAGE][PASSED] - com.reusableComponent.HighlightElement.run is PASSED

2023-06-16 00:17:22 - [TEST_STEP][PASSED] - mouseOver(findTestObject("Report/Page_Dashboard/span_Reward")): Object: 'Object Repository/Report/Page_Dashboard/span_Reward' is hovered

2023-06-16 00:17:22 - [MESSAGE][PASSED] - Object: 'Object Repository/Report/Page_Dashboard/span_Reward' is hovered]]></system-out>
         <system-err><![CDATA[]]></system-err>
      </testcase>
      <testcase name="Test Cases/Report/Shareholder Report Preview" time="5.944" classname="Test Cases/Report/Shareholder Report Preview" status="PASSED">
         <system-out><![CDATA[2023-06-16 00:17:22 - [TEST_CASE][PASSED] - Test Cases/Report/Shareholder Report Preview: Test Cases/Report/Shareholder Report Preview

2023-06-16 00:17:23 - [TEST_STEP][PASSED] - com.reusableComponent.HighlightElement.run(findTestObject("Report/Page_Dashboard/span_Report")): com.reusableComponent.HighlightElement.run is PASSED

2023-06-16 00:17:23 - [MESSAGE][PASSED] - com.reusableComponent.HighlightElement.run is PASSED

2023-06-16 00:17:23 - [TEST_STEP][PASSED] - mouseOver(findTestObject("Report/Page_Dashboard/span_Report")): Object: 'Object Repository/Report/Page_Dashboard/span_Report' is hovered

2023-06-16 00:17:24 - [MESSAGE][PASSED] - Object: 'Object Repository/Report/Page_Dashboard/span_Report' is hovered

2023-06-16 00:17:24 - [TEST_STEP][PASSED] - com.reusableComponent.HighlightElement.run(findTestObject("Report/Page_Dashboard/span_Shareholder report preview")): com.reusableComponent.HighlightElement.run is PASSED

2023-06-16 00:17:25 - [MESSAGE][PASSED] - com.reusableComponent.HighlightElement.run is PASSED

2023-06-16 00:17:25 - [TEST_STEP][PASSED] - mouseOver(findTestObject("Report/Page_Dashboard/span_Shareholder report preview")): Object: 'Object Repository/Report/Page_Dashboard/span_Shareholder report preview' is hovered

2023-06-16 00:17:28 - [MESSAGE][PASSED] - Object: 'Object Repository/Report/Page_Dashboard/span_Shareholder report preview' is hovered]]></system-out>
         <system-err><![CDATA[]]></system-err>
      </testcase>
      <testcase name="Test Cases/Report/Member New Register" time="2.563" classname="Test Cases/Report/Member New Register" status="PASSED">
         <system-out><![CDATA[2023-06-16 00:17:28 - [TEST_CASE][PASSED] - Test Cases/Report/Member New Register: Test Cases/Report/Member New Register

2023-06-16 00:17:29 - [TEST_STEP][PASSED] - com.reusableComponent.HighlightElement.run(findTestObject("Report/Page_Dashboard/span_Report")): com.reusableComponent.HighlightElement.run is PASSED

2023-06-16 00:17:29 - [MESSAGE][PASSED] - com.reusableComponent.HighlightElement.run is PASSED

2023-06-16 00:17:29 - [TEST_STEP][PASSED] - mouseOver(findTestObject("Report/Page_Dashboard/span_Report")): Object: 'Object Repository/Report/Page_Dashboard/span_Report' is hovered

2023-06-16 00:17:30 - [MESSAGE][PASSED] - Object: 'Object Repository/Report/Page_Dashboard/span_Report' is hovered

2023-06-16 00:17:30 - [TEST_STEP][PASSED] - com.reusableComponent.HighlightElement.run(findTestObject("Report/Page_Dashboard/span_Member New Register")): com.reusableComponent.HighlightElement.run is PASSED

2023-06-16 00:17:30 - [MESSAGE][PASSED] - com.reusableComponent.HighlightElement.run is PASSED

2023-06-16 00:17:30 - [TEST_STEP][PASSED] - mouseOver(findTestObject("Report/Page_Dashboard/span_Member New Register")): Object: 'Object Repository/Report/Page_Dashboard/span_Member New Register' is hovered

2023-06-16 00:17:31 - [MESSAGE][PASSED] - Object: 'Object Repository/Report/Page_Dashboard/span_Member New Register' is hovered]]></system-out>
         <system-err><![CDATA[]]></system-err>
      </testcase>
      <testcase name="Test Cases/Report/Gift Report" time="2.589" classname="Test Cases/Report/Gift Report" status="PASSED">
         <system-out><![CDATA[2023-06-16 00:17:31 - [TEST_CASE][PASSED] - Test Cases/Report/Gift Report: Test Cases/Report/Gift Report

2023-06-16 00:17:31 - [TEST_STEP][PASSED] - com.reusableComponent.HighlightElement.run(findTestObject("Report/Page_Dashboard/span_Report")): com.reusableComponent.HighlightElement.run is PASSED

2023-06-16 00:17:32 - [MESSAGE][PASSED] - com.reusableComponent.HighlightElement.run is PASSED

2023-06-16 00:17:32 - [TEST_STEP][PASSED] - mouseOver(findTestObject("Report/Page_Dashboard/span_Report")): Object: 'Object Repository/Report/Page_Dashboard/span_Report' is hovered

2023-06-16 00:17:33 - [MESSAGE][PASSED] - Object: 'Object Repository/Report/Page_Dashboard/span_Report' is hovered

2023-06-16 00:17:33 - [TEST_STEP][PASSED] - com.reusableComponent.HighlightElement.run(findTestObject("Report/Page_Dashboard/span_Gift Report")): com.reusableComponent.HighlightElement.run is PASSED

2023-06-16 00:17:33 - [MESSAGE][PASSED] - com.reusableComponent.HighlightElement.run is PASSED

2023-06-16 00:17:33 - [TEST_STEP][PASSED] - mouseOver(findTestObject("Report/Page_Dashboard/span_Gift Report")): Object: 'Object Repository/Report/Page_Dashboard/span_Gift Report' is hovered

2023-06-16 00:17:34 - [MESSAGE][PASSED] - Object: 'Object Repository/Report/Page_Dashboard/span_Gift Report' is hovered]]></system-out>
         <system-err><![CDATA[]]></system-err>
      </testcase>
      <testcase name="Test Cases/Report/Member Blocked Report" time="2.544" classname="Test Cases/Report/Member Blocked Report" status="PASSED">
         <system-out><![CDATA[2023-06-16 00:17:34 - [TEST_CASE][PASSED] - Test Cases/Report/Member Blocked Report: Test Cases/Report/Member Blocked Report

2023-06-16 00:17:34 - [TEST_STEP][PASSED] - com.reusableComponent.HighlightElement.run(findTestObject("Report/Page_Dashboard/span_Report")): com.reusableComponent.HighlightElement.run is PASSED

2023-06-16 00:17:35 - [MESSAGE][PASSED] - com.reusableComponent.HighlightElement.run is PASSED

2023-06-16 00:17:35 - [TEST_STEP][PASSED] - mouseOver(findTestObject("Report/Page_Dashboard/span_Report")): Object: 'Object Repository/Report/Page_Dashboard/span_Report' is hovered

2023-06-16 00:17:35 - [MESSAGE][PASSED] - Object: 'Object Repository/Report/Page_Dashboard/span_Report' is hovered

2023-06-16 00:17:35 - [TEST_STEP][PASSED] - com.reusableComponent.HighlightElement.run(findTestObject("Report/Page_Dashboard/span_Member Blocked Report")): com.reusableComponent.HighlightElement.run is PASSED

2023-06-16 00:17:36 - [MESSAGE][PASSED] - com.reusableComponent.HighlightElement.run is PASSED

2023-06-16 00:17:36 - [TEST_STEP][PASSED] - mouseOver(findTestObject("Report/Page_Dashboard/span_Member Blocked Report")): Object: 'Object Repository/Report/Page_Dashboard/span_Member Blocked Report' is hovered

2023-06-16 00:17:36 - [MESSAGE][PASSED] - Object: 'Object Repository/Report/Page_Dashboard/span_Member Blocked Report' is hovered]]></system-out>
         <system-err><![CDATA[]]></system-err>
      </testcase>
      <system-out><![CDATA[2023-06-16 00:16:08 - [TEST_SUITE][PASSED] - Smoke: Test Cases/Report/Member Blocked Report]]></system-out>
      <system-err><![CDATA[]]></system-err>
   </testsuite>
</testsuites>
