<?xml version="1.0" encoding="UTF-8"?>
<testsuites name="Smoke" time="79.316" tests="10" failures="0" errors="0">
   <testsuite name="Smoke" tests="10" failures="0" errors="0" time="79.316" skipped="0" timestamp="2023-06-13 22:07:16" hostname="hmacagba - PHPF1FXV0U.CSCMWS.CSCMWS.COM" id="Test Suites/Smoke">
      <properties>
         <property name="deviceName" value=""/>
         <property name="devicePlatform" value=""/>
         <property name="logFolder" value="C:\\Users\\hmacagba\\git\\AutomatedScripts\\Reports\\20230613_220703\\Smoke\\20230613_220703"/>
         <property name="logFiles" value="C:\\Users\\hmacagba\\git\\AutomatedScripts\\Reports\\20230613_220703\\Smoke\\20230613_220703\\execution0.log"/>
         <property name="attachments" value=""/>
         <property name="hostName" value="hmacagba - PHPF1FXV0U.CSCMWS.CSCMWS.COM"/>
         <property name="os" value="Windows 10 64bit"/>
         <property name="katalonVersion" value="8.6.5.208"/>
         <property name="browser" value="Chrome 114.0.0.0"/>
         <property name="hostAddress" value="192.168.100.24"/>
         <property name="sessionId" value="7c852849124afbfa1e26646b71b09c13"/>
         <property name="seleniumVersion" value="3.141.59"/>
         <property name="proxyInformation" value="ProxyInformation { proxyOption=NO_PROXY, proxyServerType=HTTP, username=, password=********, proxyServerAddress=, proxyServerPort=0, executionList=&quot;&quot;, isApplyToDesiredCapabilities=true }"/>
         <property name="platform" value="Windows 10"/>
      </properties>
      <testcase name="Test Cases/Sub Admin/List" time="30.286" classname="Test Cases/Sub Admin/List" status="PASSED">
         <system-out><![CDATA[2023-06-13 22:07:16 - [TEST_CASE][PASSED] - Test Cases/Sub Admin/List: Test Cases/Sub Admin/List

2023-06-13 22:07:17 - [TEST_STEP][PASSED] - callTestCase(findTestCase("Login Admin"), [:], STOP_ON_FAILURE): Call Test Case 'Test Cases/Login Admin' successfully

2023-06-13 22:07:17 - [TEST_CASE][PASSED] - Test Cases/Login Admin: Test Cases/Login Admin

2023-06-13 22:07:18 - [TEST_STEP][PASSED] - openBrowser(""): Browser is opened with url: ''

2023-06-13 22:07:19 - [MESSAGE][INFO] - Starting 'Chrome' driver

2023-06-13 22:07:19 - [MESSAGE][INFO] - Action delay is set to 0 milliseconds

2023-06-13 22:07:23 - [MESSAGE][PASSED] - Browser is opened with url: ''

2023-06-13 22:07:23 - [TEST_STEP][PASSED] - maximizeWindow(): Current window maximized

2023-06-13 22:07:23 - [MESSAGE][PASSED] - Current window maximized

2023-06-13 22:07:23 - [TEST_STEP][PASSED] - navigateToUrl(URL): Navigate to 'http://admin.lkydev.site' successfully

2023-06-13 22:07:28 - [MESSAGE][PASSED] - Navigate to 'http://admin.lkydev.site' successfully

2023-06-13 22:07:28 - [TEST_STEP][PASSED] - verifyElementText(findTestObject("Object Repository/Login/Page_SUNCITY - Login/h3_Sign In To Admin System"), "Sign In To Admin System"): Actual text and expected text of test object 'Object Repository/Login/Page_SUNCITY - Login/h3_Sign In To Admin System' are matched.

2023-06-13 22:07:29 - [MESSAGE][PASSED] - Actual text and expected text of test object 'Object Repository/Login/Page_SUNCITY - Login/h3_Sign In To Admin System' are matched.

2023-06-13 22:07:29 - [TEST_STEP][PASSED] - com.reusableComponent.HighlightElement.run(findTestObject("Login/Page_SUNCITY - Login/h3_Sign In To Admin System")): com.reusableComponent.HighlightElement.run is PASSED

2023-06-13 22:07:29 - [MESSAGE][PASSED] - com.reusableComponent.HighlightElement.run is PASSED

2023-06-13 22:07:29 - [TEST_STEP][PASSED] - com.reusableComponent.HighlightElement.run(findTestObject("Login/Page_SUNCITY - Login/input_Sign In To Admin System_username")): com.reusableComponent.HighlightElement.run is PASSED

2023-06-13 22:07:30 - [MESSAGE][PASSED] - com.reusableComponent.HighlightElement.run is PASSED

2023-06-13 22:07:30 - [TEST_STEP][PASSED] - com.reusableComponent.HighlightElement.run(findTestObject("Login/Page_SUNCITY - Login/input_Sign In To Admin System_password")): com.reusableComponent.HighlightElement.run is PASSED

2023-06-13 22:07:30 - [MESSAGE][PASSED] - com.reusableComponent.HighlightElement.run is PASSED

2023-06-13 22:07:30 - [TEST_STEP][PASSED] - setText(findTestObject("Object Repository/Login/Page_SUNCITY - Login/input_Sign In To Admin System_username"), Username): Text 'devbot' is set on object 'Object Repository/Login/Page_SUNCITY - Login/input_Sign In To Admin System_username'

2023-06-13 22:07:31 - [MESSAGE][PASSED] - Text 'devbot' is set on object 'Object Repository/Login/Page_SUNCITY - Login/input_Sign In To Admin System_username'

2023-06-13 22:07:31 - [TEST_STEP][PASSED] - setText(findTestObject("Object Repository/Login/Page_SUNCITY - Login/input_Sign In To Admin System_password"), Password): Text '77889900' is set on object 'Object Repository/Login/Page_SUNCITY - Login/input_Sign In To Admin System_password'

2023-06-13 22:07:33 - [MESSAGE][PASSED] - Text '77889900' is set on object 'Object Repository/Login/Page_SUNCITY - Login/input_Sign In To Admin System_password'

2023-06-13 22:07:33 - [TEST_STEP][PASSED] - com.reusableComponent.HighlightElement.run(findTestObject("Login/Page_SUNCITY - Login/button_Next")): com.reusableComponent.HighlightElement.run is PASSED

2023-06-13 22:07:33 - [MESSAGE][PASSED] - com.reusableComponent.HighlightElement.run is PASSED

2023-06-13 22:07:33 - [TEST_STEP][PASSED] - click(findTestObject("Object Repository/Login/Page_SUNCITY - Login/button_Next")): Object: 'Object Repository/Login/Page_SUNCITY - Login/button_Next' is clicked on

2023-06-13 22:07:34 - [MESSAGE][PASSED] - Object: 'Object Repository/Login/Page_SUNCITY - Login/button_Next' is clicked on

2023-06-13 22:07:34 - [TEST_STEP][PASSED] - com.reusableComponent.HighlightElement.run(findTestObject("Login/Page_SUNCITY - Login/input_Next_verificationCode")): com.reusableComponent.HighlightElement.run is PASSED

2023-06-13 22:07:35 - [MESSAGE][PASSED] - com.reusableComponent.HighlightElement.run is PASSED

2023-06-13 22:07:35 - [TEST_STEP][PASSED] - setText(findTestObject("Object Repository/Login/Page_SUNCITY - Login/input_Next_verificationCode"), VerificationCode): Text '778899' is set on object 'Object Repository/Login/Page_SUNCITY - Login/input_Next_verificationCode'

2023-06-13 22:07:36 - [MESSAGE][PASSED] - Text '778899' is set on object 'Object Repository/Login/Page_SUNCITY - Login/input_Next_verificationCode'

2023-06-13 22:07:36 - [TEST_STEP][PASSED] - com.reusableComponent.HighlightElement.run(findTestObject("Login/Page_SUNCITY - Login/button_Sign In")): com.reusableComponent.HighlightElement.run is PASSED

2023-06-13 22:07:36 - [MESSAGE][PASSED] - com.reusableComponent.HighlightElement.run is PASSED

2023-06-13 22:07:36 - [TEST_STEP][PASSED] - click(findTestObject("Object Repository/Login/Page_SUNCITY - Login/button_Sign In")): Object: 'Object Repository/Login/Page_SUNCITY - Login/button_Sign In' is clicked on

2023-06-13 22:07:37 - [MESSAGE][PASSED] - Object: 'Object Repository/Login/Page_SUNCITY - Login/button_Sign In' is clicked on

2023-06-13 22:07:37 - [TEST_STEP][PASSED] - com.reusableComponent.HighlightElement.run(findTestObject("Login/Page_Dashboard/h2_Login Success")): com.reusableComponent.HighlightElement.run is PASSED

2023-06-13 22:07:40 - [MESSAGE][PASSED] - com.reusableComponent.HighlightElement.run is PASSED

2023-06-13 22:07:40 - [TEST_STEP][PASSED] - click(findTestObject("Object Repository/Login/Page_Dashboard/h2_Login Success")): Object: 'Object Repository/Login/Page_Dashboard/h2_Login Success' is clicked on

2023-06-13 22:07:40 - [MESSAGE][PASSED] - Object: 'Object Repository/Login/Page_Dashboard/h2_Login Success' is clicked on

2023-06-13 22:07:40 - [TEST_STEP][PASSED] - com.reusableComponent.HighlightElement.run(findTestObject("Login/Page_Dashboard/button_OK")): com.reusableComponent.HighlightElement.run is PASSED

2023-06-13 22:07:41 - [MESSAGE][PASSED] - com.reusableComponent.HighlightElement.run is PASSED

2023-06-13 22:07:41 - [TEST_STEP][PASSED] - click(findTestObject("Object Repository/Login/Page_Dashboard/button_OK")): Object: 'Object Repository/Login/Page_Dashboard/button_OK' is clicked on

2023-06-13 22:07:41 - [MESSAGE][PASSED] - Object: 'Object Repository/Login/Page_Dashboard/button_OK' is clicked on

2023-06-13 22:07:41 - [MESSAGE][PASSED] - Call Test Case 'Test Cases/Login Admin' successfully

2023-06-13 22:07:41 - [TEST_STEP][PASSED] - com.reusableComponent.HighlightElement.run(findTestObject("Sub Admin/Page_Dashboard/span_Sub-Admin")): com.reusableComponent.HighlightElement.run is PASSED

2023-06-13 22:07:42 - [MESSAGE][PASSED] - com.reusableComponent.HighlightElement.run is PASSED

2023-06-13 22:07:42 - [TEST_STEP][PASSED] - mouseOver(findTestObject("Sub Admin/Page_Dashboard/span_Sub-Admin")): Object: 'Object Repository/Sub Admin/Page_Dashboard/span_Sub-Admin' is hovered

2023-06-13 22:07:43 - [MESSAGE][PASSED] - Object: 'Object Repository/Sub Admin/Page_Dashboard/span_Sub-Admin' is hovered

2023-06-13 22:07:43 - [TEST_STEP][PASSED] - com.reusableComponent.HighlightElement.run(findTestObject("Sub Admin/Page_Dashboard/span_List")): com.reusableComponent.HighlightElement.run is PASSED

2023-06-13 22:07:43 - [MESSAGE][PASSED] - com.reusableComponent.HighlightElement.run is PASSED

2023-06-13 22:07:43 - [TEST_STEP][PASSED] - mouseOver(findTestObject("Sub Admin/Page_Dashboard/span_List")): Object: 'Object Repository/Sub Admin/Page_Dashboard/span_List' is hovered

2023-06-13 22:07:44 - [MESSAGE][PASSED] - Object: 'Object Repository/Sub Admin/Page_Dashboard/span_List' is hovered

2023-06-13 22:07:44 - [TEST_STEP][PASSED] - com.reusableComponent.HighlightElement.run(findTestObject("Sub Admin/Page_Dashboard/span_List")): com.reusableComponent.HighlightElement.run is PASSED

2023-06-13 22:07:44 - [MESSAGE][PASSED] - com.reusableComponent.HighlightElement.run is PASSED

2023-06-13 22:07:44 - [TEST_STEP][PASSED] - click(findTestObject("Sub Admin/Page_Dashboard/span_List")): Object: 'Object Repository/Sub Admin/Page_Dashboard/span_List' is clicked on

2023-06-13 22:07:46 - [MESSAGE][PASSED] - Object: 'Object Repository/Sub Admin/Page_Dashboard/span_List' is clicked on]]></system-out>
         <system-err><![CDATA[]]></system-err>
      </testcase>
      <testcase name="Test Cases/Sub Admin/Create" time="5.915" classname="Test Cases/Sub Admin/Create" status="PASSED">
         <system-out><![CDATA[2023-06-13 22:07:46 - [TEST_CASE][PASSED] - Test Cases/Sub Admin/Create: Test Cases/Sub Admin/Create

2023-06-13 22:07:47 - [TEST_STEP][PASSED] - com.reusableComponent.HighlightElement.run(findTestObject("Sub Admin/Page_Dashboard/span_Sub-Admin")): com.reusableComponent.HighlightElement.run is PASSED

2023-06-13 22:07:48 - [MESSAGE][PASSED] - com.reusableComponent.HighlightElement.run is PASSED

2023-06-13 22:07:48 - [TEST_STEP][PASSED] - mouseOver(findTestObject("Sub Admin/Page_Dashboard/span_Sub-Admin")): Object: 'Object Repository/Sub Admin/Page_Dashboard/span_Sub-Admin' is hovered

2023-06-13 22:07:48 - [MESSAGE][PASSED] - Object: 'Object Repository/Sub Admin/Page_Dashboard/span_Sub-Admin' is hovered

2023-06-13 22:07:48 - [TEST_STEP][PASSED] - com.reusableComponent.HighlightElement.run(findTestObject("Sub Admin/Page_Dashboard/span_Create")): com.reusableComponent.HighlightElement.run is PASSED

2023-06-13 22:07:49 - [MESSAGE][PASSED] - com.reusableComponent.HighlightElement.run is PASSED

2023-06-13 22:07:49 - [TEST_STEP][PASSED] - mouseOver(findTestObject("Sub Admin/Page_Dashboard/span_Create")): Object: 'Object Repository/Sub Admin/Page_Dashboard/span_Create' is hovered

2023-06-13 22:07:49 - [MESSAGE][PASSED] - Object: 'Object Repository/Sub Admin/Page_Dashboard/span_Create' is hovered

2023-06-13 22:07:49 - [TEST_STEP][PASSED] - com.reusableComponent.HighlightElement.run(findTestObject("Sub Admin/Page_Dashboard/span_Create")): com.reusableComponent.HighlightElement.run is PASSED

2023-06-13 22:07:50 - [MESSAGE][PASSED] - com.reusableComponent.HighlightElement.run is PASSED

2023-06-13 22:07:50 - [TEST_STEP][PASSED] - click(findTestObject("Sub Admin/Page_Dashboard/span_Create")): Object: 'Object Repository/Sub Admin/Page_Dashboard/span_Create' is clicked on

2023-06-13 22:07:52 - [MESSAGE][PASSED] - Object: 'Object Repository/Sub Admin/Page_Dashboard/span_Create' is clicked on]]></system-out>
         <system-err><![CDATA[]]></system-err>
      </testcase>
      <testcase name="Test Cases/Sub Admin/Duplicate IP Logins" time="5.56" classname="Test Cases/Sub Admin/Duplicate IP Logins" status="PASSED">
         <system-out><![CDATA[2023-06-13 22:07:52 - [TEST_CASE][PASSED] - Test Cases/Sub Admin/Duplicate IP Logins: Test Cases/Sub Admin/Duplicate IP Logins

2023-06-13 22:07:53 - [TEST_STEP][PASSED] - com.reusableComponent.HighlightElement.run(findTestObject("Sub Admin/Page_Dashboard/span_Sub-Admin")): com.reusableComponent.HighlightElement.run is PASSED

2023-06-13 22:07:54 - [MESSAGE][PASSED] - com.reusableComponent.HighlightElement.run is PASSED

2023-06-13 22:07:54 - [TEST_STEP][PASSED] - mouseOver(findTestObject("Sub Admin/Page_Dashboard/span_Sub-Admin")): Object: 'Object Repository/Sub Admin/Page_Dashboard/span_Sub-Admin' is hovered

2023-06-13 22:07:55 - [MESSAGE][PASSED] - Object: 'Object Repository/Sub Admin/Page_Dashboard/span_Sub-Admin' is hovered

2023-06-13 22:07:55 - [TEST_STEP][PASSED] - com.reusableComponent.HighlightElement.run(findTestObject("Sub Admin/Page_Dashboard/span_Duplicate IP Logins")): com.reusableComponent.HighlightElement.run is PASSED

2023-06-13 22:07:55 - [MESSAGE][PASSED] - com.reusableComponent.HighlightElement.run is PASSED

2023-06-13 22:07:55 - [TEST_STEP][PASSED] - mouseOver(findTestObject("Sub Admin/Page_Dashboard/span_Duplicate IP Logins")): Object: 'Object Repository/Sub Admin/Page_Dashboard/span_Duplicate IP Logins' is hovered

2023-06-13 22:07:56 - [MESSAGE][PASSED] - Object: 'Object Repository/Sub Admin/Page_Dashboard/span_Duplicate IP Logins' is hovered

2023-06-13 22:07:56 - [TEST_STEP][PASSED] - com.reusableComponent.HighlightElement.run(findTestObject("Sub Admin/Page_Dashboard/span_Duplicate IP Logins")): com.reusableComponent.HighlightElement.run is PASSED

2023-06-13 22:07:56 - [MESSAGE][PASSED] - com.reusableComponent.HighlightElement.run is PASSED

2023-06-13 22:07:56 - [TEST_STEP][PASSED] - click(findTestObject("Sub Admin/Page_Dashboard/span_Duplicate IP Logins")): Object: 'Object Repository/Sub Admin/Page_Dashboard/span_Duplicate IP Logins' is clicked on

2023-06-13 22:07:58 - [MESSAGE][PASSED] - Object: 'Object Repository/Sub Admin/Page_Dashboard/span_Duplicate IP Logins' is clicked on]]></system-out>
         <system-err><![CDATA[]]></system-err>
      </testcase>
      <testcase name="Test Cases/User/Shareholder/Create" time="5.425" classname="Test Cases/User/Shareholder/Create" status="PASSED">
         <system-out><![CDATA[2023-06-13 22:07:58 - [TEST_CASE][PASSED] - Test Cases/User/Shareholder/Create: Test Cases/User/Shareholder/Create

2023-06-13 22:07:58 - [TEST_STEP][PASSED] - com.reusableComponent.HighlightElement.run(findTestObject("User/Page_Dashboard/Member/span_User")): com.reusableComponent.HighlightElement.run is PASSED

2023-06-13 22:07:59 - [MESSAGE][PASSED] - com.reusableComponent.HighlightElement.run is PASSED

2023-06-13 22:07:59 - [TEST_STEP][PASSED] - mouseOver(findTestObject("User/Page_Dashboard/Member/span_User")): Object: 'Object Repository/User/Page_Dashboard/Member/span_User' is hovered

2023-06-13 22:08:00 - [MESSAGE][PASSED] - Object: 'Object Repository/User/Page_Dashboard/Member/span_User' is hovered

2023-06-13 22:08:00 - [TEST_STEP][PASSED] - com.reusableComponent.HighlightElement.run(findTestObject("User/Page_Dashboard/Shareholder/span_Create")): com.reusableComponent.HighlightElement.run is PASSED

2023-06-13 22:08:01 - [MESSAGE][PASSED] - com.reusableComponent.HighlightElement.run is PASSED

2023-06-13 22:08:01 - [TEST_STEP][PASSED] - mouseOver(findTestObject("User/Page_Dashboard/Shareholder/span_Create")): Object: 'Object Repository/User/Page_Dashboard/Shareholder/span_Create' is hovered

2023-06-13 22:08:01 - [MESSAGE][PASSED] - Object: 'Object Repository/User/Page_Dashboard/Shareholder/span_Create' is hovered

2023-06-13 22:08:01 - [TEST_STEP][PASSED] - click(findTestObject("User/Page_Dashboard/Shareholder/span_Create")): Object: 'Object Repository/User/Page_Dashboard/Shareholder/span_Create' is clicked on

2023-06-13 22:08:03 - [MESSAGE][PASSED] - Object: 'Object Repository/User/Page_Dashboard/Shareholder/span_Create' is clicked on]]></system-out>
         <system-err><![CDATA[]]></system-err>
      </testcase>
      <testcase name="Test Cases/User/Shareholder/List" time="3.144" classname="Test Cases/User/Shareholder/List" status="PASSED">
         <system-out><![CDATA[2023-06-13 22:08:03 - [TEST_CASE][PASSED] - Test Cases/User/Shareholder/List: Test Cases/User/Shareholder/List

2023-06-13 22:08:04 - [TEST_STEP][PASSED] - com.reusableComponent.HighlightElement.run(findTestObject("User/Page_Dashboard/Member/span_User")): com.reusableComponent.HighlightElement.run is PASSED

2023-06-13 22:08:04 - [MESSAGE][PASSED] - com.reusableComponent.HighlightElement.run is PASSED

2023-06-13 22:08:04 - [TEST_STEP][PASSED] - mouseOver(findTestObject("User/Page_Dashboard/Member/span_User")): Object: 'Object Repository/User/Page_Dashboard/Member/span_User' is hovered

2023-06-13 22:08:05 - [MESSAGE][PASSED] - Object: 'Object Repository/User/Page_Dashboard/Member/span_User' is hovered

2023-06-13 22:08:05 - [TEST_STEP][PASSED] - com.reusableComponent.HighlightElement.run(findTestObject("User/Page_Dashboard/Shareholder/span_List")): com.reusableComponent.HighlightElement.run is PASSED

2023-06-13 22:08:05 - [MESSAGE][PASSED] - com.reusableComponent.HighlightElement.run is PASSED

2023-06-13 22:08:05 - [TEST_STEP][PASSED] - mouseOver(findTestObject("User/Page_Dashboard/Shareholder/span_List")): Object: 'Object Repository/User/Page_Dashboard/Shareholder/span_List' is hovered

2023-06-13 22:08:06 - [MESSAGE][PASSED] - Object: 'Object Repository/User/Page_Dashboard/Shareholder/span_List' is hovered

2023-06-13 22:08:06 - [TEST_STEP][PASSED] - click(findTestObject("User/Page_Dashboard/Shareholder/span_List")): Object: 'Object Repository/User/Page_Dashboard/Shareholder/span_List' is clicked on

2023-06-13 22:08:06 - [MESSAGE][PASSED] - Object: 'Object Repository/User/Page_Dashboard/Shareholder/span_List' is clicked on]]></system-out>
         <system-err><![CDATA[]]></system-err>
      </testcase>
      <testcase name="Test Cases/User/Shareholder/Limited List" time="4.932" classname="Test Cases/User/Shareholder/Limited List" status="PASSED">
         <system-out><![CDATA[2023-06-13 22:08:06 - [TEST_CASE][PASSED] - Test Cases/User/Shareholder/Limited List: Test Cases/User/Shareholder/Limited List

2023-06-13 22:08:07 - [TEST_STEP][PASSED] - com.reusableComponent.HighlightElement.run(findTestObject("User/Page_Dashboard/Member/span_User")): com.reusableComponent.HighlightElement.run is PASSED

2023-06-13 22:08:07 - [MESSAGE][PASSED] - com.reusableComponent.HighlightElement.run is PASSED

2023-06-13 22:08:07 - [TEST_STEP][PASSED] - mouseOver(findTestObject("User/Page_Dashboard/Member/span_User")): Object: 'Object Repository/User/Page_Dashboard/Member/span_User' is hovered

2023-06-13 22:08:08 - [MESSAGE][PASSED] - Object: 'Object Repository/User/Page_Dashboard/Member/span_User' is hovered

2023-06-13 22:08:08 - [TEST_STEP][PASSED] - com.reusableComponent.HighlightElement.run(findTestObject("User/Page_Dashboard/Shareholder/span_Limited List")): com.reusableComponent.HighlightElement.run is PASSED

2023-06-13 22:08:08 - [MESSAGE][PASSED] - com.reusableComponent.HighlightElement.run is PASSED

2023-06-13 22:08:08 - [TEST_STEP][PASSED] - mouseOver(findTestObject("User/Page_Dashboard/Shareholder/span_Limited List")): Object: 'Object Repository/User/Page_Dashboard/Shareholder/span_Limited List' is hovered

2023-06-13 22:08:09 - [MESSAGE][PASSED] - Object: 'Object Repository/User/Page_Dashboard/Shareholder/span_Limited List' is hovered

2023-06-13 22:08:09 - [TEST_STEP][PASSED] - click(findTestObject("User/Page_Dashboard/Shareholder/span_Limited List")): Object: 'Object Repository/User/Page_Dashboard/Shareholder/span_Limited List' is clicked on

2023-06-13 22:08:11 - [MESSAGE][PASSED] - Object: 'Object Repository/User/Page_Dashboard/Shareholder/span_Limited List' is clicked on]]></system-out>
         <system-err><![CDATA[]]></system-err>
      </testcase>
      <testcase name="Test Cases/User/Shareholder/All Wallet" time="12.845" classname="Test Cases/User/Shareholder/All Wallet" status="PASSED">
         <system-out><![CDATA[2023-06-13 22:08:11 - [TEST_CASE][PASSED] - Test Cases/User/Shareholder/All Wallet: Test Cases/User/Shareholder/All Wallet

2023-06-13 22:08:12 - [TEST_STEP][PASSED] - com.reusableComponent.HighlightElement.run(findTestObject("User/Page_Dashboard/Member/span_User")): com.reusableComponent.HighlightElement.run is PASSED

2023-06-13 22:08:22 - [MESSAGE][PASSED] - com.reusableComponent.HighlightElement.run is PASSED

2023-06-13 22:08:22 - [TEST_STEP][PASSED] - mouseOver(findTestObject("User/Page_Dashboard/Member/span_User")): Object: 'Object Repository/User/Page_Dashboard/Member/span_User' is hovered

2023-06-13 22:08:23 - [MESSAGE][PASSED] - Object: 'Object Repository/User/Page_Dashboard/Member/span_User' is hovered

2023-06-13 22:08:23 - [TEST_STEP][PASSED] - com.reusableComponent.HighlightElement.run(findTestObject("User/Page_Dashboard/Shareholder/span_All Wallet")): com.reusableComponent.HighlightElement.run is PASSED

2023-06-13 22:08:23 - [MESSAGE][PASSED] - com.reusableComponent.HighlightElement.run is PASSED

2023-06-13 22:08:23 - [TEST_STEP][PASSED] - mouseOver(findTestObject("User/Page_Dashboard/Shareholder/span_All Wallet")): Object: 'Object Repository/User/Page_Dashboard/Shareholder/span_All Wallet' is hovered

2023-06-13 22:08:24 - [MESSAGE][PASSED] - Object: 'Object Repository/User/Page_Dashboard/Shareholder/span_All Wallet' is hovered

2023-06-13 22:08:24 - [TEST_STEP][PASSED] - click(findTestObject("User/Page_Dashboard/Shareholder/span_All Wallet")): Object: 'Object Repository/User/Page_Dashboard/Shareholder/span_All Wallet' is clicked on

2023-06-13 22:08:24 - [MESSAGE][PASSED] - Object: 'Object Repository/User/Page_Dashboard/Shareholder/span_All Wallet' is clicked on]]></system-out>
         <system-err><![CDATA[]]></system-err>
      </testcase>
      <testcase name="Test Cases/User/Shareholder/Negative Wallet" time="2.973" classname="Test Cases/User/Shareholder/Negative Wallet" status="PASSED">
         <system-out><![CDATA[2023-06-13 22:08:24 - [TEST_CASE][PASSED] - Test Cases/User/Shareholder/Negative Wallet: Test Cases/User/Shareholder/Negative Wallet

2023-06-13 22:08:25 - [TEST_STEP][PASSED] - com.reusableComponent.HighlightElement.run(findTestObject("User/Page_Dashboard/Member/span_User")): com.reusableComponent.HighlightElement.run is PASSED

2023-06-13 22:08:25 - [MESSAGE][PASSED] - com.reusableComponent.HighlightElement.run is PASSED

2023-06-13 22:08:25 - [TEST_STEP][PASSED] - mouseOver(findTestObject("User/Page_Dashboard/Member/span_User")): Object: 'Object Repository/User/Page_Dashboard/Member/span_User' is hovered

2023-06-13 22:08:26 - [MESSAGE][PASSED] - Object: 'Object Repository/User/Page_Dashboard/Member/span_User' is hovered

2023-06-13 22:08:26 - [TEST_STEP][PASSED] - com.reusableComponent.HighlightElement.run(findTestObject("User/Page_Dashboard/Shareholder/span_Negative Wallet")): com.reusableComponent.HighlightElement.run is PASSED

2023-06-13 22:08:26 - [MESSAGE][PASSED] - com.reusableComponent.HighlightElement.run is PASSED

2023-06-13 22:08:26 - [TEST_STEP][PASSED] - mouseOver(findTestObject("User/Page_Dashboard/Shareholder/span_Negative Wallet")): Object: 'Object Repository/User/Page_Dashboard/Shareholder/span_Negative Wallet' is hovered

2023-06-13 22:08:27 - [MESSAGE][PASSED] - Object: 'Object Repository/User/Page_Dashboard/Shareholder/span_Negative Wallet' is hovered

2023-06-13 22:08:27 - [TEST_STEP][PASSED] - click(findTestObject("User/Page_Dashboard/Shareholder/span_Negative Wallet")): Object: 'Object Repository/User/Page_Dashboard/Shareholder/span_Negative Wallet' is clicked on

2023-06-13 22:08:27 - [MESSAGE][PASSED] - Object: 'Object Repository/User/Page_Dashboard/Shareholder/span_Negative Wallet' is clicked on]]></system-out>
         <system-err><![CDATA[]]></system-err>
      </testcase>
      <testcase name="Test Cases/User/Shareholder/Positive Wallet" time="3.116" classname="Test Cases/User/Shareholder/Positive Wallet" status="PASSED">
         <system-out><![CDATA[2023-06-13 22:08:27 - [TEST_CASE][PASSED] - Test Cases/User/Shareholder/Positive Wallet: Test Cases/User/Shareholder/Positive Wallet

2023-06-13 22:08:28 - [TEST_STEP][PASSED] - com.reusableComponent.HighlightElement.run(findTestObject("User/Page_Dashboard/Member/span_User")): com.reusableComponent.HighlightElement.run is PASSED

2023-06-13 22:08:28 - [MESSAGE][PASSED] - com.reusableComponent.HighlightElement.run is PASSED

2023-06-13 22:08:28 - [TEST_STEP][PASSED] - mouseOver(findTestObject("User/Page_Dashboard/Member/span_User")): Object: 'Object Repository/User/Page_Dashboard/Member/span_User' is hovered

2023-06-13 22:08:29 - [MESSAGE][PASSED] - Object: 'Object Repository/User/Page_Dashboard/Member/span_User' is hovered

2023-06-13 22:08:29 - [TEST_STEP][PASSED] - com.reusableComponent.HighlightElement.run(findTestObject("User/Page_Dashboard/Shareholder/span_Positive Wallet")): com.reusableComponent.HighlightElement.run is PASSED

2023-06-13 22:08:29 - [MESSAGE][PASSED] - com.reusableComponent.HighlightElement.run is PASSED

2023-06-13 22:08:29 - [TEST_STEP][PASSED] - mouseOver(findTestObject("User/Page_Dashboard/Shareholder/span_Positive Wallet")): Object: 'Object Repository/User/Page_Dashboard/Shareholder/span_Positive Wallet' is hovered

2023-06-13 22:08:30 - [MESSAGE][PASSED] - Object: 'Object Repository/User/Page_Dashboard/Shareholder/span_Positive Wallet' is hovered

2023-06-13 22:08:30 - [TEST_STEP][PASSED] - click(findTestObject("User/Page_Dashboard/Shareholder/span_Positive Wallet")): Object: 'Object Repository/User/Page_Dashboard/Shareholder/span_Positive Wallet' is clicked on

2023-06-13 22:08:30 - [MESSAGE][PASSED] - Object: 'Object Repository/User/Page_Dashboard/Shareholder/span_Positive Wallet' is clicked on]]></system-out>
         <system-err><![CDATA[]]></system-err>
      </testcase>
      <testcase name="Test Cases/User/Shareholder/Duplicate IP Logins" time="4.583" classname="Test Cases/User/Shareholder/Duplicate IP Logins" status="PASSED">
         <system-out><![CDATA[2023-06-13 22:08:30 - [TEST_CASE][PASSED] - Test Cases/User/Shareholder/Duplicate IP Logins: Test Cases/User/Shareholder/Duplicate IP Logins

2023-06-13 22:08:31 - [TEST_STEP][PASSED] - com.reusableComponent.HighlightElement.run(findTestObject("User/Page_Dashboard/Member/span_User")): com.reusableComponent.HighlightElement.run is PASSED

2023-06-13 22:08:31 - [MESSAGE][PASSED] - com.reusableComponent.HighlightElement.run is PASSED

2023-06-13 22:08:31 - [TEST_STEP][PASSED] - mouseOver(findTestObject("User/Page_Dashboard/Member/span_User")): Object: 'Object Repository/User/Page_Dashboard/Member/span_User' is hovered

2023-06-13 22:08:32 - [MESSAGE][PASSED] - Object: 'Object Repository/User/Page_Dashboard/Member/span_User' is hovered

2023-06-13 22:08:32 - [TEST_STEP][PASSED] - com.reusableComponent.HighlightElement.run(findTestObject("User/Page_Dashboard/Shareholder/span_Duplicate IP Logins")): com.reusableComponent.HighlightElement.run is PASSED

2023-06-13 22:08:32 - [MESSAGE][PASSED] - com.reusableComponent.HighlightElement.run is PASSED

2023-06-13 22:08:32 - [TEST_STEP][PASSED] - mouseOver(findTestObject("User/Page_Dashboard/Shareholder/span_Duplicate IP Logins")): Object: 'Object Repository/User/Page_Dashboard/Shareholder/span_Duplicate IP Logins' is hovered

2023-06-13 22:08:33 - [MESSAGE][PASSED] - Object: 'Object Repository/User/Page_Dashboard/Shareholder/span_Duplicate IP Logins' is hovered

2023-06-13 22:08:33 - [TEST_STEP][PASSED] - click(findTestObject("User/Page_Dashboard/Shareholder/span_Duplicate IP Logins")): Object: 'Object Repository/User/Page_Dashboard/Shareholder/span_Duplicate IP Logins' is clicked on

2023-06-13 22:08:35 - [MESSAGE][PASSED] - Object: 'Object Repository/User/Page_Dashboard/Shareholder/span_Duplicate IP Logins' is clicked on]]></system-out>
         <system-err><![CDATA[]]></system-err>
      </testcase>
      <system-out><![CDATA[2023-06-13 22:07:16 - [TEST_SUITE][PASSED] - Smoke: Test Cases/User/Shareholder/Duplicate IP Logins]]></system-out>
      <system-err><![CDATA[]]></system-err>
   </testsuite>
</testsuites>
