<?xml version="1.0" encoding="UTF-8"?>
<testsuites name="Smoke" time="144.002" tests="5" failures="0" errors="0">
   <testsuite name="Smoke" tests="5" failures="0" errors="0" time="144.002" skipped="0" timestamp="2023-07-12 21:54:51" hostname="hmacagba - PHPF1FXV0U.CSCMWS.CSCMWS.COM" id="Test Suites/Smoke">
      <properties>
         <property name="deviceName" value=""/>
         <property name="devicePlatform" value=""/>
         <property name="logFolder" value="C:\\Users\\hmacagba\\git\\AutomatedScripts\\Reports\\20230712_215439\\Smoke\\20230712_215439"/>
         <property name="logFiles" value="C:\\Users\\hmacagba\\git\\AutomatedScripts\\Reports\\20230712_215439\\Smoke\\20230712_215439\\execution0.log"/>
         <property name="attachments" value=""/>
         <property name="hostName" value="hmacagba - PHPF1FXV0U.CSCMWS.CSCMWS.COM"/>
         <property name="os" value="Windows 10 64bit"/>
         <property name="katalonVersion" value="8.6.5.208"/>
         <property name="browser" value="Chrome 114.0.0.0"/>
         <property name="hostAddress" value="192.168.68.102"/>
         <property name="sessionId" value="394eb0566272c2308d0ffba43395c36d"/>
         <property name="seleniumVersion" value="3.141.59"/>
         <property name="proxyInformation" value="ProxyInformation { proxyOption=NO_PROXY, proxyServerType=HTTP, username=, password=********, proxyServerAddress=, proxyServerPort=0, executionList=&quot;&quot;, isApplyToDesiredCapabilities=true }"/>
         <property name="platform" value="Windows 10"/>
      </properties>
      <testcase name="Test Cases/Bank/List MYR" time="49.305" classname="Test Cases/Bank/List MYR" status="PASSED">
         <system-out><![CDATA[2023-07-12 21:54:51 - [TEST_CASE][PASSED] - Test Cases/Bank/List MYR: Test Cases/Bank/List MYR

2023-07-12 21:54:52 - [TEST_STEP][PASSED] - callTestCase(findTestCase("Login Admin"), [:], STOP_ON_FAILURE): Call Test Case 'Test Cases/Login Admin' successfully

2023-07-12 21:54:53 - [TEST_CASE][PASSED] - Test Cases/Login Admin: Test Cases/Login Admin

2023-07-12 21:54:53 - [TEST_STEP][PASSED] - openBrowser(""): Browser is opened with url: ''

2023-07-12 21:54:54 - [MESSAGE][INFO] - Starting 'Chrome' driver

2023-07-12 21:54:54 - [MESSAGE][INFO] - Action delay is set to 0 milliseconds

2023-07-12 21:54:59 - [MESSAGE][PASSED] - Browser is opened with url: ''

2023-07-12 21:54:59 - [TEST_STEP][PASSED] - maximizeWindow(): Current window maximized

2023-07-12 21:54:59 - [MESSAGE][PASSED] - Current window maximized

2023-07-12 21:54:59 - [TEST_STEP][PASSED] - navigateToUrl(URL): Navigate to 'http://admin.lkydev.site' successfully

2023-07-12 21:55:03 - [MESSAGE][PASSED] - Navigate to 'http://admin.lkydev.site' successfully

2023-07-12 21:55:03 - [TEST_STEP][PASSED] - verifyElementText(findTestObject("Object Repository/Login/Page_SUNCITY - Login/h3_Sign In To Admin System"), "Sign In To Admin System"): Actual text and expected text of test object 'Object Repository/Login/Page_SUNCITY - Login/h3_Sign In To Admin System' are matched.

2023-07-12 21:55:04 - [MESSAGE][PASSED] - Actual text and expected text of test object 'Object Repository/Login/Page_SUNCITY - Login/h3_Sign In To Admin System' are matched.

2023-07-12 21:55:04 - [TEST_STEP][PASSED] - com.reusableComponent.HighlightElement.run(findTestObject("Login/Page_SUNCITY - Login/h3_Sign In To Admin System")): com.reusableComponent.HighlightElement.run is PASSED

2023-07-12 21:55:04 - [MESSAGE][PASSED] - com.reusableComponent.HighlightElement.run is PASSED

2023-07-12 21:55:04 - [TEST_STEP][PASSED] - com.reusableComponent.HighlightElement.run(findTestObject("Login/Page_SUNCITY - Login/input_Sign In To Admin System_username")): com.reusableComponent.HighlightElement.run is PASSED

2023-07-12 21:55:05 - [MESSAGE][PASSED] - com.reusableComponent.HighlightElement.run is PASSED

2023-07-12 21:55:05 - [TEST_STEP][PASSED] - com.reusableComponent.HighlightElement.run(findTestObject("Login/Page_SUNCITY - Login/input_Sign In To Admin System_password")): com.reusableComponent.HighlightElement.run is PASSED

2023-07-12 21:55:05 - [MESSAGE][PASSED] - com.reusableComponent.HighlightElement.run is PASSED

2023-07-12 21:55:05 - [TEST_STEP][PASSED] - setText(findTestObject("Object Repository/Login/Page_SUNCITY - Login/input_Sign In To Admin System_username"), Username): Text 'devbot' is set on object 'Object Repository/Login/Page_SUNCITY - Login/input_Sign In To Admin System_username'

2023-07-12 21:55:06 - [MESSAGE][PASSED] - Text 'devbot' is set on object 'Object Repository/Login/Page_SUNCITY - Login/input_Sign In To Admin System_username'

2023-07-12 21:55:06 - [TEST_STEP][PASSED] - setText(findTestObject("Object Repository/Login/Page_SUNCITY - Login/input_Sign In To Admin System_password"), Password): Text '77889900' is set on object 'Object Repository/Login/Page_SUNCITY - Login/input_Sign In To Admin System_password'

2023-07-12 21:55:07 - [MESSAGE][PASSED] - Text '77889900' is set on object 'Object Repository/Login/Page_SUNCITY - Login/input_Sign In To Admin System_password'

2023-07-12 21:55:07 - [TEST_STEP][PASSED] - com.reusableComponent.HighlightElement.run(findTestObject("Login/Page_SUNCITY - Login/button_Next")): com.reusableComponent.HighlightElement.run is PASSED

2023-07-12 21:55:08 - [MESSAGE][PASSED] - com.reusableComponent.HighlightElement.run is PASSED

2023-07-12 21:55:08 - [TEST_STEP][PASSED] - click(findTestObject("Object Repository/Login/Page_SUNCITY - Login/button_Next")): Object: 'Object Repository/Login/Page_SUNCITY - Login/button_Next' is clicked on

2023-07-12 21:55:08 - [MESSAGE][PASSED] - Object: 'Object Repository/Login/Page_SUNCITY - Login/button_Next' is clicked on

2023-07-12 21:55:08 - [TEST_STEP][PASSED] - com.reusableComponent.HighlightElement.run(findTestObject("Login/Page_SUNCITY - Login/input_Next_verificationCode")): com.reusableComponent.HighlightElement.run is PASSED

2023-07-12 21:55:09 - [MESSAGE][PASSED] - com.reusableComponent.HighlightElement.run is PASSED

2023-07-12 21:55:09 - [TEST_STEP][PASSED] - setText(findTestObject("Object Repository/Login/Page_SUNCITY - Login/input_Next_verificationCode"), VerificationCode): Text '778899' is set on object 'Object Repository/Login/Page_SUNCITY - Login/input_Next_verificationCode'

2023-07-12 21:55:10 - [MESSAGE][PASSED] - Text '778899' is set on object 'Object Repository/Login/Page_SUNCITY - Login/input_Next_verificationCode'

2023-07-12 21:55:10 - [TEST_STEP][PASSED] - com.reusableComponent.HighlightElement.run(findTestObject("Login/Page_SUNCITY - Login/button_Sign In")): com.reusableComponent.HighlightElement.run is PASSED

2023-07-12 21:55:11 - [MESSAGE][PASSED] - com.reusableComponent.HighlightElement.run is PASSED

2023-07-12 21:55:11 - [TEST_STEP][PASSED] - click(findTestObject("Object Repository/Login/Page_SUNCITY - Login/button_Sign In")): Object: 'Object Repository/Login/Page_SUNCITY - Login/button_Sign In' is clicked on

2023-07-12 21:55:11 - [MESSAGE][PASSED] - Object: 'Object Repository/Login/Page_SUNCITY - Login/button_Sign In' is clicked on

2023-07-12 21:55:11 - [TEST_STEP][PASSED] - com.reusableComponent.HighlightElement.run(findTestObject("Login/Page_Dashboard/h2_Login Success")): com.reusableComponent.HighlightElement.run is PASSED

2023-07-12 21:55:14 - [MESSAGE][PASSED] - com.reusableComponent.HighlightElement.run is PASSED

2023-07-12 21:55:14 - [TEST_STEP][PASSED] - click(findTestObject("Object Repository/Login/Page_Dashboard/h2_Login Success")): Object: 'Object Repository/Login/Page_Dashboard/h2_Login Success' is clicked on

2023-07-12 21:55:14 - [MESSAGE][PASSED] - Object: 'Object Repository/Login/Page_Dashboard/h2_Login Success' is clicked on

2023-07-12 21:55:14 - [TEST_STEP][PASSED] - com.reusableComponent.HighlightElement.run(findTestObject("Login/Page_Dashboard/button_OK")): com.reusableComponent.HighlightElement.run is PASSED

2023-07-12 21:55:15 - [MESSAGE][PASSED] - com.reusableComponent.HighlightElement.run is PASSED

2023-07-12 21:55:15 - [TEST_STEP][PASSED] - click(findTestObject("Object Repository/Login/Page_Dashboard/button_OK")): Object: 'Object Repository/Login/Page_Dashboard/button_OK' is clicked on

2023-07-12 21:55:15 - [MESSAGE][PASSED] - Object: 'Object Repository/Login/Page_Dashboard/button_OK' is clicked on

2023-07-12 21:55:15 - [MESSAGE][PASSED] - Call Test Case 'Test Cases/Login Admin' successfully

2023-07-12 21:55:15 - [TEST_STEP][PASSED] - com.reusableComponent.HighlightElement.run(findTestObject("Bank/Page_Dashboard/span_Bank")): com.reusableComponent.HighlightElement.run is PASSED

2023-07-12 21:55:16 - [MESSAGE][PASSED] - com.reusableComponent.HighlightElement.run is PASSED

2023-07-12 21:55:16 - [TEST_STEP][PASSED] - mouseOver(findTestObject("Bank/Page_Dashboard/span_Bank")): Object: 'Object Repository/Bank/Page_Dashboard/span_Bank' is hovered

2023-07-12 21:55:16 - [MESSAGE][PASSED] - Object: 'Object Repository/Bank/Page_Dashboard/span_Bank' is hovered

2023-07-12 21:55:16 - [TEST_STEP][PASSED] - com.reusableComponent.HighlightElement.run(findTestObject("Bank/Page_Dashboard/span_List")): com.reusableComponent.HighlightElement.run is PASSED

2023-07-12 21:55:17 - [MESSAGE][PASSED] - com.reusableComponent.HighlightElement.run is PASSED

2023-07-12 21:55:17 - [TEST_STEP][PASSED] - mouseOver(findTestObject("Bank/Page_Dashboard/span_List")): Object: 'Object Repository/Bank/Page_Dashboard/span_List' is hovered

2023-07-12 21:55:18 - [MESSAGE][PASSED] - Object: 'Object Repository/Bank/Page_Dashboard/span_List' is hovered

2023-07-12 21:55:18 - [TEST_STEP][PASSED] - com.reusableComponent.HighlightElement.run(findTestObject("Bank/Bank List/span_MYR")): com.reusableComponent.HighlightElement.run is PASSED

2023-07-12 21:55:18 - [MESSAGE][PASSED] - com.reusableComponent.HighlightElement.run is PASSED

2023-07-12 21:55:18 - [TEST_STEP][PASSED] - mouseOver(findTestObject("Bank/Bank List/span_MYR")): Object: 'Object Repository/Bank/Bank List/span_MYR' is hovered

2023-07-12 21:55:19 - [MESSAGE][PASSED] - Object: 'Object Repository/Bank/Bank List/span_MYR' is hovered

2023-07-12 21:55:19 - [TEST_STEP][PASSED] - click(findTestObject("Bank/Bank List/span_MYR")): Object: 'Object Repository/Bank/Bank List/span_MYR' is clicked on

2023-07-12 21:55:23 - [MESSAGE][PASSED] - Object: 'Object Repository/Bank/Bank List/span_MYR' is clicked on

2023-07-12 21:55:23 - [TEST_STEP][PASSED] - com.reusableComponent.HighlightElement.run(findTestObject("Bank/Bank List/h3_Edit")): com.reusableComponent.HighlightElement.run is PASSED

2023-07-12 21:55:24 - [MESSAGE][PASSED] - com.reusableComponent.HighlightElement.run is PASSED

2023-07-12 21:55:24 - [TEST_STEP][PASSED] - com.reusableComponent.HighlightElement.run(findTestObject("Bank/Bank List/button_Add")): com.reusableComponent.HighlightElement.run is PASSED

2023-07-12 21:55:24 - [MESSAGE][PASSED] - com.reusableComponent.HighlightElement.run is PASSED

2023-07-12 21:55:24 - [TEST_STEP][PASSED] - verifyElementVisible(findTestObject("Bank/Bank List/h3_Edit")): Object 'Object Repository/Bank/Bank List/h3_Edit' is visible

2023-07-12 21:55:24 - [MESSAGE][PASSED] - Object 'Object Repository/Bank/Bank List/h3_Edit' is visible

2023-07-12 21:55:24 - [TEST_STEP][PASSED] - verifyElementVisible(findTestObject("Bank/Bank List/button_Add")): Object 'Object Repository/Bank/Bank List/button_Add' is visible

2023-07-12 21:55:25 - [MESSAGE][PASSED] - Object 'Object Repository/Bank/Bank List/button_Add' is visible

2023-07-12 21:55:25 - [TEST_STEP][PASSED] - com.reusableComponent.HighlightElement.run(findTestObject("Bank/Bank List/select_102550100")): com.reusableComponent.HighlightElement.run is PASSED

2023-07-12 21:55:25 - [MESSAGE][PASSED] - com.reusableComponent.HighlightElement.run is PASSED

2023-07-12 21:55:25 - [TEST_STEP][PASSED] - com.reusableComponent.HighlightElement.run(findTestObject("Bank/Bank List/span_Copy")): com.reusableComponent.HighlightElement.run is PASSED

2023-07-12 21:55:26 - [MESSAGE][PASSED] - com.reusableComponent.HighlightElement.run is PASSED

2023-07-12 21:55:26 - [TEST_STEP][PASSED] - com.reusableComponent.HighlightElement.run(findTestObject("Bank/Bank List/span_CSV")): com.reusableComponent.HighlightElement.run is PASSED

2023-07-12 21:55:26 - [MESSAGE][PASSED] - com.reusableComponent.HighlightElement.run is PASSED

2023-07-12 21:55:26 - [TEST_STEP][PASSED] - com.reusableComponent.HighlightElement.run(findTestObject("Bank/Bank List/span_Excel")): com.reusableComponent.HighlightElement.run is PASSED

2023-07-12 21:55:27 - [MESSAGE][PASSED] - com.reusableComponent.HighlightElement.run is PASSED

2023-07-12 21:55:27 - [TEST_STEP][PASSED] - com.reusableComponent.HighlightElement.run(findTestObject("Bank/Bank List/span_PDF")): com.reusableComponent.HighlightElement.run is PASSED

2023-07-12 21:55:27 - [MESSAGE][PASSED] - com.reusableComponent.HighlightElement.run is PASSED

2023-07-12 21:55:27 - [TEST_STEP][PASSED] - com.reusableComponent.HighlightElement.run(findTestObject("Bank/Bank List/input_Search_form-control form-control-sm")): com.reusableComponent.HighlightElement.run is PASSED

2023-07-12 21:55:28 - [MESSAGE][PASSED] - com.reusableComponent.HighlightElement.run is PASSED

2023-07-12 21:55:28 - [TEST_STEP][PASSED] - verifyElementVisible(findTestObject("Bank/Bank List/select_102550100")): Object 'Object Repository/Bank/Bank List/select_102550100' is visible

2023-07-12 21:55:28 - [MESSAGE][PASSED] - Object 'Object Repository/Bank/Bank List/select_102550100' is visible

2023-07-12 21:55:28 - [TEST_STEP][PASSED] - verifyElementVisible(findTestObject("Bank/Bank List/span_Copy")): Object 'Object Repository/Bank/Bank List/span_Copy' is visible

2023-07-12 21:55:29 - [MESSAGE][PASSED] - Object 'Object Repository/Bank/Bank List/span_Copy' is visible

2023-07-12 21:55:29 - [TEST_STEP][PASSED] - verifyElementVisible(findTestObject("Bank/Bank List/span_CSV")): Object 'Object Repository/Bank/Bank List/span_CSV' is visible

2023-07-12 21:55:29 - [MESSAGE][PASSED] - Object 'Object Repository/Bank/Bank List/span_CSV' is visible

2023-07-12 21:55:29 - [TEST_STEP][PASSED] - verifyElementVisible(findTestObject("Bank/Bank List/span_Excel")): Object 'Object Repository/Bank/Bank List/span_Excel' is visible

2023-07-12 21:55:30 - [MESSAGE][PASSED] - Object 'Object Repository/Bank/Bank List/span_Excel' is visible

2023-07-12 21:55:30 - [TEST_STEP][PASSED] - verifyElementVisible(findTestObject("Bank/Bank List/span_PDF")): Object 'Object Repository/Bank/Bank List/span_PDF' is visible

2023-07-12 21:55:30 - [MESSAGE][PASSED] - Object 'Object Repository/Bank/Bank List/span_PDF' is visible

2023-07-12 21:55:30 - [TEST_STEP][PASSED] - verifyElementVisible(findTestObject("Bank/Bank List/input_Search_form-control form-control-sm")): Object 'Object Repository/Bank/Bank List/input_Search_form-control form-control-sm' is visible

2023-07-12 21:55:30 - [MESSAGE][PASSED] - Object 'Object Repository/Bank/Bank List/input_Search_form-control form-control-sm' is visible

2023-07-12 21:55:30 - [TEST_STEP][PASSED] - com.reusableComponent.HighlightElement.run(findTestObject("Bank/Bank List/th_Account Name")): com.reusableComponent.HighlightElement.run is PASSED

2023-07-12 21:55:31 - [MESSAGE][PASSED] - com.reusableComponent.HighlightElement.run is PASSED

2023-07-12 21:55:31 - [TEST_STEP][PASSED] - com.reusableComponent.HighlightElement.run(findTestObject("Bank/Bank List/th_Account Number")): com.reusableComponent.HighlightElement.run is PASSED

2023-07-12 21:55:31 - [MESSAGE][PASSED] - com.reusableComponent.HighlightElement.run is PASSED

2023-07-12 21:55:31 - [TEST_STEP][PASSED] - com.reusableComponent.HighlightElement.run(findTestObject("Bank/Bank List/th_Bank Info")): com.reusableComponent.HighlightElement.run is PASSED

2023-07-12 21:55:32 - [MESSAGE][PASSED] - com.reusableComponent.HighlightElement.run is PASSED

2023-07-12 21:55:32 - [TEST_STEP][PASSED] - com.reusableComponent.HighlightElement.run(findTestObject("Bank/Bank List/th_Bank Name")): com.reusableComponent.HighlightElement.run is PASSED

2023-07-12 21:55:32 - [MESSAGE][PASSED] - com.reusableComponent.HighlightElement.run is PASSED

2023-07-12 21:55:32 - [TEST_STEP][PASSED] - com.reusableComponent.HighlightElement.run(findTestObject("Bank/Bank List/th_Current Balance")): com.reusableComponent.HighlightElement.run is PASSED

2023-07-12 21:55:33 - [MESSAGE][PASSED] - com.reusableComponent.HighlightElement.run is PASSED

2023-07-12 21:55:33 - [TEST_STEP][PASSED] - com.reusableComponent.HighlightElement.run(findTestObject("Bank/Bank List/th_Wallet Last Update")): com.reusableComponent.HighlightElement.run is PASSED

2023-07-12 21:55:33 - [MESSAGE][PASSED] - com.reusableComponent.HighlightElement.run is PASSED

2023-07-12 21:55:33 - [TEST_STEP][PASSED] - com.reusableComponent.HighlightElement.run(findTestObject("Bank/Bank List/th_VIP")): com.reusableComponent.HighlightElement.run is PASSED

2023-07-12 21:55:34 - [MESSAGE][PASSED] - com.reusableComponent.HighlightElement.run is PASSED

2023-07-12 21:55:34 - [TEST_STEP][PASSED] - com.reusableComponent.HighlightElement.run(findTestObject("Bank/Bank List/th_Action")): com.reusableComponent.HighlightElement.run is PASSED

2023-07-12 21:55:34 - [MESSAGE][PASSED] - com.reusableComponent.HighlightElement.run is PASSED

2023-07-12 21:55:34 - [TEST_STEP][PASSED] - com.reusableComponent.HighlightElement.run(findTestObject("Bank/Bank List/table_Account Name")): com.reusableComponent.HighlightElement.run is PASSED

2023-07-12 21:55:35 - [MESSAGE][PASSED] - com.reusableComponent.HighlightElement.run is PASSED

2023-07-12 21:55:35 - [TEST_STEP][PASSED] - verifyElementVisible(findTestObject("Bank/Bank List/th_Account Name")): Object 'Object Repository/Bank/Bank List/th_Account Name' is visible

2023-07-12 21:55:35 - [MESSAGE][PASSED] - Object 'Object Repository/Bank/Bank List/th_Account Name' is visible

2023-07-12 21:55:35 - [TEST_STEP][PASSED] - verifyElementVisible(findTestObject("Bank/Bank List/th_Account Number")): Object 'Object Repository/Bank/Bank List/th_Account Number' is visible

2023-07-12 21:55:36 - [MESSAGE][PASSED] - Object 'Object Repository/Bank/Bank List/th_Account Number' is visible

2023-07-12 21:55:36 - [TEST_STEP][PASSED] - verifyElementVisible(findTestObject("Bank/Bank List/th_Bank Info")): Object 'Object Repository/Bank/Bank List/th_Bank Info' is visible

2023-07-12 21:55:36 - [MESSAGE][PASSED] - Object 'Object Repository/Bank/Bank List/th_Bank Info' is visible

2023-07-12 21:55:36 - [TEST_STEP][PASSED] - verifyElementVisible(findTestObject("Bank/Bank List/th_Bank Name")): Object 'Object Repository/Bank/Bank List/th_Bank Name' is visible

2023-07-12 21:55:36 - [MESSAGE][PASSED] - Object 'Object Repository/Bank/Bank List/th_Bank Name' is visible

2023-07-12 21:55:36 - [TEST_STEP][PASSED] - verifyElementVisible(findTestObject("Bank/Bank List/th_Current Balance")): Object 'Object Repository/Bank/Bank List/th_Current Balance' is visible

2023-07-12 21:55:37 - [MESSAGE][PASSED] - Object 'Object Repository/Bank/Bank List/th_Current Balance' is visible

2023-07-12 21:55:37 - [TEST_STEP][PASSED] - verifyElementVisible(findTestObject("Bank/Bank List/th_Wallet Last Update")): Object 'Object Repository/Bank/Bank List/th_Wallet Last Update' is visible

2023-07-12 21:55:37 - [MESSAGE][PASSED] - Object 'Object Repository/Bank/Bank List/th_Wallet Last Update' is visible

2023-07-12 21:55:37 - [TEST_STEP][PASSED] - verifyElementVisible(findTestObject("Bank/Bank List/th_VIP")): Object 'Object Repository/Bank/Bank List/th_VIP' is visible

2023-07-12 21:55:38 - [MESSAGE][PASSED] - Object 'Object Repository/Bank/Bank List/th_VIP' is visible

2023-07-12 21:55:38 - [TEST_STEP][PASSED] - verifyElementVisible(findTestObject("Bank/Bank List/th_Action")): Object 'Object Repository/Bank/Bank List/th_Action' is visible

2023-07-12 21:55:38 - [MESSAGE][PASSED] - Object 'Object Repository/Bank/Bank List/th_Action' is visible

2023-07-12 21:55:38 - [TEST_STEP][PASSED] - verifyElementVisible(findTestObject("Bank/Bank List/table_Account Name")): Object 'Object Repository/Bank/Bank List/table_Account Name' is visible

2023-07-12 21:55:38 - [MESSAGE][PASSED] - Object 'Object Repository/Bank/Bank List/table_Account Name' is visible

2023-07-12 21:55:38 - [TEST_STEP][PASSED] - com.reusableComponent.HighlightElement.run(findTestObject("Bank/Bank List/li_Previous")): com.reusableComponent.HighlightElement.run is PASSED

2023-07-12 21:55:39 - [MESSAGE][PASSED] - com.reusableComponent.HighlightElement.run is PASSED

2023-07-12 21:55:39 - [TEST_STEP][PASSED] - com.reusableComponent.HighlightElement.run(findTestObject("Bank/Bank List/a_Next")): com.reusableComponent.HighlightElement.run is PASSED

2023-07-12 21:55:39 - [MESSAGE][PASSED] - com.reusableComponent.HighlightElement.run is PASSED

2023-07-12 21:55:39 - [TEST_STEP][PASSED] - verifyElementVisible(findTestObject("Bank/Bank List/li_Previous")): Object 'Object Repository/Bank/Bank List/li_Previous' is visible

2023-07-12 21:55:40 - [MESSAGE][PASSED] - Object 'Object Repository/Bank/Bank List/li_Previous' is visible

2023-07-12 21:55:40 - [TEST_STEP][PASSED] - verifyElementVisible(findTestObject("Bank/Bank List/a_Next")): Object 'Object Repository/Bank/Bank List/a_Next' is visible

2023-07-12 21:55:40 - [MESSAGE][PASSED] - Object 'Object Repository/Bank/Bank List/a_Next' is visible]]></system-out>
         <system-err><![CDATA[]]></system-err>
      </testcase>
      <testcase name="Test Cases/Bank/List THB" time="24.388" classname="Test Cases/Bank/List THB" status="PASSED">
         <system-out><![CDATA[2023-07-12 21:55:40 - [TEST_CASE][PASSED] - Test Cases/Bank/List THB: Test Cases/Bank/List THB

2023-07-12 21:55:41 - [TEST_STEP][PASSED] - com.reusableComponent.HighlightElement.run(findTestObject("Bank/Page_Dashboard/span_Bank")): com.reusableComponent.HighlightElement.run is PASSED

2023-07-12 21:55:42 - [MESSAGE][PASSED] - com.reusableComponent.HighlightElement.run is PASSED

2023-07-12 21:55:42 - [TEST_STEP][PASSED] - mouseOver(findTestObject("Bank/Page_Dashboard/span_Bank")): Object: 'Object Repository/Bank/Page_Dashboard/span_Bank' is hovered

2023-07-12 21:55:43 - [MESSAGE][PASSED] - Object: 'Object Repository/Bank/Page_Dashboard/span_Bank' is hovered

2023-07-12 21:55:43 - [TEST_STEP][PASSED] - com.reusableComponent.HighlightElement.run(findTestObject("Bank/Page_Dashboard/span_List")): com.reusableComponent.HighlightElement.run is PASSED

2023-07-12 21:55:43 - [MESSAGE][PASSED] - com.reusableComponent.HighlightElement.run is PASSED

2023-07-12 21:55:43 - [TEST_STEP][PASSED] - mouseOver(findTestObject("Bank/Page_Dashboard/span_List")): Object: 'Object Repository/Bank/Page_Dashboard/span_List' is hovered

2023-07-12 21:55:44 - [MESSAGE][PASSED] - Object: 'Object Repository/Bank/Page_Dashboard/span_List' is hovered

2023-07-12 21:55:44 - [TEST_STEP][PASSED] - com.reusableComponent.HighlightElement.run(findTestObject("Bank/Bank List/span_THB")): com.reusableComponent.HighlightElement.run is PASSED

2023-07-12 21:55:44 - [MESSAGE][PASSED] - com.reusableComponent.HighlightElement.run is PASSED

2023-07-12 21:55:44 - [TEST_STEP][PASSED] - mouseOver(findTestObject("Bank/Bank List/span_THB")): Object: 'Object Repository/Bank/Bank List/span_THB' is hovered

2023-07-12 21:55:45 - [MESSAGE][PASSED] - Object: 'Object Repository/Bank/Bank List/span_THB' is hovered

2023-07-12 21:55:45 - [TEST_STEP][PASSED] - click(findTestObject("Bank/Bank List/span_THB")): Object: 'Object Repository/Bank/Bank List/span_THB' is clicked on

2023-07-12 21:55:48 - [MESSAGE][PASSED] - Object: 'Object Repository/Bank/Bank List/span_THB' is clicked on

2023-07-12 21:55:48 - [TEST_STEP][PASSED] - com.reusableComponent.HighlightElement.run(findTestObject("Bank/Bank List/h3_Edit")): com.reusableComponent.HighlightElement.run is PASSED

2023-07-12 21:55:49 - [MESSAGE][PASSED] - com.reusableComponent.HighlightElement.run is PASSED

2023-07-12 21:55:49 - [TEST_STEP][PASSED] - com.reusableComponent.HighlightElement.run(findTestObject("Bank/Bank List/button_Add")): com.reusableComponent.HighlightElement.run is PASSED

2023-07-12 21:55:49 - [MESSAGE][PASSED] - com.reusableComponent.HighlightElement.run is PASSED

2023-07-12 21:55:49 - [TEST_STEP][PASSED] - verifyElementVisible(findTestObject("Bank/Bank List/h3_Edit")): Object 'Object Repository/Bank/Bank List/h3_Edit' is visible

2023-07-12 21:55:50 - [MESSAGE][PASSED] - Object 'Object Repository/Bank/Bank List/h3_Edit' is visible

2023-07-12 21:55:50 - [TEST_STEP][PASSED] - verifyElementVisible(findTestObject("Bank/Bank List/button_Add")): Object 'Object Repository/Bank/Bank List/button_Add' is visible

2023-07-12 21:55:50 - [MESSAGE][PASSED] - Object 'Object Repository/Bank/Bank List/button_Add' is visible

2023-07-12 21:55:50 - [TEST_STEP][PASSED] - com.reusableComponent.HighlightElement.run(findTestObject("Bank/Bank List/select_102550100")): com.reusableComponent.HighlightElement.run is PASSED

2023-07-12 21:55:50 - [MESSAGE][PASSED] - com.reusableComponent.HighlightElement.run is PASSED

2023-07-12 21:55:50 - [TEST_STEP][PASSED] - com.reusableComponent.HighlightElement.run(findTestObject("Bank/Bank List/span_Copy")): com.reusableComponent.HighlightElement.run is PASSED

2023-07-12 21:55:51 - [MESSAGE][PASSED] - com.reusableComponent.HighlightElement.run is PASSED

2023-07-12 21:55:51 - [TEST_STEP][PASSED] - com.reusableComponent.HighlightElement.run(findTestObject("Bank/Bank List/span_CSV")): com.reusableComponent.HighlightElement.run is PASSED

2023-07-12 21:55:51 - [MESSAGE][PASSED] - com.reusableComponent.HighlightElement.run is PASSED

2023-07-12 21:55:51 - [TEST_STEP][PASSED] - com.reusableComponent.HighlightElement.run(findTestObject("Bank/Bank List/span_Excel")): com.reusableComponent.HighlightElement.run is PASSED

2023-07-12 21:55:52 - [MESSAGE][PASSED] - com.reusableComponent.HighlightElement.run is PASSED

2023-07-12 21:55:52 - [TEST_STEP][PASSED] - com.reusableComponent.HighlightElement.run(findTestObject("Bank/Bank List/span_PDF")): com.reusableComponent.HighlightElement.run is PASSED

2023-07-12 21:55:52 - [MESSAGE][PASSED] - com.reusableComponent.HighlightElement.run is PASSED

2023-07-12 21:55:52 - [TEST_STEP][PASSED] - com.reusableComponent.HighlightElement.run(findTestObject("Bank/Bank List/input_Search_form-control form-control-sm")): com.reusableComponent.HighlightElement.run is PASSED

2023-07-12 21:55:53 - [MESSAGE][PASSED] - com.reusableComponent.HighlightElement.run is PASSED

2023-07-12 21:55:53 - [TEST_STEP][PASSED] - verifyElementVisible(findTestObject("Bank/Bank List/select_102550100")): Object 'Object Repository/Bank/Bank List/select_102550100' is visible

2023-07-12 21:55:53 - [MESSAGE][PASSED] - Object 'Object Repository/Bank/Bank List/select_102550100' is visible

2023-07-12 21:55:53 - [TEST_STEP][PASSED] - verifyElementVisible(findTestObject("Bank/Bank List/span_Copy")): Object 'Object Repository/Bank/Bank List/span_Copy' is visible

2023-07-12 21:55:54 - [MESSAGE][PASSED] - Object 'Object Repository/Bank/Bank List/span_Copy' is visible

2023-07-12 21:55:54 - [TEST_STEP][PASSED] - verifyElementVisible(findTestObject("Bank/Bank List/span_CSV")): Object 'Object Repository/Bank/Bank List/span_CSV' is visible

2023-07-12 21:55:54 - [MESSAGE][PASSED] - Object 'Object Repository/Bank/Bank List/span_CSV' is visible

2023-07-12 21:55:54 - [TEST_STEP][PASSED] - verifyElementVisible(findTestObject("Bank/Bank List/span_Excel")): Object 'Object Repository/Bank/Bank List/span_Excel' is visible

2023-07-12 21:55:55 - [MESSAGE][PASSED] - Object 'Object Repository/Bank/Bank List/span_Excel' is visible

2023-07-12 21:55:55 - [TEST_STEP][PASSED] - verifyElementVisible(findTestObject("Bank/Bank List/span_PDF")): Object 'Object Repository/Bank/Bank List/span_PDF' is visible

2023-07-12 21:55:55 - [MESSAGE][PASSED] - Object 'Object Repository/Bank/Bank List/span_PDF' is visible

2023-07-12 21:55:55 - [TEST_STEP][PASSED] - verifyElementVisible(findTestObject("Bank/Bank List/input_Search_form-control form-control-sm")): Object 'Object Repository/Bank/Bank List/input_Search_form-control form-control-sm' is visible

2023-07-12 21:55:55 - [MESSAGE][PASSED] - Object 'Object Repository/Bank/Bank List/input_Search_form-control form-control-sm' is visible

2023-07-12 21:55:55 - [TEST_STEP][PASSED] - com.reusableComponent.HighlightElement.run(findTestObject("Bank/Bank List/th_Account Name")): com.reusableComponent.HighlightElement.run is PASSED

2023-07-12 21:55:56 - [MESSAGE][PASSED] - com.reusableComponent.HighlightElement.run is PASSED

2023-07-12 21:55:56 - [TEST_STEP][PASSED] - com.reusableComponent.HighlightElement.run(findTestObject("Bank/Bank List/th_Account Number")): com.reusableComponent.HighlightElement.run is PASSED

2023-07-12 21:55:56 - [MESSAGE][PASSED] - com.reusableComponent.HighlightElement.run is PASSED

2023-07-12 21:55:56 - [TEST_STEP][PASSED] - com.reusableComponent.HighlightElement.run(findTestObject("Bank/Bank List/th_Bank Info")): com.reusableComponent.HighlightElement.run is PASSED

2023-07-12 21:55:57 - [MESSAGE][PASSED] - com.reusableComponent.HighlightElement.run is PASSED

2023-07-12 21:55:57 - [TEST_STEP][PASSED] - com.reusableComponent.HighlightElement.run(findTestObject("Bank/Bank List/th_Bank Name")): com.reusableComponent.HighlightElement.run is PASSED

2023-07-12 21:55:57 - [MESSAGE][PASSED] - com.reusableComponent.HighlightElement.run is PASSED

2023-07-12 21:55:57 - [TEST_STEP][PASSED] - com.reusableComponent.HighlightElement.run(findTestObject("Bank/Bank List/th_Current Balance")): com.reusableComponent.HighlightElement.run is PASSED

2023-07-12 21:55:58 - [MESSAGE][PASSED] - com.reusableComponent.HighlightElement.run is PASSED

2023-07-12 21:55:58 - [TEST_STEP][PASSED] - com.reusableComponent.HighlightElement.run(findTestObject("Bank/Bank List/th_Wallet Last Update")): com.reusableComponent.HighlightElement.run is PASSED

2023-07-12 21:55:58 - [MESSAGE][PASSED] - com.reusableComponent.HighlightElement.run is PASSED

2023-07-12 21:55:58 - [TEST_STEP][PASSED] - com.reusableComponent.HighlightElement.run(findTestObject("Bank/Bank List/th_VIP")): com.reusableComponent.HighlightElement.run is PASSED

2023-07-12 21:55:58 - [MESSAGE][PASSED] - com.reusableComponent.HighlightElement.run is PASSED

2023-07-12 21:55:58 - [TEST_STEP][PASSED] - com.reusableComponent.HighlightElement.run(findTestObject("Bank/Bank List/th_Action")): com.reusableComponent.HighlightElement.run is PASSED

2023-07-12 21:55:59 - [MESSAGE][PASSED] - com.reusableComponent.HighlightElement.run is PASSED

2023-07-12 21:55:59 - [TEST_STEP][PASSED] - com.reusableComponent.HighlightElement.run(findTestObject("Bank/Bank List/table_Account Name")): com.reusableComponent.HighlightElement.run is PASSED

2023-07-12 21:55:59 - [MESSAGE][PASSED] - com.reusableComponent.HighlightElement.run is PASSED

2023-07-12 21:55:59 - [TEST_STEP][PASSED] - verifyElementVisible(findTestObject("Bank/Bank List/th_Account Name")): Object 'Object Repository/Bank/Bank List/th_Account Name' is visible

2023-07-12 21:56:00 - [MESSAGE][PASSED] - Object 'Object Repository/Bank/Bank List/th_Account Name' is visible

2023-07-12 21:56:00 - [TEST_STEP][PASSED] - verifyElementVisible(findTestObject("Bank/Bank List/th_Account Number")): Object 'Object Repository/Bank/Bank List/th_Account Number' is visible

2023-07-12 21:56:00 - [MESSAGE][PASSED] - Object 'Object Repository/Bank/Bank List/th_Account Number' is visible

2023-07-12 21:56:00 - [TEST_STEP][PASSED] - verifyElementVisible(findTestObject("Bank/Bank List/th_Bank Info")): Object 'Object Repository/Bank/Bank List/th_Bank Info' is visible

2023-07-12 21:56:01 - [MESSAGE][PASSED] - Object 'Object Repository/Bank/Bank List/th_Bank Info' is visible

2023-07-12 21:56:01 - [TEST_STEP][PASSED] - verifyElementVisible(findTestObject("Bank/Bank List/th_Bank Name")): Object 'Object Repository/Bank/Bank List/th_Bank Name' is visible

2023-07-12 21:56:01 - [MESSAGE][PASSED] - Object 'Object Repository/Bank/Bank List/th_Bank Name' is visible

2023-07-12 21:56:01 - [TEST_STEP][PASSED] - verifyElementVisible(findTestObject("Bank/Bank List/th_Current Balance")): Object 'Object Repository/Bank/Bank List/th_Current Balance' is visible

2023-07-12 21:56:01 - [MESSAGE][PASSED] - Object 'Object Repository/Bank/Bank List/th_Current Balance' is visible

2023-07-12 21:56:01 - [TEST_STEP][PASSED] - verifyElementVisible(findTestObject("Bank/Bank List/th_Wallet Last Update")): Object 'Object Repository/Bank/Bank List/th_Wallet Last Update' is visible

2023-07-12 21:56:02 - [MESSAGE][PASSED] - Object 'Object Repository/Bank/Bank List/th_Wallet Last Update' is visible

2023-07-12 21:56:02 - [TEST_STEP][PASSED] - verifyElementVisible(findTestObject("Bank/Bank List/th_VIP")): Object 'Object Repository/Bank/Bank List/th_VIP' is visible

2023-07-12 21:56:02 - [MESSAGE][PASSED] - Object 'Object Repository/Bank/Bank List/th_VIP' is visible

2023-07-12 21:56:02 - [TEST_STEP][PASSED] - verifyElementVisible(findTestObject("Bank/Bank List/th_Action")): Object 'Object Repository/Bank/Bank List/th_Action' is visible

2023-07-12 21:56:03 - [MESSAGE][PASSED] - Object 'Object Repository/Bank/Bank List/th_Action' is visible

2023-07-12 21:56:03 - [TEST_STEP][PASSED] - verifyElementVisible(findTestObject("Bank/Bank List/table_Account Name")): Object 'Object Repository/Bank/Bank List/table_Account Name' is visible

2023-07-12 21:56:03 - [MESSAGE][PASSED] - Object 'Object Repository/Bank/Bank List/table_Account Name' is visible

2023-07-12 21:56:03 - [TEST_STEP][PASSED] - com.reusableComponent.HighlightElement.run(findTestObject("Bank/Bank List/li_Previous")): com.reusableComponent.HighlightElement.run is PASSED

2023-07-12 21:56:04 - [MESSAGE][PASSED] - com.reusableComponent.HighlightElement.run is PASSED

2023-07-12 21:56:04 - [TEST_STEP][PASSED] - com.reusableComponent.HighlightElement.run(findTestObject("Bank/Bank List/a_Next")): com.reusableComponent.HighlightElement.run is PASSED

2023-07-12 21:56:04 - [MESSAGE][PASSED] - com.reusableComponent.HighlightElement.run is PASSED

2023-07-12 21:56:04 - [TEST_STEP][PASSED] - verifyElementVisible(findTestObject("Bank/Bank List/li_Previous")): Object 'Object Repository/Bank/Bank List/li_Previous' is visible

2023-07-12 21:56:04 - [MESSAGE][PASSED] - Object 'Object Repository/Bank/Bank List/li_Previous' is visible

2023-07-12 21:56:04 - [TEST_STEP][PASSED] - verifyElementVisible(findTestObject("Bank/Bank List/a_Next")): Object 'Object Repository/Bank/Bank List/a_Next' is visible

2023-07-12 21:56:05 - [MESSAGE][PASSED] - Object 'Object Repository/Bank/Bank List/a_Next' is visible]]></system-out>
         <system-err><![CDATA[]]></system-err>
      </testcase>
      <testcase name="Test Cases/Bank/List IDR" time="23.688" classname="Test Cases/Bank/List IDR" status="PASSED">
         <system-out><![CDATA[2023-07-12 21:56:05 - [TEST_CASE][PASSED] - Test Cases/Bank/List IDR: Test Cases/Bank/List IDR

2023-07-12 21:56:05 - [TEST_STEP][PASSED] - com.reusableComponent.HighlightElement.run(findTestObject("Bank/Page_Dashboard/span_Bank")): com.reusableComponent.HighlightElement.run is PASSED

2023-07-12 21:56:06 - [MESSAGE][PASSED] - com.reusableComponent.HighlightElement.run is PASSED

2023-07-12 21:56:06 - [TEST_STEP][PASSED] - mouseOver(findTestObject("Bank/Page_Dashboard/span_Bank")): Object: 'Object Repository/Bank/Page_Dashboard/span_Bank' is hovered

2023-07-12 21:56:06 - [MESSAGE][PASSED] - Object: 'Object Repository/Bank/Page_Dashboard/span_Bank' is hovered

2023-07-12 21:56:06 - [TEST_STEP][PASSED] - com.reusableComponent.HighlightElement.run(findTestObject("Bank/Page_Dashboard/span_List")): com.reusableComponent.HighlightElement.run is PASSED

2023-07-12 21:56:07 - [MESSAGE][PASSED] - com.reusableComponent.HighlightElement.run is PASSED

2023-07-12 21:56:07 - [TEST_STEP][PASSED] - mouseOver(findTestObject("Bank/Page_Dashboard/span_List")): Object: 'Object Repository/Bank/Page_Dashboard/span_List' is hovered

2023-07-12 21:56:07 - [MESSAGE][PASSED] - Object: 'Object Repository/Bank/Page_Dashboard/span_List' is hovered

2023-07-12 21:56:07 - [TEST_STEP][PASSED] - com.reusableComponent.HighlightElement.run(findTestObject("Bank/Bank List/span_IDR")): com.reusableComponent.HighlightElement.run is PASSED

2023-07-12 21:56:08 - [MESSAGE][PASSED] - com.reusableComponent.HighlightElement.run is PASSED

2023-07-12 21:56:08 - [TEST_STEP][PASSED] - mouseOver(findTestObject("Bank/Bank List/span_IDR")): Object: 'Object Repository/Bank/Bank List/span_IDR' is hovered

2023-07-12 21:56:08 - [MESSAGE][PASSED] - Object: 'Object Repository/Bank/Bank List/span_IDR' is hovered

2023-07-12 21:56:08 - [TEST_STEP][PASSED] - click(findTestObject("Bank/Bank List/span_IDR")): Object: 'Object Repository/Bank/Bank List/span_IDR' is clicked on

2023-07-12 21:56:11 - [MESSAGE][PASSED] - Object: 'Object Repository/Bank/Bank List/span_IDR' is clicked on

2023-07-12 21:56:11 - [TEST_STEP][PASSED] - com.reusableComponent.HighlightElement.run(findTestObject("Bank/Bank List/h3_Edit")): com.reusableComponent.HighlightElement.run is PASSED

2023-07-12 21:56:12 - [MESSAGE][PASSED] - com.reusableComponent.HighlightElement.run is PASSED

2023-07-12 21:56:12 - [TEST_STEP][PASSED] - com.reusableComponent.HighlightElement.run(findTestObject("Bank/Bank List/button_Add")): com.reusableComponent.HighlightElement.run is PASSED

2023-07-12 21:56:13 - [MESSAGE][PASSED] - com.reusableComponent.HighlightElement.run is PASSED

2023-07-12 21:56:13 - [TEST_STEP][PASSED] - verifyElementVisible(findTestObject("Bank/Bank List/h3_Edit")): Object 'Object Repository/Bank/Bank List/h3_Edit' is visible

2023-07-12 21:56:13 - [MESSAGE][PASSED] - Object 'Object Repository/Bank/Bank List/h3_Edit' is visible

2023-07-12 21:56:13 - [TEST_STEP][PASSED] - verifyElementVisible(findTestObject("Bank/Bank List/button_Add")): Object 'Object Repository/Bank/Bank List/button_Add' is visible

2023-07-12 21:56:14 - [MESSAGE][PASSED] - Object 'Object Repository/Bank/Bank List/button_Add' is visible

2023-07-12 21:56:14 - [TEST_STEP][PASSED] - com.reusableComponent.HighlightElement.run(findTestObject("Bank/Bank List/select_102550100")): com.reusableComponent.HighlightElement.run is PASSED

2023-07-12 21:56:14 - [MESSAGE][PASSED] - com.reusableComponent.HighlightElement.run is PASSED

2023-07-12 21:56:14 - [TEST_STEP][PASSED] - com.reusableComponent.HighlightElement.run(findTestObject("Bank/Bank List/span_Copy")): com.reusableComponent.HighlightElement.run is PASSED

2023-07-12 21:56:14 - [MESSAGE][PASSED] - com.reusableComponent.HighlightElement.run is PASSED

2023-07-12 21:56:14 - [TEST_STEP][PASSED] - com.reusableComponent.HighlightElement.run(findTestObject("Bank/Bank List/span_CSV")): com.reusableComponent.HighlightElement.run is PASSED

2023-07-12 21:56:15 - [MESSAGE][PASSED] - com.reusableComponent.HighlightElement.run is PASSED

2023-07-12 21:56:15 - [TEST_STEP][PASSED] - com.reusableComponent.HighlightElement.run(findTestObject("Bank/Bank List/span_Excel")): com.reusableComponent.HighlightElement.run is PASSED

2023-07-12 21:56:16 - [MESSAGE][PASSED] - com.reusableComponent.HighlightElement.run is PASSED

2023-07-12 21:56:16 - [TEST_STEP][PASSED] - com.reusableComponent.HighlightElement.run(findTestObject("Bank/Bank List/span_PDF")): com.reusableComponent.HighlightElement.run is PASSED

2023-07-12 21:56:16 - [MESSAGE][PASSED] - com.reusableComponent.HighlightElement.run is PASSED

2023-07-12 21:56:16 - [TEST_STEP][PASSED] - com.reusableComponent.HighlightElement.run(findTestObject("Bank/Bank List/input_Search_form-control form-control-sm")): com.reusableComponent.HighlightElement.run is PASSED

2023-07-12 21:56:17 - [MESSAGE][PASSED] - com.reusableComponent.HighlightElement.run is PASSED

2023-07-12 21:56:17 - [TEST_STEP][PASSED] - verifyElementVisible(findTestObject("Bank/Bank List/select_102550100")): Object 'Object Repository/Bank/Bank List/select_102550100' is visible

2023-07-12 21:56:17 - [MESSAGE][PASSED] - Object 'Object Repository/Bank/Bank List/select_102550100' is visible

2023-07-12 21:56:17 - [TEST_STEP][PASSED] - verifyElementVisible(findTestObject("Bank/Bank List/span_Copy")): Object 'Object Repository/Bank/Bank List/span_Copy' is visible

2023-07-12 21:56:17 - [MESSAGE][PASSED] - Object 'Object Repository/Bank/Bank List/span_Copy' is visible

2023-07-12 21:56:17 - [TEST_STEP][PASSED] - verifyElementVisible(findTestObject("Bank/Bank List/span_CSV")): Object 'Object Repository/Bank/Bank List/span_CSV' is visible

2023-07-12 21:56:18 - [MESSAGE][PASSED] - Object 'Object Repository/Bank/Bank List/span_CSV' is visible

2023-07-12 21:56:18 - [TEST_STEP][PASSED] - verifyElementVisible(findTestObject("Bank/Bank List/span_Excel")): Object 'Object Repository/Bank/Bank List/span_Excel' is visible

2023-07-12 21:56:18 - [MESSAGE][PASSED] - Object 'Object Repository/Bank/Bank List/span_Excel' is visible

2023-07-12 21:56:18 - [TEST_STEP][PASSED] - verifyElementVisible(findTestObject("Bank/Bank List/span_PDF")): Object 'Object Repository/Bank/Bank List/span_PDF' is visible

2023-07-12 21:56:19 - [MESSAGE][PASSED] - Object 'Object Repository/Bank/Bank List/span_PDF' is visible

2023-07-12 21:56:19 - [TEST_STEP][PASSED] - verifyElementVisible(findTestObject("Bank/Bank List/input_Search_form-control form-control-sm")): Object 'Object Repository/Bank/Bank List/input_Search_form-control form-control-sm' is visible

2023-07-12 21:56:19 - [MESSAGE][PASSED] - Object 'Object Repository/Bank/Bank List/input_Search_form-control form-control-sm' is visible

2023-07-12 21:56:19 - [TEST_STEP][PASSED] - com.reusableComponent.HighlightElement.run(findTestObject("Bank/Bank List/th_Account Name")): com.reusableComponent.HighlightElement.run is PASSED

2023-07-12 21:56:19 - [MESSAGE][PASSED] - com.reusableComponent.HighlightElement.run is PASSED

2023-07-12 21:56:19 - [TEST_STEP][PASSED] - com.reusableComponent.HighlightElement.run(findTestObject("Bank/Bank List/th_Account Number")): com.reusableComponent.HighlightElement.run is PASSED

2023-07-12 21:56:20 - [MESSAGE][PASSED] - com.reusableComponent.HighlightElement.run is PASSED

2023-07-12 21:56:20 - [TEST_STEP][PASSED] - com.reusableComponent.HighlightElement.run(findTestObject("Bank/Bank List/th_Bank Info")): com.reusableComponent.HighlightElement.run is PASSED

2023-07-12 21:56:20 - [MESSAGE][PASSED] - com.reusableComponent.HighlightElement.run is PASSED

2023-07-12 21:56:20 - [TEST_STEP][PASSED] - com.reusableComponent.HighlightElement.run(findTestObject("Bank/Bank List/th_Bank Name")): com.reusableComponent.HighlightElement.run is PASSED

2023-07-12 21:56:21 - [MESSAGE][PASSED] - com.reusableComponent.HighlightElement.run is PASSED

2023-07-12 21:56:21 - [TEST_STEP][PASSED] - com.reusableComponent.HighlightElement.run(findTestObject("Bank/Bank List/th_Current Balance")): com.reusableComponent.HighlightElement.run is PASSED

2023-07-12 21:56:21 - [MESSAGE][PASSED] - com.reusableComponent.HighlightElement.run is PASSED

2023-07-12 21:56:21 - [TEST_STEP][PASSED] - com.reusableComponent.HighlightElement.run(findTestObject("Bank/Bank List/th_Wallet Last Update")): com.reusableComponent.HighlightElement.run is PASSED

2023-07-12 21:56:22 - [MESSAGE][PASSED] - com.reusableComponent.HighlightElement.run is PASSED

2023-07-12 21:56:22 - [TEST_STEP][PASSED] - com.reusableComponent.HighlightElement.run(findTestObject("Bank/Bank List/th_VIP")): com.reusableComponent.HighlightElement.run is PASSED

2023-07-12 21:56:22 - [MESSAGE][PASSED] - com.reusableComponent.HighlightElement.run is PASSED

2023-07-12 21:56:22 - [TEST_STEP][PASSED] - com.reusableComponent.HighlightElement.run(findTestObject("Bank/Bank List/th_Action")): com.reusableComponent.HighlightElement.run is PASSED

2023-07-12 21:56:22 - [MESSAGE][PASSED] - com.reusableComponent.HighlightElement.run is PASSED

2023-07-12 21:56:22 - [TEST_STEP][PASSED] - com.reusableComponent.HighlightElement.run(findTestObject("Bank/Bank List/table_Account Name")): com.reusableComponent.HighlightElement.run is PASSED

2023-07-12 21:56:23 - [MESSAGE][PASSED] - com.reusableComponent.HighlightElement.run is PASSED

2023-07-12 21:56:23 - [TEST_STEP][PASSED] - verifyElementVisible(findTestObject("Bank/Bank List/th_Account Name")): Object 'Object Repository/Bank/Bank List/th_Account Name' is visible

2023-07-12 21:56:23 - [MESSAGE][PASSED] - Object 'Object Repository/Bank/Bank List/th_Account Name' is visible

2023-07-12 21:56:23 - [TEST_STEP][PASSED] - verifyElementVisible(findTestObject("Bank/Bank List/th_Account Number")): Object 'Object Repository/Bank/Bank List/th_Account Number' is visible

2023-07-12 21:56:24 - [MESSAGE][PASSED] - Object 'Object Repository/Bank/Bank List/th_Account Number' is visible

2023-07-12 21:56:24 - [TEST_STEP][PASSED] - verifyElementVisible(findTestObject("Bank/Bank List/th_Bank Info")): Object 'Object Repository/Bank/Bank List/th_Bank Info' is visible

2023-07-12 21:56:24 - [MESSAGE][PASSED] - Object 'Object Repository/Bank/Bank List/th_Bank Info' is visible

2023-07-12 21:56:24 - [TEST_STEP][PASSED] - verifyElementVisible(findTestObject("Bank/Bank List/th_Bank Name")): Object 'Object Repository/Bank/Bank List/th_Bank Name' is visible

2023-07-12 21:56:25 - [MESSAGE][PASSED] - Object 'Object Repository/Bank/Bank List/th_Bank Name' is visible

2023-07-12 21:56:25 - [TEST_STEP][PASSED] - verifyElementVisible(findTestObject("Bank/Bank List/th_Current Balance")): Object 'Object Repository/Bank/Bank List/th_Current Balance' is visible

2023-07-12 21:56:25 - [MESSAGE][PASSED] - Object 'Object Repository/Bank/Bank List/th_Current Balance' is visible

2023-07-12 21:56:25 - [TEST_STEP][PASSED] - verifyElementVisible(findTestObject("Bank/Bank List/th_Wallet Last Update")): Object 'Object Repository/Bank/Bank List/th_Wallet Last Update' is visible

2023-07-12 21:56:25 - [MESSAGE][PASSED] - Object 'Object Repository/Bank/Bank List/th_Wallet Last Update' is visible

2023-07-12 21:56:25 - [TEST_STEP][PASSED] - verifyElementVisible(findTestObject("Bank/Bank List/th_VIP")): Object 'Object Repository/Bank/Bank List/th_VIP' is visible

2023-07-12 21:56:26 - [MESSAGE][PASSED] - Object 'Object Repository/Bank/Bank List/th_VIP' is visible

2023-07-12 21:56:26 - [TEST_STEP][PASSED] - verifyElementVisible(findTestObject("Bank/Bank List/th_Action")): Object 'Object Repository/Bank/Bank List/th_Action' is visible

2023-07-12 21:56:26 - [MESSAGE][PASSED] - Object 'Object Repository/Bank/Bank List/th_Action' is visible

2023-07-12 21:56:26 - [TEST_STEP][PASSED] - verifyElementVisible(findTestObject("Bank/Bank List/table_Account Name")): Object 'Object Repository/Bank/Bank List/table_Account Name' is visible

2023-07-12 21:56:27 - [MESSAGE][PASSED] - Object 'Object Repository/Bank/Bank List/table_Account Name' is visible

2023-07-12 21:56:27 - [TEST_STEP][PASSED] - com.reusableComponent.HighlightElement.run(findTestObject("Bank/Bank List/li_Previous")): com.reusableComponent.HighlightElement.run is PASSED

2023-07-12 21:56:27 - [MESSAGE][PASSED] - com.reusableComponent.HighlightElement.run is PASSED

2023-07-12 21:56:27 - [TEST_STEP][PASSED] - com.reusableComponent.HighlightElement.run(findTestObject("Bank/Bank List/a_Next")): com.reusableComponent.HighlightElement.run is PASSED

2023-07-12 21:56:28 - [MESSAGE][PASSED] - com.reusableComponent.HighlightElement.run is PASSED

2023-07-12 21:56:28 - [TEST_STEP][PASSED] - verifyElementVisible(findTestObject("Bank/Bank List/li_Previous")): Object 'Object Repository/Bank/Bank List/li_Previous' is visible

2023-07-12 21:56:28 - [MESSAGE][PASSED] - Object 'Object Repository/Bank/Bank List/li_Previous' is visible

2023-07-12 21:56:28 - [TEST_STEP][PASSED] - verifyElementVisible(findTestObject("Bank/Bank List/a_Next")): Object 'Object Repository/Bank/Bank List/a_Next' is visible

2023-07-12 21:56:28 - [MESSAGE][PASSED] - Object 'Object Repository/Bank/Bank List/a_Next' is visible]]></system-out>
         <system-err><![CDATA[]]></system-err>
      </testcase>
      <testcase name="Test Cases/Bank/List MMK" time="23.173" classname="Test Cases/Bank/List MMK" status="PASSED">
         <system-out><![CDATA[2023-07-12 21:56:28 - [TEST_CASE][PASSED] - Test Cases/Bank/List MMK: Test Cases/Bank/List MMK

2023-07-12 21:56:29 - [TEST_STEP][PASSED] - com.reusableComponent.HighlightElement.run(findTestObject("Bank/Page_Dashboard/span_Bank")): com.reusableComponent.HighlightElement.run is PASSED

2023-07-12 21:56:29 - [MESSAGE][PASSED] - com.reusableComponent.HighlightElement.run is PASSED

2023-07-12 21:56:29 - [TEST_STEP][PASSED] - mouseOver(findTestObject("Bank/Page_Dashboard/span_Bank")): Object: 'Object Repository/Bank/Page_Dashboard/span_Bank' is hovered

2023-07-12 21:56:30 - [MESSAGE][PASSED] - Object: 'Object Repository/Bank/Page_Dashboard/span_Bank' is hovered

2023-07-12 21:56:30 - [TEST_STEP][PASSED] - com.reusableComponent.HighlightElement.run(findTestObject("Bank/Page_Dashboard/span_List")): com.reusableComponent.HighlightElement.run is PASSED

2023-07-12 21:56:30 - [MESSAGE][PASSED] - com.reusableComponent.HighlightElement.run is PASSED

2023-07-12 21:56:30 - [TEST_STEP][PASSED] - mouseOver(findTestObject("Bank/Page_Dashboard/span_List")): Object: 'Object Repository/Bank/Page_Dashboard/span_List' is hovered

2023-07-12 21:56:31 - [MESSAGE][PASSED] - Object: 'Object Repository/Bank/Page_Dashboard/span_List' is hovered

2023-07-12 21:56:31 - [TEST_STEP][PASSED] - com.reusableComponent.HighlightElement.run(findTestObject("Bank/Bank List/span_MMK")): com.reusableComponent.HighlightElement.run is PASSED

2023-07-12 21:56:31 - [MESSAGE][PASSED] - com.reusableComponent.HighlightElement.run is PASSED

2023-07-12 21:56:31 - [TEST_STEP][PASSED] - mouseOver(findTestObject("Bank/Bank List/span_MMK")): Object: 'Object Repository/Bank/Bank List/span_MMK' is hovered

2023-07-12 21:56:32 - [MESSAGE][PASSED] - Object: 'Object Repository/Bank/Bank List/span_MMK' is hovered

2023-07-12 21:56:32 - [TEST_STEP][PASSED] - click(findTestObject("Bank/Bank List/span_MMK")): Object: 'Object Repository/Bank/Bank List/span_MMK' is clicked on

2023-07-12 21:56:35 - [MESSAGE][PASSED] - Object: 'Object Repository/Bank/Bank List/span_MMK' is clicked on

2023-07-12 21:56:35 - [TEST_STEP][PASSED] - com.reusableComponent.HighlightElement.run(findTestObject("Bank/Bank List/h3_Edit")): com.reusableComponent.HighlightElement.run is PASSED

2023-07-12 21:56:36 - [MESSAGE][PASSED] - com.reusableComponent.HighlightElement.run is PASSED

2023-07-12 21:56:36 - [TEST_STEP][PASSED] - com.reusableComponent.HighlightElement.run(findTestObject("Bank/Bank List/button_Add")): com.reusableComponent.HighlightElement.run is PASSED

2023-07-12 21:56:36 - [MESSAGE][PASSED] - com.reusableComponent.HighlightElement.run is PASSED

2023-07-12 21:56:36 - [TEST_STEP][PASSED] - verifyElementVisible(findTestObject("Bank/Bank List/h3_Edit")): Object 'Object Repository/Bank/Bank List/h3_Edit' is visible

2023-07-12 21:56:36 - [MESSAGE][PASSED] - Object 'Object Repository/Bank/Bank List/h3_Edit' is visible

2023-07-12 21:56:36 - [TEST_STEP][PASSED] - verifyElementVisible(findTestObject("Bank/Bank List/button_Add")): Object 'Object Repository/Bank/Bank List/button_Add' is visible

2023-07-12 21:56:37 - [MESSAGE][PASSED] - Object 'Object Repository/Bank/Bank List/button_Add' is visible

2023-07-12 21:56:37 - [TEST_STEP][PASSED] - com.reusableComponent.HighlightElement.run(findTestObject("Bank/Bank List/select_102550100")): com.reusableComponent.HighlightElement.run is PASSED

2023-07-12 21:56:37 - [MESSAGE][PASSED] - com.reusableComponent.HighlightElement.run is PASSED

2023-07-12 21:56:37 - [TEST_STEP][PASSED] - com.reusableComponent.HighlightElement.run(findTestObject("Bank/Bank List/span_Copy")): com.reusableComponent.HighlightElement.run is PASSED

2023-07-12 21:56:38 - [MESSAGE][PASSED] - com.reusableComponent.HighlightElement.run is PASSED

2023-07-12 21:56:38 - [TEST_STEP][PASSED] - com.reusableComponent.HighlightElement.run(findTestObject("Bank/Bank List/span_CSV")): com.reusableComponent.HighlightElement.run is PASSED

2023-07-12 21:56:38 - [MESSAGE][PASSED] - com.reusableComponent.HighlightElement.run is PASSED

2023-07-12 21:56:38 - [TEST_STEP][PASSED] - com.reusableComponent.HighlightElement.run(findTestObject("Bank/Bank List/span_Excel")): com.reusableComponent.HighlightElement.run is PASSED

2023-07-12 21:56:39 - [MESSAGE][PASSED] - com.reusableComponent.HighlightElement.run is PASSED

2023-07-12 21:56:39 - [TEST_STEP][PASSED] - com.reusableComponent.HighlightElement.run(findTestObject("Bank/Bank List/span_PDF")): com.reusableComponent.HighlightElement.run is PASSED

2023-07-12 21:56:39 - [MESSAGE][PASSED] - com.reusableComponent.HighlightElement.run is PASSED

2023-07-12 21:56:39 - [TEST_STEP][PASSED] - com.reusableComponent.HighlightElement.run(findTestObject("Bank/Bank List/input_Search_form-control form-control-sm")): com.reusableComponent.HighlightElement.run is PASSED

2023-07-12 21:56:40 - [MESSAGE][PASSED] - com.reusableComponent.HighlightElement.run is PASSED

2023-07-12 21:56:40 - [TEST_STEP][PASSED] - verifyElementVisible(findTestObject("Bank/Bank List/select_102550100")): Object 'Object Repository/Bank/Bank List/select_102550100' is visible

2023-07-12 21:56:40 - [MESSAGE][PASSED] - Object 'Object Repository/Bank/Bank List/select_102550100' is visible

2023-07-12 21:56:40 - [TEST_STEP][PASSED] - verifyElementVisible(findTestObject("Bank/Bank List/span_Copy")): Object 'Object Repository/Bank/Bank List/span_Copy' is visible

2023-07-12 21:56:41 - [MESSAGE][PASSED] - Object 'Object Repository/Bank/Bank List/span_Copy' is visible

2023-07-12 21:56:41 - [TEST_STEP][PASSED] - verifyElementVisible(findTestObject("Bank/Bank List/span_CSV")): Object 'Object Repository/Bank/Bank List/span_CSV' is visible

2023-07-12 21:56:41 - [MESSAGE][PASSED] - Object 'Object Repository/Bank/Bank List/span_CSV' is visible

2023-07-12 21:56:41 - [TEST_STEP][PASSED] - verifyElementVisible(findTestObject("Bank/Bank List/span_Excel")): Object 'Object Repository/Bank/Bank List/span_Excel' is visible

2023-07-12 21:56:41 - [MESSAGE][PASSED] - Object 'Object Repository/Bank/Bank List/span_Excel' is visible

2023-07-12 21:56:41 - [TEST_STEP][PASSED] - verifyElementVisible(findTestObject("Bank/Bank List/span_PDF")): Object 'Object Repository/Bank/Bank List/span_PDF' is visible

2023-07-12 21:56:42 - [MESSAGE][PASSED] - Object 'Object Repository/Bank/Bank List/span_PDF' is visible

2023-07-12 21:56:42 - [TEST_STEP][PASSED] - verifyElementVisible(findTestObject("Bank/Bank List/input_Search_form-control form-control-sm")): Object 'Object Repository/Bank/Bank List/input_Search_form-control form-control-sm' is visible

2023-07-12 21:56:42 - [MESSAGE][PASSED] - Object 'Object Repository/Bank/Bank List/input_Search_form-control form-control-sm' is visible

2023-07-12 21:56:42 - [TEST_STEP][PASSED] - com.reusableComponent.HighlightElement.run(findTestObject("Bank/Bank List/th_Account Name")): com.reusableComponent.HighlightElement.run is PASSED

2023-07-12 21:56:43 - [MESSAGE][PASSED] - com.reusableComponent.HighlightElement.run is PASSED

2023-07-12 21:56:43 - [TEST_STEP][PASSED] - com.reusableComponent.HighlightElement.run(findTestObject("Bank/Bank List/th_Account Number")): com.reusableComponent.HighlightElement.run is PASSED

2023-07-12 21:56:43 - [MESSAGE][PASSED] - com.reusableComponent.HighlightElement.run is PASSED

2023-07-12 21:56:43 - [TEST_STEP][PASSED] - com.reusableComponent.HighlightElement.run(findTestObject("Bank/Bank List/th_Bank Info")): com.reusableComponent.HighlightElement.run is PASSED

2023-07-12 21:56:44 - [MESSAGE][PASSED] - com.reusableComponent.HighlightElement.run is PASSED

2023-07-12 21:56:44 - [TEST_STEP][PASSED] - com.reusableComponent.HighlightElement.run(findTestObject("Bank/Bank List/th_Bank Name")): com.reusableComponent.HighlightElement.run is PASSED

2023-07-12 21:56:44 - [MESSAGE][PASSED] - com.reusableComponent.HighlightElement.run is PASSED

2023-07-12 21:56:44 - [TEST_STEP][PASSED] - com.reusableComponent.HighlightElement.run(findTestObject("Bank/Bank List/th_Current Balance")): com.reusableComponent.HighlightElement.run is PASSED

2023-07-12 21:56:44 - [MESSAGE][PASSED] - com.reusableComponent.HighlightElement.run is PASSED

2023-07-12 21:56:44 - [TEST_STEP][PASSED] - com.reusableComponent.HighlightElement.run(findTestObject("Bank/Bank List/th_Wallet Last Update")): com.reusableComponent.HighlightElement.run is PASSED

2023-07-12 21:56:45 - [MESSAGE][PASSED] - com.reusableComponent.HighlightElement.run is PASSED

2023-07-12 21:56:45 - [TEST_STEP][PASSED] - com.reusableComponent.HighlightElement.run(findTestObject("Bank/Bank List/th_VIP")): com.reusableComponent.HighlightElement.run is PASSED

2023-07-12 21:56:45 - [MESSAGE][PASSED] - com.reusableComponent.HighlightElement.run is PASSED

2023-07-12 21:56:45 - [TEST_STEP][PASSED] - com.reusableComponent.HighlightElement.run(findTestObject("Bank/Bank List/th_Action")): com.reusableComponent.HighlightElement.run is PASSED

2023-07-12 21:56:46 - [MESSAGE][PASSED] - com.reusableComponent.HighlightElement.run is PASSED

2023-07-12 21:56:46 - [TEST_STEP][PASSED] - com.reusableComponent.HighlightElement.run(findTestObject("Bank/Bank List/table_Account Name")): com.reusableComponent.HighlightElement.run is PASSED

2023-07-12 21:56:46 - [MESSAGE][PASSED] - com.reusableComponent.HighlightElement.run is PASSED

2023-07-12 21:56:46 - [TEST_STEP][PASSED] - verifyElementVisible(findTestObject("Bank/Bank List/th_Account Name")): Object 'Object Repository/Bank/Bank List/th_Account Name' is visible

2023-07-12 21:56:47 - [MESSAGE][PASSED] - Object 'Object Repository/Bank/Bank List/th_Account Name' is visible

2023-07-12 21:56:47 - [TEST_STEP][PASSED] - verifyElementVisible(findTestObject("Bank/Bank List/th_Account Number")): Object 'Object Repository/Bank/Bank List/th_Account Number' is visible

2023-07-12 21:56:47 - [MESSAGE][PASSED] - Object 'Object Repository/Bank/Bank List/th_Account Number' is visible

2023-07-12 21:56:47 - [TEST_STEP][PASSED] - verifyElementVisible(findTestObject("Bank/Bank List/th_Bank Info")): Object 'Object Repository/Bank/Bank List/th_Bank Info' is visible

2023-07-12 21:56:47 - [MESSAGE][PASSED] - Object 'Object Repository/Bank/Bank List/th_Bank Info' is visible

2023-07-12 21:56:47 - [TEST_STEP][PASSED] - verifyElementVisible(findTestObject("Bank/Bank List/th_Bank Name")): Object 'Object Repository/Bank/Bank List/th_Bank Name' is visible

2023-07-12 21:56:48 - [MESSAGE][PASSED] - Object 'Object Repository/Bank/Bank List/th_Bank Name' is visible

2023-07-12 21:56:48 - [TEST_STEP][PASSED] - verifyElementVisible(findTestObject("Bank/Bank List/th_Current Balance")): Object 'Object Repository/Bank/Bank List/th_Current Balance' is visible

2023-07-12 21:56:48 - [MESSAGE][PASSED] - Object 'Object Repository/Bank/Bank List/th_Current Balance' is visible

2023-07-12 21:56:48 - [TEST_STEP][PASSED] - verifyElementVisible(findTestObject("Bank/Bank List/th_Wallet Last Update")): Object 'Object Repository/Bank/Bank List/th_Wallet Last Update' is visible

2023-07-12 21:56:49 - [MESSAGE][PASSED] - Object 'Object Repository/Bank/Bank List/th_Wallet Last Update' is visible

2023-07-12 21:56:49 - [TEST_STEP][PASSED] - verifyElementVisible(findTestObject("Bank/Bank List/th_VIP")): Object 'Object Repository/Bank/Bank List/th_VIP' is visible

2023-07-12 21:56:49 - [MESSAGE][PASSED] - Object 'Object Repository/Bank/Bank List/th_VIP' is visible

2023-07-12 21:56:49 - [TEST_STEP][PASSED] - verifyElementVisible(findTestObject("Bank/Bank List/th_Action")): Object 'Object Repository/Bank/Bank List/th_Action' is visible

2023-07-12 21:56:49 - [MESSAGE][PASSED] - Object 'Object Repository/Bank/Bank List/th_Action' is visible

2023-07-12 21:56:49 - [TEST_STEP][PASSED] - verifyElementVisible(findTestObject("Bank/Bank List/table_Account Name")): Object 'Object Repository/Bank/Bank List/table_Account Name' is visible

2023-07-12 21:56:50 - [MESSAGE][PASSED] - Object 'Object Repository/Bank/Bank List/table_Account Name' is visible

2023-07-12 21:56:50 - [TEST_STEP][PASSED] - com.reusableComponent.HighlightElement.run(findTestObject("Bank/Bank List/li_Previous")): com.reusableComponent.HighlightElement.run is PASSED

2023-07-12 21:56:50 - [MESSAGE][PASSED] - com.reusableComponent.HighlightElement.run is PASSED

2023-07-12 21:56:50 - [TEST_STEP][PASSED] - com.reusableComponent.HighlightElement.run(findTestObject("Bank/Bank List/a_Next")): com.reusableComponent.HighlightElement.run is PASSED

2023-07-12 21:56:51 - [MESSAGE][PASSED] - com.reusableComponent.HighlightElement.run is PASSED

2023-07-12 21:56:51 - [TEST_STEP][PASSED] - verifyElementVisible(findTestObject("Bank/Bank List/li_Previous")): Object 'Object Repository/Bank/Bank List/li_Previous' is visible

2023-07-12 21:56:51 - [MESSAGE][PASSED] - Object 'Object Repository/Bank/Bank List/li_Previous' is visible

2023-07-12 21:56:51 - [TEST_STEP][PASSED] - verifyElementVisible(findTestObject("Bank/Bank List/a_Next")): Object 'Object Repository/Bank/Bank List/a_Next' is visible

2023-07-12 21:56:52 - [MESSAGE][PASSED] - Object 'Object Repository/Bank/Bank List/a_Next' is visible]]></system-out>
         <system-err><![CDATA[]]></system-err>
      </testcase>
      <testcase name="Test Cases/Bank/List RMB" time="22.953" classname="Test Cases/Bank/List RMB" status="PASSED">
         <system-out><![CDATA[2023-07-12 21:56:52 - [TEST_CASE][PASSED] - Test Cases/Bank/List RMB: Test Cases/Bank/List RMB

2023-07-12 21:56:52 - [TEST_STEP][PASSED] - com.reusableComponent.HighlightElement.run(findTestObject("Bank/Page_Dashboard/span_Bank")): com.reusableComponent.HighlightElement.run is PASSED

2023-07-12 21:56:53 - [MESSAGE][PASSED] - com.reusableComponent.HighlightElement.run is PASSED

2023-07-12 21:56:53 - [TEST_STEP][PASSED] - mouseOver(findTestObject("Bank/Page_Dashboard/span_Bank")): Object: 'Object Repository/Bank/Page_Dashboard/span_Bank' is hovered

2023-07-12 21:56:53 - [MESSAGE][PASSED] - Object: 'Object Repository/Bank/Page_Dashboard/span_Bank' is hovered

2023-07-12 21:56:53 - [TEST_STEP][PASSED] - com.reusableComponent.HighlightElement.run(findTestObject("Bank/Page_Dashboard/span_List")): com.reusableComponent.HighlightElement.run is PASSED

2023-07-12 21:56:54 - [MESSAGE][PASSED] - com.reusableComponent.HighlightElement.run is PASSED

2023-07-12 21:56:54 - [TEST_STEP][PASSED] - mouseOver(findTestObject("Bank/Page_Dashboard/span_List")): Object: 'Object Repository/Bank/Page_Dashboard/span_List' is hovered

2023-07-12 21:56:54 - [MESSAGE][PASSED] - Object: 'Object Repository/Bank/Page_Dashboard/span_List' is hovered

2023-07-12 21:56:54 - [TEST_STEP][PASSED] - com.reusableComponent.HighlightElement.run(findTestObject("Bank/Bank List/span_RMB")): com.reusableComponent.HighlightElement.run is PASSED

2023-07-12 21:56:55 - [MESSAGE][PASSED] - com.reusableComponent.HighlightElement.run is PASSED

2023-07-12 21:56:55 - [TEST_STEP][PASSED] - mouseOver(findTestObject("Bank/Bank List/span_RMB")): Object: 'Object Repository/Bank/Bank List/span_RMB' is hovered

2023-07-12 21:56:55 - [MESSAGE][PASSED] - Object: 'Object Repository/Bank/Bank List/span_RMB' is hovered

2023-07-12 21:56:55 - [TEST_STEP][PASSED] - click(findTestObject("Bank/Bank List/span_RMB")): Object: 'Object Repository/Bank/Bank List/span_RMB' is clicked on

2023-07-12 21:56:58 - [MESSAGE][PASSED] - Object: 'Object Repository/Bank/Bank List/span_RMB' is clicked on

2023-07-12 21:56:58 - [TEST_STEP][PASSED] - com.reusableComponent.HighlightElement.run(findTestObject("Bank/Bank List/h3_Edit")): com.reusableComponent.HighlightElement.run is PASSED

2023-07-12 21:56:59 - [MESSAGE][PASSED] - com.reusableComponent.HighlightElement.run is PASSED

2023-07-12 21:56:59 - [TEST_STEP][PASSED] - com.reusableComponent.HighlightElement.run(findTestObject("Bank/Bank List/button_Add")): com.reusableComponent.HighlightElement.run is PASSED

2023-07-12 21:56:59 - [MESSAGE][PASSED] - com.reusableComponent.HighlightElement.run is PASSED

2023-07-12 21:56:59 - [TEST_STEP][PASSED] - verifyElementVisible(findTestObject("Bank/Bank List/h3_Edit")): Object 'Object Repository/Bank/Bank List/h3_Edit' is visible

2023-07-12 21:56:59 - [MESSAGE][PASSED] - Object 'Object Repository/Bank/Bank List/h3_Edit' is visible

2023-07-12 21:56:59 - [TEST_STEP][PASSED] - verifyElementVisible(findTestObject("Bank/Bank List/button_Add")): Object 'Object Repository/Bank/Bank List/button_Add' is visible

2023-07-12 21:57:00 - [MESSAGE][PASSED] - Object 'Object Repository/Bank/Bank List/button_Add' is visible

2023-07-12 21:57:00 - [TEST_STEP][PASSED] - com.reusableComponent.HighlightElement.run(findTestObject("Bank/Bank List/select_102550100")): com.reusableComponent.HighlightElement.run is PASSED

2023-07-12 21:57:00 - [MESSAGE][PASSED] - com.reusableComponent.HighlightElement.run is PASSED

2023-07-12 21:57:00 - [TEST_STEP][PASSED] - com.reusableComponent.HighlightElement.run(findTestObject("Bank/Bank List/span_Copy")): com.reusableComponent.HighlightElement.run is PASSED

2023-07-12 21:57:01 - [MESSAGE][PASSED] - com.reusableComponent.HighlightElement.run is PASSED

2023-07-12 21:57:01 - [TEST_STEP][PASSED] - com.reusableComponent.HighlightElement.run(findTestObject("Bank/Bank List/span_CSV")): com.reusableComponent.HighlightElement.run is PASSED

2023-07-12 21:57:01 - [MESSAGE][PASSED] - com.reusableComponent.HighlightElement.run is PASSED

2023-07-12 21:57:01 - [TEST_STEP][PASSED] - com.reusableComponent.HighlightElement.run(findTestObject("Bank/Bank List/span_Excel")): com.reusableComponent.HighlightElement.run is PASSED

2023-07-12 21:57:02 - [MESSAGE][PASSED] - com.reusableComponent.HighlightElement.run is PASSED

2023-07-12 21:57:02 - [TEST_STEP][PASSED] - com.reusableComponent.HighlightElement.run(findTestObject("Bank/Bank List/span_PDF")): com.reusableComponent.HighlightElement.run is PASSED

2023-07-12 21:57:02 - [MESSAGE][PASSED] - com.reusableComponent.HighlightElement.run is PASSED

2023-07-12 21:57:02 - [TEST_STEP][PASSED] - com.reusableComponent.HighlightElement.run(findTestObject("Bank/Bank List/input_Search_form-control form-control-sm")): com.reusableComponent.HighlightElement.run is PASSED

2023-07-12 21:57:03 - [MESSAGE][PASSED] - com.reusableComponent.HighlightElement.run is PASSED

2023-07-12 21:57:03 - [TEST_STEP][PASSED] - verifyElementVisible(findTestObject("Bank/Bank List/select_102550100")): Object 'Object Repository/Bank/Bank List/select_102550100' is visible

2023-07-12 21:57:03 - [MESSAGE][PASSED] - Object 'Object Repository/Bank/Bank List/select_102550100' is visible

2023-07-12 21:57:03 - [TEST_STEP][PASSED] - verifyElementVisible(findTestObject("Bank/Bank List/span_Copy")): Object 'Object Repository/Bank/Bank List/span_Copy' is visible

2023-07-12 21:57:03 - [MESSAGE][PASSED] - Object 'Object Repository/Bank/Bank List/span_Copy' is visible

2023-07-12 21:57:03 - [TEST_STEP][PASSED] - verifyElementVisible(findTestObject("Bank/Bank List/span_CSV")): Object 'Object Repository/Bank/Bank List/span_CSV' is visible

2023-07-12 21:57:04 - [MESSAGE][PASSED] - Object 'Object Repository/Bank/Bank List/span_CSV' is visible

2023-07-12 21:57:04 - [TEST_STEP][PASSED] - verifyElementVisible(findTestObject("Bank/Bank List/span_Excel")): Object 'Object Repository/Bank/Bank List/span_Excel' is visible

2023-07-12 21:57:04 - [MESSAGE][PASSED] - Object 'Object Repository/Bank/Bank List/span_Excel' is visible

2023-07-12 21:57:04 - [TEST_STEP][PASSED] - verifyElementVisible(findTestObject("Bank/Bank List/span_PDF")): Object 'Object Repository/Bank/Bank List/span_PDF' is visible

2023-07-12 21:57:05 - [MESSAGE][PASSED] - Object 'Object Repository/Bank/Bank List/span_PDF' is visible

2023-07-12 21:57:05 - [TEST_STEP][PASSED] - verifyElementVisible(findTestObject("Bank/Bank List/input_Search_form-control form-control-sm")): Object 'Object Repository/Bank/Bank List/input_Search_form-control form-control-sm' is visible

2023-07-12 21:57:05 - [MESSAGE][PASSED] - Object 'Object Repository/Bank/Bank List/input_Search_form-control form-control-sm' is visible

2023-07-12 21:57:05 - [TEST_STEP][PASSED] - com.reusableComponent.HighlightElement.run(findTestObject("Bank/Bank List/th_Account Name")): com.reusableComponent.HighlightElement.run is PASSED

2023-07-12 21:57:06 - [MESSAGE][PASSED] - com.reusableComponent.HighlightElement.run is PASSED

2023-07-12 21:57:06 - [TEST_STEP][PASSED] - com.reusableComponent.HighlightElement.run(findTestObject("Bank/Bank List/th_Account Number")): com.reusableComponent.HighlightElement.run is PASSED

2023-07-12 21:57:06 - [MESSAGE][PASSED] - com.reusableComponent.HighlightElement.run is PASSED

2023-07-12 21:57:06 - [TEST_STEP][PASSED] - com.reusableComponent.HighlightElement.run(findTestObject("Bank/Bank List/th_Bank Info")): com.reusableComponent.HighlightElement.run is PASSED

2023-07-12 21:57:06 - [MESSAGE][PASSED] - com.reusableComponent.HighlightElement.run is PASSED

2023-07-12 21:57:06 - [TEST_STEP][PASSED] - com.reusableComponent.HighlightElement.run(findTestObject("Bank/Bank List/th_Bank Name")): com.reusableComponent.HighlightElement.run is PASSED

2023-07-12 21:57:07 - [MESSAGE][PASSED] - com.reusableComponent.HighlightElement.run is PASSED

2023-07-12 21:57:07 - [TEST_STEP][PASSED] - com.reusableComponent.HighlightElement.run(findTestObject("Bank/Bank List/th_Current Balance")): com.reusableComponent.HighlightElement.run is PASSED

2023-07-12 21:57:07 - [MESSAGE][PASSED] - com.reusableComponent.HighlightElement.run is PASSED

2023-07-12 21:57:07 - [TEST_STEP][PASSED] - com.reusableComponent.HighlightElement.run(findTestObject("Bank/Bank List/th_Wallet Last Update")): com.reusableComponent.HighlightElement.run is PASSED

2023-07-12 21:57:08 - [MESSAGE][PASSED] - com.reusableComponent.HighlightElement.run is PASSED

2023-07-12 21:57:08 - [TEST_STEP][PASSED] - com.reusableComponent.HighlightElement.run(findTestObject("Bank/Bank List/th_VIP")): com.reusableComponent.HighlightElement.run is PASSED

2023-07-12 21:57:08 - [MESSAGE][PASSED] - com.reusableComponent.HighlightElement.run is PASSED

2023-07-12 21:57:08 - [TEST_STEP][PASSED] - com.reusableComponent.HighlightElement.run(findTestObject("Bank/Bank List/th_Action")): com.reusableComponent.HighlightElement.run is PASSED

2023-07-12 21:57:09 - [MESSAGE][PASSED] - com.reusableComponent.HighlightElement.run is PASSED

2023-07-12 21:57:09 - [TEST_STEP][PASSED] - com.reusableComponent.HighlightElement.run(findTestObject("Bank/Bank List/table_Account Name")): com.reusableComponent.HighlightElement.run is PASSED

2023-07-12 21:57:09 - [MESSAGE][PASSED] - com.reusableComponent.HighlightElement.run is PASSED

2023-07-12 21:57:09 - [TEST_STEP][PASSED] - verifyElementVisible(findTestObject("Bank/Bank List/th_Account Name")): Object 'Object Repository/Bank/Bank List/th_Account Name' is visible

2023-07-12 21:57:10 - [MESSAGE][PASSED] - Object 'Object Repository/Bank/Bank List/th_Account Name' is visible

2023-07-12 21:57:10 - [TEST_STEP][PASSED] - verifyElementVisible(findTestObject("Bank/Bank List/th_Account Number")): Object 'Object Repository/Bank/Bank List/th_Account Number' is visible

2023-07-12 21:57:10 - [MESSAGE][PASSED] - Object 'Object Repository/Bank/Bank List/th_Account Number' is visible

2023-07-12 21:57:10 - [TEST_STEP][PASSED] - verifyElementVisible(findTestObject("Bank/Bank List/th_Bank Info")): Object 'Object Repository/Bank/Bank List/th_Bank Info' is visible

2023-07-12 21:57:10 - [MESSAGE][PASSED] - Object 'Object Repository/Bank/Bank List/th_Bank Info' is visible

2023-07-12 21:57:10 - [TEST_STEP][PASSED] - verifyElementVisible(findTestObject("Bank/Bank List/th_Bank Name")): Object 'Object Repository/Bank/Bank List/th_Bank Name' is visible

2023-07-12 21:57:11 - [MESSAGE][PASSED] - Object 'Object Repository/Bank/Bank List/th_Bank Name' is visible

2023-07-12 21:57:11 - [TEST_STEP][PASSED] - verifyElementVisible(findTestObject("Bank/Bank List/th_Current Balance")): Object 'Object Repository/Bank/Bank List/th_Current Balance' is visible

2023-07-12 21:57:11 - [MESSAGE][PASSED] - Object 'Object Repository/Bank/Bank List/th_Current Balance' is visible

2023-07-12 21:57:11 - [TEST_STEP][PASSED] - verifyElementVisible(findTestObject("Bank/Bank List/th_Wallet Last Update")): Object 'Object Repository/Bank/Bank List/th_Wallet Last Update' is visible

2023-07-12 21:57:12 - [MESSAGE][PASSED] - Object 'Object Repository/Bank/Bank List/th_Wallet Last Update' is visible

2023-07-12 21:57:12 - [TEST_STEP][PASSED] - verifyElementVisible(findTestObject("Bank/Bank List/th_VIP")): Object 'Object Repository/Bank/Bank List/th_VIP' is visible

2023-07-12 21:57:12 - [MESSAGE][PASSED] - Object 'Object Repository/Bank/Bank List/th_VIP' is visible

2023-07-12 21:57:12 - [TEST_STEP][PASSED] - verifyElementVisible(findTestObject("Bank/Bank List/th_Action")): Object 'Object Repository/Bank/Bank List/th_Action' is visible

2023-07-12 21:57:12 - [MESSAGE][PASSED] - Object 'Object Repository/Bank/Bank List/th_Action' is visible

2023-07-12 21:57:12 - [TEST_STEP][PASSED] - verifyElementVisible(findTestObject("Bank/Bank List/table_Account Name")): Object 'Object Repository/Bank/Bank List/table_Account Name' is visible

2023-07-12 21:57:13 - [MESSAGE][PASSED] - Object 'Object Repository/Bank/Bank List/table_Account Name' is visible

2023-07-12 21:57:13 - [TEST_STEP][PASSED] - com.reusableComponent.HighlightElement.run(findTestObject("Bank/Bank List/li_Previous")): com.reusableComponent.HighlightElement.run is PASSED

2023-07-12 21:57:13 - [MESSAGE][PASSED] - com.reusableComponent.HighlightElement.run is PASSED

2023-07-12 21:57:13 - [TEST_STEP][PASSED] - com.reusableComponent.HighlightElement.run(findTestObject("Bank/Bank List/a_Next")): com.reusableComponent.HighlightElement.run is PASSED

2023-07-12 21:57:14 - [MESSAGE][PASSED] - com.reusableComponent.HighlightElement.run is PASSED

2023-07-12 21:57:14 - [TEST_STEP][PASSED] - verifyElementVisible(findTestObject("Bank/Bank List/li_Previous")): Object 'Object Repository/Bank/Bank List/li_Previous' is visible

2023-07-12 21:57:14 - [MESSAGE][PASSED] - Object 'Object Repository/Bank/Bank List/li_Previous' is visible

2023-07-12 21:57:14 - [TEST_STEP][PASSED] - verifyElementVisible(findTestObject("Bank/Bank List/a_Next")): Object 'Object Repository/Bank/Bank List/a_Next' is visible

2023-07-12 21:57:15 - [MESSAGE][PASSED] - Object 'Object Repository/Bank/Bank List/a_Next' is visible]]></system-out>
         <system-err><![CDATA[]]></system-err>
      </testcase>
      <system-out><![CDATA[2023-07-12 21:54:51 - [TEST_SUITE][PASSED] - Smoke: Test Cases/Bank/List RMB]]></system-out>
      <system-err><![CDATA[]]></system-err>
   </testsuite>
</testsuites>
