<?xml version="1.0" encoding="UTF-8"?>
<testsuites name="Smoke" time="167.554" tests="5" failures="0" errors="0">
   <testsuite name="Smoke" tests="5" failures="0" errors="0" time="167.554" skipped="0" timestamp="2023-07-10 22:01:56" hostname="hmacagba - PHPF1FXV0U.CSCMWS.CSCMWS.COM" id="Test Suites/Smoke">
      <properties>
         <property name="deviceName" value=""/>
         <property name="devicePlatform" value=""/>
         <property name="logFolder" value="C:\\Users\\hmacagba\\git\\AutomatedScripts\\Reports\\20230710_220145\\Smoke\\20230710_220145"/>
         <property name="logFiles" value="C:\\Users\\hmacagba\\git\\AutomatedScripts\\Reports\\20230710_220145\\Smoke\\20230710_220145\\execution0.log"/>
         <property name="attachments" value=""/>
         <property name="hostName" value="hmacagba - PHPF1FXV0U.CSCMWS.CSCMWS.COM"/>
         <property name="os" value="Windows 10 64bit"/>
         <property name="katalonVersion" value="8.6.5.208"/>
         <property name="browser" value="Chrome 114.0.0.0"/>
         <property name="hostAddress" value="192.168.68.101"/>
         <property name="sessionId" value="103f3eac6fe5fa24e83ea93e043571fd"/>
         <property name="seleniumVersion" value="3.141.59"/>
         <property name="proxyInformation" value="ProxyInformation { proxyOption=NO_PROXY, proxyServerType=HTTP, username=, password=********, proxyServerAddress=, proxyServerPort=0, executionList=&quot;&quot;, isApplyToDesiredCapabilities=true }"/>
         <property name="platform" value="Windows 10"/>
      </properties>
      <testcase name="Test Cases/Game/Product List MYR" time="53.003" classname="Test Cases/Game/Product List MYR" status="PASSED">
         <system-out><![CDATA[2023-07-10 22:01:56 - [TEST_CASE][PASSED] - Test Cases/Game/Product List MYR: Test Cases/Game/Product List MYR

2023-07-10 22:01:57 - [TEST_STEP][PASSED] - callTestCase(findTestCase("Login Admin"), [:], STOP_ON_FAILURE): Call Test Case 'Test Cases/Login Admin' successfully

2023-07-10 22:01:57 - [TEST_CASE][PASSED] - Test Cases/Login Admin: Test Cases/Login Admin

2023-07-10 22:01:58 - [TEST_STEP][PASSED] - openBrowser(""): Browser is opened with url: ''

2023-07-10 22:01:58 - [MESSAGE][INFO] - Starting 'Chrome' driver

2023-07-10 22:01:58 - [MESSAGE][INFO] - Action delay is set to 0 milliseconds

2023-07-10 22:02:03 - [MESSAGE][PASSED] - Browser is opened with url: ''

2023-07-10 22:02:03 - [TEST_STEP][PASSED] - maximizeWindow(): Current window maximized

2023-07-10 22:02:03 - [MESSAGE][PASSED] - Current window maximized

2023-07-10 22:02:03 - [TEST_STEP][PASSED] - navigateToUrl(URL): Navigate to 'http://admin.lkydev.site' successfully

2023-07-10 22:02:07 - [MESSAGE][PASSED] - Navigate to 'http://admin.lkydev.site' successfully

2023-07-10 22:02:07 - [TEST_STEP][PASSED] - verifyElementText(findTestObject("Object Repository/Login/Page_SUNCITY - Login/h3_Sign In To Admin System"), "Sign In To Admin System"): Actual text and expected text of test object 'Object Repository/Login/Page_SUNCITY - Login/h3_Sign In To Admin System' are matched.

2023-07-10 22:02:08 - [MESSAGE][PASSED] - Actual text and expected text of test object 'Object Repository/Login/Page_SUNCITY - Login/h3_Sign In To Admin System' are matched.

2023-07-10 22:02:08 - [TEST_STEP][PASSED] - com.reusableComponent.HighlightElement.run(findTestObject("Login/Page_SUNCITY - Login/h3_Sign In To Admin System")): com.reusableComponent.HighlightElement.run is PASSED

2023-07-10 22:02:09 - [MESSAGE][PASSED] - com.reusableComponent.HighlightElement.run is PASSED

2023-07-10 22:02:09 - [TEST_STEP][PASSED] - com.reusableComponent.HighlightElement.run(findTestObject("Login/Page_SUNCITY - Login/input_Sign In To Admin System_username")): com.reusableComponent.HighlightElement.run is PASSED

2023-07-10 22:02:09 - [MESSAGE][PASSED] - com.reusableComponent.HighlightElement.run is PASSED

2023-07-10 22:02:09 - [TEST_STEP][PASSED] - com.reusableComponent.HighlightElement.run(findTestObject("Login/Page_SUNCITY - Login/input_Sign In To Admin System_password")): com.reusableComponent.HighlightElement.run is PASSED

2023-07-10 22:02:10 - [MESSAGE][PASSED] - com.reusableComponent.HighlightElement.run is PASSED

2023-07-10 22:02:10 - [TEST_STEP][PASSED] - setText(findTestObject("Object Repository/Login/Page_SUNCITY - Login/input_Sign In To Admin System_username"), Username): Text 'devbot' is set on object 'Object Repository/Login/Page_SUNCITY - Login/input_Sign In To Admin System_username'

2023-07-10 22:02:11 - [MESSAGE][PASSED] - Text 'devbot' is set on object 'Object Repository/Login/Page_SUNCITY - Login/input_Sign In To Admin System_username'

2023-07-10 22:02:11 - [TEST_STEP][PASSED] - setText(findTestObject("Object Repository/Login/Page_SUNCITY - Login/input_Sign In To Admin System_password"), Password): Text '77889900' is set on object 'Object Repository/Login/Page_SUNCITY - Login/input_Sign In To Admin System_password'

2023-07-10 22:02:12 - [MESSAGE][PASSED] - Text '77889900' is set on object 'Object Repository/Login/Page_SUNCITY - Login/input_Sign In To Admin System_password'

2023-07-10 22:02:12 - [TEST_STEP][PASSED] - com.reusableComponent.HighlightElement.run(findTestObject("Login/Page_SUNCITY - Login/button_Next")): com.reusableComponent.HighlightElement.run is PASSED

2023-07-10 22:02:12 - [MESSAGE][PASSED] - com.reusableComponent.HighlightElement.run is PASSED

2023-07-10 22:02:12 - [TEST_STEP][PASSED] - click(findTestObject("Object Repository/Login/Page_SUNCITY - Login/button_Next")): Object: 'Object Repository/Login/Page_SUNCITY - Login/button_Next' is clicked on

2023-07-10 22:02:13 - [MESSAGE][PASSED] - Object: 'Object Repository/Login/Page_SUNCITY - Login/button_Next' is clicked on

2023-07-10 22:02:13 - [TEST_STEP][PASSED] - com.reusableComponent.HighlightElement.run(findTestObject("Login/Page_SUNCITY - Login/input_Next_verificationCode")): com.reusableComponent.HighlightElement.run is PASSED

2023-07-10 22:02:14 - [MESSAGE][PASSED] - com.reusableComponent.HighlightElement.run is PASSED

2023-07-10 22:02:14 - [TEST_STEP][PASSED] - setText(findTestObject("Object Repository/Login/Page_SUNCITY - Login/input_Next_verificationCode"), VerificationCode): Text '778899' is set on object 'Object Repository/Login/Page_SUNCITY - Login/input_Next_verificationCode'

2023-07-10 22:02:15 - [MESSAGE][PASSED] - Text '778899' is set on object 'Object Repository/Login/Page_SUNCITY - Login/input_Next_verificationCode'

2023-07-10 22:02:15 - [TEST_STEP][PASSED] - com.reusableComponent.HighlightElement.run(findTestObject("Login/Page_SUNCITY - Login/button_Sign In")): com.reusableComponent.HighlightElement.run is PASSED

2023-07-10 22:02:15 - [MESSAGE][PASSED] - com.reusableComponent.HighlightElement.run is PASSED

2023-07-10 22:02:15 - [TEST_STEP][PASSED] - click(findTestObject("Object Repository/Login/Page_SUNCITY - Login/button_Sign In")): Object: 'Object Repository/Login/Page_SUNCITY - Login/button_Sign In' is clicked on

2023-07-10 22:02:16 - [MESSAGE][PASSED] - Object: 'Object Repository/Login/Page_SUNCITY - Login/button_Sign In' is clicked on

2023-07-10 22:02:16 - [TEST_STEP][PASSED] - com.reusableComponent.HighlightElement.run(findTestObject("Login/Page_Dashboard/h2_Login Success")): com.reusableComponent.HighlightElement.run is PASSED

2023-07-10 22:02:18 - [MESSAGE][PASSED] - com.reusableComponent.HighlightElement.run is PASSED

2023-07-10 22:02:18 - [TEST_STEP][PASSED] - click(findTestObject("Object Repository/Login/Page_Dashboard/h2_Login Success")): Object: 'Object Repository/Login/Page_Dashboard/h2_Login Success' is clicked on

2023-07-10 22:02:19 - [MESSAGE][PASSED] - Object: 'Object Repository/Login/Page_Dashboard/h2_Login Success' is clicked on

2023-07-10 22:02:19 - [TEST_STEP][PASSED] - com.reusableComponent.HighlightElement.run(findTestObject("Login/Page_Dashboard/button_OK")): com.reusableComponent.HighlightElement.run is PASSED

2023-07-10 22:02:19 - [MESSAGE][PASSED] - com.reusableComponent.HighlightElement.run is PASSED

2023-07-10 22:02:19 - [TEST_STEP][PASSED] - click(findTestObject("Object Repository/Login/Page_Dashboard/button_OK")): Object: 'Object Repository/Login/Page_Dashboard/button_OK' is clicked on

2023-07-10 22:02:20 - [MESSAGE][PASSED] - Object: 'Object Repository/Login/Page_Dashboard/button_OK' is clicked on

2023-07-10 22:02:20 - [MESSAGE][PASSED] - Call Test Case 'Test Cases/Login Admin' successfully

2023-07-10 22:02:20 - [TEST_STEP][PASSED] - com.reusableComponent.HighlightElement.run(findTestObject("Game/Page_Dashboard/span_Game")): com.reusableComponent.HighlightElement.run is PASSED

2023-07-10 22:02:21 - [MESSAGE][PASSED] - com.reusableComponent.HighlightElement.run is PASSED

2023-07-10 22:02:21 - [TEST_STEP][PASSED] - mouseOver(findTestObject("Game/Page_Dashboard/span_Game")): Object: 'Object Repository/Game/Page_Dashboard/span_Game' is hovered

2023-07-10 22:02:21 - [MESSAGE][PASSED] - Object: 'Object Repository/Game/Page_Dashboard/span_Game' is hovered

2023-07-10 22:02:21 - [TEST_STEP][PASSED] - com.reusableComponent.HighlightElement.run(findTestObject("Game/Page_Dashboard/span_Product List")): com.reusableComponent.HighlightElement.run is PASSED

2023-07-10 22:02:22 - [MESSAGE][PASSED] - com.reusableComponent.HighlightElement.run is PASSED

2023-07-10 22:02:22 - [TEST_STEP][PASSED] - mouseOver(findTestObject("Game/Page_Dashboard/span_Product List")): Object: 'Object Repository/Game/Page_Dashboard/span_Product List' is hovered

2023-07-10 22:02:22 - [MESSAGE][PASSED] - Object: 'Object Repository/Game/Page_Dashboard/span_Product List' is hovered

2023-07-10 22:02:22 - [TEST_STEP][PASSED] - com.reusableComponent.HighlightElement.run(findTestObject("Game/Page_Dashboard/span_MYR")): com.reusableComponent.HighlightElement.run is PASSED

2023-07-10 22:02:23 - [MESSAGE][PASSED] - com.reusableComponent.HighlightElement.run is PASSED

2023-07-10 22:02:23 - [TEST_STEP][PASSED] - mouseOver(findTestObject("Game/Page_Dashboard/span_MYR")): Object: 'Object Repository/Game/Page_Dashboard/span_MYR' is hovered

2023-07-10 22:02:23 - [MESSAGE][PASSED] - Object: 'Object Repository/Game/Page_Dashboard/span_MYR' is hovered

2023-07-10 22:02:23 - [TEST_STEP][PASSED] - click(findTestObject("Game/Page_Dashboard/span_MYR")): Object: 'Object Repository/Game/Page_Dashboard/span_MYR' is clicked on

2023-07-10 22:02:26 - [MESSAGE][PASSED] - Object: 'Object Repository/Game/Page_Dashboard/span_MYR' is clicked on

2023-07-10 22:02:26 - [TEST_STEP][PASSED] - com.reusableComponent.HighlightElement.run(findTestObject("Game/Product List/h3_Game List")): com.reusableComponent.HighlightElement.run is PASSED

2023-07-10 22:02:27 - [MESSAGE][PASSED] - com.reusableComponent.HighlightElement.run is PASSED

2023-07-10 22:02:27 - [TEST_STEP][PASSED] - com.reusableComponent.HighlightElement.run(findTestObject("Game/Product List/select_102550100")): com.reusableComponent.HighlightElement.run is PASSED

2023-07-10 22:02:27 - [MESSAGE][PASSED] - com.reusableComponent.HighlightElement.run is PASSED

2023-07-10 22:02:27 - [TEST_STEP][PASSED] - com.reusableComponent.HighlightElement.run(findTestObject("Game/Product List/span_Copy")): com.reusableComponent.HighlightElement.run is PASSED

2023-07-10 22:02:28 - [MESSAGE][PASSED] - com.reusableComponent.HighlightElement.run is PASSED

2023-07-10 22:02:28 - [TEST_STEP][PASSED] - com.reusableComponent.HighlightElement.run(findTestObject("Game/Product List/span_CSV")): com.reusableComponent.HighlightElement.run is PASSED

2023-07-10 22:02:28 - [MESSAGE][PASSED] - com.reusableComponent.HighlightElement.run is PASSED

2023-07-10 22:02:28 - [TEST_STEP][PASSED] - com.reusableComponent.HighlightElement.run(findTestObject("Game/Product List/span_Excel")): com.reusableComponent.HighlightElement.run is PASSED

2023-07-10 22:02:29 - [MESSAGE][PASSED] - com.reusableComponent.HighlightElement.run is PASSED

2023-07-10 22:02:29 - [TEST_STEP][PASSED] - com.reusableComponent.HighlightElement.run(findTestObject("Game/Product List/span_PDF")): com.reusableComponent.HighlightElement.run is PASSED

2023-07-10 22:02:29 - [MESSAGE][PASSED] - com.reusableComponent.HighlightElement.run is PASSED

2023-07-10 22:02:29 - [TEST_STEP][PASSED] - com.reusableComponent.HighlightElement.run(findTestObject("Game/Product List/input_Search_form-control form-control-sm")): com.reusableComponent.HighlightElement.run is PASSED

2023-07-10 22:02:30 - [MESSAGE][PASSED] - com.reusableComponent.HighlightElement.run is PASSED

2023-07-10 22:02:30 - [TEST_STEP][PASSED] - verifyElementVisible(findTestObject("Game/Product List/h3_Game List")): Object 'Object Repository/Game/Product List/h3_Game List' is visible

2023-07-10 22:02:30 - [MESSAGE][PASSED] - Object 'Object Repository/Game/Product List/h3_Game List' is visible

2023-07-10 22:02:30 - [TEST_STEP][PASSED] - verifyElementVisible(findTestObject("Game/Product List/select_102550100")): Object 'Object Repository/Game/Product List/select_102550100' is visible

2023-07-10 22:02:31 - [MESSAGE][PASSED] - Object 'Object Repository/Game/Product List/select_102550100' is visible

2023-07-10 22:02:31 - [TEST_STEP][PASSED] - verifyElementVisible(findTestObject("Game/Product List/span_Copy")): Object 'Object Repository/Game/Product List/span_Copy' is visible

2023-07-10 22:02:31 - [MESSAGE][PASSED] - Object 'Object Repository/Game/Product List/span_Copy' is visible

2023-07-10 22:02:31 - [TEST_STEP][PASSED] - verifyElementVisible(findTestObject("Game/Product List/span_CSV")): Object 'Object Repository/Game/Product List/span_CSV' is visible

2023-07-10 22:02:31 - [MESSAGE][PASSED] - Object 'Object Repository/Game/Product List/span_CSV' is visible

2023-07-10 22:02:31 - [TEST_STEP][PASSED] - verifyElementVisible(findTestObject("Game/Product List/span_Excel")): Object 'Object Repository/Game/Product List/span_Excel' is visible

2023-07-10 22:02:32 - [MESSAGE][PASSED] - Object 'Object Repository/Game/Product List/span_Excel' is visible

2023-07-10 22:02:32 - [TEST_STEP][PASSED] - verifyElementVisible(findTestObject("Game/Product List/span_PDF")): Object 'Object Repository/Game/Product List/span_PDF' is visible

2023-07-10 22:02:32 - [MESSAGE][PASSED] - Object 'Object Repository/Game/Product List/span_PDF' is visible

2023-07-10 22:02:32 - [TEST_STEP][PASSED] - verifyElementVisible(findTestObject("Game/Product List/input_Search_form-control form-control-sm")): Object 'Object Repository/Game/Product List/input_Search_form-control form-control-sm' is visible

2023-07-10 22:02:33 - [MESSAGE][PASSED] - Object 'Object Repository/Game/Product List/input_Search_form-control form-control-sm' is visible

2023-07-10 22:02:33 - [TEST_STEP][PASSED] - com.reusableComponent.HighlightElement.run(findTestObject("Game/Product List/th_Name")): com.reusableComponent.HighlightElement.run is PASSED

2023-07-10 22:02:33 - [MESSAGE][PASSED] - com.reusableComponent.HighlightElement.run is PASSED

2023-07-10 22:02:33 - [TEST_STEP][PASSED] - com.reusableComponent.HighlightElement.run(findTestObject("Game/Product List/th_Category")): com.reusableComponent.HighlightElement.run is PASSED

2023-07-10 22:02:34 - [MESSAGE][PASSED] - com.reusableComponent.HighlightElement.run is PASSED

2023-07-10 22:02:34 - [TEST_STEP][PASSED] - com.reusableComponent.HighlightElement.run(findTestObject("Game/Product List/th_Description")): com.reusableComponent.HighlightElement.run is PASSED

2023-07-10 22:02:34 - [MESSAGE][PASSED] - com.reusableComponent.HighlightElement.run is PASSED

2023-07-10 22:02:34 - [TEST_STEP][PASSED] - com.reusableComponent.HighlightElement.run(findTestObject("Game/Product List/th_Up By")): com.reusableComponent.HighlightElement.run is PASSED

2023-07-10 22:02:35 - [MESSAGE][PASSED] - com.reusableComponent.HighlightElement.run is PASSED

2023-07-10 22:02:35 - [TEST_STEP][PASSED] - com.reusableComponent.HighlightElement.run(findTestObject("Game/Product List/th_Down By")): com.reusableComponent.HighlightElement.run is PASSED

2023-07-10 22:02:35 - [MESSAGE][PASSED] - com.reusableComponent.HighlightElement.run is PASSED

2023-07-10 22:02:35 - [TEST_STEP][PASSED] - com.reusableComponent.HighlightElement.run(findTestObject("Game/Product List/th_Up At")): com.reusableComponent.HighlightElement.run is PASSED

2023-07-10 22:02:36 - [MESSAGE][PASSED] - com.reusableComponent.HighlightElement.run is PASSED

2023-07-10 22:02:36 - [TEST_STEP][PASSED] - com.reusableComponent.HighlightElement.run(findTestObject("Game/Product List/th_Down At")): com.reusableComponent.HighlightElement.run is PASSED

2023-07-10 22:02:36 - [MESSAGE][PASSED] - com.reusableComponent.HighlightElement.run is PASSED

2023-07-10 22:02:36 - [TEST_STEP][PASSED] - com.reusableComponent.HighlightElement.run(findTestObject("Game/Product List/th_Up Time")): com.reusableComponent.HighlightElement.run is PASSED

2023-07-10 22:02:37 - [MESSAGE][PASSED] - com.reusableComponent.HighlightElement.run is PASSED

2023-07-10 22:02:37 - [TEST_STEP][PASSED] - com.reusableComponent.HighlightElement.run(findTestObject("Game/Product List/th_Down Time")): com.reusableComponent.HighlightElement.run is PASSED

2023-07-10 22:02:37 - [MESSAGE][PASSED] - com.reusableComponent.HighlightElement.run is PASSED

2023-07-10 22:02:37 - [TEST_STEP][PASSED] - com.reusableComponent.HighlightElement.run(findTestObject("Game/Product List/th_Status")): com.reusableComponent.HighlightElement.run is PASSED

2023-07-10 22:02:37 - [MESSAGE][PASSED] - com.reusableComponent.HighlightElement.run is PASSED

2023-07-10 22:02:37 - [TEST_STEP][PASSED] - com.reusableComponent.HighlightElement.run(findTestObject("Game/Product List/th_Maintenance Scheduled")): com.reusableComponent.HighlightElement.run is PASSED

2023-07-10 22:02:38 - [MESSAGE][PASSED] - com.reusableComponent.HighlightElement.run is PASSED

2023-07-10 22:02:38 - [TEST_STEP][PASSED] - com.reusableComponent.HighlightElement.run(findTestObject("Game/Product List/th_Maintenance Schedule From")): com.reusableComponent.HighlightElement.run is PASSED

2023-07-10 22:02:38 - [MESSAGE][PASSED] - com.reusableComponent.HighlightElement.run is PASSED

2023-07-10 22:02:38 - [TEST_STEP][PASSED] - com.reusableComponent.HighlightElement.run(findTestObject("Game/Product List/th_Maintenance Schedule To")): com.reusableComponent.HighlightElement.run is PASSED

2023-07-10 22:02:39 - [MESSAGE][PASSED] - com.reusableComponent.HighlightElement.run is PASSED

2023-07-10 22:02:39 - [TEST_STEP][PASSED] - com.reusableComponent.HighlightElement.run(findTestObject("Game/Product List/th_Product Languages")): com.reusableComponent.HighlightElement.run is PASSED

2023-07-10 22:02:39 - [MESSAGE][PASSED] - com.reusableComponent.HighlightElement.run is PASSED

2023-07-10 22:02:39 - [TEST_STEP][PASSED] - com.reusableComponent.HighlightElement.run(findTestObject("Game/Product List/th_Action")): com.reusableComponent.HighlightElement.run is PASSED

2023-07-10 22:02:40 - [MESSAGE][PASSED] - com.reusableComponent.HighlightElement.run is PASSED

2023-07-10 22:02:40 - [TEST_STEP][PASSED] - com.reusableComponent.HighlightElement.run(findTestObject("Game/Product List/table_Name")): com.reusableComponent.HighlightElement.run is PASSED

2023-07-10 22:02:40 - [MESSAGE][PASSED] - com.reusableComponent.HighlightElement.run is PASSED

2023-07-10 22:02:40 - [TEST_STEP][PASSED] - verifyElementVisible(findTestObject("Game/Product List/th_Name")): Object 'Object Repository/Game/Product List/th_Name' is visible

2023-07-10 22:02:41 - [MESSAGE][PASSED] - Object 'Object Repository/Game/Product List/th_Name' is visible

2023-07-10 22:02:41 - [TEST_STEP][PASSED] - verifyElementVisible(findTestObject("Game/Product List/th_Category")): Object 'Object Repository/Game/Product List/th_Category' is visible

2023-07-10 22:02:41 - [MESSAGE][PASSED] - Object 'Object Repository/Game/Product List/th_Category' is visible

2023-07-10 22:02:41 - [TEST_STEP][PASSED] - verifyElementVisible(findTestObject("Game/Product List/th_Description")): Object 'Object Repository/Game/Product List/th_Description' is visible

2023-07-10 22:02:42 - [MESSAGE][PASSED] - Object 'Object Repository/Game/Product List/th_Description' is visible

2023-07-10 22:02:42 - [TEST_STEP][PASSED] - verifyElementVisible(findTestObject("Game/Product List/th_Up By")): Object 'Object Repository/Game/Product List/th_Up By' is visible

2023-07-10 22:02:42 - [MESSAGE][PASSED] - Object 'Object Repository/Game/Product List/th_Up By' is visible

2023-07-10 22:02:42 - [TEST_STEP][PASSED] - verifyElementVisible(findTestObject("Game/Product List/th_Down By")): Object 'Object Repository/Game/Product List/th_Down By' is visible

2023-07-10 22:02:43 - [MESSAGE][PASSED] - Object 'Object Repository/Game/Product List/th_Down By' is visible

2023-07-10 22:02:43 - [TEST_STEP][PASSED] - verifyElementVisible(findTestObject("Game/Product List/th_Up At")): Object 'Object Repository/Game/Product List/th_Up At' is visible

2023-07-10 22:02:43 - [MESSAGE][PASSED] - Object 'Object Repository/Game/Product List/th_Up At' is visible

2023-07-10 22:02:43 - [TEST_STEP][PASSED] - verifyElementVisible(findTestObject("Game/Product List/th_Down At")): Object 'Object Repository/Game/Product List/th_Down At' is visible

2023-07-10 22:02:43 - [MESSAGE][PASSED] - Object 'Object Repository/Game/Product List/th_Down At' is visible

2023-07-10 22:02:43 - [TEST_STEP][PASSED] - verifyElementVisible(findTestObject("Game/Product List/th_Up Time")): Object 'Object Repository/Game/Product List/th_Up Time' is visible

2023-07-10 22:02:44 - [MESSAGE][PASSED] - Object 'Object Repository/Game/Product List/th_Up Time' is visible

2023-07-10 22:02:44 - [TEST_STEP][PASSED] - verifyElementVisible(findTestObject("Game/Product List/th_Down Time")): Object 'Object Repository/Game/Product List/th_Down Time' is visible

2023-07-10 22:02:44 - [MESSAGE][PASSED] - Object 'Object Repository/Game/Product List/th_Down Time' is visible

2023-07-10 22:02:44 - [TEST_STEP][PASSED] - verifyElementVisible(findTestObject("Game/Product List/th_Status")): Object 'Object Repository/Game/Product List/th_Status' is visible

2023-07-10 22:02:45 - [MESSAGE][PASSED] - Object 'Object Repository/Game/Product List/th_Status' is visible

2023-07-10 22:02:45 - [TEST_STEP][PASSED] - verifyElementVisible(findTestObject("Game/Product List/th_Maintenance Scheduled")): Object 'Object Repository/Game/Product List/th_Maintenance Scheduled' is visible

2023-07-10 22:02:45 - [MESSAGE][PASSED] - Object 'Object Repository/Game/Product List/th_Maintenance Scheduled' is visible

2023-07-10 22:02:45 - [TEST_STEP][PASSED] - verifyElementVisible(findTestObject("Game/Product List/th_Maintenance Schedule From")): Object 'Object Repository/Game/Product List/th_Maintenance Schedule From' is visible

2023-07-10 22:02:46 - [MESSAGE][PASSED] - Object 'Object Repository/Game/Product List/th_Maintenance Schedule From' is visible

2023-07-10 22:02:46 - [TEST_STEP][PASSED] - verifyElementVisible(findTestObject("Game/Product List/th_Maintenance Schedule To")): Object 'Object Repository/Game/Product List/th_Maintenance Schedule To' is visible

2023-07-10 22:02:46 - [MESSAGE][PASSED] - Object 'Object Repository/Game/Product List/th_Maintenance Schedule To' is visible

2023-07-10 22:02:46 - [TEST_STEP][PASSED] - verifyElementVisible(findTestObject("Game/Product List/th_Product Languages")): Object 'Object Repository/Game/Product List/th_Product Languages' is visible

2023-07-10 22:02:46 - [MESSAGE][PASSED] - Object 'Object Repository/Game/Product List/th_Product Languages' is visible

2023-07-10 22:02:46 - [TEST_STEP][PASSED] - verifyElementVisible(findTestObject("Game/Product List/th_Action")): Object 'Object Repository/Game/Product List/th_Action' is visible

2023-07-10 22:02:47 - [MESSAGE][PASSED] - Object 'Object Repository/Game/Product List/th_Action' is visible

2023-07-10 22:02:47 - [TEST_STEP][PASSED] - verifyElementVisible(findTestObject("Game/Product List/table_Name")): Object 'Object Repository/Game/Product List/table_Name' is visible

2023-07-10 22:02:47 - [MESSAGE][PASSED] - Object 'Object Repository/Game/Product List/table_Name' is visible

2023-07-10 22:02:47 - [TEST_STEP][PASSED] - com.reusableComponent.HighlightElement.run(findTestObject("Game/Product List/li_Previous")): com.reusableComponent.HighlightElement.run is PASSED

2023-07-10 22:02:48 - [MESSAGE][PASSED] - com.reusableComponent.HighlightElement.run is PASSED

2023-07-10 22:02:48 - [TEST_STEP][PASSED] - com.reusableComponent.HighlightElement.run(findTestObject("Game/Product List/a_Next")): com.reusableComponent.HighlightElement.run is PASSED

2023-07-10 22:02:48 - [MESSAGE][PASSED] - com.reusableComponent.HighlightElement.run is PASSED

2023-07-10 22:02:48 - [TEST_STEP][PASSED] - verifyElementVisible(findTestObject("Game/Product List/li_Previous")): Object 'Object Repository/Game/Product List/li_Previous' is visible

2023-07-10 22:02:49 - [MESSAGE][PASSED] - Object 'Object Repository/Game/Product List/li_Previous' is visible

2023-07-10 22:02:49 - [TEST_STEP][PASSED] - verifyElementVisible(findTestObject("Game/Product List/a_Next")): Object 'Object Repository/Game/Product List/a_Next' is visible

2023-07-10 22:02:49 - [MESSAGE][PASSED] - Object 'Object Repository/Game/Product List/a_Next' is visible]]></system-out>
         <system-err><![CDATA[]]></system-err>
      </testcase>
      <testcase name="Test Cases/Game/Product List THB" time="29.35" classname="Test Cases/Game/Product List THB" status="PASSED">
         <system-out><![CDATA[2023-07-10 22:02:49 - [TEST_CASE][PASSED] - Test Cases/Game/Product List THB: Test Cases/Game/Product List THB

2023-07-10 22:02:50 - [TEST_STEP][PASSED] - com.reusableComponent.HighlightElement.run(findTestObject("Game/Page_Dashboard/span_Game")): com.reusableComponent.HighlightElement.run is PASSED

2023-07-10 22:02:50 - [MESSAGE][PASSED] - com.reusableComponent.HighlightElement.run is PASSED

2023-07-10 22:02:50 - [TEST_STEP][PASSED] - mouseOver(findTestObject("Game/Page_Dashboard/span_Game")): Object: 'Object Repository/Game/Page_Dashboard/span_Game' is hovered

2023-07-10 22:02:51 - [MESSAGE][PASSED] - Object: 'Object Repository/Game/Page_Dashboard/span_Game' is hovered

2023-07-10 22:02:51 - [TEST_STEP][PASSED] - com.reusableComponent.HighlightElement.run(findTestObject("Game/Page_Dashboard/span_Product List")): com.reusableComponent.HighlightElement.run is PASSED

2023-07-10 22:02:51 - [MESSAGE][PASSED] - com.reusableComponent.HighlightElement.run is PASSED

2023-07-10 22:02:51 - [TEST_STEP][PASSED] - mouseOver(findTestObject("Game/Page_Dashboard/span_Product List")): Object: 'Object Repository/Game/Page_Dashboard/span_Product List' is hovered

2023-07-10 22:02:52 - [MESSAGE][PASSED] - Object: 'Object Repository/Game/Page_Dashboard/span_Product List' is hovered

2023-07-10 22:02:52 - [TEST_STEP][PASSED] - com.reusableComponent.HighlightElement.run(findTestObject("Game/Page_Dashboard/span_THB")): com.reusableComponent.HighlightElement.run is PASSED

2023-07-10 22:02:52 - [MESSAGE][PASSED] - com.reusableComponent.HighlightElement.run is PASSED

2023-07-10 22:02:52 - [TEST_STEP][PASSED] - mouseOver(findTestObject("Game/Page_Dashboard/span_THB")): Object: 'Object Repository/Game/Page_Dashboard/span_THB' is hovered

2023-07-10 22:02:53 - [MESSAGE][PASSED] - Object: 'Object Repository/Game/Page_Dashboard/span_THB' is hovered

2023-07-10 22:02:53 - [TEST_STEP][PASSED] - click(findTestObject("Game/Page_Dashboard/span_THB")): Object: 'Object Repository/Game/Page_Dashboard/span_THB' is clicked on

2023-07-10 22:02:55 - [MESSAGE][PASSED] - Object: 'Object Repository/Game/Page_Dashboard/span_THB' is clicked on

2023-07-10 22:02:55 - [TEST_STEP][PASSED] - com.reusableComponent.HighlightElement.run(findTestObject("Game/Product List/h3_Game List")): com.reusableComponent.HighlightElement.run is PASSED

2023-07-10 22:02:56 - [MESSAGE][PASSED] - com.reusableComponent.HighlightElement.run is PASSED

2023-07-10 22:02:56 - [TEST_STEP][PASSED] - com.reusableComponent.HighlightElement.run(findTestObject("Game/Product List/select_102550100")): com.reusableComponent.HighlightElement.run is PASSED

2023-07-10 22:02:57 - [MESSAGE][PASSED] - com.reusableComponent.HighlightElement.run is PASSED

2023-07-10 22:02:57 - [TEST_STEP][PASSED] - com.reusableComponent.HighlightElement.run(findTestObject("Game/Product List/span_Copy")): com.reusableComponent.HighlightElement.run is PASSED

2023-07-10 22:02:57 - [MESSAGE][PASSED] - com.reusableComponent.HighlightElement.run is PASSED

2023-07-10 22:02:57 - [TEST_STEP][PASSED] - com.reusableComponent.HighlightElement.run(findTestObject("Game/Product List/span_CSV")): com.reusableComponent.HighlightElement.run is PASSED

2023-07-10 22:02:58 - [MESSAGE][PASSED] - com.reusableComponent.HighlightElement.run is PASSED

2023-07-10 22:02:58 - [TEST_STEP][PASSED] - com.reusableComponent.HighlightElement.run(findTestObject("Game/Product List/span_Excel")): com.reusableComponent.HighlightElement.run is PASSED

2023-07-10 22:02:58 - [MESSAGE][PASSED] - com.reusableComponent.HighlightElement.run is PASSED

2023-07-10 22:02:58 - [TEST_STEP][PASSED] - com.reusableComponent.HighlightElement.run(findTestObject("Game/Product List/span_PDF")): com.reusableComponent.HighlightElement.run is PASSED

2023-07-10 22:02:59 - [MESSAGE][PASSED] - com.reusableComponent.HighlightElement.run is PASSED

2023-07-10 22:02:59 - [TEST_STEP][PASSED] - com.reusableComponent.HighlightElement.run(findTestObject("Game/Product List/input_Search_form-control form-control-sm")): com.reusableComponent.HighlightElement.run is PASSED

2023-07-10 22:02:59 - [MESSAGE][PASSED] - com.reusableComponent.HighlightElement.run is PASSED

2023-07-10 22:02:59 - [TEST_STEP][PASSED] - verifyElementVisible(findTestObject("Game/Product List/h3_Game List")): Object 'Object Repository/Game/Product List/h3_Game List' is visible

2023-07-10 22:03:00 - [MESSAGE][PASSED] - Object 'Object Repository/Game/Product List/h3_Game List' is visible

2023-07-10 22:03:00 - [TEST_STEP][PASSED] - verifyElementVisible(findTestObject("Game/Product List/select_102550100")): Object 'Object Repository/Game/Product List/select_102550100' is visible

2023-07-10 22:03:00 - [MESSAGE][PASSED] - Object 'Object Repository/Game/Product List/select_102550100' is visible

2023-07-10 22:03:00 - [TEST_STEP][PASSED] - verifyElementVisible(findTestObject("Game/Product List/span_Copy")): Object 'Object Repository/Game/Product List/span_Copy' is visible

2023-07-10 22:03:01 - [MESSAGE][PASSED] - Object 'Object Repository/Game/Product List/span_Copy' is visible

2023-07-10 22:03:01 - [TEST_STEP][PASSED] - verifyElementVisible(findTestObject("Game/Product List/span_CSV")): Object 'Object Repository/Game/Product List/span_CSV' is visible

2023-07-10 22:03:01 - [MESSAGE][PASSED] - Object 'Object Repository/Game/Product List/span_CSV' is visible

2023-07-10 22:03:01 - [TEST_STEP][PASSED] - verifyElementVisible(findTestObject("Game/Product List/span_Excel")): Object 'Object Repository/Game/Product List/span_Excel' is visible

2023-07-10 22:03:01 - [MESSAGE][PASSED] - Object 'Object Repository/Game/Product List/span_Excel' is visible

2023-07-10 22:03:01 - [TEST_STEP][PASSED] - verifyElementVisible(findTestObject("Game/Product List/span_PDF")): Object 'Object Repository/Game/Product List/span_PDF' is visible

2023-07-10 22:03:02 - [MESSAGE][PASSED] - Object 'Object Repository/Game/Product List/span_PDF' is visible

2023-07-10 22:03:02 - [TEST_STEP][PASSED] - verifyElementVisible(findTestObject("Game/Product List/input_Search_form-control form-control-sm")): Object 'Object Repository/Game/Product List/input_Search_form-control form-control-sm' is visible

2023-07-10 22:03:02 - [MESSAGE][PASSED] - Object 'Object Repository/Game/Product List/input_Search_form-control form-control-sm' is visible

2023-07-10 22:03:02 - [TEST_STEP][PASSED] - com.reusableComponent.HighlightElement.run(findTestObject("Game/Product List/th_Name")): com.reusableComponent.HighlightElement.run is PASSED

2023-07-10 22:03:03 - [MESSAGE][PASSED] - com.reusableComponent.HighlightElement.run is PASSED

2023-07-10 22:03:03 - [TEST_STEP][PASSED] - com.reusableComponent.HighlightElement.run(findTestObject("Game/Product List/th_Category")): com.reusableComponent.HighlightElement.run is PASSED

2023-07-10 22:03:03 - [MESSAGE][PASSED] - com.reusableComponent.HighlightElement.run is PASSED

2023-07-10 22:03:03 - [TEST_STEP][PASSED] - com.reusableComponent.HighlightElement.run(findTestObject("Game/Product List/th_Description")): com.reusableComponent.HighlightElement.run is PASSED

2023-07-10 22:03:04 - [MESSAGE][PASSED] - com.reusableComponent.HighlightElement.run is PASSED

2023-07-10 22:03:04 - [TEST_STEP][PASSED] - com.reusableComponent.HighlightElement.run(findTestObject("Game/Product List/th_Up By")): com.reusableComponent.HighlightElement.run is PASSED

2023-07-10 22:03:04 - [MESSAGE][PASSED] - com.reusableComponent.HighlightElement.run is PASSED

2023-07-10 22:03:04 - [TEST_STEP][PASSED] - com.reusableComponent.HighlightElement.run(findTestObject("Game/Product List/th_Down By")): com.reusableComponent.HighlightElement.run is PASSED

2023-07-10 22:03:05 - [MESSAGE][PASSED] - com.reusableComponent.HighlightElement.run is PASSED

2023-07-10 22:03:05 - [TEST_STEP][PASSED] - com.reusableComponent.HighlightElement.run(findTestObject("Game/Product List/th_Up At")): com.reusableComponent.HighlightElement.run is PASSED

2023-07-10 22:03:05 - [MESSAGE][PASSED] - com.reusableComponent.HighlightElement.run is PASSED

2023-07-10 22:03:05 - [TEST_STEP][PASSED] - com.reusableComponent.HighlightElement.run(findTestObject("Game/Product List/th_Down At")): com.reusableComponent.HighlightElement.run is PASSED

2023-07-10 22:03:06 - [MESSAGE][PASSED] - com.reusableComponent.HighlightElement.run is PASSED

2023-07-10 22:03:06 - [TEST_STEP][PASSED] - com.reusableComponent.HighlightElement.run(findTestObject("Game/Product List/th_Up Time")): com.reusableComponent.HighlightElement.run is PASSED

2023-07-10 22:03:06 - [MESSAGE][PASSED] - com.reusableComponent.HighlightElement.run is PASSED

2023-07-10 22:03:06 - [TEST_STEP][PASSED] - com.reusableComponent.HighlightElement.run(findTestObject("Game/Product List/th_Down Time")): com.reusableComponent.HighlightElement.run is PASSED

2023-07-10 22:03:07 - [MESSAGE][PASSED] - com.reusableComponent.HighlightElement.run is PASSED

2023-07-10 22:03:07 - [TEST_STEP][PASSED] - com.reusableComponent.HighlightElement.run(findTestObject("Game/Product List/th_Status")): com.reusableComponent.HighlightElement.run is PASSED

2023-07-10 22:03:07 - [MESSAGE][PASSED] - com.reusableComponent.HighlightElement.run is PASSED

2023-07-10 22:03:07 - [TEST_STEP][PASSED] - com.reusableComponent.HighlightElement.run(findTestObject("Game/Product List/th_Maintenance Scheduled")): com.reusableComponent.HighlightElement.run is PASSED

2023-07-10 22:03:08 - [MESSAGE][PASSED] - com.reusableComponent.HighlightElement.run is PASSED

2023-07-10 22:03:08 - [TEST_STEP][PASSED] - com.reusableComponent.HighlightElement.run(findTestObject("Game/Product List/th_Maintenance Schedule From")): com.reusableComponent.HighlightElement.run is PASSED

2023-07-10 22:03:08 - [MESSAGE][PASSED] - com.reusableComponent.HighlightElement.run is PASSED

2023-07-10 22:03:08 - [TEST_STEP][PASSED] - com.reusableComponent.HighlightElement.run(findTestObject("Game/Product List/th_Maintenance Schedule To")): com.reusableComponent.HighlightElement.run is PASSED

2023-07-10 22:03:09 - [MESSAGE][PASSED] - com.reusableComponent.HighlightElement.run is PASSED

2023-07-10 22:03:09 - [TEST_STEP][PASSED] - com.reusableComponent.HighlightElement.run(findTestObject("Game/Product List/th_Product Languages")): com.reusableComponent.HighlightElement.run is PASSED

2023-07-10 22:03:09 - [MESSAGE][PASSED] - com.reusableComponent.HighlightElement.run is PASSED

2023-07-10 22:03:09 - [TEST_STEP][PASSED] - com.reusableComponent.HighlightElement.run(findTestObject("Game/Product List/th_Action")): com.reusableComponent.HighlightElement.run is PASSED

2023-07-10 22:03:10 - [MESSAGE][PASSED] - com.reusableComponent.HighlightElement.run is PASSED

2023-07-10 22:03:10 - [TEST_STEP][PASSED] - com.reusableComponent.HighlightElement.run(findTestObject("Game/Product List/table_Name")): com.reusableComponent.HighlightElement.run is PASSED

2023-07-10 22:03:10 - [MESSAGE][PASSED] - com.reusableComponent.HighlightElement.run is PASSED

2023-07-10 22:03:10 - [TEST_STEP][PASSED] - verifyElementVisible(findTestObject("Game/Product List/th_Name")): Object 'Object Repository/Game/Product List/th_Name' is visible

2023-07-10 22:03:10 - [MESSAGE][PASSED] - Object 'Object Repository/Game/Product List/th_Name' is visible

2023-07-10 22:03:10 - [TEST_STEP][PASSED] - verifyElementVisible(findTestObject("Game/Product List/th_Category")): Object 'Object Repository/Game/Product List/th_Category' is visible

2023-07-10 22:03:11 - [MESSAGE][PASSED] - Object 'Object Repository/Game/Product List/th_Category' is visible

2023-07-10 22:03:11 - [TEST_STEP][PASSED] - verifyElementVisible(findTestObject("Game/Product List/th_Description")): Object 'Object Repository/Game/Product List/th_Description' is visible

2023-07-10 22:03:11 - [MESSAGE][PASSED] - Object 'Object Repository/Game/Product List/th_Description' is visible

2023-07-10 22:03:11 - [TEST_STEP][PASSED] - verifyElementVisible(findTestObject("Game/Product List/th_Up By")): Object 'Object Repository/Game/Product List/th_Up By' is visible

2023-07-10 22:03:12 - [MESSAGE][PASSED] - Object 'Object Repository/Game/Product List/th_Up By' is visible

2023-07-10 22:03:12 - [TEST_STEP][PASSED] - verifyElementVisible(findTestObject("Game/Product List/th_Down By")): Object 'Object Repository/Game/Product List/th_Down By' is visible

2023-07-10 22:03:12 - [MESSAGE][PASSED] - Object 'Object Repository/Game/Product List/th_Down By' is visible

2023-07-10 22:03:12 - [TEST_STEP][PASSED] - verifyElementVisible(findTestObject("Game/Product List/th_Up At")): Object 'Object Repository/Game/Product List/th_Up At' is visible

2023-07-10 22:03:13 - [MESSAGE][PASSED] - Object 'Object Repository/Game/Product List/th_Up At' is visible

2023-07-10 22:03:13 - [TEST_STEP][PASSED] - verifyElementVisible(findTestObject("Game/Product List/th_Down At")): Object 'Object Repository/Game/Product List/th_Down At' is visible

2023-07-10 22:03:13 - [MESSAGE][PASSED] - Object 'Object Repository/Game/Product List/th_Down At' is visible

2023-07-10 22:03:13 - [TEST_STEP][PASSED] - verifyElementVisible(findTestObject("Game/Product List/th_Up Time")): Object 'Object Repository/Game/Product List/th_Up Time' is visible

2023-07-10 22:03:13 - [MESSAGE][PASSED] - Object 'Object Repository/Game/Product List/th_Up Time' is visible

2023-07-10 22:03:13 - [TEST_STEP][PASSED] - verifyElementVisible(findTestObject("Game/Product List/th_Down Time")): Object 'Object Repository/Game/Product List/th_Down Time' is visible

2023-07-10 22:03:14 - [MESSAGE][PASSED] - Object 'Object Repository/Game/Product List/th_Down Time' is visible

2023-07-10 22:03:14 - [TEST_STEP][PASSED] - verifyElementVisible(findTestObject("Game/Product List/th_Status")): Object 'Object Repository/Game/Product List/th_Status' is visible

2023-07-10 22:03:14 - [MESSAGE][PASSED] - Object 'Object Repository/Game/Product List/th_Status' is visible

2023-07-10 22:03:14 - [TEST_STEP][PASSED] - verifyElementVisible(findTestObject("Game/Product List/th_Maintenance Scheduled")): Object 'Object Repository/Game/Product List/th_Maintenance Scheduled' is visible

2023-07-10 22:03:15 - [MESSAGE][PASSED] - Object 'Object Repository/Game/Product List/th_Maintenance Scheduled' is visible

2023-07-10 22:03:15 - [TEST_STEP][PASSED] - verifyElementVisible(findTestObject("Game/Product List/th_Maintenance Schedule From")): Object 'Object Repository/Game/Product List/th_Maintenance Schedule From' is visible

2023-07-10 22:03:15 - [MESSAGE][PASSED] - Object 'Object Repository/Game/Product List/th_Maintenance Schedule From' is visible

2023-07-10 22:03:15 - [TEST_STEP][PASSED] - verifyElementVisible(findTestObject("Game/Product List/th_Maintenance Schedule To")): Object 'Object Repository/Game/Product List/th_Maintenance Schedule To' is visible

2023-07-10 22:03:15 - [MESSAGE][PASSED] - Object 'Object Repository/Game/Product List/th_Maintenance Schedule To' is visible

2023-07-10 22:03:15 - [TEST_STEP][PASSED] - verifyElementVisible(findTestObject("Game/Product List/th_Product Languages")): Object 'Object Repository/Game/Product List/th_Product Languages' is visible

2023-07-10 22:03:16 - [MESSAGE][PASSED] - Object 'Object Repository/Game/Product List/th_Product Languages' is visible

2023-07-10 22:03:16 - [TEST_STEP][PASSED] - verifyElementVisible(findTestObject("Game/Product List/th_Action")): Object 'Object Repository/Game/Product List/th_Action' is visible

2023-07-10 22:03:16 - [MESSAGE][PASSED] - Object 'Object Repository/Game/Product List/th_Action' is visible

2023-07-10 22:03:16 - [TEST_STEP][PASSED] - verifyElementVisible(findTestObject("Game/Product List/table_Name")): Object 'Object Repository/Game/Product List/table_Name' is visible

2023-07-10 22:03:17 - [MESSAGE][PASSED] - Object 'Object Repository/Game/Product List/table_Name' is visible

2023-07-10 22:03:17 - [TEST_STEP][PASSED] - com.reusableComponent.HighlightElement.run(findTestObject("Game/Product List/li_Previous")): com.reusableComponent.HighlightElement.run is PASSED

2023-07-10 22:03:17 - [MESSAGE][PASSED] - com.reusableComponent.HighlightElement.run is PASSED

2023-07-10 22:03:17 - [TEST_STEP][PASSED] - com.reusableComponent.HighlightElement.run(findTestObject("Game/Product List/a_Next")): com.reusableComponent.HighlightElement.run is PASSED

2023-07-10 22:03:18 - [MESSAGE][PASSED] - com.reusableComponent.HighlightElement.run is PASSED

2023-07-10 22:03:18 - [TEST_STEP][PASSED] - verifyElementVisible(findTestObject("Game/Product List/li_Previous")): Object 'Object Repository/Game/Product List/li_Previous' is visible

2023-07-10 22:03:18 - [MESSAGE][PASSED] - Object 'Object Repository/Game/Product List/li_Previous' is visible

2023-07-10 22:03:18 - [TEST_STEP][PASSED] - verifyElementVisible(findTestObject("Game/Product List/a_Next")): Object 'Object Repository/Game/Product List/a_Next' is visible

2023-07-10 22:03:19 - [MESSAGE][PASSED] - Object 'Object Repository/Game/Product List/a_Next' is visible]]></system-out>
         <system-err><![CDATA[]]></system-err>
      </testcase>
      <testcase name="Test Cases/Game/Product List IDR" time="28.143" classname="Test Cases/Game/Product List IDR" status="PASSED">
         <system-out><![CDATA[2023-07-10 22:03:19 - [TEST_CASE][PASSED] - Test Cases/Game/Product List IDR: Test Cases/Game/Product List IDR

2023-07-10 22:03:19 - [TEST_STEP][PASSED] - com.reusableComponent.HighlightElement.run(findTestObject("Game/Page_Dashboard/span_Game")): com.reusableComponent.HighlightElement.run is PASSED

2023-07-10 22:03:19 - [MESSAGE][PASSED] - com.reusableComponent.HighlightElement.run is PASSED

2023-07-10 22:03:19 - [TEST_STEP][PASSED] - mouseOver(findTestObject("Game/Page_Dashboard/span_Game")): Object: 'Object Repository/Game/Page_Dashboard/span_Game' is hovered

2023-07-10 22:03:20 - [MESSAGE][PASSED] - Object: 'Object Repository/Game/Page_Dashboard/span_Game' is hovered

2023-07-10 22:03:20 - [TEST_STEP][PASSED] - com.reusableComponent.HighlightElement.run(findTestObject("Game/Page_Dashboard/span_Product List")): com.reusableComponent.HighlightElement.run is PASSED

2023-07-10 22:03:20 - [MESSAGE][PASSED] - com.reusableComponent.HighlightElement.run is PASSED

2023-07-10 22:03:20 - [TEST_STEP][PASSED] - mouseOver(findTestObject("Game/Page_Dashboard/span_Product List")): Object: 'Object Repository/Game/Page_Dashboard/span_Product List' is hovered

2023-07-10 22:03:21 - [MESSAGE][PASSED] - Object: 'Object Repository/Game/Page_Dashboard/span_Product List' is hovered

2023-07-10 22:03:21 - [TEST_STEP][PASSED] - com.reusableComponent.HighlightElement.run(findTestObject("Game/Page_Dashboard/span_IDR")): com.reusableComponent.HighlightElement.run is PASSED

2023-07-10 22:03:21 - [MESSAGE][PASSED] - com.reusableComponent.HighlightElement.run is PASSED

2023-07-10 22:03:21 - [TEST_STEP][PASSED] - mouseOver(findTestObject("Game/Page_Dashboard/span_IDR")): Object: 'Object Repository/Game/Page_Dashboard/span_IDR' is hovered

2023-07-10 22:03:22 - [MESSAGE][PASSED] - Object: 'Object Repository/Game/Page_Dashboard/span_IDR' is hovered

2023-07-10 22:03:22 - [TEST_STEP][PASSED] - click(findTestObject("Game/Page_Dashboard/span_IDR")): Object: 'Object Repository/Game/Page_Dashboard/span_IDR' is clicked on

2023-07-10 22:03:25 - [MESSAGE][PASSED] - Object: 'Object Repository/Game/Page_Dashboard/span_IDR' is clicked on

2023-07-10 22:03:25 - [TEST_STEP][PASSED] - com.reusableComponent.HighlightElement.run(findTestObject("Game/Product List/h3_Game List")): com.reusableComponent.HighlightElement.run is PASSED

2023-07-10 22:03:25 - [MESSAGE][PASSED] - com.reusableComponent.HighlightElement.run is PASSED

2023-07-10 22:03:25 - [TEST_STEP][PASSED] - com.reusableComponent.HighlightElement.run(findTestObject("Game/Product List/select_102550100")): com.reusableComponent.HighlightElement.run is PASSED

2023-07-10 22:03:26 - [MESSAGE][PASSED] - com.reusableComponent.HighlightElement.run is PASSED

2023-07-10 22:03:26 - [TEST_STEP][PASSED] - com.reusableComponent.HighlightElement.run(findTestObject("Game/Product List/span_Copy")): com.reusableComponent.HighlightElement.run is PASSED

2023-07-10 22:03:26 - [MESSAGE][PASSED] - com.reusableComponent.HighlightElement.run is PASSED

2023-07-10 22:03:26 - [TEST_STEP][PASSED] - com.reusableComponent.HighlightElement.run(findTestObject("Game/Product List/span_CSV")): com.reusableComponent.HighlightElement.run is PASSED

2023-07-10 22:03:27 - [MESSAGE][PASSED] - com.reusableComponent.HighlightElement.run is PASSED

2023-07-10 22:03:27 - [TEST_STEP][PASSED] - com.reusableComponent.HighlightElement.run(findTestObject("Game/Product List/span_Excel")): com.reusableComponent.HighlightElement.run is PASSED

2023-07-10 22:03:27 - [MESSAGE][PASSED] - com.reusableComponent.HighlightElement.run is PASSED

2023-07-10 22:03:27 - [TEST_STEP][PASSED] - com.reusableComponent.HighlightElement.run(findTestObject("Game/Product List/span_PDF")): com.reusableComponent.HighlightElement.run is PASSED

2023-07-10 22:03:28 - [MESSAGE][PASSED] - com.reusableComponent.HighlightElement.run is PASSED

2023-07-10 22:03:28 - [TEST_STEP][PASSED] - com.reusableComponent.HighlightElement.run(findTestObject("Game/Product List/input_Search_form-control form-control-sm")): com.reusableComponent.HighlightElement.run is PASSED

2023-07-10 22:03:28 - [MESSAGE][PASSED] - com.reusableComponent.HighlightElement.run is PASSED

2023-07-10 22:03:28 - [TEST_STEP][PASSED] - verifyElementVisible(findTestObject("Game/Product List/h3_Game List")): Object 'Object Repository/Game/Product List/h3_Game List' is visible

2023-07-10 22:03:29 - [MESSAGE][PASSED] - Object 'Object Repository/Game/Product List/h3_Game List' is visible

2023-07-10 22:03:29 - [TEST_STEP][PASSED] - verifyElementVisible(findTestObject("Game/Product List/select_102550100")): Object 'Object Repository/Game/Product List/select_102550100' is visible

2023-07-10 22:03:29 - [MESSAGE][PASSED] - Object 'Object Repository/Game/Product List/select_102550100' is visible

2023-07-10 22:03:29 - [TEST_STEP][PASSED] - verifyElementVisible(findTestObject("Game/Product List/span_Copy")): Object 'Object Repository/Game/Product List/span_Copy' is visible

2023-07-10 22:03:30 - [MESSAGE][PASSED] - Object 'Object Repository/Game/Product List/span_Copy' is visible

2023-07-10 22:03:30 - [TEST_STEP][PASSED] - verifyElementVisible(findTestObject("Game/Product List/span_CSV")): Object 'Object Repository/Game/Product List/span_CSV' is visible

2023-07-10 22:03:30 - [MESSAGE][PASSED] - Object 'Object Repository/Game/Product List/span_CSV' is visible

2023-07-10 22:03:30 - [TEST_STEP][PASSED] - verifyElementVisible(findTestObject("Game/Product List/span_Excel")): Object 'Object Repository/Game/Product List/span_Excel' is visible

2023-07-10 22:03:30 - [MESSAGE][PASSED] - Object 'Object Repository/Game/Product List/span_Excel' is visible

2023-07-10 22:03:30 - [TEST_STEP][PASSED] - verifyElementVisible(findTestObject("Game/Product List/span_PDF")): Object 'Object Repository/Game/Product List/span_PDF' is visible

2023-07-10 22:03:31 - [MESSAGE][PASSED] - Object 'Object Repository/Game/Product List/span_PDF' is visible

2023-07-10 22:03:31 - [TEST_STEP][PASSED] - verifyElementVisible(findTestObject("Game/Product List/input_Search_form-control form-control-sm")): Object 'Object Repository/Game/Product List/input_Search_form-control form-control-sm' is visible

2023-07-10 22:03:31 - [MESSAGE][PASSED] - Object 'Object Repository/Game/Product List/input_Search_form-control form-control-sm' is visible

2023-07-10 22:03:31 - [TEST_STEP][PASSED] - com.reusableComponent.HighlightElement.run(findTestObject("Game/Product List/th_Name")): com.reusableComponent.HighlightElement.run is PASSED

2023-07-10 22:03:32 - [MESSAGE][PASSED] - com.reusableComponent.HighlightElement.run is PASSED

2023-07-10 22:03:32 - [TEST_STEP][PASSED] - com.reusableComponent.HighlightElement.run(findTestObject("Game/Product List/th_Category")): com.reusableComponent.HighlightElement.run is PASSED

2023-07-10 22:03:32 - [MESSAGE][PASSED] - com.reusableComponent.HighlightElement.run is PASSED

2023-07-10 22:03:32 - [TEST_STEP][PASSED] - com.reusableComponent.HighlightElement.run(findTestObject("Game/Product List/th_Description")): com.reusableComponent.HighlightElement.run is PASSED

2023-07-10 22:03:33 - [MESSAGE][PASSED] - com.reusableComponent.HighlightElement.run is PASSED

2023-07-10 22:03:33 - [TEST_STEP][PASSED] - com.reusableComponent.HighlightElement.run(findTestObject("Game/Product List/th_Up By")): com.reusableComponent.HighlightElement.run is PASSED

2023-07-10 22:03:33 - [MESSAGE][PASSED] - com.reusableComponent.HighlightElement.run is PASSED

2023-07-10 22:03:33 - [TEST_STEP][PASSED] - com.reusableComponent.HighlightElement.run(findTestObject("Game/Product List/th_Down By")): com.reusableComponent.HighlightElement.run is PASSED

2023-07-10 22:03:33 - [MESSAGE][PASSED] - com.reusableComponent.HighlightElement.run is PASSED

2023-07-10 22:03:33 - [TEST_STEP][PASSED] - com.reusableComponent.HighlightElement.run(findTestObject("Game/Product List/th_Up At")): com.reusableComponent.HighlightElement.run is PASSED

2023-07-10 22:03:34 - [MESSAGE][PASSED] - com.reusableComponent.HighlightElement.run is PASSED

2023-07-10 22:03:34 - [TEST_STEP][PASSED] - com.reusableComponent.HighlightElement.run(findTestObject("Game/Product List/th_Down At")): com.reusableComponent.HighlightElement.run is PASSED

2023-07-10 22:03:34 - [MESSAGE][PASSED] - com.reusableComponent.HighlightElement.run is PASSED

2023-07-10 22:03:34 - [TEST_STEP][PASSED] - com.reusableComponent.HighlightElement.run(findTestObject("Game/Product List/th_Up Time")): com.reusableComponent.HighlightElement.run is PASSED

2023-07-10 22:03:35 - [MESSAGE][PASSED] - com.reusableComponent.HighlightElement.run is PASSED

2023-07-10 22:03:35 - [TEST_STEP][PASSED] - com.reusableComponent.HighlightElement.run(findTestObject("Game/Product List/th_Down Time")): com.reusableComponent.HighlightElement.run is PASSED

2023-07-10 22:03:35 - [MESSAGE][PASSED] - com.reusableComponent.HighlightElement.run is PASSED

2023-07-10 22:03:35 - [TEST_STEP][PASSED] - com.reusableComponent.HighlightElement.run(findTestObject("Game/Product List/th_Status")): com.reusableComponent.HighlightElement.run is PASSED

2023-07-10 22:03:36 - [MESSAGE][PASSED] - com.reusableComponent.HighlightElement.run is PASSED

2023-07-10 22:03:36 - [TEST_STEP][PASSED] - com.reusableComponent.HighlightElement.run(findTestObject("Game/Product List/th_Maintenance Scheduled")): com.reusableComponent.HighlightElement.run is PASSED

2023-07-10 22:03:36 - [MESSAGE][PASSED] - com.reusableComponent.HighlightElement.run is PASSED

2023-07-10 22:03:36 - [TEST_STEP][PASSED] - com.reusableComponent.HighlightElement.run(findTestObject("Game/Product List/th_Maintenance Schedule From")): com.reusableComponent.HighlightElement.run is PASSED

2023-07-10 22:03:37 - [MESSAGE][PASSED] - com.reusableComponent.HighlightElement.run is PASSED

2023-07-10 22:03:37 - [TEST_STEP][PASSED] - com.reusableComponent.HighlightElement.run(findTestObject("Game/Product List/th_Maintenance Schedule To")): com.reusableComponent.HighlightElement.run is PASSED

2023-07-10 22:03:37 - [MESSAGE][PASSED] - com.reusableComponent.HighlightElement.run is PASSED

2023-07-10 22:03:37 - [TEST_STEP][PASSED] - com.reusableComponent.HighlightElement.run(findTestObject("Game/Product List/th_Product Languages")): com.reusableComponent.HighlightElement.run is PASSED

2023-07-10 22:03:37 - [MESSAGE][PASSED] - com.reusableComponent.HighlightElement.run is PASSED

2023-07-10 22:03:37 - [TEST_STEP][PASSED] - com.reusableComponent.HighlightElement.run(findTestObject("Game/Product List/th_Action")): com.reusableComponent.HighlightElement.run is PASSED

2023-07-10 22:03:38 - [MESSAGE][PASSED] - com.reusableComponent.HighlightElement.run is PASSED

2023-07-10 22:03:38 - [TEST_STEP][PASSED] - com.reusableComponent.HighlightElement.run(findTestObject("Game/Product List/table_Name")): com.reusableComponent.HighlightElement.run is PASSED

2023-07-10 22:03:38 - [MESSAGE][PASSED] - com.reusableComponent.HighlightElement.run is PASSED

2023-07-10 22:03:38 - [TEST_STEP][PASSED] - verifyElementVisible(findTestObject("Game/Product List/th_Name")): Object 'Object Repository/Game/Product List/th_Name' is visible

2023-07-10 22:03:39 - [MESSAGE][PASSED] - Object 'Object Repository/Game/Product List/th_Name' is visible

2023-07-10 22:03:39 - [TEST_STEP][PASSED] - verifyElementVisible(findTestObject("Game/Product List/th_Category")): Object 'Object Repository/Game/Product List/th_Category' is visible

2023-07-10 22:03:39 - [MESSAGE][PASSED] - Object 'Object Repository/Game/Product List/th_Category' is visible

2023-07-10 22:03:39 - [TEST_STEP][PASSED] - verifyElementVisible(findTestObject("Game/Product List/th_Description")): Object 'Object Repository/Game/Product List/th_Description' is visible

2023-07-10 22:03:40 - [MESSAGE][PASSED] - Object 'Object Repository/Game/Product List/th_Description' is visible

2023-07-10 22:03:40 - [TEST_STEP][PASSED] - verifyElementVisible(findTestObject("Game/Product List/th_Up By")): Object 'Object Repository/Game/Product List/th_Up By' is visible

2023-07-10 22:03:40 - [MESSAGE][PASSED] - Object 'Object Repository/Game/Product List/th_Up By' is visible

2023-07-10 22:03:40 - [TEST_STEP][PASSED] - verifyElementVisible(findTestObject("Game/Product List/th_Down By")): Object 'Object Repository/Game/Product List/th_Down By' is visible

2023-07-10 22:03:40 - [MESSAGE][PASSED] - Object 'Object Repository/Game/Product List/th_Down By' is visible

2023-07-10 22:03:40 - [TEST_STEP][PASSED] - verifyElementVisible(findTestObject("Game/Product List/th_Up At")): Object 'Object Repository/Game/Product List/th_Up At' is visible

2023-07-10 22:03:41 - [MESSAGE][PASSED] - Object 'Object Repository/Game/Product List/th_Up At' is visible

2023-07-10 22:03:41 - [TEST_STEP][PASSED] - verifyElementVisible(findTestObject("Game/Product List/th_Down At")): Object 'Object Repository/Game/Product List/th_Down At' is visible

2023-07-10 22:03:41 - [MESSAGE][PASSED] - Object 'Object Repository/Game/Product List/th_Down At' is visible

2023-07-10 22:03:41 - [TEST_STEP][PASSED] - verifyElementVisible(findTestObject("Game/Product List/th_Up Time")): Object 'Object Repository/Game/Product List/th_Up Time' is visible

2023-07-10 22:03:42 - [MESSAGE][PASSED] - Object 'Object Repository/Game/Product List/th_Up Time' is visible

2023-07-10 22:03:42 - [TEST_STEP][PASSED] - verifyElementVisible(findTestObject("Game/Product List/th_Down Time")): Object 'Object Repository/Game/Product List/th_Down Time' is visible

2023-07-10 22:03:42 - [MESSAGE][PASSED] - Object 'Object Repository/Game/Product List/th_Down Time' is visible

2023-07-10 22:03:42 - [TEST_STEP][PASSED] - verifyElementVisible(findTestObject("Game/Product List/th_Status")): Object 'Object Repository/Game/Product List/th_Status' is visible

2023-07-10 22:03:42 - [MESSAGE][PASSED] - Object 'Object Repository/Game/Product List/th_Status' is visible

2023-07-10 22:03:42 - [TEST_STEP][PASSED] - verifyElementVisible(findTestObject("Game/Product List/th_Maintenance Scheduled")): Object 'Object Repository/Game/Product List/th_Maintenance Scheduled' is visible

2023-07-10 22:03:43 - [MESSAGE][PASSED] - Object 'Object Repository/Game/Product List/th_Maintenance Scheduled' is visible

2023-07-10 22:03:43 - [TEST_STEP][PASSED] - verifyElementVisible(findTestObject("Game/Product List/th_Maintenance Schedule From")): Object 'Object Repository/Game/Product List/th_Maintenance Schedule From' is visible

2023-07-10 22:03:43 - [MESSAGE][PASSED] - Object 'Object Repository/Game/Product List/th_Maintenance Schedule From' is visible

2023-07-10 22:03:43 - [TEST_STEP][PASSED] - verifyElementVisible(findTestObject("Game/Product List/th_Maintenance Schedule To")): Object 'Object Repository/Game/Product List/th_Maintenance Schedule To' is visible

2023-07-10 22:03:44 - [MESSAGE][PASSED] - Object 'Object Repository/Game/Product List/th_Maintenance Schedule To' is visible

2023-07-10 22:03:44 - [TEST_STEP][PASSED] - verifyElementVisible(findTestObject("Game/Product List/th_Product Languages")): Object 'Object Repository/Game/Product List/th_Product Languages' is visible

2023-07-10 22:03:44 - [MESSAGE][PASSED] - Object 'Object Repository/Game/Product List/th_Product Languages' is visible

2023-07-10 22:03:44 - [TEST_STEP][PASSED] - verifyElementVisible(findTestObject("Game/Product List/th_Action")): Object 'Object Repository/Game/Product List/th_Action' is visible

2023-07-10 22:03:44 - [MESSAGE][PASSED] - Object 'Object Repository/Game/Product List/th_Action' is visible

2023-07-10 22:03:44 - [TEST_STEP][PASSED] - verifyElementVisible(findTestObject("Game/Product List/table_Name")): Object 'Object Repository/Game/Product List/table_Name' is visible

2023-07-10 22:03:45 - [MESSAGE][PASSED] - Object 'Object Repository/Game/Product List/table_Name' is visible

2023-07-10 22:03:45 - [TEST_STEP][PASSED] - com.reusableComponent.HighlightElement.run(findTestObject("Game/Product List/li_Previous")): com.reusableComponent.HighlightElement.run is PASSED

2023-07-10 22:03:45 - [MESSAGE][PASSED] - com.reusableComponent.HighlightElement.run is PASSED

2023-07-10 22:03:45 - [TEST_STEP][PASSED] - com.reusableComponent.HighlightElement.run(findTestObject("Game/Product List/a_Next")): com.reusableComponent.HighlightElement.run is PASSED

2023-07-10 22:03:46 - [MESSAGE][PASSED] - com.reusableComponent.HighlightElement.run is PASSED

2023-07-10 22:03:46 - [TEST_STEP][PASSED] - verifyElementVisible(findTestObject("Game/Product List/li_Previous")): Object 'Object Repository/Game/Product List/li_Previous' is visible

2023-07-10 22:03:46 - [MESSAGE][PASSED] - Object 'Object Repository/Game/Product List/li_Previous' is visible

2023-07-10 22:03:46 - [TEST_STEP][PASSED] - verifyElementVisible(findTestObject("Game/Product List/a_Next")): Object 'Object Repository/Game/Product List/a_Next' is visible

2023-07-10 22:03:47 - [MESSAGE][PASSED] - Object 'Object Repository/Game/Product List/a_Next' is visible]]></system-out>
         <system-err><![CDATA[]]></system-err>
      </testcase>
      <testcase name="Test Cases/Game/Product List MMK" time="28.626" classname="Test Cases/Game/Product List MMK" status="PASSED">
         <system-out><![CDATA[2023-07-10 22:03:47 - [TEST_CASE][PASSED] - Test Cases/Game/Product List MMK: Test Cases/Game/Product List MMK

2023-07-10 22:03:47 - [TEST_STEP][PASSED] - com.reusableComponent.HighlightElement.run(findTestObject("Game/Page_Dashboard/span_Game")): com.reusableComponent.HighlightElement.run is PASSED

2023-07-10 22:03:48 - [MESSAGE][PASSED] - com.reusableComponent.HighlightElement.run is PASSED

2023-07-10 22:03:48 - [TEST_STEP][PASSED] - mouseOver(findTestObject("Game/Page_Dashboard/span_Game")): Object: 'Object Repository/Game/Page_Dashboard/span_Game' is hovered

2023-07-10 22:03:48 - [MESSAGE][PASSED] - Object: 'Object Repository/Game/Page_Dashboard/span_Game' is hovered

2023-07-10 22:03:48 - [TEST_STEP][PASSED] - com.reusableComponent.HighlightElement.run(findTestObject("Game/Page_Dashboard/span_Product List")): com.reusableComponent.HighlightElement.run is PASSED

2023-07-10 22:03:49 - [MESSAGE][PASSED] - com.reusableComponent.HighlightElement.run is PASSED

2023-07-10 22:03:49 - [TEST_STEP][PASSED] - mouseOver(findTestObject("Game/Page_Dashboard/span_Product List")): Object: 'Object Repository/Game/Page_Dashboard/span_Product List' is hovered

2023-07-10 22:03:49 - [MESSAGE][PASSED] - Object: 'Object Repository/Game/Page_Dashboard/span_Product List' is hovered

2023-07-10 22:03:49 - [TEST_STEP][PASSED] - com.reusableComponent.HighlightElement.run(findTestObject("Game/Page_Dashboard/span_MMK")): com.reusableComponent.HighlightElement.run is PASSED

2023-07-10 22:03:50 - [MESSAGE][PASSED] - com.reusableComponent.HighlightElement.run is PASSED

2023-07-10 22:03:50 - [TEST_STEP][PASSED] - mouseOver(findTestObject("Game/Page_Dashboard/span_MMK")): Object: 'Object Repository/Game/Page_Dashboard/span_MMK' is hovered

2023-07-10 22:03:50 - [MESSAGE][PASSED] - Object: 'Object Repository/Game/Page_Dashboard/span_MMK' is hovered

2023-07-10 22:03:50 - [TEST_STEP][PASSED] - click(findTestObject("Game/Page_Dashboard/span_MMK")): Object: 'Object Repository/Game/Page_Dashboard/span_MMK' is clicked on

2023-07-10 22:03:53 - [MESSAGE][PASSED] - Object: 'Object Repository/Game/Page_Dashboard/span_MMK' is clicked on

2023-07-10 22:03:53 - [TEST_STEP][PASSED] - com.reusableComponent.HighlightElement.run(findTestObject("Game/Product List/h3_Game List")): com.reusableComponent.HighlightElement.run is PASSED

2023-07-10 22:03:53 - [MESSAGE][PASSED] - com.reusableComponent.HighlightElement.run is PASSED

2023-07-10 22:03:53 - [TEST_STEP][PASSED] - com.reusableComponent.HighlightElement.run(findTestObject("Game/Product List/select_102550100")): com.reusableComponent.HighlightElement.run is PASSED

2023-07-10 22:03:54 - [MESSAGE][PASSED] - com.reusableComponent.HighlightElement.run is PASSED

2023-07-10 22:03:54 - [TEST_STEP][PASSED] - com.reusableComponent.HighlightElement.run(findTestObject("Game/Product List/span_Copy")): com.reusableComponent.HighlightElement.run is PASSED

2023-07-10 22:03:54 - [MESSAGE][PASSED] - com.reusableComponent.HighlightElement.run is PASSED

2023-07-10 22:03:54 - [TEST_STEP][PASSED] - com.reusableComponent.HighlightElement.run(findTestObject("Game/Product List/span_CSV")): com.reusableComponent.HighlightElement.run is PASSED

2023-07-10 22:03:55 - [MESSAGE][PASSED] - com.reusableComponent.HighlightElement.run is PASSED

2023-07-10 22:03:55 - [TEST_STEP][PASSED] - com.reusableComponent.HighlightElement.run(findTestObject("Game/Product List/span_Excel")): com.reusableComponent.HighlightElement.run is PASSED

2023-07-10 22:03:56 - [MESSAGE][PASSED] - com.reusableComponent.HighlightElement.run is PASSED

2023-07-10 22:03:56 - [TEST_STEP][PASSED] - com.reusableComponent.HighlightElement.run(findTestObject("Game/Product List/span_PDF")): com.reusableComponent.HighlightElement.run is PASSED

2023-07-10 22:03:56 - [MESSAGE][PASSED] - com.reusableComponent.HighlightElement.run is PASSED

2023-07-10 22:03:56 - [TEST_STEP][PASSED] - com.reusableComponent.HighlightElement.run(findTestObject("Game/Product List/input_Search_form-control form-control-sm")): com.reusableComponent.HighlightElement.run is PASSED

2023-07-10 22:03:56 - [MESSAGE][PASSED] - com.reusableComponent.HighlightElement.run is PASSED

2023-07-10 22:03:56 - [TEST_STEP][PASSED] - verifyElementVisible(findTestObject("Game/Product List/h3_Game List")): Object 'Object Repository/Game/Product List/h3_Game List' is visible

2023-07-10 22:03:57 - [MESSAGE][PASSED] - Object 'Object Repository/Game/Product List/h3_Game List' is visible

2023-07-10 22:03:57 - [TEST_STEP][PASSED] - verifyElementVisible(findTestObject("Game/Product List/select_102550100")): Object 'Object Repository/Game/Product List/select_102550100' is visible

2023-07-10 22:03:57 - [MESSAGE][PASSED] - Object 'Object Repository/Game/Product List/select_102550100' is visible

2023-07-10 22:03:57 - [TEST_STEP][PASSED] - verifyElementVisible(findTestObject("Game/Product List/span_Copy")): Object 'Object Repository/Game/Product List/span_Copy' is visible

2023-07-10 22:03:58 - [MESSAGE][PASSED] - Object 'Object Repository/Game/Product List/span_Copy' is visible

2023-07-10 22:03:58 - [TEST_STEP][PASSED] - verifyElementVisible(findTestObject("Game/Product List/span_CSV")): Object 'Object Repository/Game/Product List/span_CSV' is visible

2023-07-10 22:03:58 - [MESSAGE][PASSED] - Object 'Object Repository/Game/Product List/span_CSV' is visible

2023-07-10 22:03:58 - [TEST_STEP][PASSED] - verifyElementVisible(findTestObject("Game/Product List/span_Excel")): Object 'Object Repository/Game/Product List/span_Excel' is visible

2023-07-10 22:03:59 - [MESSAGE][PASSED] - Object 'Object Repository/Game/Product List/span_Excel' is visible

2023-07-10 22:03:59 - [TEST_STEP][PASSED] - verifyElementVisible(findTestObject("Game/Product List/span_PDF")): Object 'Object Repository/Game/Product List/span_PDF' is visible

2023-07-10 22:03:59 - [MESSAGE][PASSED] - Object 'Object Repository/Game/Product List/span_PDF' is visible

2023-07-10 22:03:59 - [TEST_STEP][PASSED] - verifyElementVisible(findTestObject("Game/Product List/input_Search_form-control form-control-sm")): Object 'Object Repository/Game/Product List/input_Search_form-control form-control-sm' is visible

2023-07-10 22:03:59 - [MESSAGE][PASSED] - Object 'Object Repository/Game/Product List/input_Search_form-control form-control-sm' is visible

2023-07-10 22:03:59 - [TEST_STEP][PASSED] - com.reusableComponent.HighlightElement.run(findTestObject("Game/Product List/th_Name")): com.reusableComponent.HighlightElement.run is PASSED

2023-07-10 22:04:00 - [MESSAGE][PASSED] - com.reusableComponent.HighlightElement.run is PASSED

2023-07-10 22:04:00 - [TEST_STEP][PASSED] - com.reusableComponent.HighlightElement.run(findTestObject("Game/Product List/th_Category")): com.reusableComponent.HighlightElement.run is PASSED

2023-07-10 22:04:00 - [MESSAGE][PASSED] - com.reusableComponent.HighlightElement.run is PASSED

2023-07-10 22:04:00 - [TEST_STEP][PASSED] - com.reusableComponent.HighlightElement.run(findTestObject("Game/Product List/th_Description")): com.reusableComponent.HighlightElement.run is PASSED

2023-07-10 22:04:01 - [MESSAGE][PASSED] - com.reusableComponent.HighlightElement.run is PASSED

2023-07-10 22:04:01 - [TEST_STEP][PASSED] - com.reusableComponent.HighlightElement.run(findTestObject("Game/Product List/th_Up By")): com.reusableComponent.HighlightElement.run is PASSED

2023-07-10 22:04:01 - [MESSAGE][PASSED] - com.reusableComponent.HighlightElement.run is PASSED

2023-07-10 22:04:01 - [TEST_STEP][PASSED] - com.reusableComponent.HighlightElement.run(findTestObject("Game/Product List/th_Down By")): com.reusableComponent.HighlightElement.run is PASSED

2023-07-10 22:04:02 - [MESSAGE][PASSED] - com.reusableComponent.HighlightElement.run is PASSED

2023-07-10 22:04:02 - [TEST_STEP][PASSED] - com.reusableComponent.HighlightElement.run(findTestObject("Game/Product List/th_Up At")): com.reusableComponent.HighlightElement.run is PASSED

2023-07-10 22:04:02 - [MESSAGE][PASSED] - com.reusableComponent.HighlightElement.run is PASSED

2023-07-10 22:04:02 - [TEST_STEP][PASSED] - com.reusableComponent.HighlightElement.run(findTestObject("Game/Product List/th_Down At")): com.reusableComponent.HighlightElement.run is PASSED

2023-07-10 22:04:03 - [MESSAGE][PASSED] - com.reusableComponent.HighlightElement.run is PASSED

2023-07-10 22:04:03 - [TEST_STEP][PASSED] - com.reusableComponent.HighlightElement.run(findTestObject("Game/Product List/th_Up Time")): com.reusableComponent.HighlightElement.run is PASSED

2023-07-10 22:04:03 - [MESSAGE][PASSED] - com.reusableComponent.HighlightElement.run is PASSED

2023-07-10 22:04:03 - [TEST_STEP][PASSED] - com.reusableComponent.HighlightElement.run(findTestObject("Game/Product List/th_Down Time")): com.reusableComponent.HighlightElement.run is PASSED

2023-07-10 22:04:04 - [MESSAGE][PASSED] - com.reusableComponent.HighlightElement.run is PASSED

2023-07-10 22:04:04 - [TEST_STEP][PASSED] - com.reusableComponent.HighlightElement.run(findTestObject("Game/Product List/th_Status")): com.reusableComponent.HighlightElement.run is PASSED

2023-07-10 22:04:04 - [MESSAGE][PASSED] - com.reusableComponent.HighlightElement.run is PASSED

2023-07-10 22:04:04 - [TEST_STEP][PASSED] - com.reusableComponent.HighlightElement.run(findTestObject("Game/Product List/th_Maintenance Scheduled")): com.reusableComponent.HighlightElement.run is PASSED

2023-07-10 22:04:05 - [MESSAGE][PASSED] - com.reusableComponent.HighlightElement.run is PASSED

2023-07-10 22:04:05 - [TEST_STEP][PASSED] - com.reusableComponent.HighlightElement.run(findTestObject("Game/Product List/th_Maintenance Schedule From")): com.reusableComponent.HighlightElement.run is PASSED

2023-07-10 22:04:05 - [MESSAGE][PASSED] - com.reusableComponent.HighlightElement.run is PASSED

2023-07-10 22:04:05 - [TEST_STEP][PASSED] - com.reusableComponent.HighlightElement.run(findTestObject("Game/Product List/th_Maintenance Schedule To")): com.reusableComponent.HighlightElement.run is PASSED

2023-07-10 22:04:05 - [MESSAGE][PASSED] - com.reusableComponent.HighlightElement.run is PASSED

2023-07-10 22:04:05 - [TEST_STEP][PASSED] - com.reusableComponent.HighlightElement.run(findTestObject("Game/Product List/th_Product Languages")): com.reusableComponent.HighlightElement.run is PASSED

2023-07-10 22:04:06 - [MESSAGE][PASSED] - com.reusableComponent.HighlightElement.run is PASSED

2023-07-10 22:04:06 - [TEST_STEP][PASSED] - com.reusableComponent.HighlightElement.run(findTestObject("Game/Product List/th_Action")): com.reusableComponent.HighlightElement.run is PASSED

2023-07-10 22:04:06 - [MESSAGE][PASSED] - com.reusableComponent.HighlightElement.run is PASSED

2023-07-10 22:04:06 - [TEST_STEP][PASSED] - com.reusableComponent.HighlightElement.run(findTestObject("Game/Product List/table_Name")): com.reusableComponent.HighlightElement.run is PASSED

2023-07-10 22:04:07 - [MESSAGE][PASSED] - com.reusableComponent.HighlightElement.run is PASSED

2023-07-10 22:04:07 - [TEST_STEP][PASSED] - verifyElementVisible(findTestObject("Game/Product List/th_Name")): Object 'Object Repository/Game/Product List/th_Name' is visible

2023-07-10 22:04:07 - [MESSAGE][PASSED] - Object 'Object Repository/Game/Product List/th_Name' is visible

2023-07-10 22:04:07 - [TEST_STEP][PASSED] - verifyElementVisible(findTestObject("Game/Product List/th_Category")): Object 'Object Repository/Game/Product List/th_Category' is visible

2023-07-10 22:04:08 - [MESSAGE][PASSED] - Object 'Object Repository/Game/Product List/th_Category' is visible

2023-07-10 22:04:08 - [TEST_STEP][PASSED] - verifyElementVisible(findTestObject("Game/Product List/th_Description")): Object 'Object Repository/Game/Product List/th_Description' is visible

2023-07-10 22:04:08 - [MESSAGE][PASSED] - Object 'Object Repository/Game/Product List/th_Description' is visible

2023-07-10 22:04:08 - [TEST_STEP][PASSED] - verifyElementVisible(findTestObject("Game/Product List/th_Up By")): Object 'Object Repository/Game/Product List/th_Up By' is visible

2023-07-10 22:04:08 - [MESSAGE][PASSED] - Object 'Object Repository/Game/Product List/th_Up By' is visible

2023-07-10 22:04:08 - [TEST_STEP][PASSED] - verifyElementVisible(findTestObject("Game/Product List/th_Down By")): Object 'Object Repository/Game/Product List/th_Down By' is visible

2023-07-10 22:04:09 - [MESSAGE][PASSED] - Object 'Object Repository/Game/Product List/th_Down By' is visible

2023-07-10 22:04:09 - [TEST_STEP][PASSED] - verifyElementVisible(findTestObject("Game/Product List/th_Up At")): Object 'Object Repository/Game/Product List/th_Up At' is visible

2023-07-10 22:04:09 - [MESSAGE][PASSED] - Object 'Object Repository/Game/Product List/th_Up At' is visible

2023-07-10 22:04:09 - [TEST_STEP][PASSED] - verifyElementVisible(findTestObject("Game/Product List/th_Down At")): Object 'Object Repository/Game/Product List/th_Down At' is visible

2023-07-10 22:04:10 - [MESSAGE][PASSED] - Object 'Object Repository/Game/Product List/th_Down At' is visible

2023-07-10 22:04:10 - [TEST_STEP][PASSED] - verifyElementVisible(findTestObject("Game/Product List/th_Up Time")): Object 'Object Repository/Game/Product List/th_Up Time' is visible

2023-07-10 22:04:10 - [MESSAGE][PASSED] - Object 'Object Repository/Game/Product List/th_Up Time' is visible

2023-07-10 22:04:10 - [TEST_STEP][PASSED] - verifyElementVisible(findTestObject("Game/Product List/th_Down Time")): Object 'Object Repository/Game/Product List/th_Down Time' is visible

2023-07-10 22:04:11 - [MESSAGE][PASSED] - Object 'Object Repository/Game/Product List/th_Down Time' is visible

2023-07-10 22:04:11 - [TEST_STEP][PASSED] - verifyElementVisible(findTestObject("Game/Product List/th_Status")): Object 'Object Repository/Game/Product List/th_Status' is visible

2023-07-10 22:04:11 - [MESSAGE][PASSED] - Object 'Object Repository/Game/Product List/th_Status' is visible

2023-07-10 22:04:11 - [TEST_STEP][PASSED] - verifyElementVisible(findTestObject("Game/Product List/th_Maintenance Scheduled")): Object 'Object Repository/Game/Product List/th_Maintenance Scheduled' is visible

2023-07-10 22:04:11 - [MESSAGE][PASSED] - Object 'Object Repository/Game/Product List/th_Maintenance Scheduled' is visible

2023-07-10 22:04:11 - [TEST_STEP][PASSED] - verifyElementVisible(findTestObject("Game/Product List/th_Maintenance Schedule From")): Object 'Object Repository/Game/Product List/th_Maintenance Schedule From' is visible

2023-07-10 22:04:12 - [MESSAGE][PASSED] - Object 'Object Repository/Game/Product List/th_Maintenance Schedule From' is visible

2023-07-10 22:04:12 - [TEST_STEP][PASSED] - verifyElementVisible(findTestObject("Game/Product List/th_Maintenance Schedule To")): Object 'Object Repository/Game/Product List/th_Maintenance Schedule To' is visible

2023-07-10 22:04:12 - [MESSAGE][PASSED] - Object 'Object Repository/Game/Product List/th_Maintenance Schedule To' is visible

2023-07-10 22:04:12 - [TEST_STEP][PASSED] - verifyElementVisible(findTestObject("Game/Product List/th_Product Languages")): Object 'Object Repository/Game/Product List/th_Product Languages' is visible

2023-07-10 22:04:13 - [MESSAGE][PASSED] - Object 'Object Repository/Game/Product List/th_Product Languages' is visible

2023-07-10 22:04:13 - [TEST_STEP][PASSED] - verifyElementVisible(findTestObject("Game/Product List/th_Action")): Object 'Object Repository/Game/Product List/th_Action' is visible

2023-07-10 22:04:13 - [MESSAGE][PASSED] - Object 'Object Repository/Game/Product List/th_Action' is visible

2023-07-10 22:04:13 - [TEST_STEP][PASSED] - verifyElementVisible(findTestObject("Game/Product List/table_Name")): Object 'Object Repository/Game/Product List/table_Name' is visible

2023-07-10 22:04:13 - [MESSAGE][PASSED] - Object 'Object Repository/Game/Product List/table_Name' is visible

2023-07-10 22:04:13 - [TEST_STEP][PASSED] - com.reusableComponent.HighlightElement.run(findTestObject("Game/Product List/li_Previous")): com.reusableComponent.HighlightElement.run is PASSED

2023-07-10 22:04:14 - [MESSAGE][PASSED] - com.reusableComponent.HighlightElement.run is PASSED

2023-07-10 22:04:14 - [TEST_STEP][PASSED] - com.reusableComponent.HighlightElement.run(findTestObject("Game/Product List/a_Next")): com.reusableComponent.HighlightElement.run is PASSED

2023-07-10 22:04:14 - [MESSAGE][PASSED] - com.reusableComponent.HighlightElement.run is PASSED

2023-07-10 22:04:14 - [TEST_STEP][PASSED] - verifyElementVisible(findTestObject("Game/Product List/li_Previous")): Object 'Object Repository/Game/Product List/li_Previous' is visible

2023-07-10 22:04:15 - [MESSAGE][PASSED] - Object 'Object Repository/Game/Product List/li_Previous' is visible

2023-07-10 22:04:15 - [TEST_STEP][PASSED] - verifyElementVisible(findTestObject("Game/Product List/a_Next")): Object 'Object Repository/Game/Product List/a_Next' is visible

2023-07-10 22:04:15 - [MESSAGE][PASSED] - Object 'Object Repository/Game/Product List/a_Next' is visible]]></system-out>
         <system-err><![CDATA[]]></system-err>
      </testcase>
      <testcase name="Test Cases/Game/Product List RMB" time="27.838" classname="Test Cases/Game/Product List RMB" status="PASSED">
         <system-out><![CDATA[2023-07-10 22:04:15 - [TEST_CASE][PASSED] - Test Cases/Game/Product List RMB: Test Cases/Game/Product List RMB

2023-07-10 22:04:16 - [TEST_STEP][PASSED] - com.reusableComponent.HighlightElement.run(findTestObject("Game/Page_Dashboard/span_Game")): com.reusableComponent.HighlightElement.run is PASSED

2023-07-10 22:04:16 - [MESSAGE][PASSED] - com.reusableComponent.HighlightElement.run is PASSED

2023-07-10 22:04:16 - [TEST_STEP][PASSED] - mouseOver(findTestObject("Game/Page_Dashboard/span_Game")): Object: 'Object Repository/Game/Page_Dashboard/span_Game' is hovered

2023-07-10 22:04:17 - [MESSAGE][PASSED] - Object: 'Object Repository/Game/Page_Dashboard/span_Game' is hovered

2023-07-10 22:04:17 - [TEST_STEP][PASSED] - com.reusableComponent.HighlightElement.run(findTestObject("Game/Page_Dashboard/span_Product List")): com.reusableComponent.HighlightElement.run is PASSED

2023-07-10 22:04:17 - [MESSAGE][PASSED] - com.reusableComponent.HighlightElement.run is PASSED

2023-07-10 22:04:17 - [TEST_STEP][PASSED] - mouseOver(findTestObject("Game/Page_Dashboard/span_Product List")): Object: 'Object Repository/Game/Page_Dashboard/span_Product List' is hovered

2023-07-10 22:04:18 - [MESSAGE][PASSED] - Object: 'Object Repository/Game/Page_Dashboard/span_Product List' is hovered

2023-07-10 22:04:18 - [TEST_STEP][PASSED] - com.reusableComponent.HighlightElement.run(findTestObject("Game/Page_Dashboard/span_RMB")): com.reusableComponent.HighlightElement.run is PASSED

2023-07-10 22:04:18 - [MESSAGE][PASSED] - com.reusableComponent.HighlightElement.run is PASSED

2023-07-10 22:04:18 - [TEST_STEP][PASSED] - mouseOver(findTestObject("Game/Page_Dashboard/span_RMB")): Object: 'Object Repository/Game/Page_Dashboard/span_RMB' is hovered

2023-07-10 22:04:19 - [MESSAGE][PASSED] - Object: 'Object Repository/Game/Page_Dashboard/span_RMB' is hovered

2023-07-10 22:04:19 - [TEST_STEP][PASSED] - click(findTestObject("Game/Page_Dashboard/span_RMB")): Object: 'Object Repository/Game/Page_Dashboard/span_RMB' is clicked on

2023-07-10 22:04:21 - [MESSAGE][PASSED] - Object: 'Object Repository/Game/Page_Dashboard/span_RMB' is clicked on

2023-07-10 22:04:21 - [TEST_STEP][PASSED] - com.reusableComponent.HighlightElement.run(findTestObject("Game/Product List/h3_Game List")): com.reusableComponent.HighlightElement.run is PASSED

2023-07-10 22:04:22 - [MESSAGE][PASSED] - com.reusableComponent.HighlightElement.run is PASSED

2023-07-10 22:04:22 - [TEST_STEP][PASSED] - com.reusableComponent.HighlightElement.run(findTestObject("Game/Product List/select_102550100")): com.reusableComponent.HighlightElement.run is PASSED

2023-07-10 22:04:23 - [MESSAGE][PASSED] - com.reusableComponent.HighlightElement.run is PASSED

2023-07-10 22:04:23 - [TEST_STEP][PASSED] - com.reusableComponent.HighlightElement.run(findTestObject("Game/Product List/span_Copy")): com.reusableComponent.HighlightElement.run is PASSED

2023-07-10 22:04:23 - [MESSAGE][PASSED] - com.reusableComponent.HighlightElement.run is PASSED

2023-07-10 22:04:23 - [TEST_STEP][PASSED] - com.reusableComponent.HighlightElement.run(findTestObject("Game/Product List/span_CSV")): com.reusableComponent.HighlightElement.run is PASSED

2023-07-10 22:04:24 - [MESSAGE][PASSED] - com.reusableComponent.HighlightElement.run is PASSED

2023-07-10 22:04:24 - [TEST_STEP][PASSED] - com.reusableComponent.HighlightElement.run(findTestObject("Game/Product List/span_Excel")): com.reusableComponent.HighlightElement.run is PASSED

2023-07-10 22:04:24 - [MESSAGE][PASSED] - com.reusableComponent.HighlightElement.run is PASSED

2023-07-10 22:04:24 - [TEST_STEP][PASSED] - com.reusableComponent.HighlightElement.run(findTestObject("Game/Product List/span_PDF")): com.reusableComponent.HighlightElement.run is PASSED

2023-07-10 22:04:25 - [MESSAGE][PASSED] - com.reusableComponent.HighlightElement.run is PASSED

2023-07-10 22:04:25 - [TEST_STEP][PASSED] - com.reusableComponent.HighlightElement.run(findTestObject("Game/Product List/input_Search_form-control form-control-sm")): com.reusableComponent.HighlightElement.run is PASSED

2023-07-10 22:04:25 - [MESSAGE][PASSED] - com.reusableComponent.HighlightElement.run is PASSED

2023-07-10 22:04:25 - [TEST_STEP][PASSED] - verifyElementVisible(findTestObject("Game/Product List/h3_Game List")): Object 'Object Repository/Game/Product List/h3_Game List' is visible

2023-07-10 22:04:25 - [MESSAGE][PASSED] - Object 'Object Repository/Game/Product List/h3_Game List' is visible

2023-07-10 22:04:25 - [TEST_STEP][PASSED] - verifyElementVisible(findTestObject("Game/Product List/select_102550100")): Object 'Object Repository/Game/Product List/select_102550100' is visible

2023-07-10 22:04:26 - [MESSAGE][PASSED] - Object 'Object Repository/Game/Product List/select_102550100' is visible

2023-07-10 22:04:26 - [TEST_STEP][PASSED] - verifyElementVisible(findTestObject("Game/Product List/span_Copy")): Object 'Object Repository/Game/Product List/span_Copy' is visible

2023-07-10 22:04:26 - [MESSAGE][PASSED] - Object 'Object Repository/Game/Product List/span_Copy' is visible

2023-07-10 22:04:26 - [TEST_STEP][PASSED] - verifyElementVisible(findTestObject("Game/Product List/span_CSV")): Object 'Object Repository/Game/Product List/span_CSV' is visible

2023-07-10 22:04:27 - [MESSAGE][PASSED] - Object 'Object Repository/Game/Product List/span_CSV' is visible

2023-07-10 22:04:27 - [TEST_STEP][PASSED] - verifyElementVisible(findTestObject("Game/Product List/span_Excel")): Object 'Object Repository/Game/Product List/span_Excel' is visible

2023-07-10 22:04:27 - [MESSAGE][PASSED] - Object 'Object Repository/Game/Product List/span_Excel' is visible

2023-07-10 22:04:27 - [TEST_STEP][PASSED] - verifyElementVisible(findTestObject("Game/Product List/span_PDF")): Object 'Object Repository/Game/Product List/span_PDF' is visible

2023-07-10 22:04:27 - [MESSAGE][PASSED] - Object 'Object Repository/Game/Product List/span_PDF' is visible

2023-07-10 22:04:27 - [TEST_STEP][PASSED] - verifyElementVisible(findTestObject("Game/Product List/input_Search_form-control form-control-sm")): Object 'Object Repository/Game/Product List/input_Search_form-control form-control-sm' is visible

2023-07-10 22:04:28 - [MESSAGE][PASSED] - Object 'Object Repository/Game/Product List/input_Search_form-control form-control-sm' is visible

2023-07-10 22:04:28 - [TEST_STEP][PASSED] - com.reusableComponent.HighlightElement.run(findTestObject("Game/Product List/th_Name")): com.reusableComponent.HighlightElement.run is PASSED

2023-07-10 22:04:28 - [MESSAGE][PASSED] - com.reusableComponent.HighlightElement.run is PASSED

2023-07-10 22:04:28 - [TEST_STEP][PASSED] - com.reusableComponent.HighlightElement.run(findTestObject("Game/Product List/th_Category")): com.reusableComponent.HighlightElement.run is PASSED

2023-07-10 22:04:29 - [MESSAGE][PASSED] - com.reusableComponent.HighlightElement.run is PASSED

2023-07-10 22:04:29 - [TEST_STEP][PASSED] - com.reusableComponent.HighlightElement.run(findTestObject("Game/Product List/th_Description")): com.reusableComponent.HighlightElement.run is PASSED

2023-07-10 22:04:29 - [MESSAGE][PASSED] - com.reusableComponent.HighlightElement.run is PASSED

2023-07-10 22:04:29 - [TEST_STEP][PASSED] - com.reusableComponent.HighlightElement.run(findTestObject("Game/Product List/th_Up By")): com.reusableComponent.HighlightElement.run is PASSED

2023-07-10 22:04:30 - [MESSAGE][PASSED] - com.reusableComponent.HighlightElement.run is PASSED

2023-07-10 22:04:30 - [TEST_STEP][PASSED] - com.reusableComponent.HighlightElement.run(findTestObject("Game/Product List/th_Down By")): com.reusableComponent.HighlightElement.run is PASSED

2023-07-10 22:04:30 - [MESSAGE][PASSED] - com.reusableComponent.HighlightElement.run is PASSED

2023-07-10 22:04:30 - [TEST_STEP][PASSED] - com.reusableComponent.HighlightElement.run(findTestObject("Game/Product List/th_Up At")): com.reusableComponent.HighlightElement.run is PASSED

2023-07-10 22:04:30 - [MESSAGE][PASSED] - com.reusableComponent.HighlightElement.run is PASSED

2023-07-10 22:04:30 - [TEST_STEP][PASSED] - com.reusableComponent.HighlightElement.run(findTestObject("Game/Product List/th_Down At")): com.reusableComponent.HighlightElement.run is PASSED

2023-07-10 22:04:31 - [MESSAGE][PASSED] - com.reusableComponent.HighlightElement.run is PASSED

2023-07-10 22:04:31 - [TEST_STEP][PASSED] - com.reusableComponent.HighlightElement.run(findTestObject("Game/Product List/th_Up Time")): com.reusableComponent.HighlightElement.run is PASSED

2023-07-10 22:04:31 - [MESSAGE][PASSED] - com.reusableComponent.HighlightElement.run is PASSED

2023-07-10 22:04:31 - [TEST_STEP][PASSED] - com.reusableComponent.HighlightElement.run(findTestObject("Game/Product List/th_Down Time")): com.reusableComponent.HighlightElement.run is PASSED

2023-07-10 22:04:32 - [MESSAGE][PASSED] - com.reusableComponent.HighlightElement.run is PASSED

2023-07-10 22:04:32 - [TEST_STEP][PASSED] - com.reusableComponent.HighlightElement.run(findTestObject("Game/Product List/th_Status")): com.reusableComponent.HighlightElement.run is PASSED

2023-07-10 22:04:32 - [MESSAGE][PASSED] - com.reusableComponent.HighlightElement.run is PASSED

2023-07-10 22:04:32 - [TEST_STEP][PASSED] - com.reusableComponent.HighlightElement.run(findTestObject("Game/Product List/th_Maintenance Scheduled")): com.reusableComponent.HighlightElement.run is PASSED

2023-07-10 22:04:33 - [MESSAGE][PASSED] - com.reusableComponent.HighlightElement.run is PASSED

2023-07-10 22:04:33 - [TEST_STEP][PASSED] - com.reusableComponent.HighlightElement.run(findTestObject("Game/Product List/th_Maintenance Schedule From")): com.reusableComponent.HighlightElement.run is PASSED

2023-07-10 22:04:33 - [MESSAGE][PASSED] - com.reusableComponent.HighlightElement.run is PASSED

2023-07-10 22:04:33 - [TEST_STEP][PASSED] - com.reusableComponent.HighlightElement.run(findTestObject("Game/Product List/th_Maintenance Schedule To")): com.reusableComponent.HighlightElement.run is PASSED

2023-07-10 22:04:34 - [MESSAGE][PASSED] - com.reusableComponent.HighlightElement.run is PASSED

2023-07-10 22:04:34 - [TEST_STEP][PASSED] - com.reusableComponent.HighlightElement.run(findTestObject("Game/Product List/th_Product Languages")): com.reusableComponent.HighlightElement.run is PASSED

2023-07-10 22:04:34 - [MESSAGE][PASSED] - com.reusableComponent.HighlightElement.run is PASSED

2023-07-10 22:04:34 - [TEST_STEP][PASSED] - com.reusableComponent.HighlightElement.run(findTestObject("Game/Product List/th_Action")): com.reusableComponent.HighlightElement.run is PASSED

2023-07-10 22:04:34 - [MESSAGE][PASSED] - com.reusableComponent.HighlightElement.run is PASSED

2023-07-10 22:04:34 - [TEST_STEP][PASSED] - com.reusableComponent.HighlightElement.run(findTestObject("Game/Product List/table_Name")): com.reusableComponent.HighlightElement.run is PASSED

2023-07-10 22:04:35 - [MESSAGE][PASSED] - com.reusableComponent.HighlightElement.run is PASSED

2023-07-10 22:04:35 - [TEST_STEP][PASSED] - verifyElementVisible(findTestObject("Game/Product List/th_Name")): Object 'Object Repository/Game/Product List/th_Name' is visible

2023-07-10 22:04:35 - [MESSAGE][PASSED] - Object 'Object Repository/Game/Product List/th_Name' is visible

2023-07-10 22:04:35 - [TEST_STEP][PASSED] - verifyElementVisible(findTestObject("Game/Product List/th_Category")): Object 'Object Repository/Game/Product List/th_Category' is visible

2023-07-10 22:04:36 - [MESSAGE][PASSED] - Object 'Object Repository/Game/Product List/th_Category' is visible

2023-07-10 22:04:36 - [TEST_STEP][PASSED] - verifyElementVisible(findTestObject("Game/Product List/th_Description")): Object 'Object Repository/Game/Product List/th_Description' is visible

2023-07-10 22:04:36 - [MESSAGE][PASSED] - Object 'Object Repository/Game/Product List/th_Description' is visible

2023-07-10 22:04:36 - [TEST_STEP][PASSED] - verifyElementVisible(findTestObject("Game/Product List/th_Up By")): Object 'Object Repository/Game/Product List/th_Up By' is visible

2023-07-10 22:04:37 - [MESSAGE][PASSED] - Object 'Object Repository/Game/Product List/th_Up By' is visible

2023-07-10 22:04:37 - [TEST_STEP][PASSED] - verifyElementVisible(findTestObject("Game/Product List/th_Down By")): Object 'Object Repository/Game/Product List/th_Down By' is visible

2023-07-10 22:04:37 - [MESSAGE][PASSED] - Object 'Object Repository/Game/Product List/th_Down By' is visible

2023-07-10 22:04:37 - [TEST_STEP][PASSED] - verifyElementVisible(findTestObject("Game/Product List/th_Up At")): Object 'Object Repository/Game/Product List/th_Up At' is visible

2023-07-10 22:04:37 - [MESSAGE][PASSED] - Object 'Object Repository/Game/Product List/th_Up At' is visible

2023-07-10 22:04:37 - [TEST_STEP][PASSED] - verifyElementVisible(findTestObject("Game/Product List/th_Down At")): Object 'Object Repository/Game/Product List/th_Down At' is visible

2023-07-10 22:04:38 - [MESSAGE][PASSED] - Object 'Object Repository/Game/Product List/th_Down At' is visible

2023-07-10 22:04:38 - [TEST_STEP][PASSED] - verifyElementVisible(findTestObject("Game/Product List/th_Up Time")): Object 'Object Repository/Game/Product List/th_Up Time' is visible

2023-07-10 22:04:38 - [MESSAGE][PASSED] - Object 'Object Repository/Game/Product List/th_Up Time' is visible

2023-07-10 22:04:38 - [TEST_STEP][PASSED] - verifyElementVisible(findTestObject("Game/Product List/th_Down Time")): Object 'Object Repository/Game/Product List/th_Down Time' is visible

2023-07-10 22:04:39 - [MESSAGE][PASSED] - Object 'Object Repository/Game/Product List/th_Down Time' is visible

2023-07-10 22:04:39 - [TEST_STEP][PASSED] - verifyElementVisible(findTestObject("Game/Product List/th_Status")): Object 'Object Repository/Game/Product List/th_Status' is visible

2023-07-10 22:04:39 - [MESSAGE][PASSED] - Object 'Object Repository/Game/Product List/th_Status' is visible

2023-07-10 22:04:39 - [TEST_STEP][PASSED] - verifyElementVisible(findTestObject("Game/Product List/th_Maintenance Scheduled")): Object 'Object Repository/Game/Product List/th_Maintenance Scheduled' is visible

2023-07-10 22:04:39 - [MESSAGE][PASSED] - Object 'Object Repository/Game/Product List/th_Maintenance Scheduled' is visible

2023-07-10 22:04:39 - [TEST_STEP][PASSED] - verifyElementVisible(findTestObject("Game/Product List/th_Maintenance Schedule From")): Object 'Object Repository/Game/Product List/th_Maintenance Schedule From' is visible

2023-07-10 22:04:40 - [MESSAGE][PASSED] - Object 'Object Repository/Game/Product List/th_Maintenance Schedule From' is visible

2023-07-10 22:04:40 - [TEST_STEP][PASSED] - verifyElementVisible(findTestObject("Game/Product List/th_Maintenance Schedule To")): Object 'Object Repository/Game/Product List/th_Maintenance Schedule To' is visible

2023-07-10 22:04:40 - [MESSAGE][PASSED] - Object 'Object Repository/Game/Product List/th_Maintenance Schedule To' is visible

2023-07-10 22:04:40 - [TEST_STEP][PASSED] - verifyElementVisible(findTestObject("Game/Product List/th_Product Languages")): Object 'Object Repository/Game/Product List/th_Product Languages' is visible

2023-07-10 22:04:41 - [MESSAGE][PASSED] - Object 'Object Repository/Game/Product List/th_Product Languages' is visible

2023-07-10 22:04:41 - [TEST_STEP][PASSED] - verifyElementVisible(findTestObject("Game/Product List/th_Action")): Object 'Object Repository/Game/Product List/th_Action' is visible

2023-07-10 22:04:41 - [MESSAGE][PASSED] - Object 'Object Repository/Game/Product List/th_Action' is visible

2023-07-10 22:04:41 - [TEST_STEP][PASSED] - verifyElementVisible(findTestObject("Game/Product List/table_Name")): Object 'Object Repository/Game/Product List/table_Name' is visible

2023-07-10 22:04:41 - [MESSAGE][PASSED] - Object 'Object Repository/Game/Product List/table_Name' is visible

2023-07-10 22:04:41 - [TEST_STEP][PASSED] - com.reusableComponent.HighlightElement.run(findTestObject("Game/Product List/li_Previous")): com.reusableComponent.HighlightElement.run is PASSED

2023-07-10 22:04:42 - [MESSAGE][PASSED] - com.reusableComponent.HighlightElement.run is PASSED

2023-07-10 22:04:42 - [TEST_STEP][PASSED] - com.reusableComponent.HighlightElement.run(findTestObject("Game/Product List/a_Next")): com.reusableComponent.HighlightElement.run is PASSED

2023-07-10 22:04:42 - [MESSAGE][PASSED] - com.reusableComponent.HighlightElement.run is PASSED

2023-07-10 22:04:42 - [TEST_STEP][PASSED] - verifyElementVisible(findTestObject("Game/Product List/li_Previous")): Object 'Object Repository/Game/Product List/li_Previous' is visible

2023-07-10 22:04:43 - [MESSAGE][PASSED] - Object 'Object Repository/Game/Product List/li_Previous' is visible

2023-07-10 22:04:43 - [TEST_STEP][PASSED] - verifyElementVisible(findTestObject("Game/Product List/a_Next")): Object 'Object Repository/Game/Product List/a_Next' is visible

2023-07-10 22:04:43 - [MESSAGE][PASSED] - Object 'Object Repository/Game/Product List/a_Next' is visible]]></system-out>
         <system-err><![CDATA[]]></system-err>
      </testcase>
      <system-out><![CDATA[2023-07-10 22:01:56 - [TEST_SUITE][PASSED] - Smoke: Test Cases/Game/Product List RMB]]></system-out>
      <system-err><![CDATA[]]></system-err>
   </testsuite>
</testsuites>
