<?xml version="1.0" encoding="UTF-8"?>
<testsuites name="Smoke" time="64.444" tests="12" failures="0" errors="0">
   <testsuite name="Smoke" tests="12" failures="0" errors="0" time="64.444" skipped="0" timestamp="2023-06-16 22:19:26" hostname="hmacagba - PHPF1FXV0U.CSCMWS.CSCMWS.COM" id="Test Suites/Smoke">
      <properties>
         <property name="deviceName" value=""/>
         <property name="devicePlatform" value=""/>
         <property name="logFolder" value="C:\\Users\\hmacagba\\git\\AutomatedScripts\\Reports\\20230616_221913\\Smoke\\20230616_221913"/>
         <property name="logFiles" value="C:\\Users\\hmacagba\\git\\AutomatedScripts\\Reports\\20230616_221913\\Smoke\\20230616_221913\\execution0.log"/>
         <property name="attachments" value=""/>
         <property name="hostName" value="hmacagba - PHPF1FXV0U.CSCMWS.CSCMWS.COM"/>
         <property name="os" value="Windows 10 64bit"/>
         <property name="katalonVersion" value="8.6.5.208"/>
         <property name="browser" value="Chrome 114.0.0.0"/>
         <property name="hostAddress" value="192.168.68.107"/>
         <property name="sessionId" value="a974a5234321203701faa85de0fb8f6f"/>
         <property name="seleniumVersion" value="3.141.59"/>
         <property name="proxyInformation" value="ProxyInformation { proxyOption=NO_PROXY, proxyServerType=HTTP, username=, password=********, proxyServerAddress=, proxyServerPort=0, executionList=&quot;&quot;, isApplyToDesiredCapabilities=true }"/>
         <property name="platform" value="Windows 10"/>
      </properties>
      <testcase name="Test Cases/Announcement/Public" time="34.492" classname="Test Cases/Announcement/Public" status="PASSED">
         <system-out><![CDATA[2023-06-16 22:19:27 - [TEST_CASE][PASSED] - Test Cases/Announcement/Public: Test Cases/Announcement/Public

2023-06-16 22:19:28 - [TEST_STEP][PASSED] - callTestCase(findTestCase("Login Admin"), [:], STOP_ON_FAILURE): Call Test Case 'Test Cases/Login Admin' successfully

2023-06-16 22:19:28 - [TEST_CASE][PASSED] - Test Cases/Login Admin: Test Cases/Login Admin

2023-06-16 22:19:29 - [TEST_STEP][PASSED] - openBrowser(""): Browser is opened with url: ''

2023-06-16 22:19:29 - [MESSAGE][INFO] - Starting 'Chrome' driver

2023-06-16 22:19:29 - [MESSAGE][INFO] - Action delay is set to 0 milliseconds

2023-06-16 22:19:34 - [MESSAGE][PASSED] - Browser is opened with url: ''

2023-06-16 22:19:34 - [TEST_STEP][PASSED] - maximizeWindow(): Current window maximized

2023-06-16 22:19:34 - [MESSAGE][PASSED] - Current window maximized

2023-06-16 22:19:34 - [TEST_STEP][PASSED] - navigateToUrl(URL): Navigate to 'http://admin.lkydev.site' successfully

2023-06-16 22:19:39 - [MESSAGE][PASSED] - Navigate to 'http://admin.lkydev.site' successfully

2023-06-16 22:19:39 - [TEST_STEP][PASSED] - verifyElementText(findTestObject("Object Repository/Login/Page_SUNCITY - Login/h3_Sign In To Admin System"), "Sign In To Admin System"): Actual text and expected text of test object 'Object Repository/Login/Page_SUNCITY - Login/h3_Sign In To Admin System' are matched.

2023-06-16 22:19:40 - [MESSAGE][PASSED] - Actual text and expected text of test object 'Object Repository/Login/Page_SUNCITY - Login/h3_Sign In To Admin System' are matched.

2023-06-16 22:19:40 - [TEST_STEP][PASSED] - com.reusableComponent.HighlightElement.run(findTestObject("Login/Page_SUNCITY - Login/h3_Sign In To Admin System")): com.reusableComponent.HighlightElement.run is PASSED

2023-06-16 22:19:41 - [MESSAGE][PASSED] - com.reusableComponent.HighlightElement.run is PASSED

2023-06-16 22:19:41 - [TEST_STEP][PASSED] - com.reusableComponent.HighlightElement.run(findTestObject("Login/Page_SUNCITY - Login/input_Sign In To Admin System_username")): com.reusableComponent.HighlightElement.run is PASSED

2023-06-16 22:19:42 - [MESSAGE][PASSED] - com.reusableComponent.HighlightElement.run is PASSED

2023-06-16 22:19:42 - [TEST_STEP][PASSED] - com.reusableComponent.HighlightElement.run(findTestObject("Login/Page_SUNCITY - Login/input_Sign In To Admin System_password")): com.reusableComponent.HighlightElement.run is PASSED

2023-06-16 22:19:42 - [MESSAGE][PASSED] - com.reusableComponent.HighlightElement.run is PASSED

2023-06-16 22:19:42 - [TEST_STEP][PASSED] - setText(findTestObject("Object Repository/Login/Page_SUNCITY - Login/input_Sign In To Admin System_username"), Username): Text 'devbot' is set on object 'Object Repository/Login/Page_SUNCITY - Login/input_Sign In To Admin System_username'

2023-06-16 22:19:43 - [MESSAGE][PASSED] - Text 'devbot' is set on object 'Object Repository/Login/Page_SUNCITY - Login/input_Sign In To Admin System_username'

2023-06-16 22:19:43 - [TEST_STEP][PASSED] - setText(findTestObject("Object Repository/Login/Page_SUNCITY - Login/input_Sign In To Admin System_password"), Password): Text '77889900' is set on object 'Object Repository/Login/Page_SUNCITY - Login/input_Sign In To Admin System_password'

2023-06-16 22:19:44 - [MESSAGE][PASSED] - Text '77889900' is set on object 'Object Repository/Login/Page_SUNCITY - Login/input_Sign In To Admin System_password'

2023-06-16 22:19:44 - [TEST_STEP][PASSED] - com.reusableComponent.HighlightElement.run(findTestObject("Login/Page_SUNCITY - Login/button_Next")): com.reusableComponent.HighlightElement.run is PASSED

2023-06-16 22:19:45 - [MESSAGE][PASSED] - com.reusableComponent.HighlightElement.run is PASSED

2023-06-16 22:19:45 - [TEST_STEP][PASSED] - click(findTestObject("Object Repository/Login/Page_SUNCITY - Login/button_Next")): Object: 'Object Repository/Login/Page_SUNCITY - Login/button_Next' is clicked on

2023-06-16 22:19:46 - [MESSAGE][PASSED] - Object: 'Object Repository/Login/Page_SUNCITY - Login/button_Next' is clicked on

2023-06-16 22:19:46 - [TEST_STEP][PASSED] - com.reusableComponent.HighlightElement.run(findTestObject("Login/Page_SUNCITY - Login/input_Next_verificationCode")): com.reusableComponent.HighlightElement.run is PASSED

2023-06-16 22:19:47 - [MESSAGE][PASSED] - com.reusableComponent.HighlightElement.run is PASSED

2023-06-16 22:19:47 - [TEST_STEP][PASSED] - setText(findTestObject("Object Repository/Login/Page_SUNCITY - Login/input_Next_verificationCode"), VerificationCode): Text '778899' is set on object 'Object Repository/Login/Page_SUNCITY - Login/input_Next_verificationCode'

2023-06-16 22:19:48 - [MESSAGE][PASSED] - Text '778899' is set on object 'Object Repository/Login/Page_SUNCITY - Login/input_Next_verificationCode'

2023-06-16 22:19:48 - [TEST_STEP][PASSED] - com.reusableComponent.HighlightElement.run(findTestObject("Login/Page_SUNCITY - Login/button_Sign In")): com.reusableComponent.HighlightElement.run is PASSED

2023-06-16 22:19:48 - [MESSAGE][PASSED] - com.reusableComponent.HighlightElement.run is PASSED

2023-06-16 22:19:48 - [TEST_STEP][PASSED] - click(findTestObject("Object Repository/Login/Page_SUNCITY - Login/button_Sign In")): Object: 'Object Repository/Login/Page_SUNCITY - Login/button_Sign In' is clicked on

2023-06-16 22:19:49 - [MESSAGE][PASSED] - Object: 'Object Repository/Login/Page_SUNCITY - Login/button_Sign In' is clicked on

2023-06-16 22:19:49 - [TEST_STEP][PASSED] - com.reusableComponent.HighlightElement.run(findTestObject("Login/Page_Dashboard/h2_Login Success")): com.reusableComponent.HighlightElement.run is PASSED

2023-06-16 22:19:51 - [MESSAGE][PASSED] - com.reusableComponent.HighlightElement.run is PASSED

2023-06-16 22:19:51 - [TEST_STEP][PASSED] - click(findTestObject("Object Repository/Login/Page_Dashboard/h2_Login Success")): Object: 'Object Repository/Login/Page_Dashboard/h2_Login Success' is clicked on

2023-06-16 22:19:52 - [MESSAGE][PASSED] - Object: 'Object Repository/Login/Page_Dashboard/h2_Login Success' is clicked on

2023-06-16 22:19:52 - [TEST_STEP][PASSED] - com.reusableComponent.HighlightElement.run(findTestObject("Login/Page_Dashboard/button_OK")): com.reusableComponent.HighlightElement.run is PASSED

2023-06-16 22:19:52 - [MESSAGE][PASSED] - com.reusableComponent.HighlightElement.run is PASSED

2023-06-16 22:19:52 - [TEST_STEP][PASSED] - click(findTestObject("Object Repository/Login/Page_Dashboard/button_OK")): Object: 'Object Repository/Login/Page_Dashboard/button_OK' is clicked on

2023-06-16 22:19:53 - [MESSAGE][PASSED] - Object: 'Object Repository/Login/Page_Dashboard/button_OK' is clicked on

2023-06-16 22:19:53 - [MESSAGE][PASSED] - Call Test Case 'Test Cases/Login Admin' successfully

2023-06-16 22:19:53 - [TEST_STEP][PASSED] - com.reusableComponent.HighlightElement.run(findTestObject("Announcement/Page_Dashboard/span_Announcement")): com.reusableComponent.HighlightElement.run is PASSED

2023-06-16 22:19:53 - [MESSAGE][PASSED] - com.reusableComponent.HighlightElement.run is PASSED

2023-06-16 22:19:53 - [TEST_STEP][PASSED] - mouseOver(findTestObject("Announcement/Page_Dashboard/span_Announcement")): Object: 'Object Repository/Announcement/Page_Dashboard/span_Announcement' is hovered

2023-06-16 22:19:54 - [MESSAGE][PASSED] - Object: 'Object Repository/Announcement/Page_Dashboard/span_Announcement' is hovered

2023-06-16 22:19:54 - [TEST_STEP][PASSED] - com.reusableComponent.HighlightElement.run(findTestObject("Announcement/Page_Dashboard/span_Public")): com.reusableComponent.HighlightElement.run is PASSED

2023-06-16 22:19:55 - [MESSAGE][PASSED] - com.reusableComponent.HighlightElement.run is PASSED

2023-06-16 22:19:55 - [TEST_STEP][PASSED] - mouseOver(findTestObject("Announcement/Page_Dashboard/span_Public")): Object: 'Object Repository/Announcement/Page_Dashboard/span_Public' is hovered

2023-06-16 22:20:01 - [MESSAGE][PASSED] - Object: 'Object Repository/Announcement/Page_Dashboard/span_Public' is hovered]]></system-out>
         <system-err><![CDATA[]]></system-err>
      </testcase>
      <testcase name="Test Cases/Announcement/Member" time="2.625" classname="Test Cases/Announcement/Member" status="PASSED">
         <system-out><![CDATA[2023-06-16 22:20:01 - [TEST_CASE][PASSED] - Test Cases/Announcement/Member: Test Cases/Announcement/Member

2023-06-16 22:20:02 - [TEST_STEP][PASSED] - com.reusableComponent.HighlightElement.run(findTestObject("Announcement/Page_Dashboard/span_Announcement")): com.reusableComponent.HighlightElement.run is PASSED

2023-06-16 22:20:02 - [MESSAGE][PASSED] - com.reusableComponent.HighlightElement.run is PASSED

2023-06-16 22:20:02 - [TEST_STEP][PASSED] - mouseOver(findTestObject("Announcement/Page_Dashboard/span_Announcement")): Object: 'Object Repository/Announcement/Page_Dashboard/span_Announcement' is hovered

2023-06-16 22:20:03 - [MESSAGE][PASSED] - Object: 'Object Repository/Announcement/Page_Dashboard/span_Announcement' is hovered

2023-06-16 22:20:03 - [TEST_STEP][PASSED] - com.reusableComponent.HighlightElement.run(findTestObject("Announcement/Page_Dashboard/span_Member")): com.reusableComponent.HighlightElement.run is PASSED

2023-06-16 22:20:03 - [MESSAGE][PASSED] - com.reusableComponent.HighlightElement.run is PASSED

2023-06-16 22:20:03 - [TEST_STEP][PASSED] - mouseOver(findTestObject("Announcement/Page_Dashboard/span_Member")): Object: 'Object Repository/Announcement/Page_Dashboard/span_Member' is hovered

2023-06-16 22:20:04 - [MESSAGE][PASSED] - Object: 'Object Repository/Announcement/Page_Dashboard/span_Member' is hovered]]></system-out>
         <system-err><![CDATA[]]></system-err>
      </testcase>
      <testcase name="Test Cases/Announcement/Shareholder" time="2.871" classname="Test Cases/Announcement/Shareholder" status="PASSED">
         <system-out><![CDATA[2023-06-16 22:20:04 - [TEST_CASE][PASSED] - Test Cases/Announcement/Shareholder: Test Cases/Announcement/Shareholder

2023-06-16 22:20:05 - [TEST_STEP][PASSED] - com.reusableComponent.HighlightElement.run(findTestObject("Announcement/Page_Dashboard/span_Announcement")): com.reusableComponent.HighlightElement.run is PASSED

2023-06-16 22:20:05 - [MESSAGE][PASSED] - com.reusableComponent.HighlightElement.run is PASSED

2023-06-16 22:20:05 - [TEST_STEP][PASSED] - mouseOver(findTestObject("Announcement/Page_Dashboard/span_Announcement")): Object: 'Object Repository/Announcement/Page_Dashboard/span_Announcement' is hovered

2023-06-16 22:20:06 - [MESSAGE][PASSED] - Object: 'Object Repository/Announcement/Page_Dashboard/span_Announcement' is hovered

2023-06-16 22:20:06 - [TEST_STEP][PASSED] - com.reusableComponent.HighlightElement.run(findTestObject("Announcement/Page_Dashboard/span_Shareholder")): com.reusableComponent.HighlightElement.run is PASSED

2023-06-16 22:20:06 - [MESSAGE][PASSED] - com.reusableComponent.HighlightElement.run is PASSED

2023-06-16 22:20:06 - [TEST_STEP][PASSED] - mouseOver(findTestObject("Announcement/Page_Dashboard/span_Shareholder")): Object: 'Object Repository/Announcement/Page_Dashboard/span_Shareholder' is hovered

2023-06-16 22:20:07 - [MESSAGE][PASSED] - Object: 'Object Repository/Announcement/Page_Dashboard/span_Shareholder' is hovered]]></system-out>
         <system-err><![CDATA[]]></system-err>
      </testcase>
      <testcase name="Test Cases/Game/Product List" time="2.71" classname="Test Cases/Game/Product List" status="PASSED">
         <system-out><![CDATA[2023-06-16 22:20:07 - [TEST_CASE][PASSED] - Test Cases/Game/Product List: Test Cases/Game/Product List

2023-06-16 22:20:07 - [TEST_STEP][PASSED] - com.reusableComponent.HighlightElement.run(findTestObject("Game/Page_Dashboard/span_Game")): com.reusableComponent.HighlightElement.run is PASSED

2023-06-16 22:20:08 - [MESSAGE][PASSED] - com.reusableComponent.HighlightElement.run is PASSED

2023-06-16 22:20:08 - [TEST_STEP][PASSED] - mouseOver(findTestObject("Game/Page_Dashboard/span_Game")): Object: 'Object Repository/Game/Page_Dashboard/span_Game' is hovered

2023-06-16 22:20:09 - [MESSAGE][PASSED] - Object: 'Object Repository/Game/Page_Dashboard/span_Game' is hovered

2023-06-16 22:20:09 - [TEST_STEP][PASSED] - com.reusableComponent.HighlightElement.run(findTestObject("Game/Page_Dashboard/span_Product List")): com.reusableComponent.HighlightElement.run is PASSED

2023-06-16 22:20:09 - [MESSAGE][PASSED] - com.reusableComponent.HighlightElement.run is PASSED

2023-06-16 22:20:09 - [TEST_STEP][PASSED] - mouseOver(findTestObject("Game/Page_Dashboard/span_Product List")): Object: 'Object Repository/Game/Page_Dashboard/span_Product List' is hovered

2023-06-16 22:20:10 - [MESSAGE][PASSED] - Object: 'Object Repository/Game/Page_Dashboard/span_Product List' is hovered]]></system-out>
         <system-err><![CDATA[]]></system-err>
      </testcase>
      <testcase name="Test Cases/Game/Product Sequence" time="2.577" classname="Test Cases/Game/Product Sequence" status="PASSED">
         <system-out><![CDATA[2023-06-16 22:20:10 - [TEST_CASE][PASSED] - Test Cases/Game/Product Sequence: Test Cases/Game/Product Sequence

2023-06-16 22:20:10 - [TEST_STEP][PASSED] - com.reusableComponent.HighlightElement.run(findTestObject("Game/Page_Dashboard/span_Game")): com.reusableComponent.HighlightElement.run is PASSED

2023-06-16 22:20:11 - [MESSAGE][PASSED] - com.reusableComponent.HighlightElement.run is PASSED

2023-06-16 22:20:11 - [TEST_STEP][PASSED] - mouseOver(findTestObject("Game/Page_Dashboard/span_Game")): Object: 'Object Repository/Game/Page_Dashboard/span_Game' is hovered

2023-06-16 22:20:11 - [MESSAGE][PASSED] - Object: 'Object Repository/Game/Page_Dashboard/span_Game' is hovered

2023-06-16 22:20:11 - [TEST_STEP][PASSED] - com.reusableComponent.HighlightElement.run(findTestObject("Game/Page_Dashboard/span_Product Sequence")): com.reusableComponent.HighlightElement.run is PASSED

2023-06-16 22:20:12 - [MESSAGE][PASSED] - com.reusableComponent.HighlightElement.run is PASSED

2023-06-16 22:20:12 - [TEST_STEP][PASSED] - mouseOver(findTestObject("Game/Page_Dashboard/span_Product Sequence")): Object: 'Object Repository/Game/Page_Dashboard/span_Product Sequence' is hovered

2023-06-16 22:20:12 - [MESSAGE][PASSED] - Object: 'Object Repository/Game/Page_Dashboard/span_Product Sequence' is hovered]]></system-out>
         <system-err><![CDATA[]]></system-err>
      </testcase>
      <testcase name="Test Cases/Game/Lucky Draw" time="2.727" classname="Test Cases/Game/Lucky Draw" status="PASSED">
         <system-out><![CDATA[2023-06-16 22:20:12 - [TEST_CASE][PASSED] - Test Cases/Game/Lucky Draw: Test Cases/Game/Lucky Draw

2023-06-16 22:20:13 - [TEST_STEP][PASSED] - com.reusableComponent.HighlightElement.run(findTestObject("Game/Page_Dashboard/span_Game")): com.reusableComponent.HighlightElement.run is PASSED

2023-06-16 22:20:13 - [MESSAGE][PASSED] - com.reusableComponent.HighlightElement.run is PASSED

2023-06-16 22:20:13 - [TEST_STEP][PASSED] - mouseOver(findTestObject("Game/Page_Dashboard/span_Game")): Object: 'Object Repository/Game/Page_Dashboard/span_Game' is hovered

2023-06-16 22:20:14 - [MESSAGE][PASSED] - Object: 'Object Repository/Game/Page_Dashboard/span_Game' is hovered

2023-06-16 22:20:14 - [TEST_STEP][PASSED] - com.reusableComponent.HighlightElement.run(findTestObject("Game/Page_Dashboard/span_Lucky Draw")): com.reusableComponent.HighlightElement.run is PASSED

2023-06-16 22:20:14 - [MESSAGE][PASSED] - com.reusableComponent.HighlightElement.run is PASSED

2023-06-16 22:20:14 - [TEST_STEP][PASSED] - mouseOver(findTestObject("Game/Page_Dashboard/span_Lucky Draw")): Object: 'Object Repository/Game/Page_Dashboard/span_Lucky Draw' is hovered

2023-06-16 22:20:15 - [MESSAGE][PASSED] - Object: 'Object Repository/Game/Page_Dashboard/span_Lucky Draw' is hovered]]></system-out>
         <system-err><![CDATA[]]></system-err>
      </testcase>
      <testcase name="Test Cases/Game/Xe88 Sequence" time="2.464" classname="Test Cases/Game/Xe88 Sequence" status="PASSED">
         <system-out><![CDATA[2023-06-16 22:20:15 - [TEST_CASE][PASSED] - Test Cases/Game/Xe88 Sequence: Test Cases/Game/Xe88 Sequence

2023-06-16 22:20:15 - [TEST_STEP][PASSED] - com.reusableComponent.HighlightElement.run(findTestObject("Game/Page_Dashboard/span_Game")): com.reusableComponent.HighlightElement.run is PASSED

2023-06-16 22:20:16 - [MESSAGE][PASSED] - com.reusableComponent.HighlightElement.run is PASSED

2023-06-16 22:20:16 - [TEST_STEP][PASSED] - mouseOver(findTestObject("Game/Page_Dashboard/span_Game")): Object: 'Object Repository/Game/Page_Dashboard/span_Game' is hovered

2023-06-16 22:20:16 - [MESSAGE][PASSED] - Object: 'Object Repository/Game/Page_Dashboard/span_Game' is hovered

2023-06-16 22:20:16 - [TEST_STEP][PASSED] - com.reusableComponent.HighlightElement.run(findTestObject("Game/Page_Dashboard/span_Xe88 Sequence")): com.reusableComponent.HighlightElement.run is PASSED

2023-06-16 22:20:17 - [MESSAGE][PASSED] - com.reusableComponent.HighlightElement.run is PASSED

2023-06-16 22:20:17 - [TEST_STEP][PASSED] - mouseOver(findTestObject("Game/Page_Dashboard/span_Xe88 Sequence")): Object: 'Object Repository/Game/Page_Dashboard/span_Xe88 Sequence' is hovered

2023-06-16 22:20:17 - [MESSAGE][PASSED] - Object: 'Object Repository/Game/Page_Dashboard/span_Xe88 Sequence' is hovered]]></system-out>
         <system-err><![CDATA[]]></system-err>
      </testcase>
      <testcase name="Test Cases/Game/Vpower Sequence" time="2.54" classname="Test Cases/Game/Vpower Sequence" status="PASSED">
         <system-out><![CDATA[2023-06-16 22:20:17 - [TEST_CASE][PASSED] - Test Cases/Game/Vpower Sequence: Test Cases/Game/Vpower Sequence

2023-06-16 22:20:18 - [TEST_STEP][PASSED] - com.reusableComponent.HighlightElement.run(findTestObject("Game/Page_Dashboard/span_Game")): com.reusableComponent.HighlightElement.run is PASSED

2023-06-16 22:20:18 - [MESSAGE][PASSED] - com.reusableComponent.HighlightElement.run is PASSED

2023-06-16 22:20:18 - [TEST_STEP][PASSED] - mouseOver(findTestObject("Game/Page_Dashboard/span_Game")): Object: 'Object Repository/Game/Page_Dashboard/span_Game' is hovered

2023-06-16 22:20:19 - [MESSAGE][PASSED] - Object: 'Object Repository/Game/Page_Dashboard/span_Game' is hovered

2023-06-16 22:20:19 - [TEST_STEP][PASSED] - com.reusableComponent.HighlightElement.run(findTestObject("Game/Page_Dashboard/span_Vpower Sequence")): com.reusableComponent.HighlightElement.run is PASSED

2023-06-16 22:20:19 - [MESSAGE][PASSED] - com.reusableComponent.HighlightElement.run is PASSED

2023-06-16 22:20:19 - [TEST_STEP][PASSED] - mouseOver(findTestObject("Game/Page_Dashboard/span_Vpower Sequence")): Object: 'Object Repository/Game/Page_Dashboard/span_Vpower Sequence' is hovered

2023-06-16 22:20:20 - [MESSAGE][PASSED] - Object: 'Object Repository/Game/Page_Dashboard/span_Vpower Sequence' is hovered]]></system-out>
         <system-err><![CDATA[]]></system-err>
      </testcase>
      <testcase name="Test Cases/Game/Gioco Sequence" time="2.996" classname="Test Cases/Game/Gioco Sequence" status="PASSED">
         <system-out><![CDATA[2023-06-16 22:20:20 - [TEST_CASE][PASSED] - Test Cases/Game/Gioco Sequence: Test Cases/Game/Gioco Sequence

2023-06-16 22:20:20 - [TEST_STEP][PASSED] - com.reusableComponent.HighlightElement.run(findTestObject("Game/Page_Dashboard/span_Game")): com.reusableComponent.HighlightElement.run is PASSED

2023-06-16 22:20:21 - [MESSAGE][PASSED] - com.reusableComponent.HighlightElement.run is PASSED

2023-06-16 22:20:21 - [TEST_STEP][PASSED] - mouseOver(findTestObject("Game/Page_Dashboard/span_Game")): Object: 'Object Repository/Game/Page_Dashboard/span_Game' is hovered

2023-06-16 22:20:22 - [MESSAGE][PASSED] - Object: 'Object Repository/Game/Page_Dashboard/span_Game' is hovered

2023-06-16 22:20:22 - [TEST_STEP][PASSED] - com.reusableComponent.HighlightElement.run(findTestObject("Game/Page_Dashboard/span_Gioco Sequence")): com.reusableComponent.HighlightElement.run is PASSED

2023-06-16 22:20:22 - [MESSAGE][PASSED] - com.reusableComponent.HighlightElement.run is PASSED

2023-06-16 22:20:22 - [TEST_STEP][PASSED] - mouseOver(findTestObject("Game/Page_Dashboard/span_Gioco Sequence")): Object: 'Object Repository/Game/Page_Dashboard/span_Gioco Sequence' is hovered

2023-06-16 22:20:23 - [MESSAGE][PASSED] - Object: 'Object Repository/Game/Page_Dashboard/span_Gioco Sequence' is hovered]]></system-out>
         <system-err><![CDATA[]]></system-err>
      </testcase>
      <testcase name="Test Cases/Game/Playtech Sequence" time="2.807" classname="Test Cases/Game/Playtech Sequence" status="PASSED">
         <system-out><![CDATA[2023-06-16 22:20:23 - [TEST_CASE][PASSED] - Test Cases/Game/Playtech Sequence: Test Cases/Game/Playtech Sequence

2023-06-16 22:20:24 - [TEST_STEP][PASSED] - com.reusableComponent.HighlightElement.run(findTestObject("Game/Page_Dashboard/span_Game")): com.reusableComponent.HighlightElement.run is PASSED

2023-06-16 22:20:24 - [MESSAGE][PASSED] - com.reusableComponent.HighlightElement.run is PASSED

2023-06-16 22:20:24 - [TEST_STEP][PASSED] - mouseOver(findTestObject("Game/Page_Dashboard/span_Game")): Object: 'Object Repository/Game/Page_Dashboard/span_Game' is hovered

2023-06-16 22:20:25 - [MESSAGE][PASSED] - Object: 'Object Repository/Game/Page_Dashboard/span_Game' is hovered

2023-06-16 22:20:25 - [TEST_STEP][PASSED] - com.reusableComponent.HighlightElement.run(findTestObject("Game/Page_Dashboard/span_Playtech Sequence")): com.reusableComponent.HighlightElement.run is PASSED

2023-06-16 22:20:25 - [MESSAGE][PASSED] - com.reusableComponent.HighlightElement.run is PASSED

2023-06-16 22:20:25 - [TEST_STEP][PASSED] - mouseOver(findTestObject("Game/Page_Dashboard/span_Playtech Sequence")): Object: 'Object Repository/Game/Page_Dashboard/span_Playtech Sequence' is hovered

2023-06-16 22:20:26 - [MESSAGE][PASSED] - Object: 'Object Repository/Game/Page_Dashboard/span_Playtech Sequence' is hovered]]></system-out>
         <system-err><![CDATA[]]></system-err>
      </testcase>
      <testcase name="Test Cases/Game/Joker Sequence" time="2.437" classname="Test Cases/Game/Joker Sequence" status="PASSED">
         <system-out><![CDATA[2023-06-16 22:20:26 - [TEST_CASE][PASSED] - Test Cases/Game/Joker Sequence: Test Cases/Game/Joker Sequence

2023-06-16 22:20:26 - [TEST_STEP][PASSED] - com.reusableComponent.HighlightElement.run(findTestObject("Game/Page_Dashboard/span_Game")): com.reusableComponent.HighlightElement.run is PASSED

2023-06-16 22:20:27 - [MESSAGE][PASSED] - com.reusableComponent.HighlightElement.run is PASSED

2023-06-16 22:20:27 - [TEST_STEP][PASSED] - mouseOver(findTestObject("Game/Page_Dashboard/span_Game")): Object: 'Object Repository/Game/Page_Dashboard/span_Game' is hovered

2023-06-16 22:20:27 - [MESSAGE][PASSED] - Object: 'Object Repository/Game/Page_Dashboard/span_Game' is hovered

2023-06-16 22:20:27 - [TEST_STEP][PASSED] - com.reusableComponent.HighlightElement.run(findTestObject("Game/Page_Dashboard/span_Joker Sequence")): com.reusableComponent.HighlightElement.run is PASSED

2023-06-16 22:20:28 - [MESSAGE][PASSED] - com.reusableComponent.HighlightElement.run is PASSED

2023-06-16 22:20:28 - [TEST_STEP][PASSED] - mouseOver(findTestObject("Game/Page_Dashboard/span_Joker Sequence")): Object: 'Object Repository/Game/Page_Dashboard/span_Joker Sequence' is hovered

2023-06-16 22:20:28 - [MESSAGE][PASSED] - Object: 'Object Repository/Game/Page_Dashboard/span_Joker Sequence' is hovered]]></system-out>
         <system-err><![CDATA[]]></system-err>
      </testcase>
      <testcase name="Test Cases/Game/Game Logs" time="2.672" classname="Test Cases/Game/Game Logs" status="PASSED">
         <system-out><![CDATA[2023-06-16 22:20:28 - [TEST_CASE][PASSED] - Test Cases/Game/Game Logs: Test Cases/Game/Game Logs

2023-06-16 22:20:29 - [TEST_STEP][PASSED] - com.reusableComponent.HighlightElement.run(findTestObject("Game/Page_Dashboard/span_Game")): com.reusableComponent.HighlightElement.run is PASSED

2023-06-16 22:20:29 - [MESSAGE][PASSED] - com.reusableComponent.HighlightElement.run is PASSED

2023-06-16 22:20:29 - [TEST_STEP][PASSED] - mouseOver(findTestObject("Game/Page_Dashboard/span_Game")): Object: 'Object Repository/Game/Page_Dashboard/span_Game' is hovered

2023-06-16 22:20:30 - [MESSAGE][PASSED] - Object: 'Object Repository/Game/Page_Dashboard/span_Game' is hovered

2023-06-16 22:20:30 - [TEST_STEP][PASSED] - com.reusableComponent.HighlightElement.run(findTestObject("Game/Page_Dashboard/span_Game Logs")): com.reusableComponent.HighlightElement.run is PASSED

2023-06-16 22:20:30 - [MESSAGE][PASSED] - com.reusableComponent.HighlightElement.run is PASSED

2023-06-16 22:20:30 - [TEST_STEP][PASSED] - mouseOver(findTestObject("Game/Page_Dashboard/span_Game Logs")): Object: 'Object Repository/Game/Page_Dashboard/span_Game Logs' is hovered

2023-06-16 22:20:31 - [MESSAGE][PASSED] - Object: 'Object Repository/Game/Page_Dashboard/span_Game Logs' is hovered]]></system-out>
         <system-err><![CDATA[]]></system-err>
      </testcase>
      <system-out><![CDATA[2023-06-16 22:19:26 - [TEST_SUITE][PASSED] - Smoke: Test Cases/Game/Game Logs]]></system-out>
      <system-err><![CDATA[]]></system-err>
   </testsuite>
</testsuites>
