<?xml version="1.0" encoding="UTF-8"?>
<testsuites name="Smoke" time="54.834" tests="11" failures="0" errors="0">
   <testsuite name="Smoke" tests="11" failures="0" errors="0" time="54.834" skipped="0" timestamp="2023-06-16 22:59:01" hostname="hmacagba - PHPF1FXV0U.CSCMWS.CSCMWS.COM" id="Test Suites/Smoke">
      <properties>
         <property name="deviceName" value=""/>
         <property name="devicePlatform" value=""/>
         <property name="logFolder" value="C:\\Users\\hmacagba\\git\\AutomatedScripts\\Reports\\20230616_225850\\Smoke\\20230616_225850"/>
         <property name="logFiles" value="C:\\Users\\hmacagba\\git\\AutomatedScripts\\Reports\\20230616_225850\\Smoke\\20230616_225850\\execution0.log"/>
         <property name="attachments" value=""/>
         <property name="hostName" value="hmacagba - PHPF1FXV0U.CSCMWS.CSCMWS.COM"/>
         <property name="os" value="Windows 10 64bit"/>
         <property name="katalonVersion" value="8.6.5.208"/>
         <property name="browser" value="Chrome 114.0.0.0"/>
         <property name="hostAddress" value="192.168.68.107"/>
         <property name="sessionId" value="322e5a775035abd457514312d29ae433"/>
         <property name="seleniumVersion" value="3.141.59"/>
         <property name="proxyInformation" value="ProxyInformation { proxyOption=NO_PROXY, proxyServerType=HTTP, username=, password=********, proxyServerAddress=, proxyServerPort=0, executionList=&quot;&quot;, isApplyToDesiredCapabilities=true }"/>
         <property name="platform" value="Windows 10"/>
      </properties>
      <testcase name="Test Cases/Logs/List" time="25.893" classname="Test Cases/Logs/List" status="PASSED">
         <system-out><![CDATA[2023-06-16 22:59:01 - [TEST_CASE][PASSED] - Test Cases/Logs/List: Test Cases/Logs/List

2023-06-16 22:59:02 - [TEST_STEP][PASSED] - callTestCase(findTestCase("Login Admin"), [:], STOP_ON_FAILURE): Call Test Case 'Test Cases/Login Admin' successfully

2023-06-16 22:59:02 - [TEST_CASE][PASSED] - Test Cases/Login Admin: Test Cases/Login Admin

2023-06-16 22:59:03 - [TEST_STEP][PASSED] - openBrowser(""): Browser is opened with url: ''

2023-06-16 22:59:03 - [MESSAGE][INFO] - Starting 'Chrome' driver

2023-06-16 22:59:03 - [MESSAGE][INFO] - Action delay is set to 0 milliseconds

2023-06-16 22:59:07 - [MESSAGE][PASSED] - Browser is opened with url: ''

2023-06-16 22:59:07 - [TEST_STEP][PASSED] - maximizeWindow(): Current window maximized

2023-06-16 22:59:08 - [MESSAGE][PASSED] - Current window maximized

2023-06-16 22:59:08 - [TEST_STEP][PASSED] - navigateToUrl(URL): Navigate to 'http://admin.lkydev.site' successfully

2023-06-16 22:59:11 - [MESSAGE][PASSED] - Navigate to 'http://admin.lkydev.site' successfully

2023-06-16 22:59:11 - [TEST_STEP][PASSED] - verifyElementText(findTestObject("Object Repository/Login/Page_SUNCITY - Login/h3_Sign In To Admin System"), "Sign In To Admin System"): Actual text and expected text of test object 'Object Repository/Login/Page_SUNCITY - Login/h3_Sign In To Admin System' are matched.

2023-06-16 22:59:13 - [MESSAGE][PASSED] - Actual text and expected text of test object 'Object Repository/Login/Page_SUNCITY - Login/h3_Sign In To Admin System' are matched.

2023-06-16 22:59:13 - [TEST_STEP][PASSED] - com.reusableComponent.HighlightElement.run(findTestObject("Login/Page_SUNCITY - Login/h3_Sign In To Admin System")): com.reusableComponent.HighlightElement.run is PASSED

2023-06-16 22:59:14 - [MESSAGE][PASSED] - com.reusableComponent.HighlightElement.run is PASSED

2023-06-16 22:59:14 - [TEST_STEP][PASSED] - com.reusableComponent.HighlightElement.run(findTestObject("Login/Page_SUNCITY - Login/input_Sign In To Admin System_username")): com.reusableComponent.HighlightElement.run is PASSED

2023-06-16 22:59:14 - [MESSAGE][PASSED] - com.reusableComponent.HighlightElement.run is PASSED

2023-06-16 22:59:14 - [TEST_STEP][PASSED] - com.reusableComponent.HighlightElement.run(findTestObject("Login/Page_SUNCITY - Login/input_Sign In To Admin System_password")): com.reusableComponent.HighlightElement.run is PASSED

2023-06-16 22:59:15 - [MESSAGE][PASSED] - com.reusableComponent.HighlightElement.run is PASSED

2023-06-16 22:59:15 - [TEST_STEP][PASSED] - setText(findTestObject("Object Repository/Login/Page_SUNCITY - Login/input_Sign In To Admin System_username"), Username): Text 'devbot' is set on object 'Object Repository/Login/Page_SUNCITY - Login/input_Sign In To Admin System_username'

2023-06-16 22:59:16 - [MESSAGE][PASSED] - Text 'devbot' is set on object 'Object Repository/Login/Page_SUNCITY - Login/input_Sign In To Admin System_username'

2023-06-16 22:59:16 - [TEST_STEP][PASSED] - setText(findTestObject("Object Repository/Login/Page_SUNCITY - Login/input_Sign In To Admin System_password"), Password): Text '77889900' is set on object 'Object Repository/Login/Page_SUNCITY - Login/input_Sign In To Admin System_password'

2023-06-16 22:59:16 - [MESSAGE][PASSED] - Text '77889900' is set on object 'Object Repository/Login/Page_SUNCITY - Login/input_Sign In To Admin System_password'

2023-06-16 22:59:16 - [TEST_STEP][PASSED] - com.reusableComponent.HighlightElement.run(findTestObject("Login/Page_SUNCITY - Login/button_Next")): com.reusableComponent.HighlightElement.run is PASSED

2023-06-16 22:59:17 - [MESSAGE][PASSED] - com.reusableComponent.HighlightElement.run is PASSED

2023-06-16 22:59:17 - [TEST_STEP][PASSED] - click(findTestObject("Object Repository/Login/Page_SUNCITY - Login/button_Next")): Object: 'Object Repository/Login/Page_SUNCITY - Login/button_Next' is clicked on

2023-06-16 22:59:18 - [MESSAGE][PASSED] - Object: 'Object Repository/Login/Page_SUNCITY - Login/button_Next' is clicked on

2023-06-16 22:59:18 - [TEST_STEP][PASSED] - com.reusableComponent.HighlightElement.run(findTestObject("Login/Page_SUNCITY - Login/input_Next_verificationCode")): com.reusableComponent.HighlightElement.run is PASSED

2023-06-16 22:59:19 - [MESSAGE][PASSED] - com.reusableComponent.HighlightElement.run is PASSED

2023-06-16 22:59:19 - [TEST_STEP][PASSED] - setText(findTestObject("Object Repository/Login/Page_SUNCITY - Login/input_Next_verificationCode"), VerificationCode): Text '778899' is set on object 'Object Repository/Login/Page_SUNCITY - Login/input_Next_verificationCode'

2023-06-16 22:59:20 - [MESSAGE][PASSED] - Text '778899' is set on object 'Object Repository/Login/Page_SUNCITY - Login/input_Next_verificationCode'

2023-06-16 22:59:20 - [TEST_STEP][PASSED] - com.reusableComponent.HighlightElement.run(findTestObject("Login/Page_SUNCITY - Login/button_Sign In")): com.reusableComponent.HighlightElement.run is PASSED

2023-06-16 22:59:20 - [MESSAGE][PASSED] - com.reusableComponent.HighlightElement.run is PASSED

2023-06-16 22:59:20 - [TEST_STEP][PASSED] - click(findTestObject("Object Repository/Login/Page_SUNCITY - Login/button_Sign In")): Object: 'Object Repository/Login/Page_SUNCITY - Login/button_Sign In' is clicked on

2023-06-16 22:59:21 - [MESSAGE][PASSED] - Object: 'Object Repository/Login/Page_SUNCITY - Login/button_Sign In' is clicked on

2023-06-16 22:59:21 - [TEST_STEP][PASSED] - com.reusableComponent.HighlightElement.run(findTestObject("Login/Page_Dashboard/h2_Login Success")): com.reusableComponent.HighlightElement.run is PASSED

2023-06-16 22:59:23 - [MESSAGE][PASSED] - com.reusableComponent.HighlightElement.run is PASSED

2023-06-16 22:59:23 - [TEST_STEP][PASSED] - click(findTestObject("Object Repository/Login/Page_Dashboard/h2_Login Success")): Object: 'Object Repository/Login/Page_Dashboard/h2_Login Success' is clicked on

2023-06-16 22:59:23 - [MESSAGE][PASSED] - Object: 'Object Repository/Login/Page_Dashboard/h2_Login Success' is clicked on

2023-06-16 22:59:23 - [TEST_STEP][PASSED] - com.reusableComponent.HighlightElement.run(findTestObject("Login/Page_Dashboard/button_OK")): com.reusableComponent.HighlightElement.run is PASSED

2023-06-16 22:59:24 - [MESSAGE][PASSED] - com.reusableComponent.HighlightElement.run is PASSED

2023-06-16 22:59:24 - [TEST_STEP][PASSED] - click(findTestObject("Object Repository/Login/Page_Dashboard/button_OK")): Object: 'Object Repository/Login/Page_Dashboard/button_OK' is clicked on

2023-06-16 22:59:24 - [MESSAGE][PASSED] - Object: 'Object Repository/Login/Page_Dashboard/button_OK' is clicked on

2023-06-16 22:59:24 - [MESSAGE][PASSED] - Call Test Case 'Test Cases/Login Admin' successfully

2023-06-16 22:59:24 - [TEST_STEP][PASSED] - com.reusableComponent.HighlightElement.run(findTestObject("Logs/Page_Dashboard/span_Logs")): com.reusableComponent.HighlightElement.run is PASSED

2023-06-16 22:59:25 - [MESSAGE][PASSED] - com.reusableComponent.HighlightElement.run is PASSED

2023-06-16 22:59:25 - [TEST_STEP][PASSED] - mouseOver(findTestObject("Logs/Page_Dashboard/span_Logs")): Object: 'Object Repository/Logs/Page_Dashboard/span_Logs' is hovered

2023-06-16 22:59:26 - [MESSAGE][PASSED] - Object: 'Object Repository/Logs/Page_Dashboard/span_Logs' is hovered

2023-06-16 22:59:26 - [TEST_STEP][PASSED] - com.reusableComponent.HighlightElement.run(findTestObject("Logs/Page_Dashboard/span_List")): com.reusableComponent.HighlightElement.run is PASSED

2023-06-16 22:59:26 - [MESSAGE][PASSED] - com.reusableComponent.HighlightElement.run is PASSED

2023-06-16 22:59:26 - [TEST_STEP][PASSED] - mouseOver(findTestObject("Logs/Page_Dashboard/span_List")): Object: 'Object Repository/Logs/Page_Dashboard/span_List' is hovered

2023-06-16 22:59:27 - [MESSAGE][PASSED] - Object: 'Object Repository/Logs/Page_Dashboard/span_List' is hovered]]></system-out>
         <system-err><![CDATA[]]></system-err>
      </testcase>
      <testcase name="Test Cases/Logs/Sms Logs" time="2.822" classname="Test Cases/Logs/Sms Logs" status="PASSED">
         <system-out><![CDATA[2023-06-16 22:59:27 - [TEST_CASE][PASSED] - Test Cases/Logs/Sms Logs: Test Cases/Logs/Sms Logs

2023-06-16 22:59:28 - [TEST_STEP][PASSED] - com.reusableComponent.HighlightElement.run(findTestObject("Logs/Page_Dashboard/span_Logs")): com.reusableComponent.HighlightElement.run is PASSED

2023-06-16 22:59:28 - [MESSAGE][PASSED] - com.reusableComponent.HighlightElement.run is PASSED

2023-06-16 22:59:28 - [TEST_STEP][PASSED] - mouseOver(findTestObject("Logs/Page_Dashboard/span_Logs")): Object: 'Object Repository/Logs/Page_Dashboard/span_Logs' is hovered

2023-06-16 22:59:29 - [MESSAGE][PASSED] - Object: 'Object Repository/Logs/Page_Dashboard/span_Logs' is hovered

2023-06-16 22:59:29 - [TEST_STEP][PASSED] - com.reusableComponent.HighlightElement.run(findTestObject("Logs/Page_Dashboard/span_Sms Logs")): com.reusableComponent.HighlightElement.run is PASSED

2023-06-16 22:59:29 - [MESSAGE][PASSED] - com.reusableComponent.HighlightElement.run is PASSED

2023-06-16 22:59:29 - [TEST_STEP][PASSED] - mouseOver(findTestObject("Logs/Page_Dashboard/span_Sms Logs")): Object: 'Object Repository/Logs/Page_Dashboard/span_Sms Logs' is hovered

2023-06-16 22:59:30 - [MESSAGE][PASSED] - Object: 'Object Repository/Logs/Page_Dashboard/span_Sms Logs' is hovered]]></system-out>
         <system-err><![CDATA[]]></system-err>
      </testcase>
      <testcase name="Test Cases/Banner/List" time="2.673" classname="Test Cases/Banner/List" status="PASSED">
         <system-out><![CDATA[2023-06-16 22:59:30 - [TEST_CASE][PASSED] - Test Cases/Banner/List: Test Cases/Banner/List

2023-06-16 22:59:30 - [TEST_STEP][PASSED] - com.reusableComponent.HighlightElement.run(findTestObject("Banner/Page_Dashboard/span_Banner")): com.reusableComponent.HighlightElement.run is PASSED

2023-06-16 22:59:31 - [MESSAGE][PASSED] - com.reusableComponent.HighlightElement.run is PASSED

2023-06-16 22:59:31 - [TEST_STEP][PASSED] - mouseOver(findTestObject("Banner/Page_Dashboard/span_Banner")): Object: 'Object Repository/Banner/Page_Dashboard/span_Banner' is hovered

2023-06-16 22:59:31 - [MESSAGE][PASSED] - Object: 'Object Repository/Banner/Page_Dashboard/span_Banner' is hovered

2023-06-16 22:59:31 - [TEST_STEP][PASSED] - com.reusableComponent.HighlightElement.run(findTestObject("Banner/Page_Dashboard/span_List")): com.reusableComponent.HighlightElement.run is PASSED

2023-06-16 22:59:32 - [MESSAGE][PASSED] - com.reusableComponent.HighlightElement.run is PASSED

2023-06-16 22:59:32 - [TEST_STEP][PASSED] - mouseOver(findTestObject("Banner/Page_Dashboard/span_List")): Object: 'Object Repository/Banner/Page_Dashboard/span_List' is hovered

2023-06-16 22:59:32 - [MESSAGE][PASSED] - Object: 'Object Repository/Banner/Page_Dashboard/span_List' is hovered]]></system-out>
         <system-err><![CDATA[]]></system-err>
      </testcase>
      <testcase name="Test Cases/Banner/Sequence" time="3.494" classname="Test Cases/Banner/Sequence" status="PASSED">
         <system-out><![CDATA[2023-06-16 22:59:32 - [TEST_CASE][PASSED] - Test Cases/Banner/Sequence: Test Cases/Banner/Sequence

2023-06-16 22:59:34 - [TEST_STEP][PASSED] - com.reusableComponent.HighlightElement.run(findTestObject("Banner/Page_Dashboard/span_Banner")): com.reusableComponent.HighlightElement.run is PASSED

2023-06-16 22:59:34 - [MESSAGE][PASSED] - com.reusableComponent.HighlightElement.run is PASSED

2023-06-16 22:59:34 - [TEST_STEP][PASSED] - mouseOver(findTestObject("Banner/Page_Dashboard/span_Banner")): Object: 'Object Repository/Banner/Page_Dashboard/span_Banner' is hovered

2023-06-16 22:59:35 - [MESSAGE][PASSED] - Object: 'Object Repository/Banner/Page_Dashboard/span_Banner' is hovered

2023-06-16 22:59:35 - [TEST_STEP][PASSED] - com.reusableComponent.HighlightElement.run(findTestObject("Banner/Page_Dashboard/span_Sequence")): com.reusableComponent.HighlightElement.run is PASSED

2023-06-16 22:59:35 - [MESSAGE][PASSED] - com.reusableComponent.HighlightElement.run is PASSED

2023-06-16 22:59:35 - [TEST_STEP][PASSED] - mouseOver(findTestObject("Banner/Page_Dashboard/span_Sequence")): Object: 'Object Repository/Banner/Page_Dashboard/span_Sequence' is hovered

2023-06-16 22:59:36 - [MESSAGE][PASSED] - Object: 'Object Repository/Banner/Page_Dashboard/span_Sequence' is hovered]]></system-out>
         <system-err><![CDATA[]]></system-err>
      </testcase>
      <testcase name="Test Cases/VIP/MYR" time="3.345" classname="Test Cases/VIP/MYR" status="PASSED">
         <system-out><![CDATA[2023-06-16 22:59:36 - [TEST_CASE][PASSED] - Test Cases/VIP/MYR: Test Cases/VIP/MYR

2023-06-16 22:59:37 - [TEST_STEP][PASSED] - com.reusableComponent.HighlightElement.run(findTestObject("VIP/Page_Dashboard/span_VIP")): com.reusableComponent.HighlightElement.run is PASSED

2023-06-16 22:59:37 - [MESSAGE][PASSED] - com.reusableComponent.HighlightElement.run is PASSED

2023-06-16 22:59:37 - [TEST_STEP][PASSED] - mouseOver(findTestObject("VIP/Page_Dashboard/span_VIP")): Object: 'Object Repository/VIP/Page_Dashboard/span_VIP' is hovered

2023-06-16 22:59:38 - [MESSAGE][PASSED] - Object: 'Object Repository/VIP/Page_Dashboard/span_VIP' is hovered

2023-06-16 22:59:38 - [TEST_STEP][PASSED] - com.reusableComponent.HighlightElement.run(findTestObject("VIP/Page_Dashboard/span_MYR")): com.reusableComponent.HighlightElement.run is PASSED

2023-06-16 22:59:39 - [MESSAGE][PASSED] - com.reusableComponent.HighlightElement.run is PASSED

2023-06-16 22:59:39 - [TEST_STEP][PASSED] - mouseOver(findTestObject("VIP/Page_Dashboard/span_MYR")): Object: 'Object Repository/VIP/Page_Dashboard/span_MYR' is hovered

2023-06-16 22:59:39 - [MESSAGE][PASSED] - Object: 'Object Repository/VIP/Page_Dashboard/span_MYR' is hovered]]></system-out>
         <system-err><![CDATA[]]></system-err>
      </testcase>
      <testcase name="Test Cases/VIP/THB" time="2.632" classname="Test Cases/VIP/THB" status="PASSED">
         <system-out><![CDATA[2023-06-16 22:59:39 - [TEST_CASE][PASSED] - Test Cases/VIP/THB: Test Cases/VIP/THB

2023-06-16 22:59:40 - [TEST_STEP][PASSED] - com.reusableComponent.HighlightElement.run(findTestObject("VIP/Page_Dashboard/span_VIP")): com.reusableComponent.HighlightElement.run is PASSED

2023-06-16 22:59:40 - [MESSAGE][PASSED] - com.reusableComponent.HighlightElement.run is PASSED

2023-06-16 22:59:40 - [TEST_STEP][PASSED] - mouseOver(findTestObject("VIP/Page_Dashboard/span_VIP")): Object: 'Object Repository/VIP/Page_Dashboard/span_VIP' is hovered

2023-06-16 22:59:41 - [MESSAGE][PASSED] - Object: 'Object Repository/VIP/Page_Dashboard/span_VIP' is hovered

2023-06-16 22:59:41 - [TEST_STEP][PASSED] - com.reusableComponent.HighlightElement.run(findTestObject("VIP/Page_Dashboard/span_THB")): com.reusableComponent.HighlightElement.run is PASSED

2023-06-16 22:59:41 - [MESSAGE][PASSED] - com.reusableComponent.HighlightElement.run is PASSED

2023-06-16 22:59:41 - [TEST_STEP][PASSED] - mouseOver(findTestObject("VIP/Page_Dashboard/span_THB")): Object: 'Object Repository/VIP/Page_Dashboard/span_THB' is hovered

2023-06-16 22:59:42 - [MESSAGE][PASSED] - Object: 'Object Repository/VIP/Page_Dashboard/span_THB' is hovered]]></system-out>
         <system-err><![CDATA[]]></system-err>
      </testcase>
      <testcase name="Test Cases/VIP/IDR" time="2.777" classname="Test Cases/VIP/IDR" status="PASSED">
         <system-out><![CDATA[2023-06-16 22:59:42 - [TEST_CASE][PASSED] - Test Cases/VIP/IDR: Test Cases/VIP/IDR

2023-06-16 22:59:42 - [TEST_STEP][PASSED] - com.reusableComponent.HighlightElement.run(findTestObject("VIP/Page_Dashboard/span_VIP")): com.reusableComponent.HighlightElement.run is PASSED

2023-06-16 22:59:43 - [MESSAGE][PASSED] - com.reusableComponent.HighlightElement.run is PASSED

2023-06-16 22:59:43 - [TEST_STEP][PASSED] - mouseOver(findTestObject("VIP/Page_Dashboard/span_VIP")): Object: 'Object Repository/VIP/Page_Dashboard/span_VIP' is hovered

2023-06-16 22:59:44 - [MESSAGE][PASSED] - Object: 'Object Repository/VIP/Page_Dashboard/span_VIP' is hovered

2023-06-16 22:59:44 - [TEST_STEP][PASSED] - com.reusableComponent.HighlightElement.run(findTestObject("VIP/Page_Dashboard/span_IDR")): com.reusableComponent.HighlightElement.run is PASSED

2023-06-16 22:59:44 - [MESSAGE][PASSED] - com.reusableComponent.HighlightElement.run is PASSED

2023-06-16 22:59:44 - [TEST_STEP][PASSED] - mouseOver(findTestObject("VIP/Page_Dashboard/span_IDR")): Object: 'Object Repository/VIP/Page_Dashboard/span_IDR' is hovered

2023-06-16 22:59:45 - [MESSAGE][PASSED] - Object: 'Object Repository/VIP/Page_Dashboard/span_IDR' is hovered]]></system-out>
         <system-err><![CDATA[]]></system-err>
      </testcase>
      <testcase name="Test Cases/VIP/MMK" time="2.597" classname="Test Cases/VIP/MMK" status="PASSED">
         <system-out><![CDATA[2023-06-16 22:59:45 - [TEST_CASE][PASSED] - Test Cases/VIP/MMK: Test Cases/VIP/MMK

2023-06-16 22:59:45 - [TEST_STEP][PASSED] - com.reusableComponent.HighlightElement.run(findTestObject("VIP/Page_Dashboard/span_VIP")): com.reusableComponent.HighlightElement.run is PASSED

2023-06-16 22:59:46 - [MESSAGE][PASSED] - com.reusableComponent.HighlightElement.run is PASSED

2023-06-16 22:59:46 - [TEST_STEP][PASSED] - mouseOver(findTestObject("VIP/Page_Dashboard/span_VIP")): Object: 'Object Repository/VIP/Page_Dashboard/span_VIP' is hovered

2023-06-16 22:59:46 - [MESSAGE][PASSED] - Object: 'Object Repository/VIP/Page_Dashboard/span_VIP' is hovered

2023-06-16 22:59:46 - [TEST_STEP][PASSED] - com.reusableComponent.HighlightElement.run(findTestObject("VIP/Page_Dashboard/span_MMK")): com.reusableComponent.HighlightElement.run is PASSED

2023-06-16 22:59:47 - [MESSAGE][PASSED] - com.reusableComponent.HighlightElement.run is PASSED

2023-06-16 22:59:47 - [TEST_STEP][PASSED] - mouseOver(findTestObject("VIP/Page_Dashboard/span_MMK")): Object: 'Object Repository/VIP/Page_Dashboard/span_MMK' is hovered

2023-06-16 22:59:47 - [MESSAGE][PASSED] - Object: 'Object Repository/VIP/Page_Dashboard/span_MMK' is hovered]]></system-out>
         <system-err><![CDATA[]]></system-err>
      </testcase>
      <testcase name="Test Cases/VIP/RMB" time="2.493" classname="Test Cases/VIP/RMB" status="PASSED">
         <system-out><![CDATA[2023-06-16 22:59:47 - [TEST_CASE][PASSED] - Test Cases/VIP/RMB: Test Cases/VIP/RMB

2023-06-16 22:59:48 - [TEST_STEP][PASSED] - com.reusableComponent.HighlightElement.run(findTestObject("VIP/Page_Dashboard/span_VIP")): com.reusableComponent.HighlightElement.run is PASSED

2023-06-16 22:59:48 - [MESSAGE][PASSED] - com.reusableComponent.HighlightElement.run is PASSED

2023-06-16 22:59:48 - [TEST_STEP][PASSED] - mouseOver(findTestObject("VIP/Page_Dashboard/span_VIP")): Object: 'Object Repository/VIP/Page_Dashboard/span_VIP' is hovered

2023-06-16 22:59:49 - [MESSAGE][PASSED] - Object: 'Object Repository/VIP/Page_Dashboard/span_VIP' is hovered

2023-06-16 22:59:49 - [TEST_STEP][PASSED] - com.reusableComponent.HighlightElement.run(findTestObject("VIP/Page_Dashboard/span_RMB")): com.reusableComponent.HighlightElement.run is PASSED

2023-06-16 22:59:49 - [MESSAGE][PASSED] - com.reusableComponent.HighlightElement.run is PASSED

2023-06-16 22:59:49 - [TEST_STEP][PASSED] - mouseOver(findTestObject("VIP/Page_Dashboard/span_RMB")): Object: 'Object Repository/VIP/Page_Dashboard/span_RMB' is hovered

2023-06-16 22:59:50 - [MESSAGE][PASSED] - Object: 'Object Repository/VIP/Page_Dashboard/span_RMB' is hovered]]></system-out>
         <system-err><![CDATA[]]></system-err>
      </testcase>
      <testcase name="Test Cases/VIP/LKPoints Redeem Records" time="2.462" classname="Test Cases/VIP/LKPoints Redeem Records" status="PASSED">
         <system-out><![CDATA[2023-06-16 22:59:50 - [TEST_CASE][PASSED] - Test Cases/VIP/LKPoints Redeem Records: Test Cases/VIP/LKPoints Redeem Records

2023-06-16 22:59:50 - [TEST_STEP][PASSED] - com.reusableComponent.HighlightElement.run(findTestObject("VIP/Page_Dashboard/span_VIP")): com.reusableComponent.HighlightElement.run is PASSED

2023-06-16 22:59:51 - [MESSAGE][PASSED] - com.reusableComponent.HighlightElement.run is PASSED

2023-06-16 22:59:51 - [TEST_STEP][PASSED] - mouseOver(findTestObject("VIP/Page_Dashboard/span_VIP")): Object: 'Object Repository/VIP/Page_Dashboard/span_VIP' is hovered

2023-06-16 22:59:51 - [MESSAGE][PASSED] - Object: 'Object Repository/VIP/Page_Dashboard/span_VIP' is hovered

2023-06-16 22:59:51 - [TEST_STEP][PASSED] - com.reusableComponent.HighlightElement.run(findTestObject("VIP/Page_Dashboard/span_LKPoints Redeem Records")): com.reusableComponent.HighlightElement.run is PASSED

2023-06-16 22:59:52 - [MESSAGE][PASSED] - com.reusableComponent.HighlightElement.run is PASSED

2023-06-16 22:59:52 - [TEST_STEP][PASSED] - mouseOver(findTestObject("VIP/Page_Dashboard/span_LKPoints Redeem Records")): Object: 'Object Repository/VIP/Page_Dashboard/span_LKPoints Redeem Records' is hovered

2023-06-16 22:59:52 - [MESSAGE][PASSED] - Object: 'Object Repository/VIP/Page_Dashboard/span_LKPoints Redeem Records' is hovered]]></system-out>
         <system-err><![CDATA[]]></system-err>
      </testcase>
      <testcase name="Test Cases/Coupon/List" time="3.188" classname="Test Cases/Coupon/List" status="PASSED">
         <system-out><![CDATA[2023-06-16 22:59:52 - [TEST_CASE][PASSED] - Test Cases/Coupon/List: Test Cases/Coupon/List

2023-06-16 22:59:53 - [TEST_STEP][PASSED] - com.reusableComponent.HighlightElement.run(findTestObject("Coupon/Page_Dashboard/span_Coupon")): com.reusableComponent.HighlightElement.run is PASSED

2023-06-16 22:59:54 - [MESSAGE][PASSED] - com.reusableComponent.HighlightElement.run is PASSED

2023-06-16 22:59:54 - [TEST_STEP][PASSED] - mouseOver(findTestObject("Coupon/Page_Dashboard/span_Coupon")): Object: 'Object Repository/Coupon/Page_Dashboard/span_Coupon' is hovered

2023-06-16 22:59:54 - [MESSAGE][PASSED] - Object: 'Object Repository/Coupon/Page_Dashboard/span_Coupon' is hovered

2023-06-16 22:59:54 - [TEST_STEP][PASSED] - com.reusableComponent.HighlightElement.run(findTestObject("Coupon/Page_Dashboard/span_List")): com.reusableComponent.HighlightElement.run is PASSED

2023-06-16 22:59:55 - [MESSAGE][PASSED] - com.reusableComponent.HighlightElement.run is PASSED

2023-06-16 22:59:55 - [TEST_STEP][PASSED] - mouseOver(findTestObject("Coupon/Page_Dashboard/span_List")): Object: 'Object Repository/Coupon/Page_Dashboard/span_List' is hovered

2023-06-16 22:59:55 - [MESSAGE][PASSED] - Object: 'Object Repository/Coupon/Page_Dashboard/span_List' is hovered]]></system-out>
         <system-err><![CDATA[]]></system-err>
      </testcase>
      <system-out><![CDATA[2023-06-16 22:59:01 - [TEST_SUITE][PASSED] - Smoke: Test Cases/Coupon/List]]></system-out>
      <system-err><![CDATA[]]></system-err>
   </testsuite>
</testsuites>
