<?xml version="1.0" encoding="UTF-8"?>
<testsuites name="Sub Admin" time="31.942" tests="3" failures="0" errors="0">
   <testsuite name="Sub Admin" tests="3" failures="0" errors="0" time="31.942" skipped="0" timestamp="2023-06-09 09:18:28" hostname="hmacagba - PHPF1FXV0U.CSCMWS.CSCMWS.COM" id="Test Suites/Sub Admin/Sub Admin">
      <properties>
         <property name="deviceName" value=""/>
         <property name="devicePlatform" value=""/>
         <property name="logFolder" value="C:\\Users\\hmacagba\\git\\AutomatedScripts\\Reports\\20230609_091822\\Sub Admin\\Sub Admin\\20230609_091822"/>
         <property name="logFiles" value="C:\\Users\\hmacagba\\git\\AutomatedScripts\\Reports\\20230609_091822\\Sub Admin\\Sub Admin\\20230609_091822\\execution0.log"/>
         <property name="attachments" value=""/>
         <property name="hostName" value="hmacagba - PHPF1FXV0U.CSCMWS.CSCMWS.COM"/>
         <property name="os" value="Windows 10 64bit"/>
         <property name="katalonVersion" value="8.6.5.208"/>
         <property name="browser" value="Chrome 114.0.0.0"/>
         <property name="hostAddress" value="192.168.68.104"/>
         <property name="sessionId" value="ebf8fb5ac5264e55d92387aa295fef7a"/>
         <property name="seleniumVersion" value="3.141.59"/>
         <property name="proxyInformation" value="ProxyInformation { proxyOption=NO_PROXY, proxyServerType=HTTP, username=, password=********, proxyServerAddress=, proxyServerPort=0, executionList=&quot;&quot;, isApplyToDesiredCapabilities=true }"/>
         <property name="platform" value="Windows 10"/>
      </properties>
      <testcase name="Test Cases/Sub Admin/List" time="23.622" classname="Test Cases/Sub Admin/List" status="PASSED">
         <system-out><![CDATA[2023-06-09 09:18:29 - [TEST_CASE][PASSED] - Test Cases/Sub Admin/List: Test Cases/Sub Admin/List

2023-06-09 09:18:30 - [TEST_STEP][PASSED] - callTestCase(findTestCase("Login Admin"), [:], STOP_ON_FAILURE): Call Test Case 'Test Cases/Login Admin' successfully

2023-06-09 09:18:30 - [TEST_CASE][PASSED] - Test Cases/Login Admin: Test Cases/Login Admin

2023-06-09 09:18:30 - [TEST_STEP][PASSED] - openBrowser(""): Browser is opened with url: ''

2023-06-09 09:18:31 - [MESSAGE][INFO] - Starting 'Chrome' driver

2023-06-09 09:18:31 - [MESSAGE][INFO] - Action delay is set to 0 milliseconds

2023-06-09 09:18:35 - [MESSAGE][PASSED] - Browser is opened with url: ''

2023-06-09 09:18:35 - [TEST_STEP][PASSED] - maximizeWindow(): Current window maximized

2023-06-09 09:18:36 - [MESSAGE][PASSED] - Current window maximized

2023-06-09 09:18:36 - [TEST_STEP][PASSED] - navigateToUrl(URL): Navigate to 'http://admin.lkydev.site' successfully

2023-06-09 09:18:40 - [MESSAGE][PASSED] - Navigate to 'http://admin.lkydev.site' successfully

2023-06-09 09:18:40 - [TEST_STEP][PASSED] - verifyElementText(findTestObject("Object Repository/Login/Page_SUNCITY - Login/h3_Sign In To Admin System"), "Sign In To Admin System"): Actual text and expected text of test object 'Object Repository/Login/Page_SUNCITY - Login/h3_Sign In To Admin System' are matched.

2023-06-09 09:18:41 - [MESSAGE][PASSED] - Actual text and expected text of test object 'Object Repository/Login/Page_SUNCITY - Login/h3_Sign In To Admin System' are matched.

2023-06-09 09:18:41 - [TEST_STEP][PASSED] - setText(findTestObject("Object Repository/Login/Page_SUNCITY - Login/input_Sign In To Admin System_username"), Username): Text 'devbot' is set on object 'Object Repository/Login/Page_SUNCITY - Login/input_Sign In To Admin System_username'

2023-06-09 09:18:42 - [MESSAGE][PASSED] - Text 'devbot' is set on object 'Object Repository/Login/Page_SUNCITY - Login/input_Sign In To Admin System_username'

2023-06-09 09:18:42 - [TEST_STEP][PASSED] - setText(findTestObject("Object Repository/Login/Page_SUNCITY - Login/input_Sign In To Admin System_password"), Password): Text '77889900' is set on object 'Object Repository/Login/Page_SUNCITY - Login/input_Sign In To Admin System_password'

2023-06-09 09:18:43 - [MESSAGE][PASSED] - Text '77889900' is set on object 'Object Repository/Login/Page_SUNCITY - Login/input_Sign In To Admin System_password'

2023-06-09 09:18:43 - [TEST_STEP][PASSED] - click(findTestObject("Object Repository/Login/Page_SUNCITY - Login/button_Next")): Object: 'Object Repository/Login/Page_SUNCITY - Login/button_Next' is clicked on

2023-06-09 09:18:43 - [MESSAGE][PASSED] - Object: 'Object Repository/Login/Page_SUNCITY - Login/button_Next' is clicked on

2023-06-09 09:18:43 - [TEST_STEP][PASSED] - setText(findTestObject("Object Repository/Login/Page_SUNCITY - Login/input_Next_verificationCode"), VerificationCode): Text '778899' is set on object 'Object Repository/Login/Page_SUNCITY - Login/input_Next_verificationCode'

2023-06-09 09:18:46 - [MESSAGE][PASSED] - Text '778899' is set on object 'Object Repository/Login/Page_SUNCITY - Login/input_Next_verificationCode'

2023-06-09 09:18:46 - [TEST_STEP][PASSED] - click(findTestObject("Object Repository/Login/Page_SUNCITY - Login/button_Sign In")): Object: 'Object Repository/Login/Page_SUNCITY - Login/button_Sign In' is clicked on

2023-06-09 09:18:46 - [MESSAGE][PASSED] - Object: 'Object Repository/Login/Page_SUNCITY - Login/button_Sign In' is clicked on

2023-06-09 09:18:46 - [TEST_STEP][PASSED] - click(findTestObject("Object Repository/Login/Page_Dashboard/h2_Login Success")): Object: 'Object Repository/Login/Page_Dashboard/h2_Login Success' is clicked on

2023-06-09 09:18:49 - [MESSAGE][PASSED] - Object: 'Object Repository/Login/Page_Dashboard/h2_Login Success' is clicked on

2023-06-09 09:18:49 - [TEST_STEP][PASSED] - click(findTestObject("Object Repository/Login/Page_Dashboard/button_OK")): Object: 'Object Repository/Login/Page_Dashboard/button_OK' is clicked on

2023-06-09 09:18:49 - [MESSAGE][PASSED] - Object: 'Object Repository/Login/Page_Dashboard/button_OK' is clicked on

2023-06-09 09:18:49 - [MESSAGE][PASSED] - Call Test Case 'Test Cases/Login Admin' successfully

2023-06-09 09:18:49 - [TEST_STEP][PASSED] - mouseOver(findTestObject("Sub Admin/Page_Dashboard/span_Sub-Admin")): Object: 'Object Repository/Sub Admin/Page_Dashboard/span_Sub-Admin' is hovered

2023-06-09 09:18:50 - [MESSAGE][PASSED] - Object: 'Object Repository/Sub Admin/Page_Dashboard/span_Sub-Admin' is hovered

2023-06-09 09:18:50 - [TEST_STEP][PASSED] - mouseOver(findTestObject("Sub Admin/Page_Dashboard/span_List")): Object: 'Object Repository/Sub Admin/Page_Dashboard/span_List' is hovered

2023-06-09 09:18:51 - [MESSAGE][PASSED] - Object: 'Object Repository/Sub Admin/Page_Dashboard/span_List' is hovered

2023-06-09 09:18:51 - [TEST_STEP][PASSED] - click(findTestObject("Sub Admin/Page_Dashboard/span_List")): Object: 'Object Repository/Sub Admin/Page_Dashboard/span_List' is clicked on

2023-06-09 09:18:53 - [MESSAGE][PASSED] - Object: 'Object Repository/Sub Admin/Page_Dashboard/span_List' is clicked on]]></system-out>
         <system-err><![CDATA[]]></system-err>
      </testcase>
      <testcase name="Test Cases/Sub Admin/Create" time="3.91" classname="Test Cases/Sub Admin/Create" status="PASSED">
         <system-out><![CDATA[2023-06-09 09:18:53 - [TEST_CASE][PASSED] - Test Cases/Sub Admin/Create: Test Cases/Sub Admin/Create

2023-06-09 09:18:53 - [TEST_STEP][PASSED] - mouseOver(findTestObject("Sub Admin/Page_Dashboard/span_Sub-Admin")): Object: 'Object Repository/Sub Admin/Page_Dashboard/span_Sub-Admin' is hovered

2023-06-09 09:18:54 - [MESSAGE][PASSED] - Object: 'Object Repository/Sub Admin/Page_Dashboard/span_Sub-Admin' is hovered

2023-06-09 09:18:54 - [TEST_STEP][PASSED] - mouseOver(findTestObject("Sub Admin/Page_Dashboard/span_Create")): Object: 'Object Repository/Sub Admin/Page_Dashboard/span_Create' is hovered

2023-06-09 09:18:54 - [MESSAGE][PASSED] - Object: 'Object Repository/Sub Admin/Page_Dashboard/span_Create' is hovered

2023-06-09 09:18:54 - [TEST_STEP][PASSED] - click(findTestObject("Sub Admin/Page_Dashboard/span_Create")): Object: 'Object Repository/Sub Admin/Page_Dashboard/span_Create' is clicked on

2023-06-09 09:18:56 - [MESSAGE][PASSED] - Object: 'Object Repository/Sub Admin/Page_Dashboard/span_Create' is clicked on]]></system-out>
         <system-err><![CDATA[]]></system-err>
      </testcase>
      <testcase name="Test Cases/Sub Admin/Duplicate IP Logins" time="3.897" classname="Test Cases/Sub Admin/Duplicate IP Logins" status="PASSED">
         <system-out><![CDATA[2023-06-09 09:18:56 - [TEST_CASE][PASSED] - Test Cases/Sub Admin/Duplicate IP Logins: Test Cases/Sub Admin/Duplicate IP Logins

2023-06-09 09:18:57 - [TEST_STEP][PASSED] - mouseOver(findTestObject("Sub Admin/Page_Dashboard/span_Sub-Admin")): Object: 'Object Repository/Sub Admin/Page_Dashboard/span_Sub-Admin' is hovered

2023-06-09 09:18:58 - [MESSAGE][PASSED] - Object: 'Object Repository/Sub Admin/Page_Dashboard/span_Sub-Admin' is hovered

2023-06-09 09:18:58 - [TEST_STEP][PASSED] - mouseOver(findTestObject("Sub Admin/Page_Dashboard/span_Duplicate IP Logins")): Object: 'Object Repository/Sub Admin/Page_Dashboard/span_Duplicate IP Logins' is hovered

2023-06-09 09:18:59 - [MESSAGE][PASSED] - Object: 'Object Repository/Sub Admin/Page_Dashboard/span_Duplicate IP Logins' is hovered

2023-06-09 09:18:59 - [TEST_STEP][PASSED] - click(findTestObject("Sub Admin/Page_Dashboard/span_Duplicate IP Logins")): Object: 'Object Repository/Sub Admin/Page_Dashboard/span_Duplicate IP Logins' is clicked on

2023-06-09 09:19:00 - [MESSAGE][PASSED] - Object: 'Object Repository/Sub Admin/Page_Dashboard/span_Duplicate IP Logins' is clicked on]]></system-out>
         <system-err><![CDATA[]]></system-err>
      </testcase>
      <system-out><![CDATA[2023-06-09 09:18:28 - [TEST_SUITE][PASSED] - Sub Admin: Test Cases/Sub Admin/Duplicate IP Logins]]></system-out>
      <system-err><![CDATA[]]></system-err>
   </testsuite>
</testsuites>
