<?xml version="1.0" encoding="UTF-8"?>
<testsuites name="Smoke" time="40.279" tests="5" failures="0" errors="0">
   <testsuite name="Smoke" tests="5" failures="0" errors="0" time="40.279" skipped="0" timestamp="2023-06-16 21:52:33" hostname="hmacagba - PHPF1FXV0U.CSCMWS.CSCMWS.COM" id="Test Suites/Smoke">
      <properties>
         <property name="deviceName" value=""/>
         <property name="devicePlatform" value=""/>
         <property name="logFolder" value="C:\\Users\\hmacagba\\git\\AutomatedScripts\\Reports\\20230616_215219\\Smoke\\20230616_215219"/>
         <property name="logFiles" value="C:\\Users\\hmacagba\\git\\AutomatedScripts\\Reports\\20230616_215219\\Smoke\\20230616_215219\\execution0.log"/>
         <property name="attachments" value=""/>
         <property name="hostName" value="hmacagba - PHPF1FXV0U.CSCMWS.CSCMWS.COM"/>
         <property name="os" value="Windows 10 64bit"/>
         <property name="katalonVersion" value="8.6.5.208"/>
         <property name="browser" value="Chrome 114.0.0.0"/>
         <property name="hostAddress" value="192.168.68.107"/>
         <property name="sessionId" value="8ba25fa5904c6c6bded4d01c9797da20"/>
         <property name="seleniumVersion" value="3.141.59"/>
         <property name="proxyInformation" value="ProxyInformation { proxyOption=NO_PROXY, proxyServerType=HTTP, username=, password=********, proxyServerAddress=, proxyServerPort=0, executionList=&quot;&quot;, isApplyToDesiredCapabilities=true }"/>
         <property name="platform" value="Windows 10"/>
      </properties>
      <testcase name="Test Cases/Interest/Interest List MYR" time="28.744" classname="Test Cases/Interest/Interest List MYR" status="PASSED">
         <system-out><![CDATA[2023-06-16 21:52:33 - [TEST_CASE][PASSED] - Test Cases/Interest/Interest List MYR: Test Cases/Interest/Interest List MYR

2023-06-16 21:52:34 - [TEST_STEP][PASSED] - callTestCase(findTestCase("Login Admin"), [:], STOP_ON_FAILURE): Call Test Case 'Test Cases/Login Admin' successfully

2023-06-16 21:52:34 - [TEST_CASE][PASSED] - Test Cases/Login Admin: Test Cases/Login Admin

2023-06-16 21:52:35 - [TEST_STEP][PASSED] - openBrowser(""): Browser is opened with url: ''

2023-06-16 21:52:35 - [MESSAGE][INFO] - Starting 'Chrome' driver

2023-06-16 21:52:36 - [MESSAGE][INFO] - Action delay is set to 0 milliseconds

2023-06-16 21:52:41 - [MESSAGE][PASSED] - Browser is opened with url: ''

2023-06-16 21:52:41 - [TEST_STEP][PASSED] - maximizeWindow(): Current window maximized

2023-06-16 21:52:41 - [MESSAGE][PASSED] - Current window maximized

2023-06-16 21:52:41 - [TEST_STEP][PASSED] - navigateToUrl(URL): Navigate to 'http://admin.lkydev.site' successfully

2023-06-16 21:52:46 - [MESSAGE][PASSED] - Navigate to 'http://admin.lkydev.site' successfully

2023-06-16 21:52:46 - [TEST_STEP][PASSED] - verifyElementText(findTestObject("Object Repository/Login/Page_SUNCITY - Login/h3_Sign In To Admin System"), "Sign In To Admin System"): Actual text and expected text of test object 'Object Repository/Login/Page_SUNCITY - Login/h3_Sign In To Admin System' are matched.

2023-06-16 21:52:47 - [MESSAGE][PASSED] - Actual text and expected text of test object 'Object Repository/Login/Page_SUNCITY - Login/h3_Sign In To Admin System' are matched.

2023-06-16 21:52:47 - [TEST_STEP][PASSED] - com.reusableComponent.HighlightElement.run(findTestObject("Login/Page_SUNCITY - Login/h3_Sign In To Admin System")): com.reusableComponent.HighlightElement.run is PASSED

2023-06-16 21:52:47 - [MESSAGE][PASSED] - com.reusableComponent.HighlightElement.run is PASSED

2023-06-16 21:52:47 - [TEST_STEP][PASSED] - com.reusableComponent.HighlightElement.run(findTestObject("Login/Page_SUNCITY - Login/input_Sign In To Admin System_username")): com.reusableComponent.HighlightElement.run is PASSED

2023-06-16 21:52:48 - [MESSAGE][PASSED] - com.reusableComponent.HighlightElement.run is PASSED

2023-06-16 21:52:48 - [TEST_STEP][PASSED] - com.reusableComponent.HighlightElement.run(findTestObject("Login/Page_SUNCITY - Login/input_Sign In To Admin System_password")): com.reusableComponent.HighlightElement.run is PASSED

2023-06-16 21:52:48 - [MESSAGE][PASSED] - com.reusableComponent.HighlightElement.run is PASSED

2023-06-16 21:52:48 - [TEST_STEP][PASSED] - setText(findTestObject("Object Repository/Login/Page_SUNCITY - Login/input_Sign In To Admin System_username"), Username): Text 'devbot' is set on object 'Object Repository/Login/Page_SUNCITY - Login/input_Sign In To Admin System_username'

2023-06-16 21:52:49 - [MESSAGE][PASSED] - Text 'devbot' is set on object 'Object Repository/Login/Page_SUNCITY - Login/input_Sign In To Admin System_username'

2023-06-16 21:52:49 - [TEST_STEP][PASSED] - setText(findTestObject("Object Repository/Login/Page_SUNCITY - Login/input_Sign In To Admin System_password"), Password): Text '77889900' is set on object 'Object Repository/Login/Page_SUNCITY - Login/input_Sign In To Admin System_password'

2023-06-16 21:52:50 - [MESSAGE][PASSED] - Text '77889900' is set on object 'Object Repository/Login/Page_SUNCITY - Login/input_Sign In To Admin System_password'

2023-06-16 21:52:50 - [TEST_STEP][PASSED] - com.reusableComponent.HighlightElement.run(findTestObject("Login/Page_SUNCITY - Login/button_Next")): com.reusableComponent.HighlightElement.run is PASSED

2023-06-16 21:52:51 - [MESSAGE][PASSED] - com.reusableComponent.HighlightElement.run is PASSED

2023-06-16 21:52:51 - [TEST_STEP][PASSED] - click(findTestObject("Object Repository/Login/Page_SUNCITY - Login/button_Next")): Object: 'Object Repository/Login/Page_SUNCITY - Login/button_Next' is clicked on

2023-06-16 21:52:51 - [MESSAGE][PASSED] - Object: 'Object Repository/Login/Page_SUNCITY - Login/button_Next' is clicked on

2023-06-16 21:52:51 - [TEST_STEP][PASSED] - com.reusableComponent.HighlightElement.run(findTestObject("Login/Page_SUNCITY - Login/input_Next_verificationCode")): com.reusableComponent.HighlightElement.run is PASSED

2023-06-16 21:52:53 - [MESSAGE][PASSED] - com.reusableComponent.HighlightElement.run is PASSED

2023-06-16 21:52:53 - [TEST_STEP][PASSED] - setText(findTestObject("Object Repository/Login/Page_SUNCITY - Login/input_Next_verificationCode"), VerificationCode): Text '778899' is set on object 'Object Repository/Login/Page_SUNCITY - Login/input_Next_verificationCode'

2023-06-16 21:52:53 - [MESSAGE][PASSED] - Text '778899' is set on object 'Object Repository/Login/Page_SUNCITY - Login/input_Next_verificationCode'

2023-06-16 21:52:53 - [TEST_STEP][PASSED] - com.reusableComponent.HighlightElement.run(findTestObject("Login/Page_SUNCITY - Login/button_Sign In")): com.reusableComponent.HighlightElement.run is PASSED

2023-06-16 21:52:54 - [MESSAGE][PASSED] - com.reusableComponent.HighlightElement.run is PASSED

2023-06-16 21:52:54 - [TEST_STEP][PASSED] - click(findTestObject("Object Repository/Login/Page_SUNCITY - Login/button_Sign In")): Object: 'Object Repository/Login/Page_SUNCITY - Login/button_Sign In' is clicked on

2023-06-16 21:52:54 - [MESSAGE][PASSED] - Object: 'Object Repository/Login/Page_SUNCITY - Login/button_Sign In' is clicked on

2023-06-16 21:52:54 - [TEST_STEP][PASSED] - com.reusableComponent.HighlightElement.run(findTestObject("Login/Page_Dashboard/h2_Login Success")): com.reusableComponent.HighlightElement.run is PASSED

2023-06-16 21:52:58 - [MESSAGE][PASSED] - com.reusableComponent.HighlightElement.run is PASSED

2023-06-16 21:52:58 - [TEST_STEP][PASSED] - click(findTestObject("Object Repository/Login/Page_Dashboard/h2_Login Success")): Object: 'Object Repository/Login/Page_Dashboard/h2_Login Success' is clicked on

2023-06-16 21:52:58 - [MESSAGE][PASSED] - Object: 'Object Repository/Login/Page_Dashboard/h2_Login Success' is clicked on

2023-06-16 21:52:58 - [TEST_STEP][PASSED] - com.reusableComponent.HighlightElement.run(findTestObject("Login/Page_Dashboard/button_OK")): com.reusableComponent.HighlightElement.run is PASSED

2023-06-16 21:52:59 - [MESSAGE][PASSED] - com.reusableComponent.HighlightElement.run is PASSED

2023-06-16 21:52:59 - [TEST_STEP][PASSED] - click(findTestObject("Object Repository/Login/Page_Dashboard/button_OK")): Object: 'Object Repository/Login/Page_Dashboard/button_OK' is clicked on

2023-06-16 21:52:59 - [MESSAGE][PASSED] - Object: 'Object Repository/Login/Page_Dashboard/button_OK' is clicked on

2023-06-16 21:52:59 - [MESSAGE][PASSED] - Call Test Case 'Test Cases/Login Admin' successfully

2023-06-16 21:52:59 - [TEST_STEP][PASSED] - com.reusableComponent.HighlightElement.run(findTestObject("Interest/Page_Dashboard/span_Interest")): com.reusableComponent.HighlightElement.run is PASSED

2023-06-16 21:53:00 - [MESSAGE][PASSED] - com.reusableComponent.HighlightElement.run is PASSED

2023-06-16 21:53:00 - [TEST_STEP][PASSED] - mouseOver(findTestObject("Interest/Page_Dashboard/span_Interest")): Object: 'Object Repository/Interest/Page_Dashboard/span_Interest' is hovered

2023-06-16 21:53:01 - [MESSAGE][PASSED] - Object: 'Object Repository/Interest/Page_Dashboard/span_Interest' is hovered

2023-06-16 21:53:01 - [TEST_STEP][PASSED] - com.reusableComponent.HighlightElement.run(findTestObject("Interest/Page_Dashboard/span_Interest List MYR")): com.reusableComponent.HighlightElement.run is PASSED

2023-06-16 21:53:01 - [MESSAGE][PASSED] - com.reusableComponent.HighlightElement.run is PASSED

2023-06-16 21:53:01 - [TEST_STEP][PASSED] - mouseOver(findTestObject("Interest/Page_Dashboard/span_Interest List MYR")): Object: 'Object Repository/Interest/Page_Dashboard/span_Interest List MYR' is hovered

2023-06-16 21:53:02 - [MESSAGE][PASSED] - Object: 'Object Repository/Interest/Page_Dashboard/span_Interest List MYR' is hovered]]></system-out>
         <system-err><![CDATA[]]></system-err>
      </testcase>
      <testcase name="Test Cases/Interest/Interest List THB" time="2.827" classname="Test Cases/Interest/Interest List THB" status="PASSED">
         <system-out><![CDATA[2023-06-16 21:53:02 - [TEST_CASE][PASSED] - Test Cases/Interest/Interest List THB: Test Cases/Interest/Interest List THB

2023-06-16 21:53:03 - [TEST_STEP][PASSED] - com.reusableComponent.HighlightElement.run(findTestObject("Interest/Page_Dashboard/span_Interest")): com.reusableComponent.HighlightElement.run is PASSED

2023-06-16 21:53:03 - [MESSAGE][PASSED] - com.reusableComponent.HighlightElement.run is PASSED

2023-06-16 21:53:03 - [TEST_STEP][PASSED] - mouseOver(findTestObject("Interest/Page_Dashboard/span_Interest")): Object: 'Object Repository/Interest/Page_Dashboard/span_Interest' is hovered

2023-06-16 21:53:04 - [MESSAGE][PASSED] - Object: 'Object Repository/Interest/Page_Dashboard/span_Interest' is hovered

2023-06-16 21:53:04 - [TEST_STEP][PASSED] - com.reusableComponent.HighlightElement.run(findTestObject("Interest/Page_Dashboard/span_Interest List THB")): com.reusableComponent.HighlightElement.run is PASSED

2023-06-16 21:53:04 - [MESSAGE][PASSED] - com.reusableComponent.HighlightElement.run is PASSED

2023-06-16 21:53:04 - [TEST_STEP][PASSED] - mouseOver(findTestObject("Interest/Page_Dashboard/span_Interest List THB")): Object: 'Object Repository/Interest/Page_Dashboard/span_Interest List THB' is hovered

2023-06-16 21:53:05 - [MESSAGE][PASSED] - Object: 'Object Repository/Interest/Page_Dashboard/span_Interest List THB' is hovered]]></system-out>
         <system-err><![CDATA[]]></system-err>
      </testcase>
      <testcase name="Test Cases/Interest/Interest List IDR" time="2.629" classname="Test Cases/Interest/Interest List IDR" status="PASSED">
         <system-out><![CDATA[2023-06-16 21:53:05 - [TEST_CASE][PASSED] - Test Cases/Interest/Interest List IDR: Test Cases/Interest/Interest List IDR

2023-06-16 21:53:05 - [TEST_STEP][PASSED] - com.reusableComponent.HighlightElement.run(findTestObject("Interest/Page_Dashboard/span_Interest")): com.reusableComponent.HighlightElement.run is PASSED

2023-06-16 21:53:06 - [MESSAGE][PASSED] - com.reusableComponent.HighlightElement.run is PASSED

2023-06-16 21:53:06 - [TEST_STEP][PASSED] - mouseOver(findTestObject("Interest/Page_Dashboard/span_Interest")): Object: 'Object Repository/Interest/Page_Dashboard/span_Interest' is hovered

2023-06-16 21:53:07 - [MESSAGE][PASSED] - Object: 'Object Repository/Interest/Page_Dashboard/span_Interest' is hovered

2023-06-16 21:53:07 - [TEST_STEP][PASSED] - com.reusableComponent.HighlightElement.run(findTestObject("Interest/Page_Dashboard/span_Interest List IDR")): com.reusableComponent.HighlightElement.run is PASSED

2023-06-16 21:53:07 - [MESSAGE][PASSED] - com.reusableComponent.HighlightElement.run is PASSED

2023-06-16 21:53:07 - [TEST_STEP][PASSED] - mouseOver(findTestObject("Interest/Page_Dashboard/span_Interest List IDR")): Object: 'Object Repository/Interest/Page_Dashboard/span_Interest List IDR' is hovered

2023-06-16 21:53:08 - [MESSAGE][PASSED] - Object: 'Object Repository/Interest/Page_Dashboard/span_Interest List IDR' is hovered]]></system-out>
         <system-err><![CDATA[]]></system-err>
      </testcase>
      <testcase name="Test Cases/Interest/Interest List MMK" time="2.798" classname="Test Cases/Interest/Interest List MMK" status="PASSED">
         <system-out><![CDATA[2023-06-16 21:53:08 - [TEST_CASE][PASSED] - Test Cases/Interest/Interest List MMK: Test Cases/Interest/Interest List MMK

2023-06-16 21:53:08 - [TEST_STEP][PASSED] - com.reusableComponent.HighlightElement.run(findTestObject("Interest/Page_Dashboard/span_Interest")): com.reusableComponent.HighlightElement.run is PASSED

2023-06-16 21:53:09 - [MESSAGE][PASSED] - com.reusableComponent.HighlightElement.run is PASSED

2023-06-16 21:53:09 - [TEST_STEP][PASSED] - mouseOver(findTestObject("Interest/Page_Dashboard/span_Interest")): Object: 'Object Repository/Interest/Page_Dashboard/span_Interest' is hovered

2023-06-16 21:53:09 - [MESSAGE][PASSED] - Object: 'Object Repository/Interest/Page_Dashboard/span_Interest' is hovered

2023-06-16 21:53:09 - [TEST_STEP][PASSED] - com.reusableComponent.HighlightElement.run(findTestObject("Interest/Page_Dashboard/span_Interest List MMK")): com.reusableComponent.HighlightElement.run is PASSED

2023-06-16 21:53:10 - [MESSAGE][PASSED] - com.reusableComponent.HighlightElement.run is PASSED

2023-06-16 21:53:10 - [TEST_STEP][PASSED] - mouseOver(findTestObject("Interest/Page_Dashboard/span_Interest List MMK")): Object: 'Object Repository/Interest/Page_Dashboard/span_Interest List MMK' is hovered

2023-06-16 21:53:10 - [MESSAGE][PASSED] - Object: 'Object Repository/Interest/Page_Dashboard/span_Interest List MMK' is hovered]]></system-out>
         <system-err><![CDATA[]]></system-err>
      </testcase>
      <testcase name="Test Cases/Interest/Interest List RMB" time="2.727" classname="Test Cases/Interest/Interest List RMB" status="PASSED">
         <system-out><![CDATA[2023-06-16 21:53:10 - [TEST_CASE][PASSED] - Test Cases/Interest/Interest List RMB: Test Cases/Interest/Interest List RMB

2023-06-16 21:53:11 - [TEST_STEP][PASSED] - com.reusableComponent.HighlightElement.run(findTestObject("Interest/Page_Dashboard/span_Interest")): com.reusableComponent.HighlightElement.run is PASSED

2023-06-16 21:53:11 - [MESSAGE][PASSED] - com.reusableComponent.HighlightElement.run is PASSED

2023-06-16 21:53:11 - [TEST_STEP][PASSED] - mouseOver(findTestObject("Interest/Page_Dashboard/span_Interest")): Object: 'Object Repository/Interest/Page_Dashboard/span_Interest' is hovered

2023-06-16 21:53:12 - [MESSAGE][PASSED] - Object: 'Object Repository/Interest/Page_Dashboard/span_Interest' is hovered

2023-06-16 21:53:12 - [TEST_STEP][PASSED] - com.reusableComponent.HighlightElement.run(findTestObject("Interest/Page_Dashboard/span_Interest List RMB")): com.reusableComponent.HighlightElement.run is PASSED

2023-06-16 21:53:12 - [MESSAGE][PASSED] - com.reusableComponent.HighlightElement.run is PASSED

2023-06-16 21:53:12 - [TEST_STEP][PASSED] - mouseOver(findTestObject("Interest/Page_Dashboard/span_Interest List RMB")): Object: 'Object Repository/Interest/Page_Dashboard/span_Interest List RMB' is hovered

2023-06-16 21:53:13 - [MESSAGE][PASSED] - Object: 'Object Repository/Interest/Page_Dashboard/span_Interest List RMB' is hovered]]></system-out>
         <system-err><![CDATA[]]></system-err>
      </testcase>
      <system-out><![CDATA[2023-06-16 21:52:33 - [TEST_SUITE][PASSED] - Smoke: Test Cases/Interest/Interest List RMB]]></system-out>
      <system-err><![CDATA[]]></system-err>
   </testsuite>
</testsuites>
