<?xml version="1.0" encoding="UTF-8"?>
<testsuites name="Smoke" time="47.513" tests="7" failures="0" errors="0">
   <testsuite name="Smoke" tests="7" failures="0" errors="0" time="47.513" skipped="0" timestamp="2023-06-14 17:19:43" hostname="hmacagba - PHPF1FXV0U.CSCMWS.CSCMWS.COM" id="Test Suites/Smoke">
      <properties>
         <property name="deviceName" value=""/>
         <property name="devicePlatform" value=""/>
         <property name="logFolder" value="C:\\Users\\hmacagba\\git\\AutomatedScripts\\Reports\\20230614_171931\\Smoke\\20230614_171931"/>
         <property name="logFiles" value="C:\\Users\\hmacagba\\git\\AutomatedScripts\\Reports\\20230614_171931\\Smoke\\20230614_171931\\execution0.log"/>
         <property name="attachments" value=""/>
         <property name="hostName" value="hmacagba - PHPF1FXV0U.CSCMWS.CSCMWS.COM"/>
         <property name="os" value="Windows 10 64bit"/>
         <property name="katalonVersion" value="8.6.5.208"/>
         <property name="browser" value="Chrome 114.0.0.0"/>
         <property name="hostAddress" value="192.168.68.214"/>
         <property name="sessionId" value="9e07bf1bd41e0dda32021a7ed8ca5dc3"/>
         <property name="seleniumVersion" value="3.141.59"/>
         <property name="proxyInformation" value="ProxyInformation { proxyOption=NO_PROXY, proxyServerType=HTTP, username=, password=********, proxyServerAddress=, proxyServerPort=0, executionList=&quot;&quot;, isApplyToDesiredCapabilities=true }"/>
         <property name="platform" value="Windows 10"/>
      </properties>
      <testcase name="Test Cases/Transaction/Online Payment" time="29.443" classname="Test Cases/Transaction/Online Payment" status="PASSED">
         <system-out><![CDATA[2023-06-14 17:19:44 - [TEST_CASE][PASSED] - Test Cases/Transaction/Online Payment: Test Cases/Transaction/Online Payment

2023-06-14 17:19:45 - [TEST_STEP][PASSED] - callTestCase(findTestCase("Login Admin"), [:], STOP_ON_FAILURE): Call Test Case 'Test Cases/Login Admin' successfully

2023-06-14 17:19:45 - [TEST_CASE][PASSED] - Test Cases/Login Admin: Test Cases/Login Admin

2023-06-14 17:19:45 - [TEST_STEP][PASSED] - openBrowser(""): Browser is opened with url: ''

2023-06-14 17:19:46 - [MESSAGE][INFO] - Starting 'Chrome' driver

2023-06-14 17:19:46 - [MESSAGE][INFO] - Action delay is set to 0 milliseconds

2023-06-14 17:19:50 - [MESSAGE][PASSED] - Browser is opened with url: ''

2023-06-14 17:19:50 - [TEST_STEP][PASSED] - maximizeWindow(): Current window maximized

2023-06-14 17:19:50 - [MESSAGE][PASSED] - Current window maximized

2023-06-14 17:19:50 - [TEST_STEP][PASSED] - navigateToUrl(URL): Navigate to 'http://admin.lkydev.site' successfully

2023-06-14 17:19:57 - [MESSAGE][PASSED] - Navigate to 'http://admin.lkydev.site' successfully

2023-06-14 17:19:57 - [TEST_STEP][PASSED] - verifyElementText(findTestObject("Object Repository/Login/Page_SUNCITY - Login/h3_Sign In To Admin System"), "Sign In To Admin System"): Actual text and expected text of test object 'Object Repository/Login/Page_SUNCITY - Login/h3_Sign In To Admin System' are matched.

2023-06-14 17:19:58 - [MESSAGE][PASSED] - Actual text and expected text of test object 'Object Repository/Login/Page_SUNCITY - Login/h3_Sign In To Admin System' are matched.

2023-06-14 17:19:58 - [TEST_STEP][PASSED] - com.reusableComponent.HighlightElement.run(findTestObject("Login/Page_SUNCITY - Login/h3_Sign In To Admin System")): com.reusableComponent.HighlightElement.run is PASSED

2023-06-14 17:19:59 - [MESSAGE][PASSED] - com.reusableComponent.HighlightElement.run is PASSED

2023-06-14 17:19:59 - [TEST_STEP][PASSED] - com.reusableComponent.HighlightElement.run(findTestObject("Login/Page_SUNCITY - Login/input_Sign In To Admin System_username")): com.reusableComponent.HighlightElement.run is PASSED

2023-06-14 17:19:59 - [MESSAGE][PASSED] - com.reusableComponent.HighlightElement.run is PASSED

2023-06-14 17:19:59 - [TEST_STEP][PASSED] - com.reusableComponent.HighlightElement.run(findTestObject("Login/Page_SUNCITY - Login/input_Sign In To Admin System_password")): com.reusableComponent.HighlightElement.run is PASSED

2023-06-14 17:20:00 - [MESSAGE][PASSED] - com.reusableComponent.HighlightElement.run is PASSED

2023-06-14 17:20:00 - [TEST_STEP][PASSED] - setText(findTestObject("Object Repository/Login/Page_SUNCITY - Login/input_Sign In To Admin System_username"), Username): Text 'devbot' is set on object 'Object Repository/Login/Page_SUNCITY - Login/input_Sign In To Admin System_username'

2023-06-14 17:20:01 - [MESSAGE][PASSED] - Text 'devbot' is set on object 'Object Repository/Login/Page_SUNCITY - Login/input_Sign In To Admin System_username'

2023-06-14 17:20:01 - [TEST_STEP][PASSED] - setText(findTestObject("Object Repository/Login/Page_SUNCITY - Login/input_Sign In To Admin System_password"), Password): Text '77889900' is set on object 'Object Repository/Login/Page_SUNCITY - Login/input_Sign In To Admin System_password'

2023-06-14 17:20:02 - [MESSAGE][PASSED] - Text '77889900' is set on object 'Object Repository/Login/Page_SUNCITY - Login/input_Sign In To Admin System_password'

2023-06-14 17:20:02 - [TEST_STEP][PASSED] - com.reusableComponent.HighlightElement.run(findTestObject("Login/Page_SUNCITY - Login/button_Next")): com.reusableComponent.HighlightElement.run is PASSED

2023-06-14 17:20:02 - [MESSAGE][PASSED] - com.reusableComponent.HighlightElement.run is PASSED

2023-06-14 17:20:02 - [TEST_STEP][PASSED] - click(findTestObject("Object Repository/Login/Page_SUNCITY - Login/button_Next")): Object: 'Object Repository/Login/Page_SUNCITY - Login/button_Next' is clicked on

2023-06-14 17:20:03 - [MESSAGE][PASSED] - Object: 'Object Repository/Login/Page_SUNCITY - Login/button_Next' is clicked on

2023-06-14 17:20:03 - [TEST_STEP][PASSED] - com.reusableComponent.HighlightElement.run(findTestObject("Login/Page_SUNCITY - Login/input_Next_verificationCode")): com.reusableComponent.HighlightElement.run is PASSED

2023-06-14 17:20:06 - [MESSAGE][PASSED] - com.reusableComponent.HighlightElement.run is PASSED

2023-06-14 17:20:06 - [TEST_STEP][PASSED] - setText(findTestObject("Object Repository/Login/Page_SUNCITY - Login/input_Next_verificationCode"), VerificationCode): Text '778899' is set on object 'Object Repository/Login/Page_SUNCITY - Login/input_Next_verificationCode'

2023-06-14 17:20:06 - [MESSAGE][PASSED] - Text '778899' is set on object 'Object Repository/Login/Page_SUNCITY - Login/input_Next_verificationCode'

2023-06-14 17:20:06 - [TEST_STEP][PASSED] - com.reusableComponent.HighlightElement.run(findTestObject("Login/Page_SUNCITY - Login/button_Sign In")): com.reusableComponent.HighlightElement.run is PASSED

2023-06-14 17:20:07 - [MESSAGE][PASSED] - com.reusableComponent.HighlightElement.run is PASSED

2023-06-14 17:20:07 - [TEST_STEP][PASSED] - click(findTestObject("Object Repository/Login/Page_SUNCITY - Login/button_Sign In")): Object: 'Object Repository/Login/Page_SUNCITY - Login/button_Sign In' is clicked on

2023-06-14 17:20:07 - [MESSAGE][PASSED] - Object: 'Object Repository/Login/Page_SUNCITY - Login/button_Sign In' is clicked on

2023-06-14 17:20:07 - [TEST_STEP][PASSED] - com.reusableComponent.HighlightElement.run(findTestObject("Login/Page_Dashboard/h2_Login Success")): com.reusableComponent.HighlightElement.run is PASSED

2023-06-14 17:20:09 - [MESSAGE][PASSED] - com.reusableComponent.HighlightElement.run is PASSED

2023-06-14 17:20:09 - [TEST_STEP][PASSED] - click(findTestObject("Object Repository/Login/Page_Dashboard/h2_Login Success")): Object: 'Object Repository/Login/Page_Dashboard/h2_Login Success' is clicked on

2023-06-14 17:20:10 - [MESSAGE][PASSED] - Object: 'Object Repository/Login/Page_Dashboard/h2_Login Success' is clicked on

2023-06-14 17:20:10 - [TEST_STEP][PASSED] - com.reusableComponent.HighlightElement.run(findTestObject("Login/Page_Dashboard/button_OK")): com.reusableComponent.HighlightElement.run is PASSED

2023-06-14 17:20:10 - [MESSAGE][PASSED] - com.reusableComponent.HighlightElement.run is PASSED

2023-06-14 17:20:10 - [TEST_STEP][PASSED] - click(findTestObject("Object Repository/Login/Page_Dashboard/button_OK")): Object: 'Object Repository/Login/Page_Dashboard/button_OK' is clicked on

2023-06-14 17:20:11 - [MESSAGE][PASSED] - Object: 'Object Repository/Login/Page_Dashboard/button_OK' is clicked on

2023-06-14 17:20:11 - [MESSAGE][PASSED] - Call Test Case 'Test Cases/Login Admin' successfully

2023-06-14 17:20:11 - [TEST_STEP][PASSED] - com.reusableComponent.HighlightElement.run(findTestObject("Transaction/Page_Dashboard/span_Transaction")): com.reusableComponent.HighlightElement.run is PASSED

2023-06-14 17:20:12 - [MESSAGE][PASSED] - com.reusableComponent.HighlightElement.run is PASSED

2023-06-14 17:20:12 - [TEST_STEP][PASSED] - mouseOver(findTestObject("Transaction/Page_Dashboard/span_Transaction")): Object: 'Object Repository/Transaction/Page_Dashboard/span_Transaction' is hovered

2023-06-14 17:20:12 - [MESSAGE][PASSED] - Object: 'Object Repository/Transaction/Page_Dashboard/span_Transaction' is hovered

2023-06-14 17:20:12 - [TEST_STEP][PASSED] - com.reusableComponent.HighlightElement.run(findTestObject("Transaction/Page_Dashboard/span_Online Payment")): com.reusableComponent.HighlightElement.run is PASSED

2023-06-14 17:20:13 - [MESSAGE][PASSED] - com.reusableComponent.HighlightElement.run is PASSED

2023-06-14 17:20:13 - [TEST_STEP][PASSED] - mouseOver(findTestObject("Transaction/Page_Dashboard/span_Online Payment")): Object: 'Object Repository/Transaction/Page_Dashboard/span_Online Payment' is hovered

2023-06-14 17:20:13 - [MESSAGE][PASSED] - Object: 'Object Repository/Transaction/Page_Dashboard/span_Online Payment' is hovered]]></system-out>
         <system-err><![CDATA[]]></system-err>
      </testcase>
      <testcase name="Test Cases/Transaction/Topup" time="2.598" classname="Test Cases/Transaction/Topup" status="PASSED">
         <system-out><![CDATA[2023-06-14 17:20:13 - [TEST_CASE][PASSED] - Test Cases/Transaction/Topup: Test Cases/Transaction/Topup

2023-06-14 17:20:14 - [TEST_STEP][PASSED] - com.reusableComponent.HighlightElement.run(findTestObject("Transaction/Page_Dashboard/span_Transaction")): com.reusableComponent.HighlightElement.run is PASSED

2023-06-14 17:20:14 - [MESSAGE][PASSED] - com.reusableComponent.HighlightElement.run is PASSED

2023-06-14 17:20:14 - [TEST_STEP][PASSED] - mouseOver(findTestObject("Transaction/Page_Dashboard/span_Transaction")): Object: 'Object Repository/Transaction/Page_Dashboard/span_Transaction' is hovered

2023-06-14 17:20:15 - [MESSAGE][PASSED] - Object: 'Object Repository/Transaction/Page_Dashboard/span_Transaction' is hovered

2023-06-14 17:20:15 - [TEST_STEP][PASSED] - com.reusableComponent.HighlightElement.run(findTestObject("Transaction/Page_Dashboard/span_Topup")): com.reusableComponent.HighlightElement.run is PASSED

2023-06-14 17:20:15 - [MESSAGE][PASSED] - com.reusableComponent.HighlightElement.run is PASSED

2023-06-14 17:20:15 - [TEST_STEP][PASSED] - mouseOver(findTestObject("Transaction/Page_Dashboard/span_Topup")): Object: 'Object Repository/Transaction/Page_Dashboard/span_Topup' is hovered

2023-06-14 17:20:16 - [MESSAGE][PASSED] - Object: 'Object Repository/Transaction/Page_Dashboard/span_Topup' is hovered]]></system-out>
         <system-err><![CDATA[]]></system-err>
      </testcase>
      <testcase name="Test Cases/Transaction/Withdraw" time="3.337" classname="Test Cases/Transaction/Withdraw" status="PASSED">
         <system-out><![CDATA[2023-06-14 17:20:16 - [TEST_CASE][PASSED] - Test Cases/Transaction/Withdraw: Test Cases/Transaction/Withdraw

2023-06-14 17:20:17 - [TEST_STEP][PASSED] - com.reusableComponent.HighlightElement.run(findTestObject("Transaction/Page_Dashboard/span_Transaction")): com.reusableComponent.HighlightElement.run is PASSED

2023-06-14 17:20:17 - [MESSAGE][PASSED] - com.reusableComponent.HighlightElement.run is PASSED

2023-06-14 17:20:17 - [TEST_STEP][PASSED] - mouseOver(findTestObject("Transaction/Page_Dashboard/span_Transaction")): Object: 'Object Repository/Transaction/Page_Dashboard/span_Transaction' is hovered

2023-06-14 17:20:18 - [MESSAGE][PASSED] - Object: 'Object Repository/Transaction/Page_Dashboard/span_Transaction' is hovered

2023-06-14 17:20:18 - [TEST_STEP][PASSED] - com.reusableComponent.HighlightElement.run(findTestObject("Transaction/Page_Dashboard/span_Withdraw")): com.reusableComponent.HighlightElement.run is PASSED

2023-06-14 17:20:18 - [MESSAGE][PASSED] - com.reusableComponent.HighlightElement.run is PASSED

2023-06-14 17:20:18 - [TEST_STEP][PASSED] - mouseOver(findTestObject("Transaction/Page_Dashboard/span_Withdraw")): Object: 'Object Repository/Transaction/Page_Dashboard/span_Withdraw' is hovered

2023-06-14 17:20:19 - [MESSAGE][PASSED] - Object: 'Object Repository/Transaction/Page_Dashboard/span_Withdraw' is hovered]]></system-out>
         <system-err><![CDATA[]]></system-err>
      </testcase>
      <testcase name="Test Cases/Transaction/Topup History" time="2.861" classname="Test Cases/Transaction/Topup History" status="PASSED">
         <system-out><![CDATA[2023-06-14 17:20:19 - [TEST_CASE][PASSED] - Test Cases/Transaction/Topup History: Test Cases/Transaction/Topup History

2023-06-14 17:20:20 - [TEST_STEP][PASSED] - com.reusableComponent.HighlightElement.run(findTestObject("Transaction/Page_Dashboard/span_Transaction")): com.reusableComponent.HighlightElement.run is PASSED

2023-06-14 17:20:21 - [MESSAGE][PASSED] - com.reusableComponent.HighlightElement.run is PASSED

2023-06-14 17:20:21 - [TEST_STEP][PASSED] - mouseOver(findTestObject("Transaction/Page_Dashboard/span_Transaction")): Object: 'Object Repository/Transaction/Page_Dashboard/span_Transaction' is hovered

2023-06-14 17:20:21 - [MESSAGE][PASSED] - Object: 'Object Repository/Transaction/Page_Dashboard/span_Transaction' is hovered

2023-06-14 17:20:21 - [TEST_STEP][PASSED] - com.reusableComponent.HighlightElement.run(findTestObject("Transaction/Page_Dashboard/span_Topup history")): com.reusableComponent.HighlightElement.run is PASSED

2023-06-14 17:20:22 - [MESSAGE][PASSED] - com.reusableComponent.HighlightElement.run is PASSED

2023-06-14 17:20:22 - [TEST_STEP][PASSED] - mouseOver(findTestObject("Transaction/Page_Dashboard/span_Topup history")): Object: 'Object Repository/Transaction/Page_Dashboard/span_Topup history' is hovered

2023-06-14 17:20:22 - [MESSAGE][PASSED] - Object: 'Object Repository/Transaction/Page_Dashboard/span_Topup history' is hovered]]></system-out>
         <system-err><![CDATA[]]></system-err>
      </testcase>
      <testcase name="Test Cases/Transaction/Withdraw History" time="2.731" classname="Test Cases/Transaction/Withdraw History" status="PASSED">
         <system-out><![CDATA[2023-06-14 17:20:22 - [TEST_CASE][PASSED] - Test Cases/Transaction/Withdraw History: Test Cases/Transaction/Withdraw History

2023-06-14 17:20:23 - [TEST_STEP][PASSED] - com.reusableComponent.HighlightElement.run(findTestObject("Transaction/Page_Dashboard/span_Transaction")): com.reusableComponent.HighlightElement.run is PASSED

2023-06-14 17:20:23 - [MESSAGE][PASSED] - com.reusableComponent.HighlightElement.run is PASSED

2023-06-14 17:20:23 - [TEST_STEP][PASSED] - mouseOver(findTestObject("Transaction/Page_Dashboard/span_Transaction")): Object: 'Object Repository/Transaction/Page_Dashboard/span_Transaction' is hovered

2023-06-14 17:20:24 - [MESSAGE][PASSED] - Object: 'Object Repository/Transaction/Page_Dashboard/span_Transaction' is hovered

2023-06-14 17:20:24 - [TEST_STEP][PASSED] - com.reusableComponent.HighlightElement.run(findTestObject("Transaction/Page_Dashboard/span_Withdraw history")): com.reusableComponent.HighlightElement.run is PASSED

2023-06-14 17:20:24 - [MESSAGE][PASSED] - com.reusableComponent.HighlightElement.run is PASSED

2023-06-14 17:20:24 - [TEST_STEP][PASSED] - mouseOver(findTestObject("Transaction/Page_Dashboard/span_Withdraw history")): Object: 'Object Repository/Transaction/Page_Dashboard/span_Withdraw history' is hovered

2023-06-14 17:20:25 - [MESSAGE][PASSED] - Object: 'Object Repository/Transaction/Page_Dashboard/span_Withdraw history' is hovered]]></system-out>
         <system-err><![CDATA[]]></system-err>
      </testcase>
      <testcase name="Test Cases/Transaction/Finance Details" time="2.83" classname="Test Cases/Transaction/Finance Details" status="PASSED">
         <system-out><![CDATA[2023-06-14 17:20:25 - [TEST_CASE][PASSED] - Test Cases/Transaction/Finance Details: Test Cases/Transaction/Finance Details

2023-06-14 17:20:26 - [TEST_STEP][PASSED] - com.reusableComponent.HighlightElement.run(findTestObject("Transaction/Page_Dashboard/span_Transaction")): com.reusableComponent.HighlightElement.run is PASSED

2023-06-14 17:20:26 - [MESSAGE][PASSED] - com.reusableComponent.HighlightElement.run is PASSED

2023-06-14 17:20:26 - [TEST_STEP][PASSED] - mouseOver(findTestObject("Transaction/Page_Dashboard/span_Transaction")): Object: 'Object Repository/Transaction/Page_Dashboard/span_Transaction' is hovered

2023-06-14 17:20:27 - [MESSAGE][PASSED] - Object: 'Object Repository/Transaction/Page_Dashboard/span_Transaction' is hovered

2023-06-14 17:20:27 - [TEST_STEP][PASSED] - com.reusableComponent.HighlightElement.run(findTestObject("Transaction/Page_Dashboard/span_Finance Details")): com.reusableComponent.HighlightElement.run is PASSED

2023-06-14 17:20:27 - [MESSAGE][PASSED] - com.reusableComponent.HighlightElement.run is PASSED

2023-06-14 17:20:27 - [TEST_STEP][PASSED] - mouseOver(findTestObject("Transaction/Page_Dashboard/span_Finance Details")): Object: 'Object Repository/Transaction/Page_Dashboard/span_Finance Details' is hovered

2023-06-14 17:20:28 - [MESSAGE][PASSED] - Object: 'Object Repository/Transaction/Page_Dashboard/span_Finance Details' is hovered]]></system-out>
         <system-err><![CDATA[]]></system-err>
      </testcase>
      <testcase name="Test Cases/Transaction/Conversions" time="3.204" classname="Test Cases/Transaction/Conversions" status="PASSED">
         <system-out><![CDATA[2023-06-14 17:20:28 - [TEST_CASE][PASSED] - Test Cases/Transaction/Conversions: Test Cases/Transaction/Conversions

2023-06-14 17:20:29 - [TEST_STEP][PASSED] - com.reusableComponent.HighlightElement.run(findTestObject("Transaction/Page_Dashboard/span_Transaction")): com.reusableComponent.HighlightElement.run is PASSED

2023-06-14 17:20:29 - [MESSAGE][PASSED] - com.reusableComponent.HighlightElement.run is PASSED

2023-06-14 17:20:29 - [TEST_STEP][PASSED] - mouseOver(findTestObject("Transaction/Page_Dashboard/span_Transaction")): Object: 'Object Repository/Transaction/Page_Dashboard/span_Transaction' is hovered

2023-06-14 17:20:30 - [MESSAGE][PASSED] - Object: 'Object Repository/Transaction/Page_Dashboard/span_Transaction' is hovered

2023-06-14 17:20:30 - [TEST_STEP][PASSED] - com.reusableComponent.HighlightElement.run(findTestObject("Transaction/Page_Dashboard/span_Conversions")): com.reusableComponent.HighlightElement.run is PASSED

2023-06-14 17:20:30 - [MESSAGE][PASSED] - com.reusableComponent.HighlightElement.run is PASSED

2023-06-14 17:20:30 - [TEST_STEP][PASSED] - mouseOver(findTestObject("Transaction/Page_Dashboard/span_Conversions")): Object: 'Object Repository/Transaction/Page_Dashboard/span_Conversions' is hovered

2023-06-14 17:20:31 - [MESSAGE][PASSED] - Object: 'Object Repository/Transaction/Page_Dashboard/span_Conversions' is hovered]]></system-out>
         <system-err><![CDATA[]]></system-err>
      </testcase>
      <system-out><![CDATA[2023-06-14 17:19:43 - [TEST_SUITE][PASSED] - Smoke: Test Cases/Transaction/Conversions]]></system-out>
      <system-err><![CDATA[]]></system-err>
   </testsuite>
</testsuites>
