<?xml version="1.0" encoding="UTF-8"?>
<testsuites name="Smoke" time="222.636" tests="6" failures="0" errors="0">
   <testsuite name="Smoke" tests="6" failures="0" errors="0" time="222.636" skipped="0" timestamp="2023-07-04 00:10:55" hostname="hmacagba - PHPF1FXV0U.CSCMWS.CSCMWS.COM" id="Test Suites/Smoke">
      <properties>
         <property name="deviceName" value=""/>
         <property name="devicePlatform" value=""/>
         <property name="logFolder" value="C:\\Users\\hmacagba\\git\\AutomatedScripts\\Reports\\20230704_001044\\Smoke\\20230704_001044"/>
         <property name="logFiles" value="C:\\Users\\hmacagba\\git\\AutomatedScripts\\Reports\\20230704_001044\\Smoke\\20230704_001044\\execution0.log"/>
         <property name="attachments" value=""/>
         <property name="hostName" value="hmacagba - PHPF1FXV0U.CSCMWS.CSCMWS.COM"/>
         <property name="os" value="Windows 10 64bit"/>
         <property name="katalonVersion" value="8.6.5.208"/>
         <property name="browser" value="Chrome 114.0.0.0"/>
         <property name="hostAddress" value="192.168.68.103"/>
         <property name="sessionId" value="7fb273f3ad4fcba376f6a65ed4527f4e"/>
         <property name="seleniumVersion" value="3.141.59"/>
         <property name="proxyInformation" value="ProxyInformation { proxyOption=NO_PROXY, proxyServerType=HTTP, username=, password=********, proxyServerAddress=, proxyServerPort=0, executionList=&quot;&quot;, isApplyToDesiredCapabilities=true }"/>
         <property name="platform" value="Windows 10"/>
      </properties>
      <testcase name="Test Cases/Transaction/Withdraw History MYR" time="55.851" classname="Test Cases/Transaction/Withdraw History MYR" status="PASSED">
         <system-out><![CDATA[2023-07-04 00:10:55 - [TEST_CASE][PASSED] - Test Cases/Transaction/Withdraw History MYR: Test Cases/Transaction/Withdraw History MYR

2023-07-04 00:10:56 - [TEST_STEP][PASSED] - callTestCase(findTestCase("Login Admin"), [:], STOP_ON_FAILURE): Call Test Case 'Test Cases/Login Admin' successfully

2023-07-04 00:10:57 - [TEST_CASE][PASSED] - Test Cases/Login Admin: Test Cases/Login Admin

2023-07-04 00:10:57 - [TEST_STEP][PASSED] - openBrowser(""): Browser is opened with url: ''

2023-07-04 00:10:58 - [MESSAGE][INFO] - Starting 'Chrome' driver

2023-07-04 00:10:58 - [MESSAGE][INFO] - Action delay is set to 0 milliseconds

2023-07-04 00:11:02 - [MESSAGE][PASSED] - Browser is opened with url: ''

2023-07-04 00:11:02 - [TEST_STEP][PASSED] - maximizeWindow(): Current window maximized

2023-07-04 00:11:02 - [MESSAGE][PASSED] - Current window maximized

2023-07-04 00:11:02 - [TEST_STEP][PASSED] - navigateToUrl(URL): Navigate to 'http://admin.lkydev.site' successfully

2023-07-04 00:11:06 - [MESSAGE][PASSED] - Navigate to 'http://admin.lkydev.site' successfully

2023-07-04 00:11:06 - [TEST_STEP][PASSED] - verifyElementText(findTestObject("Object Repository/Login/Page_SUNCITY - Login/h3_Sign In To Admin System"), "Sign In To Admin System"): Actual text and expected text of test object 'Object Repository/Login/Page_SUNCITY - Login/h3_Sign In To Admin System' are matched.

2023-07-04 00:11:07 - [MESSAGE][PASSED] - Actual text and expected text of test object 'Object Repository/Login/Page_SUNCITY - Login/h3_Sign In To Admin System' are matched.

2023-07-04 00:11:07 - [TEST_STEP][PASSED] - com.reusableComponent.HighlightElement.run(findTestObject("Login/Page_SUNCITY - Login/h3_Sign In To Admin System")): com.reusableComponent.HighlightElement.run is PASSED

2023-07-04 00:11:08 - [MESSAGE][PASSED] - com.reusableComponent.HighlightElement.run is PASSED

2023-07-04 00:11:08 - [TEST_STEP][PASSED] - com.reusableComponent.HighlightElement.run(findTestObject("Login/Page_SUNCITY - Login/input_Sign In To Admin System_username")): com.reusableComponent.HighlightElement.run is PASSED

2023-07-04 00:11:08 - [MESSAGE][PASSED] - com.reusableComponent.HighlightElement.run is PASSED

2023-07-04 00:11:08 - [TEST_STEP][PASSED] - com.reusableComponent.HighlightElement.run(findTestObject("Login/Page_SUNCITY - Login/input_Sign In To Admin System_password")): com.reusableComponent.HighlightElement.run is PASSED

2023-07-04 00:11:09 - [MESSAGE][PASSED] - com.reusableComponent.HighlightElement.run is PASSED

2023-07-04 00:11:09 - [TEST_STEP][PASSED] - setText(findTestObject("Object Repository/Login/Page_SUNCITY - Login/input_Sign In To Admin System_username"), Username): Text 'devbot' is set on object 'Object Repository/Login/Page_SUNCITY - Login/input_Sign In To Admin System_username'

2023-07-04 00:11:10 - [MESSAGE][PASSED] - Text 'devbot' is set on object 'Object Repository/Login/Page_SUNCITY - Login/input_Sign In To Admin System_username'

2023-07-04 00:11:10 - [TEST_STEP][PASSED] - setText(findTestObject("Object Repository/Login/Page_SUNCITY - Login/input_Sign In To Admin System_password"), Password): Text '77889900' is set on object 'Object Repository/Login/Page_SUNCITY - Login/input_Sign In To Admin System_password'

2023-07-04 00:11:11 - [MESSAGE][PASSED] - Text '77889900' is set on object 'Object Repository/Login/Page_SUNCITY - Login/input_Sign In To Admin System_password'

2023-07-04 00:11:11 - [TEST_STEP][PASSED] - com.reusableComponent.HighlightElement.run(findTestObject("Login/Page_SUNCITY - Login/button_Next")): com.reusableComponent.HighlightElement.run is PASSED

2023-07-04 00:11:11 - [MESSAGE][PASSED] - com.reusableComponent.HighlightElement.run is PASSED

2023-07-04 00:11:11 - [TEST_STEP][PASSED] - click(findTestObject("Object Repository/Login/Page_SUNCITY - Login/button_Next")): Object: 'Object Repository/Login/Page_SUNCITY - Login/button_Next' is clicked on

2023-07-04 00:11:12 - [MESSAGE][PASSED] - Object: 'Object Repository/Login/Page_SUNCITY - Login/button_Next' is clicked on

2023-07-04 00:11:12 - [TEST_STEP][PASSED] - com.reusableComponent.HighlightElement.run(findTestObject("Login/Page_SUNCITY - Login/input_Next_verificationCode")): com.reusableComponent.HighlightElement.run is PASSED

2023-07-04 00:11:13 - [MESSAGE][PASSED] - com.reusableComponent.HighlightElement.run is PASSED

2023-07-04 00:11:13 - [TEST_STEP][PASSED] - setText(findTestObject("Object Repository/Login/Page_SUNCITY - Login/input_Next_verificationCode"), VerificationCode): Text '778899' is set on object 'Object Repository/Login/Page_SUNCITY - Login/input_Next_verificationCode'

2023-07-04 00:11:14 - [MESSAGE][PASSED] - Text '778899' is set on object 'Object Repository/Login/Page_SUNCITY - Login/input_Next_verificationCode'

2023-07-04 00:11:14 - [TEST_STEP][PASSED] - com.reusableComponent.HighlightElement.run(findTestObject("Login/Page_SUNCITY - Login/button_Sign In")): com.reusableComponent.HighlightElement.run is PASSED

2023-07-04 00:11:15 - [MESSAGE][PASSED] - com.reusableComponent.HighlightElement.run is PASSED

2023-07-04 00:11:15 - [TEST_STEP][PASSED] - click(findTestObject("Object Repository/Login/Page_SUNCITY - Login/button_Sign In")): Object: 'Object Repository/Login/Page_SUNCITY - Login/button_Sign In' is clicked on

2023-07-04 00:11:15 - [MESSAGE][PASSED] - Object: 'Object Repository/Login/Page_SUNCITY - Login/button_Sign In' is clicked on

2023-07-04 00:11:15 - [TEST_STEP][PASSED] - com.reusableComponent.HighlightElement.run(findTestObject("Login/Page_Dashboard/h2_Login Success")): com.reusableComponent.HighlightElement.run is PASSED

2023-07-04 00:11:19 - [MESSAGE][PASSED] - com.reusableComponent.HighlightElement.run is PASSED

2023-07-04 00:11:19 - [TEST_STEP][PASSED] - click(findTestObject("Object Repository/Login/Page_Dashboard/h2_Login Success")): Object: 'Object Repository/Login/Page_Dashboard/h2_Login Success' is clicked on

2023-07-04 00:11:20 - [MESSAGE][PASSED] - Object: 'Object Repository/Login/Page_Dashboard/h2_Login Success' is clicked on

2023-07-04 00:11:20 - [TEST_STEP][PASSED] - com.reusableComponent.HighlightElement.run(findTestObject("Login/Page_Dashboard/button_OK")): com.reusableComponent.HighlightElement.run is PASSED

2023-07-04 00:11:20 - [MESSAGE][PASSED] - com.reusableComponent.HighlightElement.run is PASSED

2023-07-04 00:11:20 - [TEST_STEP][PASSED] - click(findTestObject("Object Repository/Login/Page_Dashboard/button_OK")): Object: 'Object Repository/Login/Page_Dashboard/button_OK' is clicked on

2023-07-04 00:11:20 - [MESSAGE][PASSED] - Object: 'Object Repository/Login/Page_Dashboard/button_OK' is clicked on

2023-07-04 00:11:20 - [MESSAGE][PASSED] - Call Test Case 'Test Cases/Login Admin' successfully

2023-07-04 00:11:20 - [TEST_STEP][PASSED] - com.reusableComponent.HighlightElement.run(findTestObject("Transaction/Page_Dashboard/span_Transaction")): com.reusableComponent.HighlightElement.run is PASSED

2023-07-04 00:11:21 - [MESSAGE][PASSED] - com.reusableComponent.HighlightElement.run is PASSED

2023-07-04 00:11:21 - [TEST_STEP][PASSED] - mouseOver(findTestObject("Transaction/Page_Dashboard/span_Transaction")): Object: 'Object Repository/Transaction/Page_Dashboard/span_Transaction' is hovered

2023-07-04 00:11:22 - [MESSAGE][PASSED] - Object: 'Object Repository/Transaction/Page_Dashboard/span_Transaction' is hovered

2023-07-04 00:11:22 - [TEST_STEP][PASSED] - com.reusableComponent.HighlightElement.run(findTestObject("Transaction/Page_Dashboard/span_Withdraw history")): com.reusableComponent.HighlightElement.run is PASSED

2023-07-04 00:11:22 - [MESSAGE][PASSED] - com.reusableComponent.HighlightElement.run is PASSED

2023-07-04 00:11:22 - [TEST_STEP][PASSED] - mouseOver(findTestObject("Transaction/Page_Dashboard/span_Withdraw history")): Object: 'Object Repository/Transaction/Page_Dashboard/span_Withdraw history' is hovered

2023-07-04 00:11:23 - [MESSAGE][PASSED] - Object: 'Object Repository/Transaction/Page_Dashboard/span_Withdraw history' is hovered

2023-07-04 00:11:23 - [TEST_STEP][PASSED] - com.reusableComponent.HighlightElement.run(findTestObject("Transaction/Withdraw history/span_MYR")): com.reusableComponent.HighlightElement.run is PASSED

2023-07-04 00:11:24 - [MESSAGE][PASSED] - com.reusableComponent.HighlightElement.run is PASSED

2023-07-04 00:11:24 - [TEST_STEP][PASSED] - click(findTestObject("Transaction/Withdraw history/span_MYR")): Object: 'Object Repository/Transaction/Withdraw history/span_MYR' is clicked on

2023-07-04 00:11:26 - [MESSAGE][PASSED] - Object: 'Object Repository/Transaction/Withdraw history/span_MYR' is clicked on

2023-07-04 00:11:26 - [TEST_STEP][PASSED] - com.reusableComponent.HighlightElement.run(findTestObject("Transaction/Withdraw history/h3_Member Withdraw History")): com.reusableComponent.HighlightElement.run is PASSED

2023-07-04 00:11:26 - [MESSAGE][PASSED] - com.reusableComponent.HighlightElement.run is PASSED

2023-07-04 00:11:26 - [TEST_STEP][PASSED] - com.reusableComponent.HighlightElement.run(findTestObject("Transaction/Withdraw history/input_Date Range_form-control date_range")): com.reusableComponent.HighlightElement.run is PASSED

2023-07-04 00:11:27 - [MESSAGE][PASSED] - com.reusableComponent.HighlightElement.run is PASSED

2023-07-04 00:11:27 - [TEST_STEP][PASSED] - com.reusableComponent.HighlightElement.run(findTestObject("Transaction/Withdraw history/select_Approve")): com.reusableComponent.HighlightElement.run is PASSED

2023-07-04 00:11:28 - [MESSAGE][PASSED] - com.reusableComponent.HighlightElement.run is PASSED

2023-07-04 00:11:28 - [TEST_STEP][PASSED] - com.reusableComponent.HighlightElement.run(findTestObject("Transaction/Withdraw history/button_Search")): com.reusableComponent.HighlightElement.run is PASSED

2023-07-04 00:11:28 - [MESSAGE][PASSED] - com.reusableComponent.HighlightElement.run is PASSED

2023-07-04 00:11:28 - [TEST_STEP][PASSED] - verifyElementVisible(findTestObject("Transaction/Withdraw history/h3_Member Withdraw History")): Object 'Object Repository/Transaction/Withdraw history/h3_Member Withdraw History' is visible

2023-07-04 00:11:29 - [MESSAGE][PASSED] - Object 'Object Repository/Transaction/Withdraw history/h3_Member Withdraw History' is visible

2023-07-04 00:11:29 - [TEST_STEP][PASSED] - verifyElementVisible(findTestObject("Transaction/Withdraw history/input_Date Range_form-control date_range")): Object 'Object Repository/Transaction/Withdraw history/input_Date Range_form-control date_range' is visible

2023-07-04 00:11:29 - [MESSAGE][PASSED] - Object 'Object Repository/Transaction/Withdraw history/input_Date Range_form-control date_range' is visible

2023-07-04 00:11:29 - [TEST_STEP][PASSED] - verifyElementVisible(findTestObject("Transaction/Withdraw history/select_Approve")): Object 'Object Repository/Transaction/Withdraw history/select_Approve' is visible

2023-07-04 00:11:30 - [MESSAGE][PASSED] - Object 'Object Repository/Transaction/Withdraw history/select_Approve' is visible

2023-07-04 00:11:30 - [TEST_STEP][PASSED] - verifyElementVisible(findTestObject("Transaction/Withdraw history/button_Search")): Object 'Object Repository/Transaction/Withdraw history/button_Search' is visible

2023-07-04 00:11:30 - [MESSAGE][PASSED] - Object 'Object Repository/Transaction/Withdraw history/button_Search' is visible

2023-07-04 00:11:30 - [TEST_STEP][PASSED] - com.reusableComponent.HighlightElement.run(findTestObject("Transaction/Withdraw history/select_1050100200All")): com.reusableComponent.HighlightElement.run is PASSED

2023-07-04 00:11:31 - [MESSAGE][PASSED] - com.reusableComponent.HighlightElement.run is PASSED

2023-07-04 00:11:31 - [TEST_STEP][PASSED] - com.reusableComponent.HighlightElement.run(findTestObject("Transaction/Withdraw history/span_Copy")): com.reusableComponent.HighlightElement.run is PASSED

2023-07-04 00:11:31 - [MESSAGE][PASSED] - com.reusableComponent.HighlightElement.run is PASSED

2023-07-04 00:11:31 - [TEST_STEP][PASSED] - com.reusableComponent.HighlightElement.run(findTestObject("Transaction/Withdraw history/span_CSV")): com.reusableComponent.HighlightElement.run is PASSED

2023-07-04 00:11:32 - [MESSAGE][PASSED] - com.reusableComponent.HighlightElement.run is PASSED

2023-07-04 00:11:32 - [TEST_STEP][PASSED] - com.reusableComponent.HighlightElement.run(findTestObject("Transaction/Withdraw history/span_Excel")): com.reusableComponent.HighlightElement.run is PASSED

2023-07-04 00:11:32 - [MESSAGE][PASSED] - com.reusableComponent.HighlightElement.run is PASSED

2023-07-04 00:11:32 - [TEST_STEP][PASSED] - com.reusableComponent.HighlightElement.run(findTestObject("Transaction/Withdraw history/span_PDF")): com.reusableComponent.HighlightElement.run is PASSED

2023-07-04 00:11:33 - [MESSAGE][PASSED] - com.reusableComponent.HighlightElement.run is PASSED

2023-07-04 00:11:33 - [TEST_STEP][PASSED] - com.reusableComponent.HighlightElement.run(findTestObject("Transaction/Withdraw history/input_Search_form-control form-control-sm")): com.reusableComponent.HighlightElement.run is PASSED

2023-07-04 00:11:33 - [MESSAGE][PASSED] - com.reusableComponent.HighlightElement.run is PASSED

2023-07-04 00:11:33 - [TEST_STEP][PASSED] - verifyElementVisible(findTestObject("Transaction/Withdraw history/select_1050100200All")): Object 'Object Repository/Transaction/Withdraw history/select_1050100200All' is visible

2023-07-04 00:11:34 - [MESSAGE][PASSED] - Object 'Object Repository/Transaction/Withdraw history/select_1050100200All' is visible

2023-07-04 00:11:34 - [TEST_STEP][PASSED] - verifyElementVisible(findTestObject("Transaction/Withdraw history/span_Copy")): Object 'Object Repository/Transaction/Withdraw history/span_Copy' is visible

2023-07-04 00:11:34 - [MESSAGE][PASSED] - Object 'Object Repository/Transaction/Withdraw history/span_Copy' is visible

2023-07-04 00:11:34 - [TEST_STEP][PASSED] - verifyElementVisible(findTestObject("Transaction/Withdraw history/span_CSV")): Object 'Object Repository/Transaction/Withdraw history/span_CSV' is visible

2023-07-04 00:11:34 - [MESSAGE][PASSED] - Object 'Object Repository/Transaction/Withdraw history/span_CSV' is visible

2023-07-04 00:11:34 - [TEST_STEP][PASSED] - verifyElementVisible(findTestObject("Transaction/Withdraw history/span_Excel")): Object 'Object Repository/Transaction/Withdraw history/span_Excel' is visible

2023-07-04 00:11:35 - [MESSAGE][PASSED] - Object 'Object Repository/Transaction/Withdraw history/span_Excel' is visible

2023-07-04 00:11:35 - [TEST_STEP][PASSED] - verifyElementVisible(findTestObject("Transaction/Withdraw history/span_PDF")): Object 'Object Repository/Transaction/Withdraw history/span_PDF' is visible

2023-07-04 00:11:35 - [MESSAGE][PASSED] - Object 'Object Repository/Transaction/Withdraw history/span_PDF' is visible

2023-07-04 00:11:35 - [TEST_STEP][PASSED] - verifyElementVisible(findTestObject("Transaction/Withdraw history/input_Search_form-control form-control-sm")): Object 'Object Repository/Transaction/Withdraw history/input_Search_form-control form-control-sm' is visible

2023-07-04 00:11:36 - [MESSAGE][PASSED] - Object 'Object Repository/Transaction/Withdraw history/input_Search_form-control form-control-sm' is visible

2023-07-04 00:11:36 - [TEST_STEP][PASSED] - com.reusableComponent.HighlightElement.run(findTestObject("Transaction/Withdraw history/th_No")): com.reusableComponent.HighlightElement.run is PASSED

2023-07-04 00:11:36 - [MESSAGE][PASSED] - com.reusableComponent.HighlightElement.run is PASSED

2023-07-04 00:11:36 - [TEST_STEP][PASSED] - com.reusableComponent.HighlightElement.run(findTestObject("Transaction/Withdraw history/th_Date Time")): com.reusableComponent.HighlightElement.run is PASSED

2023-07-04 00:11:36 - [MESSAGE][PASSED] - com.reusableComponent.HighlightElement.run is PASSED

2023-07-04 00:11:36 - [TEST_STEP][PASSED] - com.reusableComponent.HighlightElement.run(findTestObject("Transaction/Withdraw history/th_Update Time")): com.reusableComponent.HighlightElement.run is PASSED

2023-07-04 00:11:37 - [MESSAGE][PASSED] - com.reusableComponent.HighlightElement.run is PASSED

2023-07-04 00:11:37 - [TEST_STEP][PASSED] - com.reusableComponent.HighlightElement.run(findTestObject("Transaction/Withdraw history/th_Trade Code")): com.reusableComponent.HighlightElement.run is PASSED

2023-07-04 00:11:37 - [MESSAGE][PASSED] - com.reusableComponent.HighlightElement.run is PASSED

2023-07-04 00:11:37 - [TEST_STEP][PASSED] - com.reusableComponent.HighlightElement.run(findTestObject("Transaction/Withdraw history/th_Login Account")): com.reusableComponent.HighlightElement.run is PASSED

2023-07-04 00:11:38 - [MESSAGE][PASSED] - com.reusableComponent.HighlightElement.run is PASSED

2023-07-04 00:11:38 - [TEST_STEP][PASSED] - com.reusableComponent.HighlightElement.run(findTestObject("Transaction/Withdraw history/th_Currency")): com.reusableComponent.HighlightElement.run is PASSED

2023-07-04 00:11:38 - [MESSAGE][PASSED] - com.reusableComponent.HighlightElement.run is PASSED

2023-07-04 00:11:38 - [TEST_STEP][PASSED] - com.reusableComponent.HighlightElement.run(findTestObject("Transaction/Withdraw history/th_Amount")): com.reusableComponent.HighlightElement.run is PASSED

2023-07-04 00:11:39 - [MESSAGE][PASSED] - com.reusableComponent.HighlightElement.run is PASSED

2023-07-04 00:11:39 - [TEST_STEP][PASSED] - com.reusableComponent.HighlightElement.run(findTestObject("Transaction/Withdraw history/th_Status")): com.reusableComponent.HighlightElement.run is PASSED

2023-07-04 00:11:39 - [MESSAGE][PASSED] - com.reusableComponent.HighlightElement.run is PASSED

2023-07-04 00:11:39 - [TEST_STEP][PASSED] - com.reusableComponent.HighlightElement.run(findTestObject("Transaction/Withdraw history/th_Remarks")): com.reusableComponent.HighlightElement.run is PASSED

2023-07-04 00:11:40 - [MESSAGE][PASSED] - com.reusableComponent.HighlightElement.run is PASSED

2023-07-04 00:11:40 - [TEST_STEP][PASSED] - com.reusableComponent.HighlightElement.run(findTestObject("Transaction/Withdraw history/th_Done By")): com.reusableComponent.HighlightElement.run is PASSED

2023-07-04 00:11:40 - [MESSAGE][PASSED] - com.reusableComponent.HighlightElement.run is PASSED

2023-07-04 00:11:40 - [TEST_STEP][PASSED] - com.reusableComponent.HighlightElement.run(findTestObject("Transaction/Withdraw history/th_Receipt")): com.reusableComponent.HighlightElement.run is PASSED

2023-07-04 00:11:41 - [MESSAGE][PASSED] - com.reusableComponent.HighlightElement.run is PASSED

2023-07-04 00:11:41 - [TEST_STEP][PASSED] - com.reusableComponent.HighlightElement.run(findTestObject("Transaction/Withdraw history/th_Action")): com.reusableComponent.HighlightElement.run is PASSED

2023-07-04 00:11:41 - [MESSAGE][PASSED] - com.reusableComponent.HighlightElement.run is PASSED

2023-07-04 00:11:41 - [TEST_STEP][PASSED] - com.reusableComponent.HighlightElement.run(findTestObject("Transaction/Withdraw history/th_Shareholder")): com.reusableComponent.HighlightElement.run is PASSED

2023-07-04 00:11:42 - [MESSAGE][PASSED] - com.reusableComponent.HighlightElement.run is PASSED

2023-07-04 00:11:42 - [TEST_STEP][PASSED] - com.reusableComponent.HighlightElement.run(findTestObject("Transaction/Withdraw history/th_Main")): com.reusableComponent.HighlightElement.run is PASSED

2023-07-04 00:11:42 - [MESSAGE][PASSED] - com.reusableComponent.HighlightElement.run is PASSED

2023-07-04 00:11:42 - [TEST_STEP][PASSED] - com.reusableComponent.HighlightElement.run(findTestObject("Transaction/Withdraw history/th_Upline")): com.reusableComponent.HighlightElement.run is PASSED

2023-07-04 00:11:42 - [MESSAGE][PASSED] - com.reusableComponent.HighlightElement.run is PASSED

2023-07-04 00:11:42 - [TEST_STEP][PASSED] - com.reusableComponent.HighlightElement.run(findTestObject("Transaction/Withdraw history/table_NoDate")): com.reusableComponent.HighlightElement.run is PASSED

2023-07-04 00:11:43 - [MESSAGE][PASSED] - com.reusableComponent.HighlightElement.run is PASSED

2023-07-04 00:11:43 - [TEST_STEP][PASSED] - verifyElementVisible(findTestObject("Transaction/Withdraw history/th_No")): Object 'Object Repository/Transaction/Withdraw history/th_No' is visible

2023-07-04 00:11:43 - [MESSAGE][PASSED] - Object 'Object Repository/Transaction/Withdraw history/th_No' is visible

2023-07-04 00:11:43 - [TEST_STEP][PASSED] - verifyElementVisible(findTestObject("Transaction/Withdraw history/th_Date Time")): Object 'Object Repository/Transaction/Withdraw history/th_Date Time' is visible

2023-07-04 00:11:44 - [MESSAGE][PASSED] - Object 'Object Repository/Transaction/Withdraw history/th_Date Time' is visible

2023-07-04 00:11:44 - [TEST_STEP][PASSED] - verifyElementVisible(findTestObject("Transaction/Withdraw history/th_Update Time")): Object 'Object Repository/Transaction/Withdraw history/th_Update Time' is visible

2023-07-04 00:11:44 - [MESSAGE][PASSED] - Object 'Object Repository/Transaction/Withdraw history/th_Update Time' is visible

2023-07-04 00:11:44 - [TEST_STEP][PASSED] - verifyElementVisible(findTestObject("Transaction/Withdraw history/th_Trade Code")): Object 'Object Repository/Transaction/Withdraw history/th_Trade Code' is visible

2023-07-04 00:11:45 - [MESSAGE][PASSED] - Object 'Object Repository/Transaction/Withdraw history/th_Trade Code' is visible

2023-07-04 00:11:45 - [TEST_STEP][PASSED] - verifyElementVisible(findTestObject("Transaction/Withdraw history/th_Login Account")): Object 'Object Repository/Transaction/Withdraw history/th_Login Account' is visible

2023-07-04 00:11:45 - [MESSAGE][PASSED] - Object 'Object Repository/Transaction/Withdraw history/th_Login Account' is visible

2023-07-04 00:11:45 - [TEST_STEP][PASSED] - verifyElementVisible(findTestObject("Transaction/Withdraw history/th_Currency")): Object 'Object Repository/Transaction/Withdraw history/th_Currency' is visible

2023-07-04 00:11:45 - [MESSAGE][PASSED] - Object 'Object Repository/Transaction/Withdraw history/th_Currency' is visible

2023-07-04 00:11:45 - [TEST_STEP][PASSED] - verifyElementVisible(findTestObject("Transaction/Withdraw history/th_Amount")): Object 'Object Repository/Transaction/Withdraw history/th_Amount' is visible

2023-07-04 00:11:46 - [MESSAGE][PASSED] - Object 'Object Repository/Transaction/Withdraw history/th_Amount' is visible

2023-07-04 00:11:46 - [TEST_STEP][PASSED] - verifyElementVisible(findTestObject("Transaction/Withdraw history/th_Status")): Object 'Object Repository/Transaction/Withdraw history/th_Status' is visible

2023-07-04 00:11:46 - [MESSAGE][PASSED] - Object 'Object Repository/Transaction/Withdraw history/th_Status' is visible

2023-07-04 00:11:46 - [TEST_STEP][PASSED] - verifyElementVisible(findTestObject("Transaction/Withdraw history/th_Remarks")): Object 'Object Repository/Transaction/Withdraw history/th_Remarks' is visible

2023-07-04 00:11:47 - [MESSAGE][PASSED] - Object 'Object Repository/Transaction/Withdraw history/th_Remarks' is visible

2023-07-04 00:11:47 - [TEST_STEP][PASSED] - verifyElementVisible(findTestObject("Transaction/Withdraw history/th_Done By")): Object 'Object Repository/Transaction/Withdraw history/th_Done By' is visible

2023-07-04 00:11:47 - [MESSAGE][PASSED] - Object 'Object Repository/Transaction/Withdraw history/th_Done By' is visible

2023-07-04 00:11:47 - [TEST_STEP][PASSED] - verifyElementVisible(findTestObject("Transaction/Withdraw history/th_Receipt")): Object 'Object Repository/Transaction/Withdraw history/th_Receipt' is visible

2023-07-04 00:11:47 - [MESSAGE][PASSED] - Object 'Object Repository/Transaction/Withdraw history/th_Receipt' is visible

2023-07-04 00:11:47 - [TEST_STEP][PASSED] - verifyElementVisible(findTestObject("Transaction/Withdraw history/th_Action")): Object 'Object Repository/Transaction/Withdraw history/th_Action' is visible

2023-07-04 00:11:48 - [MESSAGE][PASSED] - Object 'Object Repository/Transaction/Withdraw history/th_Action' is visible

2023-07-04 00:11:48 - [TEST_STEP][PASSED] - verifyElementVisible(findTestObject("Transaction/Withdraw history/th_Shareholder")): Object 'Object Repository/Transaction/Withdraw history/th_Shareholder' is visible

2023-07-04 00:11:48 - [MESSAGE][PASSED] - Object 'Object Repository/Transaction/Withdraw history/th_Shareholder' is visible

2023-07-04 00:11:48 - [TEST_STEP][PASSED] - verifyElementVisible(findTestObject("Transaction/Withdraw history/th_Main")): Object 'Object Repository/Transaction/Withdraw history/th_Main' is visible

2023-07-04 00:11:49 - [MESSAGE][PASSED] - Object 'Object Repository/Transaction/Withdraw history/th_Main' is visible

2023-07-04 00:11:49 - [TEST_STEP][PASSED] - verifyElementVisible(findTestObject("Transaction/Withdraw history/th_Upline")): Object 'Object Repository/Transaction/Withdraw history/th_Upline' is visible

2023-07-04 00:11:49 - [MESSAGE][PASSED] - Object 'Object Repository/Transaction/Withdraw history/th_Upline' is visible

2023-07-04 00:11:49 - [TEST_STEP][PASSED] - verifyElementVisible(findTestObject("Transaction/Withdraw history/table_NoDate")): Object 'Object Repository/Transaction/Withdraw history/table_NoDate' is visible

2023-07-04 00:11:49 - [MESSAGE][PASSED] - Object 'Object Repository/Transaction/Withdraw history/table_NoDate' is visible

2023-07-04 00:11:49 - [TEST_STEP][PASSED] - com.reusableComponent.HighlightElement.run(findTestObject("Transaction/Withdraw history/li_Previous")): com.reusableComponent.HighlightElement.run is PASSED

2023-07-04 00:11:50 - [MESSAGE][PASSED] - com.reusableComponent.HighlightElement.run is PASSED

2023-07-04 00:11:50 - [TEST_STEP][PASSED] - com.reusableComponent.HighlightElement.run(findTestObject("Transaction/Withdraw history/li_Next")): com.reusableComponent.HighlightElement.run is PASSED

2023-07-04 00:11:50 - [MESSAGE][PASSED] - com.reusableComponent.HighlightElement.run is PASSED

2023-07-04 00:11:50 - [TEST_STEP][PASSED] - verifyElementVisible(findTestObject("Transaction/Withdraw history/li_Previous")): Object 'Object Repository/Transaction/Withdraw history/li_Previous' is visible

2023-07-04 00:11:51 - [MESSAGE][PASSED] - Object 'Object Repository/Transaction/Withdraw history/li_Previous' is visible

2023-07-04 00:11:51 - [TEST_STEP][PASSED] - verifyElementVisible(findTestObject("Transaction/Withdraw history/li_Next")): Object 'Object Repository/Transaction/Withdraw history/li_Next' is visible

2023-07-04 00:11:51 - [MESSAGE][PASSED] - Object 'Object Repository/Transaction/Withdraw history/li_Next' is visible]]></system-out>
         <system-err><![CDATA[]]></system-err>
      </testcase>
      <testcase name="Test Cases/Transaction/Withdraw History THB" time="31.542" classname="Test Cases/Transaction/Withdraw History THB" status="PASSED">
         <system-out><![CDATA[2023-07-04 00:11:51 - [TEST_CASE][PASSED] - Test Cases/Transaction/Withdraw History THB: Test Cases/Transaction/Withdraw History THB

2023-07-04 00:11:52 - [TEST_STEP][PASSED] - com.reusableComponent.HighlightElement.run(findTestObject("Transaction/Page_Dashboard/span_Transaction")): com.reusableComponent.HighlightElement.run is PASSED

2023-07-04 00:11:52 - [MESSAGE][PASSED] - com.reusableComponent.HighlightElement.run is PASSED

2023-07-04 00:11:52 - [TEST_STEP][PASSED] - mouseOver(findTestObject("Transaction/Page_Dashboard/span_Transaction")): Object: 'Object Repository/Transaction/Page_Dashboard/span_Transaction' is hovered

2023-07-04 00:11:53 - [MESSAGE][PASSED] - Object: 'Object Repository/Transaction/Page_Dashboard/span_Transaction' is hovered

2023-07-04 00:11:53 - [TEST_STEP][PASSED] - com.reusableComponent.HighlightElement.run(findTestObject("Transaction/Page_Dashboard/span_Withdraw history")): com.reusableComponent.HighlightElement.run is PASSED

2023-07-04 00:11:53 - [MESSAGE][PASSED] - com.reusableComponent.HighlightElement.run is PASSED

2023-07-04 00:11:53 - [TEST_STEP][PASSED] - mouseOver(findTestObject("Transaction/Page_Dashboard/span_Withdraw history")): Object: 'Object Repository/Transaction/Page_Dashboard/span_Withdraw history' is hovered

2023-07-04 00:11:54 - [MESSAGE][PASSED] - Object: 'Object Repository/Transaction/Page_Dashboard/span_Withdraw history' is hovered

2023-07-04 00:11:54 - [TEST_STEP][PASSED] - com.reusableComponent.HighlightElement.run(findTestObject("Transaction/Withdraw history/span_THB")): com.reusableComponent.HighlightElement.run is PASSED

2023-07-04 00:11:54 - [MESSAGE][PASSED] - com.reusableComponent.HighlightElement.run is PASSED

2023-07-04 00:11:54 - [TEST_STEP][PASSED] - click(findTestObject("Transaction/Withdraw history/span_THB")): Object: 'Object Repository/Transaction/Withdraw history/span_THB' is clicked on

2023-07-04 00:11:57 - [MESSAGE][PASSED] - Object: 'Object Repository/Transaction/Withdraw history/span_THB' is clicked on

2023-07-04 00:11:57 - [TEST_STEP][PASSED] - com.reusableComponent.HighlightElement.run(findTestObject("Transaction/Withdraw history/h3_Member Withdraw History")): com.reusableComponent.HighlightElement.run is PASSED

2023-07-04 00:11:59 - [MESSAGE][PASSED] - com.reusableComponent.HighlightElement.run is PASSED

2023-07-04 00:11:59 - [TEST_STEP][PASSED] - com.reusableComponent.HighlightElement.run(findTestObject("Transaction/Withdraw history/input_Date Range_form-control date_range")): com.reusableComponent.HighlightElement.run is PASSED

2023-07-04 00:11:59 - [MESSAGE][PASSED] - com.reusableComponent.HighlightElement.run is PASSED

2023-07-04 00:11:59 - [TEST_STEP][PASSED] - com.reusableComponent.HighlightElement.run(findTestObject("Transaction/Withdraw history/select_Approve")): com.reusableComponent.HighlightElement.run is PASSED

2023-07-04 00:12:00 - [MESSAGE][PASSED] - com.reusableComponent.HighlightElement.run is PASSED

2023-07-04 00:12:00 - [TEST_STEP][PASSED] - com.reusableComponent.HighlightElement.run(findTestObject("Transaction/Withdraw history/button_Search")): com.reusableComponent.HighlightElement.run is PASSED

2023-07-04 00:12:00 - [MESSAGE][PASSED] - com.reusableComponent.HighlightElement.run is PASSED

2023-07-04 00:12:00 - [TEST_STEP][PASSED] - verifyElementVisible(findTestObject("Transaction/Withdraw history/h3_Member Withdraw History")): Object 'Object Repository/Transaction/Withdraw history/h3_Member Withdraw History' is visible

2023-07-04 00:12:01 - [MESSAGE][PASSED] - Object 'Object Repository/Transaction/Withdraw history/h3_Member Withdraw History' is visible

2023-07-04 00:12:01 - [TEST_STEP][PASSED] - verifyElementVisible(findTestObject("Transaction/Withdraw history/input_Date Range_form-control date_range")): Object 'Object Repository/Transaction/Withdraw history/input_Date Range_form-control date_range' is visible

2023-07-04 00:12:01 - [MESSAGE][PASSED] - Object 'Object Repository/Transaction/Withdraw history/input_Date Range_form-control date_range' is visible

2023-07-04 00:12:01 - [TEST_STEP][PASSED] - verifyElementVisible(findTestObject("Transaction/Withdraw history/select_Approve")): Object 'Object Repository/Transaction/Withdraw history/select_Approve' is visible

2023-07-04 00:12:01 - [MESSAGE][PASSED] - Object 'Object Repository/Transaction/Withdraw history/select_Approve' is visible

2023-07-04 00:12:01 - [TEST_STEP][PASSED] - verifyElementVisible(findTestObject("Transaction/Withdraw history/button_Search")): Object 'Object Repository/Transaction/Withdraw history/button_Search' is visible

2023-07-04 00:12:02 - [MESSAGE][PASSED] - Object 'Object Repository/Transaction/Withdraw history/button_Search' is visible

2023-07-04 00:12:02 - [TEST_STEP][PASSED] - com.reusableComponent.HighlightElement.run(findTestObject("Transaction/Withdraw history/select_1050100200All")): com.reusableComponent.HighlightElement.run is PASSED

2023-07-04 00:12:02 - [MESSAGE][PASSED] - com.reusableComponent.HighlightElement.run is PASSED

2023-07-04 00:12:02 - [TEST_STEP][PASSED] - com.reusableComponent.HighlightElement.run(findTestObject("Transaction/Withdraw history/span_Copy")): com.reusableComponent.HighlightElement.run is PASSED

2023-07-04 00:12:03 - [MESSAGE][PASSED] - com.reusableComponent.HighlightElement.run is PASSED

2023-07-04 00:12:03 - [TEST_STEP][PASSED] - com.reusableComponent.HighlightElement.run(findTestObject("Transaction/Withdraw history/span_CSV")): com.reusableComponent.HighlightElement.run is PASSED

2023-07-04 00:12:03 - [MESSAGE][PASSED] - com.reusableComponent.HighlightElement.run is PASSED

2023-07-04 00:12:03 - [TEST_STEP][PASSED] - com.reusableComponent.HighlightElement.run(findTestObject("Transaction/Withdraw history/span_Excel")): com.reusableComponent.HighlightElement.run is PASSED

2023-07-04 00:12:04 - [MESSAGE][PASSED] - com.reusableComponent.HighlightElement.run is PASSED

2023-07-04 00:12:04 - [TEST_STEP][PASSED] - com.reusableComponent.HighlightElement.run(findTestObject("Transaction/Withdraw history/span_PDF")): com.reusableComponent.HighlightElement.run is PASSED

2023-07-04 00:12:05 - [MESSAGE][PASSED] - com.reusableComponent.HighlightElement.run is PASSED

2023-07-04 00:12:05 - [TEST_STEP][PASSED] - com.reusableComponent.HighlightElement.run(findTestObject("Transaction/Withdraw history/input_Search_form-control form-control-sm")): com.reusableComponent.HighlightElement.run is PASSED

2023-07-04 00:12:05 - [MESSAGE][PASSED] - com.reusableComponent.HighlightElement.run is PASSED

2023-07-04 00:12:05 - [TEST_STEP][PASSED] - verifyElementVisible(findTestObject("Transaction/Withdraw history/select_1050100200All")): Object 'Object Repository/Transaction/Withdraw history/select_1050100200All' is visible

2023-07-04 00:12:05 - [MESSAGE][PASSED] - Object 'Object Repository/Transaction/Withdraw history/select_1050100200All' is visible

2023-07-04 00:12:05 - [TEST_STEP][PASSED] - verifyElementVisible(findTestObject("Transaction/Withdraw history/span_Copy")): Object 'Object Repository/Transaction/Withdraw history/span_Copy' is visible

2023-07-04 00:12:06 - [MESSAGE][PASSED] - Object 'Object Repository/Transaction/Withdraw history/span_Copy' is visible

2023-07-04 00:12:06 - [TEST_STEP][PASSED] - verifyElementVisible(findTestObject("Transaction/Withdraw history/span_CSV")): Object 'Object Repository/Transaction/Withdraw history/span_CSV' is visible

2023-07-04 00:12:06 - [MESSAGE][PASSED] - Object 'Object Repository/Transaction/Withdraw history/span_CSV' is visible

2023-07-04 00:12:06 - [TEST_STEP][PASSED] - verifyElementVisible(findTestObject("Transaction/Withdraw history/span_Excel")): Object 'Object Repository/Transaction/Withdraw history/span_Excel' is visible

2023-07-04 00:12:07 - [MESSAGE][PASSED] - Object 'Object Repository/Transaction/Withdraw history/span_Excel' is visible

2023-07-04 00:12:07 - [TEST_STEP][PASSED] - verifyElementVisible(findTestObject("Transaction/Withdraw history/span_PDF")): Object 'Object Repository/Transaction/Withdraw history/span_PDF' is visible

2023-07-04 00:12:07 - [MESSAGE][PASSED] - Object 'Object Repository/Transaction/Withdraw history/span_PDF' is visible

2023-07-04 00:12:07 - [TEST_STEP][PASSED] - verifyElementVisible(findTestObject("Transaction/Withdraw history/input_Search_form-control form-control-sm")): Object 'Object Repository/Transaction/Withdraw history/input_Search_form-control form-control-sm' is visible

2023-07-04 00:12:07 - [MESSAGE][PASSED] - Object 'Object Repository/Transaction/Withdraw history/input_Search_form-control form-control-sm' is visible

2023-07-04 00:12:07 - [TEST_STEP][PASSED] - com.reusableComponent.HighlightElement.run(findTestObject("Transaction/Withdraw history/th_No")): com.reusableComponent.HighlightElement.run is PASSED

2023-07-04 00:12:08 - [MESSAGE][PASSED] - com.reusableComponent.HighlightElement.run is PASSED

2023-07-04 00:12:08 - [TEST_STEP][PASSED] - com.reusableComponent.HighlightElement.run(findTestObject("Transaction/Withdraw history/th_Date Time")): com.reusableComponent.HighlightElement.run is PASSED

2023-07-04 00:12:08 - [MESSAGE][PASSED] - com.reusableComponent.HighlightElement.run is PASSED

2023-07-04 00:12:08 - [TEST_STEP][PASSED] - com.reusableComponent.HighlightElement.run(findTestObject("Transaction/Withdraw history/th_Update Time")): com.reusableComponent.HighlightElement.run is PASSED

2023-07-04 00:12:09 - [MESSAGE][PASSED] - com.reusableComponent.HighlightElement.run is PASSED

2023-07-04 00:12:09 - [TEST_STEP][PASSED] - com.reusableComponent.HighlightElement.run(findTestObject("Transaction/Withdraw history/th_Trade Code")): com.reusableComponent.HighlightElement.run is PASSED

2023-07-04 00:12:09 - [MESSAGE][PASSED] - com.reusableComponent.HighlightElement.run is PASSED

2023-07-04 00:12:09 - [TEST_STEP][PASSED] - com.reusableComponent.HighlightElement.run(findTestObject("Transaction/Withdraw history/th_Login Account")): com.reusableComponent.HighlightElement.run is PASSED

2023-07-04 00:12:10 - [MESSAGE][PASSED] - com.reusableComponent.HighlightElement.run is PASSED

2023-07-04 00:12:10 - [TEST_STEP][PASSED] - com.reusableComponent.HighlightElement.run(findTestObject("Transaction/Withdraw history/th_Currency")): com.reusableComponent.HighlightElement.run is PASSED

2023-07-04 00:12:10 - [MESSAGE][PASSED] - com.reusableComponent.HighlightElement.run is PASSED

2023-07-04 00:12:10 - [TEST_STEP][PASSED] - com.reusableComponent.HighlightElement.run(findTestObject("Transaction/Withdraw history/th_Amount")): com.reusableComponent.HighlightElement.run is PASSED

2023-07-04 00:12:11 - [MESSAGE][PASSED] - com.reusableComponent.HighlightElement.run is PASSED

2023-07-04 00:12:11 - [TEST_STEP][PASSED] - com.reusableComponent.HighlightElement.run(findTestObject("Transaction/Withdraw history/th_Status")): com.reusableComponent.HighlightElement.run is PASSED

2023-07-04 00:12:11 - [MESSAGE][PASSED] - com.reusableComponent.HighlightElement.run is PASSED

2023-07-04 00:12:11 - [TEST_STEP][PASSED] - com.reusableComponent.HighlightElement.run(findTestObject("Transaction/Withdraw history/th_Remarks")): com.reusableComponent.HighlightElement.run is PASSED

2023-07-04 00:12:11 - [MESSAGE][PASSED] - com.reusableComponent.HighlightElement.run is PASSED

2023-07-04 00:12:11 - [TEST_STEP][PASSED] - com.reusableComponent.HighlightElement.run(findTestObject("Transaction/Withdraw history/th_Done By")): com.reusableComponent.HighlightElement.run is PASSED

2023-07-04 00:12:12 - [MESSAGE][PASSED] - com.reusableComponent.HighlightElement.run is PASSED

2023-07-04 00:12:12 - [TEST_STEP][PASSED] - com.reusableComponent.HighlightElement.run(findTestObject("Transaction/Withdraw history/th_Receipt")): com.reusableComponent.HighlightElement.run is PASSED

2023-07-04 00:12:12 - [MESSAGE][PASSED] - com.reusableComponent.HighlightElement.run is PASSED

2023-07-04 00:12:12 - [TEST_STEP][PASSED] - com.reusableComponent.HighlightElement.run(findTestObject("Transaction/Withdraw history/th_Action")): com.reusableComponent.HighlightElement.run is PASSED

2023-07-04 00:12:13 - [MESSAGE][PASSED] - com.reusableComponent.HighlightElement.run is PASSED

2023-07-04 00:12:13 - [TEST_STEP][PASSED] - com.reusableComponent.HighlightElement.run(findTestObject("Transaction/Withdraw history/th_Shareholder")): com.reusableComponent.HighlightElement.run is PASSED

2023-07-04 00:12:13 - [MESSAGE][PASSED] - com.reusableComponent.HighlightElement.run is PASSED

2023-07-04 00:12:13 - [TEST_STEP][PASSED] - com.reusableComponent.HighlightElement.run(findTestObject("Transaction/Withdraw history/th_Main")): com.reusableComponent.HighlightElement.run is PASSED

2023-07-04 00:12:14 - [MESSAGE][PASSED] - com.reusableComponent.HighlightElement.run is PASSED

2023-07-04 00:12:14 - [TEST_STEP][PASSED] - com.reusableComponent.HighlightElement.run(findTestObject("Transaction/Withdraw history/th_Upline")): com.reusableComponent.HighlightElement.run is PASSED

2023-07-04 00:12:14 - [MESSAGE][PASSED] - com.reusableComponent.HighlightElement.run is PASSED

2023-07-04 00:12:14 - [TEST_STEP][PASSED] - com.reusableComponent.HighlightElement.run(findTestObject("Transaction/Withdraw history/table_NoDate")): com.reusableComponent.HighlightElement.run is PASSED

2023-07-04 00:12:15 - [MESSAGE][PASSED] - com.reusableComponent.HighlightElement.run is PASSED

2023-07-04 00:12:15 - [TEST_STEP][PASSED] - verifyElementVisible(findTestObject("Transaction/Withdraw history/th_No")): Object 'Object Repository/Transaction/Withdraw history/th_No' is visible

2023-07-04 00:12:15 - [MESSAGE][PASSED] - Object 'Object Repository/Transaction/Withdraw history/th_No' is visible

2023-07-04 00:12:15 - [TEST_STEP][PASSED] - verifyElementVisible(findTestObject("Transaction/Withdraw history/th_Date Time")): Object 'Object Repository/Transaction/Withdraw history/th_Date Time' is visible

2023-07-04 00:12:15 - [MESSAGE][PASSED] - Object 'Object Repository/Transaction/Withdraw history/th_Date Time' is visible

2023-07-04 00:12:15 - [TEST_STEP][PASSED] - verifyElementVisible(findTestObject("Transaction/Withdraw history/th_Update Time")): Object 'Object Repository/Transaction/Withdraw history/th_Update Time' is visible

2023-07-04 00:12:16 - [MESSAGE][PASSED] - Object 'Object Repository/Transaction/Withdraw history/th_Update Time' is visible

2023-07-04 00:12:16 - [TEST_STEP][PASSED] - verifyElementVisible(findTestObject("Transaction/Withdraw history/th_Trade Code")): Object 'Object Repository/Transaction/Withdraw history/th_Trade Code' is visible

2023-07-04 00:12:16 - [MESSAGE][PASSED] - Object 'Object Repository/Transaction/Withdraw history/th_Trade Code' is visible

2023-07-04 00:12:16 - [TEST_STEP][PASSED] - verifyElementVisible(findTestObject("Transaction/Withdraw history/th_Login Account")): Object 'Object Repository/Transaction/Withdraw history/th_Login Account' is visible

2023-07-04 00:12:17 - [MESSAGE][PASSED] - Object 'Object Repository/Transaction/Withdraw history/th_Login Account' is visible

2023-07-04 00:12:17 - [TEST_STEP][PASSED] - verifyElementVisible(findTestObject("Transaction/Withdraw history/th_Currency")): Object 'Object Repository/Transaction/Withdraw history/th_Currency' is visible

2023-07-04 00:12:17 - [MESSAGE][PASSED] - Object 'Object Repository/Transaction/Withdraw history/th_Currency' is visible

2023-07-04 00:12:17 - [TEST_STEP][PASSED] - verifyElementVisible(findTestObject("Transaction/Withdraw history/th_Amount")): Object 'Object Repository/Transaction/Withdraw history/th_Amount' is visible

2023-07-04 00:12:17 - [MESSAGE][PASSED] - Object 'Object Repository/Transaction/Withdraw history/th_Amount' is visible

2023-07-04 00:12:17 - [TEST_STEP][PASSED] - verifyElementVisible(findTestObject("Transaction/Withdraw history/th_Status")): Object 'Object Repository/Transaction/Withdraw history/th_Status' is visible

2023-07-04 00:12:18 - [MESSAGE][PASSED] - Object 'Object Repository/Transaction/Withdraw history/th_Status' is visible

2023-07-04 00:12:18 - [TEST_STEP][PASSED] - verifyElementVisible(findTestObject("Transaction/Withdraw history/th_Remarks")): Object 'Object Repository/Transaction/Withdraw history/th_Remarks' is visible

2023-07-04 00:12:18 - [MESSAGE][PASSED] - Object 'Object Repository/Transaction/Withdraw history/th_Remarks' is visible

2023-07-04 00:12:18 - [TEST_STEP][PASSED] - verifyElementVisible(findTestObject("Transaction/Withdraw history/th_Done By")): Object 'Object Repository/Transaction/Withdraw history/th_Done By' is visible

2023-07-04 00:12:19 - [MESSAGE][PASSED] - Object 'Object Repository/Transaction/Withdraw history/th_Done By' is visible

2023-07-04 00:12:19 - [TEST_STEP][PASSED] - verifyElementVisible(findTestObject("Transaction/Withdraw history/th_Receipt")): Object 'Object Repository/Transaction/Withdraw history/th_Receipt' is visible

2023-07-04 00:12:19 - [MESSAGE][PASSED] - Object 'Object Repository/Transaction/Withdraw history/th_Receipt' is visible

2023-07-04 00:12:19 - [TEST_STEP][PASSED] - verifyElementVisible(findTestObject("Transaction/Withdraw history/th_Action")): Object 'Object Repository/Transaction/Withdraw history/th_Action' is visible

2023-07-04 00:12:19 - [MESSAGE][PASSED] - Object 'Object Repository/Transaction/Withdraw history/th_Action' is visible

2023-07-04 00:12:19 - [TEST_STEP][PASSED] - verifyElementVisible(findTestObject("Transaction/Withdraw history/th_Shareholder")): Object 'Object Repository/Transaction/Withdraw history/th_Shareholder' is visible

2023-07-04 00:12:20 - [MESSAGE][PASSED] - Object 'Object Repository/Transaction/Withdraw history/th_Shareholder' is visible

2023-07-04 00:12:20 - [TEST_STEP][PASSED] - verifyElementVisible(findTestObject("Transaction/Withdraw history/th_Main")): Object 'Object Repository/Transaction/Withdraw history/th_Main' is visible

2023-07-04 00:12:20 - [MESSAGE][PASSED] - Object 'Object Repository/Transaction/Withdraw history/th_Main' is visible

2023-07-04 00:12:20 - [TEST_STEP][PASSED] - verifyElementVisible(findTestObject("Transaction/Withdraw history/th_Upline")): Object 'Object Repository/Transaction/Withdraw history/th_Upline' is visible

2023-07-04 00:12:21 - [MESSAGE][PASSED] - Object 'Object Repository/Transaction/Withdraw history/th_Upline' is visible

2023-07-04 00:12:21 - [TEST_STEP][PASSED] - verifyElementVisible(findTestObject("Transaction/Withdraw history/table_NoDate")): Object 'Object Repository/Transaction/Withdraw history/table_NoDate' is visible

2023-07-04 00:12:21 - [MESSAGE][PASSED] - Object 'Object Repository/Transaction/Withdraw history/table_NoDate' is visible

2023-07-04 00:12:21 - [TEST_STEP][PASSED] - com.reusableComponent.HighlightElement.run(findTestObject("Transaction/Withdraw history/li_Previous")): com.reusableComponent.HighlightElement.run is PASSED

2023-07-04 00:12:21 - [MESSAGE][PASSED] - com.reusableComponent.HighlightElement.run is PASSED

2023-07-04 00:12:21 - [TEST_STEP][PASSED] - com.reusableComponent.HighlightElement.run(findTestObject("Transaction/Withdraw history/li_Next")): com.reusableComponent.HighlightElement.run is PASSED

2023-07-04 00:12:22 - [MESSAGE][PASSED] - com.reusableComponent.HighlightElement.run is PASSED

2023-07-04 00:12:22 - [TEST_STEP][PASSED] - verifyElementVisible(findTestObject("Transaction/Withdraw history/li_Previous")): Object 'Object Repository/Transaction/Withdraw history/li_Previous' is visible

2023-07-04 00:12:22 - [MESSAGE][PASSED] - Object 'Object Repository/Transaction/Withdraw history/li_Previous' is visible

2023-07-04 00:12:22 - [TEST_STEP][PASSED] - verifyElementVisible(findTestObject("Transaction/Withdraw history/li_Next")): Object 'Object Repository/Transaction/Withdraw history/li_Next' is visible

2023-07-04 00:12:23 - [MESSAGE][PASSED] - Object 'Object Repository/Transaction/Withdraw history/li_Next' is visible]]></system-out>
         <system-err><![CDATA[]]></system-err>
      </testcase>
      <testcase name="Test Cases/Transaction/Withdraw History IDR" time="35.484" classname="Test Cases/Transaction/Withdraw History IDR" status="PASSED">
         <system-out><![CDATA[2023-07-04 00:12:23 - [TEST_CASE][PASSED] - Test Cases/Transaction/Withdraw History IDR: Test Cases/Transaction/Withdraw History IDR

2023-07-04 00:12:23 - [TEST_STEP][PASSED] - com.reusableComponent.HighlightElement.run(findTestObject("Transaction/Page_Dashboard/span_Transaction")): com.reusableComponent.HighlightElement.run is PASSED

2023-07-04 00:12:24 - [MESSAGE][PASSED] - com.reusableComponent.HighlightElement.run is PASSED

2023-07-04 00:12:24 - [TEST_STEP][PASSED] - mouseOver(findTestObject("Transaction/Page_Dashboard/span_Transaction")): Object: 'Object Repository/Transaction/Page_Dashboard/span_Transaction' is hovered

2023-07-04 00:12:24 - [MESSAGE][PASSED] - Object: 'Object Repository/Transaction/Page_Dashboard/span_Transaction' is hovered

2023-07-04 00:12:24 - [TEST_STEP][PASSED] - com.reusableComponent.HighlightElement.run(findTestObject("Transaction/Page_Dashboard/span_Withdraw history")): com.reusableComponent.HighlightElement.run is PASSED

2023-07-04 00:12:25 - [MESSAGE][PASSED] - com.reusableComponent.HighlightElement.run is PASSED

2023-07-04 00:12:25 - [TEST_STEP][PASSED] - mouseOver(findTestObject("Transaction/Page_Dashboard/span_Withdraw history")): Object: 'Object Repository/Transaction/Page_Dashboard/span_Withdraw history' is hovered

2023-07-04 00:12:25 - [MESSAGE][PASSED] - Object: 'Object Repository/Transaction/Page_Dashboard/span_Withdraw history' is hovered

2023-07-04 00:12:25 - [TEST_STEP][PASSED] - com.reusableComponent.HighlightElement.run(findTestObject("Transaction/Withdraw history/span_IDR")): com.reusableComponent.HighlightElement.run is PASSED

2023-07-04 00:12:26 - [MESSAGE][PASSED] - com.reusableComponent.HighlightElement.run is PASSED

2023-07-04 00:12:26 - [TEST_STEP][PASSED] - click(findTestObject("Transaction/Withdraw history/span_IDR")): Object: 'Object Repository/Transaction/Withdraw history/span_IDR' is clicked on

2023-07-04 00:12:33 - [MESSAGE][PASSED] - Object: 'Object Repository/Transaction/Withdraw history/span_IDR' is clicked on

2023-07-04 00:12:33 - [TEST_STEP][PASSED] - com.reusableComponent.HighlightElement.run(findTestObject("Transaction/Withdraw history/h3_Member Withdraw History")): com.reusableComponent.HighlightElement.run is PASSED

2023-07-04 00:12:34 - [MESSAGE][PASSED] - com.reusableComponent.HighlightElement.run is PASSED

2023-07-04 00:12:34 - [TEST_STEP][PASSED] - com.reusableComponent.HighlightElement.run(findTestObject("Transaction/Withdraw history/input_Date Range_form-control date_range")): com.reusableComponent.HighlightElement.run is PASSED

2023-07-04 00:12:35 - [MESSAGE][PASSED] - com.reusableComponent.HighlightElement.run is PASSED

2023-07-04 00:12:35 - [TEST_STEP][PASSED] - com.reusableComponent.HighlightElement.run(findTestObject("Transaction/Withdraw history/select_Approve")): com.reusableComponent.HighlightElement.run is PASSED

2023-07-04 00:12:35 - [MESSAGE][PASSED] - com.reusableComponent.HighlightElement.run is PASSED

2023-07-04 00:12:35 - [TEST_STEP][PASSED] - com.reusableComponent.HighlightElement.run(findTestObject("Transaction/Withdraw history/button_Search")): com.reusableComponent.HighlightElement.run is PASSED

2023-07-04 00:12:36 - [MESSAGE][PASSED] - com.reusableComponent.HighlightElement.run is PASSED

2023-07-04 00:12:36 - [TEST_STEP][PASSED] - verifyElementVisible(findTestObject("Transaction/Withdraw history/h3_Member Withdraw History")): Object 'Object Repository/Transaction/Withdraw history/h3_Member Withdraw History' is visible

2023-07-04 00:12:36 - [MESSAGE][PASSED] - Object 'Object Repository/Transaction/Withdraw history/h3_Member Withdraw History' is visible

2023-07-04 00:12:36 - [TEST_STEP][PASSED] - verifyElementVisible(findTestObject("Transaction/Withdraw history/input_Date Range_form-control date_range")): Object 'Object Repository/Transaction/Withdraw history/input_Date Range_form-control date_range' is visible

2023-07-04 00:12:37 - [MESSAGE][PASSED] - Object 'Object Repository/Transaction/Withdraw history/input_Date Range_form-control date_range' is visible

2023-07-04 00:12:37 - [TEST_STEP][PASSED] - verifyElementVisible(findTestObject("Transaction/Withdraw history/select_Approve")): Object 'Object Repository/Transaction/Withdraw history/select_Approve' is visible

2023-07-04 00:12:37 - [MESSAGE][PASSED] - Object 'Object Repository/Transaction/Withdraw history/select_Approve' is visible

2023-07-04 00:12:37 - [TEST_STEP][PASSED] - verifyElementVisible(findTestObject("Transaction/Withdraw history/button_Search")): Object 'Object Repository/Transaction/Withdraw history/button_Search' is visible

2023-07-04 00:12:37 - [MESSAGE][PASSED] - Object 'Object Repository/Transaction/Withdraw history/button_Search' is visible

2023-07-04 00:12:37 - [TEST_STEP][PASSED] - com.reusableComponent.HighlightElement.run(findTestObject("Transaction/Withdraw history/select_1050100200All")): com.reusableComponent.HighlightElement.run is PASSED

2023-07-04 00:12:38 - [MESSAGE][PASSED] - com.reusableComponent.HighlightElement.run is PASSED

2023-07-04 00:12:38 - [TEST_STEP][PASSED] - com.reusableComponent.HighlightElement.run(findTestObject("Transaction/Withdraw history/span_Copy")): com.reusableComponent.HighlightElement.run is PASSED

2023-07-04 00:12:38 - [MESSAGE][PASSED] - com.reusableComponent.HighlightElement.run is PASSED

2023-07-04 00:12:38 - [TEST_STEP][PASSED] - com.reusableComponent.HighlightElement.run(findTestObject("Transaction/Withdraw history/span_CSV")): com.reusableComponent.HighlightElement.run is PASSED

2023-07-04 00:12:39 - [MESSAGE][PASSED] - com.reusableComponent.HighlightElement.run is PASSED

2023-07-04 00:12:39 - [TEST_STEP][PASSED] - com.reusableComponent.HighlightElement.run(findTestObject("Transaction/Withdraw history/span_Excel")): com.reusableComponent.HighlightElement.run is PASSED

2023-07-04 00:12:39 - [MESSAGE][PASSED] - com.reusableComponent.HighlightElement.run is PASSED

2023-07-04 00:12:39 - [TEST_STEP][PASSED] - com.reusableComponent.HighlightElement.run(findTestObject("Transaction/Withdraw history/span_PDF")): com.reusableComponent.HighlightElement.run is PASSED

2023-07-04 00:12:40 - [MESSAGE][PASSED] - com.reusableComponent.HighlightElement.run is PASSED

2023-07-04 00:12:40 - [TEST_STEP][PASSED] - com.reusableComponent.HighlightElement.run(findTestObject("Transaction/Withdraw history/input_Search_form-control form-control-sm")): com.reusableComponent.HighlightElement.run is PASSED

2023-07-04 00:12:40 - [MESSAGE][PASSED] - com.reusableComponent.HighlightElement.run is PASSED

2023-07-04 00:12:40 - [TEST_STEP][PASSED] - verifyElementVisible(findTestObject("Transaction/Withdraw history/select_1050100200All")): Object 'Object Repository/Transaction/Withdraw history/select_1050100200All' is visible

2023-07-04 00:12:41 - [MESSAGE][PASSED] - Object 'Object Repository/Transaction/Withdraw history/select_1050100200All' is visible

2023-07-04 00:12:41 - [TEST_STEP][PASSED] - verifyElementVisible(findTestObject("Transaction/Withdraw history/span_Copy")): Object 'Object Repository/Transaction/Withdraw history/span_Copy' is visible

2023-07-04 00:12:41 - [MESSAGE][PASSED] - Object 'Object Repository/Transaction/Withdraw history/span_Copy' is visible

2023-07-04 00:12:41 - [TEST_STEP][PASSED] - verifyElementVisible(findTestObject("Transaction/Withdraw history/span_CSV")): Object 'Object Repository/Transaction/Withdraw history/span_CSV' is visible

2023-07-04 00:12:42 - [MESSAGE][PASSED] - Object 'Object Repository/Transaction/Withdraw history/span_CSV' is visible

2023-07-04 00:12:42 - [TEST_STEP][PASSED] - verifyElementVisible(findTestObject("Transaction/Withdraw history/span_Excel")): Object 'Object Repository/Transaction/Withdraw history/span_Excel' is visible

2023-07-04 00:12:42 - [MESSAGE][PASSED] - Object 'Object Repository/Transaction/Withdraw history/span_Excel' is visible

2023-07-04 00:12:42 - [TEST_STEP][PASSED] - verifyElementVisible(findTestObject("Transaction/Withdraw history/span_PDF")): Object 'Object Repository/Transaction/Withdraw history/span_PDF' is visible

2023-07-04 00:12:42 - [MESSAGE][PASSED] - Object 'Object Repository/Transaction/Withdraw history/span_PDF' is visible

2023-07-04 00:12:42 - [TEST_STEP][PASSED] - verifyElementVisible(findTestObject("Transaction/Withdraw history/input_Search_form-control form-control-sm")): Object 'Object Repository/Transaction/Withdraw history/input_Search_form-control form-control-sm' is visible

2023-07-04 00:12:43 - [MESSAGE][PASSED] - Object 'Object Repository/Transaction/Withdraw history/input_Search_form-control form-control-sm' is visible

2023-07-04 00:12:43 - [TEST_STEP][PASSED] - com.reusableComponent.HighlightElement.run(findTestObject("Transaction/Withdraw history/th_No")): com.reusableComponent.HighlightElement.run is PASSED

2023-07-04 00:12:43 - [MESSAGE][PASSED] - com.reusableComponent.HighlightElement.run is PASSED

2023-07-04 00:12:43 - [TEST_STEP][PASSED] - com.reusableComponent.HighlightElement.run(findTestObject("Transaction/Withdraw history/th_Date Time")): com.reusableComponent.HighlightElement.run is PASSED

2023-07-04 00:12:44 - [MESSAGE][PASSED] - com.reusableComponent.HighlightElement.run is PASSED

2023-07-04 00:12:44 - [TEST_STEP][PASSED] - com.reusableComponent.HighlightElement.run(findTestObject("Transaction/Withdraw history/th_Update Time")): com.reusableComponent.HighlightElement.run is PASSED

2023-07-04 00:12:44 - [MESSAGE][PASSED] - com.reusableComponent.HighlightElement.run is PASSED

2023-07-04 00:12:44 - [TEST_STEP][PASSED] - com.reusableComponent.HighlightElement.run(findTestObject("Transaction/Withdraw history/th_Trade Code")): com.reusableComponent.HighlightElement.run is PASSED

2023-07-04 00:12:45 - [MESSAGE][PASSED] - com.reusableComponent.HighlightElement.run is PASSED

2023-07-04 00:12:45 - [TEST_STEP][PASSED] - com.reusableComponent.HighlightElement.run(findTestObject("Transaction/Withdraw history/th_Login Account")): com.reusableComponent.HighlightElement.run is PASSED

2023-07-04 00:12:45 - [MESSAGE][PASSED] - com.reusableComponent.HighlightElement.run is PASSED

2023-07-04 00:12:45 - [TEST_STEP][PASSED] - com.reusableComponent.HighlightElement.run(findTestObject("Transaction/Withdraw history/th_Currency")): com.reusableComponent.HighlightElement.run is PASSED

2023-07-04 00:12:45 - [MESSAGE][PASSED] - com.reusableComponent.HighlightElement.run is PASSED

2023-07-04 00:12:45 - [TEST_STEP][PASSED] - com.reusableComponent.HighlightElement.run(findTestObject("Transaction/Withdraw history/th_Amount")): com.reusableComponent.HighlightElement.run is PASSED

2023-07-04 00:12:46 - [MESSAGE][PASSED] - com.reusableComponent.HighlightElement.run is PASSED

2023-07-04 00:12:46 - [TEST_STEP][PASSED] - com.reusableComponent.HighlightElement.run(findTestObject("Transaction/Withdraw history/th_Status")): com.reusableComponent.HighlightElement.run is PASSED

2023-07-04 00:12:46 - [MESSAGE][PASSED] - com.reusableComponent.HighlightElement.run is PASSED

2023-07-04 00:12:46 - [TEST_STEP][PASSED] - com.reusableComponent.HighlightElement.run(findTestObject("Transaction/Withdraw history/th_Remarks")): com.reusableComponent.HighlightElement.run is PASSED

2023-07-04 00:12:47 - [MESSAGE][PASSED] - com.reusableComponent.HighlightElement.run is PASSED

2023-07-04 00:12:47 - [TEST_STEP][PASSED] - com.reusableComponent.HighlightElement.run(findTestObject("Transaction/Withdraw history/th_Done By")): com.reusableComponent.HighlightElement.run is PASSED

2023-07-04 00:12:47 - [MESSAGE][PASSED] - com.reusableComponent.HighlightElement.run is PASSED

2023-07-04 00:12:47 - [TEST_STEP][PASSED] - com.reusableComponent.HighlightElement.run(findTestObject("Transaction/Withdraw history/th_Receipt")): com.reusableComponent.HighlightElement.run is PASSED

2023-07-04 00:12:48 - [MESSAGE][PASSED] - com.reusableComponent.HighlightElement.run is PASSED

2023-07-04 00:12:48 - [TEST_STEP][PASSED] - com.reusableComponent.HighlightElement.run(findTestObject("Transaction/Withdraw history/th_Action")): com.reusableComponent.HighlightElement.run is PASSED

2023-07-04 00:12:48 - [MESSAGE][PASSED] - com.reusableComponent.HighlightElement.run is PASSED

2023-07-04 00:12:48 - [TEST_STEP][PASSED] - com.reusableComponent.HighlightElement.run(findTestObject("Transaction/Withdraw history/th_Shareholder")): com.reusableComponent.HighlightElement.run is PASSED

2023-07-04 00:12:49 - [MESSAGE][PASSED] - com.reusableComponent.HighlightElement.run is PASSED

2023-07-04 00:12:49 - [TEST_STEP][PASSED] - com.reusableComponent.HighlightElement.run(findTestObject("Transaction/Withdraw history/th_Main")): com.reusableComponent.HighlightElement.run is PASSED

2023-07-04 00:12:49 - [MESSAGE][PASSED] - com.reusableComponent.HighlightElement.run is PASSED

2023-07-04 00:12:49 - [TEST_STEP][PASSED] - com.reusableComponent.HighlightElement.run(findTestObject("Transaction/Withdraw history/th_Upline")): com.reusableComponent.HighlightElement.run is PASSED

2023-07-04 00:12:50 - [MESSAGE][PASSED] - com.reusableComponent.HighlightElement.run is PASSED

2023-07-04 00:12:50 - [TEST_STEP][PASSED] - com.reusableComponent.HighlightElement.run(findTestObject("Transaction/Withdraw history/table_NoDate")): com.reusableComponent.HighlightElement.run is PASSED

2023-07-04 00:12:50 - [MESSAGE][PASSED] - com.reusableComponent.HighlightElement.run is PASSED

2023-07-04 00:12:50 - [TEST_STEP][PASSED] - verifyElementVisible(findTestObject("Transaction/Withdraw history/th_No")): Object 'Object Repository/Transaction/Withdraw history/th_No' is visible

2023-07-04 00:12:50 - [MESSAGE][PASSED] - Object 'Object Repository/Transaction/Withdraw history/th_No' is visible

2023-07-04 00:12:50 - [TEST_STEP][PASSED] - verifyElementVisible(findTestObject("Transaction/Withdraw history/th_Date Time")): Object 'Object Repository/Transaction/Withdraw history/th_Date Time' is visible

2023-07-04 00:12:51 - [MESSAGE][PASSED] - Object 'Object Repository/Transaction/Withdraw history/th_Date Time' is visible

2023-07-04 00:12:51 - [TEST_STEP][PASSED] - verifyElementVisible(findTestObject("Transaction/Withdraw history/th_Update Time")): Object 'Object Repository/Transaction/Withdraw history/th_Update Time' is visible

2023-07-04 00:12:51 - [MESSAGE][PASSED] - Object 'Object Repository/Transaction/Withdraw history/th_Update Time' is visible

2023-07-04 00:12:51 - [TEST_STEP][PASSED] - verifyElementVisible(findTestObject("Transaction/Withdraw history/th_Trade Code")): Object 'Object Repository/Transaction/Withdraw history/th_Trade Code' is visible

2023-07-04 00:12:52 - [MESSAGE][PASSED] - Object 'Object Repository/Transaction/Withdraw history/th_Trade Code' is visible

2023-07-04 00:12:52 - [TEST_STEP][PASSED] - verifyElementVisible(findTestObject("Transaction/Withdraw history/th_Login Account")): Object 'Object Repository/Transaction/Withdraw history/th_Login Account' is visible

2023-07-04 00:12:52 - [MESSAGE][PASSED] - Object 'Object Repository/Transaction/Withdraw history/th_Login Account' is visible

2023-07-04 00:12:52 - [TEST_STEP][PASSED] - verifyElementVisible(findTestObject("Transaction/Withdraw history/th_Currency")): Object 'Object Repository/Transaction/Withdraw history/th_Currency' is visible

2023-07-04 00:12:52 - [MESSAGE][PASSED] - Object 'Object Repository/Transaction/Withdraw history/th_Currency' is visible

2023-07-04 00:12:52 - [TEST_STEP][PASSED] - verifyElementVisible(findTestObject("Transaction/Withdraw history/th_Amount")): Object 'Object Repository/Transaction/Withdraw history/th_Amount' is visible

2023-07-04 00:12:53 - [MESSAGE][PASSED] - Object 'Object Repository/Transaction/Withdraw history/th_Amount' is visible

2023-07-04 00:12:53 - [TEST_STEP][PASSED] - verifyElementVisible(findTestObject("Transaction/Withdraw history/th_Status")): Object 'Object Repository/Transaction/Withdraw history/th_Status' is visible

2023-07-04 00:12:53 - [MESSAGE][PASSED] - Object 'Object Repository/Transaction/Withdraw history/th_Status' is visible

2023-07-04 00:12:53 - [TEST_STEP][PASSED] - verifyElementVisible(findTestObject("Transaction/Withdraw history/th_Remarks")): Object 'Object Repository/Transaction/Withdraw history/th_Remarks' is visible

2023-07-04 00:12:54 - [MESSAGE][PASSED] - Object 'Object Repository/Transaction/Withdraw history/th_Remarks' is visible

2023-07-04 00:12:54 - [TEST_STEP][PASSED] - verifyElementVisible(findTestObject("Transaction/Withdraw history/th_Done By")): Object 'Object Repository/Transaction/Withdraw history/th_Done By' is visible

2023-07-04 00:12:54 - [MESSAGE][PASSED] - Object 'Object Repository/Transaction/Withdraw history/th_Done By' is visible

2023-07-04 00:12:54 - [TEST_STEP][PASSED] - verifyElementVisible(findTestObject("Transaction/Withdraw history/th_Receipt")): Object 'Object Repository/Transaction/Withdraw history/th_Receipt' is visible

2023-07-04 00:12:54 - [MESSAGE][PASSED] - Object 'Object Repository/Transaction/Withdraw history/th_Receipt' is visible

2023-07-04 00:12:54 - [TEST_STEP][PASSED] - verifyElementVisible(findTestObject("Transaction/Withdraw history/th_Action")): Object 'Object Repository/Transaction/Withdraw history/th_Action' is visible

2023-07-04 00:12:55 - [MESSAGE][PASSED] - Object 'Object Repository/Transaction/Withdraw history/th_Action' is visible

2023-07-04 00:12:55 - [TEST_STEP][PASSED] - verifyElementVisible(findTestObject("Transaction/Withdraw history/th_Shareholder")): Object 'Object Repository/Transaction/Withdraw history/th_Shareholder' is visible

2023-07-04 00:12:55 - [MESSAGE][PASSED] - Object 'Object Repository/Transaction/Withdraw history/th_Shareholder' is visible

2023-07-04 00:12:55 - [TEST_STEP][PASSED] - verifyElementVisible(findTestObject("Transaction/Withdraw history/th_Main")): Object 'Object Repository/Transaction/Withdraw history/th_Main' is visible

2023-07-04 00:12:56 - [MESSAGE][PASSED] - Object 'Object Repository/Transaction/Withdraw history/th_Main' is visible

2023-07-04 00:12:56 - [TEST_STEP][PASSED] - verifyElementVisible(findTestObject("Transaction/Withdraw history/th_Upline")): Object 'Object Repository/Transaction/Withdraw history/th_Upline' is visible

2023-07-04 00:12:56 - [MESSAGE][PASSED] - Object 'Object Repository/Transaction/Withdraw history/th_Upline' is visible

2023-07-04 00:12:56 - [TEST_STEP][PASSED] - verifyElementVisible(findTestObject("Transaction/Withdraw history/table_NoDate")): Object 'Object Repository/Transaction/Withdraw history/table_NoDate' is visible

2023-07-04 00:12:56 - [MESSAGE][PASSED] - Object 'Object Repository/Transaction/Withdraw history/table_NoDate' is visible

2023-07-04 00:12:56 - [TEST_STEP][PASSED] - com.reusableComponent.HighlightElement.run(findTestObject("Transaction/Withdraw history/li_Previous")): com.reusableComponent.HighlightElement.run is PASSED

2023-07-04 00:12:57 - [MESSAGE][PASSED] - com.reusableComponent.HighlightElement.run is PASSED

2023-07-04 00:12:57 - [TEST_STEP][PASSED] - com.reusableComponent.HighlightElement.run(findTestObject("Transaction/Withdraw history/li_Next")): com.reusableComponent.HighlightElement.run is PASSED

2023-07-04 00:12:57 - [MESSAGE][PASSED] - com.reusableComponent.HighlightElement.run is PASSED

2023-07-04 00:12:57 - [TEST_STEP][PASSED] - verifyElementVisible(findTestObject("Transaction/Withdraw history/li_Previous")): Object 'Object Repository/Transaction/Withdraw history/li_Previous' is visible

2023-07-04 00:12:58 - [MESSAGE][PASSED] - Object 'Object Repository/Transaction/Withdraw history/li_Previous' is visible

2023-07-04 00:12:58 - [TEST_STEP][PASSED] - verifyElementVisible(findTestObject("Transaction/Withdraw history/li_Next")): Object 'Object Repository/Transaction/Withdraw history/li_Next' is visible

2023-07-04 00:12:58 - [MESSAGE][PASSED] - Object 'Object Repository/Transaction/Withdraw history/li_Next' is visible]]></system-out>
         <system-err><![CDATA[]]></system-err>
      </testcase>
      <testcase name="Test Cases/Transaction/Withdraw History MMK" time="38.265" classname="Test Cases/Transaction/Withdraw History MMK" status="PASSED">
         <system-out><![CDATA[2023-07-04 00:12:58 - [TEST_CASE][PASSED] - Test Cases/Transaction/Withdraw History MMK: Test Cases/Transaction/Withdraw History MMK

2023-07-04 00:12:59 - [TEST_STEP][PASSED] - com.reusableComponent.HighlightElement.run(findTestObject("Transaction/Page_Dashboard/span_Transaction")): com.reusableComponent.HighlightElement.run is PASSED

2023-07-04 00:12:59 - [MESSAGE][PASSED] - com.reusableComponent.HighlightElement.run is PASSED

2023-07-04 00:12:59 - [TEST_STEP][PASSED] - mouseOver(findTestObject("Transaction/Page_Dashboard/span_Transaction")): Object: 'Object Repository/Transaction/Page_Dashboard/span_Transaction' is hovered

2023-07-04 00:13:00 - [MESSAGE][PASSED] - Object: 'Object Repository/Transaction/Page_Dashboard/span_Transaction' is hovered

2023-07-04 00:13:00 - [TEST_STEP][PASSED] - com.reusableComponent.HighlightElement.run(findTestObject("Transaction/Page_Dashboard/span_Withdraw history")): com.reusableComponent.HighlightElement.run is PASSED

2023-07-04 00:13:00 - [MESSAGE][PASSED] - com.reusableComponent.HighlightElement.run is PASSED

2023-07-04 00:13:00 - [TEST_STEP][PASSED] - mouseOver(findTestObject("Transaction/Page_Dashboard/span_Withdraw history")): Object: 'Object Repository/Transaction/Page_Dashboard/span_Withdraw history' is hovered

2023-07-04 00:13:01 - [MESSAGE][PASSED] - Object: 'Object Repository/Transaction/Page_Dashboard/span_Withdraw history' is hovered

2023-07-04 00:13:01 - [TEST_STEP][PASSED] - com.reusableComponent.HighlightElement.run(findTestObject("Transaction/Withdraw history/span_MMK")): com.reusableComponent.HighlightElement.run is PASSED

2023-07-04 00:13:01 - [MESSAGE][PASSED] - com.reusableComponent.HighlightElement.run is PASSED

2023-07-04 00:13:01 - [TEST_STEP][PASSED] - click(findTestObject("Transaction/Withdraw history/span_MMK")): Object: 'Object Repository/Transaction/Withdraw history/span_MMK' is clicked on

2023-07-04 00:13:11 - [MESSAGE][PASSED] - Object: 'Object Repository/Transaction/Withdraw history/span_MMK' is clicked on

2023-07-04 00:13:11 - [TEST_STEP][PASSED] - com.reusableComponent.HighlightElement.run(findTestObject("Transaction/Withdraw history/h3_Member Withdraw History")): com.reusableComponent.HighlightElement.run is PASSED

2023-07-04 00:13:12 - [MESSAGE][PASSED] - com.reusableComponent.HighlightElement.run is PASSED

2023-07-04 00:13:12 - [TEST_STEP][PASSED] - com.reusableComponent.HighlightElement.run(findTestObject("Transaction/Withdraw history/input_Date Range_form-control date_range")): com.reusableComponent.HighlightElement.run is PASSED

2023-07-04 00:13:13 - [MESSAGE][PASSED] - com.reusableComponent.HighlightElement.run is PASSED

2023-07-04 00:13:13 - [TEST_STEP][PASSED] - com.reusableComponent.HighlightElement.run(findTestObject("Transaction/Withdraw history/select_Approve")): com.reusableComponent.HighlightElement.run is PASSED

2023-07-04 00:13:13 - [MESSAGE][PASSED] - com.reusableComponent.HighlightElement.run is PASSED

2023-07-04 00:13:13 - [TEST_STEP][PASSED] - com.reusableComponent.HighlightElement.run(findTestObject("Transaction/Withdraw history/button_Search")): com.reusableComponent.HighlightElement.run is PASSED

2023-07-04 00:13:14 - [MESSAGE][PASSED] - com.reusableComponent.HighlightElement.run is PASSED

2023-07-04 00:13:14 - [TEST_STEP][PASSED] - verifyElementVisible(findTestObject("Transaction/Withdraw history/h3_Member Withdraw History")): Object 'Object Repository/Transaction/Withdraw history/h3_Member Withdraw History' is visible

2023-07-04 00:13:14 - [MESSAGE][PASSED] - Object 'Object Repository/Transaction/Withdraw history/h3_Member Withdraw History' is visible

2023-07-04 00:13:14 - [TEST_STEP][PASSED] - verifyElementVisible(findTestObject("Transaction/Withdraw history/input_Date Range_form-control date_range")): Object 'Object Repository/Transaction/Withdraw history/input_Date Range_form-control date_range' is visible

2023-07-04 00:13:15 - [MESSAGE][PASSED] - Object 'Object Repository/Transaction/Withdraw history/input_Date Range_form-control date_range' is visible

2023-07-04 00:13:15 - [TEST_STEP][PASSED] - verifyElementVisible(findTestObject("Transaction/Withdraw history/select_Approve")): Object 'Object Repository/Transaction/Withdraw history/select_Approve' is visible

2023-07-04 00:13:15 - [MESSAGE][PASSED] - Object 'Object Repository/Transaction/Withdraw history/select_Approve' is visible

2023-07-04 00:13:15 - [TEST_STEP][PASSED] - verifyElementVisible(findTestObject("Transaction/Withdraw history/button_Search")): Object 'Object Repository/Transaction/Withdraw history/button_Search' is visible

2023-07-04 00:13:16 - [MESSAGE][PASSED] - Object 'Object Repository/Transaction/Withdraw history/button_Search' is visible

2023-07-04 00:13:16 - [TEST_STEP][PASSED] - com.reusableComponent.HighlightElement.run(findTestObject("Transaction/Withdraw history/select_1050100200All")): com.reusableComponent.HighlightElement.run is PASSED

2023-07-04 00:13:16 - [MESSAGE][PASSED] - com.reusableComponent.HighlightElement.run is PASSED

2023-07-04 00:13:16 - [TEST_STEP][PASSED] - com.reusableComponent.HighlightElement.run(findTestObject("Transaction/Withdraw history/span_Copy")): com.reusableComponent.HighlightElement.run is PASSED

2023-07-04 00:13:17 - [MESSAGE][PASSED] - com.reusableComponent.HighlightElement.run is PASSED

2023-07-04 00:13:17 - [TEST_STEP][PASSED] - com.reusableComponent.HighlightElement.run(findTestObject("Transaction/Withdraw history/span_CSV")): com.reusableComponent.HighlightElement.run is PASSED

2023-07-04 00:13:17 - [MESSAGE][PASSED] - com.reusableComponent.HighlightElement.run is PASSED

2023-07-04 00:13:17 - [TEST_STEP][PASSED] - com.reusableComponent.HighlightElement.run(findTestObject("Transaction/Withdraw history/span_Excel")): com.reusableComponent.HighlightElement.run is PASSED

2023-07-04 00:13:18 - [MESSAGE][PASSED] - com.reusableComponent.HighlightElement.run is PASSED

2023-07-04 00:13:18 - [TEST_STEP][PASSED] - com.reusableComponent.HighlightElement.run(findTestObject("Transaction/Withdraw history/span_PDF")): com.reusableComponent.HighlightElement.run is PASSED

2023-07-04 00:13:18 - [MESSAGE][PASSED] - com.reusableComponent.HighlightElement.run is PASSED

2023-07-04 00:13:18 - [TEST_STEP][PASSED] - com.reusableComponent.HighlightElement.run(findTestObject("Transaction/Withdraw history/input_Search_form-control form-control-sm")): com.reusableComponent.HighlightElement.run is PASSED

2023-07-04 00:13:19 - [MESSAGE][PASSED] - com.reusableComponent.HighlightElement.run is PASSED

2023-07-04 00:13:19 - [TEST_STEP][PASSED] - verifyElementVisible(findTestObject("Transaction/Withdraw history/select_1050100200All")): Object 'Object Repository/Transaction/Withdraw history/select_1050100200All' is visible

2023-07-04 00:13:19 - [MESSAGE][PASSED] - Object 'Object Repository/Transaction/Withdraw history/select_1050100200All' is visible

2023-07-04 00:13:19 - [TEST_STEP][PASSED] - verifyElementVisible(findTestObject("Transaction/Withdraw history/span_Copy")): Object 'Object Repository/Transaction/Withdraw history/span_Copy' is visible

2023-07-04 00:13:20 - [MESSAGE][PASSED] - Object 'Object Repository/Transaction/Withdraw history/span_Copy' is visible

2023-07-04 00:13:20 - [TEST_STEP][PASSED] - verifyElementVisible(findTestObject("Transaction/Withdraw history/span_CSV")): Object 'Object Repository/Transaction/Withdraw history/span_CSV' is visible

2023-07-04 00:13:20 - [MESSAGE][PASSED] - Object 'Object Repository/Transaction/Withdraw history/span_CSV' is visible

2023-07-04 00:13:20 - [TEST_STEP][PASSED] - verifyElementVisible(findTestObject("Transaction/Withdraw history/span_Excel")): Object 'Object Repository/Transaction/Withdraw history/span_Excel' is visible

2023-07-04 00:13:20 - [MESSAGE][PASSED] - Object 'Object Repository/Transaction/Withdraw history/span_Excel' is visible

2023-07-04 00:13:20 - [TEST_STEP][PASSED] - verifyElementVisible(findTestObject("Transaction/Withdraw history/span_PDF")): Object 'Object Repository/Transaction/Withdraw history/span_PDF' is visible

2023-07-04 00:13:21 - [MESSAGE][PASSED] - Object 'Object Repository/Transaction/Withdraw history/span_PDF' is visible

2023-07-04 00:13:21 - [TEST_STEP][PASSED] - verifyElementVisible(findTestObject("Transaction/Withdraw history/input_Search_form-control form-control-sm")): Object 'Object Repository/Transaction/Withdraw history/input_Search_form-control form-control-sm' is visible

2023-07-04 00:13:21 - [MESSAGE][PASSED] - Object 'Object Repository/Transaction/Withdraw history/input_Search_form-control form-control-sm' is visible

2023-07-04 00:13:21 - [TEST_STEP][PASSED] - com.reusableComponent.HighlightElement.run(findTestObject("Transaction/Withdraw history/th_No")): com.reusableComponent.HighlightElement.run is PASSED

2023-07-04 00:13:22 - [MESSAGE][PASSED] - com.reusableComponent.HighlightElement.run is PASSED

2023-07-04 00:13:22 - [TEST_STEP][PASSED] - com.reusableComponent.HighlightElement.run(findTestObject("Transaction/Withdraw history/th_Date Time")): com.reusableComponent.HighlightElement.run is PASSED

2023-07-04 00:13:22 - [MESSAGE][PASSED] - com.reusableComponent.HighlightElement.run is PASSED

2023-07-04 00:13:22 - [TEST_STEP][PASSED] - com.reusableComponent.HighlightElement.run(findTestObject("Transaction/Withdraw history/th_Update Time")): com.reusableComponent.HighlightElement.run is PASSED

2023-07-04 00:13:23 - [MESSAGE][PASSED] - com.reusableComponent.HighlightElement.run is PASSED

2023-07-04 00:13:23 - [TEST_STEP][PASSED] - com.reusableComponent.HighlightElement.run(findTestObject("Transaction/Withdraw history/th_Trade Code")): com.reusableComponent.HighlightElement.run is PASSED

2023-07-04 00:13:23 - [MESSAGE][PASSED] - com.reusableComponent.HighlightElement.run is PASSED

2023-07-04 00:13:23 - [TEST_STEP][PASSED] - com.reusableComponent.HighlightElement.run(findTestObject("Transaction/Withdraw history/th_Login Account")): com.reusableComponent.HighlightElement.run is PASSED

2023-07-04 00:13:23 - [MESSAGE][PASSED] - com.reusableComponent.HighlightElement.run is PASSED

2023-07-04 00:13:23 - [TEST_STEP][PASSED] - com.reusableComponent.HighlightElement.run(findTestObject("Transaction/Withdraw history/th_Currency")): com.reusableComponent.HighlightElement.run is PASSED

2023-07-04 00:13:24 - [MESSAGE][PASSED] - com.reusableComponent.HighlightElement.run is PASSED

2023-07-04 00:13:24 - [TEST_STEP][PASSED] - com.reusableComponent.HighlightElement.run(findTestObject("Transaction/Withdraw history/th_Amount")): com.reusableComponent.HighlightElement.run is PASSED

2023-07-04 00:13:24 - [MESSAGE][PASSED] - com.reusableComponent.HighlightElement.run is PASSED

2023-07-04 00:13:24 - [TEST_STEP][PASSED] - com.reusableComponent.HighlightElement.run(findTestObject("Transaction/Withdraw history/th_Status")): com.reusableComponent.HighlightElement.run is PASSED

2023-07-04 00:13:25 - [MESSAGE][PASSED] - com.reusableComponent.HighlightElement.run is PASSED

2023-07-04 00:13:25 - [TEST_STEP][PASSED] - com.reusableComponent.HighlightElement.run(findTestObject("Transaction/Withdraw history/th_Remarks")): com.reusableComponent.HighlightElement.run is PASSED

2023-07-04 00:13:25 - [MESSAGE][PASSED] - com.reusableComponent.HighlightElement.run is PASSED

2023-07-04 00:13:25 - [TEST_STEP][PASSED] - com.reusableComponent.HighlightElement.run(findTestObject("Transaction/Withdraw history/th_Done By")): com.reusableComponent.HighlightElement.run is PASSED

2023-07-04 00:13:26 - [MESSAGE][PASSED] - com.reusableComponent.HighlightElement.run is PASSED

2023-07-04 00:13:26 - [TEST_STEP][PASSED] - com.reusableComponent.HighlightElement.run(findTestObject("Transaction/Withdraw history/th_Receipt")): com.reusableComponent.HighlightElement.run is PASSED

2023-07-04 00:13:26 - [MESSAGE][PASSED] - com.reusableComponent.HighlightElement.run is PASSED

2023-07-04 00:13:26 - [TEST_STEP][PASSED] - com.reusableComponent.HighlightElement.run(findTestObject("Transaction/Withdraw history/th_Action")): com.reusableComponent.HighlightElement.run is PASSED

2023-07-04 00:13:27 - [MESSAGE][PASSED] - com.reusableComponent.HighlightElement.run is PASSED

2023-07-04 00:13:27 - [TEST_STEP][PASSED] - com.reusableComponent.HighlightElement.run(findTestObject("Transaction/Withdraw history/th_Shareholder")): com.reusableComponent.HighlightElement.run is PASSED

2023-07-04 00:13:27 - [MESSAGE][PASSED] - com.reusableComponent.HighlightElement.run is PASSED

2023-07-04 00:13:27 - [TEST_STEP][PASSED] - com.reusableComponent.HighlightElement.run(findTestObject("Transaction/Withdraw history/th_Main")): com.reusableComponent.HighlightElement.run is PASSED

2023-07-04 00:13:27 - [MESSAGE][PASSED] - com.reusableComponent.HighlightElement.run is PASSED

2023-07-04 00:13:27 - [TEST_STEP][PASSED] - com.reusableComponent.HighlightElement.run(findTestObject("Transaction/Withdraw history/th_Upline")): com.reusableComponent.HighlightElement.run is PASSED

2023-07-04 00:13:28 - [MESSAGE][PASSED] - com.reusableComponent.HighlightElement.run is PASSED

2023-07-04 00:13:28 - [TEST_STEP][PASSED] - com.reusableComponent.HighlightElement.run(findTestObject("Transaction/Withdraw history/table_NoDate")): com.reusableComponent.HighlightElement.run is PASSED

2023-07-04 00:13:28 - [MESSAGE][PASSED] - com.reusableComponent.HighlightElement.run is PASSED

2023-07-04 00:13:28 - [TEST_STEP][PASSED] - verifyElementVisible(findTestObject("Transaction/Withdraw history/th_No")): Object 'Object Repository/Transaction/Withdraw history/th_No' is visible

2023-07-04 00:13:29 - [MESSAGE][PASSED] - Object 'Object Repository/Transaction/Withdraw history/th_No' is visible

2023-07-04 00:13:29 - [TEST_STEP][PASSED] - verifyElementVisible(findTestObject("Transaction/Withdraw history/th_Date Time")): Object 'Object Repository/Transaction/Withdraw history/th_Date Time' is visible

2023-07-04 00:13:29 - [MESSAGE][PASSED] - Object 'Object Repository/Transaction/Withdraw history/th_Date Time' is visible

2023-07-04 00:13:29 - [TEST_STEP][PASSED] - verifyElementVisible(findTestObject("Transaction/Withdraw history/th_Update Time")): Object 'Object Repository/Transaction/Withdraw history/th_Update Time' is visible

2023-07-04 00:13:30 - [MESSAGE][PASSED] - Object 'Object Repository/Transaction/Withdraw history/th_Update Time' is visible

2023-07-04 00:13:30 - [TEST_STEP][PASSED] - verifyElementVisible(findTestObject("Transaction/Withdraw history/th_Trade Code")): Object 'Object Repository/Transaction/Withdraw history/th_Trade Code' is visible

2023-07-04 00:13:30 - [MESSAGE][PASSED] - Object 'Object Repository/Transaction/Withdraw history/th_Trade Code' is visible

2023-07-04 00:13:30 - [TEST_STEP][PASSED] - verifyElementVisible(findTestObject("Transaction/Withdraw history/th_Login Account")): Object 'Object Repository/Transaction/Withdraw history/th_Login Account' is visible

2023-07-04 00:13:30 - [MESSAGE][PASSED] - Object 'Object Repository/Transaction/Withdraw history/th_Login Account' is visible

2023-07-04 00:13:30 - [TEST_STEP][PASSED] - verifyElementVisible(findTestObject("Transaction/Withdraw history/th_Currency")): Object 'Object Repository/Transaction/Withdraw history/th_Currency' is visible

2023-07-04 00:13:31 - [MESSAGE][PASSED] - Object 'Object Repository/Transaction/Withdraw history/th_Currency' is visible

2023-07-04 00:13:31 - [TEST_STEP][PASSED] - verifyElementVisible(findTestObject("Transaction/Withdraw history/th_Amount")): Object 'Object Repository/Transaction/Withdraw history/th_Amount' is visible

2023-07-04 00:13:31 - [MESSAGE][PASSED] - Object 'Object Repository/Transaction/Withdraw history/th_Amount' is visible

2023-07-04 00:13:31 - [TEST_STEP][PASSED] - verifyElementVisible(findTestObject("Transaction/Withdraw history/th_Status")): Object 'Object Repository/Transaction/Withdraw history/th_Status' is visible

2023-07-04 00:13:32 - [MESSAGE][PASSED] - Object 'Object Repository/Transaction/Withdraw history/th_Status' is visible

2023-07-04 00:13:32 - [TEST_STEP][PASSED] - verifyElementVisible(findTestObject("Transaction/Withdraw history/th_Remarks")): Object 'Object Repository/Transaction/Withdraw history/th_Remarks' is visible

2023-07-04 00:13:32 - [MESSAGE][PASSED] - Object 'Object Repository/Transaction/Withdraw history/th_Remarks' is visible

2023-07-04 00:13:32 - [TEST_STEP][PASSED] - verifyElementVisible(findTestObject("Transaction/Withdraw history/th_Done By")): Object 'Object Repository/Transaction/Withdraw history/th_Done By' is visible

2023-07-04 00:13:32 - [MESSAGE][PASSED] - Object 'Object Repository/Transaction/Withdraw history/th_Done By' is visible

2023-07-04 00:13:32 - [TEST_STEP][PASSED] - verifyElementVisible(findTestObject("Transaction/Withdraw history/th_Receipt")): Object 'Object Repository/Transaction/Withdraw history/th_Receipt' is visible

2023-07-04 00:13:33 - [MESSAGE][PASSED] - Object 'Object Repository/Transaction/Withdraw history/th_Receipt' is visible

2023-07-04 00:13:33 - [TEST_STEP][PASSED] - verifyElementVisible(findTestObject("Transaction/Withdraw history/th_Action")): Object 'Object Repository/Transaction/Withdraw history/th_Action' is visible

2023-07-04 00:13:33 - [MESSAGE][PASSED] - Object 'Object Repository/Transaction/Withdraw history/th_Action' is visible

2023-07-04 00:13:33 - [TEST_STEP][PASSED] - verifyElementVisible(findTestObject("Transaction/Withdraw history/th_Shareholder")): Object 'Object Repository/Transaction/Withdraw history/th_Shareholder' is visible

2023-07-04 00:13:34 - [MESSAGE][PASSED] - Object 'Object Repository/Transaction/Withdraw history/th_Shareholder' is visible

2023-07-04 00:13:34 - [TEST_STEP][PASSED] - verifyElementVisible(findTestObject("Transaction/Withdraw history/th_Main")): Object 'Object Repository/Transaction/Withdraw history/th_Main' is visible

2023-07-04 00:13:34 - [MESSAGE][PASSED] - Object 'Object Repository/Transaction/Withdraw history/th_Main' is visible

2023-07-04 00:13:34 - [TEST_STEP][PASSED] - verifyElementVisible(findTestObject("Transaction/Withdraw history/th_Upline")): Object 'Object Repository/Transaction/Withdraw history/th_Upline' is visible

2023-07-04 00:13:34 - [MESSAGE][PASSED] - Object 'Object Repository/Transaction/Withdraw history/th_Upline' is visible

2023-07-04 00:13:34 - [TEST_STEP][PASSED] - verifyElementVisible(findTestObject("Transaction/Withdraw history/table_NoDate")): Object 'Object Repository/Transaction/Withdraw history/table_NoDate' is visible

2023-07-04 00:13:35 - [MESSAGE][PASSED] - Object 'Object Repository/Transaction/Withdraw history/table_NoDate' is visible

2023-07-04 00:13:35 - [TEST_STEP][PASSED] - com.reusableComponent.HighlightElement.run(findTestObject("Transaction/Withdraw history/li_Previous")): com.reusableComponent.HighlightElement.run is PASSED

2023-07-04 00:13:35 - [MESSAGE][PASSED] - com.reusableComponent.HighlightElement.run is PASSED

2023-07-04 00:13:35 - [TEST_STEP][PASSED] - com.reusableComponent.HighlightElement.run(findTestObject("Transaction/Withdraw history/li_Next")): com.reusableComponent.HighlightElement.run is PASSED

2023-07-04 00:13:36 - [MESSAGE][PASSED] - com.reusableComponent.HighlightElement.run is PASSED

2023-07-04 00:13:36 - [TEST_STEP][PASSED] - verifyElementVisible(findTestObject("Transaction/Withdraw history/li_Previous")): Object 'Object Repository/Transaction/Withdraw history/li_Previous' is visible

2023-07-04 00:13:36 - [MESSAGE][PASSED] - Object 'Object Repository/Transaction/Withdraw history/li_Previous' is visible

2023-07-04 00:13:36 - [TEST_STEP][PASSED] - verifyElementVisible(findTestObject("Transaction/Withdraw history/li_Next")): Object 'Object Repository/Transaction/Withdraw history/li_Next' is visible

2023-07-04 00:13:37 - [MESSAGE][PASSED] - Object 'Object Repository/Transaction/Withdraw history/li_Next' is visible]]></system-out>
         <system-err><![CDATA[]]></system-err>
      </testcase>
      <testcase name="Test Cases/Transaction/Withdraw History RMB" time="30.661" classname="Test Cases/Transaction/Withdraw History RMB" status="PASSED">
         <system-out><![CDATA[2023-07-04 00:13:37 - [TEST_CASE][PASSED] - Test Cases/Transaction/Withdraw History RMB: Test Cases/Transaction/Withdraw History RMB

2023-07-04 00:13:37 - [TEST_STEP][PASSED] - com.reusableComponent.HighlightElement.run(findTestObject("Transaction/Page_Dashboard/span_Transaction")): com.reusableComponent.HighlightElement.run is PASSED

2023-07-04 00:13:38 - [MESSAGE][PASSED] - com.reusableComponent.HighlightElement.run is PASSED

2023-07-04 00:13:38 - [TEST_STEP][PASSED] - mouseOver(findTestObject("Transaction/Page_Dashboard/span_Transaction")): Object: 'Object Repository/Transaction/Page_Dashboard/span_Transaction' is hovered

2023-07-04 00:13:38 - [MESSAGE][PASSED] - Object: 'Object Repository/Transaction/Page_Dashboard/span_Transaction' is hovered

2023-07-04 00:13:38 - [TEST_STEP][PASSED] - com.reusableComponent.HighlightElement.run(findTestObject("Transaction/Page_Dashboard/span_Withdraw history")): com.reusableComponent.HighlightElement.run is PASSED

2023-07-04 00:13:39 - [MESSAGE][PASSED] - com.reusableComponent.HighlightElement.run is PASSED

2023-07-04 00:13:39 - [TEST_STEP][PASSED] - mouseOver(findTestObject("Transaction/Page_Dashboard/span_Withdraw history")): Object: 'Object Repository/Transaction/Page_Dashboard/span_Withdraw history' is hovered

2023-07-04 00:13:39 - [MESSAGE][PASSED] - Object: 'Object Repository/Transaction/Page_Dashboard/span_Withdraw history' is hovered

2023-07-04 00:13:39 - [TEST_STEP][PASSED] - com.reusableComponent.HighlightElement.run(findTestObject("Transaction/Withdraw history/span_RMB")): com.reusableComponent.HighlightElement.run is PASSED

2023-07-04 00:13:40 - [MESSAGE][PASSED] - com.reusableComponent.HighlightElement.run is PASSED

2023-07-04 00:13:40 - [TEST_STEP][PASSED] - click(findTestObject("Transaction/Withdraw history/span_RMB")): Object: 'Object Repository/Transaction/Withdraw history/span_RMB' is clicked on

2023-07-04 00:13:42 - [MESSAGE][PASSED] - Object: 'Object Repository/Transaction/Withdraw history/span_RMB' is clicked on

2023-07-04 00:13:42 - [TEST_STEP][PASSED] - com.reusableComponent.HighlightElement.run(findTestObject("Transaction/Withdraw history/h3_Member Withdraw History")): com.reusableComponent.HighlightElement.run is PASSED

2023-07-04 00:13:43 - [MESSAGE][PASSED] - com.reusableComponent.HighlightElement.run is PASSED

2023-07-04 00:13:43 - [TEST_STEP][PASSED] - com.reusableComponent.HighlightElement.run(findTestObject("Transaction/Withdraw history/input_Date Range_form-control date_range")): com.reusableComponent.HighlightElement.run is PASSED

2023-07-04 00:13:44 - [MESSAGE][PASSED] - com.reusableComponent.HighlightElement.run is PASSED

2023-07-04 00:13:44 - [TEST_STEP][PASSED] - com.reusableComponent.HighlightElement.run(findTestObject("Transaction/Withdraw history/select_Approve")): com.reusableComponent.HighlightElement.run is PASSED

2023-07-04 00:13:44 - [MESSAGE][PASSED] - com.reusableComponent.HighlightElement.run is PASSED

2023-07-04 00:13:44 - [TEST_STEP][PASSED] - com.reusableComponent.HighlightElement.run(findTestObject("Transaction/Withdraw history/button_Search")): com.reusableComponent.HighlightElement.run is PASSED

2023-07-04 00:13:45 - [MESSAGE][PASSED] - com.reusableComponent.HighlightElement.run is PASSED

2023-07-04 00:13:45 - [TEST_STEP][PASSED] - verifyElementVisible(findTestObject("Transaction/Withdraw history/h3_Member Withdraw History")): Object 'Object Repository/Transaction/Withdraw history/h3_Member Withdraw History' is visible

2023-07-04 00:13:45 - [MESSAGE][PASSED] - Object 'Object Repository/Transaction/Withdraw history/h3_Member Withdraw History' is visible

2023-07-04 00:13:45 - [TEST_STEP][PASSED] - verifyElementVisible(findTestObject("Transaction/Withdraw history/input_Date Range_form-control date_range")): Object 'Object Repository/Transaction/Withdraw history/input_Date Range_form-control date_range' is visible

2023-07-04 00:13:46 - [MESSAGE][PASSED] - Object 'Object Repository/Transaction/Withdraw history/input_Date Range_form-control date_range' is visible

2023-07-04 00:13:46 - [TEST_STEP][PASSED] - verifyElementVisible(findTestObject("Transaction/Withdraw history/select_Approve")): Object 'Object Repository/Transaction/Withdraw history/select_Approve' is visible

2023-07-04 00:13:46 - [MESSAGE][PASSED] - Object 'Object Repository/Transaction/Withdraw history/select_Approve' is visible

2023-07-04 00:13:46 - [TEST_STEP][PASSED] - verifyElementVisible(findTestObject("Transaction/Withdraw history/button_Search")): Object 'Object Repository/Transaction/Withdraw history/button_Search' is visible

2023-07-04 00:13:47 - [MESSAGE][PASSED] - Object 'Object Repository/Transaction/Withdraw history/button_Search' is visible

2023-07-04 00:13:47 - [TEST_STEP][PASSED] - com.reusableComponent.HighlightElement.run(findTestObject("Transaction/Withdraw history/select_1050100200All")): com.reusableComponent.HighlightElement.run is PASSED

2023-07-04 00:13:47 - [MESSAGE][PASSED] - com.reusableComponent.HighlightElement.run is PASSED

2023-07-04 00:13:47 - [TEST_STEP][PASSED] - com.reusableComponent.HighlightElement.run(findTestObject("Transaction/Withdraw history/span_Copy")): com.reusableComponent.HighlightElement.run is PASSED

2023-07-04 00:13:48 - [MESSAGE][PASSED] - com.reusableComponent.HighlightElement.run is PASSED

2023-07-04 00:13:48 - [TEST_STEP][PASSED] - com.reusableComponent.HighlightElement.run(findTestObject("Transaction/Withdraw history/span_CSV")): com.reusableComponent.HighlightElement.run is PASSED

2023-07-04 00:13:48 - [MESSAGE][PASSED] - com.reusableComponent.HighlightElement.run is PASSED

2023-07-04 00:13:48 - [TEST_STEP][PASSED] - com.reusableComponent.HighlightElement.run(findTestObject("Transaction/Withdraw history/span_Excel")): com.reusableComponent.HighlightElement.run is PASSED

2023-07-04 00:13:49 - [MESSAGE][PASSED] - com.reusableComponent.HighlightElement.run is PASSED

2023-07-04 00:13:49 - [TEST_STEP][PASSED] - com.reusableComponent.HighlightElement.run(findTestObject("Transaction/Withdraw history/span_PDF")): com.reusableComponent.HighlightElement.run is PASSED

2023-07-04 00:13:49 - [MESSAGE][PASSED] - com.reusableComponent.HighlightElement.run is PASSED

2023-07-04 00:13:49 - [TEST_STEP][PASSED] - com.reusableComponent.HighlightElement.run(findTestObject("Transaction/Withdraw history/input_Search_form-control form-control-sm")): com.reusableComponent.HighlightElement.run is PASSED

2023-07-04 00:13:50 - [MESSAGE][PASSED] - com.reusableComponent.HighlightElement.run is PASSED

2023-07-04 00:13:50 - [TEST_STEP][PASSED] - verifyElementVisible(findTestObject("Transaction/Withdraw history/select_1050100200All")): Object 'Object Repository/Transaction/Withdraw history/select_1050100200All' is visible

2023-07-04 00:13:50 - [MESSAGE][PASSED] - Object 'Object Repository/Transaction/Withdraw history/select_1050100200All' is visible

2023-07-04 00:13:50 - [TEST_STEP][PASSED] - verifyElementVisible(findTestObject("Transaction/Withdraw history/span_Copy")): Object 'Object Repository/Transaction/Withdraw history/span_Copy' is visible

2023-07-04 00:13:50 - [MESSAGE][PASSED] - Object 'Object Repository/Transaction/Withdraw history/span_Copy' is visible

2023-07-04 00:13:50 - [TEST_STEP][PASSED] - verifyElementVisible(findTestObject("Transaction/Withdraw history/span_CSV")): Object 'Object Repository/Transaction/Withdraw history/span_CSV' is visible

2023-07-04 00:13:51 - [MESSAGE][PASSED] - Object 'Object Repository/Transaction/Withdraw history/span_CSV' is visible

2023-07-04 00:13:51 - [TEST_STEP][PASSED] - verifyElementVisible(findTestObject("Transaction/Withdraw history/span_Excel")): Object 'Object Repository/Transaction/Withdraw history/span_Excel' is visible

2023-07-04 00:13:51 - [MESSAGE][PASSED] - Object 'Object Repository/Transaction/Withdraw history/span_Excel' is visible

2023-07-04 00:13:51 - [TEST_STEP][PASSED] - verifyElementVisible(findTestObject("Transaction/Withdraw history/span_PDF")): Object 'Object Repository/Transaction/Withdraw history/span_PDF' is visible

2023-07-04 00:13:52 - [MESSAGE][PASSED] - Object 'Object Repository/Transaction/Withdraw history/span_PDF' is visible

2023-07-04 00:13:52 - [TEST_STEP][PASSED] - verifyElementVisible(findTestObject("Transaction/Withdraw history/input_Search_form-control form-control-sm")): Object 'Object Repository/Transaction/Withdraw history/input_Search_form-control form-control-sm' is visible

2023-07-04 00:13:52 - [MESSAGE][PASSED] - Object 'Object Repository/Transaction/Withdraw history/input_Search_form-control form-control-sm' is visible

2023-07-04 00:13:52 - [TEST_STEP][PASSED] - com.reusableComponent.HighlightElement.run(findTestObject("Transaction/Withdraw history/th_No")): com.reusableComponent.HighlightElement.run is PASSED

2023-07-04 00:13:52 - [MESSAGE][PASSED] - com.reusableComponent.HighlightElement.run is PASSED

2023-07-04 00:13:52 - [TEST_STEP][PASSED] - com.reusableComponent.HighlightElement.run(findTestObject("Transaction/Withdraw history/th_Date Time")): com.reusableComponent.HighlightElement.run is PASSED

2023-07-04 00:13:53 - [MESSAGE][PASSED] - com.reusableComponent.HighlightElement.run is PASSED

2023-07-04 00:13:53 - [TEST_STEP][PASSED] - com.reusableComponent.HighlightElement.run(findTestObject("Transaction/Withdraw history/th_Update Time")): com.reusableComponent.HighlightElement.run is PASSED

2023-07-04 00:13:53 - [MESSAGE][PASSED] - com.reusableComponent.HighlightElement.run is PASSED

2023-07-04 00:13:53 - [TEST_STEP][PASSED] - com.reusableComponent.HighlightElement.run(findTestObject("Transaction/Withdraw history/th_Trade Code")): com.reusableComponent.HighlightElement.run is PASSED

2023-07-04 00:13:54 - [MESSAGE][PASSED] - com.reusableComponent.HighlightElement.run is PASSED

2023-07-04 00:13:54 - [TEST_STEP][PASSED] - com.reusableComponent.HighlightElement.run(findTestObject("Transaction/Withdraw history/th_Login Account")): com.reusableComponent.HighlightElement.run is PASSED

2023-07-04 00:13:54 - [MESSAGE][PASSED] - com.reusableComponent.HighlightElement.run is PASSED

2023-07-04 00:13:54 - [TEST_STEP][PASSED] - com.reusableComponent.HighlightElement.run(findTestObject("Transaction/Withdraw history/th_Currency")): com.reusableComponent.HighlightElement.run is PASSED

2023-07-04 00:13:55 - [MESSAGE][PASSED] - com.reusableComponent.HighlightElement.run is PASSED

2023-07-04 00:13:55 - [TEST_STEP][PASSED] - com.reusableComponent.HighlightElement.run(findTestObject("Transaction/Withdraw history/th_Amount")): com.reusableComponent.HighlightElement.run is PASSED

2023-07-04 00:13:55 - [MESSAGE][PASSED] - com.reusableComponent.HighlightElement.run is PASSED

2023-07-04 00:13:55 - [TEST_STEP][PASSED] - com.reusableComponent.HighlightElement.run(findTestObject("Transaction/Withdraw history/th_Status")): com.reusableComponent.HighlightElement.run is PASSED

2023-07-04 00:13:56 - [MESSAGE][PASSED] - com.reusableComponent.HighlightElement.run is PASSED

2023-07-04 00:13:56 - [TEST_STEP][PASSED] - com.reusableComponent.HighlightElement.run(findTestObject("Transaction/Withdraw history/th_Remarks")): com.reusableComponent.HighlightElement.run is PASSED

2023-07-04 00:13:56 - [MESSAGE][PASSED] - com.reusableComponent.HighlightElement.run is PASSED

2023-07-04 00:13:56 - [TEST_STEP][PASSED] - com.reusableComponent.HighlightElement.run(findTestObject("Transaction/Withdraw history/th_Done By")): com.reusableComponent.HighlightElement.run is PASSED

2023-07-04 00:13:56 - [MESSAGE][PASSED] - com.reusableComponent.HighlightElement.run is PASSED

2023-07-04 00:13:56 - [TEST_STEP][PASSED] - com.reusableComponent.HighlightElement.run(findTestObject("Transaction/Withdraw history/th_Receipt")): com.reusableComponent.HighlightElement.run is PASSED

2023-07-04 00:13:57 - [MESSAGE][PASSED] - com.reusableComponent.HighlightElement.run is PASSED

2023-07-04 00:13:57 - [TEST_STEP][PASSED] - com.reusableComponent.HighlightElement.run(findTestObject("Transaction/Withdraw history/th_Action")): com.reusableComponent.HighlightElement.run is PASSED

2023-07-04 00:13:57 - [MESSAGE][PASSED] - com.reusableComponent.HighlightElement.run is PASSED

2023-07-04 00:13:57 - [TEST_STEP][PASSED] - com.reusableComponent.HighlightElement.run(findTestObject("Transaction/Withdraw history/th_Shareholder")): com.reusableComponent.HighlightElement.run is PASSED

2023-07-04 00:13:58 - [MESSAGE][PASSED] - com.reusableComponent.HighlightElement.run is PASSED

2023-07-04 00:13:58 - [TEST_STEP][PASSED] - com.reusableComponent.HighlightElement.run(findTestObject("Transaction/Withdraw history/th_Main")): com.reusableComponent.HighlightElement.run is PASSED

2023-07-04 00:13:58 - [MESSAGE][PASSED] - com.reusableComponent.HighlightElement.run is PASSED

2023-07-04 00:13:58 - [TEST_STEP][PASSED] - com.reusableComponent.HighlightElement.run(findTestObject("Transaction/Withdraw history/th_Upline")): com.reusableComponent.HighlightElement.run is PASSED

2023-07-04 00:13:59 - [MESSAGE][PASSED] - com.reusableComponent.HighlightElement.run is PASSED

2023-07-04 00:13:59 - [TEST_STEP][PASSED] - com.reusableComponent.HighlightElement.run(findTestObject("Transaction/Withdraw history/table_NoDate")): com.reusableComponent.HighlightElement.run is PASSED

2023-07-04 00:13:59 - [MESSAGE][PASSED] - com.reusableComponent.HighlightElement.run is PASSED

2023-07-04 00:13:59 - [TEST_STEP][PASSED] - verifyElementVisible(findTestObject("Transaction/Withdraw history/th_No")): Object 'Object Repository/Transaction/Withdraw history/th_No' is visible

2023-07-04 00:14:00 - [MESSAGE][PASSED] - Object 'Object Repository/Transaction/Withdraw history/th_No' is visible

2023-07-04 00:14:00 - [TEST_STEP][PASSED] - verifyElementVisible(findTestObject("Transaction/Withdraw history/th_Date Time")): Object 'Object Repository/Transaction/Withdraw history/th_Date Time' is visible

2023-07-04 00:14:00 - [MESSAGE][PASSED] - Object 'Object Repository/Transaction/Withdraw history/th_Date Time' is visible

2023-07-04 00:14:00 - [TEST_STEP][PASSED] - verifyElementVisible(findTestObject("Transaction/Withdraw history/th_Update Time")): Object 'Object Repository/Transaction/Withdraw history/th_Update Time' is visible

2023-07-04 00:14:00 - [MESSAGE][PASSED] - Object 'Object Repository/Transaction/Withdraw history/th_Update Time' is visible

2023-07-04 00:14:00 - [TEST_STEP][PASSED] - verifyElementVisible(findTestObject("Transaction/Withdraw history/th_Trade Code")): Object 'Object Repository/Transaction/Withdraw history/th_Trade Code' is visible

2023-07-04 00:14:01 - [MESSAGE][PASSED] - Object 'Object Repository/Transaction/Withdraw history/th_Trade Code' is visible

2023-07-04 00:14:01 - [TEST_STEP][PASSED] - verifyElementVisible(findTestObject("Transaction/Withdraw history/th_Login Account")): Object 'Object Repository/Transaction/Withdraw history/th_Login Account' is visible

2023-07-04 00:14:01 - [MESSAGE][PASSED] - Object 'Object Repository/Transaction/Withdraw history/th_Login Account' is visible

2023-07-04 00:14:01 - [TEST_STEP][PASSED] - verifyElementVisible(findTestObject("Transaction/Withdraw history/th_Currency")): Object 'Object Repository/Transaction/Withdraw history/th_Currency' is visible

2023-07-04 00:14:02 - [MESSAGE][PASSED] - Object 'Object Repository/Transaction/Withdraw history/th_Currency' is visible

2023-07-04 00:14:02 - [TEST_STEP][PASSED] - verifyElementVisible(findTestObject("Transaction/Withdraw history/th_Amount")): Object 'Object Repository/Transaction/Withdraw history/th_Amount' is visible

2023-07-04 00:14:02 - [MESSAGE][PASSED] - Object 'Object Repository/Transaction/Withdraw history/th_Amount' is visible

2023-07-04 00:14:02 - [TEST_STEP][PASSED] - verifyElementVisible(findTestObject("Transaction/Withdraw history/th_Status")): Object 'Object Repository/Transaction/Withdraw history/th_Status' is visible

2023-07-04 00:14:02 - [MESSAGE][PASSED] - Object 'Object Repository/Transaction/Withdraw history/th_Status' is visible

2023-07-04 00:14:02 - [TEST_STEP][PASSED] - verifyElementVisible(findTestObject("Transaction/Withdraw history/th_Remarks")): Object 'Object Repository/Transaction/Withdraw history/th_Remarks' is visible

2023-07-04 00:14:03 - [MESSAGE][PASSED] - Object 'Object Repository/Transaction/Withdraw history/th_Remarks' is visible

2023-07-04 00:14:03 - [TEST_STEP][PASSED] - verifyElementVisible(findTestObject("Transaction/Withdraw history/th_Done By")): Object 'Object Repository/Transaction/Withdraw history/th_Done By' is visible

2023-07-04 00:14:03 - [MESSAGE][PASSED] - Object 'Object Repository/Transaction/Withdraw history/th_Done By' is visible

2023-07-04 00:14:03 - [TEST_STEP][PASSED] - verifyElementVisible(findTestObject("Transaction/Withdraw history/th_Receipt")): Object 'Object Repository/Transaction/Withdraw history/th_Receipt' is visible

2023-07-04 00:14:04 - [MESSAGE][PASSED] - Object 'Object Repository/Transaction/Withdraw history/th_Receipt' is visible

2023-07-04 00:14:04 - [TEST_STEP][PASSED] - verifyElementVisible(findTestObject("Transaction/Withdraw history/th_Action")): Object 'Object Repository/Transaction/Withdraw history/th_Action' is visible

2023-07-04 00:14:04 - [MESSAGE][PASSED] - Object 'Object Repository/Transaction/Withdraw history/th_Action' is visible

2023-07-04 00:14:04 - [TEST_STEP][PASSED] - verifyElementVisible(findTestObject("Transaction/Withdraw history/th_Shareholder")): Object 'Object Repository/Transaction/Withdraw history/th_Shareholder' is visible

2023-07-04 00:14:04 - [MESSAGE][PASSED] - Object 'Object Repository/Transaction/Withdraw history/th_Shareholder' is visible

2023-07-04 00:14:04 - [TEST_STEP][PASSED] - verifyElementVisible(findTestObject("Transaction/Withdraw history/th_Main")): Object 'Object Repository/Transaction/Withdraw history/th_Main' is visible

2023-07-04 00:14:05 - [MESSAGE][PASSED] - Object 'Object Repository/Transaction/Withdraw history/th_Main' is visible

2023-07-04 00:14:05 - [TEST_STEP][PASSED] - verifyElementVisible(findTestObject("Transaction/Withdraw history/th_Upline")): Object 'Object Repository/Transaction/Withdraw history/th_Upline' is visible

2023-07-04 00:14:05 - [MESSAGE][PASSED] - Object 'Object Repository/Transaction/Withdraw history/th_Upline' is visible

2023-07-04 00:14:05 - [TEST_STEP][PASSED] - verifyElementVisible(findTestObject("Transaction/Withdraw history/table_NoDate")): Object 'Object Repository/Transaction/Withdraw history/table_NoDate' is visible

2023-07-04 00:14:05 - [MESSAGE][PASSED] - Object 'Object Repository/Transaction/Withdraw history/table_NoDate' is visible

2023-07-04 00:14:05 - [TEST_STEP][PASSED] - com.reusableComponent.HighlightElement.run(findTestObject("Transaction/Withdraw history/li_Previous")): com.reusableComponent.HighlightElement.run is PASSED

2023-07-04 00:14:06 - [MESSAGE][PASSED] - com.reusableComponent.HighlightElement.run is PASSED

2023-07-04 00:14:06 - [TEST_STEP][PASSED] - com.reusableComponent.HighlightElement.run(findTestObject("Transaction/Withdraw history/li_Next")): com.reusableComponent.HighlightElement.run is PASSED

2023-07-04 00:14:06 - [MESSAGE][PASSED] - com.reusableComponent.HighlightElement.run is PASSED

2023-07-04 00:14:06 - [TEST_STEP][PASSED] - verifyElementVisible(findTestObject("Transaction/Withdraw history/li_Previous")): Object 'Object Repository/Transaction/Withdraw history/li_Previous' is visible

2023-07-04 00:14:07 - [MESSAGE][PASSED] - Object 'Object Repository/Transaction/Withdraw history/li_Previous' is visible

2023-07-04 00:14:07 - [TEST_STEP][PASSED] - verifyElementVisible(findTestObject("Transaction/Withdraw history/li_Next")): Object 'Object Repository/Transaction/Withdraw history/li_Next' is visible

2023-07-04 00:14:07 - [MESSAGE][PASSED] - Object 'Object Repository/Transaction/Withdraw history/li_Next' is visible]]></system-out>
         <system-err><![CDATA[]]></system-err>
      </testcase>
      <testcase name="Test Cases/Transaction/Withdraw History USD" time="30.315" classname="Test Cases/Transaction/Withdraw History USD" status="PASSED">
         <system-out><![CDATA[2023-07-04 00:14:07 - [TEST_CASE][PASSED] - Test Cases/Transaction/Withdraw History USD: Test Cases/Transaction/Withdraw History USD

2023-07-04 00:14:08 - [TEST_STEP][PASSED] - com.reusableComponent.HighlightElement.run(findTestObject("Transaction/Page_Dashboard/span_Transaction")): com.reusableComponent.HighlightElement.run is PASSED

2023-07-04 00:14:08 - [MESSAGE][PASSED] - com.reusableComponent.HighlightElement.run is PASSED

2023-07-04 00:14:08 - [TEST_STEP][PASSED] - mouseOver(findTestObject("Transaction/Page_Dashboard/span_Transaction")): Object: 'Object Repository/Transaction/Page_Dashboard/span_Transaction' is hovered

2023-07-04 00:14:09 - [MESSAGE][PASSED] - Object: 'Object Repository/Transaction/Page_Dashboard/span_Transaction' is hovered

2023-07-04 00:14:09 - [TEST_STEP][PASSED] - com.reusableComponent.HighlightElement.run(findTestObject("Transaction/Page_Dashboard/span_Withdraw history")): com.reusableComponent.HighlightElement.run is PASSED

2023-07-04 00:14:09 - [MESSAGE][PASSED] - com.reusableComponent.HighlightElement.run is PASSED

2023-07-04 00:14:09 - [TEST_STEP][PASSED] - mouseOver(findTestObject("Transaction/Page_Dashboard/span_Withdraw history")): Object: 'Object Repository/Transaction/Page_Dashboard/span_Withdraw history' is hovered

2023-07-04 00:14:10 - [MESSAGE][PASSED] - Object: 'Object Repository/Transaction/Page_Dashboard/span_Withdraw history' is hovered

2023-07-04 00:14:10 - [TEST_STEP][PASSED] - com.reusableComponent.HighlightElement.run(findTestObject("Transaction/Withdraw history/span_USD")): com.reusableComponent.HighlightElement.run is PASSED

2023-07-04 00:14:10 - [MESSAGE][PASSED] - com.reusableComponent.HighlightElement.run is PASSED

2023-07-04 00:14:10 - [TEST_STEP][PASSED] - click(findTestObject("Transaction/Withdraw history/span_USD")): Object: 'Object Repository/Transaction/Withdraw history/span_USD' is clicked on

2023-07-04 00:14:12 - [MESSAGE][PASSED] - Object: 'Object Repository/Transaction/Withdraw history/span_USD' is clicked on

2023-07-04 00:14:12 - [TEST_STEP][PASSED] - com.reusableComponent.HighlightElement.run(findTestObject("Transaction/Withdraw history/h3_Member Withdraw History")): com.reusableComponent.HighlightElement.run is PASSED

2023-07-04 00:14:13 - [MESSAGE][PASSED] - com.reusableComponent.HighlightElement.run is PASSED

2023-07-04 00:14:13 - [TEST_STEP][PASSED] - com.reusableComponent.HighlightElement.run(findTestObject("Transaction/Withdraw history/input_Date Range_form-control date_range")): com.reusableComponent.HighlightElement.run is PASSED

2023-07-04 00:14:14 - [MESSAGE][PASSED] - com.reusableComponent.HighlightElement.run is PASSED

2023-07-04 00:14:14 - [TEST_STEP][PASSED] - com.reusableComponent.HighlightElement.run(findTestObject("Transaction/Withdraw history/select_Approve")): com.reusableComponent.HighlightElement.run is PASSED

2023-07-04 00:14:14 - [MESSAGE][PASSED] - com.reusableComponent.HighlightElement.run is PASSED

2023-07-04 00:14:14 - [TEST_STEP][PASSED] - com.reusableComponent.HighlightElement.run(findTestObject("Transaction/Withdraw history/button_Search")): com.reusableComponent.HighlightElement.run is PASSED

2023-07-04 00:14:15 - [MESSAGE][PASSED] - com.reusableComponent.HighlightElement.run is PASSED

2023-07-04 00:14:15 - [TEST_STEP][PASSED] - verifyElementVisible(findTestObject("Transaction/Withdraw history/h3_Member Withdraw History")): Object 'Object Repository/Transaction/Withdraw history/h3_Member Withdraw History' is visible

2023-07-04 00:14:15 - [MESSAGE][PASSED] - Object 'Object Repository/Transaction/Withdraw history/h3_Member Withdraw History' is visible

2023-07-04 00:14:15 - [TEST_STEP][PASSED] - verifyElementVisible(findTestObject("Transaction/Withdraw history/input_Date Range_form-control date_range")): Object 'Object Repository/Transaction/Withdraw history/input_Date Range_form-control date_range' is visible

2023-07-04 00:14:16 - [MESSAGE][PASSED] - Object 'Object Repository/Transaction/Withdraw history/input_Date Range_form-control date_range' is visible

2023-07-04 00:14:16 - [TEST_STEP][PASSED] - verifyElementVisible(findTestObject("Transaction/Withdraw history/select_Approve")): Object 'Object Repository/Transaction/Withdraw history/select_Approve' is visible

2023-07-04 00:14:16 - [MESSAGE][PASSED] - Object 'Object Repository/Transaction/Withdraw history/select_Approve' is visible

2023-07-04 00:14:16 - [TEST_STEP][PASSED] - verifyElementVisible(findTestObject("Transaction/Withdraw history/button_Search")): Object 'Object Repository/Transaction/Withdraw history/button_Search' is visible

2023-07-04 00:14:16 - [MESSAGE][PASSED] - Object 'Object Repository/Transaction/Withdraw history/button_Search' is visible

2023-07-04 00:14:16 - [TEST_STEP][PASSED] - com.reusableComponent.HighlightElement.run(findTestObject("Transaction/Withdraw history/select_1050100200All")): com.reusableComponent.HighlightElement.run is PASSED

2023-07-04 00:14:17 - [MESSAGE][PASSED] - com.reusableComponent.HighlightElement.run is PASSED

2023-07-04 00:14:17 - [TEST_STEP][PASSED] - com.reusableComponent.HighlightElement.run(findTestObject("Transaction/Withdraw history/span_Copy")): com.reusableComponent.HighlightElement.run is PASSED

2023-07-04 00:14:17 - [MESSAGE][PASSED] - com.reusableComponent.HighlightElement.run is PASSED

2023-07-04 00:14:17 - [TEST_STEP][PASSED] - com.reusableComponent.HighlightElement.run(findTestObject("Transaction/Withdraw history/span_CSV")): com.reusableComponent.HighlightElement.run is PASSED

2023-07-04 00:14:18 - [MESSAGE][PASSED] - com.reusableComponent.HighlightElement.run is PASSED

2023-07-04 00:14:18 - [TEST_STEP][PASSED] - com.reusableComponent.HighlightElement.run(findTestObject("Transaction/Withdraw history/span_Excel")): com.reusableComponent.HighlightElement.run is PASSED

2023-07-04 00:14:18 - [MESSAGE][PASSED] - com.reusableComponent.HighlightElement.run is PASSED

2023-07-04 00:14:18 - [TEST_STEP][PASSED] - com.reusableComponent.HighlightElement.run(findTestObject("Transaction/Withdraw history/span_PDF")): com.reusableComponent.HighlightElement.run is PASSED

2023-07-04 00:14:19 - [MESSAGE][PASSED] - com.reusableComponent.HighlightElement.run is PASSED

2023-07-04 00:14:19 - [TEST_STEP][PASSED] - com.reusableComponent.HighlightElement.run(findTestObject("Transaction/Withdraw history/input_Search_form-control form-control-sm")): com.reusableComponent.HighlightElement.run is PASSED

2023-07-04 00:14:20 - [MESSAGE][PASSED] - com.reusableComponent.HighlightElement.run is PASSED

2023-07-04 00:14:20 - [TEST_STEP][PASSED] - verifyElementVisible(findTestObject("Transaction/Withdraw history/select_1050100200All")): Object 'Object Repository/Transaction/Withdraw history/select_1050100200All' is visible

2023-07-04 00:14:20 - [MESSAGE][PASSED] - Object 'Object Repository/Transaction/Withdraw history/select_1050100200All' is visible

2023-07-04 00:14:20 - [TEST_STEP][PASSED] - verifyElementVisible(findTestObject("Transaction/Withdraw history/span_Copy")): Object 'Object Repository/Transaction/Withdraw history/span_Copy' is visible

2023-07-04 00:14:20 - [MESSAGE][PASSED] - Object 'Object Repository/Transaction/Withdraw history/span_Copy' is visible

2023-07-04 00:14:20 - [TEST_STEP][PASSED] - verifyElementVisible(findTestObject("Transaction/Withdraw history/span_CSV")): Object 'Object Repository/Transaction/Withdraw history/span_CSV' is visible

2023-07-04 00:14:21 - [MESSAGE][PASSED] - Object 'Object Repository/Transaction/Withdraw history/span_CSV' is visible

2023-07-04 00:14:21 - [TEST_STEP][PASSED] - verifyElementVisible(findTestObject("Transaction/Withdraw history/span_Excel")): Object 'Object Repository/Transaction/Withdraw history/span_Excel' is visible

2023-07-04 00:14:21 - [MESSAGE][PASSED] - Object 'Object Repository/Transaction/Withdraw history/span_Excel' is visible

2023-07-04 00:14:21 - [TEST_STEP][PASSED] - verifyElementVisible(findTestObject("Transaction/Withdraw history/span_PDF")): Object 'Object Repository/Transaction/Withdraw history/span_PDF' is visible

2023-07-04 00:14:22 - [MESSAGE][PASSED] - Object 'Object Repository/Transaction/Withdraw history/span_PDF' is visible

2023-07-04 00:14:22 - [TEST_STEP][PASSED] - verifyElementVisible(findTestObject("Transaction/Withdraw history/input_Search_form-control form-control-sm")): Object 'Object Repository/Transaction/Withdraw history/input_Search_form-control form-control-sm' is visible

2023-07-04 00:14:22 - [MESSAGE][PASSED] - Object 'Object Repository/Transaction/Withdraw history/input_Search_form-control form-control-sm' is visible

2023-07-04 00:14:22 - [TEST_STEP][PASSED] - com.reusableComponent.HighlightElement.run(findTestObject("Transaction/Withdraw history/th_No")): com.reusableComponent.HighlightElement.run is PASSED

2023-07-04 00:14:23 - [MESSAGE][PASSED] - com.reusableComponent.HighlightElement.run is PASSED

2023-07-04 00:14:23 - [TEST_STEP][PASSED] - com.reusableComponent.HighlightElement.run(findTestObject("Transaction/Withdraw history/th_Date Time")): com.reusableComponent.HighlightElement.run is PASSED

2023-07-04 00:14:23 - [MESSAGE][PASSED] - com.reusableComponent.HighlightElement.run is PASSED

2023-07-04 00:14:23 - [TEST_STEP][PASSED] - com.reusableComponent.HighlightElement.run(findTestObject("Transaction/Withdraw history/th_Update Time")): com.reusableComponent.HighlightElement.run is PASSED

2023-07-04 00:14:23 - [MESSAGE][PASSED] - com.reusableComponent.HighlightElement.run is PASSED

2023-07-04 00:14:23 - [TEST_STEP][PASSED] - com.reusableComponent.HighlightElement.run(findTestObject("Transaction/Withdraw history/th_Trade Code")): com.reusableComponent.HighlightElement.run is PASSED

2023-07-04 00:14:24 - [MESSAGE][PASSED] - com.reusableComponent.HighlightElement.run is PASSED

2023-07-04 00:14:24 - [TEST_STEP][PASSED] - com.reusableComponent.HighlightElement.run(findTestObject("Transaction/Withdraw history/th_Login Account")): com.reusableComponent.HighlightElement.run is PASSED

2023-07-04 00:14:24 - [MESSAGE][PASSED] - com.reusableComponent.HighlightElement.run is PASSED

2023-07-04 00:14:24 - [TEST_STEP][PASSED] - com.reusableComponent.HighlightElement.run(findTestObject("Transaction/Withdraw history/th_Currency")): com.reusableComponent.HighlightElement.run is PASSED

2023-07-04 00:14:25 - [MESSAGE][PASSED] - com.reusableComponent.HighlightElement.run is PASSED

2023-07-04 00:14:25 - [TEST_STEP][PASSED] - com.reusableComponent.HighlightElement.run(findTestObject("Transaction/Withdraw history/th_Amount")): com.reusableComponent.HighlightElement.run is PASSED

2023-07-04 00:14:25 - [MESSAGE][PASSED] - com.reusableComponent.HighlightElement.run is PASSED

2023-07-04 00:14:25 - [TEST_STEP][PASSED] - com.reusableComponent.HighlightElement.run(findTestObject("Transaction/Withdraw history/th_Status")): com.reusableComponent.HighlightElement.run is PASSED

2023-07-04 00:14:26 - [MESSAGE][PASSED] - com.reusableComponent.HighlightElement.run is PASSED

2023-07-04 00:14:26 - [TEST_STEP][PASSED] - com.reusableComponent.HighlightElement.run(findTestObject("Transaction/Withdraw history/th_Remarks")): com.reusableComponent.HighlightElement.run is PASSED

2023-07-04 00:14:26 - [MESSAGE][PASSED] - com.reusableComponent.HighlightElement.run is PASSED

2023-07-04 00:14:26 - [TEST_STEP][PASSED] - com.reusableComponent.HighlightElement.run(findTestObject("Transaction/Withdraw history/th_Done By")): com.reusableComponent.HighlightElement.run is PASSED

2023-07-04 00:14:27 - [MESSAGE][PASSED] - com.reusableComponent.HighlightElement.run is PASSED

2023-07-04 00:14:27 - [TEST_STEP][PASSED] - com.reusableComponent.HighlightElement.run(findTestObject("Transaction/Withdraw history/th_Receipt")): com.reusableComponent.HighlightElement.run is PASSED

2023-07-04 00:14:27 - [MESSAGE][PASSED] - com.reusableComponent.HighlightElement.run is PASSED

2023-07-04 00:14:27 - [TEST_STEP][PASSED] - com.reusableComponent.HighlightElement.run(findTestObject("Transaction/Withdraw history/th_Action")): com.reusableComponent.HighlightElement.run is PASSED

2023-07-04 00:14:27 - [MESSAGE][PASSED] - com.reusableComponent.HighlightElement.run is PASSED

2023-07-04 00:14:27 - [TEST_STEP][PASSED] - com.reusableComponent.HighlightElement.run(findTestObject("Transaction/Withdraw history/th_Shareholder")): com.reusableComponent.HighlightElement.run is PASSED

2023-07-04 00:14:28 - [MESSAGE][PASSED] - com.reusableComponent.HighlightElement.run is PASSED

2023-07-04 00:14:28 - [TEST_STEP][PASSED] - com.reusableComponent.HighlightElement.run(findTestObject("Transaction/Withdraw history/th_Main")): com.reusableComponent.HighlightElement.run is PASSED

2023-07-04 00:14:28 - [MESSAGE][PASSED] - com.reusableComponent.HighlightElement.run is PASSED

2023-07-04 00:14:28 - [TEST_STEP][PASSED] - com.reusableComponent.HighlightElement.run(findTestObject("Transaction/Withdraw history/th_Upline")): com.reusableComponent.HighlightElement.run is PASSED

2023-07-04 00:14:29 - [MESSAGE][PASSED] - com.reusableComponent.HighlightElement.run is PASSED

2023-07-04 00:14:29 - [TEST_STEP][PASSED] - com.reusableComponent.HighlightElement.run(findTestObject("Transaction/Withdraw history/table_NoDate")): com.reusableComponent.HighlightElement.run is PASSED

2023-07-04 00:14:29 - [MESSAGE][PASSED] - com.reusableComponent.HighlightElement.run is PASSED

2023-07-04 00:14:29 - [TEST_STEP][PASSED] - verifyElementVisible(findTestObject("Transaction/Withdraw history/th_No")): Object 'Object Repository/Transaction/Withdraw history/th_No' is visible

2023-07-04 00:14:30 - [MESSAGE][PASSED] - Object 'Object Repository/Transaction/Withdraw history/th_No' is visible

2023-07-04 00:14:30 - [TEST_STEP][PASSED] - verifyElementVisible(findTestObject("Transaction/Withdraw history/th_Date Time")): Object 'Object Repository/Transaction/Withdraw history/th_Date Time' is visible

2023-07-04 00:14:30 - [MESSAGE][PASSED] - Object 'Object Repository/Transaction/Withdraw history/th_Date Time' is visible

2023-07-04 00:14:30 - [TEST_STEP][PASSED] - verifyElementVisible(findTestObject("Transaction/Withdraw history/th_Update Time")): Object 'Object Repository/Transaction/Withdraw history/th_Update Time' is visible

2023-07-04 00:14:30 - [MESSAGE][PASSED] - Object 'Object Repository/Transaction/Withdraw history/th_Update Time' is visible

2023-07-04 00:14:30 - [TEST_STEP][PASSED] - verifyElementVisible(findTestObject("Transaction/Withdraw history/th_Trade Code")): Object 'Object Repository/Transaction/Withdraw history/th_Trade Code' is visible

2023-07-04 00:14:31 - [MESSAGE][PASSED] - Object 'Object Repository/Transaction/Withdraw history/th_Trade Code' is visible

2023-07-04 00:14:31 - [TEST_STEP][PASSED] - verifyElementVisible(findTestObject("Transaction/Withdraw history/th_Login Account")): Object 'Object Repository/Transaction/Withdraw history/th_Login Account' is visible

2023-07-04 00:14:31 - [MESSAGE][PASSED] - Object 'Object Repository/Transaction/Withdraw history/th_Login Account' is visible

2023-07-04 00:14:31 - [TEST_STEP][PASSED] - verifyElementVisible(findTestObject("Transaction/Withdraw history/th_Currency")): Object 'Object Repository/Transaction/Withdraw history/th_Currency' is visible

2023-07-04 00:14:32 - [MESSAGE][PASSED] - Object 'Object Repository/Transaction/Withdraw history/th_Currency' is visible

2023-07-04 00:14:32 - [TEST_STEP][PASSED] - verifyElementVisible(findTestObject("Transaction/Withdraw history/th_Amount")): Object 'Object Repository/Transaction/Withdraw history/th_Amount' is visible

2023-07-04 00:14:32 - [MESSAGE][PASSED] - Object 'Object Repository/Transaction/Withdraw history/th_Amount' is visible

2023-07-04 00:14:32 - [TEST_STEP][PASSED] - verifyElementVisible(findTestObject("Transaction/Withdraw history/th_Status")): Object 'Object Repository/Transaction/Withdraw history/th_Status' is visible

2023-07-04 00:14:32 - [MESSAGE][PASSED] - Object 'Object Repository/Transaction/Withdraw history/th_Status' is visible

2023-07-04 00:14:32 - [TEST_STEP][PASSED] - verifyElementVisible(findTestObject("Transaction/Withdraw history/th_Remarks")): Object 'Object Repository/Transaction/Withdraw history/th_Remarks' is visible

2023-07-04 00:14:33 - [MESSAGE][PASSED] - Object 'Object Repository/Transaction/Withdraw history/th_Remarks' is visible

2023-07-04 00:14:33 - [TEST_STEP][PASSED] - verifyElementVisible(findTestObject("Transaction/Withdraw history/th_Done By")): Object 'Object Repository/Transaction/Withdraw history/th_Done By' is visible

2023-07-04 00:14:33 - [MESSAGE][PASSED] - Object 'Object Repository/Transaction/Withdraw history/th_Done By' is visible

2023-07-04 00:14:33 - [TEST_STEP][PASSED] - verifyElementVisible(findTestObject("Transaction/Withdraw history/th_Receipt")): Object 'Object Repository/Transaction/Withdraw history/th_Receipt' is visible

2023-07-04 00:14:34 - [MESSAGE][PASSED] - Object 'Object Repository/Transaction/Withdraw history/th_Receipt' is visible

2023-07-04 00:14:34 - [TEST_STEP][PASSED] - verifyElementVisible(findTestObject("Transaction/Withdraw history/th_Action")): Object 'Object Repository/Transaction/Withdraw history/th_Action' is visible

2023-07-04 00:14:34 - [MESSAGE][PASSED] - Object 'Object Repository/Transaction/Withdraw history/th_Action' is visible

2023-07-04 00:14:34 - [TEST_STEP][PASSED] - verifyElementVisible(findTestObject("Transaction/Withdraw history/th_Shareholder")): Object 'Object Repository/Transaction/Withdraw history/th_Shareholder' is visible

2023-07-04 00:14:34 - [MESSAGE][PASSED] - Object 'Object Repository/Transaction/Withdraw history/th_Shareholder' is visible

2023-07-04 00:14:34 - [TEST_STEP][PASSED] - verifyElementVisible(findTestObject("Transaction/Withdraw history/th_Main")): Object 'Object Repository/Transaction/Withdraw history/th_Main' is visible

2023-07-04 00:14:35 - [MESSAGE][PASSED] - Object 'Object Repository/Transaction/Withdraw history/th_Main' is visible

2023-07-04 00:14:35 - [TEST_STEP][PASSED] - verifyElementVisible(findTestObject("Transaction/Withdraw history/th_Upline")): Object 'Object Repository/Transaction/Withdraw history/th_Upline' is visible

2023-07-04 00:14:35 - [MESSAGE][PASSED] - Object 'Object Repository/Transaction/Withdraw history/th_Upline' is visible

2023-07-04 00:14:35 - [TEST_STEP][PASSED] - verifyElementVisible(findTestObject("Transaction/Withdraw history/table_NoDate")): Object 'Object Repository/Transaction/Withdraw history/table_NoDate' is visible

2023-07-04 00:14:36 - [MESSAGE][PASSED] - Object 'Object Repository/Transaction/Withdraw history/table_NoDate' is visible

2023-07-04 00:14:36 - [TEST_STEP][PASSED] - com.reusableComponent.HighlightElement.run(findTestObject("Transaction/Withdraw history/li_Previous")): com.reusableComponent.HighlightElement.run is PASSED

2023-07-04 00:14:36 - [MESSAGE][PASSED] - com.reusableComponent.HighlightElement.run is PASSED

2023-07-04 00:14:36 - [TEST_STEP][PASSED] - com.reusableComponent.HighlightElement.run(findTestObject("Transaction/Withdraw history/li_Next")): com.reusableComponent.HighlightElement.run is PASSED

2023-07-04 00:14:37 - [MESSAGE][PASSED] - com.reusableComponent.HighlightElement.run is PASSED

2023-07-04 00:14:37 - [TEST_STEP][PASSED] - verifyElementVisible(findTestObject("Transaction/Withdraw history/li_Previous")): Object 'Object Repository/Transaction/Withdraw history/li_Previous' is visible

2023-07-04 00:14:37 - [MESSAGE][PASSED] - Object 'Object Repository/Transaction/Withdraw history/li_Previous' is visible

2023-07-04 00:14:37 - [TEST_STEP][PASSED] - verifyElementVisible(findTestObject("Transaction/Withdraw history/li_Next")): Object 'Object Repository/Transaction/Withdraw history/li_Next' is visible

2023-07-04 00:14:38 - [MESSAGE][PASSED] - Object 'Object Repository/Transaction/Withdraw history/li_Next' is visible]]></system-out>
         <system-err><![CDATA[]]></system-err>
      </testcase>
      <system-out><![CDATA[2023-07-04 00:10:55 - [TEST_SUITE][PASSED] - Smoke: Test Cases/Transaction/Withdraw History USD]]></system-out>
      <system-err><![CDATA[]]></system-err>
   </testsuite>
</testsuites>
