<?xml version="1.0" encoding="UTF-8"?>
<testsuites name="Smoke" time="56.958" tests="7" failures="0" errors="0">
   <testsuite name="Smoke" tests="7" failures="0" errors="0" time="56.958" skipped="0" timestamp="2023-06-13 22:35:17" hostname="hmacagba - PHPF1FXV0U.CSCMWS.CSCMWS.COM" id="Test Suites/Smoke">
      <properties>
         <property name="deviceName" value=""/>
         <property name="devicePlatform" value=""/>
         <property name="logFolder" value="C:\\Users\\hmacagba\\git\\AutomatedScripts\\Reports\\20230613_223502\\Smoke\\20230613_223502"/>
         <property name="logFiles" value="C:\\Users\\hmacagba\\git\\AutomatedScripts\\Reports\\20230613_223502\\Smoke\\20230613_223502\\execution0.log"/>
         <property name="attachments" value=""/>
         <property name="hostName" value="hmacagba - PHPF1FXV0U.CSCMWS.CSCMWS.COM"/>
         <property name="os" value="Windows 10 64bit"/>
         <property name="katalonVersion" value="8.6.5.208"/>
         <property name="browser" value="Chrome 114.0.0.0"/>
         <property name="hostAddress" value="192.168.100.24"/>
         <property name="sessionId" value="c87c45fbe9a753b3e292905fb030cace"/>
         <property name="seleniumVersion" value="3.141.59"/>
         <property name="proxyInformation" value="ProxyInformation { proxyOption=NO_PROXY, proxyServerType=HTTP, username=, password=********, proxyServerAddress=, proxyServerPort=0, executionList=&quot;&quot;, isApplyToDesiredCapabilities=true }"/>
         <property name="platform" value="Windows 10"/>
      </properties>
      <testcase name="Test Cases/User/Shareholder/Create" time="32.188" classname="Test Cases/User/Shareholder/Create" status="PASSED">
         <system-out><![CDATA[2023-06-13 22:35:17 - [TEST_CASE][PASSED] - Test Cases/User/Shareholder/Create: Test Cases/User/Shareholder/Create

2023-06-13 22:35:18 - [TEST_STEP][PASSED] - callTestCase(findTestCase("Login Admin"), [:], STOP_ON_FAILURE): Call Test Case 'Test Cases/Login Admin' successfully

2023-06-13 22:35:18 - [TEST_CASE][PASSED] - Test Cases/Login Admin: Test Cases/Login Admin

2023-06-13 22:35:19 - [TEST_STEP][PASSED] - openBrowser(""): Browser is opened with url: ''

2023-06-13 22:35:20 - [MESSAGE][INFO] - Starting 'Chrome' driver

2023-06-13 22:35:20 - [MESSAGE][INFO] - Action delay is set to 0 milliseconds

2023-06-13 22:35:26 - [MESSAGE][PASSED] - Browser is opened with url: ''

2023-06-13 22:35:26 - [TEST_STEP][PASSED] - maximizeWindow(): Current window maximized

2023-06-13 22:35:26 - [MESSAGE][PASSED] - Current window maximized

2023-06-13 22:35:26 - [TEST_STEP][PASSED] - navigateToUrl(URL): Navigate to 'http://admin.lkydev.site' successfully

2023-06-13 22:35:32 - [MESSAGE][PASSED] - Navigate to 'http://admin.lkydev.site' successfully

2023-06-13 22:35:32 - [TEST_STEP][PASSED] - verifyElementText(findTestObject("Object Repository/Login/Page_SUNCITY - Login/h3_Sign In To Admin System"), "Sign In To Admin System"): Actual text and expected text of test object 'Object Repository/Login/Page_SUNCITY - Login/h3_Sign In To Admin System' are matched.

2023-06-13 22:35:33 - [MESSAGE][PASSED] - Actual text and expected text of test object 'Object Repository/Login/Page_SUNCITY - Login/h3_Sign In To Admin System' are matched.

2023-06-13 22:35:33 - [TEST_STEP][PASSED] - com.reusableComponent.HighlightElement.run(findTestObject("Login/Page_SUNCITY - Login/h3_Sign In To Admin System")): com.reusableComponent.HighlightElement.run is PASSED

2023-06-13 22:35:34 - [MESSAGE][PASSED] - com.reusableComponent.HighlightElement.run is PASSED

2023-06-13 22:35:34 - [TEST_STEP][PASSED] - com.reusableComponent.HighlightElement.run(findTestObject("Login/Page_SUNCITY - Login/input_Sign In To Admin System_username")): com.reusableComponent.HighlightElement.run is PASSED

2023-06-13 22:35:34 - [MESSAGE][PASSED] - com.reusableComponent.HighlightElement.run is PASSED

2023-06-13 22:35:34 - [TEST_STEP][PASSED] - com.reusableComponent.HighlightElement.run(findTestObject("Login/Page_SUNCITY - Login/input_Sign In To Admin System_password")): com.reusableComponent.HighlightElement.run is PASSED

2023-06-13 22:35:35 - [MESSAGE][PASSED] - com.reusableComponent.HighlightElement.run is PASSED

2023-06-13 22:35:35 - [TEST_STEP][PASSED] - setText(findTestObject("Object Repository/Login/Page_SUNCITY - Login/input_Sign In To Admin System_username"), Username): Text 'devbot' is set on object 'Object Repository/Login/Page_SUNCITY - Login/input_Sign In To Admin System_username'

2023-06-13 22:35:36 - [MESSAGE][PASSED] - Text 'devbot' is set on object 'Object Repository/Login/Page_SUNCITY - Login/input_Sign In To Admin System_username'

2023-06-13 22:35:36 - [TEST_STEP][PASSED] - setText(findTestObject("Object Repository/Login/Page_SUNCITY - Login/input_Sign In To Admin System_password"), Password): Text '77889900' is set on object 'Object Repository/Login/Page_SUNCITY - Login/input_Sign In To Admin System_password'

2023-06-13 22:35:37 - [MESSAGE][PASSED] - Text '77889900' is set on object 'Object Repository/Login/Page_SUNCITY - Login/input_Sign In To Admin System_password'

2023-06-13 22:35:37 - [TEST_STEP][PASSED] - com.reusableComponent.HighlightElement.run(findTestObject("Login/Page_SUNCITY - Login/button_Next")): com.reusableComponent.HighlightElement.run is PASSED

2023-06-13 22:35:37 - [MESSAGE][PASSED] - com.reusableComponent.HighlightElement.run is PASSED

2023-06-13 22:35:37 - [TEST_STEP][PASSED] - click(findTestObject("Object Repository/Login/Page_SUNCITY - Login/button_Next")): Object: 'Object Repository/Login/Page_SUNCITY - Login/button_Next' is clicked on

2023-06-13 22:35:38 - [MESSAGE][PASSED] - Object: 'Object Repository/Login/Page_SUNCITY - Login/button_Next' is clicked on

2023-06-13 22:35:38 - [TEST_STEP][PASSED] - com.reusableComponent.HighlightElement.run(findTestObject("Login/Page_SUNCITY - Login/input_Next_verificationCode")): com.reusableComponent.HighlightElement.run is PASSED

2023-06-13 22:35:39 - [MESSAGE][PASSED] - com.reusableComponent.HighlightElement.run is PASSED

2023-06-13 22:35:39 - [TEST_STEP][PASSED] - setText(findTestObject("Object Repository/Login/Page_SUNCITY - Login/input_Next_verificationCode"), VerificationCode): Text '778899' is set on object 'Object Repository/Login/Page_SUNCITY - Login/input_Next_verificationCode'

2023-06-13 22:35:40 - [MESSAGE][PASSED] - Text '778899' is set on object 'Object Repository/Login/Page_SUNCITY - Login/input_Next_verificationCode'

2023-06-13 22:35:40 - [TEST_STEP][PASSED] - com.reusableComponent.HighlightElement.run(findTestObject("Login/Page_SUNCITY - Login/button_Sign In")): com.reusableComponent.HighlightElement.run is PASSED

2023-06-13 22:35:40 - [MESSAGE][PASSED] - com.reusableComponent.HighlightElement.run is PASSED

2023-06-13 22:35:40 - [TEST_STEP][PASSED] - click(findTestObject("Object Repository/Login/Page_SUNCITY - Login/button_Sign In")): Object: 'Object Repository/Login/Page_SUNCITY - Login/button_Sign In' is clicked on

2023-06-13 22:35:41 - [MESSAGE][PASSED] - Object: 'Object Repository/Login/Page_SUNCITY - Login/button_Sign In' is clicked on

2023-06-13 22:35:41 - [TEST_STEP][PASSED] - com.reusableComponent.HighlightElement.run(findTestObject("Login/Page_Dashboard/h2_Login Success")): com.reusableComponent.HighlightElement.run is PASSED

2023-06-13 22:35:44 - [MESSAGE][PASSED] - com.reusableComponent.HighlightElement.run is PASSED

2023-06-13 22:35:44 - [TEST_STEP][PASSED] - click(findTestObject("Object Repository/Login/Page_Dashboard/h2_Login Success")): Object: 'Object Repository/Login/Page_Dashboard/h2_Login Success' is clicked on

2023-06-13 22:35:44 - [MESSAGE][PASSED] - Object: 'Object Repository/Login/Page_Dashboard/h2_Login Success' is clicked on

2023-06-13 22:35:44 - [TEST_STEP][PASSED] - com.reusableComponent.HighlightElement.run(findTestObject("Login/Page_Dashboard/button_OK")): com.reusableComponent.HighlightElement.run is PASSED

2023-06-13 22:35:45 - [MESSAGE][PASSED] - com.reusableComponent.HighlightElement.run is PASSED

2023-06-13 22:35:45 - [TEST_STEP][PASSED] - click(findTestObject("Object Repository/Login/Page_Dashboard/button_OK")): Object: 'Object Repository/Login/Page_Dashboard/button_OK' is clicked on

2023-06-13 22:35:45 - [MESSAGE][PASSED] - Object: 'Object Repository/Login/Page_Dashboard/button_OK' is clicked on

2023-06-13 22:35:45 - [MESSAGE][PASSED] - Call Test Case 'Test Cases/Login Admin' successfully

2023-06-13 22:35:45 - [TEST_STEP][PASSED] - com.reusableComponent.HighlightElement.run(findTestObject("User/Page_Dashboard/Member/span_User")): com.reusableComponent.HighlightElement.run is PASSED

2023-06-13 22:35:46 - [MESSAGE][PASSED] - com.reusableComponent.HighlightElement.run is PASSED

2023-06-13 22:35:46 - [TEST_STEP][PASSED] - mouseOver(findTestObject("User/Page_Dashboard/Member/span_User")): Object: 'Object Repository/User/Page_Dashboard/Member/span_User' is hovered

2023-06-13 22:35:47 - [MESSAGE][PASSED] - Object: 'Object Repository/User/Page_Dashboard/Member/span_User' is hovered

2023-06-13 22:35:47 - [TEST_STEP][PASSED] - com.reusableComponent.HighlightElement.run(findTestObject("User/Page_Dashboard/Shareholder/span_Create")): com.reusableComponent.HighlightElement.run is PASSED

2023-06-13 22:35:47 - [MESSAGE][PASSED] - com.reusableComponent.HighlightElement.run is PASSED

2023-06-13 22:35:47 - [TEST_STEP][PASSED] - mouseOver(findTestObject("User/Page_Dashboard/Shareholder/span_Create")): Object: 'Object Repository/User/Page_Dashboard/Shareholder/span_Create' is hovered

2023-06-13 22:35:48 - [MESSAGE][PASSED] - Object: 'Object Repository/User/Page_Dashboard/Shareholder/span_Create' is hovered

2023-06-13 22:35:48 - [TEST_STEP][PASSED] - click(findTestObject("User/Page_Dashboard/Shareholder/span_Create")): Object: 'Object Repository/User/Page_Dashboard/Shareholder/span_Create' is clicked on

2023-06-13 22:35:49 - [MESSAGE][PASSED] - Object: 'Object Repository/User/Page_Dashboard/Shareholder/span_Create' is clicked on]]></system-out>
         <system-err><![CDATA[]]></system-err>
      </testcase>
      <testcase name="Test Cases/User/Shareholder/List" time="2.665" classname="Test Cases/User/Shareholder/List" status="PASSED">
         <system-out><![CDATA[2023-06-13 22:35:49 - [TEST_CASE][PASSED] - Test Cases/User/Shareholder/List: Test Cases/User/Shareholder/List

2023-06-13 22:35:50 - [TEST_STEP][PASSED] - com.reusableComponent.HighlightElement.run(findTestObject("User/Page_Dashboard/Member/span_User")): com.reusableComponent.HighlightElement.run is PASSED

2023-06-13 22:35:50 - [MESSAGE][PASSED] - com.reusableComponent.HighlightElement.run is PASSED

2023-06-13 22:35:50 - [TEST_STEP][PASSED] - mouseOver(findTestObject("User/Page_Dashboard/Member/span_User")): Object: 'Object Repository/User/Page_Dashboard/Member/span_User' is hovered

2023-06-13 22:35:51 - [MESSAGE][PASSED] - Object: 'Object Repository/User/Page_Dashboard/Member/span_User' is hovered

2023-06-13 22:35:51 - [TEST_STEP][PASSED] - com.reusableComponent.HighlightElement.run(findTestObject("User/Page_Dashboard/Shareholder/span_List_User")): com.reusableComponent.HighlightElement.run is PASSED

2023-06-13 22:35:51 - [MESSAGE][PASSED] - com.reusableComponent.HighlightElement.run is PASSED

2023-06-13 22:35:51 - [TEST_STEP][PASSED] - mouseOver(findTestObject("User/Page_Dashboard/Shareholder/span_List_User")): Object: 'Object Repository/User/Page_Dashboard/Shareholder/span_List_User' is hovered

2023-06-13 22:35:52 - [MESSAGE][PASSED] - Object: 'Object Repository/User/Page_Dashboard/Shareholder/span_List_User' is hovered]]></system-out>
         <system-err><![CDATA[]]></system-err>
      </testcase>
      <testcase name="Test Cases/User/Shareholder/Limited List" time="6.491" classname="Test Cases/User/Shareholder/Limited List" status="PASSED">
         <system-out><![CDATA[2023-06-13 22:35:52 - [TEST_CASE][PASSED] - Test Cases/User/Shareholder/Limited List: Test Cases/User/Shareholder/Limited List

2023-06-13 22:35:53 - [TEST_STEP][PASSED] - com.reusableComponent.HighlightElement.run(findTestObject("User/Page_Dashboard/Member/span_User")): com.reusableComponent.HighlightElement.run is PASSED

2023-06-13 22:35:53 - [MESSAGE][PASSED] - com.reusableComponent.HighlightElement.run is PASSED

2023-06-13 22:35:53 - [TEST_STEP][PASSED] - mouseOver(findTestObject("User/Page_Dashboard/Member/span_User")): Object: 'Object Repository/User/Page_Dashboard/Member/span_User' is hovered

2023-06-13 22:35:54 - [MESSAGE][PASSED] - Object: 'Object Repository/User/Page_Dashboard/Member/span_User' is hovered

2023-06-13 22:35:54 - [TEST_STEP][PASSED] - com.reusableComponent.HighlightElement.run(findTestObject("User/Page_Dashboard/Shareholder/span_Limited List_Shareholder")): com.reusableComponent.HighlightElement.run is PASSED

2023-06-13 22:35:54 - [MESSAGE][PASSED] - com.reusableComponent.HighlightElement.run is PASSED

2023-06-13 22:35:54 - [TEST_STEP][PASSED] - mouseOver(findTestObject("User/Page_Dashboard/Shareholder/span_Limited List_Shareholder")): Object: 'Object Repository/User/Page_Dashboard/Shareholder/span_Limited List_Shareholder' is hovered

2023-06-13 22:35:56 - [MESSAGE][PASSED] - Object: 'Object Repository/User/Page_Dashboard/Shareholder/span_Limited List_Shareholder' is hovered

2023-06-13 22:35:56 - [TEST_STEP][PASSED] - click(findTestObject("User/Page_Dashboard/Shareholder/span_Limited List_Shareholder")): Object: 'Object Repository/User/Page_Dashboard/Shareholder/span_Limited List_Shareholder' is clicked on

2023-06-13 22:35:59 - [MESSAGE][PASSED] - Object: 'Object Repository/User/Page_Dashboard/Shareholder/span_Limited List_Shareholder' is clicked on]]></system-out>
         <system-err><![CDATA[]]></system-err>
      </testcase>
      <testcase name="Test Cases/User/Shareholder/All Wallet" time="3.855" classname="Test Cases/User/Shareholder/All Wallet" status="PASSED">
         <system-out><![CDATA[2023-06-13 22:35:59 - [TEST_CASE][PASSED] - Test Cases/User/Shareholder/All Wallet: Test Cases/User/Shareholder/All Wallet

2023-06-13 22:35:59 - [TEST_STEP][PASSED] - com.reusableComponent.HighlightElement.run(findTestObject("User/Page_Dashboard/Member/span_User")): com.reusableComponent.HighlightElement.run is PASSED

2023-06-13 22:36:01 - [MESSAGE][PASSED] - com.reusableComponent.HighlightElement.run is PASSED

2023-06-13 22:36:01 - [TEST_STEP][PASSED] - mouseOver(findTestObject("User/Page_Dashboard/Member/span_User")): Object: 'Object Repository/User/Page_Dashboard/Member/span_User' is hovered

2023-06-13 22:36:01 - [MESSAGE][PASSED] - Object: 'Object Repository/User/Page_Dashboard/Member/span_User' is hovered

2023-06-13 22:36:01 - [TEST_STEP][PASSED] - com.reusableComponent.HighlightElement.run(findTestObject("User/Page_Dashboard/Shareholder/span_All Wallet")): com.reusableComponent.HighlightElement.run is PASSED

2023-06-13 22:36:02 - [MESSAGE][PASSED] - com.reusableComponent.HighlightElement.run is PASSED

2023-06-13 22:36:02 - [TEST_STEP][PASSED] - mouseOver(findTestObject("User/Page_Dashboard/Shareholder/span_All Wallet")): Object: 'Object Repository/User/Page_Dashboard/Shareholder/span_All Wallet' is hovered

2023-06-13 22:36:02 - [MESSAGE][PASSED] - Object: 'Object Repository/User/Page_Dashboard/Shareholder/span_All Wallet' is hovered]]></system-out>
         <system-err><![CDATA[]]></system-err>
      </testcase>
      <testcase name="Test Cases/User/Shareholder/Negative Wallet" time="2.752" classname="Test Cases/User/Shareholder/Negative Wallet" status="PASSED">
         <system-out><![CDATA[2023-06-13 22:36:02 - [TEST_CASE][PASSED] - Test Cases/User/Shareholder/Negative Wallet: Test Cases/User/Shareholder/Negative Wallet

2023-06-13 22:36:03 - [TEST_STEP][PASSED] - com.reusableComponent.HighlightElement.run(findTestObject("User/Page_Dashboard/Member/span_User")): com.reusableComponent.HighlightElement.run is PASSED

2023-06-13 22:36:03 - [MESSAGE][PASSED] - com.reusableComponent.HighlightElement.run is PASSED

2023-06-13 22:36:03 - [TEST_STEP][PASSED] - mouseOver(findTestObject("User/Page_Dashboard/Member/span_User")): Object: 'Object Repository/User/Page_Dashboard/Member/span_User' is hovered

2023-06-13 22:36:04 - [MESSAGE][PASSED] - Object: 'Object Repository/User/Page_Dashboard/Member/span_User' is hovered

2023-06-13 22:36:04 - [TEST_STEP][PASSED] - com.reusableComponent.HighlightElement.run(findTestObject("User/Page_Dashboard/Shareholder/span_Negative Wallet")): com.reusableComponent.HighlightElement.run is PASSED

2023-06-13 22:36:05 - [MESSAGE][PASSED] - com.reusableComponent.HighlightElement.run is PASSED

2023-06-13 22:36:05 - [TEST_STEP][PASSED] - mouseOver(findTestObject("User/Page_Dashboard/Shareholder/span_Negative Wallet")): Object: 'Object Repository/User/Page_Dashboard/Shareholder/span_Negative Wallet' is hovered

2023-06-13 22:36:05 - [MESSAGE][PASSED] - Object: 'Object Repository/User/Page_Dashboard/Shareholder/span_Negative Wallet' is hovered]]></system-out>
         <system-err><![CDATA[]]></system-err>
      </testcase>
      <testcase name="Test Cases/User/Shareholder/Positive Wallet" time="3.431" classname="Test Cases/User/Shareholder/Positive Wallet" status="PASSED">
         <system-out><![CDATA[2023-06-13 22:36:05 - [TEST_CASE][PASSED] - Test Cases/User/Shareholder/Positive Wallet: Test Cases/User/Shareholder/Positive Wallet

2023-06-13 22:36:06 - [TEST_STEP][PASSED] - com.reusableComponent.HighlightElement.run(findTestObject("User/Page_Dashboard/Member/span_User")): com.reusableComponent.HighlightElement.run is PASSED

2023-06-13 22:36:07 - [MESSAGE][PASSED] - com.reusableComponent.HighlightElement.run is PASSED

2023-06-13 22:36:07 - [TEST_STEP][PASSED] - mouseOver(findTestObject("User/Page_Dashboard/Member/span_User")): Object: 'Object Repository/User/Page_Dashboard/Member/span_User' is hovered

2023-06-13 22:36:08 - [MESSAGE][PASSED] - Object: 'Object Repository/User/Page_Dashboard/Member/span_User' is hovered

2023-06-13 22:36:08 - [TEST_STEP][PASSED] - com.reusableComponent.HighlightElement.run(findTestObject("User/Page_Dashboard/Shareholder/span_Positive Wallet")): com.reusableComponent.HighlightElement.run is PASSED

2023-06-13 22:36:08 - [MESSAGE][PASSED] - com.reusableComponent.HighlightElement.run is PASSED

2023-06-13 22:36:08 - [TEST_STEP][PASSED] - mouseOver(findTestObject("User/Page_Dashboard/Shareholder/span_Positive Wallet")): Object: 'Object Repository/User/Page_Dashboard/Shareholder/span_Positive Wallet' is hovered

2023-06-13 22:36:09 - [MESSAGE][PASSED] - Object: 'Object Repository/User/Page_Dashboard/Shareholder/span_Positive Wallet' is hovered]]></system-out>
         <system-err><![CDATA[]]></system-err>
      </testcase>
      <testcase name="Test Cases/User/Shareholder/Duplicate IP Logins" time="4.923" classname="Test Cases/User/Shareholder/Duplicate IP Logins" status="PASSED">
         <system-out><![CDATA[2023-06-13 22:36:09 - [TEST_CASE][PASSED] - Test Cases/User/Shareholder/Duplicate IP Logins: Test Cases/User/Shareholder/Duplicate IP Logins

2023-06-13 22:36:09 - [TEST_STEP][PASSED] - com.reusableComponent.HighlightElement.run(findTestObject("User/Page_Dashboard/Member/span_User")): com.reusableComponent.HighlightElement.run is PASSED

2023-06-13 22:36:10 - [MESSAGE][PASSED] - com.reusableComponent.HighlightElement.run is PASSED

2023-06-13 22:36:10 - [TEST_STEP][PASSED] - mouseOver(findTestObject("User/Page_Dashboard/Member/span_User")): Object: 'Object Repository/User/Page_Dashboard/Member/span_User' is hovered

2023-06-13 22:36:10 - [MESSAGE][PASSED] - Object: 'Object Repository/User/Page_Dashboard/Member/span_User' is hovered

2023-06-13 22:36:10 - [TEST_STEP][PASSED] - com.reusableComponent.HighlightElement.run(findTestObject("User/Page_Dashboard/Shareholder/span_Duplicate IP Logins")): com.reusableComponent.HighlightElement.run is PASSED

2023-06-13 22:36:11 - [MESSAGE][PASSED] - com.reusableComponent.HighlightElement.run is PASSED

2023-06-13 22:36:11 - [TEST_STEP][PASSED] - mouseOver(findTestObject("User/Page_Dashboard/Shareholder/span_Duplicate IP Logins")): Object: 'Object Repository/User/Page_Dashboard/Shareholder/span_Duplicate IP Logins' is hovered

2023-06-13 22:36:11 - [MESSAGE][PASSED] - Object: 'Object Repository/User/Page_Dashboard/Shareholder/span_Duplicate IP Logins' is hovered

2023-06-13 22:36:11 - [TEST_STEP][PASSED] - click(findTestObject("User/Page_Dashboard/Shareholder/span_Duplicate IP Logins")): Object: 'Object Repository/User/Page_Dashboard/Shareholder/span_Duplicate IP Logins' is clicked on

2023-06-13 22:36:14 - [MESSAGE][PASSED] - Object: 'Object Repository/User/Page_Dashboard/Shareholder/span_Duplicate IP Logins' is clicked on]]></system-out>
         <system-err><![CDATA[]]></system-err>
      </testcase>
      <system-out><![CDATA[2023-06-13 22:35:17 - [TEST_SUITE][PASSED] - Smoke: Test Cases/User/Shareholder/Duplicate IP Logins]]></system-out>
      <system-err><![CDATA[]]></system-err>
   </testsuite>
</testsuites>
