<?xml version="1.0" encoding="UTF-8"?>
<testsuites name="Smoke" time="240.22" tests="6" failures="0" errors="0">
   <testsuite name="Smoke" tests="6" failures="0" errors="0" time="240.22" skipped="0" timestamp="2023-06-23 15:48:51" hostname="hmacagba - PHPF1FXV0U.CSCMWS.CSCMWS.COM" id="Test Suites/Smoke">
      <properties>
         <property name="deviceName" value=""/>
         <property name="devicePlatform" value=""/>
         <property name="logFolder" value="C:\\Users\\hmacagba\\git\\AutomatedScripts\\Reports\\20230623_154842\\Smoke\\20230623_154842"/>
         <property name="logFiles" value="C:\\Users\\hmacagba\\git\\AutomatedScripts\\Reports\\20230623_154842\\Smoke\\20230623_154842\\execution0.log"/>
         <property name="attachments" value=""/>
         <property name="hostName" value="hmacagba - PHPF1FXV0U.CSCMWS.CSCMWS.COM"/>
         <property name="os" value="Windows 10 64bit"/>
         <property name="katalonVersion" value="8.6.5.208"/>
         <property name="browser" value="Chrome 114.0.0.0"/>
         <property name="hostAddress" value="192.168.68.107"/>
         <property name="sessionId" value="6fdf0e858f75dc85a544a4f62fdc86f3"/>
         <property name="seleniumVersion" value="3.141.59"/>
         <property name="proxyInformation" value="ProxyInformation { proxyOption=NO_PROXY, proxyServerType=HTTP, username=, password=********, proxyServerAddress=, proxyServerPort=0, executionList=&quot;&quot;, isApplyToDesiredCapabilities=true }"/>
         <property name="platform" value="Windows 10"/>
      </properties>
      <testcase name="Test Cases/User/Shareholder/List All" time="59.367" classname="Test Cases/User/Shareholder/List All" status="PASSED">
         <system-out><![CDATA[2023-06-23 15:48:51 - [TEST_CASE][PASSED] - Test Cases/User/Shareholder/List All: Test Cases/User/Shareholder/List All

2023-06-23 15:48:52 - [TEST_STEP][PASSED] - callTestCase(findTestCase("Login Admin"), [:], STOP_ON_FAILURE): Call Test Case 'Test Cases/Login Admin' successfully

2023-06-23 15:48:52 - [TEST_CASE][PASSED] - Test Cases/Login Admin: Test Cases/Login Admin

2023-06-23 15:48:53 - [TEST_STEP][PASSED] - openBrowser(""): Browser is opened with url: ''

2023-06-23 15:48:53 - [MESSAGE][INFO] - Starting 'Chrome' driver

2023-06-23 15:48:53 - [MESSAGE][INFO] - Action delay is set to 0 milliseconds

2023-06-23 15:48:58 - [MESSAGE][PASSED] - Browser is opened with url: ''

2023-06-23 15:48:58 - [TEST_STEP][PASSED] - maximizeWindow(): Current window maximized

2023-06-23 15:48:58 - [MESSAGE][PASSED] - Current window maximized

2023-06-23 15:48:58 - [TEST_STEP][PASSED] - navigateToUrl(URL): Navigate to 'http://admin.lkydev.site' successfully

2023-06-23 15:49:02 - [MESSAGE][PASSED] - Navigate to 'http://admin.lkydev.site' successfully

2023-06-23 15:49:02 - [TEST_STEP][PASSED] - verifyElementText(findTestObject("Object Repository/Login/Page_SUNCITY - Login/h3_Sign In To Admin System"), "Sign In To Admin System"): Actual text and expected text of test object 'Object Repository/Login/Page_SUNCITY - Login/h3_Sign In To Admin System' are matched.

2023-06-23 15:49:03 - [MESSAGE][PASSED] - Actual text and expected text of test object 'Object Repository/Login/Page_SUNCITY - Login/h3_Sign In To Admin System' are matched.

2023-06-23 15:49:03 - [TEST_STEP][PASSED] - com.reusableComponent.HighlightElement.run(findTestObject("Login/Page_SUNCITY - Login/h3_Sign In To Admin System")): com.reusableComponent.HighlightElement.run is PASSED

2023-06-23 15:49:04 - [MESSAGE][PASSED] - com.reusableComponent.HighlightElement.run is PASSED

2023-06-23 15:49:04 - [TEST_STEP][PASSED] - com.reusableComponent.HighlightElement.run(findTestObject("Login/Page_SUNCITY - Login/input_Sign In To Admin System_username")): com.reusableComponent.HighlightElement.run is PASSED

2023-06-23 15:49:04 - [MESSAGE][PASSED] - com.reusableComponent.HighlightElement.run is PASSED

2023-06-23 15:49:04 - [TEST_STEP][PASSED] - com.reusableComponent.HighlightElement.run(findTestObject("Login/Page_SUNCITY - Login/input_Sign In To Admin System_password")): com.reusableComponent.HighlightElement.run is PASSED

2023-06-23 15:49:05 - [MESSAGE][PASSED] - com.reusableComponent.HighlightElement.run is PASSED

2023-06-23 15:49:05 - [TEST_STEP][PASSED] - setText(findTestObject("Object Repository/Login/Page_SUNCITY - Login/input_Sign In To Admin System_username"), Username): Text 'devbot' is set on object 'Object Repository/Login/Page_SUNCITY - Login/input_Sign In To Admin System_username'

2023-06-23 15:49:06 - [MESSAGE][PASSED] - Text 'devbot' is set on object 'Object Repository/Login/Page_SUNCITY - Login/input_Sign In To Admin System_username'

2023-06-23 15:49:06 - [TEST_STEP][PASSED] - setText(findTestObject("Object Repository/Login/Page_SUNCITY - Login/input_Sign In To Admin System_password"), Password): Text '77889900' is set on object 'Object Repository/Login/Page_SUNCITY - Login/input_Sign In To Admin System_password'

2023-06-23 15:49:06 - [MESSAGE][PASSED] - Text '77889900' is set on object 'Object Repository/Login/Page_SUNCITY - Login/input_Sign In To Admin System_password'

2023-06-23 15:49:06 - [TEST_STEP][PASSED] - com.reusableComponent.HighlightElement.run(findTestObject("Login/Page_SUNCITY - Login/button_Next")): com.reusableComponent.HighlightElement.run is PASSED

2023-06-23 15:49:07 - [MESSAGE][PASSED] - com.reusableComponent.HighlightElement.run is PASSED

2023-06-23 15:49:07 - [TEST_STEP][PASSED] - click(findTestObject("Object Repository/Login/Page_SUNCITY - Login/button_Next")): Object: 'Object Repository/Login/Page_SUNCITY - Login/button_Next' is clicked on

2023-06-23 15:49:07 - [MESSAGE][PASSED] - Object: 'Object Repository/Login/Page_SUNCITY - Login/button_Next' is clicked on

2023-06-23 15:49:07 - [TEST_STEP][PASSED] - com.reusableComponent.HighlightElement.run(findTestObject("Login/Page_SUNCITY - Login/input_Next_verificationCode")): com.reusableComponent.HighlightElement.run is PASSED

2023-06-23 15:49:09 - [MESSAGE][PASSED] - com.reusableComponent.HighlightElement.run is PASSED

2023-06-23 15:49:09 - [TEST_STEP][PASSED] - setText(findTestObject("Object Repository/Login/Page_SUNCITY - Login/input_Next_verificationCode"), VerificationCode): Text '778899' is set on object 'Object Repository/Login/Page_SUNCITY - Login/input_Next_verificationCode'

2023-06-23 15:49:09 - [MESSAGE][PASSED] - Text '778899' is set on object 'Object Repository/Login/Page_SUNCITY - Login/input_Next_verificationCode'

2023-06-23 15:49:09 - [TEST_STEP][PASSED] - com.reusableComponent.HighlightElement.run(findTestObject("Login/Page_SUNCITY - Login/button_Sign In")): com.reusableComponent.HighlightElement.run is PASSED

2023-06-23 15:49:10 - [MESSAGE][PASSED] - com.reusableComponent.HighlightElement.run is PASSED

2023-06-23 15:49:10 - [TEST_STEP][PASSED] - click(findTestObject("Object Repository/Login/Page_SUNCITY - Login/button_Sign In")): Object: 'Object Repository/Login/Page_SUNCITY - Login/button_Sign In' is clicked on

2023-06-23 15:49:10 - [MESSAGE][PASSED] - Object: 'Object Repository/Login/Page_SUNCITY - Login/button_Sign In' is clicked on

2023-06-23 15:49:10 - [TEST_STEP][PASSED] - com.reusableComponent.HighlightElement.run(findTestObject("Login/Page_Dashboard/h2_Login Success")): com.reusableComponent.HighlightElement.run is PASSED

2023-06-23 15:49:12 - [MESSAGE][PASSED] - com.reusableComponent.HighlightElement.run is PASSED

2023-06-23 15:49:12 - [TEST_STEP][PASSED] - click(findTestObject("Object Repository/Login/Page_Dashboard/h2_Login Success")): Object: 'Object Repository/Login/Page_Dashboard/h2_Login Success' is clicked on

2023-06-23 15:49:13 - [MESSAGE][PASSED] - Object: 'Object Repository/Login/Page_Dashboard/h2_Login Success' is clicked on

2023-06-23 15:49:13 - [TEST_STEP][PASSED] - com.reusableComponent.HighlightElement.run(findTestObject("Login/Page_Dashboard/button_OK")): com.reusableComponent.HighlightElement.run is PASSED

2023-06-23 15:49:13 - [MESSAGE][PASSED] - com.reusableComponent.HighlightElement.run is PASSED

2023-06-23 15:49:13 - [TEST_STEP][PASSED] - click(findTestObject("Object Repository/Login/Page_Dashboard/button_OK")): Object: 'Object Repository/Login/Page_Dashboard/button_OK' is clicked on

2023-06-23 15:49:14 - [MESSAGE][PASSED] - Object: 'Object Repository/Login/Page_Dashboard/button_OK' is clicked on

2023-06-23 15:49:14 - [MESSAGE][PASSED] - Call Test Case 'Test Cases/Login Admin' successfully

2023-06-23 15:49:14 - [TEST_STEP][PASSED] - com.reusableComponent.HighlightElement.run(findTestObject("User/Page_Dashboard/Member/span_User")): com.reusableComponent.HighlightElement.run is PASSED

2023-06-23 15:49:14 - [MESSAGE][PASSED] - com.reusableComponent.HighlightElement.run is PASSED

2023-06-23 15:49:14 - [TEST_STEP][PASSED] - mouseOver(findTestObject("User/Page_Dashboard/Member/span_User")): Object: 'Object Repository/User/Page_Dashboard/Member/span_User' is hovered

2023-06-23 15:49:15 - [MESSAGE][PASSED] - Object: 'Object Repository/User/Page_Dashboard/Member/span_User' is hovered

2023-06-23 15:49:15 - [TEST_STEP][PASSED] - com.reusableComponent.HighlightElement.run(findTestObject("User/Page_Dashboard/Shareholder/span_List")): com.reusableComponent.HighlightElement.run is PASSED

2023-06-23 15:49:16 - [MESSAGE][PASSED] - com.reusableComponent.HighlightElement.run is PASSED

2023-06-23 15:49:16 - [TEST_STEP][PASSED] - mouseOver(findTestObject("User/Page_Dashboard/Shareholder/span_List")): Object: 'Object Repository/User/Page_Dashboard/Shareholder/span_List' is hovered

2023-06-23 15:49:16 - [MESSAGE][PASSED] - Object: 'Object Repository/User/Page_Dashboard/Shareholder/span_List' is hovered

2023-06-23 15:49:16 - [TEST_STEP][PASSED] - com.reusableComponent.HighlightElement.run(findTestObject("User/Page_Dashboard/Shareholder/UserListAll/span_All")): com.reusableComponent.HighlightElement.run is PASSED

2023-06-23 15:49:17 - [MESSAGE][PASSED] - com.reusableComponent.HighlightElement.run is PASSED

2023-06-23 15:49:17 - [TEST_STEP][PASSED] - mouseOver(findTestObject("User/Page_Dashboard/Shareholder/UserListAll/span_All")): Object: 'Object Repository/User/Page_Dashboard/Shareholder/UserListAll/span_All' is hovered

2023-06-23 15:49:17 - [MESSAGE][PASSED] - Object: 'Object Repository/User/Page_Dashboard/Shareholder/UserListAll/span_All' is hovered

2023-06-23 15:49:17 - [TEST_STEP][PASSED] - click(findTestObject("User/Page_Dashboard/Shareholder/UserListAll/span_All")): Object: 'Object Repository/User/Page_Dashboard/Shareholder/UserListAll/span_All' is clicked on

2023-06-23 15:49:20 - [MESSAGE][PASSED] - Object: 'Object Repository/User/Page_Dashboard/Shareholder/UserListAll/span_All' is clicked on

2023-06-23 15:49:20 - [TEST_STEP][PASSED] - com.reusableComponent.HighlightElement.run(findTestObject("User/Page_Dashboard/Shareholder/UserListAll/h3_User List")): com.reusableComponent.HighlightElement.run is PASSED

2023-06-23 15:49:21 - [MESSAGE][PASSED] - com.reusableComponent.HighlightElement.run is PASSED

2023-06-23 15:49:21 - [TEST_STEP][PASSED] - com.reusableComponent.HighlightElement.run(findTestObject("User/Page_Dashboard/Shareholder/UserListAll/input_Username_shareholder_username")): com.reusableComponent.HighlightElement.run is PASSED

2023-06-23 15:49:22 - [MESSAGE][PASSED] - com.reusableComponent.HighlightElement.run is PASSED

2023-06-23 15:49:22 - [TEST_STEP][PASSED] - com.reusableComponent.HighlightElement.run(findTestObject("User/Page_Dashboard/Shareholder/UserListAll/input_MPU_member_product_username")): com.reusableComponent.HighlightElement.run is PASSED

2023-06-23 15:49:22 - [MESSAGE][PASSED] - com.reusableComponent.HighlightElement.run is PASSED

2023-06-23 15:49:22 - [TEST_STEP][PASSED] - com.reusableComponent.HighlightElement.run(findTestObject("User/Page_Dashboard/Shareholder/UserListAll/selectLevel")): com.reusableComponent.HighlightElement.run is PASSED

2023-06-23 15:49:23 - [MESSAGE][PASSED] - com.reusableComponent.HighlightElement.run is PASSED

2023-06-23 15:49:23 - [TEST_STEP][PASSED] - com.reusableComponent.HighlightElement.run(findTestObject("User/Page_Dashboard/Shareholder/UserListAll/selectWallet")): com.reusableComponent.HighlightElement.run is PASSED

2023-06-23 15:49:23 - [MESSAGE][PASSED] - com.reusableComponent.HighlightElement.run is PASSED

2023-06-23 15:49:23 - [TEST_STEP][PASSED] - com.reusableComponent.HighlightElement.run(findTestObject("User/Page_Dashboard/Shareholder/UserListAll/button_Search")): com.reusableComponent.HighlightElement.run is PASSED

2023-06-23 15:49:24 - [MESSAGE][PASSED] - com.reusableComponent.HighlightElement.run is PASSED

2023-06-23 15:49:24 - [TEST_STEP][PASSED] - com.reusableComponent.HighlightElement.run(findTestObject("User/Page_Dashboard/Shareholder/UserListAll/button_Create Shareholder")): com.reusableComponent.HighlightElement.run is PASSED

2023-06-23 15:49:24 - [MESSAGE][PASSED] - com.reusableComponent.HighlightElement.run is PASSED

2023-06-23 15:49:24 - [TEST_STEP][PASSED] - verifyElementVisible(findTestObject("User/Page_Dashboard/Shareholder/UserListAll/h3_User List")): Object 'Object Repository/User/Page_Dashboard/Shareholder/UserListAll/h3_User List' is visible

2023-06-23 15:49:25 - [MESSAGE][PASSED] - Object 'Object Repository/User/Page_Dashboard/Shareholder/UserListAll/h3_User List' is visible

2023-06-23 15:49:25 - [TEST_STEP][PASSED] - verifyElementVisible(findTestObject("User/Page_Dashboard/Shareholder/UserListAll/input_Username_shareholder_username")): Object 'Object Repository/User/Page_Dashboard/Shareholder/UserListAll/input_Username_shareholder_username' is visible

2023-06-23 15:49:25 - [MESSAGE][PASSED] - Object 'Object Repository/User/Page_Dashboard/Shareholder/UserListAll/input_Username_shareholder_username' is visible

2023-06-23 15:49:25 - [TEST_STEP][PASSED] - verifyElementVisible(findTestObject("User/Page_Dashboard/Shareholder/UserListAll/input_MPU_member_product_username")): Object 'Object Repository/User/Page_Dashboard/Shareholder/UserListAll/input_MPU_member_product_username' is visible

2023-06-23 15:49:26 - [MESSAGE][PASSED] - Object 'Object Repository/User/Page_Dashboard/Shareholder/UserListAll/input_MPU_member_product_username' is visible

2023-06-23 15:49:26 - [TEST_STEP][PASSED] - verifyElementVisible(findTestObject("User/Page_Dashboard/Shareholder/UserListAll/selectLevel")): Object 'Object Repository/User/Page_Dashboard/Shareholder/UserListAll/selectLevel' is visible

2023-06-23 15:49:26 - [MESSAGE][PASSED] - Object 'Object Repository/User/Page_Dashboard/Shareholder/UserListAll/selectLevel' is visible

2023-06-23 15:49:26 - [TEST_STEP][PASSED] - verifyElementVisible(findTestObject("User/Page_Dashboard/Shareholder/UserListAll/selectWallet")): Object 'Object Repository/User/Page_Dashboard/Shareholder/UserListAll/selectWallet' is visible

2023-06-23 15:49:26 - [MESSAGE][PASSED] - Object 'Object Repository/User/Page_Dashboard/Shareholder/UserListAll/selectWallet' is visible

2023-06-23 15:49:26 - [TEST_STEP][PASSED] - verifyElementVisible(findTestObject("User/Page_Dashboard/Shareholder/UserListAll/button_Search")): Object 'Object Repository/User/Page_Dashboard/Shareholder/UserListAll/button_Search' is visible

2023-06-23 15:49:27 - [MESSAGE][PASSED] - Object 'Object Repository/User/Page_Dashboard/Shareholder/UserListAll/button_Search' is visible

2023-06-23 15:49:27 - [TEST_STEP][PASSED] - verifyElementVisible(findTestObject("User/Page_Dashboard/Shareholder/UserListAll/button_Create Shareholder")): Object 'Object Repository/User/Page_Dashboard/Shareholder/UserListAll/button_Create Shareholder' is visible

2023-06-23 15:49:27 - [MESSAGE][PASSED] - Object 'Object Repository/User/Page_Dashboard/Shareholder/UserListAll/button_Create Shareholder' is visible

2023-06-23 15:49:27 - [TEST_STEP][PASSED] - com.reusableComponent.HighlightElement.run(findTestObject("User/Page_Dashboard/Shareholder/UserListAll/select_102550100")): com.reusableComponent.HighlightElement.run is PASSED

2023-06-23 15:49:28 - [MESSAGE][PASSED] - com.reusableComponent.HighlightElement.run is PASSED

2023-06-23 15:49:28 - [TEST_STEP][PASSED] - com.reusableComponent.HighlightElement.run(findTestObject("User/Page_Dashboard/Shareholder/UserListAll/span_Copy")): com.reusableComponent.HighlightElement.run is PASSED

2023-06-23 15:49:28 - [MESSAGE][PASSED] - com.reusableComponent.HighlightElement.run is PASSED

2023-06-23 15:49:28 - [TEST_STEP][PASSED] - com.reusableComponent.HighlightElement.run(findTestObject("User/Page_Dashboard/Shareholder/UserListAll/span_CSV")): com.reusableComponent.HighlightElement.run is PASSED

2023-06-23 15:49:29 - [MESSAGE][PASSED] - com.reusableComponent.HighlightElement.run is PASSED

2023-06-23 15:49:29 - [TEST_STEP][PASSED] - com.reusableComponent.HighlightElement.run(findTestObject("User/Page_Dashboard/Shareholder/UserListAll/span_Excel")): com.reusableComponent.HighlightElement.run is PASSED

2023-06-23 15:49:29 - [MESSAGE][PASSED] - com.reusableComponent.HighlightElement.run is PASSED

2023-06-23 15:49:29 - [TEST_STEP][PASSED] - com.reusableComponent.HighlightElement.run(findTestObject("User/Page_Dashboard/Shareholder/UserListAll/span_PDF")): com.reusableComponent.HighlightElement.run is PASSED

2023-06-23 15:49:30 - [MESSAGE][PASSED] - com.reusableComponent.HighlightElement.run is PASSED

2023-06-23 15:49:30 - [TEST_STEP][PASSED] - verifyElementVisible(findTestObject("User/Page_Dashboard/Shareholder/UserListAll/span_Copy")): Object 'Object Repository/User/Page_Dashboard/Shareholder/UserListAll/span_Copy' is visible

2023-06-23 15:49:30 - [MESSAGE][PASSED] - Object 'Object Repository/User/Page_Dashboard/Shareholder/UserListAll/span_Copy' is visible

2023-06-23 15:49:30 - [TEST_STEP][PASSED] - verifyElementVisible(findTestObject("User/Page_Dashboard/Shareholder/UserListAll/span_CSV")): Object 'Object Repository/User/Page_Dashboard/Shareholder/UserListAll/span_CSV' is visible

2023-06-23 15:49:31 - [MESSAGE][PASSED] - Object 'Object Repository/User/Page_Dashboard/Shareholder/UserListAll/span_CSV' is visible

2023-06-23 15:49:31 - [TEST_STEP][PASSED] - verifyElementVisible(findTestObject("User/Page_Dashboard/Shareholder/UserListAll/span_Excel")): Object 'Object Repository/User/Page_Dashboard/Shareholder/UserListAll/span_Excel' is visible

2023-06-23 15:49:31 - [MESSAGE][PASSED] - Object 'Object Repository/User/Page_Dashboard/Shareholder/UserListAll/span_Excel' is visible

2023-06-23 15:49:31 - [TEST_STEP][PASSED] - verifyElementVisible(findTestObject("User/Page_Dashboard/Shareholder/UserListAll/span_PDF")): Object 'Object Repository/User/Page_Dashboard/Shareholder/UserListAll/span_PDF' is visible

2023-06-23 15:49:32 - [MESSAGE][PASSED] - Object 'Object Repository/User/Page_Dashboard/Shareholder/UserListAll/span_PDF' is visible

2023-06-23 15:49:32 - [TEST_STEP][PASSED] - com.reusableComponent.HighlightElement.run(findTestObject("User/Page_Dashboard/Shareholder/UserListAll/input_Search_form-control form-control-sm")): com.reusableComponent.HighlightElement.run is PASSED

2023-06-23 15:49:32 - [MESSAGE][PASSED] - com.reusableComponent.HighlightElement.run is PASSED

2023-06-23 15:49:32 - [TEST_STEP][PASSED] - verifyElementVisible(findTestObject("User/Page_Dashboard/Shareholder/UserListAll/input_Search_form-control form-control-sm")): Object 'Object Repository/User/Page_Dashboard/Shareholder/UserListAll/input_Search_form-control form-control-sm' is visible

2023-06-23 15:49:32 - [MESSAGE][PASSED] - Object 'Object Repository/User/Page_Dashboard/Shareholder/UserListAll/input_Search_form-control form-control-sm' is visible

2023-06-23 15:49:32 - [TEST_STEP][PASSED] - com.reusableComponent.HighlightElement.run(findTestObject("User/Page_Dashboard/Shareholder/UserListAll/th_No")): com.reusableComponent.HighlightElement.run is PASSED

2023-06-23 15:49:33 - [MESSAGE][PASSED] - com.reusableComponent.HighlightElement.run is PASSED

2023-06-23 15:49:33 - [TEST_STEP][PASSED] - com.reusableComponent.HighlightElement.run(findTestObject("User/Page_Dashboard/Shareholder/UserListAll/th_Login Account")): com.reusableComponent.HighlightElement.run is PASSED

2023-06-23 15:49:33 - [MESSAGE][PASSED] - com.reusableComponent.HighlightElement.run is PASSED

2023-06-23 15:49:33 - [TEST_STEP][PASSED] - com.reusableComponent.HighlightElement.run(findTestObject("User/Page_Dashboard/Shareholder/UserListAll/th_Full Name")): com.reusableComponent.HighlightElement.run is PASSED

2023-06-23 15:49:34 - [MESSAGE][PASSED] - com.reusableComponent.HighlightElement.run is PASSED

2023-06-23 15:49:34 - [TEST_STEP][PASSED] - com.reusableComponent.HighlightElement.run(findTestObject("User/Page_Dashboard/Shareholder/UserListAll/th_Nickname")): com.reusableComponent.HighlightElement.run is PASSED

2023-06-23 15:49:34 - [MESSAGE][PASSED] - com.reusableComponent.HighlightElement.run is PASSED

2023-06-23 15:49:34 - [TEST_STEP][PASSED] - com.reusableComponent.HighlightElement.run(findTestObject("User/Page_Dashboard/Shareholder/UserListAll/th_Currency")): com.reusableComponent.HighlightElement.run is PASSED

2023-06-23 15:49:35 - [MESSAGE][PASSED] - com.reusableComponent.HighlightElement.run is PASSED

2023-06-23 15:49:35 - [TEST_STEP][PASSED] - com.reusableComponent.HighlightElement.run(findTestObject("User/Page_Dashboard/Shareholder/UserListAll/th_Role")): com.reusableComponent.HighlightElement.run is PASSED

2023-06-23 15:49:35 - [MESSAGE][PASSED] - com.reusableComponent.HighlightElement.run is PASSED

2023-06-23 15:49:35 - [TEST_STEP][PASSED] - com.reusableComponent.HighlightElement.run(findTestObject("User/Page_Dashboard/Shareholder/UserListAll/th_Phone")): com.reusableComponent.HighlightElement.run is PASSED

2023-06-23 15:49:36 - [MESSAGE][PASSED] - com.reusableComponent.HighlightElement.run is PASSED

2023-06-23 15:49:36 - [TEST_STEP][PASSED] - com.reusableComponent.HighlightElement.run(findTestObject("User/Page_Dashboard/Shareholder/UserListAll/th_Percentage")): com.reusableComponent.HighlightElement.run is PASSED

2023-06-23 15:49:36 - [MESSAGE][PASSED] - com.reusableComponent.HighlightElement.run is PASSED

2023-06-23 15:49:36 - [TEST_STEP][PASSED] - com.reusableComponent.HighlightElement.run(findTestObject("User/Page_Dashboard/Shareholder/UserListAll/th_Status")): com.reusableComponent.HighlightElement.run is PASSED

2023-06-23 15:49:37 - [MESSAGE][PASSED] - com.reusableComponent.HighlightElement.run is PASSED

2023-06-23 15:49:37 - [TEST_STEP][PASSED] - com.reusableComponent.HighlightElement.run(findTestObject("User/Page_Dashboard/Shareholder/UserListAll/th_Remarks")): com.reusableComponent.HighlightElement.run is PASSED

2023-06-23 15:49:37 - [MESSAGE][PASSED] - com.reusableComponent.HighlightElement.run is PASSED

2023-06-23 15:49:37 - [TEST_STEP][PASSED] - com.reusableComponent.HighlightElement.run(findTestObject("User/Page_Dashboard/Shareholder/UserListAll/th_Cash")): com.reusableComponent.HighlightElement.run is PASSED

2023-06-23 15:49:38 - [MESSAGE][PASSED] - com.reusableComponent.HighlightElement.run is PASSED

2023-06-23 15:49:38 - [TEST_STEP][PASSED] - com.reusableComponent.HighlightElement.run(findTestObject("User/Page_Dashboard/Shareholder/UserListAll/th_Password Otp")): com.reusableComponent.HighlightElement.run is PASSED

2023-06-23 15:49:38 - [MESSAGE][PASSED] - com.reusableComponent.HighlightElement.run is PASSED

2023-06-23 15:49:38 - [TEST_STEP][PASSED] - com.reusableComponent.HighlightElement.run(findTestObject("User/Page_Dashboard/Shareholder/UserListAll/th_Phone Otp")): com.reusableComponent.HighlightElement.run is PASSED

2023-06-23 15:49:39 - [MESSAGE][PASSED] - com.reusableComponent.HighlightElement.run is PASSED

2023-06-23 15:49:39 - [TEST_STEP][PASSED] - com.reusableComponent.HighlightElement.run(findTestObject("User/Page_Dashboard/Shareholder/UserListAll/th_Last login IP")): com.reusableComponent.HighlightElement.run is PASSED

2023-06-23 15:49:39 - [MESSAGE][PASSED] - com.reusableComponent.HighlightElement.run is PASSED

2023-06-23 15:49:39 - [TEST_STEP][PASSED] - com.reusableComponent.HighlightElement.run(findTestObject("User/Page_Dashboard/Shareholder/UserListAll/th_Created Datetime")): com.reusableComponent.HighlightElement.run is PASSED

2023-06-23 15:49:39 - [MESSAGE][PASSED] - com.reusableComponent.HighlightElement.run is PASSED

2023-06-23 15:49:39 - [TEST_STEP][PASSED] - com.reusableComponent.HighlightElement.run(findTestObject("User/Page_Dashboard/Shareholder/UserListAll/th_Last login time")): com.reusableComponent.HighlightElement.run is PASSED

2023-06-23 15:49:40 - [MESSAGE][PASSED] - com.reusableComponent.HighlightElement.run is PASSED

2023-06-23 15:49:40 - [TEST_STEP][PASSED] - com.reusableComponent.HighlightElement.run(findTestObject("User/Page_Dashboard/Shareholder/UserListAll/th_App Type")): com.reusableComponent.HighlightElement.run is PASSED

2023-06-23 15:49:41 - [MESSAGE][PASSED] - com.reusableComponent.HighlightElement.run is PASSED

2023-06-23 15:49:41 - [TEST_STEP][PASSED] - com.reusableComponent.HighlightElement.run(findTestObject("User/Page_Dashboard/Shareholder/UserListAll/th_Action")): com.reusableComponent.HighlightElement.run is PASSED

2023-06-23 15:49:41 - [MESSAGE][PASSED] - com.reusableComponent.HighlightElement.run is PASSED

2023-06-23 15:49:41 - [TEST_STEP][PASSED] - com.reusableComponent.HighlightElement.run(findTestObject("User/Page_Dashboard/Shareholder/UserListAll/th_Upline")): com.reusableComponent.HighlightElement.run is PASSED

2023-06-23 15:49:41 - [MESSAGE][PASSED] - com.reusableComponent.HighlightElement.run is PASSED

2023-06-23 15:49:41 - [TEST_STEP][PASSED] - com.reusableComponent.HighlightElement.run(findTestObject("User/Page_Dashboard/Shareholder/UserListAll/th_Main Line")): com.reusableComponent.HighlightElement.run is PASSED

2023-06-23 15:49:42 - [MESSAGE][PASSED] - com.reusableComponent.HighlightElement.run is PASSED

2023-06-23 15:49:42 - [TEST_STEP][PASSED] - com.reusableComponent.HighlightElement.run(findTestObject("User/Page_Dashboard/Shareholder/UserListAll/tableUserList")): com.reusableComponent.HighlightElement.run is PASSED

2023-06-23 15:49:42 - [MESSAGE][PASSED] - com.reusableComponent.HighlightElement.run is PASSED

2023-06-23 15:49:42 - [TEST_STEP][PASSED] - verifyElementVisible(findTestObject("User/Page_Dashboard/Shareholder/UserListAll/th_No")): Object 'Object Repository/User/Page_Dashboard/Shareholder/UserListAll/th_No' is visible

2023-06-23 15:49:43 - [MESSAGE][PASSED] - Object 'Object Repository/User/Page_Dashboard/Shareholder/UserListAll/th_No' is visible

2023-06-23 15:49:43 - [TEST_STEP][PASSED] - verifyElementVisible(findTestObject("User/Page_Dashboard/Shareholder/UserListAll/th_Login Account")): Object 'Object Repository/User/Page_Dashboard/Shareholder/UserListAll/th_Login Account' is visible

2023-06-23 15:49:43 - [MESSAGE][PASSED] - Object 'Object Repository/User/Page_Dashboard/Shareholder/UserListAll/th_Login Account' is visible

2023-06-23 15:49:43 - [TEST_STEP][PASSED] - verifyElementVisible(findTestObject("User/Page_Dashboard/Shareholder/UserListAll/th_Full Name")): Object 'Object Repository/User/Page_Dashboard/Shareholder/UserListAll/th_Full Name' is visible

2023-06-23 15:49:44 - [MESSAGE][PASSED] - Object 'Object Repository/User/Page_Dashboard/Shareholder/UserListAll/th_Full Name' is visible

2023-06-23 15:49:44 - [TEST_STEP][PASSED] - verifyElementVisible(findTestObject("User/Page_Dashboard/Shareholder/UserListAll/th_Nickname")): Object 'Object Repository/User/Page_Dashboard/Shareholder/UserListAll/th_Nickname' is visible

2023-06-23 15:49:44 - [MESSAGE][PASSED] - Object 'Object Repository/User/Page_Dashboard/Shareholder/UserListAll/th_Nickname' is visible

2023-06-23 15:49:44 - [TEST_STEP][PASSED] - verifyElementVisible(findTestObject("User/Page_Dashboard/Shareholder/UserListAll/th_Currency")): Object 'Object Repository/User/Page_Dashboard/Shareholder/UserListAll/th_Currency' is visible

2023-06-23 15:49:44 - [MESSAGE][PASSED] - Object 'Object Repository/User/Page_Dashboard/Shareholder/UserListAll/th_Currency' is visible

2023-06-23 15:49:44 - [TEST_STEP][PASSED] - verifyElementVisible(findTestObject("User/Page_Dashboard/Shareholder/UserListAll/th_Role")): Object 'Object Repository/User/Page_Dashboard/Shareholder/UserListAll/th_Role' is visible

2023-06-23 15:49:45 - [MESSAGE][PASSED] - Object 'Object Repository/User/Page_Dashboard/Shareholder/UserListAll/th_Role' is visible

2023-06-23 15:49:45 - [TEST_STEP][PASSED] - verifyElementVisible(findTestObject("User/Page_Dashboard/Shareholder/UserListAll/th_Phone")): Object 'Object Repository/User/Page_Dashboard/Shareholder/UserListAll/th_Phone' is visible

2023-06-23 15:49:45 - [MESSAGE][PASSED] - Object 'Object Repository/User/Page_Dashboard/Shareholder/UserListAll/th_Phone' is visible

2023-06-23 15:49:45 - [TEST_STEP][PASSED] - verifyElementVisible(findTestObject("User/Page_Dashboard/Shareholder/UserListAll/th_Percentage")): Object 'Object Repository/User/Page_Dashboard/Shareholder/UserListAll/th_Percentage' is visible

2023-06-23 15:49:46 - [MESSAGE][PASSED] - Object 'Object Repository/User/Page_Dashboard/Shareholder/UserListAll/th_Percentage' is visible

2023-06-23 15:49:46 - [TEST_STEP][PASSED] - verifyElementVisible(findTestObject("User/Page_Dashboard/Shareholder/UserListAll/th_Status")): Object 'Object Repository/User/Page_Dashboard/Shareholder/UserListAll/th_Status' is visible

2023-06-23 15:49:46 - [MESSAGE][PASSED] - Object 'Object Repository/User/Page_Dashboard/Shareholder/UserListAll/th_Status' is visible

2023-06-23 15:49:46 - [TEST_STEP][PASSED] - verifyElementVisible(findTestObject("User/Page_Dashboard/Shareholder/UserListAll/th_Remarks")): Object 'Object Repository/User/Page_Dashboard/Shareholder/UserListAll/th_Remarks' is visible

2023-06-23 15:49:46 - [MESSAGE][PASSED] - Object 'Object Repository/User/Page_Dashboard/Shareholder/UserListAll/th_Remarks' is visible

2023-06-23 15:49:46 - [TEST_STEP][PASSED] - verifyElementVisible(findTestObject("User/Page_Dashboard/Shareholder/UserListAll/th_Cash")): Object 'Object Repository/User/Page_Dashboard/Shareholder/UserListAll/th_Cash' is visible

2023-06-23 15:49:47 - [MESSAGE][PASSED] - Object 'Object Repository/User/Page_Dashboard/Shareholder/UserListAll/th_Cash' is visible

2023-06-23 15:49:47 - [TEST_STEP][PASSED] - verifyElementVisible(findTestObject("User/Page_Dashboard/Shareholder/UserListAll/th_Password Otp")): Object 'Object Repository/User/Page_Dashboard/Shareholder/UserListAll/th_Password Otp' is visible

2023-06-23 15:49:47 - [MESSAGE][PASSED] - Object 'Object Repository/User/Page_Dashboard/Shareholder/UserListAll/th_Password Otp' is visible

2023-06-23 15:49:47 - [TEST_STEP][PASSED] - verifyElementVisible(findTestObject("User/Page_Dashboard/Shareholder/UserListAll/th_Phone Otp")): Object 'Object Repository/User/Page_Dashboard/Shareholder/UserListAll/th_Phone Otp' is visible

2023-06-23 15:49:47 - [MESSAGE][PASSED] - Object 'Object Repository/User/Page_Dashboard/Shareholder/UserListAll/th_Phone Otp' is visible

2023-06-23 15:49:47 - [TEST_STEP][PASSED] - verifyElementVisible(findTestObject("User/Page_Dashboard/Shareholder/UserListAll/th_Last login IP")): Object 'Object Repository/User/Page_Dashboard/Shareholder/UserListAll/th_Last login IP' is visible

2023-06-23 15:49:48 - [MESSAGE][PASSED] - Object 'Object Repository/User/Page_Dashboard/Shareholder/UserListAll/th_Last login IP' is visible

2023-06-23 15:49:48 - [TEST_STEP][PASSED] - verifyElementVisible(findTestObject("User/Page_Dashboard/Shareholder/UserListAll/th_Created Datetime")): Object 'Object Repository/User/Page_Dashboard/Shareholder/UserListAll/th_Created Datetime' is visible

2023-06-23 15:49:48 - [MESSAGE][PASSED] - Object 'Object Repository/User/Page_Dashboard/Shareholder/UserListAll/th_Created Datetime' is visible

2023-06-23 15:49:48 - [TEST_STEP][PASSED] - verifyElementVisible(findTestObject("User/Page_Dashboard/Shareholder/UserListAll/th_Last login time")): Object 'Object Repository/User/Page_Dashboard/Shareholder/UserListAll/th_Last login time' is visible

2023-06-23 15:49:49 - [MESSAGE][PASSED] - Object 'Object Repository/User/Page_Dashboard/Shareholder/UserListAll/th_Last login time' is visible

2023-06-23 15:49:49 - [TEST_STEP][PASSED] - verifyElementVisible(findTestObject("User/Page_Dashboard/Shareholder/UserListAll/th_App Type")): Object 'Object Repository/User/Page_Dashboard/Shareholder/UserListAll/th_App Type' is visible

2023-06-23 15:49:49 - [MESSAGE][PASSED] - Object 'Object Repository/User/Page_Dashboard/Shareholder/UserListAll/th_App Type' is visible

2023-06-23 15:49:49 - [TEST_STEP][PASSED] - verifyElementVisible(findTestObject("User/Page_Dashboard/Shareholder/UserListAll/th_Action")): Object 'Object Repository/User/Page_Dashboard/Shareholder/UserListAll/th_Action' is visible

2023-06-23 15:49:49 - [MESSAGE][PASSED] - Object 'Object Repository/User/Page_Dashboard/Shareholder/UserListAll/th_Action' is visible

2023-06-23 15:49:49 - [TEST_STEP][PASSED] - verifyElementVisible(findTestObject("User/Page_Dashboard/Shareholder/UserListAll/th_Upline")): Object 'Object Repository/User/Page_Dashboard/Shareholder/UserListAll/th_Upline' is visible

2023-06-23 15:49:50 - [MESSAGE][PASSED] - Object 'Object Repository/User/Page_Dashboard/Shareholder/UserListAll/th_Upline' is visible

2023-06-23 15:49:50 - [TEST_STEP][PASSED] - verifyElementVisible(findTestObject("User/Page_Dashboard/Shareholder/UserListAll/th_Main Line")): Object 'Object Repository/User/Page_Dashboard/Shareholder/UserListAll/th_Main Line' is visible

2023-06-23 15:49:50 - [MESSAGE][PASSED] - Object 'Object Repository/User/Page_Dashboard/Shareholder/UserListAll/th_Main Line' is visible

2023-06-23 15:49:50 - [TEST_STEP][PASSED] - verifyElementVisible(findTestObject("User/Page_Dashboard/Shareholder/UserListAll/tableUserList")): Object 'Object Repository/User/Page_Dashboard/Shareholder/UserListAll/tableUserList' is visible

2023-06-23 15:49:51 - [MESSAGE][PASSED] - Object 'Object Repository/User/Page_Dashboard/Shareholder/UserListAll/tableUserList' is visible]]></system-out>
         <system-err><![CDATA[]]></system-err>
      </testcase>
      <testcase name="Test Cases/User/Shareholder/List MYR" time="36.938" classname="Test Cases/User/Shareholder/List MYR" status="PASSED">
         <system-out><![CDATA[2023-06-23 15:49:51 - [TEST_CASE][PASSED] - Test Cases/User/Shareholder/List MYR: Test Cases/User/Shareholder/List MYR

2023-06-23 15:49:51 - [TEST_STEP][PASSED] - com.reusableComponent.HighlightElement.run(findTestObject("User/Page_Dashboard/Member/span_User")): com.reusableComponent.HighlightElement.run is PASSED

2023-06-23 15:49:52 - [MESSAGE][PASSED] - com.reusableComponent.HighlightElement.run is PASSED

2023-06-23 15:49:52 - [TEST_STEP][PASSED] - mouseOver(findTestObject("User/Page_Dashboard/Member/span_User")): Object: 'Object Repository/User/Page_Dashboard/Member/span_User' is hovered

2023-06-23 15:49:52 - [MESSAGE][PASSED] - Object: 'Object Repository/User/Page_Dashboard/Member/span_User' is hovered

2023-06-23 15:49:52 - [TEST_STEP][PASSED] - com.reusableComponent.HighlightElement.run(findTestObject("User/Page_Dashboard/Shareholder/span_List")): com.reusableComponent.HighlightElement.run is PASSED

2023-06-23 15:49:53 - [MESSAGE][PASSED] - com.reusableComponent.HighlightElement.run is PASSED

2023-06-23 15:49:53 - [TEST_STEP][PASSED] - mouseOver(findTestObject("User/Page_Dashboard/Shareholder/span_List")): Object: 'Object Repository/User/Page_Dashboard/Shareholder/span_List' is hovered

2023-06-23 15:49:53 - [MESSAGE][PASSED] - Object: 'Object Repository/User/Page_Dashboard/Shareholder/span_List' is hovered

2023-06-23 15:49:53 - [TEST_STEP][PASSED] - com.reusableComponent.HighlightElement.run(findTestObject("User/Page_Dashboard/Shareholder/UserListAll/span_MYR")): com.reusableComponent.HighlightElement.run is PASSED

2023-06-23 15:49:54 - [MESSAGE][PASSED] - com.reusableComponent.HighlightElement.run is PASSED

2023-06-23 15:49:54 - [TEST_STEP][PASSED] - mouseOver(findTestObject("User/Page_Dashboard/Shareholder/UserListAll/span_MYR")): Object: 'Object Repository/User/Page_Dashboard/Shareholder/UserListAll/span_MYR' is hovered

2023-06-23 15:49:54 - [MESSAGE][PASSED] - Object: 'Object Repository/User/Page_Dashboard/Shareholder/UserListAll/span_MYR' is hovered

2023-06-23 15:49:54 - [TEST_STEP][PASSED] - click(findTestObject("User/Page_Dashboard/Shareholder/UserListAll/span_MYR")): Object: 'Object Repository/User/Page_Dashboard/Shareholder/UserListAll/span_MYR' is clicked on

2023-06-23 15:49:57 - [MESSAGE][PASSED] - Object: 'Object Repository/User/Page_Dashboard/Shareholder/UserListAll/span_MYR' is clicked on

2023-06-23 15:49:57 - [TEST_STEP][PASSED] - com.reusableComponent.HighlightElement.run(findTestObject("User/Page_Dashboard/Shareholder/UserListAll/h3_User List")): com.reusableComponent.HighlightElement.run is PASSED

2023-06-23 15:49:59 - [MESSAGE][PASSED] - com.reusableComponent.HighlightElement.run is PASSED

2023-06-23 15:49:59 - [TEST_STEP][PASSED] - com.reusableComponent.HighlightElement.run(findTestObject("User/Page_Dashboard/Shareholder/UserListAll/input_Username_shareholder_username")): com.reusableComponent.HighlightElement.run is PASSED

2023-06-23 15:49:59 - [MESSAGE][PASSED] - com.reusableComponent.HighlightElement.run is PASSED

2023-06-23 15:49:59 - [TEST_STEP][PASSED] - com.reusableComponent.HighlightElement.run(findTestObject("User/Page_Dashboard/Shareholder/UserListAll/input_MPU_member_product_username")): com.reusableComponent.HighlightElement.run is PASSED

2023-06-23 15:50:00 - [MESSAGE][PASSED] - com.reusableComponent.HighlightElement.run is PASSED

2023-06-23 15:50:00 - [TEST_STEP][PASSED] - com.reusableComponent.HighlightElement.run(findTestObject("User/Page_Dashboard/Shareholder/UserListAll/selectLevel")): com.reusableComponent.HighlightElement.run is PASSED

2023-06-23 15:50:00 - [MESSAGE][PASSED] - com.reusableComponent.HighlightElement.run is PASSED

2023-06-23 15:50:00 - [TEST_STEP][PASSED] - com.reusableComponent.HighlightElement.run(findTestObject("User/Page_Dashboard/Shareholder/UserListAll/selectWallet")): com.reusableComponent.HighlightElement.run is PASSED

2023-06-23 15:50:01 - [MESSAGE][PASSED] - com.reusableComponent.HighlightElement.run is PASSED

2023-06-23 15:50:01 - [TEST_STEP][PASSED] - com.reusableComponent.HighlightElement.run(findTestObject("User/Page_Dashboard/Shareholder/UserListAll/button_Search")): com.reusableComponent.HighlightElement.run is PASSED

2023-06-23 15:50:01 - [MESSAGE][PASSED] - com.reusableComponent.HighlightElement.run is PASSED

2023-06-23 15:50:01 - [TEST_STEP][PASSED] - com.reusableComponent.HighlightElement.run(findTestObject("User/Page_Dashboard/Shareholder/UserListAll/button_Create Shareholder")): com.reusableComponent.HighlightElement.run is PASSED

2023-06-23 15:50:02 - [MESSAGE][PASSED] - com.reusableComponent.HighlightElement.run is PASSED

2023-06-23 15:50:02 - [TEST_STEP][PASSED] - verifyElementVisible(findTestObject("User/Page_Dashboard/Shareholder/UserListAll/h3_User List")): Object 'Object Repository/User/Page_Dashboard/Shareholder/UserListAll/h3_User List' is visible

2023-06-23 15:50:02 - [MESSAGE][PASSED] - Object 'Object Repository/User/Page_Dashboard/Shareholder/UserListAll/h3_User List' is visible

2023-06-23 15:50:02 - [TEST_STEP][PASSED] - verifyElementVisible(findTestObject("User/Page_Dashboard/Shareholder/UserListAll/input_Username_shareholder_username")): Object 'Object Repository/User/Page_Dashboard/Shareholder/UserListAll/input_Username_shareholder_username' is visible

2023-06-23 15:50:03 - [MESSAGE][PASSED] - Object 'Object Repository/User/Page_Dashboard/Shareholder/UserListAll/input_Username_shareholder_username' is visible

2023-06-23 15:50:03 - [TEST_STEP][PASSED] - verifyElementVisible(findTestObject("User/Page_Dashboard/Shareholder/UserListAll/input_MPU_member_product_username")): Object 'Object Repository/User/Page_Dashboard/Shareholder/UserListAll/input_MPU_member_product_username' is visible

2023-06-23 15:50:03 - [MESSAGE][PASSED] - Object 'Object Repository/User/Page_Dashboard/Shareholder/UserListAll/input_MPU_member_product_username' is visible

2023-06-23 15:50:03 - [TEST_STEP][PASSED] - verifyElementVisible(findTestObject("User/Page_Dashboard/Shareholder/UserListAll/selectLevel")): Object 'Object Repository/User/Page_Dashboard/Shareholder/UserListAll/selectLevel' is visible

2023-06-23 15:50:04 - [MESSAGE][PASSED] - Object 'Object Repository/User/Page_Dashboard/Shareholder/UserListAll/selectLevel' is visible

2023-06-23 15:50:04 - [TEST_STEP][PASSED] - verifyElementVisible(findTestObject("User/Page_Dashboard/Shareholder/UserListAll/selectWallet")): Object 'Object Repository/User/Page_Dashboard/Shareholder/UserListAll/selectWallet' is visible

2023-06-23 15:50:04 - [MESSAGE][PASSED] - Object 'Object Repository/User/Page_Dashboard/Shareholder/UserListAll/selectWallet' is visible

2023-06-23 15:50:04 - [TEST_STEP][PASSED] - verifyElementVisible(findTestObject("User/Page_Dashboard/Shareholder/UserListAll/button_Search")): Object 'Object Repository/User/Page_Dashboard/Shareholder/UserListAll/button_Search' is visible

2023-06-23 15:50:04 - [MESSAGE][PASSED] - Object 'Object Repository/User/Page_Dashboard/Shareholder/UserListAll/button_Search' is visible

2023-06-23 15:50:04 - [TEST_STEP][PASSED] - verifyElementVisible(findTestObject("User/Page_Dashboard/Shareholder/UserListAll/button_Create Shareholder")): Object 'Object Repository/User/Page_Dashboard/Shareholder/UserListAll/button_Create Shareholder' is visible

2023-06-23 15:50:05 - [MESSAGE][PASSED] - Object 'Object Repository/User/Page_Dashboard/Shareholder/UserListAll/button_Create Shareholder' is visible

2023-06-23 15:50:05 - [TEST_STEP][PASSED] - com.reusableComponent.HighlightElement.run(findTestObject("User/Page_Dashboard/Shareholder/UserListAll/select_102550100")): com.reusableComponent.HighlightElement.run is PASSED

2023-06-23 15:50:05 - [MESSAGE][PASSED] - com.reusableComponent.HighlightElement.run is PASSED

2023-06-23 15:50:05 - [TEST_STEP][PASSED] - com.reusableComponent.HighlightElement.run(findTestObject("User/Page_Dashboard/Shareholder/UserListAll/span_Copy")): com.reusableComponent.HighlightElement.run is PASSED

2023-06-23 15:50:06 - [MESSAGE][PASSED] - com.reusableComponent.HighlightElement.run is PASSED

2023-06-23 15:50:06 - [TEST_STEP][PASSED] - com.reusableComponent.HighlightElement.run(findTestObject("User/Page_Dashboard/Shareholder/UserListAll/span_CSV")): com.reusableComponent.HighlightElement.run is PASSED

2023-06-23 15:50:06 - [MESSAGE][PASSED] - com.reusableComponent.HighlightElement.run is PASSED

2023-06-23 15:50:06 - [TEST_STEP][PASSED] - com.reusableComponent.HighlightElement.run(findTestObject("User/Page_Dashboard/Shareholder/UserListAll/span_Excel")): com.reusableComponent.HighlightElement.run is PASSED

2023-06-23 15:50:07 - [MESSAGE][PASSED] - com.reusableComponent.HighlightElement.run is PASSED

2023-06-23 15:50:07 - [TEST_STEP][PASSED] - com.reusableComponent.HighlightElement.run(findTestObject("User/Page_Dashboard/Shareholder/UserListAll/span_PDF")): com.reusableComponent.HighlightElement.run is PASSED

2023-06-23 15:50:07 - [MESSAGE][PASSED] - com.reusableComponent.HighlightElement.run is PASSED

2023-06-23 15:50:07 - [TEST_STEP][PASSED] - verifyElementVisible(findTestObject("User/Page_Dashboard/Shareholder/UserListAll/span_Copy")): Object 'Object Repository/User/Page_Dashboard/Shareholder/UserListAll/span_Copy' is visible

2023-06-23 15:50:08 - [MESSAGE][PASSED] - Object 'Object Repository/User/Page_Dashboard/Shareholder/UserListAll/span_Copy' is visible

2023-06-23 15:50:08 - [TEST_STEP][PASSED] - verifyElementVisible(findTestObject("User/Page_Dashboard/Shareholder/UserListAll/span_CSV")): Object 'Object Repository/User/Page_Dashboard/Shareholder/UserListAll/span_CSV' is visible

2023-06-23 15:50:08 - [MESSAGE][PASSED] - Object 'Object Repository/User/Page_Dashboard/Shareholder/UserListAll/span_CSV' is visible

2023-06-23 15:50:08 - [TEST_STEP][PASSED] - verifyElementVisible(findTestObject("User/Page_Dashboard/Shareholder/UserListAll/span_Excel")): Object 'Object Repository/User/Page_Dashboard/Shareholder/UserListAll/span_Excel' is visible

2023-06-23 15:50:08 - [MESSAGE][PASSED] - Object 'Object Repository/User/Page_Dashboard/Shareholder/UserListAll/span_Excel' is visible

2023-06-23 15:50:08 - [TEST_STEP][PASSED] - verifyElementVisible(findTestObject("User/Page_Dashboard/Shareholder/UserListAll/span_PDF")): Object 'Object Repository/User/Page_Dashboard/Shareholder/UserListAll/span_PDF' is visible

2023-06-23 15:50:09 - [MESSAGE][PASSED] - Object 'Object Repository/User/Page_Dashboard/Shareholder/UserListAll/span_PDF' is visible

2023-06-23 15:50:09 - [TEST_STEP][PASSED] - com.reusableComponent.HighlightElement.run(findTestObject("User/Page_Dashboard/Shareholder/UserListAll/input_Search_form-control form-control-sm")): com.reusableComponent.HighlightElement.run is PASSED

2023-06-23 15:50:09 - [MESSAGE][PASSED] - com.reusableComponent.HighlightElement.run is PASSED

2023-06-23 15:50:09 - [TEST_STEP][PASSED] - verifyElementVisible(findTestObject("User/Page_Dashboard/Shareholder/UserListAll/input_Search_form-control form-control-sm")): Object 'Object Repository/User/Page_Dashboard/Shareholder/UserListAll/input_Search_form-control form-control-sm' is visible

2023-06-23 15:50:10 - [MESSAGE][PASSED] - Object 'Object Repository/User/Page_Dashboard/Shareholder/UserListAll/input_Search_form-control form-control-sm' is visible

2023-06-23 15:50:10 - [TEST_STEP][PASSED] - com.reusableComponent.HighlightElement.run(findTestObject("User/Page_Dashboard/Shareholder/UserListAll/th_No")): com.reusableComponent.HighlightElement.run is PASSED

2023-06-23 15:50:10 - [MESSAGE][PASSED] - com.reusableComponent.HighlightElement.run is PASSED

2023-06-23 15:50:10 - [TEST_STEP][PASSED] - com.reusableComponent.HighlightElement.run(findTestObject("User/Page_Dashboard/Shareholder/UserListAll/th_Login Account")): com.reusableComponent.HighlightElement.run is PASSED

2023-06-23 15:50:11 - [MESSAGE][PASSED] - com.reusableComponent.HighlightElement.run is PASSED

2023-06-23 15:50:11 - [TEST_STEP][PASSED] - com.reusableComponent.HighlightElement.run(findTestObject("User/Page_Dashboard/Shareholder/UserListAll/th_Full Name")): com.reusableComponent.HighlightElement.run is PASSED

2023-06-23 15:50:11 - [MESSAGE][PASSED] - com.reusableComponent.HighlightElement.run is PASSED

2023-06-23 15:50:11 - [TEST_STEP][PASSED] - com.reusableComponent.HighlightElement.run(findTestObject("User/Page_Dashboard/Shareholder/UserListAll/th_Nickname")): com.reusableComponent.HighlightElement.run is PASSED

2023-06-23 15:50:11 - [MESSAGE][PASSED] - com.reusableComponent.HighlightElement.run is PASSED

2023-06-23 15:50:11 - [TEST_STEP][PASSED] - com.reusableComponent.HighlightElement.run(findTestObject("User/Page_Dashboard/Shareholder/UserListAll/th_Currency")): com.reusableComponent.HighlightElement.run is PASSED

2023-06-23 15:50:12 - [MESSAGE][PASSED] - com.reusableComponent.HighlightElement.run is PASSED

2023-06-23 15:50:12 - [TEST_STEP][PASSED] - com.reusableComponent.HighlightElement.run(findTestObject("User/Page_Dashboard/Shareholder/UserListAll/th_Role")): com.reusableComponent.HighlightElement.run is PASSED

2023-06-23 15:50:12 - [MESSAGE][PASSED] - com.reusableComponent.HighlightElement.run is PASSED

2023-06-23 15:50:12 - [TEST_STEP][PASSED] - com.reusableComponent.HighlightElement.run(findTestObject("User/Page_Dashboard/Shareholder/UserListAll/th_Phone")): com.reusableComponent.HighlightElement.run is PASSED

2023-06-23 15:50:13 - [MESSAGE][PASSED] - com.reusableComponent.HighlightElement.run is PASSED

2023-06-23 15:50:13 - [TEST_STEP][PASSED] - com.reusableComponent.HighlightElement.run(findTestObject("User/Page_Dashboard/Shareholder/UserListAll/th_Percentage")): com.reusableComponent.HighlightElement.run is PASSED

2023-06-23 15:50:13 - [MESSAGE][PASSED] - com.reusableComponent.HighlightElement.run is PASSED

2023-06-23 15:50:13 - [TEST_STEP][PASSED] - com.reusableComponent.HighlightElement.run(findTestObject("User/Page_Dashboard/Shareholder/UserListAll/th_Status")): com.reusableComponent.HighlightElement.run is PASSED

2023-06-23 15:50:14 - [MESSAGE][PASSED] - com.reusableComponent.HighlightElement.run is PASSED

2023-06-23 15:50:14 - [TEST_STEP][PASSED] - com.reusableComponent.HighlightElement.run(findTestObject("User/Page_Dashboard/Shareholder/UserListAll/th_Remarks")): com.reusableComponent.HighlightElement.run is PASSED

2023-06-23 15:50:14 - [MESSAGE][PASSED] - com.reusableComponent.HighlightElement.run is PASSED

2023-06-23 15:50:14 - [TEST_STEP][PASSED] - com.reusableComponent.HighlightElement.run(findTestObject("User/Page_Dashboard/Shareholder/UserListAll/th_Cash")): com.reusableComponent.HighlightElement.run is PASSED

2023-06-23 15:50:15 - [MESSAGE][PASSED] - com.reusableComponent.HighlightElement.run is PASSED

2023-06-23 15:50:15 - [TEST_STEP][PASSED] - com.reusableComponent.HighlightElement.run(findTestObject("User/Page_Dashboard/Shareholder/UserListAll/th_Password Otp")): com.reusableComponent.HighlightElement.run is PASSED

2023-06-23 15:50:15 - [MESSAGE][PASSED] - com.reusableComponent.HighlightElement.run is PASSED

2023-06-23 15:50:15 - [TEST_STEP][PASSED] - com.reusableComponent.HighlightElement.run(findTestObject("User/Page_Dashboard/Shareholder/UserListAll/th_Phone Otp")): com.reusableComponent.HighlightElement.run is PASSED

2023-06-23 15:50:16 - [MESSAGE][PASSED] - com.reusableComponent.HighlightElement.run is PASSED

2023-06-23 15:50:16 - [TEST_STEP][PASSED] - com.reusableComponent.HighlightElement.run(findTestObject("User/Page_Dashboard/Shareholder/UserListAll/th_Last login IP")): com.reusableComponent.HighlightElement.run is PASSED

2023-06-23 15:50:16 - [MESSAGE][PASSED] - com.reusableComponent.HighlightElement.run is PASSED

2023-06-23 15:50:16 - [TEST_STEP][PASSED] - com.reusableComponent.HighlightElement.run(findTestObject("User/Page_Dashboard/Shareholder/UserListAll/th_Created Datetime")): com.reusableComponent.HighlightElement.run is PASSED

2023-06-23 15:50:16 - [MESSAGE][PASSED] - com.reusableComponent.HighlightElement.run is PASSED

2023-06-23 15:50:16 - [TEST_STEP][PASSED] - com.reusableComponent.HighlightElement.run(findTestObject("User/Page_Dashboard/Shareholder/UserListAll/th_Last login time")): com.reusableComponent.HighlightElement.run is PASSED

2023-06-23 15:50:17 - [MESSAGE][PASSED] - com.reusableComponent.HighlightElement.run is PASSED

2023-06-23 15:50:17 - [TEST_STEP][PASSED] - com.reusableComponent.HighlightElement.run(findTestObject("User/Page_Dashboard/Shareholder/UserListAll/th_App Type")): com.reusableComponent.HighlightElement.run is PASSED

2023-06-23 15:50:17 - [MESSAGE][PASSED] - com.reusableComponent.HighlightElement.run is PASSED

2023-06-23 15:50:17 - [TEST_STEP][PASSED] - com.reusableComponent.HighlightElement.run(findTestObject("User/Page_Dashboard/Shareholder/UserListAll/th_Action")): com.reusableComponent.HighlightElement.run is PASSED

2023-06-23 15:50:18 - [MESSAGE][PASSED] - com.reusableComponent.HighlightElement.run is PASSED

2023-06-23 15:50:18 - [TEST_STEP][PASSED] - com.reusableComponent.HighlightElement.run(findTestObject("User/Page_Dashboard/Shareholder/UserListAll/th_Upline")): com.reusableComponent.HighlightElement.run is PASSED

2023-06-23 15:50:18 - [MESSAGE][PASSED] - com.reusableComponent.HighlightElement.run is PASSED

2023-06-23 15:50:18 - [TEST_STEP][PASSED] - com.reusableComponent.HighlightElement.run(findTestObject("User/Page_Dashboard/Shareholder/UserListAll/th_Main Line")): com.reusableComponent.HighlightElement.run is PASSED

2023-06-23 15:50:19 - [MESSAGE][PASSED] - com.reusableComponent.HighlightElement.run is PASSED

2023-06-23 15:50:19 - [TEST_STEP][PASSED] - com.reusableComponent.HighlightElement.run(findTestObject("User/Page_Dashboard/Shareholder/UserListAll/tableUserList")): com.reusableComponent.HighlightElement.run is PASSED

2023-06-23 15:50:19 - [MESSAGE][PASSED] - com.reusableComponent.HighlightElement.run is PASSED

2023-06-23 15:50:19 - [TEST_STEP][PASSED] - verifyElementVisible(findTestObject("User/Page_Dashboard/Shareholder/UserListAll/th_No")): Object 'Object Repository/User/Page_Dashboard/Shareholder/UserListAll/th_No' is visible

2023-06-23 15:50:20 - [MESSAGE][PASSED] - Object 'Object Repository/User/Page_Dashboard/Shareholder/UserListAll/th_No' is visible

2023-06-23 15:50:20 - [TEST_STEP][PASSED] - verifyElementVisible(findTestObject("User/Page_Dashboard/Shareholder/UserListAll/th_Login Account")): Object 'Object Repository/User/Page_Dashboard/Shareholder/UserListAll/th_Login Account' is visible

2023-06-23 15:50:20 - [MESSAGE][PASSED] - Object 'Object Repository/User/Page_Dashboard/Shareholder/UserListAll/th_Login Account' is visible

2023-06-23 15:50:20 - [TEST_STEP][PASSED] - verifyElementVisible(findTestObject("User/Page_Dashboard/Shareholder/UserListAll/th_Full Name")): Object 'Object Repository/User/Page_Dashboard/Shareholder/UserListAll/th_Full Name' is visible

2023-06-23 15:50:20 - [MESSAGE][PASSED] - Object 'Object Repository/User/Page_Dashboard/Shareholder/UserListAll/th_Full Name' is visible

2023-06-23 15:50:20 - [TEST_STEP][PASSED] - verifyElementVisible(findTestObject("User/Page_Dashboard/Shareholder/UserListAll/th_Nickname")): Object 'Object Repository/User/Page_Dashboard/Shareholder/UserListAll/th_Nickname' is visible

2023-06-23 15:50:21 - [MESSAGE][PASSED] - Object 'Object Repository/User/Page_Dashboard/Shareholder/UserListAll/th_Nickname' is visible

2023-06-23 15:50:21 - [TEST_STEP][PASSED] - verifyElementVisible(findTestObject("User/Page_Dashboard/Shareholder/UserListAll/th_Currency")): Object 'Object Repository/User/Page_Dashboard/Shareholder/UserListAll/th_Currency' is visible

2023-06-23 15:50:21 - [MESSAGE][PASSED] - Object 'Object Repository/User/Page_Dashboard/Shareholder/UserListAll/th_Currency' is visible

2023-06-23 15:50:21 - [TEST_STEP][PASSED] - verifyElementVisible(findTestObject("User/Page_Dashboard/Shareholder/UserListAll/th_Role")): Object 'Object Repository/User/Page_Dashboard/Shareholder/UserListAll/th_Role' is visible

2023-06-23 15:50:22 - [MESSAGE][PASSED] - Object 'Object Repository/User/Page_Dashboard/Shareholder/UserListAll/th_Role' is visible

2023-06-23 15:50:22 - [TEST_STEP][PASSED] - verifyElementVisible(findTestObject("User/Page_Dashboard/Shareholder/UserListAll/th_Phone")): Object 'Object Repository/User/Page_Dashboard/Shareholder/UserListAll/th_Phone' is visible

2023-06-23 15:50:22 - [MESSAGE][PASSED] - Object 'Object Repository/User/Page_Dashboard/Shareholder/UserListAll/th_Phone' is visible

2023-06-23 15:50:22 - [TEST_STEP][PASSED] - verifyElementVisible(findTestObject("User/Page_Dashboard/Shareholder/UserListAll/th_Percentage")): Object 'Object Repository/User/Page_Dashboard/Shareholder/UserListAll/th_Percentage' is visible

2023-06-23 15:50:22 - [MESSAGE][PASSED] - Object 'Object Repository/User/Page_Dashboard/Shareholder/UserListAll/th_Percentage' is visible

2023-06-23 15:50:22 - [TEST_STEP][PASSED] - verifyElementVisible(findTestObject("User/Page_Dashboard/Shareholder/UserListAll/th_Status")): Object 'Object Repository/User/Page_Dashboard/Shareholder/UserListAll/th_Status' is visible

2023-06-23 15:50:23 - [MESSAGE][PASSED] - Object 'Object Repository/User/Page_Dashboard/Shareholder/UserListAll/th_Status' is visible

2023-06-23 15:50:23 - [TEST_STEP][PASSED] - verifyElementVisible(findTestObject("User/Page_Dashboard/Shareholder/UserListAll/th_Remarks")): Object 'Object Repository/User/Page_Dashboard/Shareholder/UserListAll/th_Remarks' is visible

2023-06-23 15:50:23 - [MESSAGE][PASSED] - Object 'Object Repository/User/Page_Dashboard/Shareholder/UserListAll/th_Remarks' is visible

2023-06-23 15:50:23 - [TEST_STEP][PASSED] - verifyElementVisible(findTestObject("User/Page_Dashboard/Shareholder/UserListAll/th_Cash")): Object 'Object Repository/User/Page_Dashboard/Shareholder/UserListAll/th_Cash' is visible

2023-06-23 15:50:24 - [MESSAGE][PASSED] - Object 'Object Repository/User/Page_Dashboard/Shareholder/UserListAll/th_Cash' is visible

2023-06-23 15:50:24 - [TEST_STEP][PASSED] - verifyElementVisible(findTestObject("User/Page_Dashboard/Shareholder/UserListAll/th_Password Otp")): Object 'Object Repository/User/Page_Dashboard/Shareholder/UserListAll/th_Password Otp' is visible

2023-06-23 15:50:24 - [MESSAGE][PASSED] - Object 'Object Repository/User/Page_Dashboard/Shareholder/UserListAll/th_Password Otp' is visible

2023-06-23 15:50:24 - [TEST_STEP][PASSED] - verifyElementVisible(findTestObject("User/Page_Dashboard/Shareholder/UserListAll/th_Phone Otp")): Object 'Object Repository/User/Page_Dashboard/Shareholder/UserListAll/th_Phone Otp' is visible

2023-06-23 15:50:24 - [MESSAGE][PASSED] - Object 'Object Repository/User/Page_Dashboard/Shareholder/UserListAll/th_Phone Otp' is visible

2023-06-23 15:50:24 - [TEST_STEP][PASSED] - verifyElementVisible(findTestObject("User/Page_Dashboard/Shareholder/UserListAll/th_Last login IP")): Object 'Object Repository/User/Page_Dashboard/Shareholder/UserListAll/th_Last login IP' is visible

2023-06-23 15:50:25 - [MESSAGE][PASSED] - Object 'Object Repository/User/Page_Dashboard/Shareholder/UserListAll/th_Last login IP' is visible

2023-06-23 15:50:25 - [TEST_STEP][PASSED] - verifyElementVisible(findTestObject("User/Page_Dashboard/Shareholder/UserListAll/th_Created Datetime")): Object 'Object Repository/User/Page_Dashboard/Shareholder/UserListAll/th_Created Datetime' is visible

2023-06-23 15:50:25 - [MESSAGE][PASSED] - Object 'Object Repository/User/Page_Dashboard/Shareholder/UserListAll/th_Created Datetime' is visible

2023-06-23 15:50:25 - [TEST_STEP][PASSED] - verifyElementVisible(findTestObject("User/Page_Dashboard/Shareholder/UserListAll/th_Last login time")): Object 'Object Repository/User/Page_Dashboard/Shareholder/UserListAll/th_Last login time' is visible

2023-06-23 15:50:26 - [MESSAGE][PASSED] - Object 'Object Repository/User/Page_Dashboard/Shareholder/UserListAll/th_Last login time' is visible

2023-06-23 15:50:26 - [TEST_STEP][PASSED] - verifyElementVisible(findTestObject("User/Page_Dashboard/Shareholder/UserListAll/th_App Type")): Object 'Object Repository/User/Page_Dashboard/Shareholder/UserListAll/th_App Type' is visible

2023-06-23 15:50:26 - [MESSAGE][PASSED] - Object 'Object Repository/User/Page_Dashboard/Shareholder/UserListAll/th_App Type' is visible

2023-06-23 15:50:26 - [TEST_STEP][PASSED] - verifyElementVisible(findTestObject("User/Page_Dashboard/Shareholder/UserListAll/th_Action")): Object 'Object Repository/User/Page_Dashboard/Shareholder/UserListAll/th_Action' is visible

2023-06-23 15:50:26 - [MESSAGE][PASSED] - Object 'Object Repository/User/Page_Dashboard/Shareholder/UserListAll/th_Action' is visible

2023-06-23 15:50:26 - [TEST_STEP][PASSED] - verifyElementVisible(findTestObject("User/Page_Dashboard/Shareholder/UserListAll/th_Upline")): Object 'Object Repository/User/Page_Dashboard/Shareholder/UserListAll/th_Upline' is visible

2023-06-23 15:50:27 - [MESSAGE][PASSED] - Object 'Object Repository/User/Page_Dashboard/Shareholder/UserListAll/th_Upline' is visible

2023-06-23 15:50:27 - [TEST_STEP][PASSED] - verifyElementVisible(findTestObject("User/Page_Dashboard/Shareholder/UserListAll/th_Main Line")): Object 'Object Repository/User/Page_Dashboard/Shareholder/UserListAll/th_Main Line' is visible

2023-06-23 15:50:27 - [MESSAGE][PASSED] - Object 'Object Repository/User/Page_Dashboard/Shareholder/UserListAll/th_Main Line' is visible

2023-06-23 15:50:27 - [TEST_STEP][PASSED] - verifyElementVisible(findTestObject("User/Page_Dashboard/Shareholder/UserListAll/tableUserList")): Object 'Object Repository/User/Page_Dashboard/Shareholder/UserListAll/tableUserList' is visible

2023-06-23 15:50:28 - [MESSAGE][PASSED] - Object 'Object Repository/User/Page_Dashboard/Shareholder/UserListAll/tableUserList' is visible]]></system-out>
         <system-err><![CDATA[]]></system-err>
      </testcase>
      <testcase name="Test Cases/User/Shareholder/List THB" time="36.129" classname="Test Cases/User/Shareholder/List THB" status="PASSED">
         <system-out><![CDATA[2023-06-23 15:50:28 - [TEST_CASE][PASSED] - Test Cases/User/Shareholder/List THB: Test Cases/User/Shareholder/List THB

2023-06-23 15:50:28 - [TEST_STEP][PASSED] - com.reusableComponent.HighlightElement.run(findTestObject("User/Page_Dashboard/Member/span_User")): com.reusableComponent.HighlightElement.run is PASSED

2023-06-23 15:50:29 - [MESSAGE][PASSED] - com.reusableComponent.HighlightElement.run is PASSED

2023-06-23 15:50:29 - [TEST_STEP][PASSED] - mouseOver(findTestObject("User/Page_Dashboard/Member/span_User")): Object: 'Object Repository/User/Page_Dashboard/Member/span_User' is hovered

2023-06-23 15:50:29 - [MESSAGE][PASSED] - Object: 'Object Repository/User/Page_Dashboard/Member/span_User' is hovered

2023-06-23 15:50:29 - [TEST_STEP][PASSED] - com.reusableComponent.HighlightElement.run(findTestObject("User/Page_Dashboard/Shareholder/span_List")): com.reusableComponent.HighlightElement.run is PASSED

2023-06-23 15:50:30 - [MESSAGE][PASSED] - com.reusableComponent.HighlightElement.run is PASSED

2023-06-23 15:50:30 - [TEST_STEP][PASSED] - mouseOver(findTestObject("User/Page_Dashboard/Shareholder/span_List")): Object: 'Object Repository/User/Page_Dashboard/Shareholder/span_List' is hovered

2023-06-23 15:50:30 - [MESSAGE][PASSED] - Object: 'Object Repository/User/Page_Dashboard/Shareholder/span_List' is hovered

2023-06-23 15:50:30 - [TEST_STEP][PASSED] - com.reusableComponent.HighlightElement.run(findTestObject("User/Page_Dashboard/Shareholder/UserListAll/span_THB")): com.reusableComponent.HighlightElement.run is PASSED

2023-06-23 15:50:31 - [MESSAGE][PASSED] - com.reusableComponent.HighlightElement.run is PASSED

2023-06-23 15:50:31 - [TEST_STEP][PASSED] - mouseOver(findTestObject("User/Page_Dashboard/Shareholder/UserListAll/span_THB")): Object: 'Object Repository/User/Page_Dashboard/Shareholder/UserListAll/span_THB' is hovered

2023-06-23 15:50:31 - [MESSAGE][PASSED] - Object: 'Object Repository/User/Page_Dashboard/Shareholder/UserListAll/span_THB' is hovered

2023-06-23 15:50:31 - [TEST_STEP][PASSED] - click(findTestObject("User/Page_Dashboard/Shareholder/UserListAll/span_THB")): Object: 'Object Repository/User/Page_Dashboard/Shareholder/UserListAll/span_THB' is clicked on

2023-06-23 15:50:34 - [MESSAGE][PASSED] - Object: 'Object Repository/User/Page_Dashboard/Shareholder/UserListAll/span_THB' is clicked on

2023-06-23 15:50:34 - [TEST_STEP][PASSED] - com.reusableComponent.HighlightElement.run(findTestObject("User/Page_Dashboard/Shareholder/UserListAll/h3_User List")): com.reusableComponent.HighlightElement.run is PASSED

2023-06-23 15:50:35 - [MESSAGE][PASSED] - com.reusableComponent.HighlightElement.run is PASSED

2023-06-23 15:50:35 - [TEST_STEP][PASSED] - com.reusableComponent.HighlightElement.run(findTestObject("User/Page_Dashboard/Shareholder/UserListAll/input_Username_shareholder_username")): com.reusableComponent.HighlightElement.run is PASSED

2023-06-23 15:50:36 - [MESSAGE][PASSED] - com.reusableComponent.HighlightElement.run is PASSED

2023-06-23 15:50:36 - [TEST_STEP][PASSED] - com.reusableComponent.HighlightElement.run(findTestObject("User/Page_Dashboard/Shareholder/UserListAll/input_MPU_member_product_username")): com.reusableComponent.HighlightElement.run is PASSED

2023-06-23 15:50:36 - [MESSAGE][PASSED] - com.reusableComponent.HighlightElement.run is PASSED

2023-06-23 15:50:36 - [TEST_STEP][PASSED] - com.reusableComponent.HighlightElement.run(findTestObject("User/Page_Dashboard/Shareholder/UserListAll/selectLevel")): com.reusableComponent.HighlightElement.run is PASSED

2023-06-23 15:50:37 - [MESSAGE][PASSED] - com.reusableComponent.HighlightElement.run is PASSED

2023-06-23 15:50:37 - [TEST_STEP][PASSED] - com.reusableComponent.HighlightElement.run(findTestObject("User/Page_Dashboard/Shareholder/UserListAll/selectWallet")): com.reusableComponent.HighlightElement.run is PASSED

2023-06-23 15:50:37 - [MESSAGE][PASSED] - com.reusableComponent.HighlightElement.run is PASSED

2023-06-23 15:50:37 - [TEST_STEP][PASSED] - com.reusableComponent.HighlightElement.run(findTestObject("User/Page_Dashboard/Shareholder/UserListAll/button_Search")): com.reusableComponent.HighlightElement.run is PASSED

2023-06-23 15:50:37 - [MESSAGE][PASSED] - com.reusableComponent.HighlightElement.run is PASSED

2023-06-23 15:50:37 - [TEST_STEP][PASSED] - com.reusableComponent.HighlightElement.run(findTestObject("User/Page_Dashboard/Shareholder/UserListAll/button_Create Shareholder")): com.reusableComponent.HighlightElement.run is PASSED

2023-06-23 15:50:38 - [MESSAGE][PASSED] - com.reusableComponent.HighlightElement.run is PASSED

2023-06-23 15:50:38 - [TEST_STEP][PASSED] - verifyElementVisible(findTestObject("User/Page_Dashboard/Shareholder/UserListAll/h3_User List")): Object 'Object Repository/User/Page_Dashboard/Shareholder/UserListAll/h3_User List' is visible

2023-06-23 15:50:38 - [MESSAGE][PASSED] - Object 'Object Repository/User/Page_Dashboard/Shareholder/UserListAll/h3_User List' is visible

2023-06-23 15:50:38 - [TEST_STEP][PASSED] - verifyElementVisible(findTestObject("User/Page_Dashboard/Shareholder/UserListAll/input_Username_shareholder_username")): Object 'Object Repository/User/Page_Dashboard/Shareholder/UserListAll/input_Username_shareholder_username' is visible

2023-06-23 15:50:39 - [MESSAGE][PASSED] - Object 'Object Repository/User/Page_Dashboard/Shareholder/UserListAll/input_Username_shareholder_username' is visible

2023-06-23 15:50:39 - [TEST_STEP][PASSED] - verifyElementVisible(findTestObject("User/Page_Dashboard/Shareholder/UserListAll/input_MPU_member_product_username")): Object 'Object Repository/User/Page_Dashboard/Shareholder/UserListAll/input_MPU_member_product_username' is visible

2023-06-23 15:50:39 - [MESSAGE][PASSED] - Object 'Object Repository/User/Page_Dashboard/Shareholder/UserListAll/input_MPU_member_product_username' is visible

2023-06-23 15:50:39 - [TEST_STEP][PASSED] - verifyElementVisible(findTestObject("User/Page_Dashboard/Shareholder/UserListAll/selectLevel")): Object 'Object Repository/User/Page_Dashboard/Shareholder/UserListAll/selectLevel' is visible

2023-06-23 15:50:40 - [MESSAGE][PASSED] - Object 'Object Repository/User/Page_Dashboard/Shareholder/UserListAll/selectLevel' is visible

2023-06-23 15:50:40 - [TEST_STEP][PASSED] - verifyElementVisible(findTestObject("User/Page_Dashboard/Shareholder/UserListAll/selectWallet")): Object 'Object Repository/User/Page_Dashboard/Shareholder/UserListAll/selectWallet' is visible

2023-06-23 15:50:40 - [MESSAGE][PASSED] - Object 'Object Repository/User/Page_Dashboard/Shareholder/UserListAll/selectWallet' is visible

2023-06-23 15:50:40 - [TEST_STEP][PASSED] - verifyElementVisible(findTestObject("User/Page_Dashboard/Shareholder/UserListAll/button_Search")): Object 'Object Repository/User/Page_Dashboard/Shareholder/UserListAll/button_Search' is visible

2023-06-23 15:50:40 - [MESSAGE][PASSED] - Object 'Object Repository/User/Page_Dashboard/Shareholder/UserListAll/button_Search' is visible

2023-06-23 15:50:40 - [TEST_STEP][PASSED] - verifyElementVisible(findTestObject("User/Page_Dashboard/Shareholder/UserListAll/button_Create Shareholder")): Object 'Object Repository/User/Page_Dashboard/Shareholder/UserListAll/button_Create Shareholder' is visible

2023-06-23 15:50:41 - [MESSAGE][PASSED] - Object 'Object Repository/User/Page_Dashboard/Shareholder/UserListAll/button_Create Shareholder' is visible

2023-06-23 15:50:41 - [TEST_STEP][PASSED] - com.reusableComponent.HighlightElement.run(findTestObject("User/Page_Dashboard/Shareholder/UserListAll/select_102550100")): com.reusableComponent.HighlightElement.run is PASSED

2023-06-23 15:50:41 - [MESSAGE][PASSED] - com.reusableComponent.HighlightElement.run is PASSED

2023-06-23 15:50:41 - [TEST_STEP][PASSED] - com.reusableComponent.HighlightElement.run(findTestObject("User/Page_Dashboard/Shareholder/UserListAll/span_Copy")): com.reusableComponent.HighlightElement.run is PASSED

2023-06-23 15:50:42 - [MESSAGE][PASSED] - com.reusableComponent.HighlightElement.run is PASSED

2023-06-23 15:50:42 - [TEST_STEP][PASSED] - com.reusableComponent.HighlightElement.run(findTestObject("User/Page_Dashboard/Shareholder/UserListAll/span_CSV")): com.reusableComponent.HighlightElement.run is PASSED

2023-06-23 15:50:42 - [MESSAGE][PASSED] - com.reusableComponent.HighlightElement.run is PASSED

2023-06-23 15:50:42 - [TEST_STEP][PASSED] - com.reusableComponent.HighlightElement.run(findTestObject("User/Page_Dashboard/Shareholder/UserListAll/span_Excel")): com.reusableComponent.HighlightElement.run is PASSED

2023-06-23 15:50:43 - [MESSAGE][PASSED] - com.reusableComponent.HighlightElement.run is PASSED

2023-06-23 15:50:43 - [TEST_STEP][PASSED] - com.reusableComponent.HighlightElement.run(findTestObject("User/Page_Dashboard/Shareholder/UserListAll/span_PDF")): com.reusableComponent.HighlightElement.run is PASSED

2023-06-23 15:50:43 - [MESSAGE][PASSED] - com.reusableComponent.HighlightElement.run is PASSED

2023-06-23 15:50:43 - [TEST_STEP][PASSED] - verifyElementVisible(findTestObject("User/Page_Dashboard/Shareholder/UserListAll/span_Copy")): Object 'Object Repository/User/Page_Dashboard/Shareholder/UserListAll/span_Copy' is visible

2023-06-23 15:50:44 - [MESSAGE][PASSED] - Object 'Object Repository/User/Page_Dashboard/Shareholder/UserListAll/span_Copy' is visible

2023-06-23 15:50:44 - [TEST_STEP][PASSED] - verifyElementVisible(findTestObject("User/Page_Dashboard/Shareholder/UserListAll/span_CSV")): Object 'Object Repository/User/Page_Dashboard/Shareholder/UserListAll/span_CSV' is visible

2023-06-23 15:50:44 - [MESSAGE][PASSED] - Object 'Object Repository/User/Page_Dashboard/Shareholder/UserListAll/span_CSV' is visible

2023-06-23 15:50:44 - [TEST_STEP][PASSED] - verifyElementVisible(findTestObject("User/Page_Dashboard/Shareholder/UserListAll/span_Excel")): Object 'Object Repository/User/Page_Dashboard/Shareholder/UserListAll/span_Excel' is visible

2023-06-23 15:50:45 - [MESSAGE][PASSED] - Object 'Object Repository/User/Page_Dashboard/Shareholder/UserListAll/span_Excel' is visible

2023-06-23 15:50:45 - [TEST_STEP][PASSED] - verifyElementVisible(findTestObject("User/Page_Dashboard/Shareholder/UserListAll/span_PDF")): Object 'Object Repository/User/Page_Dashboard/Shareholder/UserListAll/span_PDF' is visible

2023-06-23 15:50:45 - [MESSAGE][PASSED] - Object 'Object Repository/User/Page_Dashboard/Shareholder/UserListAll/span_PDF' is visible

2023-06-23 15:50:45 - [TEST_STEP][PASSED] - com.reusableComponent.HighlightElement.run(findTestObject("User/Page_Dashboard/Shareholder/UserListAll/input_Search_form-control form-control-sm")): com.reusableComponent.HighlightElement.run is PASSED

2023-06-23 15:50:46 - [MESSAGE][PASSED] - com.reusableComponent.HighlightElement.run is PASSED

2023-06-23 15:50:46 - [TEST_STEP][PASSED] - verifyElementVisible(findTestObject("User/Page_Dashboard/Shareholder/UserListAll/input_Search_form-control form-control-sm")): Object 'Object Repository/User/Page_Dashboard/Shareholder/UserListAll/input_Search_form-control form-control-sm' is visible

2023-06-23 15:50:46 - [MESSAGE][PASSED] - Object 'Object Repository/User/Page_Dashboard/Shareholder/UserListAll/input_Search_form-control form-control-sm' is visible

2023-06-23 15:50:46 - [TEST_STEP][PASSED] - com.reusableComponent.HighlightElement.run(findTestObject("User/Page_Dashboard/Shareholder/UserListAll/th_No")): com.reusableComponent.HighlightElement.run is PASSED

2023-06-23 15:50:46 - [MESSAGE][PASSED] - com.reusableComponent.HighlightElement.run is PASSED

2023-06-23 15:50:46 - [TEST_STEP][PASSED] - com.reusableComponent.HighlightElement.run(findTestObject("User/Page_Dashboard/Shareholder/UserListAll/th_Login Account")): com.reusableComponent.HighlightElement.run is PASSED

2023-06-23 15:50:47 - [MESSAGE][PASSED] - com.reusableComponent.HighlightElement.run is PASSED

2023-06-23 15:50:47 - [TEST_STEP][PASSED] - com.reusableComponent.HighlightElement.run(findTestObject("User/Page_Dashboard/Shareholder/UserListAll/th_Full Name")): com.reusableComponent.HighlightElement.run is PASSED

2023-06-23 15:50:47 - [MESSAGE][PASSED] - com.reusableComponent.HighlightElement.run is PASSED

2023-06-23 15:50:47 - [TEST_STEP][PASSED] - com.reusableComponent.HighlightElement.run(findTestObject("User/Page_Dashboard/Shareholder/UserListAll/th_Nickname")): com.reusableComponent.HighlightElement.run is PASSED

2023-06-23 15:50:48 - [MESSAGE][PASSED] - com.reusableComponent.HighlightElement.run is PASSED

2023-06-23 15:50:48 - [TEST_STEP][PASSED] - com.reusableComponent.HighlightElement.run(findTestObject("User/Page_Dashboard/Shareholder/UserListAll/th_Currency")): com.reusableComponent.HighlightElement.run is PASSED

2023-06-23 15:50:48 - [MESSAGE][PASSED] - com.reusableComponent.HighlightElement.run is PASSED

2023-06-23 15:50:48 - [TEST_STEP][PASSED] - com.reusableComponent.HighlightElement.run(findTestObject("User/Page_Dashboard/Shareholder/UserListAll/th_Role")): com.reusableComponent.HighlightElement.run is PASSED

2023-06-23 15:50:49 - [MESSAGE][PASSED] - com.reusableComponent.HighlightElement.run is PASSED

2023-06-23 15:50:49 - [TEST_STEP][PASSED] - com.reusableComponent.HighlightElement.run(findTestObject("User/Page_Dashboard/Shareholder/UserListAll/th_Phone")): com.reusableComponent.HighlightElement.run is PASSED

2023-06-23 15:50:49 - [MESSAGE][PASSED] - com.reusableComponent.HighlightElement.run is PASSED

2023-06-23 15:50:49 - [TEST_STEP][PASSED] - com.reusableComponent.HighlightElement.run(findTestObject("User/Page_Dashboard/Shareholder/UserListAll/th_Percentage")): com.reusableComponent.HighlightElement.run is PASSED

2023-06-23 15:50:50 - [MESSAGE][PASSED] - com.reusableComponent.HighlightElement.run is PASSED

2023-06-23 15:50:50 - [TEST_STEP][PASSED] - com.reusableComponent.HighlightElement.run(findTestObject("User/Page_Dashboard/Shareholder/UserListAll/th_Status")): com.reusableComponent.HighlightElement.run is PASSED

2023-06-23 15:50:50 - [MESSAGE][PASSED] - com.reusableComponent.HighlightElement.run is PASSED

2023-06-23 15:50:50 - [TEST_STEP][PASSED] - com.reusableComponent.HighlightElement.run(findTestObject("User/Page_Dashboard/Shareholder/UserListAll/th_Remarks")): com.reusableComponent.HighlightElement.run is PASSED

2023-06-23 15:50:50 - [MESSAGE][PASSED] - com.reusableComponent.HighlightElement.run is PASSED

2023-06-23 15:50:50 - [TEST_STEP][PASSED] - com.reusableComponent.HighlightElement.run(findTestObject("User/Page_Dashboard/Shareholder/UserListAll/th_Cash")): com.reusableComponent.HighlightElement.run is PASSED

2023-06-23 15:50:51 - [MESSAGE][PASSED] - com.reusableComponent.HighlightElement.run is PASSED

2023-06-23 15:50:51 - [TEST_STEP][PASSED] - com.reusableComponent.HighlightElement.run(findTestObject("User/Page_Dashboard/Shareholder/UserListAll/th_Password Otp")): com.reusableComponent.HighlightElement.run is PASSED

2023-06-23 15:50:51 - [MESSAGE][PASSED] - com.reusableComponent.HighlightElement.run is PASSED

2023-06-23 15:50:51 - [TEST_STEP][PASSED] - com.reusableComponent.HighlightElement.run(findTestObject("User/Page_Dashboard/Shareholder/UserListAll/th_Phone Otp")): com.reusableComponent.HighlightElement.run is PASSED

2023-06-23 15:50:52 - [MESSAGE][PASSED] - com.reusableComponent.HighlightElement.run is PASSED

2023-06-23 15:50:52 - [TEST_STEP][PASSED] - com.reusableComponent.HighlightElement.run(findTestObject("User/Page_Dashboard/Shareholder/UserListAll/th_Last login IP")): com.reusableComponent.HighlightElement.run is PASSED

2023-06-23 15:50:52 - [MESSAGE][PASSED] - com.reusableComponent.HighlightElement.run is PASSED

2023-06-23 15:50:52 - [TEST_STEP][PASSED] - com.reusableComponent.HighlightElement.run(findTestObject("User/Page_Dashboard/Shareholder/UserListAll/th_Created Datetime")): com.reusableComponent.HighlightElement.run is PASSED

2023-06-23 15:50:53 - [MESSAGE][PASSED] - com.reusableComponent.HighlightElement.run is PASSED

2023-06-23 15:50:53 - [TEST_STEP][PASSED] - com.reusableComponent.HighlightElement.run(findTestObject("User/Page_Dashboard/Shareholder/UserListAll/th_Last login time")): com.reusableComponent.HighlightElement.run is PASSED

2023-06-23 15:50:53 - [MESSAGE][PASSED] - com.reusableComponent.HighlightElement.run is PASSED

2023-06-23 15:50:53 - [TEST_STEP][PASSED] - com.reusableComponent.HighlightElement.run(findTestObject("User/Page_Dashboard/Shareholder/UserListAll/th_App Type")): com.reusableComponent.HighlightElement.run is PASSED

2023-06-23 15:50:54 - [MESSAGE][PASSED] - com.reusableComponent.HighlightElement.run is PASSED

2023-06-23 15:50:54 - [TEST_STEP][PASSED] - com.reusableComponent.HighlightElement.run(findTestObject("User/Page_Dashboard/Shareholder/UserListAll/th_Action")): com.reusableComponent.HighlightElement.run is PASSED

2023-06-23 15:50:54 - [MESSAGE][PASSED] - com.reusableComponent.HighlightElement.run is PASSED

2023-06-23 15:50:54 - [TEST_STEP][PASSED] - com.reusableComponent.HighlightElement.run(findTestObject("User/Page_Dashboard/Shareholder/UserListAll/th_Upline")): com.reusableComponent.HighlightElement.run is PASSED

2023-06-23 15:50:54 - [MESSAGE][PASSED] - com.reusableComponent.HighlightElement.run is PASSED

2023-06-23 15:50:54 - [TEST_STEP][PASSED] - com.reusableComponent.HighlightElement.run(findTestObject("User/Page_Dashboard/Shareholder/UserListAll/th_Main Line")): com.reusableComponent.HighlightElement.run is PASSED

2023-06-23 15:50:55 - [MESSAGE][PASSED] - com.reusableComponent.HighlightElement.run is PASSED

2023-06-23 15:50:55 - [TEST_STEP][PASSED] - com.reusableComponent.HighlightElement.run(findTestObject("User/Page_Dashboard/Shareholder/UserListAll/tableUserList")): com.reusableComponent.HighlightElement.run is PASSED

2023-06-23 15:50:55 - [MESSAGE][PASSED] - com.reusableComponent.HighlightElement.run is PASSED

2023-06-23 15:50:55 - [TEST_STEP][PASSED] - verifyElementVisible(findTestObject("User/Page_Dashboard/Shareholder/UserListAll/th_No")): Object 'Object Repository/User/Page_Dashboard/Shareholder/UserListAll/th_No' is visible

2023-06-23 15:50:56 - [MESSAGE][PASSED] - Object 'Object Repository/User/Page_Dashboard/Shareholder/UserListAll/th_No' is visible

2023-06-23 15:50:56 - [TEST_STEP][PASSED] - verifyElementVisible(findTestObject("User/Page_Dashboard/Shareholder/UserListAll/th_Login Account")): Object 'Object Repository/User/Page_Dashboard/Shareholder/UserListAll/th_Login Account' is visible

2023-06-23 15:50:56 - [MESSAGE][PASSED] - Object 'Object Repository/User/Page_Dashboard/Shareholder/UserListAll/th_Login Account' is visible

2023-06-23 15:50:56 - [TEST_STEP][PASSED] - verifyElementVisible(findTestObject("User/Page_Dashboard/Shareholder/UserListAll/th_Full Name")): Object 'Object Repository/User/Page_Dashboard/Shareholder/UserListAll/th_Full Name' is visible

2023-06-23 15:50:56 - [MESSAGE][PASSED] - Object 'Object Repository/User/Page_Dashboard/Shareholder/UserListAll/th_Full Name' is visible

2023-06-23 15:50:56 - [TEST_STEP][PASSED] - verifyElementVisible(findTestObject("User/Page_Dashboard/Shareholder/UserListAll/th_Nickname")): Object 'Object Repository/User/Page_Dashboard/Shareholder/UserListAll/th_Nickname' is visible

2023-06-23 15:50:57 - [MESSAGE][PASSED] - Object 'Object Repository/User/Page_Dashboard/Shareholder/UserListAll/th_Nickname' is visible

2023-06-23 15:50:57 - [TEST_STEP][PASSED] - verifyElementVisible(findTestObject("User/Page_Dashboard/Shareholder/UserListAll/th_Currency")): Object 'Object Repository/User/Page_Dashboard/Shareholder/UserListAll/th_Currency' is visible

2023-06-23 15:50:57 - [MESSAGE][PASSED] - Object 'Object Repository/User/Page_Dashboard/Shareholder/UserListAll/th_Currency' is visible

2023-06-23 15:50:57 - [TEST_STEP][PASSED] - verifyElementVisible(findTestObject("User/Page_Dashboard/Shareholder/UserListAll/th_Role")): Object 'Object Repository/User/Page_Dashboard/Shareholder/UserListAll/th_Role' is visible

2023-06-23 15:50:58 - [MESSAGE][PASSED] - Object 'Object Repository/User/Page_Dashboard/Shareholder/UserListAll/th_Role' is visible

2023-06-23 15:50:58 - [TEST_STEP][PASSED] - verifyElementVisible(findTestObject("User/Page_Dashboard/Shareholder/UserListAll/th_Phone")): Object 'Object Repository/User/Page_Dashboard/Shareholder/UserListAll/th_Phone' is visible

2023-06-23 15:50:58 - [MESSAGE][PASSED] - Object 'Object Repository/User/Page_Dashboard/Shareholder/UserListAll/th_Phone' is visible

2023-06-23 15:50:58 - [TEST_STEP][PASSED] - verifyElementVisible(findTestObject("User/Page_Dashboard/Shareholder/UserListAll/th_Percentage")): Object 'Object Repository/User/Page_Dashboard/Shareholder/UserListAll/th_Percentage' is visible

2023-06-23 15:50:58 - [MESSAGE][PASSED] - Object 'Object Repository/User/Page_Dashboard/Shareholder/UserListAll/th_Percentage' is visible

2023-06-23 15:50:58 - [TEST_STEP][PASSED] - verifyElementVisible(findTestObject("User/Page_Dashboard/Shareholder/UserListAll/th_Status")): Object 'Object Repository/User/Page_Dashboard/Shareholder/UserListAll/th_Status' is visible

2023-06-23 15:50:59 - [MESSAGE][PASSED] - Object 'Object Repository/User/Page_Dashboard/Shareholder/UserListAll/th_Status' is visible

2023-06-23 15:50:59 - [TEST_STEP][PASSED] - verifyElementVisible(findTestObject("User/Page_Dashboard/Shareholder/UserListAll/th_Remarks")): Object 'Object Repository/User/Page_Dashboard/Shareholder/UserListAll/th_Remarks' is visible

2023-06-23 15:50:59 - [MESSAGE][PASSED] - Object 'Object Repository/User/Page_Dashboard/Shareholder/UserListAll/th_Remarks' is visible

2023-06-23 15:50:59 - [TEST_STEP][PASSED] - verifyElementVisible(findTestObject("User/Page_Dashboard/Shareholder/UserListAll/th_Cash")): Object 'Object Repository/User/Page_Dashboard/Shareholder/UserListAll/th_Cash' is visible

2023-06-23 15:51:00 - [MESSAGE][PASSED] - Object 'Object Repository/User/Page_Dashboard/Shareholder/UserListAll/th_Cash' is visible

2023-06-23 15:51:00 - [TEST_STEP][PASSED] - verifyElementVisible(findTestObject("User/Page_Dashboard/Shareholder/UserListAll/th_Password Otp")): Object 'Object Repository/User/Page_Dashboard/Shareholder/UserListAll/th_Password Otp' is visible

2023-06-23 15:51:00 - [MESSAGE][PASSED] - Object 'Object Repository/User/Page_Dashboard/Shareholder/UserListAll/th_Password Otp' is visible

2023-06-23 15:51:00 - [TEST_STEP][PASSED] - verifyElementVisible(findTestObject("User/Page_Dashboard/Shareholder/UserListAll/th_Phone Otp")): Object 'Object Repository/User/Page_Dashboard/Shareholder/UserListAll/th_Phone Otp' is visible

2023-06-23 15:51:00 - [MESSAGE][PASSED] - Object 'Object Repository/User/Page_Dashboard/Shareholder/UserListAll/th_Phone Otp' is visible

2023-06-23 15:51:00 - [TEST_STEP][PASSED] - verifyElementVisible(findTestObject("User/Page_Dashboard/Shareholder/UserListAll/th_Last login IP")): Object 'Object Repository/User/Page_Dashboard/Shareholder/UserListAll/th_Last login IP' is visible

2023-06-23 15:51:01 - [MESSAGE][PASSED] - Object 'Object Repository/User/Page_Dashboard/Shareholder/UserListAll/th_Last login IP' is visible

2023-06-23 15:51:01 - [TEST_STEP][PASSED] - verifyElementVisible(findTestObject("User/Page_Dashboard/Shareholder/UserListAll/th_Created Datetime")): Object 'Object Repository/User/Page_Dashboard/Shareholder/UserListAll/th_Created Datetime' is visible

2023-06-23 15:51:01 - [MESSAGE][PASSED] - Object 'Object Repository/User/Page_Dashboard/Shareholder/UserListAll/th_Created Datetime' is visible

2023-06-23 15:51:01 - [TEST_STEP][PASSED] - verifyElementVisible(findTestObject("User/Page_Dashboard/Shareholder/UserListAll/th_Last login time")): Object 'Object Repository/User/Page_Dashboard/Shareholder/UserListAll/th_Last login time' is visible

2023-06-23 15:51:02 - [MESSAGE][PASSED] - Object 'Object Repository/User/Page_Dashboard/Shareholder/UserListAll/th_Last login time' is visible

2023-06-23 15:51:02 - [TEST_STEP][PASSED] - verifyElementVisible(findTestObject("User/Page_Dashboard/Shareholder/UserListAll/th_App Type")): Object 'Object Repository/User/Page_Dashboard/Shareholder/UserListAll/th_App Type' is visible

2023-06-23 15:51:02 - [MESSAGE][PASSED] - Object 'Object Repository/User/Page_Dashboard/Shareholder/UserListAll/th_App Type' is visible

2023-06-23 15:51:02 - [TEST_STEP][PASSED] - verifyElementVisible(findTestObject("User/Page_Dashboard/Shareholder/UserListAll/th_Action")): Object 'Object Repository/User/Page_Dashboard/Shareholder/UserListAll/th_Action' is visible

2023-06-23 15:51:03 - [MESSAGE][PASSED] - Object 'Object Repository/User/Page_Dashboard/Shareholder/UserListAll/th_Action' is visible

2023-06-23 15:51:03 - [TEST_STEP][PASSED] - verifyElementVisible(findTestObject("User/Page_Dashboard/Shareholder/UserListAll/th_Upline")): Object 'Object Repository/User/Page_Dashboard/Shareholder/UserListAll/th_Upline' is visible

2023-06-23 15:51:03 - [MESSAGE][PASSED] - Object 'Object Repository/User/Page_Dashboard/Shareholder/UserListAll/th_Upline' is visible

2023-06-23 15:51:03 - [TEST_STEP][PASSED] - verifyElementVisible(findTestObject("User/Page_Dashboard/Shareholder/UserListAll/th_Main Line")): Object 'Object Repository/User/Page_Dashboard/Shareholder/UserListAll/th_Main Line' is visible

2023-06-23 15:51:03 - [MESSAGE][PASSED] - Object 'Object Repository/User/Page_Dashboard/Shareholder/UserListAll/th_Main Line' is visible

2023-06-23 15:51:03 - [TEST_STEP][PASSED] - verifyElementVisible(findTestObject("User/Page_Dashboard/Shareholder/UserListAll/tableUserList")): Object 'Object Repository/User/Page_Dashboard/Shareholder/UserListAll/tableUserList' is visible

2023-06-23 15:51:04 - [MESSAGE][PASSED] - Object 'Object Repository/User/Page_Dashboard/Shareholder/UserListAll/tableUserList' is visible]]></system-out>
         <system-err><![CDATA[]]></system-err>
      </testcase>
      <testcase name="Test Cases/User/Shareholder/List IDR" time="35.748" classname="Test Cases/User/Shareholder/List IDR" status="PASSED">
         <system-out><![CDATA[2023-06-23 15:51:04 - [TEST_CASE][PASSED] - Test Cases/User/Shareholder/List IDR: Test Cases/User/Shareholder/List IDR

2023-06-23 15:51:04 - [TEST_STEP][PASSED] - com.reusableComponent.HighlightElement.run(findTestObject("User/Page_Dashboard/Member/span_User")): com.reusableComponent.HighlightElement.run is PASSED

2023-06-23 15:51:05 - [MESSAGE][PASSED] - com.reusableComponent.HighlightElement.run is PASSED

2023-06-23 15:51:05 - [TEST_STEP][PASSED] - mouseOver(findTestObject("User/Page_Dashboard/Member/span_User")): Object: 'Object Repository/User/Page_Dashboard/Member/span_User' is hovered

2023-06-23 15:51:05 - [MESSAGE][PASSED] - Object: 'Object Repository/User/Page_Dashboard/Member/span_User' is hovered

2023-06-23 15:51:05 - [TEST_STEP][PASSED] - com.reusableComponent.HighlightElement.run(findTestObject("User/Page_Dashboard/Shareholder/span_List")): com.reusableComponent.HighlightElement.run is PASSED

2023-06-23 15:51:06 - [MESSAGE][PASSED] - com.reusableComponent.HighlightElement.run is PASSED

2023-06-23 15:51:06 - [TEST_STEP][PASSED] - mouseOver(findTestObject("User/Page_Dashboard/Shareholder/span_List")): Object: 'Object Repository/User/Page_Dashboard/Shareholder/span_List' is hovered

2023-06-23 15:51:06 - [MESSAGE][PASSED] - Object: 'Object Repository/User/Page_Dashboard/Shareholder/span_List' is hovered

2023-06-23 15:51:06 - [TEST_STEP][PASSED] - com.reusableComponent.HighlightElement.run(findTestObject("User/Page_Dashboard/Shareholder/UserListAll/span_IDR")): com.reusableComponent.HighlightElement.run is PASSED

2023-06-23 15:51:07 - [MESSAGE][PASSED] - com.reusableComponent.HighlightElement.run is PASSED

2023-06-23 15:51:07 - [TEST_STEP][PASSED] - mouseOver(findTestObject("User/Page_Dashboard/Shareholder/UserListAll/span_IDR")): Object: 'Object Repository/User/Page_Dashboard/Shareholder/UserListAll/span_IDR' is hovered

2023-06-23 15:51:07 - [MESSAGE][PASSED] - Object: 'Object Repository/User/Page_Dashboard/Shareholder/UserListAll/span_IDR' is hovered

2023-06-23 15:51:07 - [TEST_STEP][PASSED] - click(findTestObject("User/Page_Dashboard/Shareholder/UserListAll/span_IDR")): Object: 'Object Repository/User/Page_Dashboard/Shareholder/UserListAll/span_IDR' is clicked on

2023-06-23 15:51:10 - [MESSAGE][PASSED] - Object: 'Object Repository/User/Page_Dashboard/Shareholder/UserListAll/span_IDR' is clicked on

2023-06-23 15:51:10 - [TEST_STEP][PASSED] - com.reusableComponent.HighlightElement.run(findTestObject("User/Page_Dashboard/Shareholder/UserListAll/h3_User List")): com.reusableComponent.HighlightElement.run is PASSED

2023-06-23 15:51:11 - [MESSAGE][PASSED] - com.reusableComponent.HighlightElement.run is PASSED

2023-06-23 15:51:11 - [TEST_STEP][PASSED] - com.reusableComponent.HighlightElement.run(findTestObject("User/Page_Dashboard/Shareholder/UserListAll/input_Username_shareholder_username")): com.reusableComponent.HighlightElement.run is PASSED

2023-06-23 15:51:12 - [MESSAGE][PASSED] - com.reusableComponent.HighlightElement.run is PASSED

2023-06-23 15:51:12 - [TEST_STEP][PASSED] - com.reusableComponent.HighlightElement.run(findTestObject("User/Page_Dashboard/Shareholder/UserListAll/input_MPU_member_product_username")): com.reusableComponent.HighlightElement.run is PASSED

2023-06-23 15:51:12 - [MESSAGE][PASSED] - com.reusableComponent.HighlightElement.run is PASSED

2023-06-23 15:51:12 - [TEST_STEP][PASSED] - com.reusableComponent.HighlightElement.run(findTestObject("User/Page_Dashboard/Shareholder/UserListAll/selectLevel")): com.reusableComponent.HighlightElement.run is PASSED

2023-06-23 15:51:13 - [MESSAGE][PASSED] - com.reusableComponent.HighlightElement.run is PASSED

2023-06-23 15:51:13 - [TEST_STEP][PASSED] - com.reusableComponent.HighlightElement.run(findTestObject("User/Page_Dashboard/Shareholder/UserListAll/selectWallet")): com.reusableComponent.HighlightElement.run is PASSED

2023-06-23 15:51:13 - [MESSAGE][PASSED] - com.reusableComponent.HighlightElement.run is PASSED

2023-06-23 15:51:13 - [TEST_STEP][PASSED] - com.reusableComponent.HighlightElement.run(findTestObject("User/Page_Dashboard/Shareholder/UserListAll/button_Search")): com.reusableComponent.HighlightElement.run is PASSED

2023-06-23 15:51:14 - [MESSAGE][PASSED] - com.reusableComponent.HighlightElement.run is PASSED

2023-06-23 15:51:14 - [TEST_STEP][PASSED] - com.reusableComponent.HighlightElement.run(findTestObject("User/Page_Dashboard/Shareholder/UserListAll/button_Create Shareholder")): com.reusableComponent.HighlightElement.run is PASSED

2023-06-23 15:51:14 - [MESSAGE][PASSED] - com.reusableComponent.HighlightElement.run is PASSED

2023-06-23 15:51:14 - [TEST_STEP][PASSED] - verifyElementVisible(findTestObject("User/Page_Dashboard/Shareholder/UserListAll/h3_User List")): Object 'Object Repository/User/Page_Dashboard/Shareholder/UserListAll/h3_User List' is visible

2023-06-23 15:51:15 - [MESSAGE][PASSED] - Object 'Object Repository/User/Page_Dashboard/Shareholder/UserListAll/h3_User List' is visible

2023-06-23 15:51:15 - [TEST_STEP][PASSED] - verifyElementVisible(findTestObject("User/Page_Dashboard/Shareholder/UserListAll/input_Username_shareholder_username")): Object 'Object Repository/User/Page_Dashboard/Shareholder/UserListAll/input_Username_shareholder_username' is visible

2023-06-23 15:51:15 - [MESSAGE][PASSED] - Object 'Object Repository/User/Page_Dashboard/Shareholder/UserListAll/input_Username_shareholder_username' is visible

2023-06-23 15:51:15 - [TEST_STEP][PASSED] - verifyElementVisible(findTestObject("User/Page_Dashboard/Shareholder/UserListAll/input_MPU_member_product_username")): Object 'Object Repository/User/Page_Dashboard/Shareholder/UserListAll/input_MPU_member_product_username' is visible

2023-06-23 15:51:15 - [MESSAGE][PASSED] - Object 'Object Repository/User/Page_Dashboard/Shareholder/UserListAll/input_MPU_member_product_username' is visible

2023-06-23 15:51:15 - [TEST_STEP][PASSED] - verifyElementVisible(findTestObject("User/Page_Dashboard/Shareholder/UserListAll/selectLevel")): Object 'Object Repository/User/Page_Dashboard/Shareholder/UserListAll/selectLevel' is visible

2023-06-23 15:51:16 - [MESSAGE][PASSED] - Object 'Object Repository/User/Page_Dashboard/Shareholder/UserListAll/selectLevel' is visible

2023-06-23 15:51:16 - [TEST_STEP][PASSED] - verifyElementVisible(findTestObject("User/Page_Dashboard/Shareholder/UserListAll/selectWallet")): Object 'Object Repository/User/Page_Dashboard/Shareholder/UserListAll/selectWallet' is visible

2023-06-23 15:51:16 - [MESSAGE][PASSED] - Object 'Object Repository/User/Page_Dashboard/Shareholder/UserListAll/selectWallet' is visible

2023-06-23 15:51:16 - [TEST_STEP][PASSED] - verifyElementVisible(findTestObject("User/Page_Dashboard/Shareholder/UserListAll/button_Search")): Object 'Object Repository/User/Page_Dashboard/Shareholder/UserListAll/button_Search' is visible

2023-06-23 15:51:17 - [MESSAGE][PASSED] - Object 'Object Repository/User/Page_Dashboard/Shareholder/UserListAll/button_Search' is visible

2023-06-23 15:51:17 - [TEST_STEP][PASSED] - verifyElementVisible(findTestObject("User/Page_Dashboard/Shareholder/UserListAll/button_Create Shareholder")): Object 'Object Repository/User/Page_Dashboard/Shareholder/UserListAll/button_Create Shareholder' is visible

2023-06-23 15:51:17 - [MESSAGE][PASSED] - Object 'Object Repository/User/Page_Dashboard/Shareholder/UserListAll/button_Create Shareholder' is visible

2023-06-23 15:51:17 - [TEST_STEP][PASSED] - com.reusableComponent.HighlightElement.run(findTestObject("User/Page_Dashboard/Shareholder/UserListAll/select_102550100")): com.reusableComponent.HighlightElement.run is PASSED

2023-06-23 15:51:17 - [MESSAGE][PASSED] - com.reusableComponent.HighlightElement.run is PASSED

2023-06-23 15:51:17 - [TEST_STEP][PASSED] - com.reusableComponent.HighlightElement.run(findTestObject("User/Page_Dashboard/Shareholder/UserListAll/span_Copy")): com.reusableComponent.HighlightElement.run is PASSED

2023-06-23 15:51:18 - [MESSAGE][PASSED] - com.reusableComponent.HighlightElement.run is PASSED

2023-06-23 15:51:18 - [TEST_STEP][PASSED] - com.reusableComponent.HighlightElement.run(findTestObject("User/Page_Dashboard/Shareholder/UserListAll/span_CSV")): com.reusableComponent.HighlightElement.run is PASSED

2023-06-23 15:51:18 - [MESSAGE][PASSED] - com.reusableComponent.HighlightElement.run is PASSED

2023-06-23 15:51:18 - [TEST_STEP][PASSED] - com.reusableComponent.HighlightElement.run(findTestObject("User/Page_Dashboard/Shareholder/UserListAll/span_Excel")): com.reusableComponent.HighlightElement.run is PASSED

2023-06-23 15:51:19 - [MESSAGE][PASSED] - com.reusableComponent.HighlightElement.run is PASSED

2023-06-23 15:51:19 - [TEST_STEP][PASSED] - com.reusableComponent.HighlightElement.run(findTestObject("User/Page_Dashboard/Shareholder/UserListAll/span_PDF")): com.reusableComponent.HighlightElement.run is PASSED

2023-06-23 15:51:19 - [MESSAGE][PASSED] - com.reusableComponent.HighlightElement.run is PASSED

2023-06-23 15:51:19 - [TEST_STEP][PASSED] - verifyElementVisible(findTestObject("User/Page_Dashboard/Shareholder/UserListAll/span_Copy")): Object 'Object Repository/User/Page_Dashboard/Shareholder/UserListAll/span_Copy' is visible

2023-06-23 15:51:20 - [MESSAGE][PASSED] - Object 'Object Repository/User/Page_Dashboard/Shareholder/UserListAll/span_Copy' is visible

2023-06-23 15:51:20 - [TEST_STEP][PASSED] - verifyElementVisible(findTestObject("User/Page_Dashboard/Shareholder/UserListAll/span_CSV")): Object 'Object Repository/User/Page_Dashboard/Shareholder/UserListAll/span_CSV' is visible

2023-06-23 15:51:20 - [MESSAGE][PASSED] - Object 'Object Repository/User/Page_Dashboard/Shareholder/UserListAll/span_CSV' is visible

2023-06-23 15:51:20 - [TEST_STEP][PASSED] - verifyElementVisible(findTestObject("User/Page_Dashboard/Shareholder/UserListAll/span_Excel")): Object 'Object Repository/User/Page_Dashboard/Shareholder/UserListAll/span_Excel' is visible

2023-06-23 15:51:21 - [MESSAGE][PASSED] - Object 'Object Repository/User/Page_Dashboard/Shareholder/UserListAll/span_Excel' is visible

2023-06-23 15:51:21 - [TEST_STEP][PASSED] - verifyElementVisible(findTestObject("User/Page_Dashboard/Shareholder/UserListAll/span_PDF")): Object 'Object Repository/User/Page_Dashboard/Shareholder/UserListAll/span_PDF' is visible

2023-06-23 15:51:21 - [MESSAGE][PASSED] - Object 'Object Repository/User/Page_Dashboard/Shareholder/UserListAll/span_PDF' is visible

2023-06-23 15:51:21 - [TEST_STEP][PASSED] - com.reusableComponent.HighlightElement.run(findTestObject("User/Page_Dashboard/Shareholder/UserListAll/input_Search_form-control form-control-sm")): com.reusableComponent.HighlightElement.run is PASSED

2023-06-23 15:51:22 - [MESSAGE][PASSED] - com.reusableComponent.HighlightElement.run is PASSED

2023-06-23 15:51:22 - [TEST_STEP][PASSED] - verifyElementVisible(findTestObject("User/Page_Dashboard/Shareholder/UserListAll/input_Search_form-control form-control-sm")): Object 'Object Repository/User/Page_Dashboard/Shareholder/UserListAll/input_Search_form-control form-control-sm' is visible

2023-06-23 15:51:22 - [MESSAGE][PASSED] - Object 'Object Repository/User/Page_Dashboard/Shareholder/UserListAll/input_Search_form-control form-control-sm' is visible

2023-06-23 15:51:22 - [TEST_STEP][PASSED] - com.reusableComponent.HighlightElement.run(findTestObject("User/Page_Dashboard/Shareholder/UserListAll/th_No")): com.reusableComponent.HighlightElement.run is PASSED

2023-06-23 15:51:22 - [MESSAGE][PASSED] - com.reusableComponent.HighlightElement.run is PASSED

2023-06-23 15:51:22 - [TEST_STEP][PASSED] - com.reusableComponent.HighlightElement.run(findTestObject("User/Page_Dashboard/Shareholder/UserListAll/th_Login Account")): com.reusableComponent.HighlightElement.run is PASSED

2023-06-23 15:51:23 - [MESSAGE][PASSED] - com.reusableComponent.HighlightElement.run is PASSED

2023-06-23 15:51:23 - [TEST_STEP][PASSED] - com.reusableComponent.HighlightElement.run(findTestObject("User/Page_Dashboard/Shareholder/UserListAll/th_Full Name")): com.reusableComponent.HighlightElement.run is PASSED

2023-06-23 15:51:23 - [MESSAGE][PASSED] - com.reusableComponent.HighlightElement.run is PASSED

2023-06-23 15:51:23 - [TEST_STEP][PASSED] - com.reusableComponent.HighlightElement.run(findTestObject("User/Page_Dashboard/Shareholder/UserListAll/th_Nickname")): com.reusableComponent.HighlightElement.run is PASSED

2023-06-23 15:51:24 - [MESSAGE][PASSED] - com.reusableComponent.HighlightElement.run is PASSED

2023-06-23 15:51:24 - [TEST_STEP][PASSED] - com.reusableComponent.HighlightElement.run(findTestObject("User/Page_Dashboard/Shareholder/UserListAll/th_Currency")): com.reusableComponent.HighlightElement.run is PASSED

2023-06-23 15:51:24 - [MESSAGE][PASSED] - com.reusableComponent.HighlightElement.run is PASSED

2023-06-23 15:51:24 - [TEST_STEP][PASSED] - com.reusableComponent.HighlightElement.run(findTestObject("User/Page_Dashboard/Shareholder/UserListAll/th_Role")): com.reusableComponent.HighlightElement.run is PASSED

2023-06-23 15:51:25 - [MESSAGE][PASSED] - com.reusableComponent.HighlightElement.run is PASSED

2023-06-23 15:51:25 - [TEST_STEP][PASSED] - com.reusableComponent.HighlightElement.run(findTestObject("User/Page_Dashboard/Shareholder/UserListAll/th_Phone")): com.reusableComponent.HighlightElement.run is PASSED

2023-06-23 15:51:25 - [MESSAGE][PASSED] - com.reusableComponent.HighlightElement.run is PASSED

2023-06-23 15:51:25 - [TEST_STEP][PASSED] - com.reusableComponent.HighlightElement.run(findTestObject("User/Page_Dashboard/Shareholder/UserListAll/th_Percentage")): com.reusableComponent.HighlightElement.run is PASSED

2023-06-23 15:51:25 - [MESSAGE][PASSED] - com.reusableComponent.HighlightElement.run is PASSED

2023-06-23 15:51:25 - [TEST_STEP][PASSED] - com.reusableComponent.HighlightElement.run(findTestObject("User/Page_Dashboard/Shareholder/UserListAll/th_Status")): com.reusableComponent.HighlightElement.run is PASSED

2023-06-23 15:51:26 - [MESSAGE][PASSED] - com.reusableComponent.HighlightElement.run is PASSED

2023-06-23 15:51:26 - [TEST_STEP][PASSED] - com.reusableComponent.HighlightElement.run(findTestObject("User/Page_Dashboard/Shareholder/UserListAll/th_Remarks")): com.reusableComponent.HighlightElement.run is PASSED

2023-06-23 15:51:26 - [MESSAGE][PASSED] - com.reusableComponent.HighlightElement.run is PASSED

2023-06-23 15:51:26 - [TEST_STEP][PASSED] - com.reusableComponent.HighlightElement.run(findTestObject("User/Page_Dashboard/Shareholder/UserListAll/th_Cash")): com.reusableComponent.HighlightElement.run is PASSED

2023-06-23 15:51:27 - [MESSAGE][PASSED] - com.reusableComponent.HighlightElement.run is PASSED

2023-06-23 15:51:27 - [TEST_STEP][PASSED] - com.reusableComponent.HighlightElement.run(findTestObject("User/Page_Dashboard/Shareholder/UserListAll/th_Password Otp")): com.reusableComponent.HighlightElement.run is PASSED

2023-06-23 15:51:27 - [MESSAGE][PASSED] - com.reusableComponent.HighlightElement.run is PASSED

2023-06-23 15:51:27 - [TEST_STEP][PASSED] - com.reusableComponent.HighlightElement.run(findTestObject("User/Page_Dashboard/Shareholder/UserListAll/th_Phone Otp")): com.reusableComponent.HighlightElement.run is PASSED

2023-06-23 15:51:28 - [MESSAGE][PASSED] - com.reusableComponent.HighlightElement.run is PASSED

2023-06-23 15:51:28 - [TEST_STEP][PASSED] - com.reusableComponent.HighlightElement.run(findTestObject("User/Page_Dashboard/Shareholder/UserListAll/th_Last login IP")): com.reusableComponent.HighlightElement.run is PASSED

2023-06-23 15:51:28 - [MESSAGE][PASSED] - com.reusableComponent.HighlightElement.run is PASSED

2023-06-23 15:51:28 - [TEST_STEP][PASSED] - com.reusableComponent.HighlightElement.run(findTestObject("User/Page_Dashboard/Shareholder/UserListAll/th_Created Datetime")): com.reusableComponent.HighlightElement.run is PASSED

2023-06-23 15:51:29 - [MESSAGE][PASSED] - com.reusableComponent.HighlightElement.run is PASSED

2023-06-23 15:51:29 - [TEST_STEP][PASSED] - com.reusableComponent.HighlightElement.run(findTestObject("User/Page_Dashboard/Shareholder/UserListAll/th_Last login time")): com.reusableComponent.HighlightElement.run is PASSED

2023-06-23 15:51:29 - [MESSAGE][PASSED] - com.reusableComponent.HighlightElement.run is PASSED

2023-06-23 15:51:29 - [TEST_STEP][PASSED] - com.reusableComponent.HighlightElement.run(findTestObject("User/Page_Dashboard/Shareholder/UserListAll/th_App Type")): com.reusableComponent.HighlightElement.run is PASSED

2023-06-23 15:51:29 - [MESSAGE][PASSED] - com.reusableComponent.HighlightElement.run is PASSED

2023-06-23 15:51:29 - [TEST_STEP][PASSED] - com.reusableComponent.HighlightElement.run(findTestObject("User/Page_Dashboard/Shareholder/UserListAll/th_Action")): com.reusableComponent.HighlightElement.run is PASSED

2023-06-23 15:51:30 - [MESSAGE][PASSED] - com.reusableComponent.HighlightElement.run is PASSED

2023-06-23 15:51:30 - [TEST_STEP][PASSED] - com.reusableComponent.HighlightElement.run(findTestObject("User/Page_Dashboard/Shareholder/UserListAll/th_Upline")): com.reusableComponent.HighlightElement.run is PASSED

2023-06-23 15:51:30 - [MESSAGE][PASSED] - com.reusableComponent.HighlightElement.run is PASSED

2023-06-23 15:51:30 - [TEST_STEP][PASSED] - com.reusableComponent.HighlightElement.run(findTestObject("User/Page_Dashboard/Shareholder/UserListAll/th_Main Line")): com.reusableComponent.HighlightElement.run is PASSED

2023-06-23 15:51:31 - [MESSAGE][PASSED] - com.reusableComponent.HighlightElement.run is PASSED

2023-06-23 15:51:31 - [TEST_STEP][PASSED] - com.reusableComponent.HighlightElement.run(findTestObject("User/Page_Dashboard/Shareholder/UserListAll/tableUserList")): com.reusableComponent.HighlightElement.run is PASSED

2023-06-23 15:51:31 - [MESSAGE][PASSED] - com.reusableComponent.HighlightElement.run is PASSED

2023-06-23 15:51:31 - [TEST_STEP][PASSED] - verifyElementVisible(findTestObject("User/Page_Dashboard/Shareholder/UserListAll/th_No")): Object 'Object Repository/User/Page_Dashboard/Shareholder/UserListAll/th_No' is visible

2023-06-23 15:51:32 - [MESSAGE][PASSED] - Object 'Object Repository/User/Page_Dashboard/Shareholder/UserListAll/th_No' is visible

2023-06-23 15:51:32 - [TEST_STEP][PASSED] - verifyElementVisible(findTestObject("User/Page_Dashboard/Shareholder/UserListAll/th_Login Account")): Object 'Object Repository/User/Page_Dashboard/Shareholder/UserListAll/th_Login Account' is visible

2023-06-23 15:51:32 - [MESSAGE][PASSED] - Object 'Object Repository/User/Page_Dashboard/Shareholder/UserListAll/th_Login Account' is visible

2023-06-23 15:51:32 - [TEST_STEP][PASSED] - verifyElementVisible(findTestObject("User/Page_Dashboard/Shareholder/UserListAll/th_Full Name")): Object 'Object Repository/User/Page_Dashboard/Shareholder/UserListAll/th_Full Name' is visible

2023-06-23 15:51:32 - [MESSAGE][PASSED] - Object 'Object Repository/User/Page_Dashboard/Shareholder/UserListAll/th_Full Name' is visible

2023-06-23 15:51:32 - [TEST_STEP][PASSED] - verifyElementVisible(findTestObject("User/Page_Dashboard/Shareholder/UserListAll/th_Nickname")): Object 'Object Repository/User/Page_Dashboard/Shareholder/UserListAll/th_Nickname' is visible

2023-06-23 15:51:33 - [MESSAGE][PASSED] - Object 'Object Repository/User/Page_Dashboard/Shareholder/UserListAll/th_Nickname' is visible

2023-06-23 15:51:33 - [TEST_STEP][PASSED] - verifyElementVisible(findTestObject("User/Page_Dashboard/Shareholder/UserListAll/th_Currency")): Object 'Object Repository/User/Page_Dashboard/Shareholder/UserListAll/th_Currency' is visible

2023-06-23 15:51:33 - [MESSAGE][PASSED] - Object 'Object Repository/User/Page_Dashboard/Shareholder/UserListAll/th_Currency' is visible

2023-06-23 15:51:33 - [TEST_STEP][PASSED] - verifyElementVisible(findTestObject("User/Page_Dashboard/Shareholder/UserListAll/th_Role")): Object 'Object Repository/User/Page_Dashboard/Shareholder/UserListAll/th_Role' is visible

2023-06-23 15:51:34 - [MESSAGE][PASSED] - Object 'Object Repository/User/Page_Dashboard/Shareholder/UserListAll/th_Role' is visible

2023-06-23 15:51:34 - [TEST_STEP][PASSED] - verifyElementVisible(findTestObject("User/Page_Dashboard/Shareholder/UserListAll/th_Phone")): Object 'Object Repository/User/Page_Dashboard/Shareholder/UserListAll/th_Phone' is visible

2023-06-23 15:51:34 - [MESSAGE][PASSED] - Object 'Object Repository/User/Page_Dashboard/Shareholder/UserListAll/th_Phone' is visible

2023-06-23 15:51:34 - [TEST_STEP][PASSED] - verifyElementVisible(findTestObject("User/Page_Dashboard/Shareholder/UserListAll/th_Percentage")): Object 'Object Repository/User/Page_Dashboard/Shareholder/UserListAll/th_Percentage' is visible

2023-06-23 15:51:34 - [MESSAGE][PASSED] - Object 'Object Repository/User/Page_Dashboard/Shareholder/UserListAll/th_Percentage' is visible

2023-06-23 15:51:34 - [TEST_STEP][PASSED] - verifyElementVisible(findTestObject("User/Page_Dashboard/Shareholder/UserListAll/th_Status")): Object 'Object Repository/User/Page_Dashboard/Shareholder/UserListAll/th_Status' is visible

2023-06-23 15:51:35 - [MESSAGE][PASSED] - Object 'Object Repository/User/Page_Dashboard/Shareholder/UserListAll/th_Status' is visible

2023-06-23 15:51:35 - [TEST_STEP][PASSED] - verifyElementVisible(findTestObject("User/Page_Dashboard/Shareholder/UserListAll/th_Remarks")): Object 'Object Repository/User/Page_Dashboard/Shareholder/UserListAll/th_Remarks' is visible

2023-06-23 15:51:35 - [MESSAGE][PASSED] - Object 'Object Repository/User/Page_Dashboard/Shareholder/UserListAll/th_Remarks' is visible

2023-06-23 15:51:35 - [TEST_STEP][PASSED] - verifyElementVisible(findTestObject("User/Page_Dashboard/Shareholder/UserListAll/th_Cash")): Object 'Object Repository/User/Page_Dashboard/Shareholder/UserListAll/th_Cash' is visible

2023-06-23 15:51:36 - [MESSAGE][PASSED] - Object 'Object Repository/User/Page_Dashboard/Shareholder/UserListAll/th_Cash' is visible

2023-06-23 15:51:36 - [TEST_STEP][PASSED] - verifyElementVisible(findTestObject("User/Page_Dashboard/Shareholder/UserListAll/th_Password Otp")): Object 'Object Repository/User/Page_Dashboard/Shareholder/UserListAll/th_Password Otp' is visible

2023-06-23 15:51:36 - [MESSAGE][PASSED] - Object 'Object Repository/User/Page_Dashboard/Shareholder/UserListAll/th_Password Otp' is visible

2023-06-23 15:51:36 - [TEST_STEP][PASSED] - verifyElementVisible(findTestObject("User/Page_Dashboard/Shareholder/UserListAll/th_Phone Otp")): Object 'Object Repository/User/Page_Dashboard/Shareholder/UserListAll/th_Phone Otp' is visible

2023-06-23 15:51:36 - [MESSAGE][PASSED] - Object 'Object Repository/User/Page_Dashboard/Shareholder/UserListAll/th_Phone Otp' is visible

2023-06-23 15:51:36 - [TEST_STEP][PASSED] - verifyElementVisible(findTestObject("User/Page_Dashboard/Shareholder/UserListAll/th_Last login IP")): Object 'Object Repository/User/Page_Dashboard/Shareholder/UserListAll/th_Last login IP' is visible

2023-06-23 15:51:37 - [MESSAGE][PASSED] - Object 'Object Repository/User/Page_Dashboard/Shareholder/UserListAll/th_Last login IP' is visible

2023-06-23 15:51:37 - [TEST_STEP][PASSED] - verifyElementVisible(findTestObject("User/Page_Dashboard/Shareholder/UserListAll/th_Created Datetime")): Object 'Object Repository/User/Page_Dashboard/Shareholder/UserListAll/th_Created Datetime' is visible

2023-06-23 15:51:37 - [MESSAGE][PASSED] - Object 'Object Repository/User/Page_Dashboard/Shareholder/UserListAll/th_Created Datetime' is visible

2023-06-23 15:51:37 - [TEST_STEP][PASSED] - verifyElementVisible(findTestObject("User/Page_Dashboard/Shareholder/UserListAll/th_Last login time")): Object 'Object Repository/User/Page_Dashboard/Shareholder/UserListAll/th_Last login time' is visible

2023-06-23 15:51:38 - [MESSAGE][PASSED] - Object 'Object Repository/User/Page_Dashboard/Shareholder/UserListAll/th_Last login time' is visible

2023-06-23 15:51:38 - [TEST_STEP][PASSED] - verifyElementVisible(findTestObject("User/Page_Dashboard/Shareholder/UserListAll/th_App Type")): Object 'Object Repository/User/Page_Dashboard/Shareholder/UserListAll/th_App Type' is visible

2023-06-23 15:51:38 - [MESSAGE][PASSED] - Object 'Object Repository/User/Page_Dashboard/Shareholder/UserListAll/th_App Type' is visible

2023-06-23 15:51:38 - [TEST_STEP][PASSED] - verifyElementVisible(findTestObject("User/Page_Dashboard/Shareholder/UserListAll/th_Action")): Object 'Object Repository/User/Page_Dashboard/Shareholder/UserListAll/th_Action' is visible

2023-06-23 15:51:38 - [MESSAGE][PASSED] - Object 'Object Repository/User/Page_Dashboard/Shareholder/UserListAll/th_Action' is visible

2023-06-23 15:51:38 - [TEST_STEP][PASSED] - verifyElementVisible(findTestObject("User/Page_Dashboard/Shareholder/UserListAll/th_Upline")): Object 'Object Repository/User/Page_Dashboard/Shareholder/UserListAll/th_Upline' is visible

2023-06-23 15:51:39 - [MESSAGE][PASSED] - Object 'Object Repository/User/Page_Dashboard/Shareholder/UserListAll/th_Upline' is visible

2023-06-23 15:51:39 - [TEST_STEP][PASSED] - verifyElementVisible(findTestObject("User/Page_Dashboard/Shareholder/UserListAll/th_Main Line")): Object 'Object Repository/User/Page_Dashboard/Shareholder/UserListAll/th_Main Line' is visible

2023-06-23 15:51:39 - [MESSAGE][PASSED] - Object 'Object Repository/User/Page_Dashboard/Shareholder/UserListAll/th_Main Line' is visible

2023-06-23 15:51:39 - [TEST_STEP][PASSED] - verifyElementVisible(findTestObject("User/Page_Dashboard/Shareholder/UserListAll/tableUserList")): Object 'Object Repository/User/Page_Dashboard/Shareholder/UserListAll/tableUserList' is visible

2023-06-23 15:51:39 - [MESSAGE][PASSED] - Object 'Object Repository/User/Page_Dashboard/Shareholder/UserListAll/tableUserList' is visible]]></system-out>
         <system-err><![CDATA[]]></system-err>
      </testcase>
      <testcase name="Test Cases/User/Shareholder/List MMK" time="36.106" classname="Test Cases/User/Shareholder/List MMK" status="PASSED">
         <system-out><![CDATA[2023-06-23 15:51:39 - [TEST_CASE][PASSED] - Test Cases/User/Shareholder/List MMK: Test Cases/User/Shareholder/List MMK

2023-06-23 15:51:40 - [TEST_STEP][PASSED] - com.reusableComponent.HighlightElement.run(findTestObject("User/Page_Dashboard/Member/span_User")): com.reusableComponent.HighlightElement.run is PASSED

2023-06-23 15:51:41 - [MESSAGE][PASSED] - com.reusableComponent.HighlightElement.run is PASSED

2023-06-23 15:51:41 - [TEST_STEP][PASSED] - mouseOver(findTestObject("User/Page_Dashboard/Member/span_User")): Object: 'Object Repository/User/Page_Dashboard/Member/span_User' is hovered

2023-06-23 15:51:41 - [MESSAGE][PASSED] - Object: 'Object Repository/User/Page_Dashboard/Member/span_User' is hovered

2023-06-23 15:51:41 - [TEST_STEP][PASSED] - com.reusableComponent.HighlightElement.run(findTestObject("User/Page_Dashboard/Shareholder/span_List")): com.reusableComponent.HighlightElement.run is PASSED

2023-06-23 15:51:41 - [MESSAGE][PASSED] - com.reusableComponent.HighlightElement.run is PASSED

2023-06-23 15:51:41 - [TEST_STEP][PASSED] - mouseOver(findTestObject("User/Page_Dashboard/Shareholder/span_List")): Object: 'Object Repository/User/Page_Dashboard/Shareholder/span_List' is hovered

2023-06-23 15:51:42 - [MESSAGE][PASSED] - Object: 'Object Repository/User/Page_Dashboard/Shareholder/span_List' is hovered

2023-06-23 15:51:42 - [TEST_STEP][PASSED] - com.reusableComponent.HighlightElement.run(findTestObject("User/Page_Dashboard/Shareholder/UserListAll/span_MMK")): com.reusableComponent.HighlightElement.run is PASSED

2023-06-23 15:51:42 - [MESSAGE][PASSED] - com.reusableComponent.HighlightElement.run is PASSED

2023-06-23 15:51:42 - [TEST_STEP][PASSED] - mouseOver(findTestObject("User/Page_Dashboard/Shareholder/UserListAll/span_MMK")): Object: 'Object Repository/User/Page_Dashboard/Shareholder/UserListAll/span_MMK' is hovered

2023-06-23 15:51:43 - [MESSAGE][PASSED] - Object: 'Object Repository/User/Page_Dashboard/Shareholder/UserListAll/span_MMK' is hovered

2023-06-23 15:51:43 - [TEST_STEP][PASSED] - click(findTestObject("User/Page_Dashboard/Shareholder/UserListAll/span_MMK")): Object: 'Object Repository/User/Page_Dashboard/Shareholder/UserListAll/span_MMK' is clicked on

2023-06-23 15:51:46 - [MESSAGE][PASSED] - Object: 'Object Repository/User/Page_Dashboard/Shareholder/UserListAll/span_MMK' is clicked on

2023-06-23 15:51:46 - [TEST_STEP][PASSED] - com.reusableComponent.HighlightElement.run(findTestObject("User/Page_Dashboard/Shareholder/UserListAll/h3_User List")): com.reusableComponent.HighlightElement.run is PASSED

2023-06-23 15:51:47 - [MESSAGE][PASSED] - com.reusableComponent.HighlightElement.run is PASSED

2023-06-23 15:51:47 - [TEST_STEP][PASSED] - com.reusableComponent.HighlightElement.run(findTestObject("User/Page_Dashboard/Shareholder/UserListAll/input_Username_shareholder_username")): com.reusableComponent.HighlightElement.run is PASSED

2023-06-23 15:51:48 - [MESSAGE][PASSED] - com.reusableComponent.HighlightElement.run is PASSED

2023-06-23 15:51:48 - [TEST_STEP][PASSED] - com.reusableComponent.HighlightElement.run(findTestObject("User/Page_Dashboard/Shareholder/UserListAll/input_MPU_member_product_username")): com.reusableComponent.HighlightElement.run is PASSED

2023-06-23 15:51:48 - [MESSAGE][PASSED] - com.reusableComponent.HighlightElement.run is PASSED

2023-06-23 15:51:48 - [TEST_STEP][PASSED] - com.reusableComponent.HighlightElement.run(findTestObject("User/Page_Dashboard/Shareholder/UserListAll/selectLevel")): com.reusableComponent.HighlightElement.run is PASSED

2023-06-23 15:51:49 - [MESSAGE][PASSED] - com.reusableComponent.HighlightElement.run is PASSED

2023-06-23 15:51:49 - [TEST_STEP][PASSED] - com.reusableComponent.HighlightElement.run(findTestObject("User/Page_Dashboard/Shareholder/UserListAll/selectWallet")): com.reusableComponent.HighlightElement.run is PASSED

2023-06-23 15:51:49 - [MESSAGE][PASSED] - com.reusableComponent.HighlightElement.run is PASSED

2023-06-23 15:51:49 - [TEST_STEP][PASSED] - com.reusableComponent.HighlightElement.run(findTestObject("User/Page_Dashboard/Shareholder/UserListAll/button_Search")): com.reusableComponent.HighlightElement.run is PASSED

2023-06-23 15:51:50 - [MESSAGE][PASSED] - com.reusableComponent.HighlightElement.run is PASSED

2023-06-23 15:51:50 - [TEST_STEP][PASSED] - com.reusableComponent.HighlightElement.run(findTestObject("User/Page_Dashboard/Shareholder/UserListAll/button_Create Shareholder")): com.reusableComponent.HighlightElement.run is PASSED

2023-06-23 15:51:50 - [MESSAGE][PASSED] - com.reusableComponent.HighlightElement.run is PASSED

2023-06-23 15:51:50 - [TEST_STEP][PASSED] - verifyElementVisible(findTestObject("User/Page_Dashboard/Shareholder/UserListAll/h3_User List")): Object 'Object Repository/User/Page_Dashboard/Shareholder/UserListAll/h3_User List' is visible

2023-06-23 15:51:51 - [MESSAGE][PASSED] - Object 'Object Repository/User/Page_Dashboard/Shareholder/UserListAll/h3_User List' is visible

2023-06-23 15:51:51 - [TEST_STEP][PASSED] - verifyElementVisible(findTestObject("User/Page_Dashboard/Shareholder/UserListAll/input_Username_shareholder_username")): Object 'Object Repository/User/Page_Dashboard/Shareholder/UserListAll/input_Username_shareholder_username' is visible

2023-06-23 15:51:51 - [MESSAGE][PASSED] - Object 'Object Repository/User/Page_Dashboard/Shareholder/UserListAll/input_Username_shareholder_username' is visible

2023-06-23 15:51:51 - [TEST_STEP][PASSED] - verifyElementVisible(findTestObject("User/Page_Dashboard/Shareholder/UserListAll/input_MPU_member_product_username")): Object 'Object Repository/User/Page_Dashboard/Shareholder/UserListAll/input_MPU_member_product_username' is visible

2023-06-23 15:51:52 - [MESSAGE][PASSED] - Object 'Object Repository/User/Page_Dashboard/Shareholder/UserListAll/input_MPU_member_product_username' is visible

2023-06-23 15:51:52 - [TEST_STEP][PASSED] - verifyElementVisible(findTestObject("User/Page_Dashboard/Shareholder/UserListAll/selectLevel")): Object 'Object Repository/User/Page_Dashboard/Shareholder/UserListAll/selectLevel' is visible

2023-06-23 15:51:52 - [MESSAGE][PASSED] - Object 'Object Repository/User/Page_Dashboard/Shareholder/UserListAll/selectLevel' is visible

2023-06-23 15:51:52 - [TEST_STEP][PASSED] - verifyElementVisible(findTestObject("User/Page_Dashboard/Shareholder/UserListAll/selectWallet")): Object 'Object Repository/User/Page_Dashboard/Shareholder/UserListAll/selectWallet' is visible

2023-06-23 15:51:52 - [MESSAGE][PASSED] - Object 'Object Repository/User/Page_Dashboard/Shareholder/UserListAll/selectWallet' is visible

2023-06-23 15:51:52 - [TEST_STEP][PASSED] - verifyElementVisible(findTestObject("User/Page_Dashboard/Shareholder/UserListAll/button_Search")): Object 'Object Repository/User/Page_Dashboard/Shareholder/UserListAll/button_Search' is visible

2023-06-23 15:51:53 - [MESSAGE][PASSED] - Object 'Object Repository/User/Page_Dashboard/Shareholder/UserListAll/button_Search' is visible

2023-06-23 15:51:53 - [TEST_STEP][PASSED] - verifyElementVisible(findTestObject("User/Page_Dashboard/Shareholder/UserListAll/button_Create Shareholder")): Object 'Object Repository/User/Page_Dashboard/Shareholder/UserListAll/button_Create Shareholder' is visible

2023-06-23 15:51:53 - [MESSAGE][PASSED] - Object 'Object Repository/User/Page_Dashboard/Shareholder/UserListAll/button_Create Shareholder' is visible

2023-06-23 15:51:53 - [TEST_STEP][PASSED] - com.reusableComponent.HighlightElement.run(findTestObject("User/Page_Dashboard/Shareholder/UserListAll/select_102550100")): com.reusableComponent.HighlightElement.run is PASSED

2023-06-23 15:51:54 - [MESSAGE][PASSED] - com.reusableComponent.HighlightElement.run is PASSED

2023-06-23 15:51:54 - [TEST_STEP][PASSED] - com.reusableComponent.HighlightElement.run(findTestObject("User/Page_Dashboard/Shareholder/UserListAll/span_Copy")): com.reusableComponent.HighlightElement.run is PASSED

2023-06-23 15:51:54 - [MESSAGE][PASSED] - com.reusableComponent.HighlightElement.run is PASSED

2023-06-23 15:51:54 - [TEST_STEP][PASSED] - com.reusableComponent.HighlightElement.run(findTestObject("User/Page_Dashboard/Shareholder/UserListAll/span_CSV")): com.reusableComponent.HighlightElement.run is PASSED

2023-06-23 15:51:55 - [MESSAGE][PASSED] - com.reusableComponent.HighlightElement.run is PASSED

2023-06-23 15:51:55 - [TEST_STEP][PASSED] - com.reusableComponent.HighlightElement.run(findTestObject("User/Page_Dashboard/Shareholder/UserListAll/span_Excel")): com.reusableComponent.HighlightElement.run is PASSED

2023-06-23 15:51:55 - [MESSAGE][PASSED] - com.reusableComponent.HighlightElement.run is PASSED

2023-06-23 15:51:55 - [TEST_STEP][PASSED] - com.reusableComponent.HighlightElement.run(findTestObject("User/Page_Dashboard/Shareholder/UserListAll/span_PDF")): com.reusableComponent.HighlightElement.run is PASSED

2023-06-23 15:51:56 - [MESSAGE][PASSED] - com.reusableComponent.HighlightElement.run is PASSED

2023-06-23 15:51:56 - [TEST_STEP][PASSED] - verifyElementVisible(findTestObject("User/Page_Dashboard/Shareholder/UserListAll/span_Copy")): Object 'Object Repository/User/Page_Dashboard/Shareholder/UserListAll/span_Copy' is visible

2023-06-23 15:51:56 - [MESSAGE][PASSED] - Object 'Object Repository/User/Page_Dashboard/Shareholder/UserListAll/span_Copy' is visible

2023-06-23 15:51:56 - [TEST_STEP][PASSED] - verifyElementVisible(findTestObject("User/Page_Dashboard/Shareholder/UserListAll/span_CSV")): Object 'Object Repository/User/Page_Dashboard/Shareholder/UserListAll/span_CSV' is visible

2023-06-23 15:51:57 - [MESSAGE][PASSED] - Object 'Object Repository/User/Page_Dashboard/Shareholder/UserListAll/span_CSV' is visible

2023-06-23 15:51:57 - [TEST_STEP][PASSED] - verifyElementVisible(findTestObject("User/Page_Dashboard/Shareholder/UserListAll/span_Excel")): Object 'Object Repository/User/Page_Dashboard/Shareholder/UserListAll/span_Excel' is visible

2023-06-23 15:51:57 - [MESSAGE][PASSED] - Object 'Object Repository/User/Page_Dashboard/Shareholder/UserListAll/span_Excel' is visible

2023-06-23 15:51:57 - [TEST_STEP][PASSED] - verifyElementVisible(findTestObject("User/Page_Dashboard/Shareholder/UserListAll/span_PDF")): Object 'Object Repository/User/Page_Dashboard/Shareholder/UserListAll/span_PDF' is visible

2023-06-23 15:51:57 - [MESSAGE][PASSED] - Object 'Object Repository/User/Page_Dashboard/Shareholder/UserListAll/span_PDF' is visible

2023-06-23 15:51:57 - [TEST_STEP][PASSED] - com.reusableComponent.HighlightElement.run(findTestObject("User/Page_Dashboard/Shareholder/UserListAll/input_Search_form-control form-control-sm")): com.reusableComponent.HighlightElement.run is PASSED

2023-06-23 15:51:58 - [MESSAGE][PASSED] - com.reusableComponent.HighlightElement.run is PASSED

2023-06-23 15:51:58 - [TEST_STEP][PASSED] - verifyElementVisible(findTestObject("User/Page_Dashboard/Shareholder/UserListAll/input_Search_form-control form-control-sm")): Object 'Object Repository/User/Page_Dashboard/Shareholder/UserListAll/input_Search_form-control form-control-sm' is visible

2023-06-23 15:51:58 - [MESSAGE][PASSED] - Object 'Object Repository/User/Page_Dashboard/Shareholder/UserListAll/input_Search_form-control form-control-sm' is visible

2023-06-23 15:51:58 - [TEST_STEP][PASSED] - com.reusableComponent.HighlightElement.run(findTestObject("User/Page_Dashboard/Shareholder/UserListAll/th_No")): com.reusableComponent.HighlightElement.run is PASSED

2023-06-23 15:51:59 - [MESSAGE][PASSED] - com.reusableComponent.HighlightElement.run is PASSED

2023-06-23 15:51:59 - [TEST_STEP][PASSED] - com.reusableComponent.HighlightElement.run(findTestObject("User/Page_Dashboard/Shareholder/UserListAll/th_Login Account")): com.reusableComponent.HighlightElement.run is PASSED

2023-06-23 15:51:59 - [MESSAGE][PASSED] - com.reusableComponent.HighlightElement.run is PASSED

2023-06-23 15:51:59 - [TEST_STEP][PASSED] - com.reusableComponent.HighlightElement.run(findTestObject("User/Page_Dashboard/Shareholder/UserListAll/th_Full Name")): com.reusableComponent.HighlightElement.run is PASSED

2023-06-23 15:52:00 - [MESSAGE][PASSED] - com.reusableComponent.HighlightElement.run is PASSED

2023-06-23 15:52:00 - [TEST_STEP][PASSED] - com.reusableComponent.HighlightElement.run(findTestObject("User/Page_Dashboard/Shareholder/UserListAll/th_Nickname")): com.reusableComponent.HighlightElement.run is PASSED

2023-06-23 15:52:00 - [MESSAGE][PASSED] - com.reusableComponent.HighlightElement.run is PASSED

2023-06-23 15:52:00 - [TEST_STEP][PASSED] - com.reusableComponent.HighlightElement.run(findTestObject("User/Page_Dashboard/Shareholder/UserListAll/th_Currency")): com.reusableComponent.HighlightElement.run is PASSED

2023-06-23 15:52:00 - [MESSAGE][PASSED] - com.reusableComponent.HighlightElement.run is PASSED

2023-06-23 15:52:00 - [TEST_STEP][PASSED] - com.reusableComponent.HighlightElement.run(findTestObject("User/Page_Dashboard/Shareholder/UserListAll/th_Role")): com.reusableComponent.HighlightElement.run is PASSED

2023-06-23 15:52:01 - [MESSAGE][PASSED] - com.reusableComponent.HighlightElement.run is PASSED

2023-06-23 15:52:01 - [TEST_STEP][PASSED] - com.reusableComponent.HighlightElement.run(findTestObject("User/Page_Dashboard/Shareholder/UserListAll/th_Phone")): com.reusableComponent.HighlightElement.run is PASSED

2023-06-23 15:52:01 - [MESSAGE][PASSED] - com.reusableComponent.HighlightElement.run is PASSED

2023-06-23 15:52:01 - [TEST_STEP][PASSED] - com.reusableComponent.HighlightElement.run(findTestObject("User/Page_Dashboard/Shareholder/UserListAll/th_Percentage")): com.reusableComponent.HighlightElement.run is PASSED

2023-06-23 15:52:02 - [MESSAGE][PASSED] - com.reusableComponent.HighlightElement.run is PASSED

2023-06-23 15:52:02 - [TEST_STEP][PASSED] - com.reusableComponent.HighlightElement.run(findTestObject("User/Page_Dashboard/Shareholder/UserListAll/th_Status")): com.reusableComponent.HighlightElement.run is PASSED

2023-06-23 15:52:02 - [MESSAGE][PASSED] - com.reusableComponent.HighlightElement.run is PASSED

2023-06-23 15:52:02 - [TEST_STEP][PASSED] - com.reusableComponent.HighlightElement.run(findTestObject("User/Page_Dashboard/Shareholder/UserListAll/th_Remarks")): com.reusableComponent.HighlightElement.run is PASSED

2023-06-23 15:52:03 - [MESSAGE][PASSED] - com.reusableComponent.HighlightElement.run is PASSED

2023-06-23 15:52:03 - [TEST_STEP][PASSED] - com.reusableComponent.HighlightElement.run(findTestObject("User/Page_Dashboard/Shareholder/UserListAll/th_Cash")): com.reusableComponent.HighlightElement.run is PASSED

2023-06-23 15:52:03 - [MESSAGE][PASSED] - com.reusableComponent.HighlightElement.run is PASSED

2023-06-23 15:52:03 - [TEST_STEP][PASSED] - com.reusableComponent.HighlightElement.run(findTestObject("User/Page_Dashboard/Shareholder/UserListAll/th_Password Otp")): com.reusableComponent.HighlightElement.run is PASSED

2023-06-23 15:52:03 - [MESSAGE][PASSED] - com.reusableComponent.HighlightElement.run is PASSED

2023-06-23 15:52:03 - [TEST_STEP][PASSED] - com.reusableComponent.HighlightElement.run(findTestObject("User/Page_Dashboard/Shareholder/UserListAll/th_Phone Otp")): com.reusableComponent.HighlightElement.run is PASSED

2023-06-23 15:52:04 - [MESSAGE][PASSED] - com.reusableComponent.HighlightElement.run is PASSED

2023-06-23 15:52:04 - [TEST_STEP][PASSED] - com.reusableComponent.HighlightElement.run(findTestObject("User/Page_Dashboard/Shareholder/UserListAll/th_Last login IP")): com.reusableComponent.HighlightElement.run is PASSED

2023-06-23 15:52:04 - [MESSAGE][PASSED] - com.reusableComponent.HighlightElement.run is PASSED

2023-06-23 15:52:04 - [TEST_STEP][PASSED] - com.reusableComponent.HighlightElement.run(findTestObject("User/Page_Dashboard/Shareholder/UserListAll/th_Created Datetime")): com.reusableComponent.HighlightElement.run is PASSED

2023-06-23 15:52:05 - [MESSAGE][PASSED] - com.reusableComponent.HighlightElement.run is PASSED

2023-06-23 15:52:05 - [TEST_STEP][PASSED] - com.reusableComponent.HighlightElement.run(findTestObject("User/Page_Dashboard/Shareholder/UserListAll/th_Last login time")): com.reusableComponent.HighlightElement.run is PASSED

2023-06-23 15:52:05 - [MESSAGE][PASSED] - com.reusableComponent.HighlightElement.run is PASSED

2023-06-23 15:52:05 - [TEST_STEP][PASSED] - com.reusableComponent.HighlightElement.run(findTestObject("User/Page_Dashboard/Shareholder/UserListAll/th_App Type")): com.reusableComponent.HighlightElement.run is PASSED

2023-06-23 15:52:06 - [MESSAGE][PASSED] - com.reusableComponent.HighlightElement.run is PASSED

2023-06-23 15:52:06 - [TEST_STEP][PASSED] - com.reusableComponent.HighlightElement.run(findTestObject("User/Page_Dashboard/Shareholder/UserListAll/th_Action")): com.reusableComponent.HighlightElement.run is PASSED

2023-06-23 15:52:06 - [MESSAGE][PASSED] - com.reusableComponent.HighlightElement.run is PASSED

2023-06-23 15:52:06 - [TEST_STEP][PASSED] - com.reusableComponent.HighlightElement.run(findTestObject("User/Page_Dashboard/Shareholder/UserListAll/th_Upline")): com.reusableComponent.HighlightElement.run is PASSED

2023-06-23 15:52:06 - [MESSAGE][PASSED] - com.reusableComponent.HighlightElement.run is PASSED

2023-06-23 15:52:06 - [TEST_STEP][PASSED] - com.reusableComponent.HighlightElement.run(findTestObject("User/Page_Dashboard/Shareholder/UserListAll/th_Main Line")): com.reusableComponent.HighlightElement.run is PASSED

2023-06-23 15:52:07 - [MESSAGE][PASSED] - com.reusableComponent.HighlightElement.run is PASSED

2023-06-23 15:52:07 - [TEST_STEP][PASSED] - com.reusableComponent.HighlightElement.run(findTestObject("User/Page_Dashboard/Shareholder/UserListAll/tableUserList")): com.reusableComponent.HighlightElement.run is PASSED

2023-06-23 15:52:07 - [MESSAGE][PASSED] - com.reusableComponent.HighlightElement.run is PASSED

2023-06-23 15:52:07 - [TEST_STEP][PASSED] - verifyElementVisible(findTestObject("User/Page_Dashboard/Shareholder/UserListAll/th_No")): Object 'Object Repository/User/Page_Dashboard/Shareholder/UserListAll/th_No' is visible

2023-06-23 15:52:08 - [MESSAGE][PASSED] - Object 'Object Repository/User/Page_Dashboard/Shareholder/UserListAll/th_No' is visible

2023-06-23 15:52:08 - [TEST_STEP][PASSED] - verifyElementVisible(findTestObject("User/Page_Dashboard/Shareholder/UserListAll/th_Login Account")): Object 'Object Repository/User/Page_Dashboard/Shareholder/UserListAll/th_Login Account' is visible

2023-06-23 15:52:08 - [MESSAGE][PASSED] - Object 'Object Repository/User/Page_Dashboard/Shareholder/UserListAll/th_Login Account' is visible

2023-06-23 15:52:08 - [TEST_STEP][PASSED] - verifyElementVisible(findTestObject("User/Page_Dashboard/Shareholder/UserListAll/th_Full Name")): Object 'Object Repository/User/Page_Dashboard/Shareholder/UserListAll/th_Full Name' is visible

2023-06-23 15:52:09 - [MESSAGE][PASSED] - Object 'Object Repository/User/Page_Dashboard/Shareholder/UserListAll/th_Full Name' is visible

2023-06-23 15:52:09 - [TEST_STEP][PASSED] - verifyElementVisible(findTestObject("User/Page_Dashboard/Shareholder/UserListAll/th_Nickname")): Object 'Object Repository/User/Page_Dashboard/Shareholder/UserListAll/th_Nickname' is visible

2023-06-23 15:52:09 - [MESSAGE][PASSED] - Object 'Object Repository/User/Page_Dashboard/Shareholder/UserListAll/th_Nickname' is visible

2023-06-23 15:52:09 - [TEST_STEP][PASSED] - verifyElementVisible(findTestObject("User/Page_Dashboard/Shareholder/UserListAll/th_Currency")): Object 'Object Repository/User/Page_Dashboard/Shareholder/UserListAll/th_Currency' is visible

2023-06-23 15:52:09 - [MESSAGE][PASSED] - Object 'Object Repository/User/Page_Dashboard/Shareholder/UserListAll/th_Currency' is visible

2023-06-23 15:52:09 - [TEST_STEP][PASSED] - verifyElementVisible(findTestObject("User/Page_Dashboard/Shareholder/UserListAll/th_Role")): Object 'Object Repository/User/Page_Dashboard/Shareholder/UserListAll/th_Role' is visible

2023-06-23 15:52:10 - [MESSAGE][PASSED] - Object 'Object Repository/User/Page_Dashboard/Shareholder/UserListAll/th_Role' is visible

2023-06-23 15:52:10 - [TEST_STEP][PASSED] - verifyElementVisible(findTestObject("User/Page_Dashboard/Shareholder/UserListAll/th_Phone")): Object 'Object Repository/User/Page_Dashboard/Shareholder/UserListAll/th_Phone' is visible

2023-06-23 15:52:10 - [MESSAGE][PASSED] - Object 'Object Repository/User/Page_Dashboard/Shareholder/UserListAll/th_Phone' is visible

2023-06-23 15:52:10 - [TEST_STEP][PASSED] - verifyElementVisible(findTestObject("User/Page_Dashboard/Shareholder/UserListAll/th_Percentage")): Object 'Object Repository/User/Page_Dashboard/Shareholder/UserListAll/th_Percentage' is visible

2023-06-23 15:52:11 - [MESSAGE][PASSED] - Object 'Object Repository/User/Page_Dashboard/Shareholder/UserListAll/th_Percentage' is visible

2023-06-23 15:52:11 - [TEST_STEP][PASSED] - verifyElementVisible(findTestObject("User/Page_Dashboard/Shareholder/UserListAll/th_Status")): Object 'Object Repository/User/Page_Dashboard/Shareholder/UserListAll/th_Status' is visible

2023-06-23 15:52:11 - [MESSAGE][PASSED] - Object 'Object Repository/User/Page_Dashboard/Shareholder/UserListAll/th_Status' is visible

2023-06-23 15:52:11 - [TEST_STEP][PASSED] - verifyElementVisible(findTestObject("User/Page_Dashboard/Shareholder/UserListAll/th_Remarks")): Object 'Object Repository/User/Page_Dashboard/Shareholder/UserListAll/th_Remarks' is visible

2023-06-23 15:52:11 - [MESSAGE][PASSED] - Object 'Object Repository/User/Page_Dashboard/Shareholder/UserListAll/th_Remarks' is visible

2023-06-23 15:52:11 - [TEST_STEP][PASSED] - verifyElementVisible(findTestObject("User/Page_Dashboard/Shareholder/UserListAll/th_Cash")): Object 'Object Repository/User/Page_Dashboard/Shareholder/UserListAll/th_Cash' is visible

2023-06-23 15:52:12 - [MESSAGE][PASSED] - Object 'Object Repository/User/Page_Dashboard/Shareholder/UserListAll/th_Cash' is visible

2023-06-23 15:52:12 - [TEST_STEP][PASSED] - verifyElementVisible(findTestObject("User/Page_Dashboard/Shareholder/UserListAll/th_Password Otp")): Object 'Object Repository/User/Page_Dashboard/Shareholder/UserListAll/th_Password Otp' is visible

2023-06-23 15:52:12 - [MESSAGE][PASSED] - Object 'Object Repository/User/Page_Dashboard/Shareholder/UserListAll/th_Password Otp' is visible

2023-06-23 15:52:12 - [TEST_STEP][PASSED] - verifyElementVisible(findTestObject("User/Page_Dashboard/Shareholder/UserListAll/th_Phone Otp")): Object 'Object Repository/User/Page_Dashboard/Shareholder/UserListAll/th_Phone Otp' is visible

2023-06-23 15:52:13 - [MESSAGE][PASSED] - Object 'Object Repository/User/Page_Dashboard/Shareholder/UserListAll/th_Phone Otp' is visible

2023-06-23 15:52:13 - [TEST_STEP][PASSED] - verifyElementVisible(findTestObject("User/Page_Dashboard/Shareholder/UserListAll/th_Last login IP")): Object 'Object Repository/User/Page_Dashboard/Shareholder/UserListAll/th_Last login IP' is visible

2023-06-23 15:52:13 - [MESSAGE][PASSED] - Object 'Object Repository/User/Page_Dashboard/Shareholder/UserListAll/th_Last login IP' is visible

2023-06-23 15:52:13 - [TEST_STEP][PASSED] - verifyElementVisible(findTestObject("User/Page_Dashboard/Shareholder/UserListAll/th_Created Datetime")): Object 'Object Repository/User/Page_Dashboard/Shareholder/UserListAll/th_Created Datetime' is visible

2023-06-23 15:52:13 - [MESSAGE][PASSED] - Object 'Object Repository/User/Page_Dashboard/Shareholder/UserListAll/th_Created Datetime' is visible

2023-06-23 15:52:13 - [TEST_STEP][PASSED] - verifyElementVisible(findTestObject("User/Page_Dashboard/Shareholder/UserListAll/th_Last login time")): Object 'Object Repository/User/Page_Dashboard/Shareholder/UserListAll/th_Last login time' is visible

2023-06-23 15:52:14 - [MESSAGE][PASSED] - Object 'Object Repository/User/Page_Dashboard/Shareholder/UserListAll/th_Last login time' is visible

2023-06-23 15:52:14 - [TEST_STEP][PASSED] - verifyElementVisible(findTestObject("User/Page_Dashboard/Shareholder/UserListAll/th_App Type")): Object 'Object Repository/User/Page_Dashboard/Shareholder/UserListAll/th_App Type' is visible

2023-06-23 15:52:14 - [MESSAGE][PASSED] - Object 'Object Repository/User/Page_Dashboard/Shareholder/UserListAll/th_App Type' is visible

2023-06-23 15:52:14 - [TEST_STEP][PASSED] - verifyElementVisible(findTestObject("User/Page_Dashboard/Shareholder/UserListAll/th_Action")): Object 'Object Repository/User/Page_Dashboard/Shareholder/UserListAll/th_Action' is visible

2023-06-23 15:52:14 - [MESSAGE][PASSED] - Object 'Object Repository/User/Page_Dashboard/Shareholder/UserListAll/th_Action' is visible

2023-06-23 15:52:14 - [TEST_STEP][PASSED] - verifyElementVisible(findTestObject("User/Page_Dashboard/Shareholder/UserListAll/th_Upline")): Object 'Object Repository/User/Page_Dashboard/Shareholder/UserListAll/th_Upline' is visible

2023-06-23 15:52:15 - [MESSAGE][PASSED] - Object 'Object Repository/User/Page_Dashboard/Shareholder/UserListAll/th_Upline' is visible

2023-06-23 15:52:15 - [TEST_STEP][PASSED] - verifyElementVisible(findTestObject("User/Page_Dashboard/Shareholder/UserListAll/th_Main Line")): Object 'Object Repository/User/Page_Dashboard/Shareholder/UserListAll/th_Main Line' is visible

2023-06-23 15:52:15 - [MESSAGE][PASSED] - Object 'Object Repository/User/Page_Dashboard/Shareholder/UserListAll/th_Main Line' is visible

2023-06-23 15:52:15 - [TEST_STEP][PASSED] - verifyElementVisible(findTestObject("User/Page_Dashboard/Shareholder/UserListAll/tableUserList")): Object 'Object Repository/User/Page_Dashboard/Shareholder/UserListAll/tableUserList' is visible

2023-06-23 15:52:16 - [MESSAGE][PASSED] - Object 'Object Repository/User/Page_Dashboard/Shareholder/UserListAll/tableUserList' is visible]]></system-out>
         <system-err><![CDATA[]]></system-err>
      </testcase>
      <testcase name="Test Cases/User/Shareholder/List RMB" time="35.441" classname="Test Cases/User/Shareholder/List RMB" status="PASSED">
         <system-out><![CDATA[2023-06-23 15:52:16 - [TEST_CASE][PASSED] - Test Cases/User/Shareholder/List RMB: Test Cases/User/Shareholder/List RMB

2023-06-23 15:52:16 - [TEST_STEP][PASSED] - com.reusableComponent.HighlightElement.run(findTestObject("User/Page_Dashboard/Member/span_User")): com.reusableComponent.HighlightElement.run is PASSED

2023-06-23 15:52:17 - [MESSAGE][PASSED] - com.reusableComponent.HighlightElement.run is PASSED

2023-06-23 15:52:17 - [TEST_STEP][PASSED] - mouseOver(findTestObject("User/Page_Dashboard/Member/span_User")): Object: 'Object Repository/User/Page_Dashboard/Member/span_User' is hovered

2023-06-23 15:52:17 - [MESSAGE][PASSED] - Object: 'Object Repository/User/Page_Dashboard/Member/span_User' is hovered

2023-06-23 15:52:17 - [TEST_STEP][PASSED] - com.reusableComponent.HighlightElement.run(findTestObject("User/Page_Dashboard/Shareholder/span_List")): com.reusableComponent.HighlightElement.run is PASSED

2023-06-23 15:52:18 - [MESSAGE][PASSED] - com.reusableComponent.HighlightElement.run is PASSED

2023-06-23 15:52:18 - [TEST_STEP][PASSED] - mouseOver(findTestObject("User/Page_Dashboard/Shareholder/span_List")): Object: 'Object Repository/User/Page_Dashboard/Shareholder/span_List' is hovered

2023-06-23 15:52:18 - [MESSAGE][PASSED] - Object: 'Object Repository/User/Page_Dashboard/Shareholder/span_List' is hovered

2023-06-23 15:52:18 - [TEST_STEP][PASSED] - com.reusableComponent.HighlightElement.run(findTestObject("User/Page_Dashboard/Shareholder/UserListAll/span_RMB")): com.reusableComponent.HighlightElement.run is PASSED

2023-06-23 15:52:19 - [MESSAGE][PASSED] - com.reusableComponent.HighlightElement.run is PASSED

2023-06-23 15:52:19 - [TEST_STEP][PASSED] - mouseOver(findTestObject("User/Page_Dashboard/Shareholder/UserListAll/span_RMB")): Object: 'Object Repository/User/Page_Dashboard/Shareholder/UserListAll/span_RMB' is hovered

2023-06-23 15:52:19 - [MESSAGE][PASSED] - Object: 'Object Repository/User/Page_Dashboard/Shareholder/UserListAll/span_RMB' is hovered

2023-06-23 15:52:19 - [TEST_STEP][PASSED] - click(findTestObject("User/Page_Dashboard/Shareholder/UserListAll/span_RMB")): Object: 'Object Repository/User/Page_Dashboard/Shareholder/UserListAll/span_RMB' is clicked on

2023-06-23 15:52:22 - [MESSAGE][PASSED] - Object: 'Object Repository/User/Page_Dashboard/Shareholder/UserListAll/span_RMB' is clicked on

2023-06-23 15:52:22 - [TEST_STEP][PASSED] - com.reusableComponent.HighlightElement.run(findTestObject("User/Page_Dashboard/Shareholder/UserListAll/h3_User List")): com.reusableComponent.HighlightElement.run is PASSED

2023-06-23 15:52:23 - [MESSAGE][PASSED] - com.reusableComponent.HighlightElement.run is PASSED

2023-06-23 15:52:23 - [TEST_STEP][PASSED] - com.reusableComponent.HighlightElement.run(findTestObject("User/Page_Dashboard/Shareholder/UserListAll/input_Username_shareholder_username")): com.reusableComponent.HighlightElement.run is PASSED

2023-06-23 15:52:23 - [MESSAGE][PASSED] - com.reusableComponent.HighlightElement.run is PASSED

2023-06-23 15:52:23 - [TEST_STEP][PASSED] - com.reusableComponent.HighlightElement.run(findTestObject("User/Page_Dashboard/Shareholder/UserListAll/input_MPU_member_product_username")): com.reusableComponent.HighlightElement.run is PASSED

2023-06-23 15:52:24 - [MESSAGE][PASSED] - com.reusableComponent.HighlightElement.run is PASSED

2023-06-23 15:52:24 - [TEST_STEP][PASSED] - com.reusableComponent.HighlightElement.run(findTestObject("User/Page_Dashboard/Shareholder/UserListAll/selectLevel")): com.reusableComponent.HighlightElement.run is PASSED

2023-06-23 15:52:24 - [MESSAGE][PASSED] - com.reusableComponent.HighlightElement.run is PASSED

2023-06-23 15:52:24 - [TEST_STEP][PASSED] - com.reusableComponent.HighlightElement.run(findTestObject("User/Page_Dashboard/Shareholder/UserListAll/selectWallet")): com.reusableComponent.HighlightElement.run is PASSED

2023-06-23 15:52:25 - [MESSAGE][PASSED] - com.reusableComponent.HighlightElement.run is PASSED

2023-06-23 15:52:25 - [TEST_STEP][PASSED] - com.reusableComponent.HighlightElement.run(findTestObject("User/Page_Dashboard/Shareholder/UserListAll/button_Search")): com.reusableComponent.HighlightElement.run is PASSED

2023-06-23 15:52:25 - [MESSAGE][PASSED] - com.reusableComponent.HighlightElement.run is PASSED

2023-06-23 15:52:25 - [TEST_STEP][PASSED] - com.reusableComponent.HighlightElement.run(findTestObject("User/Page_Dashboard/Shareholder/UserListAll/button_Create Shareholder")): com.reusableComponent.HighlightElement.run is PASSED

2023-06-23 15:52:26 - [MESSAGE][PASSED] - com.reusableComponent.HighlightElement.run is PASSED

2023-06-23 15:52:26 - [TEST_STEP][PASSED] - verifyElementVisible(findTestObject("User/Page_Dashboard/Shareholder/UserListAll/h3_User List")): Object 'Object Repository/User/Page_Dashboard/Shareholder/UserListAll/h3_User List' is visible

2023-06-23 15:52:26 - [MESSAGE][PASSED] - Object 'Object Repository/User/Page_Dashboard/Shareholder/UserListAll/h3_User List' is visible

2023-06-23 15:52:26 - [TEST_STEP][PASSED] - verifyElementVisible(findTestObject("User/Page_Dashboard/Shareholder/UserListAll/input_Username_shareholder_username")): Object 'Object Repository/User/Page_Dashboard/Shareholder/UserListAll/input_Username_shareholder_username' is visible

2023-06-23 15:52:27 - [MESSAGE][PASSED] - Object 'Object Repository/User/Page_Dashboard/Shareholder/UserListAll/input_Username_shareholder_username' is visible

2023-06-23 15:52:27 - [TEST_STEP][PASSED] - verifyElementVisible(findTestObject("User/Page_Dashboard/Shareholder/UserListAll/input_MPU_member_product_username")): Object 'Object Repository/User/Page_Dashboard/Shareholder/UserListAll/input_MPU_member_product_username' is visible

2023-06-23 15:52:27 - [MESSAGE][PASSED] - Object 'Object Repository/User/Page_Dashboard/Shareholder/UserListAll/input_MPU_member_product_username' is visible

2023-06-23 15:52:27 - [TEST_STEP][PASSED] - verifyElementVisible(findTestObject("User/Page_Dashboard/Shareholder/UserListAll/selectLevel")): Object 'Object Repository/User/Page_Dashboard/Shareholder/UserListAll/selectLevel' is visible

2023-06-23 15:52:28 - [MESSAGE][PASSED] - Object 'Object Repository/User/Page_Dashboard/Shareholder/UserListAll/selectLevel' is visible

2023-06-23 15:52:28 - [TEST_STEP][PASSED] - verifyElementVisible(findTestObject("User/Page_Dashboard/Shareholder/UserListAll/selectWallet")): Object 'Object Repository/User/Page_Dashboard/Shareholder/UserListAll/selectWallet' is visible

2023-06-23 15:52:28 - [MESSAGE][PASSED] - Object 'Object Repository/User/Page_Dashboard/Shareholder/UserListAll/selectWallet' is visible

2023-06-23 15:52:28 - [TEST_STEP][PASSED] - verifyElementVisible(findTestObject("User/Page_Dashboard/Shareholder/UserListAll/button_Search")): Object 'Object Repository/User/Page_Dashboard/Shareholder/UserListAll/button_Search' is visible

2023-06-23 15:52:28 - [MESSAGE][PASSED] - Object 'Object Repository/User/Page_Dashboard/Shareholder/UserListAll/button_Search' is visible

2023-06-23 15:52:28 - [TEST_STEP][PASSED] - verifyElementVisible(findTestObject("User/Page_Dashboard/Shareholder/UserListAll/button_Create Shareholder")): Object 'Object Repository/User/Page_Dashboard/Shareholder/UserListAll/button_Create Shareholder' is visible

2023-06-23 15:52:29 - [MESSAGE][PASSED] - Object 'Object Repository/User/Page_Dashboard/Shareholder/UserListAll/button_Create Shareholder' is visible

2023-06-23 15:52:29 - [TEST_STEP][PASSED] - com.reusableComponent.HighlightElement.run(findTestObject("User/Page_Dashboard/Shareholder/UserListAll/select_102550100")): com.reusableComponent.HighlightElement.run is PASSED

2023-06-23 15:52:29 - [MESSAGE][PASSED] - com.reusableComponent.HighlightElement.run is PASSED

2023-06-23 15:52:29 - [TEST_STEP][PASSED] - com.reusableComponent.HighlightElement.run(findTestObject("User/Page_Dashboard/Shareholder/UserListAll/span_Copy")): com.reusableComponent.HighlightElement.run is PASSED

2023-06-23 15:52:30 - [MESSAGE][PASSED] - com.reusableComponent.HighlightElement.run is PASSED

2023-06-23 15:52:30 - [TEST_STEP][PASSED] - com.reusableComponent.HighlightElement.run(findTestObject("User/Page_Dashboard/Shareholder/UserListAll/span_CSV")): com.reusableComponent.HighlightElement.run is PASSED

2023-06-23 15:52:30 - [MESSAGE][PASSED] - com.reusableComponent.HighlightElement.run is PASSED

2023-06-23 15:52:30 - [TEST_STEP][PASSED] - com.reusableComponent.HighlightElement.run(findTestObject("User/Page_Dashboard/Shareholder/UserListAll/span_Excel")): com.reusableComponent.HighlightElement.run is PASSED

2023-06-23 15:52:31 - [MESSAGE][PASSED] - com.reusableComponent.HighlightElement.run is PASSED

2023-06-23 15:52:31 - [TEST_STEP][PASSED] - com.reusableComponent.HighlightElement.run(findTestObject("User/Page_Dashboard/Shareholder/UserListAll/span_PDF")): com.reusableComponent.HighlightElement.run is PASSED

2023-06-23 15:52:31 - [MESSAGE][PASSED] - com.reusableComponent.HighlightElement.run is PASSED

2023-06-23 15:52:31 - [TEST_STEP][PASSED] - verifyElementVisible(findTestObject("User/Page_Dashboard/Shareholder/UserListAll/span_Copy")): Object 'Object Repository/User/Page_Dashboard/Shareholder/UserListAll/span_Copy' is visible

2023-06-23 15:52:32 - [MESSAGE][PASSED] - Object 'Object Repository/User/Page_Dashboard/Shareholder/UserListAll/span_Copy' is visible

2023-06-23 15:52:32 - [TEST_STEP][PASSED] - verifyElementVisible(findTestObject("User/Page_Dashboard/Shareholder/UserListAll/span_CSV")): Object 'Object Repository/User/Page_Dashboard/Shareholder/UserListAll/span_CSV' is visible

2023-06-23 15:52:32 - [MESSAGE][PASSED] - Object 'Object Repository/User/Page_Dashboard/Shareholder/UserListAll/span_CSV' is visible

2023-06-23 15:52:32 - [TEST_STEP][PASSED] - verifyElementVisible(findTestObject("User/Page_Dashboard/Shareholder/UserListAll/span_Excel")): Object 'Object Repository/User/Page_Dashboard/Shareholder/UserListAll/span_Excel' is visible

2023-06-23 15:52:32 - [MESSAGE][PASSED] - Object 'Object Repository/User/Page_Dashboard/Shareholder/UserListAll/span_Excel' is visible

2023-06-23 15:52:32 - [TEST_STEP][PASSED] - verifyElementVisible(findTestObject("User/Page_Dashboard/Shareholder/UserListAll/span_PDF")): Object 'Object Repository/User/Page_Dashboard/Shareholder/UserListAll/span_PDF' is visible

2023-06-23 15:52:33 - [MESSAGE][PASSED] - Object 'Object Repository/User/Page_Dashboard/Shareholder/UserListAll/span_PDF' is visible

2023-06-23 15:52:33 - [TEST_STEP][PASSED] - com.reusableComponent.HighlightElement.run(findTestObject("User/Page_Dashboard/Shareholder/UserListAll/input_Search_form-control form-control-sm")): com.reusableComponent.HighlightElement.run is PASSED

2023-06-23 15:52:33 - [MESSAGE][PASSED] - com.reusableComponent.HighlightElement.run is PASSED

2023-06-23 15:52:33 - [TEST_STEP][PASSED] - verifyElementVisible(findTestObject("User/Page_Dashboard/Shareholder/UserListAll/input_Search_form-control form-control-sm")): Object 'Object Repository/User/Page_Dashboard/Shareholder/UserListAll/input_Search_form-control form-control-sm' is visible

2023-06-23 15:52:34 - [MESSAGE][PASSED] - Object 'Object Repository/User/Page_Dashboard/Shareholder/UserListAll/input_Search_form-control form-control-sm' is visible

2023-06-23 15:52:34 - [TEST_STEP][PASSED] - com.reusableComponent.HighlightElement.run(findTestObject("User/Page_Dashboard/Shareholder/UserListAll/th_No")): com.reusableComponent.HighlightElement.run is PASSED

2023-06-23 15:52:34 - [MESSAGE][PASSED] - com.reusableComponent.HighlightElement.run is PASSED

2023-06-23 15:52:34 - [TEST_STEP][PASSED] - com.reusableComponent.HighlightElement.run(findTestObject("User/Page_Dashboard/Shareholder/UserListAll/th_Login Account")): com.reusableComponent.HighlightElement.run is PASSED

2023-06-23 15:52:35 - [MESSAGE][PASSED] - com.reusableComponent.HighlightElement.run is PASSED

2023-06-23 15:52:35 - [TEST_STEP][PASSED] - com.reusableComponent.HighlightElement.run(findTestObject("User/Page_Dashboard/Shareholder/UserListAll/th_Full Name")): com.reusableComponent.HighlightElement.run is PASSED

2023-06-23 15:52:35 - [MESSAGE][PASSED] - com.reusableComponent.HighlightElement.run is PASSED

2023-06-23 15:52:35 - [TEST_STEP][PASSED] - com.reusableComponent.HighlightElement.run(findTestObject("User/Page_Dashboard/Shareholder/UserListAll/th_Nickname")): com.reusableComponent.HighlightElement.run is PASSED

2023-06-23 15:52:35 - [MESSAGE][PASSED] - com.reusableComponent.HighlightElement.run is PASSED

2023-06-23 15:52:35 - [TEST_STEP][PASSED] - com.reusableComponent.HighlightElement.run(findTestObject("User/Page_Dashboard/Shareholder/UserListAll/th_Currency")): com.reusableComponent.HighlightElement.run is PASSED

2023-06-23 15:52:36 - [MESSAGE][PASSED] - com.reusableComponent.HighlightElement.run is PASSED

2023-06-23 15:52:36 - [TEST_STEP][PASSED] - com.reusableComponent.HighlightElement.run(findTestObject("User/Page_Dashboard/Shareholder/UserListAll/th_Role")): com.reusableComponent.HighlightElement.run is PASSED

2023-06-23 15:52:36 - [MESSAGE][PASSED] - com.reusableComponent.HighlightElement.run is PASSED

2023-06-23 15:52:36 - [TEST_STEP][PASSED] - com.reusableComponent.HighlightElement.run(findTestObject("User/Page_Dashboard/Shareholder/UserListAll/th_Phone")): com.reusableComponent.HighlightElement.run is PASSED

2023-06-23 15:52:37 - [MESSAGE][PASSED] - com.reusableComponent.HighlightElement.run is PASSED

2023-06-23 15:52:37 - [TEST_STEP][PASSED] - com.reusableComponent.HighlightElement.run(findTestObject("User/Page_Dashboard/Shareholder/UserListAll/th_Percentage")): com.reusableComponent.HighlightElement.run is PASSED

2023-06-23 15:52:37 - [MESSAGE][PASSED] - com.reusableComponent.HighlightElement.run is PASSED

2023-06-23 15:52:37 - [TEST_STEP][PASSED] - com.reusableComponent.HighlightElement.run(findTestObject("User/Page_Dashboard/Shareholder/UserListAll/th_Status")): com.reusableComponent.HighlightElement.run is PASSED

2023-06-23 15:52:38 - [MESSAGE][PASSED] - com.reusableComponent.HighlightElement.run is PASSED

2023-06-23 15:52:38 - [TEST_STEP][PASSED] - com.reusableComponent.HighlightElement.run(findTestObject("User/Page_Dashboard/Shareholder/UserListAll/th_Remarks")): com.reusableComponent.HighlightElement.run is PASSED

2023-06-23 15:52:38 - [MESSAGE][PASSED] - com.reusableComponent.HighlightElement.run is PASSED

2023-06-23 15:52:38 - [TEST_STEP][PASSED] - com.reusableComponent.HighlightElement.run(findTestObject("User/Page_Dashboard/Shareholder/UserListAll/th_Cash")): com.reusableComponent.HighlightElement.run is PASSED

2023-06-23 15:52:38 - [MESSAGE][PASSED] - com.reusableComponent.HighlightElement.run is PASSED

2023-06-23 15:52:38 - [TEST_STEP][PASSED] - com.reusableComponent.HighlightElement.run(findTestObject("User/Page_Dashboard/Shareholder/UserListAll/th_Password Otp")): com.reusableComponent.HighlightElement.run is PASSED

2023-06-23 15:52:39 - [MESSAGE][PASSED] - com.reusableComponent.HighlightElement.run is PASSED

2023-06-23 15:52:39 - [TEST_STEP][PASSED] - com.reusableComponent.HighlightElement.run(findTestObject("User/Page_Dashboard/Shareholder/UserListAll/th_Phone Otp")): com.reusableComponent.HighlightElement.run is PASSED

2023-06-23 15:52:39 - [MESSAGE][PASSED] - com.reusableComponent.HighlightElement.run is PASSED

2023-06-23 15:52:39 - [TEST_STEP][PASSED] - com.reusableComponent.HighlightElement.run(findTestObject("User/Page_Dashboard/Shareholder/UserListAll/th_Last login IP")): com.reusableComponent.HighlightElement.run is PASSED

2023-06-23 15:52:40 - [MESSAGE][PASSED] - com.reusableComponent.HighlightElement.run is PASSED

2023-06-23 15:52:40 - [TEST_STEP][PASSED] - com.reusableComponent.HighlightElement.run(findTestObject("User/Page_Dashboard/Shareholder/UserListAll/th_Created Datetime")): com.reusableComponent.HighlightElement.run is PASSED

2023-06-23 15:52:40 - [MESSAGE][PASSED] - com.reusableComponent.HighlightElement.run is PASSED

2023-06-23 15:52:40 - [TEST_STEP][PASSED] - com.reusableComponent.HighlightElement.run(findTestObject("User/Page_Dashboard/Shareholder/UserListAll/th_Last login time")): com.reusableComponent.HighlightElement.run is PASSED

2023-06-23 15:52:41 - [MESSAGE][PASSED] - com.reusableComponent.HighlightElement.run is PASSED

2023-06-23 15:52:41 - [TEST_STEP][PASSED] - com.reusableComponent.HighlightElement.run(findTestObject("User/Page_Dashboard/Shareholder/UserListAll/th_App Type")): com.reusableComponent.HighlightElement.run is PASSED

2023-06-23 15:52:41 - [MESSAGE][PASSED] - com.reusableComponent.HighlightElement.run is PASSED

2023-06-23 15:52:41 - [TEST_STEP][PASSED] - com.reusableComponent.HighlightElement.run(findTestObject("User/Page_Dashboard/Shareholder/UserListAll/th_Action")): com.reusableComponent.HighlightElement.run is PASSED

2023-06-23 15:52:42 - [MESSAGE][PASSED] - com.reusableComponent.HighlightElement.run is PASSED

2023-06-23 15:52:42 - [TEST_STEP][PASSED] - com.reusableComponent.HighlightElement.run(findTestObject("User/Page_Dashboard/Shareholder/UserListAll/th_Upline")): com.reusableComponent.HighlightElement.run is PASSED

2023-06-23 15:52:42 - [MESSAGE][PASSED] - com.reusableComponent.HighlightElement.run is PASSED

2023-06-23 15:52:42 - [TEST_STEP][PASSED] - com.reusableComponent.HighlightElement.run(findTestObject("User/Page_Dashboard/Shareholder/UserListAll/th_Main Line")): com.reusableComponent.HighlightElement.run is PASSED

2023-06-23 15:52:42 - [MESSAGE][PASSED] - com.reusableComponent.HighlightElement.run is PASSED

2023-06-23 15:52:42 - [TEST_STEP][PASSED] - com.reusableComponent.HighlightElement.run(findTestObject("User/Page_Dashboard/Shareholder/UserListAll/tableUserList")): com.reusableComponent.HighlightElement.run is PASSED

2023-06-23 15:52:43 - [MESSAGE][PASSED] - com.reusableComponent.HighlightElement.run is PASSED

2023-06-23 15:52:43 - [TEST_STEP][PASSED] - verifyElementVisible(findTestObject("User/Page_Dashboard/Shareholder/UserListAll/th_No")): Object 'Object Repository/User/Page_Dashboard/Shareholder/UserListAll/th_No' is visible

2023-06-23 15:52:43 - [MESSAGE][PASSED] - Object 'Object Repository/User/Page_Dashboard/Shareholder/UserListAll/th_No' is visible

2023-06-23 15:52:43 - [TEST_STEP][PASSED] - verifyElementVisible(findTestObject("User/Page_Dashboard/Shareholder/UserListAll/th_Login Account")): Object 'Object Repository/User/Page_Dashboard/Shareholder/UserListAll/th_Login Account' is visible

2023-06-23 15:52:44 - [MESSAGE][PASSED] - Object 'Object Repository/User/Page_Dashboard/Shareholder/UserListAll/th_Login Account' is visible

2023-06-23 15:52:44 - [TEST_STEP][PASSED] - verifyElementVisible(findTestObject("User/Page_Dashboard/Shareholder/UserListAll/th_Full Name")): Object 'Object Repository/User/Page_Dashboard/Shareholder/UserListAll/th_Full Name' is visible

2023-06-23 15:52:44 - [MESSAGE][PASSED] - Object 'Object Repository/User/Page_Dashboard/Shareholder/UserListAll/th_Full Name' is visible

2023-06-23 15:52:44 - [TEST_STEP][PASSED] - verifyElementVisible(findTestObject("User/Page_Dashboard/Shareholder/UserListAll/th_Nickname")): Object 'Object Repository/User/Page_Dashboard/Shareholder/UserListAll/th_Nickname' is visible

2023-06-23 15:52:44 - [MESSAGE][PASSED] - Object 'Object Repository/User/Page_Dashboard/Shareholder/UserListAll/th_Nickname' is visible

2023-06-23 15:52:44 - [TEST_STEP][PASSED] - verifyElementVisible(findTestObject("User/Page_Dashboard/Shareholder/UserListAll/th_Currency")): Object 'Object Repository/User/Page_Dashboard/Shareholder/UserListAll/th_Currency' is visible

2023-06-23 15:52:45 - [MESSAGE][PASSED] - Object 'Object Repository/User/Page_Dashboard/Shareholder/UserListAll/th_Currency' is visible

2023-06-23 15:52:45 - [TEST_STEP][PASSED] - verifyElementVisible(findTestObject("User/Page_Dashboard/Shareholder/UserListAll/th_Role")): Object 'Object Repository/User/Page_Dashboard/Shareholder/UserListAll/th_Role' is visible

2023-06-23 15:52:45 - [MESSAGE][PASSED] - Object 'Object Repository/User/Page_Dashboard/Shareholder/UserListAll/th_Role' is visible

2023-06-23 15:52:45 - [TEST_STEP][PASSED] - verifyElementVisible(findTestObject("User/Page_Dashboard/Shareholder/UserListAll/th_Phone")): Object 'Object Repository/User/Page_Dashboard/Shareholder/UserListAll/th_Phone' is visible

2023-06-23 15:52:46 - [MESSAGE][PASSED] - Object 'Object Repository/User/Page_Dashboard/Shareholder/UserListAll/th_Phone' is visible

2023-06-23 15:52:46 - [TEST_STEP][PASSED] - verifyElementVisible(findTestObject("User/Page_Dashboard/Shareholder/UserListAll/th_Percentage")): Object 'Object Repository/User/Page_Dashboard/Shareholder/UserListAll/th_Percentage' is visible

2023-06-23 15:52:46 - [MESSAGE][PASSED] - Object 'Object Repository/User/Page_Dashboard/Shareholder/UserListAll/th_Percentage' is visible

2023-06-23 15:52:46 - [TEST_STEP][PASSED] - verifyElementVisible(findTestObject("User/Page_Dashboard/Shareholder/UserListAll/th_Status")): Object 'Object Repository/User/Page_Dashboard/Shareholder/UserListAll/th_Status' is visible

2023-06-23 15:52:46 - [MESSAGE][PASSED] - Object 'Object Repository/User/Page_Dashboard/Shareholder/UserListAll/th_Status' is visible

2023-06-23 15:52:46 - [TEST_STEP][PASSED] - verifyElementVisible(findTestObject("User/Page_Dashboard/Shareholder/UserListAll/th_Remarks")): Object 'Object Repository/User/Page_Dashboard/Shareholder/UserListAll/th_Remarks' is visible

2023-06-23 15:52:47 - [MESSAGE][PASSED] - Object 'Object Repository/User/Page_Dashboard/Shareholder/UserListAll/th_Remarks' is visible

2023-06-23 15:52:47 - [TEST_STEP][PASSED] - verifyElementVisible(findTestObject("User/Page_Dashboard/Shareholder/UserListAll/th_Cash")): Object 'Object Repository/User/Page_Dashboard/Shareholder/UserListAll/th_Cash' is visible

2023-06-23 15:52:47 - [MESSAGE][PASSED] - Object 'Object Repository/User/Page_Dashboard/Shareholder/UserListAll/th_Cash' is visible

2023-06-23 15:52:47 - [TEST_STEP][PASSED] - verifyElementVisible(findTestObject("User/Page_Dashboard/Shareholder/UserListAll/th_Password Otp")): Object 'Object Repository/User/Page_Dashboard/Shareholder/UserListAll/th_Password Otp' is visible

2023-06-23 15:52:48 - [MESSAGE][PASSED] - Object 'Object Repository/User/Page_Dashboard/Shareholder/UserListAll/th_Password Otp' is visible

2023-06-23 15:52:48 - [TEST_STEP][PASSED] - verifyElementVisible(findTestObject("User/Page_Dashboard/Shareholder/UserListAll/th_Phone Otp")): Object 'Object Repository/User/Page_Dashboard/Shareholder/UserListAll/th_Phone Otp' is visible

2023-06-23 15:52:48 - [MESSAGE][PASSED] - Object 'Object Repository/User/Page_Dashboard/Shareholder/UserListAll/th_Phone Otp' is visible

2023-06-23 15:52:48 - [TEST_STEP][PASSED] - verifyElementVisible(findTestObject("User/Page_Dashboard/Shareholder/UserListAll/th_Last login IP")): Object 'Object Repository/User/Page_Dashboard/Shareholder/UserListAll/th_Last login IP' is visible

2023-06-23 15:52:48 - [MESSAGE][PASSED] - Object 'Object Repository/User/Page_Dashboard/Shareholder/UserListAll/th_Last login IP' is visible

2023-06-23 15:52:48 - [TEST_STEP][PASSED] - verifyElementVisible(findTestObject("User/Page_Dashboard/Shareholder/UserListAll/th_Created Datetime")): Object 'Object Repository/User/Page_Dashboard/Shareholder/UserListAll/th_Created Datetime' is visible

2023-06-23 15:52:49 - [MESSAGE][PASSED] - Object 'Object Repository/User/Page_Dashboard/Shareholder/UserListAll/th_Created Datetime' is visible

2023-06-23 15:52:49 - [TEST_STEP][PASSED] - verifyElementVisible(findTestObject("User/Page_Dashboard/Shareholder/UserListAll/th_Last login time")): Object 'Object Repository/User/Page_Dashboard/Shareholder/UserListAll/th_Last login time' is visible

2023-06-23 15:52:49 - [MESSAGE][PASSED] - Object 'Object Repository/User/Page_Dashboard/Shareholder/UserListAll/th_Last login time' is visible

2023-06-23 15:52:49 - [TEST_STEP][PASSED] - verifyElementVisible(findTestObject("User/Page_Dashboard/Shareholder/UserListAll/th_App Type")): Object 'Object Repository/User/Page_Dashboard/Shareholder/UserListAll/th_App Type' is visible

2023-06-23 15:52:49 - [MESSAGE][PASSED] - Object 'Object Repository/User/Page_Dashboard/Shareholder/UserListAll/th_App Type' is visible

2023-06-23 15:52:49 - [TEST_STEP][PASSED] - verifyElementVisible(findTestObject("User/Page_Dashboard/Shareholder/UserListAll/th_Action")): Object 'Object Repository/User/Page_Dashboard/Shareholder/UserListAll/th_Action' is visible

2023-06-23 15:52:50 - [MESSAGE][PASSED] - Object 'Object Repository/User/Page_Dashboard/Shareholder/UserListAll/th_Action' is visible

2023-06-23 15:52:50 - [TEST_STEP][PASSED] - verifyElementVisible(findTestObject("User/Page_Dashboard/Shareholder/UserListAll/th_Upline")): Object 'Object Repository/User/Page_Dashboard/Shareholder/UserListAll/th_Upline' is visible

2023-06-23 15:52:50 - [MESSAGE][PASSED] - Object 'Object Repository/User/Page_Dashboard/Shareholder/UserListAll/th_Upline' is visible

2023-06-23 15:52:50 - [TEST_STEP][PASSED] - verifyElementVisible(findTestObject("User/Page_Dashboard/Shareholder/UserListAll/th_Main Line")): Object 'Object Repository/User/Page_Dashboard/Shareholder/UserListAll/th_Main Line' is visible

2023-06-23 15:52:51 - [MESSAGE][PASSED] - Object 'Object Repository/User/Page_Dashboard/Shareholder/UserListAll/th_Main Line' is visible

2023-06-23 15:52:51 - [TEST_STEP][PASSED] - verifyElementVisible(findTestObject("User/Page_Dashboard/Shareholder/UserListAll/tableUserList")): Object 'Object Repository/User/Page_Dashboard/Shareholder/UserListAll/tableUserList' is visible

2023-06-23 15:52:51 - [MESSAGE][PASSED] - Object 'Object Repository/User/Page_Dashboard/Shareholder/UserListAll/tableUserList' is visible]]></system-out>
         <system-err><![CDATA[]]></system-err>
      </testcase>
      <system-out><![CDATA[2023-06-23 15:48:51 - [TEST_SUITE][PASSED] - Smoke: Test Cases/User/Shareholder/List RMB]]></system-out>
      <system-err><![CDATA[]]></system-err>
   </testsuite>
</testsuites>
