<?xml version="1.0" encoding="UTF-8"?>
<testsuites name="Smoke" time="48.193" tests="8" failures="0" errors="0">
   <testsuite name="Smoke" tests="8" failures="0" errors="0" time="48.193" skipped="0" timestamp="2023-06-16 22:38:19" hostname="hmacagba - PHPF1FXV0U.CSCMWS.CSCMWS.COM" id="Test Suites/Smoke">
      <properties>
         <property name="deviceName" value=""/>
         <property name="devicePlatform" value=""/>
         <property name="logFolder" value="C:\\Users\\hmacagba\\git\\AutomatedScripts\\Reports\\20230616_223806\\Smoke\\20230616_223806"/>
         <property name="logFiles" value="C:\\Users\\hmacagba\\git\\AutomatedScripts\\Reports\\20230616_223806\\Smoke\\20230616_223806\\execution0.log"/>
         <property name="attachments" value=""/>
         <property name="hostName" value="hmacagba - PHPF1FXV0U.CSCMWS.CSCMWS.COM"/>
         <property name="os" value="Windows 10 64bit"/>
         <property name="katalonVersion" value="8.6.5.208"/>
         <property name="browser" value="Chrome 114.0.0.0"/>
         <property name="hostAddress" value="192.168.68.107"/>
         <property name="sessionId" value="36291d9943eea2ea30b02e7cede312c2"/>
         <property name="seleniumVersion" value="3.141.59"/>
         <property name="proxyInformation" value="ProxyInformation { proxyOption=NO_PROXY, proxyServerType=HTTP, username=, password=********, proxyServerAddress=, proxyServerPort=0, executionList=&quot;&quot;, isApplyToDesiredCapabilities=true }"/>
         <property name="platform" value="Windows 10"/>
      </properties>
      <testcase name="Test Cases/Bank/List" time="26.343" classname="Test Cases/Bank/List" status="PASSED">
         <system-out><![CDATA[2023-06-16 22:38:19 - [TEST_CASE][PASSED] - Test Cases/Bank/List: Test Cases/Bank/List

2023-06-16 22:38:20 - [TEST_STEP][PASSED] - callTestCase(findTestCase("Login Admin"), [:], STOP_ON_FAILURE): Call Test Case 'Test Cases/Login Admin' successfully

2023-06-16 22:38:21 - [TEST_CASE][PASSED] - Test Cases/Login Admin: Test Cases/Login Admin

2023-06-16 22:38:22 - [TEST_STEP][PASSED] - openBrowser(""): Browser is opened with url: ''

2023-06-16 22:38:22 - [MESSAGE][INFO] - Starting 'Chrome' driver

2023-06-16 22:38:22 - [MESSAGE][INFO] - Action delay is set to 0 milliseconds

2023-06-16 22:38:27 - [MESSAGE][PASSED] - Browser is opened with url: ''

2023-06-16 22:38:27 - [TEST_STEP][PASSED] - maximizeWindow(): Current window maximized

2023-06-16 22:38:27 - [MESSAGE][PASSED] - Current window maximized

2023-06-16 22:38:27 - [TEST_STEP][PASSED] - navigateToUrl(URL): Navigate to 'http://admin.lkydev.site' successfully

2023-06-16 22:38:31 - [MESSAGE][PASSED] - Navigate to 'http://admin.lkydev.site' successfully

2023-06-16 22:38:31 - [TEST_STEP][PASSED] - verifyElementText(findTestObject("Object Repository/Login/Page_SUNCITY - Login/h3_Sign In To Admin System"), "Sign In To Admin System"): Actual text and expected text of test object 'Object Repository/Login/Page_SUNCITY - Login/h3_Sign In To Admin System' are matched.

2023-06-16 22:38:32 - [MESSAGE][PASSED] - Actual text and expected text of test object 'Object Repository/Login/Page_SUNCITY - Login/h3_Sign In To Admin System' are matched.

2023-06-16 22:38:32 - [TEST_STEP][PASSED] - com.reusableComponent.HighlightElement.run(findTestObject("Login/Page_SUNCITY - Login/h3_Sign In To Admin System")): com.reusableComponent.HighlightElement.run is PASSED

2023-06-16 22:38:33 - [MESSAGE][PASSED] - com.reusableComponent.HighlightElement.run is PASSED

2023-06-16 22:38:33 - [TEST_STEP][PASSED] - com.reusableComponent.HighlightElement.run(findTestObject("Login/Page_SUNCITY - Login/input_Sign In To Admin System_username")): com.reusableComponent.HighlightElement.run is PASSED

2023-06-16 22:38:33 - [MESSAGE][PASSED] - com.reusableComponent.HighlightElement.run is PASSED

2023-06-16 22:38:33 - [TEST_STEP][PASSED] - com.reusableComponent.HighlightElement.run(findTestObject("Login/Page_SUNCITY - Login/input_Sign In To Admin System_password")): com.reusableComponent.HighlightElement.run is PASSED

2023-06-16 22:38:34 - [MESSAGE][PASSED] - com.reusableComponent.HighlightElement.run is PASSED

2023-06-16 22:38:34 - [TEST_STEP][PASSED] - setText(findTestObject("Object Repository/Login/Page_SUNCITY - Login/input_Sign In To Admin System_username"), Username): Text 'devbot' is set on object 'Object Repository/Login/Page_SUNCITY - Login/input_Sign In To Admin System_username'

2023-06-16 22:38:35 - [MESSAGE][PASSED] - Text 'devbot' is set on object 'Object Repository/Login/Page_SUNCITY - Login/input_Sign In To Admin System_username'

2023-06-16 22:38:35 - [TEST_STEP][PASSED] - setText(findTestObject("Object Repository/Login/Page_SUNCITY - Login/input_Sign In To Admin System_password"), Password): Text '77889900' is set on object 'Object Repository/Login/Page_SUNCITY - Login/input_Sign In To Admin System_password'

2023-06-16 22:38:36 - [MESSAGE][PASSED] - Text '77889900' is set on object 'Object Repository/Login/Page_SUNCITY - Login/input_Sign In To Admin System_password'

2023-06-16 22:38:36 - [TEST_STEP][PASSED] - com.reusableComponent.HighlightElement.run(findTestObject("Login/Page_SUNCITY - Login/button_Next")): com.reusableComponent.HighlightElement.run is PASSED

2023-06-16 22:38:36 - [MESSAGE][PASSED] - com.reusableComponent.HighlightElement.run is PASSED

2023-06-16 22:38:36 - [TEST_STEP][PASSED] - click(findTestObject("Object Repository/Login/Page_SUNCITY - Login/button_Next")): Object: 'Object Repository/Login/Page_SUNCITY - Login/button_Next' is clicked on

2023-06-16 22:38:37 - [MESSAGE][PASSED] - Object: 'Object Repository/Login/Page_SUNCITY - Login/button_Next' is clicked on

2023-06-16 22:38:37 - [TEST_STEP][PASSED] - com.reusableComponent.HighlightElement.run(findTestObject("Login/Page_SUNCITY - Login/input_Next_verificationCode")): com.reusableComponent.HighlightElement.run is PASSED

2023-06-16 22:38:38 - [MESSAGE][PASSED] - com.reusableComponent.HighlightElement.run is PASSED

2023-06-16 22:38:38 - [TEST_STEP][PASSED] - setText(findTestObject("Object Repository/Login/Page_SUNCITY - Login/input_Next_verificationCode"), VerificationCode): Text '778899' is set on object 'Object Repository/Login/Page_SUNCITY - Login/input_Next_verificationCode'

2023-06-16 22:38:39 - [MESSAGE][PASSED] - Text '778899' is set on object 'Object Repository/Login/Page_SUNCITY - Login/input_Next_verificationCode'

2023-06-16 22:38:39 - [TEST_STEP][PASSED] - com.reusableComponent.HighlightElement.run(findTestObject("Login/Page_SUNCITY - Login/button_Sign In")): com.reusableComponent.HighlightElement.run is PASSED

2023-06-16 22:38:39 - [MESSAGE][PASSED] - com.reusableComponent.HighlightElement.run is PASSED

2023-06-16 22:38:39 - [TEST_STEP][PASSED] - click(findTestObject("Object Repository/Login/Page_SUNCITY - Login/button_Sign In")): Object: 'Object Repository/Login/Page_SUNCITY - Login/button_Sign In' is clicked on

2023-06-16 22:38:40 - [MESSAGE][PASSED] - Object: 'Object Repository/Login/Page_SUNCITY - Login/button_Sign In' is clicked on

2023-06-16 22:38:40 - [TEST_STEP][PASSED] - com.reusableComponent.HighlightElement.run(findTestObject("Login/Page_Dashboard/h2_Login Success")): com.reusableComponent.HighlightElement.run is PASSED

2023-06-16 22:38:42 - [MESSAGE][PASSED] - com.reusableComponent.HighlightElement.run is PASSED

2023-06-16 22:38:42 - [TEST_STEP][PASSED] - click(findTestObject("Object Repository/Login/Page_Dashboard/h2_Login Success")): Object: 'Object Repository/Login/Page_Dashboard/h2_Login Success' is clicked on

2023-06-16 22:38:42 - [MESSAGE][PASSED] - Object: 'Object Repository/Login/Page_Dashboard/h2_Login Success' is clicked on

2023-06-16 22:38:42 - [TEST_STEP][PASSED] - com.reusableComponent.HighlightElement.run(findTestObject("Login/Page_Dashboard/button_OK")): com.reusableComponent.HighlightElement.run is PASSED

2023-06-16 22:38:43 - [MESSAGE][PASSED] - com.reusableComponent.HighlightElement.run is PASSED

2023-06-16 22:38:43 - [TEST_STEP][PASSED] - click(findTestObject("Object Repository/Login/Page_Dashboard/button_OK")): Object: 'Object Repository/Login/Page_Dashboard/button_OK' is clicked on

2023-06-16 22:38:43 - [MESSAGE][PASSED] - Object: 'Object Repository/Login/Page_Dashboard/button_OK' is clicked on

2023-06-16 22:38:43 - [MESSAGE][PASSED] - Call Test Case 'Test Cases/Login Admin' successfully

2023-06-16 22:38:43 - [TEST_STEP][PASSED] - com.reusableComponent.HighlightElement.run(findTestObject("Bank/Page_Dashboard/span_Bank")): com.reusableComponent.HighlightElement.run is PASSED

2023-06-16 22:38:44 - [MESSAGE][PASSED] - com.reusableComponent.HighlightElement.run is PASSED

2023-06-16 22:38:44 - [TEST_STEP][PASSED] - mouseOver(findTestObject("Bank/Page_Dashboard/span_Bank")): Object: 'Object Repository/Bank/Page_Dashboard/span_Bank' is hovered

2023-06-16 22:38:45 - [MESSAGE][PASSED] - Object: 'Object Repository/Bank/Page_Dashboard/span_Bank' is hovered

2023-06-16 22:38:45 - [TEST_STEP][PASSED] - com.reusableComponent.HighlightElement.run(findTestObject("Bank/Page_Dashboard/span_List")): com.reusableComponent.HighlightElement.run is PASSED

2023-06-16 22:38:45 - [MESSAGE][PASSED] - com.reusableComponent.HighlightElement.run is PASSED

2023-06-16 22:38:45 - [TEST_STEP][PASSED] - mouseOver(findTestObject("Bank/Page_Dashboard/span_List")): Object: 'Object Repository/Bank/Page_Dashboard/span_List' is hovered

2023-06-16 22:38:46 - [MESSAGE][PASSED] - Object: 'Object Repository/Bank/Page_Dashboard/span_List' is hovered]]></system-out>
         <system-err><![CDATA[]]></system-err>
      </testcase>
      <testcase name="Test Cases/Setting/Settings" time="3.011" classname="Test Cases/Setting/Settings" status="PASSED">
         <system-out><![CDATA[2023-06-16 22:38:46 - [TEST_CASE][PASSED] - Test Cases/Setting/Settings: Test Cases/Setting/Settings

2023-06-16 22:38:47 - [TEST_STEP][PASSED] - com.reusableComponent.HighlightElement.run(findTestObject("Setting/Page_Dashboard/span_Setting")): com.reusableComponent.HighlightElement.run is PASSED

2023-06-16 22:38:47 - [MESSAGE][PASSED] - com.reusableComponent.HighlightElement.run is PASSED

2023-06-16 22:38:47 - [TEST_STEP][PASSED] - mouseOver(findTestObject("Setting/Page_Dashboard/span_Setting")): Object: 'Object Repository/Setting/Page_Dashboard/span_Setting' is hovered

2023-06-16 22:38:48 - [MESSAGE][PASSED] - Object: 'Object Repository/Setting/Page_Dashboard/span_Setting' is hovered

2023-06-16 22:38:48 - [TEST_STEP][PASSED] - com.reusableComponent.HighlightElement.run(findTestObject("Setting/Page_Dashboard/span_Settings")): com.reusableComponent.HighlightElement.run is PASSED

2023-06-16 22:38:48 - [MESSAGE][PASSED] - com.reusableComponent.HighlightElement.run is PASSED

2023-06-16 22:38:48 - [TEST_STEP][PASSED] - mouseOver(findTestObject("Setting/Page_Dashboard/span_Settings")): Object: 'Object Repository/Setting/Page_Dashboard/span_Settings' is hovered

2023-06-16 22:38:49 - [MESSAGE][PASSED] - Object: 'Object Repository/Setting/Page_Dashboard/span_Settings' is hovered]]></system-out>
         <system-err><![CDATA[]]></system-err>
      </testcase>
      <testcase name="Test Cases/Setting/FX Rates" time="3.087" classname="Test Cases/Setting/FX Rates" status="PASSED">
         <system-out><![CDATA[2023-06-16 22:38:49 - [TEST_CASE][PASSED] - Test Cases/Setting/FX Rates: Test Cases/Setting/FX Rates

2023-06-16 22:38:49 - [TEST_STEP][PASSED] - com.reusableComponent.HighlightElement.run(findTestObject("Setting/Page_Dashboard/span_Setting")): com.reusableComponent.HighlightElement.run is PASSED

2023-06-16 22:38:50 - [MESSAGE][PASSED] - com.reusableComponent.HighlightElement.run is PASSED

2023-06-16 22:38:50 - [TEST_STEP][PASSED] - mouseOver(findTestObject("Setting/Page_Dashboard/span_Setting")): Object: 'Object Repository/Setting/Page_Dashboard/span_Setting' is hovered

2023-06-16 22:38:50 - [MESSAGE][PASSED] - Object: 'Object Repository/Setting/Page_Dashboard/span_Setting' is hovered

2023-06-16 22:38:50 - [TEST_STEP][PASSED] - com.reusableComponent.HighlightElement.run(findTestObject("Setting/Page_Dashboard/span_FX Rates")): com.reusableComponent.HighlightElement.run is PASSED

2023-06-16 22:38:51 - [MESSAGE][PASSED] - com.reusableComponent.HighlightElement.run is PASSED

2023-06-16 22:38:51 - [TEST_STEP][PASSED] - mouseOver(findTestObject("Setting/Page_Dashboard/span_FX Rates")): Object: 'Object Repository/Setting/Page_Dashboard/span_FX Rates' is hovered

2023-06-16 22:38:52 - [MESSAGE][PASSED] - Object: 'Object Repository/Setting/Page_Dashboard/span_FX Rates' is hovered]]></system-out>
         <system-err><![CDATA[]]></system-err>
      </testcase>
      <testcase name="Test Cases/Setting/Maintenance" time="3.666" classname="Test Cases/Setting/Maintenance" status="PASSED">
         <system-out><![CDATA[2023-06-16 22:38:52 - [TEST_CASE][PASSED] - Test Cases/Setting/Maintenance: Test Cases/Setting/Maintenance

2023-06-16 22:38:53 - [TEST_STEP][PASSED] - com.reusableComponent.HighlightElement.run(findTestObject("Setting/Page_Dashboard/span_Setting")): com.reusableComponent.HighlightElement.run is PASSED

2023-06-16 22:38:53 - [MESSAGE][PASSED] - com.reusableComponent.HighlightElement.run is PASSED

2023-06-16 22:38:53 - [TEST_STEP][PASSED] - mouseOver(findTestObject("Setting/Page_Dashboard/span_Setting")): Object: 'Object Repository/Setting/Page_Dashboard/span_Setting' is hovered

2023-06-16 22:38:54 - [MESSAGE][PASSED] - Object: 'Object Repository/Setting/Page_Dashboard/span_Setting' is hovered

2023-06-16 22:38:54 - [TEST_STEP][PASSED] - com.reusableComponent.HighlightElement.run(findTestObject("Setting/Page_Dashboard/span_Maintenance")): com.reusableComponent.HighlightElement.run is PASSED

2023-06-16 22:38:54 - [MESSAGE][PASSED] - com.reusableComponent.HighlightElement.run is PASSED

2023-06-16 22:38:54 - [TEST_STEP][PASSED] - mouseOver(findTestObject("Setting/Page_Dashboard/span_Maintenance")): Object: 'Object Repository/Setting/Page_Dashboard/span_Maintenance' is hovered

2023-06-16 22:38:56 - [MESSAGE][PASSED] - Object: 'Object Repository/Setting/Page_Dashboard/span_Maintenance' is hovered]]></system-out>
         <system-err><![CDATA[]]></system-err>
      </testcase>
      <testcase name="Test Cases/Setting/Settings" time="2.206" classname="Test Cases/Setting/Settings" status="PASSED">
         <system-out><![CDATA[2023-06-16 22:38:56 - [TEST_CASE][PASSED] - Test Cases/Setting/Settings: Test Cases/Setting/Settings

2023-06-16 22:38:56 - [TEST_STEP][PASSED] - com.reusableComponent.HighlightElement.run(findTestObject("Setting/Page_Dashboard/span_Setting")): com.reusableComponent.HighlightElement.run is PASSED

2023-06-16 22:38:56 - [MESSAGE][PASSED] - com.reusableComponent.HighlightElement.run is PASSED

2023-06-16 22:38:56 - [TEST_STEP][PASSED] - mouseOver(findTestObject("Setting/Page_Dashboard/span_Setting")): Object: 'Object Repository/Setting/Page_Dashboard/span_Setting' is hovered

2023-06-16 22:38:57 - [MESSAGE][PASSED] - Object: 'Object Repository/Setting/Page_Dashboard/span_Setting' is hovered

2023-06-16 22:38:57 - [TEST_STEP][PASSED] - com.reusableComponent.HighlightElement.run(findTestObject("Setting/Page_Dashboard/span_Settings")): com.reusableComponent.HighlightElement.run is PASSED

2023-06-16 22:38:57 - [MESSAGE][PASSED] - com.reusableComponent.HighlightElement.run is PASSED

2023-06-16 22:38:57 - [TEST_STEP][PASSED] - mouseOver(findTestObject("Setting/Page_Dashboard/span_Settings")): Object: 'Object Repository/Setting/Page_Dashboard/span_Settings' is hovered

2023-06-16 22:38:58 - [MESSAGE][PASSED] - Object: 'Object Repository/Setting/Page_Dashboard/span_Settings' is hovered]]></system-out>
         <system-err><![CDATA[]]></system-err>
      </testcase>
      <testcase name="Test Cases/Setting/Notification Threshold" time="3.44" classname="Test Cases/Setting/Notification Threshold" status="PASSED">
         <system-out><![CDATA[2023-06-16 22:38:58 - [TEST_CASE][PASSED] - Test Cases/Setting/Notification Threshold: Test Cases/Setting/Notification Threshold

2023-06-16 22:38:59 - [TEST_STEP][PASSED] - com.reusableComponent.HighlightElement.run(findTestObject("Setting/Page_Dashboard/span_Setting")): com.reusableComponent.HighlightElement.run is PASSED

2023-06-16 22:39:00 - [MESSAGE][PASSED] - com.reusableComponent.HighlightElement.run is PASSED

2023-06-16 22:39:00 - [TEST_STEP][PASSED] - mouseOver(findTestObject("Setting/Page_Dashboard/span_Setting")): Object: 'Object Repository/Setting/Page_Dashboard/span_Setting' is hovered

2023-06-16 22:39:00 - [MESSAGE][PASSED] - Object: 'Object Repository/Setting/Page_Dashboard/span_Setting' is hovered

2023-06-16 22:39:00 - [TEST_STEP][PASSED] - com.reusableComponent.HighlightElement.run(findTestObject("Setting/Page_Dashboard/span_Notification Threshold")): com.reusableComponent.HighlightElement.run is PASSED

2023-06-16 22:39:01 - [MESSAGE][PASSED] - com.reusableComponent.HighlightElement.run is PASSED

2023-06-16 22:39:01 - [TEST_STEP][PASSED] - mouseOver(findTestObject("Setting/Page_Dashboard/span_Notification Threshold")): Object: 'Object Repository/Setting/Page_Dashboard/span_Notification Threshold' is hovered

2023-06-16 22:39:01 - [MESSAGE][PASSED] - Object: 'Object Repository/Setting/Page_Dashboard/span_Notification Threshold' is hovered]]></system-out>
         <system-err><![CDATA[]]></system-err>
      </testcase>
      <testcase name="Test Cases/Leaderboard/List" time="2.764" classname="Test Cases/Leaderboard/List" status="PASSED">
         <system-out><![CDATA[2023-06-16 22:39:01 - [TEST_CASE][PASSED] - Test Cases/Leaderboard/List: Test Cases/Leaderboard/List

2023-06-16 22:39:02 - [TEST_STEP][PASSED] - com.reusableComponent.HighlightElement.run(findTestObject("Leaderboard/Page_Dashboard/span_leaderboard")): com.reusableComponent.HighlightElement.run is PASSED

2023-06-16 22:39:02 - [MESSAGE][PASSED] - com.reusableComponent.HighlightElement.run is PASSED

2023-06-16 22:39:02 - [TEST_STEP][PASSED] - mouseOver(findTestObject("Leaderboard/Page_Dashboard/span_leaderboard")): Object: 'Object Repository/Leaderboard/Page_Dashboard/span_leaderboard' is hovered

2023-06-16 22:39:03 - [MESSAGE][PASSED] - Object: 'Object Repository/Leaderboard/Page_Dashboard/span_leaderboard' is hovered

2023-06-16 22:39:03 - [TEST_STEP][PASSED] - com.reusableComponent.HighlightElement.run(findTestObject("Leaderboard/Page_Dashboard/span_List")): com.reusableComponent.HighlightElement.run is PASSED

2023-06-16 22:39:03 - [MESSAGE][PASSED] - com.reusableComponent.HighlightElement.run is PASSED

2023-06-16 22:39:03 - [TEST_STEP][PASSED] - mouseOver(findTestObject("Leaderboard/Page_Dashboard/span_List")): Object: 'Object Repository/Leaderboard/Page_Dashboard/span_List' is hovered

2023-06-16 22:39:04 - [MESSAGE][PASSED] - Object: 'Object Repository/Leaderboard/Page_Dashboard/span_List' is hovered]]></system-out>
         <system-err><![CDATA[]]></system-err>
      </testcase>
      <testcase name="Test Cases/Leaderboard/Ranking" time="3.033" classname="Test Cases/Leaderboard/Ranking" status="PASSED">
         <system-out><![CDATA[2023-06-16 22:39:04 - [TEST_CASE][PASSED] - Test Cases/Leaderboard/Ranking: Test Cases/Leaderboard/Ranking

2023-06-16 22:39:05 - [TEST_STEP][PASSED] - com.reusableComponent.HighlightElement.run(findTestObject("Leaderboard/Page_Dashboard/span_leaderboard")): com.reusableComponent.HighlightElement.run is PASSED

2023-06-16 22:39:05 - [MESSAGE][PASSED] - com.reusableComponent.HighlightElement.run is PASSED

2023-06-16 22:39:05 - [TEST_STEP][PASSED] - mouseOver(findTestObject("Leaderboard/Page_Dashboard/span_leaderboard")): Object: 'Object Repository/Leaderboard/Page_Dashboard/span_leaderboard' is hovered

2023-06-16 22:39:06 - [MESSAGE][PASSED] - Object: 'Object Repository/Leaderboard/Page_Dashboard/span_leaderboard' is hovered

2023-06-16 22:39:06 - [TEST_STEP][PASSED] - com.reusableComponent.HighlightElement.run(findTestObject("Leaderboard/Page_Dashboard/span_Ranking")): com.reusableComponent.HighlightElement.run is PASSED

2023-06-16 22:39:07 - [MESSAGE][PASSED] - com.reusableComponent.HighlightElement.run is PASSED

2023-06-16 22:39:07 - [TEST_STEP][PASSED] - mouseOver(findTestObject("Leaderboard/Page_Dashboard/span_Ranking")): Object: 'Object Repository/Leaderboard/Page_Dashboard/span_Ranking' is hovered

2023-06-16 22:39:07 - [MESSAGE][PASSED] - Object: 'Object Repository/Leaderboard/Page_Dashboard/span_Ranking' is hovered]]></system-out>
         <system-err><![CDATA[]]></system-err>
      </testcase>
      <system-out><![CDATA[2023-06-16 22:38:19 - [TEST_SUITE][PASSED] - Smoke: Test Cases/Leaderboard/Ranking]]></system-out>
      <system-err><![CDATA[]]></system-err>
   </testsuite>
</testsuites>
