<?xml version="1.0" encoding="UTF-8"?>
<testsuites name="Smoke" time="245.687" tests="6" failures="0" errors="0">
   <testsuite name="Smoke" tests="6" failures="0" errors="0" time="245.687" skipped="0" timestamp="2023-06-23 14:34:55" hostname="hmacagba - PHPF1FXV0U.CSCMWS.CSCMWS.COM" id="Test Suites/Smoke">
      <properties>
         <property name="deviceName" value=""/>
         <property name="devicePlatform" value=""/>
         <property name="logFolder" value="C:\\Users\\hmacagba\\git\\AutomatedScripts\\Reports\\20230623_143444\\Smoke\\20230623_143444"/>
         <property name="logFiles" value="C:\\Users\\hmacagba\\git\\AutomatedScripts\\Reports\\20230623_143444\\Smoke\\20230623_143444\\execution0.log"/>
         <property name="attachments" value=""/>
         <property name="hostName" value="hmacagba - PHPF1FXV0U.CSCMWS.CSCMWS.COM"/>
         <property name="os" value="Windows 10 64bit"/>
         <property name="katalonVersion" value="8.6.5.208"/>
         <property name="browser" value="Chrome 114.0.0.0"/>
         <property name="hostAddress" value="192.168.68.107"/>
         <property name="sessionId" value="9c0b1b3e679f05ec066c443232420f8e"/>
         <property name="seleniumVersion" value="3.141.59"/>
         <property name="proxyInformation" value="ProxyInformation { proxyOption=NO_PROXY, proxyServerType=HTTP, username=, password=********, proxyServerAddress=, proxyServerPort=0, executionList=&quot;&quot;, isApplyToDesiredCapabilities=true }"/>
         <property name="platform" value="Windows 10"/>
      </properties>
      <testcase name="Test Cases/User/Shareholder/List All" time="61.693" classname="Test Cases/User/Shareholder/List All" status="PASSED">
         <system-out><![CDATA[2023-06-23 14:34:56 - [TEST_CASE][PASSED] - Test Cases/User/Shareholder/List All: Test Cases/User/Shareholder/List All

2023-06-23 14:34:57 - [TEST_STEP][PASSED] - callTestCase(findTestCase("Login Admin"), [:], STOP_ON_FAILURE): Call Test Case 'Test Cases/Login Admin' successfully

2023-06-23 14:34:57 - [TEST_CASE][PASSED] - Test Cases/Login Admin: Test Cases/Login Admin

2023-06-23 14:34:57 - [TEST_STEP][PASSED] - openBrowser(""): Browser is opened with url: ''

2023-06-23 14:34:58 - [MESSAGE][INFO] - Starting 'Chrome' driver

2023-06-23 14:34:58 - [MESSAGE][INFO] - Action delay is set to 0 milliseconds

2023-06-23 14:35:02 - [MESSAGE][PASSED] - Browser is opened with url: ''

2023-06-23 14:35:02 - [TEST_STEP][PASSED] - maximizeWindow(): Current window maximized

2023-06-23 14:35:02 - [MESSAGE][PASSED] - Current window maximized

2023-06-23 14:35:02 - [TEST_STEP][PASSED] - navigateToUrl(URL): Navigate to 'http://admin.lkydev.site' successfully

2023-06-23 14:35:06 - [MESSAGE][PASSED] - Navigate to 'http://admin.lkydev.site' successfully

2023-06-23 14:35:06 - [TEST_STEP][PASSED] - verifyElementText(findTestObject("Object Repository/Login/Page_SUNCITY - Login/h3_Sign In To Admin System"), "Sign In To Admin System"): Actual text and expected text of test object 'Object Repository/Login/Page_SUNCITY - Login/h3_Sign In To Admin System' are matched.

2023-06-23 14:35:08 - [MESSAGE][PASSED] - Actual text and expected text of test object 'Object Repository/Login/Page_SUNCITY - Login/h3_Sign In To Admin System' are matched.

2023-06-23 14:35:08 - [TEST_STEP][PASSED] - com.reusableComponent.HighlightElement.run(findTestObject("Login/Page_SUNCITY - Login/h3_Sign In To Admin System")): com.reusableComponent.HighlightElement.run is PASSED

2023-06-23 14:35:08 - [MESSAGE][PASSED] - com.reusableComponent.HighlightElement.run is PASSED

2023-06-23 14:35:08 - [TEST_STEP][PASSED] - com.reusableComponent.HighlightElement.run(findTestObject("Login/Page_SUNCITY - Login/input_Sign In To Admin System_username")): com.reusableComponent.HighlightElement.run is PASSED

2023-06-23 14:35:09 - [MESSAGE][PASSED] - com.reusableComponent.HighlightElement.run is PASSED

2023-06-23 14:35:09 - [TEST_STEP][PASSED] - com.reusableComponent.HighlightElement.run(findTestObject("Login/Page_SUNCITY - Login/input_Sign In To Admin System_password")): com.reusableComponent.HighlightElement.run is PASSED

2023-06-23 14:35:09 - [MESSAGE][PASSED] - com.reusableComponent.HighlightElement.run is PASSED

2023-06-23 14:35:09 - [TEST_STEP][PASSED] - setText(findTestObject("Object Repository/Login/Page_SUNCITY - Login/input_Sign In To Admin System_username"), Username): Text 'devbot' is set on object 'Object Repository/Login/Page_SUNCITY - Login/input_Sign In To Admin System_username'

2023-06-23 14:35:10 - [MESSAGE][PASSED] - Text 'devbot' is set on object 'Object Repository/Login/Page_SUNCITY - Login/input_Sign In To Admin System_username'

2023-06-23 14:35:10 - [TEST_STEP][PASSED] - setText(findTestObject("Object Repository/Login/Page_SUNCITY - Login/input_Sign In To Admin System_password"), Password): Text '77889900' is set on object 'Object Repository/Login/Page_SUNCITY - Login/input_Sign In To Admin System_password'

2023-06-23 14:35:11 - [MESSAGE][PASSED] - Text '77889900' is set on object 'Object Repository/Login/Page_SUNCITY - Login/input_Sign In To Admin System_password'

2023-06-23 14:35:11 - [TEST_STEP][PASSED] - com.reusableComponent.HighlightElement.run(findTestObject("Login/Page_SUNCITY - Login/button_Next")): com.reusableComponent.HighlightElement.run is PASSED

2023-06-23 14:35:12 - [MESSAGE][PASSED] - com.reusableComponent.HighlightElement.run is PASSED

2023-06-23 14:35:12 - [TEST_STEP][PASSED] - click(findTestObject("Object Repository/Login/Page_SUNCITY - Login/button_Next")): Object: 'Object Repository/Login/Page_SUNCITY - Login/button_Next' is clicked on

2023-06-23 14:35:12 - [MESSAGE][PASSED] - Object: 'Object Repository/Login/Page_SUNCITY - Login/button_Next' is clicked on

2023-06-23 14:35:12 - [TEST_STEP][PASSED] - com.reusableComponent.HighlightElement.run(findTestObject("Login/Page_SUNCITY - Login/input_Next_verificationCode")): com.reusableComponent.HighlightElement.run is PASSED

2023-06-23 14:35:13 - [MESSAGE][PASSED] - com.reusableComponent.HighlightElement.run is PASSED

2023-06-23 14:35:13 - [TEST_STEP][PASSED] - setText(findTestObject("Object Repository/Login/Page_SUNCITY - Login/input_Next_verificationCode"), VerificationCode): Text '778899' is set on object 'Object Repository/Login/Page_SUNCITY - Login/input_Next_verificationCode'

2023-06-23 14:35:14 - [MESSAGE][PASSED] - Text '778899' is set on object 'Object Repository/Login/Page_SUNCITY - Login/input_Next_verificationCode'

2023-06-23 14:35:14 - [TEST_STEP][PASSED] - com.reusableComponent.HighlightElement.run(findTestObject("Login/Page_SUNCITY - Login/button_Sign In")): com.reusableComponent.HighlightElement.run is PASSED

2023-06-23 14:35:15 - [MESSAGE][PASSED] - com.reusableComponent.HighlightElement.run is PASSED

2023-06-23 14:35:15 - [TEST_STEP][PASSED] - click(findTestObject("Object Repository/Login/Page_SUNCITY - Login/button_Sign In")): Object: 'Object Repository/Login/Page_SUNCITY - Login/button_Sign In' is clicked on

2023-06-23 14:35:15 - [MESSAGE][PASSED] - Object: 'Object Repository/Login/Page_SUNCITY - Login/button_Sign In' is clicked on

2023-06-23 14:35:15 - [TEST_STEP][PASSED] - com.reusableComponent.HighlightElement.run(findTestObject("Login/Page_Dashboard/h2_Login Success")): com.reusableComponent.HighlightElement.run is PASSED

2023-06-23 14:35:18 - [MESSAGE][PASSED] - com.reusableComponent.HighlightElement.run is PASSED

2023-06-23 14:35:18 - [TEST_STEP][PASSED] - click(findTestObject("Object Repository/Login/Page_Dashboard/h2_Login Success")): Object: 'Object Repository/Login/Page_Dashboard/h2_Login Success' is clicked on

2023-06-23 14:35:18 - [MESSAGE][PASSED] - Object: 'Object Repository/Login/Page_Dashboard/h2_Login Success' is clicked on

2023-06-23 14:35:18 - [TEST_STEP][PASSED] - com.reusableComponent.HighlightElement.run(findTestObject("Login/Page_Dashboard/button_OK")): com.reusableComponent.HighlightElement.run is PASSED

2023-06-23 14:35:19 - [MESSAGE][PASSED] - com.reusableComponent.HighlightElement.run is PASSED

2023-06-23 14:35:19 - [TEST_STEP][PASSED] - click(findTestObject("Object Repository/Login/Page_Dashboard/button_OK")): Object: 'Object Repository/Login/Page_Dashboard/button_OK' is clicked on

2023-06-23 14:35:19 - [MESSAGE][PASSED] - Object: 'Object Repository/Login/Page_Dashboard/button_OK' is clicked on

2023-06-23 14:35:19 - [MESSAGE][PASSED] - Call Test Case 'Test Cases/Login Admin' successfully

2023-06-23 14:35:19 - [TEST_STEP][PASSED] - com.reusableComponent.HighlightElement.run(findTestObject("User/Page_Dashboard/Member/span_User")): com.reusableComponent.HighlightElement.run is PASSED

2023-06-23 14:35:20 - [MESSAGE][PASSED] - com.reusableComponent.HighlightElement.run is PASSED

2023-06-23 14:35:20 - [TEST_STEP][PASSED] - mouseOver(findTestObject("User/Page_Dashboard/Member/span_User")): Object: 'Object Repository/User/Page_Dashboard/Member/span_User' is hovered

2023-06-23 14:35:21 - [MESSAGE][PASSED] - Object: 'Object Repository/User/Page_Dashboard/Member/span_User' is hovered

2023-06-23 14:35:21 - [TEST_STEP][PASSED] - com.reusableComponent.HighlightElement.run(findTestObject("User/Page_Dashboard/Shareholder/span_List")): com.reusableComponent.HighlightElement.run is PASSED

2023-06-23 14:35:21 - [MESSAGE][PASSED] - com.reusableComponent.HighlightElement.run is PASSED

2023-06-23 14:35:21 - [TEST_STEP][PASSED] - mouseOver(findTestObject("User/Page_Dashboard/Shareholder/span_List")): Object: 'Object Repository/User/Page_Dashboard/Shareholder/span_List' is hovered

2023-06-23 14:35:22 - [MESSAGE][PASSED] - Object: 'Object Repository/User/Page_Dashboard/Shareholder/span_List' is hovered

2023-06-23 14:35:22 - [TEST_STEP][PASSED] - com.reusableComponent.HighlightElement.run(findTestObject("User/Page_Dashboard/Shareholder/UserListAll/span_All")): com.reusableComponent.HighlightElement.run is PASSED

2023-06-23 14:35:22 - [MESSAGE][PASSED] - com.reusableComponent.HighlightElement.run is PASSED

2023-06-23 14:35:22 - [TEST_STEP][PASSED] - mouseOver(findTestObject("User/Page_Dashboard/Shareholder/UserListAll/span_All")): Object: 'Object Repository/User/Page_Dashboard/Shareholder/UserListAll/span_All' is hovered

2023-06-23 14:35:23 - [MESSAGE][PASSED] - Object: 'Object Repository/User/Page_Dashboard/Shareholder/UserListAll/span_All' is hovered

2023-06-23 14:35:23 - [TEST_STEP][PASSED] - click(findTestObject("User/Page_Dashboard/Shareholder/UserListAll/span_All")): Object: 'Object Repository/User/Page_Dashboard/Shareholder/UserListAll/span_All' is clicked on

2023-06-23 14:35:25 - [MESSAGE][PASSED] - Object: 'Object Repository/User/Page_Dashboard/Shareholder/UserListAll/span_All' is clicked on

2023-06-23 14:35:25 - [TEST_STEP][PASSED] - com.reusableComponent.HighlightElement.run(findTestObject("User/Page_Dashboard/Shareholder/UserListAll/h3_User List")): com.reusableComponent.HighlightElement.run is PASSED

2023-06-23 14:35:27 - [MESSAGE][PASSED] - com.reusableComponent.HighlightElement.run is PASSED

2023-06-23 14:35:27 - [TEST_STEP][PASSED] - com.reusableComponent.HighlightElement.run(findTestObject("User/Page_Dashboard/Shareholder/UserListAll/input_Username_shareholder_username")): com.reusableComponent.HighlightElement.run is PASSED

2023-06-23 14:35:28 - [MESSAGE][PASSED] - com.reusableComponent.HighlightElement.run is PASSED

2023-06-23 14:35:28 - [TEST_STEP][PASSED] - com.reusableComponent.HighlightElement.run(findTestObject("User/Page_Dashboard/Shareholder/UserListAll/input_MPU_member_product_username")): com.reusableComponent.HighlightElement.run is PASSED

2023-06-23 14:35:28 - [MESSAGE][PASSED] - com.reusableComponent.HighlightElement.run is PASSED

2023-06-23 14:35:28 - [TEST_STEP][PASSED] - com.reusableComponent.HighlightElement.run(findTestObject("User/Page_Dashboard/Shareholder/UserListAll/selectLevel")): com.reusableComponent.HighlightElement.run is PASSED

2023-06-23 14:35:29 - [MESSAGE][PASSED] - com.reusableComponent.HighlightElement.run is PASSED

2023-06-23 14:35:29 - [TEST_STEP][PASSED] - com.reusableComponent.HighlightElement.run(findTestObject("User/Page_Dashboard/Shareholder/UserListAll/selectWallet")): com.reusableComponent.HighlightElement.run is PASSED

2023-06-23 14:35:29 - [MESSAGE][PASSED] - com.reusableComponent.HighlightElement.run is PASSED

2023-06-23 14:35:29 - [TEST_STEP][PASSED] - com.reusableComponent.HighlightElement.run(findTestObject("User/Page_Dashboard/Shareholder/UserListAll/button_Search")): com.reusableComponent.HighlightElement.run is PASSED

2023-06-23 14:35:30 - [MESSAGE][PASSED] - com.reusableComponent.HighlightElement.run is PASSED

2023-06-23 14:35:30 - [TEST_STEP][PASSED] - com.reusableComponent.HighlightElement.run(findTestObject("User/Page_Dashboard/Shareholder/UserListAll/button_Create Shareholder")): com.reusableComponent.HighlightElement.run is PASSED

2023-06-23 14:35:30 - [MESSAGE][PASSED] - com.reusableComponent.HighlightElement.run is PASSED

2023-06-23 14:35:30 - [TEST_STEP][PASSED] - verifyElementVisible(findTestObject("User/Page_Dashboard/Shareholder/UserListAll/h3_User List")): Object 'Object Repository/User/Page_Dashboard/Shareholder/UserListAll/h3_User List' is visible

2023-06-23 14:35:31 - [MESSAGE][PASSED] - Object 'Object Repository/User/Page_Dashboard/Shareholder/UserListAll/h3_User List' is visible

2023-06-23 14:35:31 - [TEST_STEP][PASSED] - verifyElementVisible(findTestObject("User/Page_Dashboard/Shareholder/UserListAll/input_Username_shareholder_username")): Object 'Object Repository/User/Page_Dashboard/Shareholder/UserListAll/input_Username_shareholder_username' is visible

2023-06-23 14:35:31 - [MESSAGE][PASSED] - Object 'Object Repository/User/Page_Dashboard/Shareholder/UserListAll/input_Username_shareholder_username' is visible

2023-06-23 14:35:31 - [TEST_STEP][PASSED] - verifyElementVisible(findTestObject("User/Page_Dashboard/Shareholder/UserListAll/input_MPU_member_product_username")): Object 'Object Repository/User/Page_Dashboard/Shareholder/UserListAll/input_MPU_member_product_username' is visible

2023-06-23 14:35:31 - [MESSAGE][PASSED] - Object 'Object Repository/User/Page_Dashboard/Shareholder/UserListAll/input_MPU_member_product_username' is visible

2023-06-23 14:35:31 - [TEST_STEP][PASSED] - verifyElementVisible(findTestObject("User/Page_Dashboard/Shareholder/UserListAll/selectLevel")): Object 'Object Repository/User/Page_Dashboard/Shareholder/UserListAll/selectLevel' is visible

2023-06-23 14:35:32 - [MESSAGE][PASSED] - Object 'Object Repository/User/Page_Dashboard/Shareholder/UserListAll/selectLevel' is visible

2023-06-23 14:35:32 - [TEST_STEP][PASSED] - verifyElementVisible(findTestObject("User/Page_Dashboard/Shareholder/UserListAll/selectWallet")): Object 'Object Repository/User/Page_Dashboard/Shareholder/UserListAll/selectWallet' is visible

2023-06-23 14:35:32 - [MESSAGE][PASSED] - Object 'Object Repository/User/Page_Dashboard/Shareholder/UserListAll/selectWallet' is visible

2023-06-23 14:35:32 - [TEST_STEP][PASSED] - verifyElementVisible(findTestObject("User/Page_Dashboard/Shareholder/UserListAll/button_Search")): Object 'Object Repository/User/Page_Dashboard/Shareholder/UserListAll/button_Search' is visible

2023-06-23 14:35:33 - [MESSAGE][PASSED] - Object 'Object Repository/User/Page_Dashboard/Shareholder/UserListAll/button_Search' is visible

2023-06-23 14:35:33 - [TEST_STEP][PASSED] - verifyElementVisible(findTestObject("User/Page_Dashboard/Shareholder/UserListAll/button_Create Shareholder")): Object 'Object Repository/User/Page_Dashboard/Shareholder/UserListAll/button_Create Shareholder' is visible

2023-06-23 14:35:33 - [MESSAGE][PASSED] - Object 'Object Repository/User/Page_Dashboard/Shareholder/UserListAll/button_Create Shareholder' is visible

2023-06-23 14:35:33 - [TEST_STEP][PASSED] - com.reusableComponent.HighlightElement.run(findTestObject("User/Page_Dashboard/Shareholder/UserListAll/select_102550100")): com.reusableComponent.HighlightElement.run is PASSED

2023-06-23 14:35:34 - [MESSAGE][PASSED] - com.reusableComponent.HighlightElement.run is PASSED

2023-06-23 14:35:34 - [TEST_STEP][PASSED] - com.reusableComponent.HighlightElement.run(findTestObject("User/Page_Dashboard/Shareholder/UserListAll/span_Copy")): com.reusableComponent.HighlightElement.run is PASSED

2023-06-23 14:35:34 - [MESSAGE][PASSED] - com.reusableComponent.HighlightElement.run is PASSED

2023-06-23 14:35:34 - [TEST_STEP][PASSED] - com.reusableComponent.HighlightElement.run(findTestObject("User/Page_Dashboard/Shareholder/UserListAll/span_CSV")): com.reusableComponent.HighlightElement.run is PASSED

2023-06-23 14:35:35 - [MESSAGE][PASSED] - com.reusableComponent.HighlightElement.run is PASSED

2023-06-23 14:35:35 - [TEST_STEP][PASSED] - com.reusableComponent.HighlightElement.run(findTestObject("User/Page_Dashboard/Shareholder/UserListAll/span_Excel")): com.reusableComponent.HighlightElement.run is PASSED

2023-06-23 14:35:35 - [MESSAGE][PASSED] - com.reusableComponent.HighlightElement.run is PASSED

2023-06-23 14:35:35 - [TEST_STEP][PASSED] - com.reusableComponent.HighlightElement.run(findTestObject("User/Page_Dashboard/Shareholder/UserListAll/span_PDF")): com.reusableComponent.HighlightElement.run is PASSED

2023-06-23 14:35:36 - [MESSAGE][PASSED] - com.reusableComponent.HighlightElement.run is PASSED

2023-06-23 14:35:36 - [TEST_STEP][PASSED] - verifyElementVisible(findTestObject("User/Page_Dashboard/Shareholder/UserListAll/span_Copy")): Object 'Object Repository/User/Page_Dashboard/Shareholder/UserListAll/span_Copy' is visible

2023-06-23 14:35:36 - [MESSAGE][PASSED] - Object 'Object Repository/User/Page_Dashboard/Shareholder/UserListAll/span_Copy' is visible

2023-06-23 14:35:36 - [TEST_STEP][PASSED] - verifyElementVisible(findTestObject("User/Page_Dashboard/Shareholder/UserListAll/span_CSV")): Object 'Object Repository/User/Page_Dashboard/Shareholder/UserListAll/span_CSV' is visible

2023-06-23 14:35:37 - [MESSAGE][PASSED] - Object 'Object Repository/User/Page_Dashboard/Shareholder/UserListAll/span_CSV' is visible

2023-06-23 14:35:37 - [TEST_STEP][PASSED] - verifyElementVisible(findTestObject("User/Page_Dashboard/Shareholder/UserListAll/span_Excel")): Object 'Object Repository/User/Page_Dashboard/Shareholder/UserListAll/span_Excel' is visible

2023-06-23 14:35:37 - [MESSAGE][PASSED] - Object 'Object Repository/User/Page_Dashboard/Shareholder/UserListAll/span_Excel' is visible

2023-06-23 14:35:37 - [TEST_STEP][PASSED] - verifyElementVisible(findTestObject("User/Page_Dashboard/Shareholder/UserListAll/span_PDF")): Object 'Object Repository/User/Page_Dashboard/Shareholder/UserListAll/span_PDF' is visible

2023-06-23 14:35:37 - [MESSAGE][PASSED] - Object 'Object Repository/User/Page_Dashboard/Shareholder/UserListAll/span_PDF' is visible

2023-06-23 14:35:37 - [TEST_STEP][PASSED] - com.reusableComponent.HighlightElement.run(findTestObject("User/Page_Dashboard/Shareholder/UserListAll/input_Search_form-control form-control-sm")): com.reusableComponent.HighlightElement.run is PASSED

2023-06-23 14:35:38 - [MESSAGE][PASSED] - com.reusableComponent.HighlightElement.run is PASSED

2023-06-23 14:35:38 - [TEST_STEP][PASSED] - verifyElementVisible(findTestObject("User/Page_Dashboard/Shareholder/UserListAll/input_Search_form-control form-control-sm")): Object 'Object Repository/User/Page_Dashboard/Shareholder/UserListAll/input_Search_form-control form-control-sm' is visible

2023-06-23 14:35:38 - [MESSAGE][PASSED] - Object 'Object Repository/User/Page_Dashboard/Shareholder/UserListAll/input_Search_form-control form-control-sm' is visible

2023-06-23 14:35:38 - [TEST_STEP][PASSED] - com.reusableComponent.HighlightElement.run(findTestObject("User/Page_Dashboard/Shareholder/UserListAll/th_No")): com.reusableComponent.HighlightElement.run is PASSED

2023-06-23 14:35:39 - [MESSAGE][PASSED] - com.reusableComponent.HighlightElement.run is PASSED

2023-06-23 14:35:39 - [TEST_STEP][PASSED] - com.reusableComponent.HighlightElement.run(findTestObject("User/Page_Dashboard/Shareholder/UserListAll/th_Login Account")): com.reusableComponent.HighlightElement.run is PASSED

2023-06-23 14:35:39 - [MESSAGE][PASSED] - com.reusableComponent.HighlightElement.run is PASSED

2023-06-23 14:35:39 - [TEST_STEP][PASSED] - com.reusableComponent.HighlightElement.run(findTestObject("User/Page_Dashboard/Shareholder/UserListAll/th_Full Name")): com.reusableComponent.HighlightElement.run is PASSED

2023-06-23 14:35:40 - [MESSAGE][PASSED] - com.reusableComponent.HighlightElement.run is PASSED

2023-06-23 14:35:40 - [TEST_STEP][PASSED] - com.reusableComponent.HighlightElement.run(findTestObject("User/Page_Dashboard/Shareholder/UserListAll/th_Nickname")): com.reusableComponent.HighlightElement.run is PASSED

2023-06-23 14:35:40 - [MESSAGE][PASSED] - com.reusableComponent.HighlightElement.run is PASSED

2023-06-23 14:35:40 - [TEST_STEP][PASSED] - com.reusableComponent.HighlightElement.run(findTestObject("User/Page_Dashboard/Shareholder/UserListAll/th_Currency")): com.reusableComponent.HighlightElement.run is PASSED

2023-06-23 14:35:41 - [MESSAGE][PASSED] - com.reusableComponent.HighlightElement.run is PASSED

2023-06-23 14:35:41 - [TEST_STEP][PASSED] - com.reusableComponent.HighlightElement.run(findTestObject("User/Page_Dashboard/Shareholder/UserListAll/th_Role")): com.reusableComponent.HighlightElement.run is PASSED

2023-06-23 14:35:41 - [MESSAGE][PASSED] - com.reusableComponent.HighlightElement.run is PASSED

2023-06-23 14:35:41 - [TEST_STEP][PASSED] - com.reusableComponent.HighlightElement.run(findTestObject("User/Page_Dashboard/Shareholder/UserListAll/th_Phone")): com.reusableComponent.HighlightElement.run is PASSED

2023-06-23 14:35:42 - [MESSAGE][PASSED] - com.reusableComponent.HighlightElement.run is PASSED

2023-06-23 14:35:42 - [TEST_STEP][PASSED] - com.reusableComponent.HighlightElement.run(findTestObject("User/Page_Dashboard/Shareholder/UserListAll/th_Percentage")): com.reusableComponent.HighlightElement.run is PASSED

2023-06-23 14:35:42 - [MESSAGE][PASSED] - com.reusableComponent.HighlightElement.run is PASSED

2023-06-23 14:35:42 - [TEST_STEP][PASSED] - com.reusableComponent.HighlightElement.run(findTestObject("User/Page_Dashboard/Shareholder/UserListAll/th_Status")): com.reusableComponent.HighlightElement.run is PASSED

2023-06-23 14:35:43 - [MESSAGE][PASSED] - com.reusableComponent.HighlightElement.run is PASSED

2023-06-23 14:35:43 - [TEST_STEP][PASSED] - com.reusableComponent.HighlightElement.run(findTestObject("User/Page_Dashboard/Shareholder/UserListAll/th_Remarks")): com.reusableComponent.HighlightElement.run is PASSED

2023-06-23 14:35:43 - [MESSAGE][PASSED] - com.reusableComponent.HighlightElement.run is PASSED

2023-06-23 14:35:43 - [TEST_STEP][PASSED] - com.reusableComponent.HighlightElement.run(findTestObject("User/Page_Dashboard/Shareholder/UserListAll/th_Cash")): com.reusableComponent.HighlightElement.run is PASSED

2023-06-23 14:35:44 - [MESSAGE][PASSED] - com.reusableComponent.HighlightElement.run is PASSED

2023-06-23 14:35:44 - [TEST_STEP][PASSED] - com.reusableComponent.HighlightElement.run(findTestObject("User/Page_Dashboard/Shareholder/UserListAll/th_Password Otp")): com.reusableComponent.HighlightElement.run is PASSED

2023-06-23 14:35:44 - [MESSAGE][PASSED] - com.reusableComponent.HighlightElement.run is PASSED

2023-06-23 14:35:44 - [TEST_STEP][PASSED] - com.reusableComponent.HighlightElement.run(findTestObject("User/Page_Dashboard/Shareholder/UserListAll/th_Phone Otp")): com.reusableComponent.HighlightElement.run is PASSED

2023-06-23 14:35:45 - [MESSAGE][PASSED] - com.reusableComponent.HighlightElement.run is PASSED

2023-06-23 14:35:45 - [TEST_STEP][PASSED] - com.reusableComponent.HighlightElement.run(findTestObject("User/Page_Dashboard/Shareholder/UserListAll/th_Last login IP")): com.reusableComponent.HighlightElement.run is PASSED

2023-06-23 14:35:45 - [MESSAGE][PASSED] - com.reusableComponent.HighlightElement.run is PASSED

2023-06-23 14:35:45 - [TEST_STEP][PASSED] - com.reusableComponent.HighlightElement.run(findTestObject("User/Page_Dashboard/Shareholder/UserListAll/th_Created Datetime")): com.reusableComponent.HighlightElement.run is PASSED

2023-06-23 14:35:46 - [MESSAGE][PASSED] - com.reusableComponent.HighlightElement.run is PASSED

2023-06-23 14:35:46 - [TEST_STEP][PASSED] - com.reusableComponent.HighlightElement.run(findTestObject("User/Page_Dashboard/Shareholder/UserListAll/th_Last login time")): com.reusableComponent.HighlightElement.run is PASSED

2023-06-23 14:35:46 - [MESSAGE][PASSED] - com.reusableComponent.HighlightElement.run is PASSED

2023-06-23 14:35:46 - [TEST_STEP][PASSED] - com.reusableComponent.HighlightElement.run(findTestObject("User/Page_Dashboard/Shareholder/UserListAll/th_App Type")): com.reusableComponent.HighlightElement.run is PASSED

2023-06-23 14:35:47 - [MESSAGE][PASSED] - com.reusableComponent.HighlightElement.run is PASSED

2023-06-23 14:35:47 - [TEST_STEP][PASSED] - com.reusableComponent.HighlightElement.run(findTestObject("User/Page_Dashboard/Shareholder/UserListAll/th_Action")): com.reusableComponent.HighlightElement.run is PASSED

2023-06-23 14:35:47 - [MESSAGE][PASSED] - com.reusableComponent.HighlightElement.run is PASSED

2023-06-23 14:35:47 - [TEST_STEP][PASSED] - com.reusableComponent.HighlightElement.run(findTestObject("User/Page_Dashboard/Shareholder/UserListAll/th_Upline")): com.reusableComponent.HighlightElement.run is PASSED

2023-06-23 14:35:48 - [MESSAGE][PASSED] - com.reusableComponent.HighlightElement.run is PASSED

2023-06-23 14:35:48 - [TEST_STEP][PASSED] - com.reusableComponent.HighlightElement.run(findTestObject("User/Page_Dashboard/Shareholder/UserListAll/th_Main Line")): com.reusableComponent.HighlightElement.run is PASSED

2023-06-23 14:35:48 - [MESSAGE][PASSED] - com.reusableComponent.HighlightElement.run is PASSED

2023-06-23 14:35:48 - [TEST_STEP][PASSED] - com.reusableComponent.HighlightElement.run(findTestObject("User/Page_Dashboard/Shareholder/UserListAll/tableUserList")): com.reusableComponent.HighlightElement.run is PASSED

2023-06-23 14:35:49 - [MESSAGE][PASSED] - com.reusableComponent.HighlightElement.run is PASSED

2023-06-23 14:35:49 - [TEST_STEP][PASSED] - verifyElementVisible(findTestObject("User/Page_Dashboard/Shareholder/UserListAll/th_No")): Object 'Object Repository/User/Page_Dashboard/Shareholder/UserListAll/th_No' is visible

2023-06-23 14:35:49 - [MESSAGE][PASSED] - Object 'Object Repository/User/Page_Dashboard/Shareholder/UserListAll/th_No' is visible

2023-06-23 14:35:49 - [TEST_STEP][PASSED] - verifyElementVisible(findTestObject("User/Page_Dashboard/Shareholder/UserListAll/th_Login Account")): Object 'Object Repository/User/Page_Dashboard/Shareholder/UserListAll/th_Login Account' is visible

2023-06-23 14:35:49 - [MESSAGE][PASSED] - Object 'Object Repository/User/Page_Dashboard/Shareholder/UserListAll/th_Login Account' is visible

2023-06-23 14:35:49 - [TEST_STEP][PASSED] - verifyElementVisible(findTestObject("User/Page_Dashboard/Shareholder/UserListAll/th_Full Name")): Object 'Object Repository/User/Page_Dashboard/Shareholder/UserListAll/th_Full Name' is visible

2023-06-23 14:35:50 - [MESSAGE][PASSED] - Object 'Object Repository/User/Page_Dashboard/Shareholder/UserListAll/th_Full Name' is visible

2023-06-23 14:35:50 - [TEST_STEP][PASSED] - verifyElementVisible(findTestObject("User/Page_Dashboard/Shareholder/UserListAll/th_Nickname")): Object 'Object Repository/User/Page_Dashboard/Shareholder/UserListAll/th_Nickname' is visible

2023-06-23 14:35:50 - [MESSAGE][PASSED] - Object 'Object Repository/User/Page_Dashboard/Shareholder/UserListAll/th_Nickname' is visible

2023-06-23 14:35:50 - [TEST_STEP][PASSED] - verifyElementVisible(findTestObject("User/Page_Dashboard/Shareholder/UserListAll/th_Currency")): Object 'Object Repository/User/Page_Dashboard/Shareholder/UserListAll/th_Currency' is visible

2023-06-23 14:35:51 - [MESSAGE][PASSED] - Object 'Object Repository/User/Page_Dashboard/Shareholder/UserListAll/th_Currency' is visible

2023-06-23 14:35:51 - [TEST_STEP][PASSED] - verifyElementVisible(findTestObject("User/Page_Dashboard/Shareholder/UserListAll/th_Role")): Object 'Object Repository/User/Page_Dashboard/Shareholder/UserListAll/th_Role' is visible

2023-06-23 14:35:51 - [MESSAGE][PASSED] - Object 'Object Repository/User/Page_Dashboard/Shareholder/UserListAll/th_Role' is visible

2023-06-23 14:35:51 - [TEST_STEP][PASSED] - verifyElementVisible(findTestObject("User/Page_Dashboard/Shareholder/UserListAll/th_Phone")): Object 'Object Repository/User/Page_Dashboard/Shareholder/UserListAll/th_Phone' is visible

2023-06-23 14:35:51 - [MESSAGE][PASSED] - Object 'Object Repository/User/Page_Dashboard/Shareholder/UserListAll/th_Phone' is visible

2023-06-23 14:35:51 - [TEST_STEP][PASSED] - verifyElementVisible(findTestObject("User/Page_Dashboard/Shareholder/UserListAll/th_Percentage")): Object 'Object Repository/User/Page_Dashboard/Shareholder/UserListAll/th_Percentage' is visible

2023-06-23 14:35:52 - [MESSAGE][PASSED] - Object 'Object Repository/User/Page_Dashboard/Shareholder/UserListAll/th_Percentage' is visible

2023-06-23 14:35:52 - [TEST_STEP][PASSED] - verifyElementVisible(findTestObject("User/Page_Dashboard/Shareholder/UserListAll/th_Status")): Object 'Object Repository/User/Page_Dashboard/Shareholder/UserListAll/th_Status' is visible

2023-06-23 14:35:52 - [MESSAGE][PASSED] - Object 'Object Repository/User/Page_Dashboard/Shareholder/UserListAll/th_Status' is visible

2023-06-23 14:35:52 - [TEST_STEP][PASSED] - verifyElementVisible(findTestObject("User/Page_Dashboard/Shareholder/UserListAll/th_Remarks")): Object 'Object Repository/User/Page_Dashboard/Shareholder/UserListAll/th_Remarks' is visible

2023-06-23 14:35:53 - [MESSAGE][PASSED] - Object 'Object Repository/User/Page_Dashboard/Shareholder/UserListAll/th_Remarks' is visible

2023-06-23 14:35:53 - [TEST_STEP][PASSED] - verifyElementVisible(findTestObject("User/Page_Dashboard/Shareholder/UserListAll/th_Cash")): Object 'Object Repository/User/Page_Dashboard/Shareholder/UserListAll/th_Cash' is visible

2023-06-23 14:35:53 - [MESSAGE][PASSED] - Object 'Object Repository/User/Page_Dashboard/Shareholder/UserListAll/th_Cash' is visible

2023-06-23 14:35:53 - [TEST_STEP][PASSED] - verifyElementVisible(findTestObject("User/Page_Dashboard/Shareholder/UserListAll/th_Password Otp")): Object 'Object Repository/User/Page_Dashboard/Shareholder/UserListAll/th_Password Otp' is visible

2023-06-23 14:35:54 - [MESSAGE][PASSED] - Object 'Object Repository/User/Page_Dashboard/Shareholder/UserListAll/th_Password Otp' is visible

2023-06-23 14:35:54 - [TEST_STEP][PASSED] - verifyElementVisible(findTestObject("User/Page_Dashboard/Shareholder/UserListAll/th_Phone Otp")): Object 'Object Repository/User/Page_Dashboard/Shareholder/UserListAll/th_Phone Otp' is visible

2023-06-23 14:35:54 - [MESSAGE][PASSED] - Object 'Object Repository/User/Page_Dashboard/Shareholder/UserListAll/th_Phone Otp' is visible

2023-06-23 14:35:54 - [TEST_STEP][PASSED] - verifyElementVisible(findTestObject("User/Page_Dashboard/Shareholder/UserListAll/th_Last login IP")): Object 'Object Repository/User/Page_Dashboard/Shareholder/UserListAll/th_Last login IP' is visible

2023-06-23 14:35:54 - [MESSAGE][PASSED] - Object 'Object Repository/User/Page_Dashboard/Shareholder/UserListAll/th_Last login IP' is visible

2023-06-23 14:35:54 - [TEST_STEP][PASSED] - verifyElementVisible(findTestObject("User/Page_Dashboard/Shareholder/UserListAll/th_Created Datetime")): Object 'Object Repository/User/Page_Dashboard/Shareholder/UserListAll/th_Created Datetime' is visible

2023-06-23 14:35:55 - [MESSAGE][PASSED] - Object 'Object Repository/User/Page_Dashboard/Shareholder/UserListAll/th_Created Datetime' is visible

2023-06-23 14:35:55 - [TEST_STEP][PASSED] - verifyElementVisible(findTestObject("User/Page_Dashboard/Shareholder/UserListAll/th_Last login time")): Object 'Object Repository/User/Page_Dashboard/Shareholder/UserListAll/th_Last login time' is visible

2023-06-23 14:35:55 - [MESSAGE][PASSED] - Object 'Object Repository/User/Page_Dashboard/Shareholder/UserListAll/th_Last login time' is visible

2023-06-23 14:35:55 - [TEST_STEP][PASSED] - verifyElementVisible(findTestObject("User/Page_Dashboard/Shareholder/UserListAll/th_App Type")): Object 'Object Repository/User/Page_Dashboard/Shareholder/UserListAll/th_App Type' is visible

2023-06-23 14:35:56 - [MESSAGE][PASSED] - Object 'Object Repository/User/Page_Dashboard/Shareholder/UserListAll/th_App Type' is visible

2023-06-23 14:35:56 - [TEST_STEP][PASSED] - verifyElementVisible(findTestObject("User/Page_Dashboard/Shareholder/UserListAll/th_Action")): Object 'Object Repository/User/Page_Dashboard/Shareholder/UserListAll/th_Action' is visible

2023-06-23 14:35:56 - [MESSAGE][PASSED] - Object 'Object Repository/User/Page_Dashboard/Shareholder/UserListAll/th_Action' is visible

2023-06-23 14:35:56 - [TEST_STEP][PASSED] - verifyElementVisible(findTestObject("User/Page_Dashboard/Shareholder/UserListAll/th_Upline")): Object 'Object Repository/User/Page_Dashboard/Shareholder/UserListAll/th_Upline' is visible

2023-06-23 14:35:56 - [MESSAGE][PASSED] - Object 'Object Repository/User/Page_Dashboard/Shareholder/UserListAll/th_Upline' is visible

2023-06-23 14:35:56 - [TEST_STEP][PASSED] - verifyElementVisible(findTestObject("User/Page_Dashboard/Shareholder/UserListAll/th_Main Line")): Object 'Object Repository/User/Page_Dashboard/Shareholder/UserListAll/th_Main Line' is visible

2023-06-23 14:35:57 - [MESSAGE][PASSED] - Object 'Object Repository/User/Page_Dashboard/Shareholder/UserListAll/th_Main Line' is visible

2023-06-23 14:35:57 - [TEST_STEP][PASSED] - verifyElementVisible(findTestObject("User/Page_Dashboard/Shareholder/UserListAll/tableUserList")): Object 'Object Repository/User/Page_Dashboard/Shareholder/UserListAll/tableUserList' is visible

2023-06-23 14:35:57 - [MESSAGE][PASSED] - Object 'Object Repository/User/Page_Dashboard/Shareholder/UserListAll/tableUserList' is visible]]></system-out>
         <system-err><![CDATA[]]></system-err>
      </testcase>
      <testcase name="Test Cases/User/Shareholder/List MYR" time="40.447" classname="Test Cases/User/Shareholder/List MYR" status="PASSED">
         <system-out><![CDATA[2023-06-23 14:35:57 - [TEST_CASE][PASSED] - Test Cases/User/Shareholder/List MYR: Test Cases/User/Shareholder/List MYR

2023-06-23 14:35:58 - [TEST_STEP][PASSED] - com.reusableComponent.HighlightElement.run(findTestObject("User/Page_Dashboard/Member/span_User")): com.reusableComponent.HighlightElement.run is PASSED

2023-06-23 14:35:58 - [MESSAGE][PASSED] - com.reusableComponent.HighlightElement.run is PASSED

2023-06-23 14:35:58 - [TEST_STEP][PASSED] - mouseOver(findTestObject("User/Page_Dashboard/Member/span_User")): Object: 'Object Repository/User/Page_Dashboard/Member/span_User' is hovered

2023-06-23 14:35:59 - [MESSAGE][PASSED] - Object: 'Object Repository/User/Page_Dashboard/Member/span_User' is hovered

2023-06-23 14:35:59 - [TEST_STEP][PASSED] - com.reusableComponent.HighlightElement.run(findTestObject("User/Page_Dashboard/Shareholder/span_List")): com.reusableComponent.HighlightElement.run is PASSED

2023-06-23 14:35:59 - [MESSAGE][PASSED] - com.reusableComponent.HighlightElement.run is PASSED

2023-06-23 14:35:59 - [TEST_STEP][PASSED] - mouseOver(findTestObject("User/Page_Dashboard/Shareholder/span_List")): Object: 'Object Repository/User/Page_Dashboard/Shareholder/span_List' is hovered

2023-06-23 14:36:00 - [MESSAGE][PASSED] - Object: 'Object Repository/User/Page_Dashboard/Shareholder/span_List' is hovered

2023-06-23 14:36:00 - [TEST_STEP][PASSED] - com.reusableComponent.HighlightElement.run(findTestObject("User/Page_Dashboard/Shareholder/UserListAll/span_MYR")): com.reusableComponent.HighlightElement.run is PASSED

2023-06-23 14:36:00 - [MESSAGE][PASSED] - com.reusableComponent.HighlightElement.run is PASSED

2023-06-23 14:36:00 - [TEST_STEP][PASSED] - mouseOver(findTestObject("User/Page_Dashboard/Shareholder/UserListAll/span_MYR")): Object: 'Object Repository/User/Page_Dashboard/Shareholder/UserListAll/span_MYR' is hovered

2023-06-23 14:36:01 - [MESSAGE][PASSED] - Object: 'Object Repository/User/Page_Dashboard/Shareholder/UserListAll/span_MYR' is hovered

2023-06-23 14:36:01 - [TEST_STEP][PASSED] - click(findTestObject("User/Page_Dashboard/Shareholder/UserListAll/span_MYR")): Object: 'Object Repository/User/Page_Dashboard/Shareholder/UserListAll/span_MYR' is clicked on

2023-06-23 14:36:07 - [MESSAGE][PASSED] - Object: 'Object Repository/User/Page_Dashboard/Shareholder/UserListAll/span_MYR' is clicked on

2023-06-23 14:36:07 - [TEST_STEP][PASSED] - com.reusableComponent.HighlightElement.run(findTestObject("User/Page_Dashboard/Shareholder/UserListAll/h3_User List")): com.reusableComponent.HighlightElement.run is PASSED

2023-06-23 14:36:09 - [MESSAGE][PASSED] - com.reusableComponent.HighlightElement.run is PASSED

2023-06-23 14:36:09 - [TEST_STEP][PASSED] - com.reusableComponent.HighlightElement.run(findTestObject("User/Page_Dashboard/Shareholder/UserListAll/input_Username_shareholder_username")): com.reusableComponent.HighlightElement.run is PASSED

2023-06-23 14:36:09 - [MESSAGE][PASSED] - com.reusableComponent.HighlightElement.run is PASSED

2023-06-23 14:36:09 - [TEST_STEP][PASSED] - com.reusableComponent.HighlightElement.run(findTestObject("User/Page_Dashboard/Shareholder/UserListAll/input_MPU_member_product_username")): com.reusableComponent.HighlightElement.run is PASSED

2023-06-23 14:36:10 - [MESSAGE][PASSED] - com.reusableComponent.HighlightElement.run is PASSED

2023-06-23 14:36:10 - [TEST_STEP][PASSED] - com.reusableComponent.HighlightElement.run(findTestObject("User/Page_Dashboard/Shareholder/UserListAll/selectLevel")): com.reusableComponent.HighlightElement.run is PASSED

2023-06-23 14:36:10 - [MESSAGE][PASSED] - com.reusableComponent.HighlightElement.run is PASSED

2023-06-23 14:36:10 - [TEST_STEP][PASSED] - com.reusableComponent.HighlightElement.run(findTestObject("User/Page_Dashboard/Shareholder/UserListAll/selectWallet")): com.reusableComponent.HighlightElement.run is PASSED

2023-06-23 14:36:11 - [MESSAGE][PASSED] - com.reusableComponent.HighlightElement.run is PASSED

2023-06-23 14:36:11 - [TEST_STEP][PASSED] - com.reusableComponent.HighlightElement.run(findTestObject("User/Page_Dashboard/Shareholder/UserListAll/button_Search")): com.reusableComponent.HighlightElement.run is PASSED

2023-06-23 14:36:11 - [MESSAGE][PASSED] - com.reusableComponent.HighlightElement.run is PASSED

2023-06-23 14:36:11 - [TEST_STEP][PASSED] - com.reusableComponent.HighlightElement.run(findTestObject("User/Page_Dashboard/Shareholder/UserListAll/button_Create Shareholder")): com.reusableComponent.HighlightElement.run is PASSED

2023-06-23 14:36:12 - [MESSAGE][PASSED] - com.reusableComponent.HighlightElement.run is PASSED

2023-06-23 14:36:12 - [TEST_STEP][PASSED] - verifyElementVisible(findTestObject("User/Page_Dashboard/Shareholder/UserListAll/h3_User List")): Object 'Object Repository/User/Page_Dashboard/Shareholder/UserListAll/h3_User List' is visible

2023-06-23 14:36:12 - [MESSAGE][PASSED] - Object 'Object Repository/User/Page_Dashboard/Shareholder/UserListAll/h3_User List' is visible

2023-06-23 14:36:12 - [TEST_STEP][PASSED] - verifyElementVisible(findTestObject("User/Page_Dashboard/Shareholder/UserListAll/input_Username_shareholder_username")): Object 'Object Repository/User/Page_Dashboard/Shareholder/UserListAll/input_Username_shareholder_username' is visible

2023-06-23 14:36:13 - [MESSAGE][PASSED] - Object 'Object Repository/User/Page_Dashboard/Shareholder/UserListAll/input_Username_shareholder_username' is visible

2023-06-23 14:36:13 - [TEST_STEP][PASSED] - verifyElementVisible(findTestObject("User/Page_Dashboard/Shareholder/UserListAll/input_MPU_member_product_username")): Object 'Object Repository/User/Page_Dashboard/Shareholder/UserListAll/input_MPU_member_product_username' is visible

2023-06-23 14:36:13 - [MESSAGE][PASSED] - Object 'Object Repository/User/Page_Dashboard/Shareholder/UserListAll/input_MPU_member_product_username' is visible

2023-06-23 14:36:13 - [TEST_STEP][PASSED] - verifyElementVisible(findTestObject("User/Page_Dashboard/Shareholder/UserListAll/selectLevel")): Object 'Object Repository/User/Page_Dashboard/Shareholder/UserListAll/selectLevel' is visible

2023-06-23 14:36:13 - [MESSAGE][PASSED] - Object 'Object Repository/User/Page_Dashboard/Shareholder/UserListAll/selectLevel' is visible

2023-06-23 14:36:13 - [TEST_STEP][PASSED] - verifyElementVisible(findTestObject("User/Page_Dashboard/Shareholder/UserListAll/selectWallet")): Object 'Object Repository/User/Page_Dashboard/Shareholder/UserListAll/selectWallet' is visible

2023-06-23 14:36:14 - [MESSAGE][PASSED] - Object 'Object Repository/User/Page_Dashboard/Shareholder/UserListAll/selectWallet' is visible

2023-06-23 14:36:14 - [TEST_STEP][PASSED] - verifyElementVisible(findTestObject("User/Page_Dashboard/Shareholder/UserListAll/button_Search")): Object 'Object Repository/User/Page_Dashboard/Shareholder/UserListAll/button_Search' is visible

2023-06-23 14:36:14 - [MESSAGE][PASSED] - Object 'Object Repository/User/Page_Dashboard/Shareholder/UserListAll/button_Search' is visible

2023-06-23 14:36:14 - [TEST_STEP][PASSED] - verifyElementVisible(findTestObject("User/Page_Dashboard/Shareholder/UserListAll/button_Create Shareholder")): Object 'Object Repository/User/Page_Dashboard/Shareholder/UserListAll/button_Create Shareholder' is visible

2023-06-23 14:36:15 - [MESSAGE][PASSED] - Object 'Object Repository/User/Page_Dashboard/Shareholder/UserListAll/button_Create Shareholder' is visible

2023-06-23 14:36:15 - [TEST_STEP][PASSED] - com.reusableComponent.HighlightElement.run(findTestObject("User/Page_Dashboard/Shareholder/UserListAll/select_102550100")): com.reusableComponent.HighlightElement.run is PASSED

2023-06-23 14:36:15 - [MESSAGE][PASSED] - com.reusableComponent.HighlightElement.run is PASSED

2023-06-23 14:36:15 - [TEST_STEP][PASSED] - com.reusableComponent.HighlightElement.run(findTestObject("User/Page_Dashboard/Shareholder/UserListAll/span_Copy")): com.reusableComponent.HighlightElement.run is PASSED

2023-06-23 14:36:16 - [MESSAGE][PASSED] - com.reusableComponent.HighlightElement.run is PASSED

2023-06-23 14:36:16 - [TEST_STEP][PASSED] - com.reusableComponent.HighlightElement.run(findTestObject("User/Page_Dashboard/Shareholder/UserListAll/span_CSV")): com.reusableComponent.HighlightElement.run is PASSED

2023-06-23 14:36:16 - [MESSAGE][PASSED] - com.reusableComponent.HighlightElement.run is PASSED

2023-06-23 14:36:16 - [TEST_STEP][PASSED] - com.reusableComponent.HighlightElement.run(findTestObject("User/Page_Dashboard/Shareholder/UserListAll/span_Excel")): com.reusableComponent.HighlightElement.run is PASSED

2023-06-23 14:36:16 - [MESSAGE][PASSED] - com.reusableComponent.HighlightElement.run is PASSED

2023-06-23 14:36:16 - [TEST_STEP][PASSED] - com.reusableComponent.HighlightElement.run(findTestObject("User/Page_Dashboard/Shareholder/UserListAll/span_PDF")): com.reusableComponent.HighlightElement.run is PASSED

2023-06-23 14:36:17 - [MESSAGE][PASSED] - com.reusableComponent.HighlightElement.run is PASSED

2023-06-23 14:36:17 - [TEST_STEP][PASSED] - verifyElementVisible(findTestObject("User/Page_Dashboard/Shareholder/UserListAll/span_Copy")): Object 'Object Repository/User/Page_Dashboard/Shareholder/UserListAll/span_Copy' is visible

2023-06-23 14:36:17 - [MESSAGE][PASSED] - Object 'Object Repository/User/Page_Dashboard/Shareholder/UserListAll/span_Copy' is visible

2023-06-23 14:36:17 - [TEST_STEP][PASSED] - verifyElementVisible(findTestObject("User/Page_Dashboard/Shareholder/UserListAll/span_CSV")): Object 'Object Repository/User/Page_Dashboard/Shareholder/UserListAll/span_CSV' is visible

2023-06-23 14:36:18 - [MESSAGE][PASSED] - Object 'Object Repository/User/Page_Dashboard/Shareholder/UserListAll/span_CSV' is visible

2023-06-23 14:36:18 - [TEST_STEP][PASSED] - verifyElementVisible(findTestObject("User/Page_Dashboard/Shareholder/UserListAll/span_Excel")): Object 'Object Repository/User/Page_Dashboard/Shareholder/UserListAll/span_Excel' is visible

2023-06-23 14:36:18 - [MESSAGE][PASSED] - Object 'Object Repository/User/Page_Dashboard/Shareholder/UserListAll/span_Excel' is visible

2023-06-23 14:36:18 - [TEST_STEP][PASSED] - verifyElementVisible(findTestObject("User/Page_Dashboard/Shareholder/UserListAll/span_PDF")): Object 'Object Repository/User/Page_Dashboard/Shareholder/UserListAll/span_PDF' is visible

2023-06-23 14:36:19 - [MESSAGE][PASSED] - Object 'Object Repository/User/Page_Dashboard/Shareholder/UserListAll/span_PDF' is visible

2023-06-23 14:36:19 - [TEST_STEP][PASSED] - com.reusableComponent.HighlightElement.run(findTestObject("User/Page_Dashboard/Shareholder/UserListAll/input_Search_form-control form-control-sm")): com.reusableComponent.HighlightElement.run is PASSED

2023-06-23 14:36:19 - [MESSAGE][PASSED] - com.reusableComponent.HighlightElement.run is PASSED

2023-06-23 14:36:19 - [TEST_STEP][PASSED] - verifyElementVisible(findTestObject("User/Page_Dashboard/Shareholder/UserListAll/input_Search_form-control form-control-sm")): Object 'Object Repository/User/Page_Dashboard/Shareholder/UserListAll/input_Search_form-control form-control-sm' is visible

2023-06-23 14:36:20 - [MESSAGE][PASSED] - Object 'Object Repository/User/Page_Dashboard/Shareholder/UserListAll/input_Search_form-control form-control-sm' is visible

2023-06-23 14:36:20 - [TEST_STEP][PASSED] - com.reusableComponent.HighlightElement.run(findTestObject("User/Page_Dashboard/Shareholder/UserListAll/th_No")): com.reusableComponent.HighlightElement.run is PASSED

2023-06-23 14:36:20 - [MESSAGE][PASSED] - com.reusableComponent.HighlightElement.run is PASSED

2023-06-23 14:36:20 - [TEST_STEP][PASSED] - com.reusableComponent.HighlightElement.run(findTestObject("User/Page_Dashboard/Shareholder/UserListAll/th_Login Account")): com.reusableComponent.HighlightElement.run is PASSED

2023-06-23 14:36:21 - [MESSAGE][PASSED] - com.reusableComponent.HighlightElement.run is PASSED

2023-06-23 14:36:21 - [TEST_STEP][PASSED] - com.reusableComponent.HighlightElement.run(findTestObject("User/Page_Dashboard/Shareholder/UserListAll/th_Full Name")): com.reusableComponent.HighlightElement.run is PASSED

2023-06-23 14:36:21 - [MESSAGE][PASSED] - com.reusableComponent.HighlightElement.run is PASSED

2023-06-23 14:36:21 - [TEST_STEP][PASSED] - com.reusableComponent.HighlightElement.run(findTestObject("User/Page_Dashboard/Shareholder/UserListAll/th_Nickname")): com.reusableComponent.HighlightElement.run is PASSED

2023-06-23 14:36:21 - [MESSAGE][PASSED] - com.reusableComponent.HighlightElement.run is PASSED

2023-06-23 14:36:21 - [TEST_STEP][PASSED] - com.reusableComponent.HighlightElement.run(findTestObject("User/Page_Dashboard/Shareholder/UserListAll/th_Currency")): com.reusableComponent.HighlightElement.run is PASSED

2023-06-23 14:36:22 - [MESSAGE][PASSED] - com.reusableComponent.HighlightElement.run is PASSED

2023-06-23 14:36:22 - [TEST_STEP][PASSED] - com.reusableComponent.HighlightElement.run(findTestObject("User/Page_Dashboard/Shareholder/UserListAll/th_Role")): com.reusableComponent.HighlightElement.run is PASSED

2023-06-23 14:36:22 - [MESSAGE][PASSED] - com.reusableComponent.HighlightElement.run is PASSED

2023-06-23 14:36:22 - [TEST_STEP][PASSED] - com.reusableComponent.HighlightElement.run(findTestObject("User/Page_Dashboard/Shareholder/UserListAll/th_Phone")): com.reusableComponent.HighlightElement.run is PASSED

2023-06-23 14:36:23 - [MESSAGE][PASSED] - com.reusableComponent.HighlightElement.run is PASSED

2023-06-23 14:36:23 - [TEST_STEP][PASSED] - com.reusableComponent.HighlightElement.run(findTestObject("User/Page_Dashboard/Shareholder/UserListAll/th_Percentage")): com.reusableComponent.HighlightElement.run is PASSED

2023-06-23 14:36:23 - [MESSAGE][PASSED] - com.reusableComponent.HighlightElement.run is PASSED

2023-06-23 14:36:23 - [TEST_STEP][PASSED] - com.reusableComponent.HighlightElement.run(findTestObject("User/Page_Dashboard/Shareholder/UserListAll/th_Status")): com.reusableComponent.HighlightElement.run is PASSED

2023-06-23 14:36:24 - [MESSAGE][PASSED] - com.reusableComponent.HighlightElement.run is PASSED

2023-06-23 14:36:24 - [TEST_STEP][PASSED] - com.reusableComponent.HighlightElement.run(findTestObject("User/Page_Dashboard/Shareholder/UserListAll/th_Remarks")): com.reusableComponent.HighlightElement.run is PASSED

2023-06-23 14:36:24 - [MESSAGE][PASSED] - com.reusableComponent.HighlightElement.run is PASSED

2023-06-23 14:36:24 - [TEST_STEP][PASSED] - com.reusableComponent.HighlightElement.run(findTestObject("User/Page_Dashboard/Shareholder/UserListAll/th_Cash")): com.reusableComponent.HighlightElement.run is PASSED

2023-06-23 14:36:25 - [MESSAGE][PASSED] - com.reusableComponent.HighlightElement.run is PASSED

2023-06-23 14:36:25 - [TEST_STEP][PASSED] - com.reusableComponent.HighlightElement.run(findTestObject("User/Page_Dashboard/Shareholder/UserListAll/th_Password Otp")): com.reusableComponent.HighlightElement.run is PASSED

2023-06-23 14:36:25 - [MESSAGE][PASSED] - com.reusableComponent.HighlightElement.run is PASSED

2023-06-23 14:36:25 - [TEST_STEP][PASSED] - com.reusableComponent.HighlightElement.run(findTestObject("User/Page_Dashboard/Shareholder/UserListAll/th_Phone Otp")): com.reusableComponent.HighlightElement.run is PASSED

2023-06-23 14:36:26 - [MESSAGE][PASSED] - com.reusableComponent.HighlightElement.run is PASSED

2023-06-23 14:36:26 - [TEST_STEP][PASSED] - com.reusableComponent.HighlightElement.run(findTestObject("User/Page_Dashboard/Shareholder/UserListAll/th_Last login IP")): com.reusableComponent.HighlightElement.run is PASSED

2023-06-23 14:36:26 - [MESSAGE][PASSED] - com.reusableComponent.HighlightElement.run is PASSED

2023-06-23 14:36:26 - [TEST_STEP][PASSED] - com.reusableComponent.HighlightElement.run(findTestObject("User/Page_Dashboard/Shareholder/UserListAll/th_Created Datetime")): com.reusableComponent.HighlightElement.run is PASSED

2023-06-23 14:36:26 - [MESSAGE][PASSED] - com.reusableComponent.HighlightElement.run is PASSED

2023-06-23 14:36:26 - [TEST_STEP][PASSED] - com.reusableComponent.HighlightElement.run(findTestObject("User/Page_Dashboard/Shareholder/UserListAll/th_Last login time")): com.reusableComponent.HighlightElement.run is PASSED

2023-06-23 14:36:27 - [MESSAGE][PASSED] - com.reusableComponent.HighlightElement.run is PASSED

2023-06-23 14:36:27 - [TEST_STEP][PASSED] - com.reusableComponent.HighlightElement.run(findTestObject("User/Page_Dashboard/Shareholder/UserListAll/th_App Type")): com.reusableComponent.HighlightElement.run is PASSED

2023-06-23 14:36:27 - [MESSAGE][PASSED] - com.reusableComponent.HighlightElement.run is PASSED

2023-06-23 14:36:27 - [TEST_STEP][PASSED] - com.reusableComponent.HighlightElement.run(findTestObject("User/Page_Dashboard/Shareholder/UserListAll/th_Action")): com.reusableComponent.HighlightElement.run is PASSED

2023-06-23 14:36:28 - [MESSAGE][PASSED] - com.reusableComponent.HighlightElement.run is PASSED

2023-06-23 14:36:28 - [TEST_STEP][PASSED] - com.reusableComponent.HighlightElement.run(findTestObject("User/Page_Dashboard/Shareholder/UserListAll/th_Upline")): com.reusableComponent.HighlightElement.run is PASSED

2023-06-23 14:36:28 - [MESSAGE][PASSED] - com.reusableComponent.HighlightElement.run is PASSED

2023-06-23 14:36:28 - [TEST_STEP][PASSED] - com.reusableComponent.HighlightElement.run(findTestObject("User/Page_Dashboard/Shareholder/UserListAll/th_Main Line")): com.reusableComponent.HighlightElement.run is PASSED

2023-06-23 14:36:29 - [MESSAGE][PASSED] - com.reusableComponent.HighlightElement.run is PASSED

2023-06-23 14:36:29 - [TEST_STEP][PASSED] - com.reusableComponent.HighlightElement.run(findTestObject("User/Page_Dashboard/Shareholder/UserListAll/tableUserList")): com.reusableComponent.HighlightElement.run is PASSED

2023-06-23 14:36:29 - [MESSAGE][PASSED] - com.reusableComponent.HighlightElement.run is PASSED

2023-06-23 14:36:29 - [TEST_STEP][PASSED] - verifyElementVisible(findTestObject("User/Page_Dashboard/Shareholder/UserListAll/th_No")): Object 'Object Repository/User/Page_Dashboard/Shareholder/UserListAll/th_No' is visible

2023-06-23 14:36:30 - [MESSAGE][PASSED] - Object 'Object Repository/User/Page_Dashboard/Shareholder/UserListAll/th_No' is visible

2023-06-23 14:36:30 - [TEST_STEP][PASSED] - verifyElementVisible(findTestObject("User/Page_Dashboard/Shareholder/UserListAll/th_Login Account")): Object 'Object Repository/User/Page_Dashboard/Shareholder/UserListAll/th_Login Account' is visible

2023-06-23 14:36:30 - [MESSAGE][PASSED] - Object 'Object Repository/User/Page_Dashboard/Shareholder/UserListAll/th_Login Account' is visible

2023-06-23 14:36:30 - [TEST_STEP][PASSED] - verifyElementVisible(findTestObject("User/Page_Dashboard/Shareholder/UserListAll/th_Full Name")): Object 'Object Repository/User/Page_Dashboard/Shareholder/UserListAll/th_Full Name' is visible

2023-06-23 14:36:30 - [MESSAGE][PASSED] - Object 'Object Repository/User/Page_Dashboard/Shareholder/UserListAll/th_Full Name' is visible

2023-06-23 14:36:30 - [TEST_STEP][PASSED] - verifyElementVisible(findTestObject("User/Page_Dashboard/Shareholder/UserListAll/th_Nickname")): Object 'Object Repository/User/Page_Dashboard/Shareholder/UserListAll/th_Nickname' is visible

2023-06-23 14:36:31 - [MESSAGE][PASSED] - Object 'Object Repository/User/Page_Dashboard/Shareholder/UserListAll/th_Nickname' is visible

2023-06-23 14:36:31 - [TEST_STEP][PASSED] - verifyElementVisible(findTestObject("User/Page_Dashboard/Shareholder/UserListAll/th_Currency")): Object 'Object Repository/User/Page_Dashboard/Shareholder/UserListAll/th_Currency' is visible

2023-06-23 14:36:31 - [MESSAGE][PASSED] - Object 'Object Repository/User/Page_Dashboard/Shareholder/UserListAll/th_Currency' is visible

2023-06-23 14:36:31 - [TEST_STEP][PASSED] - verifyElementVisible(findTestObject("User/Page_Dashboard/Shareholder/UserListAll/th_Role")): Object 'Object Repository/User/Page_Dashboard/Shareholder/UserListAll/th_Role' is visible

2023-06-23 14:36:32 - [MESSAGE][PASSED] - Object 'Object Repository/User/Page_Dashboard/Shareholder/UserListAll/th_Role' is visible

2023-06-23 14:36:32 - [TEST_STEP][PASSED] - verifyElementVisible(findTestObject("User/Page_Dashboard/Shareholder/UserListAll/th_Phone")): Object 'Object Repository/User/Page_Dashboard/Shareholder/UserListAll/th_Phone' is visible

2023-06-23 14:36:32 - [MESSAGE][PASSED] - Object 'Object Repository/User/Page_Dashboard/Shareholder/UserListAll/th_Phone' is visible

2023-06-23 14:36:32 - [TEST_STEP][PASSED] - verifyElementVisible(findTestObject("User/Page_Dashboard/Shareholder/UserListAll/th_Percentage")): Object 'Object Repository/User/Page_Dashboard/Shareholder/UserListAll/th_Percentage' is visible

2023-06-23 14:36:32 - [MESSAGE][PASSED] - Object 'Object Repository/User/Page_Dashboard/Shareholder/UserListAll/th_Percentage' is visible

2023-06-23 14:36:32 - [TEST_STEP][PASSED] - verifyElementVisible(findTestObject("User/Page_Dashboard/Shareholder/UserListAll/th_Status")): Object 'Object Repository/User/Page_Dashboard/Shareholder/UserListAll/th_Status' is visible

2023-06-23 14:36:33 - [MESSAGE][PASSED] - Object 'Object Repository/User/Page_Dashboard/Shareholder/UserListAll/th_Status' is visible

2023-06-23 14:36:33 - [TEST_STEP][PASSED] - verifyElementVisible(findTestObject("User/Page_Dashboard/Shareholder/UserListAll/th_Remarks")): Object 'Object Repository/User/Page_Dashboard/Shareholder/UserListAll/th_Remarks' is visible

2023-06-23 14:36:33 - [MESSAGE][PASSED] - Object 'Object Repository/User/Page_Dashboard/Shareholder/UserListAll/th_Remarks' is visible

2023-06-23 14:36:33 - [TEST_STEP][PASSED] - verifyElementVisible(findTestObject("User/Page_Dashboard/Shareholder/UserListAll/th_Cash")): Object 'Object Repository/User/Page_Dashboard/Shareholder/UserListAll/th_Cash' is visible

2023-06-23 14:36:34 - [MESSAGE][PASSED] - Object 'Object Repository/User/Page_Dashboard/Shareholder/UserListAll/th_Cash' is visible

2023-06-23 14:36:34 - [TEST_STEP][PASSED] - verifyElementVisible(findTestObject("User/Page_Dashboard/Shareholder/UserListAll/th_Password Otp")): Object 'Object Repository/User/Page_Dashboard/Shareholder/UserListAll/th_Password Otp' is visible

2023-06-23 14:36:34 - [MESSAGE][PASSED] - Object 'Object Repository/User/Page_Dashboard/Shareholder/UserListAll/th_Password Otp' is visible

2023-06-23 14:36:34 - [TEST_STEP][PASSED] - verifyElementVisible(findTestObject("User/Page_Dashboard/Shareholder/UserListAll/th_Phone Otp")): Object 'Object Repository/User/Page_Dashboard/Shareholder/UserListAll/th_Phone Otp' is visible

2023-06-23 14:36:35 - [MESSAGE][PASSED] - Object 'Object Repository/User/Page_Dashboard/Shareholder/UserListAll/th_Phone Otp' is visible

2023-06-23 14:36:35 - [TEST_STEP][PASSED] - verifyElementVisible(findTestObject("User/Page_Dashboard/Shareholder/UserListAll/th_Last login IP")): Object 'Object Repository/User/Page_Dashboard/Shareholder/UserListAll/th_Last login IP' is visible

2023-06-23 14:36:35 - [MESSAGE][PASSED] - Object 'Object Repository/User/Page_Dashboard/Shareholder/UserListAll/th_Last login IP' is visible

2023-06-23 14:36:35 - [TEST_STEP][PASSED] - verifyElementVisible(findTestObject("User/Page_Dashboard/Shareholder/UserListAll/th_Created Datetime")): Object 'Object Repository/User/Page_Dashboard/Shareholder/UserListAll/th_Created Datetime' is visible

2023-06-23 14:36:35 - [MESSAGE][PASSED] - Object 'Object Repository/User/Page_Dashboard/Shareholder/UserListAll/th_Created Datetime' is visible

2023-06-23 14:36:35 - [TEST_STEP][PASSED] - verifyElementVisible(findTestObject("User/Page_Dashboard/Shareholder/UserListAll/th_Last login time")): Object 'Object Repository/User/Page_Dashboard/Shareholder/UserListAll/th_Last login time' is visible

2023-06-23 14:36:36 - [MESSAGE][PASSED] - Object 'Object Repository/User/Page_Dashboard/Shareholder/UserListAll/th_Last login time' is visible

2023-06-23 14:36:36 - [TEST_STEP][PASSED] - verifyElementVisible(findTestObject("User/Page_Dashboard/Shareholder/UserListAll/th_App Type")): Object 'Object Repository/User/Page_Dashboard/Shareholder/UserListAll/th_App Type' is visible

2023-06-23 14:36:36 - [MESSAGE][PASSED] - Object 'Object Repository/User/Page_Dashboard/Shareholder/UserListAll/th_App Type' is visible

2023-06-23 14:36:36 - [TEST_STEP][PASSED] - verifyElementVisible(findTestObject("User/Page_Dashboard/Shareholder/UserListAll/th_Action")): Object 'Object Repository/User/Page_Dashboard/Shareholder/UserListAll/th_Action' is visible

2023-06-23 14:36:37 - [MESSAGE][PASSED] - Object 'Object Repository/User/Page_Dashboard/Shareholder/UserListAll/th_Action' is visible

2023-06-23 14:36:37 - [TEST_STEP][PASSED] - verifyElementVisible(findTestObject("User/Page_Dashboard/Shareholder/UserListAll/th_Upline")): Object 'Object Repository/User/Page_Dashboard/Shareholder/UserListAll/th_Upline' is visible

2023-06-23 14:36:37 - [MESSAGE][PASSED] - Object 'Object Repository/User/Page_Dashboard/Shareholder/UserListAll/th_Upline' is visible

2023-06-23 14:36:37 - [TEST_STEP][PASSED] - verifyElementVisible(findTestObject("User/Page_Dashboard/Shareholder/UserListAll/th_Main Line")): Object 'Object Repository/User/Page_Dashboard/Shareholder/UserListAll/th_Main Line' is visible

2023-06-23 14:36:37 - [MESSAGE][PASSED] - Object 'Object Repository/User/Page_Dashboard/Shareholder/UserListAll/th_Main Line' is visible

2023-06-23 14:36:37 - [TEST_STEP][PASSED] - verifyElementVisible(findTestObject("User/Page_Dashboard/Shareholder/UserListAll/tableUserList")): Object 'Object Repository/User/Page_Dashboard/Shareholder/UserListAll/tableUserList' is visible

2023-06-23 14:36:38 - [MESSAGE][PASSED] - Object 'Object Repository/User/Page_Dashboard/Shareholder/UserListAll/tableUserList' is visible]]></system-out>
         <system-err><![CDATA[]]></system-err>
      </testcase>
      <testcase name="Test Cases/User/Shareholder/List THB" time="35.794" classname="Test Cases/User/Shareholder/List THB" status="PASSED">
         <system-out><![CDATA[2023-06-23 14:36:38 - [TEST_CASE][PASSED] - Test Cases/User/Shareholder/List THB: Test Cases/User/Shareholder/List THB

2023-06-23 14:36:38 - [TEST_STEP][PASSED] - com.reusableComponent.HighlightElement.run(findTestObject("User/Page_Dashboard/Member/span_User")): com.reusableComponent.HighlightElement.run is PASSED

2023-06-23 14:36:39 - [MESSAGE][PASSED] - com.reusableComponent.HighlightElement.run is PASSED

2023-06-23 14:36:39 - [TEST_STEP][PASSED] - mouseOver(findTestObject("User/Page_Dashboard/Member/span_User")): Object: 'Object Repository/User/Page_Dashboard/Member/span_User' is hovered

2023-06-23 14:36:39 - [MESSAGE][PASSED] - Object: 'Object Repository/User/Page_Dashboard/Member/span_User' is hovered

2023-06-23 14:36:39 - [TEST_STEP][PASSED] - com.reusableComponent.HighlightElement.run(findTestObject("User/Page_Dashboard/Shareholder/span_List")): com.reusableComponent.HighlightElement.run is PASSED

2023-06-23 14:36:40 - [MESSAGE][PASSED] - com.reusableComponent.HighlightElement.run is PASSED

2023-06-23 14:36:40 - [TEST_STEP][PASSED] - mouseOver(findTestObject("User/Page_Dashboard/Shareholder/span_List")): Object: 'Object Repository/User/Page_Dashboard/Shareholder/span_List' is hovered

2023-06-23 14:36:40 - [MESSAGE][PASSED] - Object: 'Object Repository/User/Page_Dashboard/Shareholder/span_List' is hovered

2023-06-23 14:36:40 - [TEST_STEP][PASSED] - com.reusableComponent.HighlightElement.run(findTestObject("User/Page_Dashboard/Shareholder/UserListAll/span_THB")): com.reusableComponent.HighlightElement.run is PASSED

2023-06-23 14:36:41 - [MESSAGE][PASSED] - com.reusableComponent.HighlightElement.run is PASSED

2023-06-23 14:36:41 - [TEST_STEP][PASSED] - mouseOver(findTestObject("User/Page_Dashboard/Shareholder/UserListAll/span_THB")): Object: 'Object Repository/User/Page_Dashboard/Shareholder/UserListAll/span_THB' is hovered

2023-06-23 14:36:41 - [MESSAGE][PASSED] - Object: 'Object Repository/User/Page_Dashboard/Shareholder/UserListAll/span_THB' is hovered

2023-06-23 14:36:41 - [TEST_STEP][PASSED] - click(findTestObject("User/Page_Dashboard/Shareholder/UserListAll/span_THB")): Object: 'Object Repository/User/Page_Dashboard/Shareholder/UserListAll/span_THB' is clicked on

2023-06-23 14:36:44 - [MESSAGE][PASSED] - Object: 'Object Repository/User/Page_Dashboard/Shareholder/UserListAll/span_THB' is clicked on

2023-06-23 14:36:44 - [TEST_STEP][PASSED] - com.reusableComponent.HighlightElement.run(findTestObject("User/Page_Dashboard/Shareholder/UserListAll/h3_User List")): com.reusableComponent.HighlightElement.run is PASSED

2023-06-23 14:36:45 - [MESSAGE][PASSED] - com.reusableComponent.HighlightElement.run is PASSED

2023-06-23 14:36:45 - [TEST_STEP][PASSED] - com.reusableComponent.HighlightElement.run(findTestObject("User/Page_Dashboard/Shareholder/UserListAll/input_Username_shareholder_username")): com.reusableComponent.HighlightElement.run is PASSED

2023-06-23 14:36:46 - [MESSAGE][PASSED] - com.reusableComponent.HighlightElement.run is PASSED

2023-06-23 14:36:46 - [TEST_STEP][PASSED] - com.reusableComponent.HighlightElement.run(findTestObject("User/Page_Dashboard/Shareholder/UserListAll/input_MPU_member_product_username")): com.reusableComponent.HighlightElement.run is PASSED

2023-06-23 14:36:46 - [MESSAGE][PASSED] - com.reusableComponent.HighlightElement.run is PASSED

2023-06-23 14:36:46 - [TEST_STEP][PASSED] - com.reusableComponent.HighlightElement.run(findTestObject("User/Page_Dashboard/Shareholder/UserListAll/selectLevel")): com.reusableComponent.HighlightElement.run is PASSED

2023-06-23 14:36:46 - [MESSAGE][PASSED] - com.reusableComponent.HighlightElement.run is PASSED

2023-06-23 14:36:46 - [TEST_STEP][PASSED] - com.reusableComponent.HighlightElement.run(findTestObject("User/Page_Dashboard/Shareholder/UserListAll/selectWallet")): com.reusableComponent.HighlightElement.run is PASSED

2023-06-23 14:36:47 - [MESSAGE][PASSED] - com.reusableComponent.HighlightElement.run is PASSED

2023-06-23 14:36:47 - [TEST_STEP][PASSED] - com.reusableComponent.HighlightElement.run(findTestObject("User/Page_Dashboard/Shareholder/UserListAll/button_Search")): com.reusableComponent.HighlightElement.run is PASSED

2023-06-23 14:36:47 - [MESSAGE][PASSED] - com.reusableComponent.HighlightElement.run is PASSED

2023-06-23 14:36:47 - [TEST_STEP][PASSED] - com.reusableComponent.HighlightElement.run(findTestObject("User/Page_Dashboard/Shareholder/UserListAll/button_Create Shareholder")): com.reusableComponent.HighlightElement.run is PASSED

2023-06-23 14:36:48 - [MESSAGE][PASSED] - com.reusableComponent.HighlightElement.run is PASSED

2023-06-23 14:36:48 - [TEST_STEP][PASSED] - verifyElementVisible(findTestObject("User/Page_Dashboard/Shareholder/UserListAll/h3_User List")): Object 'Object Repository/User/Page_Dashboard/Shareholder/UserListAll/h3_User List' is visible

2023-06-23 14:36:48 - [MESSAGE][PASSED] - Object 'Object Repository/User/Page_Dashboard/Shareholder/UserListAll/h3_User List' is visible

2023-06-23 14:36:48 - [TEST_STEP][PASSED] - verifyElementVisible(findTestObject("User/Page_Dashboard/Shareholder/UserListAll/input_Username_shareholder_username")): Object 'Object Repository/User/Page_Dashboard/Shareholder/UserListAll/input_Username_shareholder_username' is visible

2023-06-23 14:36:49 - [MESSAGE][PASSED] - Object 'Object Repository/User/Page_Dashboard/Shareholder/UserListAll/input_Username_shareholder_username' is visible

2023-06-23 14:36:49 - [TEST_STEP][PASSED] - verifyElementVisible(findTestObject("User/Page_Dashboard/Shareholder/UserListAll/input_MPU_member_product_username")): Object 'Object Repository/User/Page_Dashboard/Shareholder/UserListAll/input_MPU_member_product_username' is visible

2023-06-23 14:36:49 - [MESSAGE][PASSED] - Object 'Object Repository/User/Page_Dashboard/Shareholder/UserListAll/input_MPU_member_product_username' is visible

2023-06-23 14:36:49 - [TEST_STEP][PASSED] - verifyElementVisible(findTestObject("User/Page_Dashboard/Shareholder/UserListAll/selectLevel")): Object 'Object Repository/User/Page_Dashboard/Shareholder/UserListAll/selectLevel' is visible

2023-06-23 14:36:49 - [MESSAGE][PASSED] - Object 'Object Repository/User/Page_Dashboard/Shareholder/UserListAll/selectLevel' is visible

2023-06-23 14:36:49 - [TEST_STEP][PASSED] - verifyElementVisible(findTestObject("User/Page_Dashboard/Shareholder/UserListAll/selectWallet")): Object 'Object Repository/User/Page_Dashboard/Shareholder/UserListAll/selectWallet' is visible

2023-06-23 14:36:50 - [MESSAGE][PASSED] - Object 'Object Repository/User/Page_Dashboard/Shareholder/UserListAll/selectWallet' is visible

2023-06-23 14:36:50 - [TEST_STEP][PASSED] - verifyElementVisible(findTestObject("User/Page_Dashboard/Shareholder/UserListAll/button_Search")): Object 'Object Repository/User/Page_Dashboard/Shareholder/UserListAll/button_Search' is visible

2023-06-23 14:36:50 - [MESSAGE][PASSED] - Object 'Object Repository/User/Page_Dashboard/Shareholder/UserListAll/button_Search' is visible

2023-06-23 14:36:50 - [TEST_STEP][PASSED] - verifyElementVisible(findTestObject("User/Page_Dashboard/Shareholder/UserListAll/button_Create Shareholder")): Object 'Object Repository/User/Page_Dashboard/Shareholder/UserListAll/button_Create Shareholder' is visible

2023-06-23 14:36:51 - [MESSAGE][PASSED] - Object 'Object Repository/User/Page_Dashboard/Shareholder/UserListAll/button_Create Shareholder' is visible

2023-06-23 14:36:51 - [TEST_STEP][PASSED] - com.reusableComponent.HighlightElement.run(findTestObject("User/Page_Dashboard/Shareholder/UserListAll/select_102550100")): com.reusableComponent.HighlightElement.run is PASSED

2023-06-23 14:36:51 - [MESSAGE][PASSED] - com.reusableComponent.HighlightElement.run is PASSED

2023-06-23 14:36:51 - [TEST_STEP][PASSED] - com.reusableComponent.HighlightElement.run(findTestObject("User/Page_Dashboard/Shareholder/UserListAll/span_Copy")): com.reusableComponent.HighlightElement.run is PASSED

2023-06-23 14:36:52 - [MESSAGE][PASSED] - com.reusableComponent.HighlightElement.run is PASSED

2023-06-23 14:36:52 - [TEST_STEP][PASSED] - com.reusableComponent.HighlightElement.run(findTestObject("User/Page_Dashboard/Shareholder/UserListAll/span_CSV")): com.reusableComponent.HighlightElement.run is PASSED

2023-06-23 14:36:52 - [MESSAGE][PASSED] - com.reusableComponent.HighlightElement.run is PASSED

2023-06-23 14:36:52 - [TEST_STEP][PASSED] - com.reusableComponent.HighlightElement.run(findTestObject("User/Page_Dashboard/Shareholder/UserListAll/span_Excel")): com.reusableComponent.HighlightElement.run is PASSED

2023-06-23 14:36:53 - [MESSAGE][PASSED] - com.reusableComponent.HighlightElement.run is PASSED

2023-06-23 14:36:53 - [TEST_STEP][PASSED] - com.reusableComponent.HighlightElement.run(findTestObject("User/Page_Dashboard/Shareholder/UserListAll/span_PDF")): com.reusableComponent.HighlightElement.run is PASSED

2023-06-23 14:36:53 - [MESSAGE][PASSED] - com.reusableComponent.HighlightElement.run is PASSED

2023-06-23 14:36:53 - [TEST_STEP][PASSED] - verifyElementVisible(findTestObject("User/Page_Dashboard/Shareholder/UserListAll/span_Copy")): Object 'Object Repository/User/Page_Dashboard/Shareholder/UserListAll/span_Copy' is visible

2023-06-23 14:36:54 - [MESSAGE][PASSED] - Object 'Object Repository/User/Page_Dashboard/Shareholder/UserListAll/span_Copy' is visible

2023-06-23 14:36:54 - [TEST_STEP][PASSED] - verifyElementVisible(findTestObject("User/Page_Dashboard/Shareholder/UserListAll/span_CSV")): Object 'Object Repository/User/Page_Dashboard/Shareholder/UserListAll/span_CSV' is visible

2023-06-23 14:36:54 - [MESSAGE][PASSED] - Object 'Object Repository/User/Page_Dashboard/Shareholder/UserListAll/span_CSV' is visible

2023-06-23 14:36:54 - [TEST_STEP][PASSED] - verifyElementVisible(findTestObject("User/Page_Dashboard/Shareholder/UserListAll/span_Excel")): Object 'Object Repository/User/Page_Dashboard/Shareholder/UserListAll/span_Excel' is visible

2023-06-23 14:36:54 - [MESSAGE][PASSED] - Object 'Object Repository/User/Page_Dashboard/Shareholder/UserListAll/span_Excel' is visible

2023-06-23 14:36:54 - [TEST_STEP][PASSED] - verifyElementVisible(findTestObject("User/Page_Dashboard/Shareholder/UserListAll/span_PDF")): Object 'Object Repository/User/Page_Dashboard/Shareholder/UserListAll/span_PDF' is visible

2023-06-23 14:36:55 - [MESSAGE][PASSED] - Object 'Object Repository/User/Page_Dashboard/Shareholder/UserListAll/span_PDF' is visible

2023-06-23 14:36:55 - [TEST_STEP][PASSED] - com.reusableComponent.HighlightElement.run(findTestObject("User/Page_Dashboard/Shareholder/UserListAll/input_Search_form-control form-control-sm")): com.reusableComponent.HighlightElement.run is PASSED

2023-06-23 14:36:55 - [MESSAGE][PASSED] - com.reusableComponent.HighlightElement.run is PASSED

2023-06-23 14:36:55 - [TEST_STEP][PASSED] - verifyElementVisible(findTestObject("User/Page_Dashboard/Shareholder/UserListAll/input_Search_form-control form-control-sm")): Object 'Object Repository/User/Page_Dashboard/Shareholder/UserListAll/input_Search_form-control form-control-sm' is visible

2023-06-23 14:36:56 - [MESSAGE][PASSED] - Object 'Object Repository/User/Page_Dashboard/Shareholder/UserListAll/input_Search_form-control form-control-sm' is visible

2023-06-23 14:36:56 - [TEST_STEP][PASSED] - com.reusableComponent.HighlightElement.run(findTestObject("User/Page_Dashboard/Shareholder/UserListAll/th_No")): com.reusableComponent.HighlightElement.run is PASSED

2023-06-23 14:36:56 - [MESSAGE][PASSED] - com.reusableComponent.HighlightElement.run is PASSED

2023-06-23 14:36:56 - [TEST_STEP][PASSED] - com.reusableComponent.HighlightElement.run(findTestObject("User/Page_Dashboard/Shareholder/UserListAll/th_Login Account")): com.reusableComponent.HighlightElement.run is PASSED

2023-06-23 14:36:57 - [MESSAGE][PASSED] - com.reusableComponent.HighlightElement.run is PASSED

2023-06-23 14:36:57 - [TEST_STEP][PASSED] - com.reusableComponent.HighlightElement.run(findTestObject("User/Page_Dashboard/Shareholder/UserListAll/th_Full Name")): com.reusableComponent.HighlightElement.run is PASSED

2023-06-23 14:36:57 - [MESSAGE][PASSED] - com.reusableComponent.HighlightElement.run is PASSED

2023-06-23 14:36:57 - [TEST_STEP][PASSED] - com.reusableComponent.HighlightElement.run(findTestObject("User/Page_Dashboard/Shareholder/UserListAll/th_Nickname")): com.reusableComponent.HighlightElement.run is PASSED

2023-06-23 14:36:57 - [MESSAGE][PASSED] - com.reusableComponent.HighlightElement.run is PASSED

2023-06-23 14:36:57 - [TEST_STEP][PASSED] - com.reusableComponent.HighlightElement.run(findTestObject("User/Page_Dashboard/Shareholder/UserListAll/th_Currency")): com.reusableComponent.HighlightElement.run is PASSED

2023-06-23 14:36:58 - [MESSAGE][PASSED] - com.reusableComponent.HighlightElement.run is PASSED

2023-06-23 14:36:58 - [TEST_STEP][PASSED] - com.reusableComponent.HighlightElement.run(findTestObject("User/Page_Dashboard/Shareholder/UserListAll/th_Role")): com.reusableComponent.HighlightElement.run is PASSED

2023-06-23 14:36:58 - [MESSAGE][PASSED] - com.reusableComponent.HighlightElement.run is PASSED

2023-06-23 14:36:58 - [TEST_STEP][PASSED] - com.reusableComponent.HighlightElement.run(findTestObject("User/Page_Dashboard/Shareholder/UserListAll/th_Phone")): com.reusableComponent.HighlightElement.run is PASSED

2023-06-23 14:36:59 - [MESSAGE][PASSED] - com.reusableComponent.HighlightElement.run is PASSED

2023-06-23 14:36:59 - [TEST_STEP][PASSED] - com.reusableComponent.HighlightElement.run(findTestObject("User/Page_Dashboard/Shareholder/UserListAll/th_Percentage")): com.reusableComponent.HighlightElement.run is PASSED

2023-06-23 14:36:59 - [MESSAGE][PASSED] - com.reusableComponent.HighlightElement.run is PASSED

2023-06-23 14:36:59 - [TEST_STEP][PASSED] - com.reusableComponent.HighlightElement.run(findTestObject("User/Page_Dashboard/Shareholder/UserListAll/th_Status")): com.reusableComponent.HighlightElement.run is PASSED

2023-06-23 14:37:00 - [MESSAGE][PASSED] - com.reusableComponent.HighlightElement.run is PASSED

2023-06-23 14:37:00 - [TEST_STEP][PASSED] - com.reusableComponent.HighlightElement.run(findTestObject("User/Page_Dashboard/Shareholder/UserListAll/th_Remarks")): com.reusableComponent.HighlightElement.run is PASSED

2023-06-23 14:37:00 - [MESSAGE][PASSED] - com.reusableComponent.HighlightElement.run is PASSED

2023-06-23 14:37:00 - [TEST_STEP][PASSED] - com.reusableComponent.HighlightElement.run(findTestObject("User/Page_Dashboard/Shareholder/UserListAll/th_Cash")): com.reusableComponent.HighlightElement.run is PASSED

2023-06-23 14:37:00 - [MESSAGE][PASSED] - com.reusableComponent.HighlightElement.run is PASSED

2023-06-23 14:37:00 - [TEST_STEP][PASSED] - com.reusableComponent.HighlightElement.run(findTestObject("User/Page_Dashboard/Shareholder/UserListAll/th_Password Otp")): com.reusableComponent.HighlightElement.run is PASSED

2023-06-23 14:37:01 - [MESSAGE][PASSED] - com.reusableComponent.HighlightElement.run is PASSED

2023-06-23 14:37:01 - [TEST_STEP][PASSED] - com.reusableComponent.HighlightElement.run(findTestObject("User/Page_Dashboard/Shareholder/UserListAll/th_Phone Otp")): com.reusableComponent.HighlightElement.run is PASSED

2023-06-23 14:37:01 - [MESSAGE][PASSED] - com.reusableComponent.HighlightElement.run is PASSED

2023-06-23 14:37:01 - [TEST_STEP][PASSED] - com.reusableComponent.HighlightElement.run(findTestObject("User/Page_Dashboard/Shareholder/UserListAll/th_Last login IP")): com.reusableComponent.HighlightElement.run is PASSED

2023-06-23 14:37:02 - [MESSAGE][PASSED] - com.reusableComponent.HighlightElement.run is PASSED

2023-06-23 14:37:02 - [TEST_STEP][PASSED] - com.reusableComponent.HighlightElement.run(findTestObject("User/Page_Dashboard/Shareholder/UserListAll/th_Created Datetime")): com.reusableComponent.HighlightElement.run is PASSED

2023-06-23 14:37:02 - [MESSAGE][PASSED] - com.reusableComponent.HighlightElement.run is PASSED

2023-06-23 14:37:02 - [TEST_STEP][PASSED] - com.reusableComponent.HighlightElement.run(findTestObject("User/Page_Dashboard/Shareholder/UserListAll/th_Last login time")): com.reusableComponent.HighlightElement.run is PASSED

2023-06-23 14:37:03 - [MESSAGE][PASSED] - com.reusableComponent.HighlightElement.run is PASSED

2023-06-23 14:37:03 - [TEST_STEP][PASSED] - com.reusableComponent.HighlightElement.run(findTestObject("User/Page_Dashboard/Shareholder/UserListAll/th_App Type")): com.reusableComponent.HighlightElement.run is PASSED

2023-06-23 14:37:03 - [MESSAGE][PASSED] - com.reusableComponent.HighlightElement.run is PASSED

2023-06-23 14:37:03 - [TEST_STEP][PASSED] - com.reusableComponent.HighlightElement.run(findTestObject("User/Page_Dashboard/Shareholder/UserListAll/th_Action")): com.reusableComponent.HighlightElement.run is PASSED

2023-06-23 14:37:04 - [MESSAGE][PASSED] - com.reusableComponent.HighlightElement.run is PASSED

2023-06-23 14:37:04 - [TEST_STEP][PASSED] - com.reusableComponent.HighlightElement.run(findTestObject("User/Page_Dashboard/Shareholder/UserListAll/th_Upline")): com.reusableComponent.HighlightElement.run is PASSED

2023-06-23 14:37:04 - [MESSAGE][PASSED] - com.reusableComponent.HighlightElement.run is PASSED

2023-06-23 14:37:04 - [TEST_STEP][PASSED] - com.reusableComponent.HighlightElement.run(findTestObject("User/Page_Dashboard/Shareholder/UserListAll/th_Main Line")): com.reusableComponent.HighlightElement.run is PASSED

2023-06-23 14:37:05 - [MESSAGE][PASSED] - com.reusableComponent.HighlightElement.run is PASSED

2023-06-23 14:37:05 - [TEST_STEP][PASSED] - com.reusableComponent.HighlightElement.run(findTestObject("User/Page_Dashboard/Shareholder/UserListAll/tableUserList")): com.reusableComponent.HighlightElement.run is PASSED

2023-06-23 14:37:05 - [MESSAGE][PASSED] - com.reusableComponent.HighlightElement.run is PASSED

2023-06-23 14:37:05 - [TEST_STEP][PASSED] - verifyElementVisible(findTestObject("User/Page_Dashboard/Shareholder/UserListAll/th_No")): Object 'Object Repository/User/Page_Dashboard/Shareholder/UserListAll/th_No' is visible

2023-06-23 14:37:05 - [MESSAGE][PASSED] - Object 'Object Repository/User/Page_Dashboard/Shareholder/UserListAll/th_No' is visible

2023-06-23 14:37:05 - [TEST_STEP][PASSED] - verifyElementVisible(findTestObject("User/Page_Dashboard/Shareholder/UserListAll/th_Login Account")): Object 'Object Repository/User/Page_Dashboard/Shareholder/UserListAll/th_Login Account' is visible

2023-06-23 14:37:06 - [MESSAGE][PASSED] - Object 'Object Repository/User/Page_Dashboard/Shareholder/UserListAll/th_Login Account' is visible

2023-06-23 14:37:06 - [TEST_STEP][PASSED] - verifyElementVisible(findTestObject("User/Page_Dashboard/Shareholder/UserListAll/th_Full Name")): Object 'Object Repository/User/Page_Dashboard/Shareholder/UserListAll/th_Full Name' is visible

2023-06-23 14:37:06 - [MESSAGE][PASSED] - Object 'Object Repository/User/Page_Dashboard/Shareholder/UserListAll/th_Full Name' is visible

2023-06-23 14:37:06 - [TEST_STEP][PASSED] - verifyElementVisible(findTestObject("User/Page_Dashboard/Shareholder/UserListAll/th_Nickname")): Object 'Object Repository/User/Page_Dashboard/Shareholder/UserListAll/th_Nickname' is visible

2023-06-23 14:37:07 - [MESSAGE][PASSED] - Object 'Object Repository/User/Page_Dashboard/Shareholder/UserListAll/th_Nickname' is visible

2023-06-23 14:37:07 - [TEST_STEP][PASSED] - verifyElementVisible(findTestObject("User/Page_Dashboard/Shareholder/UserListAll/th_Currency")): Object 'Object Repository/User/Page_Dashboard/Shareholder/UserListAll/th_Currency' is visible

2023-06-23 14:37:07 - [MESSAGE][PASSED] - Object 'Object Repository/User/Page_Dashboard/Shareholder/UserListAll/th_Currency' is visible

2023-06-23 14:37:07 - [TEST_STEP][PASSED] - verifyElementVisible(findTestObject("User/Page_Dashboard/Shareholder/UserListAll/th_Role")): Object 'Object Repository/User/Page_Dashboard/Shareholder/UserListAll/th_Role' is visible

2023-06-23 14:37:07 - [MESSAGE][PASSED] - Object 'Object Repository/User/Page_Dashboard/Shareholder/UserListAll/th_Role' is visible

2023-06-23 14:37:07 - [TEST_STEP][PASSED] - verifyElementVisible(findTestObject("User/Page_Dashboard/Shareholder/UserListAll/th_Phone")): Object 'Object Repository/User/Page_Dashboard/Shareholder/UserListAll/th_Phone' is visible

2023-06-23 14:37:08 - [MESSAGE][PASSED] - Object 'Object Repository/User/Page_Dashboard/Shareholder/UserListAll/th_Phone' is visible

2023-06-23 14:37:08 - [TEST_STEP][PASSED] - verifyElementVisible(findTestObject("User/Page_Dashboard/Shareholder/UserListAll/th_Percentage")): Object 'Object Repository/User/Page_Dashboard/Shareholder/UserListAll/th_Percentage' is visible

2023-06-23 14:37:08 - [MESSAGE][PASSED] - Object 'Object Repository/User/Page_Dashboard/Shareholder/UserListAll/th_Percentage' is visible

2023-06-23 14:37:08 - [TEST_STEP][PASSED] - verifyElementVisible(findTestObject("User/Page_Dashboard/Shareholder/UserListAll/th_Status")): Object 'Object Repository/User/Page_Dashboard/Shareholder/UserListAll/th_Status' is visible

2023-06-23 14:37:09 - [MESSAGE][PASSED] - Object 'Object Repository/User/Page_Dashboard/Shareholder/UserListAll/th_Status' is visible

2023-06-23 14:37:09 - [TEST_STEP][PASSED] - verifyElementVisible(findTestObject("User/Page_Dashboard/Shareholder/UserListAll/th_Remarks")): Object 'Object Repository/User/Page_Dashboard/Shareholder/UserListAll/th_Remarks' is visible

2023-06-23 14:37:09 - [MESSAGE][PASSED] - Object 'Object Repository/User/Page_Dashboard/Shareholder/UserListAll/th_Remarks' is visible

2023-06-23 14:37:09 - [TEST_STEP][PASSED] - verifyElementVisible(findTestObject("User/Page_Dashboard/Shareholder/UserListAll/th_Cash")): Object 'Object Repository/User/Page_Dashboard/Shareholder/UserListAll/th_Cash' is visible

2023-06-23 14:37:09 - [MESSAGE][PASSED] - Object 'Object Repository/User/Page_Dashboard/Shareholder/UserListAll/th_Cash' is visible

2023-06-23 14:37:09 - [TEST_STEP][PASSED] - verifyElementVisible(findTestObject("User/Page_Dashboard/Shareholder/UserListAll/th_Password Otp")): Object 'Object Repository/User/Page_Dashboard/Shareholder/UserListAll/th_Password Otp' is visible

2023-06-23 14:37:10 - [MESSAGE][PASSED] - Object 'Object Repository/User/Page_Dashboard/Shareholder/UserListAll/th_Password Otp' is visible

2023-06-23 14:37:10 - [TEST_STEP][PASSED] - verifyElementVisible(findTestObject("User/Page_Dashboard/Shareholder/UserListAll/th_Phone Otp")): Object 'Object Repository/User/Page_Dashboard/Shareholder/UserListAll/th_Phone Otp' is visible

2023-06-23 14:37:10 - [MESSAGE][PASSED] - Object 'Object Repository/User/Page_Dashboard/Shareholder/UserListAll/th_Phone Otp' is visible

2023-06-23 14:37:10 - [TEST_STEP][PASSED] - verifyElementVisible(findTestObject("User/Page_Dashboard/Shareholder/UserListAll/th_Last login IP")): Object 'Object Repository/User/Page_Dashboard/Shareholder/UserListAll/th_Last login IP' is visible

2023-06-23 14:37:11 - [MESSAGE][PASSED] - Object 'Object Repository/User/Page_Dashboard/Shareholder/UserListAll/th_Last login IP' is visible

2023-06-23 14:37:11 - [TEST_STEP][PASSED] - verifyElementVisible(findTestObject("User/Page_Dashboard/Shareholder/UserListAll/th_Created Datetime")): Object 'Object Repository/User/Page_Dashboard/Shareholder/UserListAll/th_Created Datetime' is visible

2023-06-23 14:37:11 - [MESSAGE][PASSED] - Object 'Object Repository/User/Page_Dashboard/Shareholder/UserListAll/th_Created Datetime' is visible

2023-06-23 14:37:11 - [TEST_STEP][PASSED] - verifyElementVisible(findTestObject("User/Page_Dashboard/Shareholder/UserListAll/th_Last login time")): Object 'Object Repository/User/Page_Dashboard/Shareholder/UserListAll/th_Last login time' is visible

2023-06-23 14:37:11 - [MESSAGE][PASSED] - Object 'Object Repository/User/Page_Dashboard/Shareholder/UserListAll/th_Last login time' is visible

2023-06-23 14:37:11 - [TEST_STEP][PASSED] - verifyElementVisible(findTestObject("User/Page_Dashboard/Shareholder/UserListAll/th_App Type")): Object 'Object Repository/User/Page_Dashboard/Shareholder/UserListAll/th_App Type' is visible

2023-06-23 14:37:12 - [MESSAGE][PASSED] - Object 'Object Repository/User/Page_Dashboard/Shareholder/UserListAll/th_App Type' is visible

2023-06-23 14:37:12 - [TEST_STEP][PASSED] - verifyElementVisible(findTestObject("User/Page_Dashboard/Shareholder/UserListAll/th_Action")): Object 'Object Repository/User/Page_Dashboard/Shareholder/UserListAll/th_Action' is visible

2023-06-23 14:37:12 - [MESSAGE][PASSED] - Object 'Object Repository/User/Page_Dashboard/Shareholder/UserListAll/th_Action' is visible

2023-06-23 14:37:12 - [TEST_STEP][PASSED] - verifyElementVisible(findTestObject("User/Page_Dashboard/Shareholder/UserListAll/th_Upline")): Object 'Object Repository/User/Page_Dashboard/Shareholder/UserListAll/th_Upline' is visible

2023-06-23 14:37:13 - [MESSAGE][PASSED] - Object 'Object Repository/User/Page_Dashboard/Shareholder/UserListAll/th_Upline' is visible

2023-06-23 14:37:13 - [TEST_STEP][PASSED] - verifyElementVisible(findTestObject("User/Page_Dashboard/Shareholder/UserListAll/th_Main Line")): Object 'Object Repository/User/Page_Dashboard/Shareholder/UserListAll/th_Main Line' is visible

2023-06-23 14:37:13 - [MESSAGE][PASSED] - Object 'Object Repository/User/Page_Dashboard/Shareholder/UserListAll/th_Main Line' is visible

2023-06-23 14:37:13 - [TEST_STEP][PASSED] - verifyElementVisible(findTestObject("User/Page_Dashboard/Shareholder/UserListAll/tableUserList")): Object 'Object Repository/User/Page_Dashboard/Shareholder/UserListAll/tableUserList' is visible

2023-06-23 14:37:14 - [MESSAGE][PASSED] - Object 'Object Repository/User/Page_Dashboard/Shareholder/UserListAll/tableUserList' is visible]]></system-out>
         <system-err><![CDATA[]]></system-err>
      </testcase>
      <testcase name="Test Cases/User/Shareholder/List IDR" time="35.615" classname="Test Cases/User/Shareholder/List IDR" status="PASSED">
         <system-out><![CDATA[2023-06-23 14:37:14 - [TEST_CASE][PASSED] - Test Cases/User/Shareholder/List IDR: Test Cases/User/Shareholder/List IDR

2023-06-23 14:37:14 - [TEST_STEP][PASSED] - com.reusableComponent.HighlightElement.run(findTestObject("User/Page_Dashboard/Member/span_User")): com.reusableComponent.HighlightElement.run is PASSED

2023-06-23 14:37:14 - [MESSAGE][PASSED] - com.reusableComponent.HighlightElement.run is PASSED

2023-06-23 14:37:14 - [TEST_STEP][PASSED] - mouseOver(findTestObject("User/Page_Dashboard/Member/span_User")): Object: 'Object Repository/User/Page_Dashboard/Member/span_User' is hovered

2023-06-23 14:37:15 - [MESSAGE][PASSED] - Object: 'Object Repository/User/Page_Dashboard/Member/span_User' is hovered

2023-06-23 14:37:15 - [TEST_STEP][PASSED] - com.reusableComponent.HighlightElement.run(findTestObject("User/Page_Dashboard/Shareholder/span_List")): com.reusableComponent.HighlightElement.run is PASSED

2023-06-23 14:37:16 - [MESSAGE][PASSED] - com.reusableComponent.HighlightElement.run is PASSED

2023-06-23 14:37:16 - [TEST_STEP][PASSED] - mouseOver(findTestObject("User/Page_Dashboard/Shareholder/span_List")): Object: 'Object Repository/User/Page_Dashboard/Shareholder/span_List' is hovered

2023-06-23 14:37:16 - [MESSAGE][PASSED] - Object: 'Object Repository/User/Page_Dashboard/Shareholder/span_List' is hovered

2023-06-23 14:37:16 - [TEST_STEP][PASSED] - com.reusableComponent.HighlightElement.run(findTestObject("User/Page_Dashboard/Shareholder/UserListAll/span_IDR")): com.reusableComponent.HighlightElement.run is PASSED

2023-06-23 14:37:17 - [MESSAGE][PASSED] - com.reusableComponent.HighlightElement.run is PASSED

2023-06-23 14:37:17 - [TEST_STEP][PASSED] - mouseOver(findTestObject("User/Page_Dashboard/Shareholder/UserListAll/span_IDR")): Object: 'Object Repository/User/Page_Dashboard/Shareholder/UserListAll/span_IDR' is hovered

2023-06-23 14:37:17 - [MESSAGE][PASSED] - Object: 'Object Repository/User/Page_Dashboard/Shareholder/UserListAll/span_IDR' is hovered

2023-06-23 14:37:17 - [TEST_STEP][PASSED] - click(findTestObject("User/Page_Dashboard/Shareholder/UserListAll/span_IDR")): Object: 'Object Repository/User/Page_Dashboard/Shareholder/UserListAll/span_IDR' is clicked on

2023-06-23 14:37:19 - [MESSAGE][PASSED] - Object: 'Object Repository/User/Page_Dashboard/Shareholder/UserListAll/span_IDR' is clicked on

2023-06-23 14:37:19 - [TEST_STEP][PASSED] - com.reusableComponent.HighlightElement.run(findTestObject("User/Page_Dashboard/Shareholder/UserListAll/h3_User List")): com.reusableComponent.HighlightElement.run is PASSED

2023-06-23 14:37:21 - [MESSAGE][PASSED] - com.reusableComponent.HighlightElement.run is PASSED

2023-06-23 14:37:21 - [TEST_STEP][PASSED] - com.reusableComponent.HighlightElement.run(findTestObject("User/Page_Dashboard/Shareholder/UserListAll/input_Username_shareholder_username")): com.reusableComponent.HighlightElement.run is PASSED

2023-06-23 14:37:21 - [MESSAGE][PASSED] - com.reusableComponent.HighlightElement.run is PASSED

2023-06-23 14:37:21 - [TEST_STEP][PASSED] - com.reusableComponent.HighlightElement.run(findTestObject("User/Page_Dashboard/Shareholder/UserListAll/input_MPU_member_product_username")): com.reusableComponent.HighlightElement.run is PASSED

2023-06-23 14:37:22 - [MESSAGE][PASSED] - com.reusableComponent.HighlightElement.run is PASSED

2023-06-23 14:37:22 - [TEST_STEP][PASSED] - com.reusableComponent.HighlightElement.run(findTestObject("User/Page_Dashboard/Shareholder/UserListAll/selectLevel")): com.reusableComponent.HighlightElement.run is PASSED

2023-06-23 14:37:22 - [MESSAGE][PASSED] - com.reusableComponent.HighlightElement.run is PASSED

2023-06-23 14:37:22 - [TEST_STEP][PASSED] - com.reusableComponent.HighlightElement.run(findTestObject("User/Page_Dashboard/Shareholder/UserListAll/selectWallet")): com.reusableComponent.HighlightElement.run is PASSED

2023-06-23 14:37:22 - [MESSAGE][PASSED] - com.reusableComponent.HighlightElement.run is PASSED

2023-06-23 14:37:22 - [TEST_STEP][PASSED] - com.reusableComponent.HighlightElement.run(findTestObject("User/Page_Dashboard/Shareholder/UserListAll/button_Search")): com.reusableComponent.HighlightElement.run is PASSED

2023-06-23 14:37:23 - [MESSAGE][PASSED] - com.reusableComponent.HighlightElement.run is PASSED

2023-06-23 14:37:23 - [TEST_STEP][PASSED] - com.reusableComponent.HighlightElement.run(findTestObject("User/Page_Dashboard/Shareholder/UserListAll/button_Create Shareholder")): com.reusableComponent.HighlightElement.run is PASSED

2023-06-23 14:37:23 - [MESSAGE][PASSED] - com.reusableComponent.HighlightElement.run is PASSED

2023-06-23 14:37:23 - [TEST_STEP][PASSED] - verifyElementVisible(findTestObject("User/Page_Dashboard/Shareholder/UserListAll/h3_User List")): Object 'Object Repository/User/Page_Dashboard/Shareholder/UserListAll/h3_User List' is visible

2023-06-23 14:37:24 - [MESSAGE][PASSED] - Object 'Object Repository/User/Page_Dashboard/Shareholder/UserListAll/h3_User List' is visible

2023-06-23 14:37:24 - [TEST_STEP][PASSED] - verifyElementVisible(findTestObject("User/Page_Dashboard/Shareholder/UserListAll/input_Username_shareholder_username")): Object 'Object Repository/User/Page_Dashboard/Shareholder/UserListAll/input_Username_shareholder_username' is visible

2023-06-23 14:37:24 - [MESSAGE][PASSED] - Object 'Object Repository/User/Page_Dashboard/Shareholder/UserListAll/input_Username_shareholder_username' is visible

2023-06-23 14:37:24 - [TEST_STEP][PASSED] - verifyElementVisible(findTestObject("User/Page_Dashboard/Shareholder/UserListAll/input_MPU_member_product_username")): Object 'Object Repository/User/Page_Dashboard/Shareholder/UserListAll/input_MPU_member_product_username' is visible

2023-06-23 14:37:25 - [MESSAGE][PASSED] - Object 'Object Repository/User/Page_Dashboard/Shareholder/UserListAll/input_MPU_member_product_username' is visible

2023-06-23 14:37:25 - [TEST_STEP][PASSED] - verifyElementVisible(findTestObject("User/Page_Dashboard/Shareholder/UserListAll/selectLevel")): Object 'Object Repository/User/Page_Dashboard/Shareholder/UserListAll/selectLevel' is visible

2023-06-23 14:37:25 - [MESSAGE][PASSED] - Object 'Object Repository/User/Page_Dashboard/Shareholder/UserListAll/selectLevel' is visible

2023-06-23 14:37:25 - [TEST_STEP][PASSED] - verifyElementVisible(findTestObject("User/Page_Dashboard/Shareholder/UserListAll/selectWallet")): Object 'Object Repository/User/Page_Dashboard/Shareholder/UserListAll/selectWallet' is visible

2023-06-23 14:37:26 - [MESSAGE][PASSED] - Object 'Object Repository/User/Page_Dashboard/Shareholder/UserListAll/selectWallet' is visible

2023-06-23 14:37:26 - [TEST_STEP][PASSED] - verifyElementVisible(findTestObject("User/Page_Dashboard/Shareholder/UserListAll/button_Search")): Object 'Object Repository/User/Page_Dashboard/Shareholder/UserListAll/button_Search' is visible

2023-06-23 14:37:26 - [MESSAGE][PASSED] - Object 'Object Repository/User/Page_Dashboard/Shareholder/UserListAll/button_Search' is visible

2023-06-23 14:37:26 - [TEST_STEP][PASSED] - verifyElementVisible(findTestObject("User/Page_Dashboard/Shareholder/UserListAll/button_Create Shareholder")): Object 'Object Repository/User/Page_Dashboard/Shareholder/UserListAll/button_Create Shareholder' is visible

2023-06-23 14:37:26 - [MESSAGE][PASSED] - Object 'Object Repository/User/Page_Dashboard/Shareholder/UserListAll/button_Create Shareholder' is visible

2023-06-23 14:37:26 - [TEST_STEP][PASSED] - com.reusableComponent.HighlightElement.run(findTestObject("User/Page_Dashboard/Shareholder/UserListAll/select_102550100")): com.reusableComponent.HighlightElement.run is PASSED

2023-06-23 14:37:27 - [MESSAGE][PASSED] - com.reusableComponent.HighlightElement.run is PASSED

2023-06-23 14:37:27 - [TEST_STEP][PASSED] - com.reusableComponent.HighlightElement.run(findTestObject("User/Page_Dashboard/Shareholder/UserListAll/span_Copy")): com.reusableComponent.HighlightElement.run is PASSED

2023-06-23 14:37:27 - [MESSAGE][PASSED] - com.reusableComponent.HighlightElement.run is PASSED

2023-06-23 14:37:27 - [TEST_STEP][PASSED] - com.reusableComponent.HighlightElement.run(findTestObject("User/Page_Dashboard/Shareholder/UserListAll/span_CSV")): com.reusableComponent.HighlightElement.run is PASSED

2023-06-23 14:37:28 - [MESSAGE][PASSED] - com.reusableComponent.HighlightElement.run is PASSED

2023-06-23 14:37:28 - [TEST_STEP][PASSED] - com.reusableComponent.HighlightElement.run(findTestObject("User/Page_Dashboard/Shareholder/UserListAll/span_Excel")): com.reusableComponent.HighlightElement.run is PASSED

2023-06-23 14:37:28 - [MESSAGE][PASSED] - com.reusableComponent.HighlightElement.run is PASSED

2023-06-23 14:37:28 - [TEST_STEP][PASSED] - com.reusableComponent.HighlightElement.run(findTestObject("User/Page_Dashboard/Shareholder/UserListAll/span_PDF")): com.reusableComponent.HighlightElement.run is PASSED

2023-06-23 14:37:29 - [MESSAGE][PASSED] - com.reusableComponent.HighlightElement.run is PASSED

2023-06-23 14:37:29 - [TEST_STEP][PASSED] - verifyElementVisible(findTestObject("User/Page_Dashboard/Shareholder/UserListAll/span_Copy")): Object 'Object Repository/User/Page_Dashboard/Shareholder/UserListAll/span_Copy' is visible

2023-06-23 14:37:29 - [MESSAGE][PASSED] - Object 'Object Repository/User/Page_Dashboard/Shareholder/UserListAll/span_Copy' is visible

2023-06-23 14:37:29 - [TEST_STEP][PASSED] - verifyElementVisible(findTestObject("User/Page_Dashboard/Shareholder/UserListAll/span_CSV")): Object 'Object Repository/User/Page_Dashboard/Shareholder/UserListAll/span_CSV' is visible

2023-06-23 14:37:30 - [MESSAGE][PASSED] - Object 'Object Repository/User/Page_Dashboard/Shareholder/UserListAll/span_CSV' is visible

2023-06-23 14:37:30 - [TEST_STEP][PASSED] - verifyElementVisible(findTestObject("User/Page_Dashboard/Shareholder/UserListAll/span_Excel")): Object 'Object Repository/User/Page_Dashboard/Shareholder/UserListAll/span_Excel' is visible

2023-06-23 14:37:30 - [MESSAGE][PASSED] - Object 'Object Repository/User/Page_Dashboard/Shareholder/UserListAll/span_Excel' is visible

2023-06-23 14:37:30 - [TEST_STEP][PASSED] - verifyElementVisible(findTestObject("User/Page_Dashboard/Shareholder/UserListAll/span_PDF")): Object 'Object Repository/User/Page_Dashboard/Shareholder/UserListAll/span_PDF' is visible

2023-06-23 14:37:31 - [MESSAGE][PASSED] - Object 'Object Repository/User/Page_Dashboard/Shareholder/UserListAll/span_PDF' is visible

2023-06-23 14:37:31 - [TEST_STEP][PASSED] - com.reusableComponent.HighlightElement.run(findTestObject("User/Page_Dashboard/Shareholder/UserListAll/input_Search_form-control form-control-sm")): com.reusableComponent.HighlightElement.run is PASSED

2023-06-23 14:37:31 - [MESSAGE][PASSED] - com.reusableComponent.HighlightElement.run is PASSED

2023-06-23 14:37:31 - [TEST_STEP][PASSED] - verifyElementVisible(findTestObject("User/Page_Dashboard/Shareholder/UserListAll/input_Search_form-control form-control-sm")): Object 'Object Repository/User/Page_Dashboard/Shareholder/UserListAll/input_Search_form-control form-control-sm' is visible

2023-06-23 14:37:31 - [MESSAGE][PASSED] - Object 'Object Repository/User/Page_Dashboard/Shareholder/UserListAll/input_Search_form-control form-control-sm' is visible

2023-06-23 14:37:31 - [TEST_STEP][PASSED] - com.reusableComponent.HighlightElement.run(findTestObject("User/Page_Dashboard/Shareholder/UserListAll/th_No")): com.reusableComponent.HighlightElement.run is PASSED

2023-06-23 14:37:32 - [MESSAGE][PASSED] - com.reusableComponent.HighlightElement.run is PASSED

2023-06-23 14:37:32 - [TEST_STEP][PASSED] - com.reusableComponent.HighlightElement.run(findTestObject("User/Page_Dashboard/Shareholder/UserListAll/th_Login Account")): com.reusableComponent.HighlightElement.run is PASSED

2023-06-23 14:37:32 - [MESSAGE][PASSED] - com.reusableComponent.HighlightElement.run is PASSED

2023-06-23 14:37:32 - [TEST_STEP][PASSED] - com.reusableComponent.HighlightElement.run(findTestObject("User/Page_Dashboard/Shareholder/UserListAll/th_Full Name")): com.reusableComponent.HighlightElement.run is PASSED

2023-06-23 14:37:33 - [MESSAGE][PASSED] - com.reusableComponent.HighlightElement.run is PASSED

2023-06-23 14:37:33 - [TEST_STEP][PASSED] - com.reusableComponent.HighlightElement.run(findTestObject("User/Page_Dashboard/Shareholder/UserListAll/th_Nickname")): com.reusableComponent.HighlightElement.run is PASSED

2023-06-23 14:37:33 - [MESSAGE][PASSED] - com.reusableComponent.HighlightElement.run is PASSED

2023-06-23 14:37:33 - [TEST_STEP][PASSED] - com.reusableComponent.HighlightElement.run(findTestObject("User/Page_Dashboard/Shareholder/UserListAll/th_Currency")): com.reusableComponent.HighlightElement.run is PASSED

2023-06-23 14:37:34 - [MESSAGE][PASSED] - com.reusableComponent.HighlightElement.run is PASSED

2023-06-23 14:37:34 - [TEST_STEP][PASSED] - com.reusableComponent.HighlightElement.run(findTestObject("User/Page_Dashboard/Shareholder/UserListAll/th_Role")): com.reusableComponent.HighlightElement.run is PASSED

2023-06-23 14:37:34 - [MESSAGE][PASSED] - com.reusableComponent.HighlightElement.run is PASSED

2023-06-23 14:37:34 - [TEST_STEP][PASSED] - com.reusableComponent.HighlightElement.run(findTestObject("User/Page_Dashboard/Shareholder/UserListAll/th_Phone")): com.reusableComponent.HighlightElement.run is PASSED

2023-06-23 14:37:35 - [MESSAGE][PASSED] - com.reusableComponent.HighlightElement.run is PASSED

2023-06-23 14:37:35 - [TEST_STEP][PASSED] - com.reusableComponent.HighlightElement.run(findTestObject("User/Page_Dashboard/Shareholder/UserListAll/th_Percentage")): com.reusableComponent.HighlightElement.run is PASSED

2023-06-23 14:37:35 - [MESSAGE][PASSED] - com.reusableComponent.HighlightElement.run is PASSED

2023-06-23 14:37:35 - [TEST_STEP][PASSED] - com.reusableComponent.HighlightElement.run(findTestObject("User/Page_Dashboard/Shareholder/UserListAll/th_Status")): com.reusableComponent.HighlightElement.run is PASSED

2023-06-23 14:37:35 - [MESSAGE][PASSED] - com.reusableComponent.HighlightElement.run is PASSED

2023-06-23 14:37:35 - [TEST_STEP][PASSED] - com.reusableComponent.HighlightElement.run(findTestObject("User/Page_Dashboard/Shareholder/UserListAll/th_Remarks")): com.reusableComponent.HighlightElement.run is PASSED

2023-06-23 14:37:36 - [MESSAGE][PASSED] - com.reusableComponent.HighlightElement.run is PASSED

2023-06-23 14:37:36 - [TEST_STEP][PASSED] - com.reusableComponent.HighlightElement.run(findTestObject("User/Page_Dashboard/Shareholder/UserListAll/th_Cash")): com.reusableComponent.HighlightElement.run is PASSED

2023-06-23 14:37:36 - [MESSAGE][PASSED] - com.reusableComponent.HighlightElement.run is PASSED

2023-06-23 14:37:36 - [TEST_STEP][PASSED] - com.reusableComponent.HighlightElement.run(findTestObject("User/Page_Dashboard/Shareholder/UserListAll/th_Password Otp")): com.reusableComponent.HighlightElement.run is PASSED

2023-06-23 14:37:37 - [MESSAGE][PASSED] - com.reusableComponent.HighlightElement.run is PASSED

2023-06-23 14:37:37 - [TEST_STEP][PASSED] - com.reusableComponent.HighlightElement.run(findTestObject("User/Page_Dashboard/Shareholder/UserListAll/th_Phone Otp")): com.reusableComponent.HighlightElement.run is PASSED

2023-06-23 14:37:37 - [MESSAGE][PASSED] - com.reusableComponent.HighlightElement.run is PASSED

2023-06-23 14:37:37 - [TEST_STEP][PASSED] - com.reusableComponent.HighlightElement.run(findTestObject("User/Page_Dashboard/Shareholder/UserListAll/th_Last login IP")): com.reusableComponent.HighlightElement.run is PASSED

2023-06-23 14:37:38 - [MESSAGE][PASSED] - com.reusableComponent.HighlightElement.run is PASSED

2023-06-23 14:37:38 - [TEST_STEP][PASSED] - com.reusableComponent.HighlightElement.run(findTestObject("User/Page_Dashboard/Shareholder/UserListAll/th_Created Datetime")): com.reusableComponent.HighlightElement.run is PASSED

2023-06-23 14:37:38 - [MESSAGE][PASSED] - com.reusableComponent.HighlightElement.run is PASSED

2023-06-23 14:37:38 - [TEST_STEP][PASSED] - com.reusableComponent.HighlightElement.run(findTestObject("User/Page_Dashboard/Shareholder/UserListAll/th_Last login time")): com.reusableComponent.HighlightElement.run is PASSED

2023-06-23 14:37:39 - [MESSAGE][PASSED] - com.reusableComponent.HighlightElement.run is PASSED

2023-06-23 14:37:39 - [TEST_STEP][PASSED] - com.reusableComponent.HighlightElement.run(findTestObject("User/Page_Dashboard/Shareholder/UserListAll/th_App Type")): com.reusableComponent.HighlightElement.run is PASSED

2023-06-23 14:37:39 - [MESSAGE][PASSED] - com.reusableComponent.HighlightElement.run is PASSED

2023-06-23 14:37:39 - [TEST_STEP][PASSED] - com.reusableComponent.HighlightElement.run(findTestObject("User/Page_Dashboard/Shareholder/UserListAll/th_Action")): com.reusableComponent.HighlightElement.run is PASSED

2023-06-23 14:37:39 - [MESSAGE][PASSED] - com.reusableComponent.HighlightElement.run is PASSED

2023-06-23 14:37:39 - [TEST_STEP][PASSED] - com.reusableComponent.HighlightElement.run(findTestObject("User/Page_Dashboard/Shareholder/UserListAll/th_Upline")): com.reusableComponent.HighlightElement.run is PASSED

2023-06-23 14:37:40 - [MESSAGE][PASSED] - com.reusableComponent.HighlightElement.run is PASSED

2023-06-23 14:37:40 - [TEST_STEP][PASSED] - com.reusableComponent.HighlightElement.run(findTestObject("User/Page_Dashboard/Shareholder/UserListAll/th_Main Line")): com.reusableComponent.HighlightElement.run is PASSED

2023-06-23 14:37:40 - [MESSAGE][PASSED] - com.reusableComponent.HighlightElement.run is PASSED

2023-06-23 14:37:40 - [TEST_STEP][PASSED] - com.reusableComponent.HighlightElement.run(findTestObject("User/Page_Dashboard/Shareholder/UserListAll/tableUserList")): com.reusableComponent.HighlightElement.run is PASSED

2023-06-23 14:37:41 - [MESSAGE][PASSED] - com.reusableComponent.HighlightElement.run is PASSED

2023-06-23 14:37:41 - [TEST_STEP][PASSED] - verifyElementVisible(findTestObject("User/Page_Dashboard/Shareholder/UserListAll/th_No")): Object 'Object Repository/User/Page_Dashboard/Shareholder/UserListAll/th_No' is visible

2023-06-23 14:37:41 - [MESSAGE][PASSED] - Object 'Object Repository/User/Page_Dashboard/Shareholder/UserListAll/th_No' is visible

2023-06-23 14:37:41 - [TEST_STEP][PASSED] - verifyElementVisible(findTestObject("User/Page_Dashboard/Shareholder/UserListAll/th_Login Account")): Object 'Object Repository/User/Page_Dashboard/Shareholder/UserListAll/th_Login Account' is visible

2023-06-23 14:37:42 - [MESSAGE][PASSED] - Object 'Object Repository/User/Page_Dashboard/Shareholder/UserListAll/th_Login Account' is visible

2023-06-23 14:37:42 - [TEST_STEP][PASSED] - verifyElementVisible(findTestObject("User/Page_Dashboard/Shareholder/UserListAll/th_Full Name")): Object 'Object Repository/User/Page_Dashboard/Shareholder/UserListAll/th_Full Name' is visible

2023-06-23 14:37:42 - [MESSAGE][PASSED] - Object 'Object Repository/User/Page_Dashboard/Shareholder/UserListAll/th_Full Name' is visible

2023-06-23 14:37:42 - [TEST_STEP][PASSED] - verifyElementVisible(findTestObject("User/Page_Dashboard/Shareholder/UserListAll/th_Nickname")): Object 'Object Repository/User/Page_Dashboard/Shareholder/UserListAll/th_Nickname' is visible

2023-06-23 14:37:42 - [MESSAGE][PASSED] - Object 'Object Repository/User/Page_Dashboard/Shareholder/UserListAll/th_Nickname' is visible

2023-06-23 14:37:42 - [TEST_STEP][PASSED] - verifyElementVisible(findTestObject("User/Page_Dashboard/Shareholder/UserListAll/th_Currency")): Object 'Object Repository/User/Page_Dashboard/Shareholder/UserListAll/th_Currency' is visible

2023-06-23 14:37:43 - [MESSAGE][PASSED] - Object 'Object Repository/User/Page_Dashboard/Shareholder/UserListAll/th_Currency' is visible

2023-06-23 14:37:43 - [TEST_STEP][PASSED] - verifyElementVisible(findTestObject("User/Page_Dashboard/Shareholder/UserListAll/th_Role")): Object 'Object Repository/User/Page_Dashboard/Shareholder/UserListAll/th_Role' is visible

2023-06-23 14:37:43 - [MESSAGE][PASSED] - Object 'Object Repository/User/Page_Dashboard/Shareholder/UserListAll/th_Role' is visible

2023-06-23 14:37:43 - [TEST_STEP][PASSED] - verifyElementVisible(findTestObject("User/Page_Dashboard/Shareholder/UserListAll/th_Phone")): Object 'Object Repository/User/Page_Dashboard/Shareholder/UserListAll/th_Phone' is visible

2023-06-23 14:37:44 - [MESSAGE][PASSED] - Object 'Object Repository/User/Page_Dashboard/Shareholder/UserListAll/th_Phone' is visible

2023-06-23 14:37:44 - [TEST_STEP][PASSED] - verifyElementVisible(findTestObject("User/Page_Dashboard/Shareholder/UserListAll/th_Percentage")): Object 'Object Repository/User/Page_Dashboard/Shareholder/UserListAll/th_Percentage' is visible

2023-06-23 14:37:44 - [MESSAGE][PASSED] - Object 'Object Repository/User/Page_Dashboard/Shareholder/UserListAll/th_Percentage' is visible

2023-06-23 14:37:44 - [TEST_STEP][PASSED] - verifyElementVisible(findTestObject("User/Page_Dashboard/Shareholder/UserListAll/th_Status")): Object 'Object Repository/User/Page_Dashboard/Shareholder/UserListAll/th_Status' is visible

2023-06-23 14:37:44 - [MESSAGE][PASSED] - Object 'Object Repository/User/Page_Dashboard/Shareholder/UserListAll/th_Status' is visible

2023-06-23 14:37:44 - [TEST_STEP][PASSED] - verifyElementVisible(findTestObject("User/Page_Dashboard/Shareholder/UserListAll/th_Remarks")): Object 'Object Repository/User/Page_Dashboard/Shareholder/UserListAll/th_Remarks' is visible

2023-06-23 14:37:45 - [MESSAGE][PASSED] - Object 'Object Repository/User/Page_Dashboard/Shareholder/UserListAll/th_Remarks' is visible

2023-06-23 14:37:45 - [TEST_STEP][PASSED] - verifyElementVisible(findTestObject("User/Page_Dashboard/Shareholder/UserListAll/th_Cash")): Object 'Object Repository/User/Page_Dashboard/Shareholder/UserListAll/th_Cash' is visible

2023-06-23 14:37:45 - [MESSAGE][PASSED] - Object 'Object Repository/User/Page_Dashboard/Shareholder/UserListAll/th_Cash' is visible

2023-06-23 14:37:45 - [TEST_STEP][PASSED] - verifyElementVisible(findTestObject("User/Page_Dashboard/Shareholder/UserListAll/th_Password Otp")): Object 'Object Repository/User/Page_Dashboard/Shareholder/UserListAll/th_Password Otp' is visible

2023-06-23 14:37:46 - [MESSAGE][PASSED] - Object 'Object Repository/User/Page_Dashboard/Shareholder/UserListAll/th_Password Otp' is visible

2023-06-23 14:37:46 - [TEST_STEP][PASSED] - verifyElementVisible(findTestObject("User/Page_Dashboard/Shareholder/UserListAll/th_Phone Otp")): Object 'Object Repository/User/Page_Dashboard/Shareholder/UserListAll/th_Phone Otp' is visible

2023-06-23 14:37:46 - [MESSAGE][PASSED] - Object 'Object Repository/User/Page_Dashboard/Shareholder/UserListAll/th_Phone Otp' is visible

2023-06-23 14:37:46 - [TEST_STEP][PASSED] - verifyElementVisible(findTestObject("User/Page_Dashboard/Shareholder/UserListAll/th_Last login IP")): Object 'Object Repository/User/Page_Dashboard/Shareholder/UserListAll/th_Last login IP' is visible

2023-06-23 14:37:46 - [MESSAGE][PASSED] - Object 'Object Repository/User/Page_Dashboard/Shareholder/UserListAll/th_Last login IP' is visible

2023-06-23 14:37:46 - [TEST_STEP][PASSED] - verifyElementVisible(findTestObject("User/Page_Dashboard/Shareholder/UserListAll/th_Created Datetime")): Object 'Object Repository/User/Page_Dashboard/Shareholder/UserListAll/th_Created Datetime' is visible

2023-06-23 14:37:47 - [MESSAGE][PASSED] - Object 'Object Repository/User/Page_Dashboard/Shareholder/UserListAll/th_Created Datetime' is visible

2023-06-23 14:37:47 - [TEST_STEP][PASSED] - verifyElementVisible(findTestObject("User/Page_Dashboard/Shareholder/UserListAll/th_Last login time")): Object 'Object Repository/User/Page_Dashboard/Shareholder/UserListAll/th_Last login time' is visible

2023-06-23 14:37:47 - [MESSAGE][PASSED] - Object 'Object Repository/User/Page_Dashboard/Shareholder/UserListAll/th_Last login time' is visible

2023-06-23 14:37:47 - [TEST_STEP][PASSED] - verifyElementVisible(findTestObject("User/Page_Dashboard/Shareholder/UserListAll/th_App Type")): Object 'Object Repository/User/Page_Dashboard/Shareholder/UserListAll/th_App Type' is visible

2023-06-23 14:37:48 - [MESSAGE][PASSED] - Object 'Object Repository/User/Page_Dashboard/Shareholder/UserListAll/th_App Type' is visible

2023-06-23 14:37:48 - [TEST_STEP][PASSED] - verifyElementVisible(findTestObject("User/Page_Dashboard/Shareholder/UserListAll/th_Action")): Object 'Object Repository/User/Page_Dashboard/Shareholder/UserListAll/th_Action' is visible

2023-06-23 14:37:48 - [MESSAGE][PASSED] - Object 'Object Repository/User/Page_Dashboard/Shareholder/UserListAll/th_Action' is visible

2023-06-23 14:37:48 - [TEST_STEP][PASSED] - verifyElementVisible(findTestObject("User/Page_Dashboard/Shareholder/UserListAll/th_Upline")): Object 'Object Repository/User/Page_Dashboard/Shareholder/UserListAll/th_Upline' is visible

2023-06-23 14:37:48 - [MESSAGE][PASSED] - Object 'Object Repository/User/Page_Dashboard/Shareholder/UserListAll/th_Upline' is visible

2023-06-23 14:37:48 - [TEST_STEP][PASSED] - verifyElementVisible(findTestObject("User/Page_Dashboard/Shareholder/UserListAll/th_Main Line")): Object 'Object Repository/User/Page_Dashboard/Shareholder/UserListAll/th_Main Line' is visible

2023-06-23 14:37:49 - [MESSAGE][PASSED] - Object 'Object Repository/User/Page_Dashboard/Shareholder/UserListAll/th_Main Line' is visible

2023-06-23 14:37:49 - [TEST_STEP][PASSED] - verifyElementVisible(findTestObject("User/Page_Dashboard/Shareholder/UserListAll/tableUserList")): Object 'Object Repository/User/Page_Dashboard/Shareholder/UserListAll/tableUserList' is visible

2023-06-23 14:37:49 - [MESSAGE][PASSED] - Object 'Object Repository/User/Page_Dashboard/Shareholder/UserListAll/tableUserList' is visible]]></system-out>
         <system-err><![CDATA[]]></system-err>
      </testcase>
      <testcase name="Test Cases/User/Shareholder/List MMK" time="35.82" classname="Test Cases/User/Shareholder/List MMK" status="PASSED">
         <system-out><![CDATA[2023-06-23 14:37:49 - [TEST_CASE][PASSED] - Test Cases/User/Shareholder/List MMK: Test Cases/User/Shareholder/List MMK

2023-06-23 14:37:50 - [TEST_STEP][PASSED] - com.reusableComponent.HighlightElement.run(findTestObject("User/Page_Dashboard/Member/span_User")): com.reusableComponent.HighlightElement.run is PASSED

2023-06-23 14:37:50 - [MESSAGE][PASSED] - com.reusableComponent.HighlightElement.run is PASSED

2023-06-23 14:37:50 - [TEST_STEP][PASSED] - mouseOver(findTestObject("User/Page_Dashboard/Member/span_User")): Object: 'Object Repository/User/Page_Dashboard/Member/span_User' is hovered

2023-06-23 14:37:51 - [MESSAGE][PASSED] - Object: 'Object Repository/User/Page_Dashboard/Member/span_User' is hovered

2023-06-23 14:37:51 - [TEST_STEP][PASSED] - com.reusableComponent.HighlightElement.run(findTestObject("User/Page_Dashboard/Shareholder/span_List")): com.reusableComponent.HighlightElement.run is PASSED

2023-06-23 14:37:51 - [MESSAGE][PASSED] - com.reusableComponent.HighlightElement.run is PASSED

2023-06-23 14:37:51 - [TEST_STEP][PASSED] - mouseOver(findTestObject("User/Page_Dashboard/Shareholder/span_List")): Object: 'Object Repository/User/Page_Dashboard/Shareholder/span_List' is hovered

2023-06-23 14:37:52 - [MESSAGE][PASSED] - Object: 'Object Repository/User/Page_Dashboard/Shareholder/span_List' is hovered

2023-06-23 14:37:52 - [TEST_STEP][PASSED] - com.reusableComponent.HighlightElement.run(findTestObject("User/Page_Dashboard/Shareholder/UserListAll/span_MMK")): com.reusableComponent.HighlightElement.run is PASSED

2023-06-23 14:37:52 - [MESSAGE][PASSED] - com.reusableComponent.HighlightElement.run is PASSED

2023-06-23 14:37:52 - [TEST_STEP][PASSED] - mouseOver(findTestObject("User/Page_Dashboard/Shareholder/UserListAll/span_MMK")): Object: 'Object Repository/User/Page_Dashboard/Shareholder/UserListAll/span_MMK' is hovered

2023-06-23 14:37:53 - [MESSAGE][PASSED] - Object: 'Object Repository/User/Page_Dashboard/Shareholder/UserListAll/span_MMK' is hovered

2023-06-23 14:37:53 - [TEST_STEP][PASSED] - click(findTestObject("User/Page_Dashboard/Shareholder/UserListAll/span_MMK")): Object: 'Object Repository/User/Page_Dashboard/Shareholder/UserListAll/span_MMK' is clicked on

2023-06-23 14:37:55 - [MESSAGE][PASSED] - Object: 'Object Repository/User/Page_Dashboard/Shareholder/UserListAll/span_MMK' is clicked on

2023-06-23 14:37:55 - [TEST_STEP][PASSED] - com.reusableComponent.HighlightElement.run(findTestObject("User/Page_Dashboard/Shareholder/UserListAll/h3_User List")): com.reusableComponent.HighlightElement.run is PASSED

2023-06-23 14:37:57 - [MESSAGE][PASSED] - com.reusableComponent.HighlightElement.run is PASSED

2023-06-23 14:37:57 - [TEST_STEP][PASSED] - com.reusableComponent.HighlightElement.run(findTestObject("User/Page_Dashboard/Shareholder/UserListAll/input_Username_shareholder_username")): com.reusableComponent.HighlightElement.run is PASSED

2023-06-23 14:37:57 - [MESSAGE][PASSED] - com.reusableComponent.HighlightElement.run is PASSED

2023-06-23 14:37:57 - [TEST_STEP][PASSED] - com.reusableComponent.HighlightElement.run(findTestObject("User/Page_Dashboard/Shareholder/UserListAll/input_MPU_member_product_username")): com.reusableComponent.HighlightElement.run is PASSED

2023-06-23 14:37:58 - [MESSAGE][PASSED] - com.reusableComponent.HighlightElement.run is PASSED

2023-06-23 14:37:58 - [TEST_STEP][PASSED] - com.reusableComponent.HighlightElement.run(findTestObject("User/Page_Dashboard/Shareholder/UserListAll/selectLevel")): com.reusableComponent.HighlightElement.run is PASSED

2023-06-23 14:37:58 - [MESSAGE][PASSED] - com.reusableComponent.HighlightElement.run is PASSED

2023-06-23 14:37:58 - [TEST_STEP][PASSED] - com.reusableComponent.HighlightElement.run(findTestObject("User/Page_Dashboard/Shareholder/UserListAll/selectWallet")): com.reusableComponent.HighlightElement.run is PASSED

2023-06-23 14:37:59 - [MESSAGE][PASSED] - com.reusableComponent.HighlightElement.run is PASSED

2023-06-23 14:37:59 - [TEST_STEP][PASSED] - com.reusableComponent.HighlightElement.run(findTestObject("User/Page_Dashboard/Shareholder/UserListAll/button_Search")): com.reusableComponent.HighlightElement.run is PASSED

2023-06-23 14:37:59 - [MESSAGE][PASSED] - com.reusableComponent.HighlightElement.run is PASSED

2023-06-23 14:37:59 - [TEST_STEP][PASSED] - com.reusableComponent.HighlightElement.run(findTestObject("User/Page_Dashboard/Shareholder/UserListAll/button_Create Shareholder")): com.reusableComponent.HighlightElement.run is PASSED

2023-06-23 14:38:00 - [MESSAGE][PASSED] - com.reusableComponent.HighlightElement.run is PASSED

2023-06-23 14:38:00 - [TEST_STEP][PASSED] - verifyElementVisible(findTestObject("User/Page_Dashboard/Shareholder/UserListAll/h3_User List")): Object 'Object Repository/User/Page_Dashboard/Shareholder/UserListAll/h3_User List' is visible

2023-06-23 14:38:00 - [MESSAGE][PASSED] - Object 'Object Repository/User/Page_Dashboard/Shareholder/UserListAll/h3_User List' is visible

2023-06-23 14:38:00 - [TEST_STEP][PASSED] - verifyElementVisible(findTestObject("User/Page_Dashboard/Shareholder/UserListAll/input_Username_shareholder_username")): Object 'Object Repository/User/Page_Dashboard/Shareholder/UserListAll/input_Username_shareholder_username' is visible

2023-06-23 14:38:00 - [MESSAGE][PASSED] - Object 'Object Repository/User/Page_Dashboard/Shareholder/UserListAll/input_Username_shareholder_username' is visible

2023-06-23 14:38:00 - [TEST_STEP][PASSED] - verifyElementVisible(findTestObject("User/Page_Dashboard/Shareholder/UserListAll/input_MPU_member_product_username")): Object 'Object Repository/User/Page_Dashboard/Shareholder/UserListAll/input_MPU_member_product_username' is visible

2023-06-23 14:38:01 - [MESSAGE][PASSED] - Object 'Object Repository/User/Page_Dashboard/Shareholder/UserListAll/input_MPU_member_product_username' is visible

2023-06-23 14:38:01 - [TEST_STEP][PASSED] - verifyElementVisible(findTestObject("User/Page_Dashboard/Shareholder/UserListAll/selectLevel")): Object 'Object Repository/User/Page_Dashboard/Shareholder/UserListAll/selectLevel' is visible

2023-06-23 14:38:01 - [MESSAGE][PASSED] - Object 'Object Repository/User/Page_Dashboard/Shareholder/UserListAll/selectLevel' is visible

2023-06-23 14:38:01 - [TEST_STEP][PASSED] - verifyElementVisible(findTestObject("User/Page_Dashboard/Shareholder/UserListAll/selectWallet")): Object 'Object Repository/User/Page_Dashboard/Shareholder/UserListAll/selectWallet' is visible

2023-06-23 14:38:02 - [MESSAGE][PASSED] - Object 'Object Repository/User/Page_Dashboard/Shareholder/UserListAll/selectWallet' is visible

2023-06-23 14:38:02 - [TEST_STEP][PASSED] - verifyElementVisible(findTestObject("User/Page_Dashboard/Shareholder/UserListAll/button_Search")): Object 'Object Repository/User/Page_Dashboard/Shareholder/UserListAll/button_Search' is visible

2023-06-23 14:38:02 - [MESSAGE][PASSED] - Object 'Object Repository/User/Page_Dashboard/Shareholder/UserListAll/button_Search' is visible

2023-06-23 14:38:02 - [TEST_STEP][PASSED] - verifyElementVisible(findTestObject("User/Page_Dashboard/Shareholder/UserListAll/button_Create Shareholder")): Object 'Object Repository/User/Page_Dashboard/Shareholder/UserListAll/button_Create Shareholder' is visible

2023-06-23 14:38:02 - [MESSAGE][PASSED] - Object 'Object Repository/User/Page_Dashboard/Shareholder/UserListAll/button_Create Shareholder' is visible

2023-06-23 14:38:02 - [TEST_STEP][PASSED] - com.reusableComponent.HighlightElement.run(findTestObject("User/Page_Dashboard/Shareholder/UserListAll/select_102550100")): com.reusableComponent.HighlightElement.run is PASSED

2023-06-23 14:38:03 - [MESSAGE][PASSED] - com.reusableComponent.HighlightElement.run is PASSED

2023-06-23 14:38:03 - [TEST_STEP][PASSED] - com.reusableComponent.HighlightElement.run(findTestObject("User/Page_Dashboard/Shareholder/UserListAll/span_Copy")): com.reusableComponent.HighlightElement.run is PASSED

2023-06-23 14:38:03 - [MESSAGE][PASSED] - com.reusableComponent.HighlightElement.run is PASSED

2023-06-23 14:38:03 - [TEST_STEP][PASSED] - com.reusableComponent.HighlightElement.run(findTestObject("User/Page_Dashboard/Shareholder/UserListAll/span_CSV")): com.reusableComponent.HighlightElement.run is PASSED

2023-06-23 14:38:04 - [MESSAGE][PASSED] - com.reusableComponent.HighlightElement.run is PASSED

2023-06-23 14:38:04 - [TEST_STEP][PASSED] - com.reusableComponent.HighlightElement.run(findTestObject("User/Page_Dashboard/Shareholder/UserListAll/span_Excel")): com.reusableComponent.HighlightElement.run is PASSED

2023-06-23 14:38:04 - [MESSAGE][PASSED] - com.reusableComponent.HighlightElement.run is PASSED

2023-06-23 14:38:04 - [TEST_STEP][PASSED] - com.reusableComponent.HighlightElement.run(findTestObject("User/Page_Dashboard/Shareholder/UserListAll/span_PDF")): com.reusableComponent.HighlightElement.run is PASSED

2023-06-23 14:38:05 - [MESSAGE][PASSED] - com.reusableComponent.HighlightElement.run is PASSED

2023-06-23 14:38:05 - [TEST_STEP][PASSED] - verifyElementVisible(findTestObject("User/Page_Dashboard/Shareholder/UserListAll/span_Copy")): Object 'Object Repository/User/Page_Dashboard/Shareholder/UserListAll/span_Copy' is visible

2023-06-23 14:38:05 - [MESSAGE][PASSED] - Object 'Object Repository/User/Page_Dashboard/Shareholder/UserListAll/span_Copy' is visible

2023-06-23 14:38:05 - [TEST_STEP][PASSED] - verifyElementVisible(findTestObject("User/Page_Dashboard/Shareholder/UserListAll/span_CSV")): Object 'Object Repository/User/Page_Dashboard/Shareholder/UserListAll/span_CSV' is visible

2023-06-23 14:38:06 - [MESSAGE][PASSED] - Object 'Object Repository/User/Page_Dashboard/Shareholder/UserListAll/span_CSV' is visible

2023-06-23 14:38:06 - [TEST_STEP][PASSED] - verifyElementVisible(findTestObject("User/Page_Dashboard/Shareholder/UserListAll/span_Excel")): Object 'Object Repository/User/Page_Dashboard/Shareholder/UserListAll/span_Excel' is visible

2023-06-23 14:38:06 - [MESSAGE][PASSED] - Object 'Object Repository/User/Page_Dashboard/Shareholder/UserListAll/span_Excel' is visible

2023-06-23 14:38:06 - [TEST_STEP][PASSED] - verifyElementVisible(findTestObject("User/Page_Dashboard/Shareholder/UserListAll/span_PDF")): Object 'Object Repository/User/Page_Dashboard/Shareholder/UserListAll/span_PDF' is visible

2023-06-23 14:38:07 - [MESSAGE][PASSED] - Object 'Object Repository/User/Page_Dashboard/Shareholder/UserListAll/span_PDF' is visible

2023-06-23 14:38:07 - [TEST_STEP][PASSED] - com.reusableComponent.HighlightElement.run(findTestObject("User/Page_Dashboard/Shareholder/UserListAll/input_Search_form-control form-control-sm")): com.reusableComponent.HighlightElement.run is PASSED

2023-06-23 14:38:07 - [MESSAGE][PASSED] - com.reusableComponent.HighlightElement.run is PASSED

2023-06-23 14:38:07 - [TEST_STEP][PASSED] - verifyElementVisible(findTestObject("User/Page_Dashboard/Shareholder/UserListAll/input_Search_form-control form-control-sm")): Object 'Object Repository/User/Page_Dashboard/Shareholder/UserListAll/input_Search_form-control form-control-sm' is visible

2023-06-23 14:38:07 - [MESSAGE][PASSED] - Object 'Object Repository/User/Page_Dashboard/Shareholder/UserListAll/input_Search_form-control form-control-sm' is visible

2023-06-23 14:38:07 - [TEST_STEP][PASSED] - com.reusableComponent.HighlightElement.run(findTestObject("User/Page_Dashboard/Shareholder/UserListAll/th_No")): com.reusableComponent.HighlightElement.run is PASSED

2023-06-23 14:38:08 - [MESSAGE][PASSED] - com.reusableComponent.HighlightElement.run is PASSED

2023-06-23 14:38:08 - [TEST_STEP][PASSED] - com.reusableComponent.HighlightElement.run(findTestObject("User/Page_Dashboard/Shareholder/UserListAll/th_Login Account")): com.reusableComponent.HighlightElement.run is PASSED

2023-06-23 14:38:08 - [MESSAGE][PASSED] - com.reusableComponent.HighlightElement.run is PASSED

2023-06-23 14:38:08 - [TEST_STEP][PASSED] - com.reusableComponent.HighlightElement.run(findTestObject("User/Page_Dashboard/Shareholder/UserListAll/th_Full Name")): com.reusableComponent.HighlightElement.run is PASSED

2023-06-23 14:38:09 - [MESSAGE][PASSED] - com.reusableComponent.HighlightElement.run is PASSED

2023-06-23 14:38:09 - [TEST_STEP][PASSED] - com.reusableComponent.HighlightElement.run(findTestObject("User/Page_Dashboard/Shareholder/UserListAll/th_Nickname")): com.reusableComponent.HighlightElement.run is PASSED

2023-06-23 14:38:09 - [MESSAGE][PASSED] - com.reusableComponent.HighlightElement.run is PASSED

2023-06-23 14:38:09 - [TEST_STEP][PASSED] - com.reusableComponent.HighlightElement.run(findTestObject("User/Page_Dashboard/Shareholder/UserListAll/th_Currency")): com.reusableComponent.HighlightElement.run is PASSED

2023-06-23 14:38:10 - [MESSAGE][PASSED] - com.reusableComponent.HighlightElement.run is PASSED

2023-06-23 14:38:10 - [TEST_STEP][PASSED] - com.reusableComponent.HighlightElement.run(findTestObject("User/Page_Dashboard/Shareholder/UserListAll/th_Role")): com.reusableComponent.HighlightElement.run is PASSED

2023-06-23 14:38:10 - [MESSAGE][PASSED] - com.reusableComponent.HighlightElement.run is PASSED

2023-06-23 14:38:10 - [TEST_STEP][PASSED] - com.reusableComponent.HighlightElement.run(findTestObject("User/Page_Dashboard/Shareholder/UserListAll/th_Phone")): com.reusableComponent.HighlightElement.run is PASSED

2023-06-23 14:38:10 - [MESSAGE][PASSED] - com.reusableComponent.HighlightElement.run is PASSED

2023-06-23 14:38:10 - [TEST_STEP][PASSED] - com.reusableComponent.HighlightElement.run(findTestObject("User/Page_Dashboard/Shareholder/UserListAll/th_Percentage")): com.reusableComponent.HighlightElement.run is PASSED

2023-06-23 14:38:11 - [MESSAGE][PASSED] - com.reusableComponent.HighlightElement.run is PASSED

2023-06-23 14:38:11 - [TEST_STEP][PASSED] - com.reusableComponent.HighlightElement.run(findTestObject("User/Page_Dashboard/Shareholder/UserListAll/th_Status")): com.reusableComponent.HighlightElement.run is PASSED

2023-06-23 14:38:11 - [MESSAGE][PASSED] - com.reusableComponent.HighlightElement.run is PASSED

2023-06-23 14:38:11 - [TEST_STEP][PASSED] - com.reusableComponent.HighlightElement.run(findTestObject("User/Page_Dashboard/Shareholder/UserListAll/th_Remarks")): com.reusableComponent.HighlightElement.run is PASSED

2023-06-23 14:38:12 - [MESSAGE][PASSED] - com.reusableComponent.HighlightElement.run is PASSED

2023-06-23 14:38:12 - [TEST_STEP][PASSED] - com.reusableComponent.HighlightElement.run(findTestObject("User/Page_Dashboard/Shareholder/UserListAll/th_Cash")): com.reusableComponent.HighlightElement.run is PASSED

2023-06-23 14:38:12 - [MESSAGE][PASSED] - com.reusableComponent.HighlightElement.run is PASSED

2023-06-23 14:38:12 - [TEST_STEP][PASSED] - com.reusableComponent.HighlightElement.run(findTestObject("User/Page_Dashboard/Shareholder/UserListAll/th_Password Otp")): com.reusableComponent.HighlightElement.run is PASSED

2023-06-23 14:38:13 - [MESSAGE][PASSED] - com.reusableComponent.HighlightElement.run is PASSED

2023-06-23 14:38:13 - [TEST_STEP][PASSED] - com.reusableComponent.HighlightElement.run(findTestObject("User/Page_Dashboard/Shareholder/UserListAll/th_Phone Otp")): com.reusableComponent.HighlightElement.run is PASSED

2023-06-23 14:38:13 - [MESSAGE][PASSED] - com.reusableComponent.HighlightElement.run is PASSED

2023-06-23 14:38:13 - [TEST_STEP][PASSED] - com.reusableComponent.HighlightElement.run(findTestObject("User/Page_Dashboard/Shareholder/UserListAll/th_Last login IP")): com.reusableComponent.HighlightElement.run is PASSED

2023-06-23 14:38:14 - [MESSAGE][PASSED] - com.reusableComponent.HighlightElement.run is PASSED

2023-06-23 14:38:14 - [TEST_STEP][PASSED] - com.reusableComponent.HighlightElement.run(findTestObject("User/Page_Dashboard/Shareholder/UserListAll/th_Created Datetime")): com.reusableComponent.HighlightElement.run is PASSED

2023-06-23 14:38:14 - [MESSAGE][PASSED] - com.reusableComponent.HighlightElement.run is PASSED

2023-06-23 14:38:14 - [TEST_STEP][PASSED] - com.reusableComponent.HighlightElement.run(findTestObject("User/Page_Dashboard/Shareholder/UserListAll/th_Last login time")): com.reusableComponent.HighlightElement.run is PASSED

2023-06-23 14:38:14 - [MESSAGE][PASSED] - com.reusableComponent.HighlightElement.run is PASSED

2023-06-23 14:38:14 - [TEST_STEP][PASSED] - com.reusableComponent.HighlightElement.run(findTestObject("User/Page_Dashboard/Shareholder/UserListAll/th_App Type")): com.reusableComponent.HighlightElement.run is PASSED

2023-06-23 14:38:15 - [MESSAGE][PASSED] - com.reusableComponent.HighlightElement.run is PASSED

2023-06-23 14:38:15 - [TEST_STEP][PASSED] - com.reusableComponent.HighlightElement.run(findTestObject("User/Page_Dashboard/Shareholder/UserListAll/th_Action")): com.reusableComponent.HighlightElement.run is PASSED

2023-06-23 14:38:15 - [MESSAGE][PASSED] - com.reusableComponent.HighlightElement.run is PASSED

2023-06-23 14:38:15 - [TEST_STEP][PASSED] - com.reusableComponent.HighlightElement.run(findTestObject("User/Page_Dashboard/Shareholder/UserListAll/th_Upline")): com.reusableComponent.HighlightElement.run is PASSED

2023-06-23 14:38:16 - [MESSAGE][PASSED] - com.reusableComponent.HighlightElement.run is PASSED

2023-06-23 14:38:16 - [TEST_STEP][PASSED] - com.reusableComponent.HighlightElement.run(findTestObject("User/Page_Dashboard/Shareholder/UserListAll/th_Main Line")): com.reusableComponent.HighlightElement.run is PASSED

2023-06-23 14:38:16 - [MESSAGE][PASSED] - com.reusableComponent.HighlightElement.run is PASSED

2023-06-23 14:38:16 - [TEST_STEP][PASSED] - com.reusableComponent.HighlightElement.run(findTestObject("User/Page_Dashboard/Shareholder/UserListAll/tableUserList")): com.reusableComponent.HighlightElement.run is PASSED

2023-06-23 14:38:17 - [MESSAGE][PASSED] - com.reusableComponent.HighlightElement.run is PASSED

2023-06-23 14:38:17 - [TEST_STEP][PASSED] - verifyElementVisible(findTestObject("User/Page_Dashboard/Shareholder/UserListAll/th_No")): Object 'Object Repository/User/Page_Dashboard/Shareholder/UserListAll/th_No' is visible

2023-06-23 14:38:17 - [MESSAGE][PASSED] - Object 'Object Repository/User/Page_Dashboard/Shareholder/UserListAll/th_No' is visible

2023-06-23 14:38:17 - [TEST_STEP][PASSED] - verifyElementVisible(findTestObject("User/Page_Dashboard/Shareholder/UserListAll/th_Login Account")): Object 'Object Repository/User/Page_Dashboard/Shareholder/UserListAll/th_Login Account' is visible

2023-06-23 14:38:17 - [MESSAGE][PASSED] - Object 'Object Repository/User/Page_Dashboard/Shareholder/UserListAll/th_Login Account' is visible

2023-06-23 14:38:17 - [TEST_STEP][PASSED] - verifyElementVisible(findTestObject("User/Page_Dashboard/Shareholder/UserListAll/th_Full Name")): Object 'Object Repository/User/Page_Dashboard/Shareholder/UserListAll/th_Full Name' is visible

2023-06-23 14:38:18 - [MESSAGE][PASSED] - Object 'Object Repository/User/Page_Dashboard/Shareholder/UserListAll/th_Full Name' is visible

2023-06-23 14:38:18 - [TEST_STEP][PASSED] - verifyElementVisible(findTestObject("User/Page_Dashboard/Shareholder/UserListAll/th_Nickname")): Object 'Object Repository/User/Page_Dashboard/Shareholder/UserListAll/th_Nickname' is visible

2023-06-23 14:38:18 - [MESSAGE][PASSED] - Object 'Object Repository/User/Page_Dashboard/Shareholder/UserListAll/th_Nickname' is visible

2023-06-23 14:38:18 - [TEST_STEP][PASSED] - verifyElementVisible(findTestObject("User/Page_Dashboard/Shareholder/UserListAll/th_Currency")): Object 'Object Repository/User/Page_Dashboard/Shareholder/UserListAll/th_Currency' is visible

2023-06-23 14:38:19 - [MESSAGE][PASSED] - Object 'Object Repository/User/Page_Dashboard/Shareholder/UserListAll/th_Currency' is visible

2023-06-23 14:38:19 - [TEST_STEP][PASSED] - verifyElementVisible(findTestObject("User/Page_Dashboard/Shareholder/UserListAll/th_Role")): Object 'Object Repository/User/Page_Dashboard/Shareholder/UserListAll/th_Role' is visible

2023-06-23 14:38:19 - [MESSAGE][PASSED] - Object 'Object Repository/User/Page_Dashboard/Shareholder/UserListAll/th_Role' is visible

2023-06-23 14:38:19 - [TEST_STEP][PASSED] - verifyElementVisible(findTestObject("User/Page_Dashboard/Shareholder/UserListAll/th_Phone")): Object 'Object Repository/User/Page_Dashboard/Shareholder/UserListAll/th_Phone' is visible

2023-06-23 14:38:19 - [MESSAGE][PASSED] - Object 'Object Repository/User/Page_Dashboard/Shareholder/UserListAll/th_Phone' is visible

2023-06-23 14:38:19 - [TEST_STEP][PASSED] - verifyElementVisible(findTestObject("User/Page_Dashboard/Shareholder/UserListAll/th_Percentage")): Object 'Object Repository/User/Page_Dashboard/Shareholder/UserListAll/th_Percentage' is visible

2023-06-23 14:38:20 - [MESSAGE][PASSED] - Object 'Object Repository/User/Page_Dashboard/Shareholder/UserListAll/th_Percentage' is visible

2023-06-23 14:38:20 - [TEST_STEP][PASSED] - verifyElementVisible(findTestObject("User/Page_Dashboard/Shareholder/UserListAll/th_Status")): Object 'Object Repository/User/Page_Dashboard/Shareholder/UserListAll/th_Status' is visible

2023-06-23 14:38:20 - [MESSAGE][PASSED] - Object 'Object Repository/User/Page_Dashboard/Shareholder/UserListAll/th_Status' is visible

2023-06-23 14:38:20 - [TEST_STEP][PASSED] - verifyElementVisible(findTestObject("User/Page_Dashboard/Shareholder/UserListAll/th_Remarks")): Object 'Object Repository/User/Page_Dashboard/Shareholder/UserListAll/th_Remarks' is visible

2023-06-23 14:38:21 - [MESSAGE][PASSED] - Object 'Object Repository/User/Page_Dashboard/Shareholder/UserListAll/th_Remarks' is visible

2023-06-23 14:38:21 - [TEST_STEP][PASSED] - verifyElementVisible(findTestObject("User/Page_Dashboard/Shareholder/UserListAll/th_Cash")): Object 'Object Repository/User/Page_Dashboard/Shareholder/UserListAll/th_Cash' is visible

2023-06-23 14:38:21 - [MESSAGE][PASSED] - Object 'Object Repository/User/Page_Dashboard/Shareholder/UserListAll/th_Cash' is visible

2023-06-23 14:38:21 - [TEST_STEP][PASSED] - verifyElementVisible(findTestObject("User/Page_Dashboard/Shareholder/UserListAll/th_Password Otp")): Object 'Object Repository/User/Page_Dashboard/Shareholder/UserListAll/th_Password Otp' is visible

2023-06-23 14:38:21 - [MESSAGE][PASSED] - Object 'Object Repository/User/Page_Dashboard/Shareholder/UserListAll/th_Password Otp' is visible

2023-06-23 14:38:21 - [TEST_STEP][PASSED] - verifyElementVisible(findTestObject("User/Page_Dashboard/Shareholder/UserListAll/th_Phone Otp")): Object 'Object Repository/User/Page_Dashboard/Shareholder/UserListAll/th_Phone Otp' is visible

2023-06-23 14:38:22 - [MESSAGE][PASSED] - Object 'Object Repository/User/Page_Dashboard/Shareholder/UserListAll/th_Phone Otp' is visible

2023-06-23 14:38:22 - [TEST_STEP][PASSED] - verifyElementVisible(findTestObject("User/Page_Dashboard/Shareholder/UserListAll/th_Last login IP")): Object 'Object Repository/User/Page_Dashboard/Shareholder/UserListAll/th_Last login IP' is visible

2023-06-23 14:38:22 - [MESSAGE][PASSED] - Object 'Object Repository/User/Page_Dashboard/Shareholder/UserListAll/th_Last login IP' is visible

2023-06-23 14:38:22 - [TEST_STEP][PASSED] - verifyElementVisible(findTestObject("User/Page_Dashboard/Shareholder/UserListAll/th_Created Datetime")): Object 'Object Repository/User/Page_Dashboard/Shareholder/UserListAll/th_Created Datetime' is visible

2023-06-23 14:38:23 - [MESSAGE][PASSED] - Object 'Object Repository/User/Page_Dashboard/Shareholder/UserListAll/th_Created Datetime' is visible

2023-06-23 14:38:23 - [TEST_STEP][PASSED] - verifyElementVisible(findTestObject("User/Page_Dashboard/Shareholder/UserListAll/th_Last login time")): Object 'Object Repository/User/Page_Dashboard/Shareholder/UserListAll/th_Last login time' is visible

2023-06-23 14:38:23 - [MESSAGE][PASSED] - Object 'Object Repository/User/Page_Dashboard/Shareholder/UserListAll/th_Last login time' is visible

2023-06-23 14:38:23 - [TEST_STEP][PASSED] - verifyElementVisible(findTestObject("User/Page_Dashboard/Shareholder/UserListAll/th_App Type")): Object 'Object Repository/User/Page_Dashboard/Shareholder/UserListAll/th_App Type' is visible

2023-06-23 14:38:23 - [MESSAGE][PASSED] - Object 'Object Repository/User/Page_Dashboard/Shareholder/UserListAll/th_App Type' is visible

2023-06-23 14:38:23 - [TEST_STEP][PASSED] - verifyElementVisible(findTestObject("User/Page_Dashboard/Shareholder/UserListAll/th_Action")): Object 'Object Repository/User/Page_Dashboard/Shareholder/UserListAll/th_Action' is visible

2023-06-23 14:38:24 - [MESSAGE][PASSED] - Object 'Object Repository/User/Page_Dashboard/Shareholder/UserListAll/th_Action' is visible

2023-06-23 14:38:24 - [TEST_STEP][PASSED] - verifyElementVisible(findTestObject("User/Page_Dashboard/Shareholder/UserListAll/th_Upline")): Object 'Object Repository/User/Page_Dashboard/Shareholder/UserListAll/th_Upline' is visible

2023-06-23 14:38:24 - [MESSAGE][PASSED] - Object 'Object Repository/User/Page_Dashboard/Shareholder/UserListAll/th_Upline' is visible

2023-06-23 14:38:24 - [TEST_STEP][PASSED] - verifyElementVisible(findTestObject("User/Page_Dashboard/Shareholder/UserListAll/th_Main Line")): Object 'Object Repository/User/Page_Dashboard/Shareholder/UserListAll/th_Main Line' is visible

2023-06-23 14:38:25 - [MESSAGE][PASSED] - Object 'Object Repository/User/Page_Dashboard/Shareholder/UserListAll/th_Main Line' is visible

2023-06-23 14:38:25 - [TEST_STEP][PASSED] - verifyElementVisible(findTestObject("User/Page_Dashboard/Shareholder/UserListAll/tableUserList")): Object 'Object Repository/User/Page_Dashboard/Shareholder/UserListAll/tableUserList' is visible

2023-06-23 14:38:25 - [MESSAGE][PASSED] - Object 'Object Repository/User/Page_Dashboard/Shareholder/UserListAll/tableUserList' is visible]]></system-out>
         <system-err><![CDATA[]]></system-err>
      </testcase>
      <testcase name="Test Cases/User/Shareholder/List RMB" time="35.831" classname="Test Cases/User/Shareholder/List RMB" status="PASSED">
         <system-out><![CDATA[2023-06-23 14:38:25 - [TEST_CASE][PASSED] - Test Cases/User/Shareholder/List RMB: Test Cases/User/Shareholder/List RMB

2023-06-23 14:38:25 - [TEST_STEP][PASSED] - com.reusableComponent.HighlightElement.run(findTestObject("User/Page_Dashboard/Member/span_User")): com.reusableComponent.HighlightElement.run is PASSED

2023-06-23 14:38:26 - [MESSAGE][PASSED] - com.reusableComponent.HighlightElement.run is PASSED

2023-06-23 14:38:26 - [TEST_STEP][PASSED] - mouseOver(findTestObject("User/Page_Dashboard/Member/span_User")): Object: 'Object Repository/User/Page_Dashboard/Member/span_User' is hovered

2023-06-23 14:38:26 - [MESSAGE][PASSED] - Object: 'Object Repository/User/Page_Dashboard/Member/span_User' is hovered

2023-06-23 14:38:26 - [TEST_STEP][PASSED] - com.reusableComponent.HighlightElement.run(findTestObject("User/Page_Dashboard/Shareholder/span_List")): com.reusableComponent.HighlightElement.run is PASSED

2023-06-23 14:38:27 - [MESSAGE][PASSED] - com.reusableComponent.HighlightElement.run is PASSED

2023-06-23 14:38:27 - [TEST_STEP][PASSED] - mouseOver(findTestObject("User/Page_Dashboard/Shareholder/span_List")): Object: 'Object Repository/User/Page_Dashboard/Shareholder/span_List' is hovered

2023-06-23 14:38:27 - [MESSAGE][PASSED] - Object: 'Object Repository/User/Page_Dashboard/Shareholder/span_List' is hovered

2023-06-23 14:38:27 - [TEST_STEP][PASSED] - com.reusableComponent.HighlightElement.run(findTestObject("User/Page_Dashboard/Shareholder/UserListAll/span_RMB")): com.reusableComponent.HighlightElement.run is PASSED

2023-06-23 14:38:28 - [MESSAGE][PASSED] - com.reusableComponent.HighlightElement.run is PASSED

2023-06-23 14:38:28 - [TEST_STEP][PASSED] - mouseOver(findTestObject("User/Page_Dashboard/Shareholder/UserListAll/span_RMB")): Object: 'Object Repository/User/Page_Dashboard/Shareholder/UserListAll/span_RMB' is hovered

2023-06-23 14:38:28 - [MESSAGE][PASSED] - Object: 'Object Repository/User/Page_Dashboard/Shareholder/UserListAll/span_RMB' is hovered

2023-06-23 14:38:28 - [TEST_STEP][PASSED] - click(findTestObject("User/Page_Dashboard/Shareholder/UserListAll/span_RMB")): Object: 'Object Repository/User/Page_Dashboard/Shareholder/UserListAll/span_RMB' is clicked on

2023-06-23 14:38:31 - [MESSAGE][PASSED] - Object: 'Object Repository/User/Page_Dashboard/Shareholder/UserListAll/span_RMB' is clicked on

2023-06-23 14:38:31 - [TEST_STEP][PASSED] - com.reusableComponent.HighlightElement.run(findTestObject("User/Page_Dashboard/Shareholder/UserListAll/h3_User List")): com.reusableComponent.HighlightElement.run is PASSED

2023-06-23 14:38:32 - [MESSAGE][PASSED] - com.reusableComponent.HighlightElement.run is PASSED

2023-06-23 14:38:32 - [TEST_STEP][PASSED] - com.reusableComponent.HighlightElement.run(findTestObject("User/Page_Dashboard/Shareholder/UserListAll/input_Username_shareholder_username")): com.reusableComponent.HighlightElement.run is PASSED

2023-06-23 14:38:33 - [MESSAGE][PASSED] - com.reusableComponent.HighlightElement.run is PASSED

2023-06-23 14:38:33 - [TEST_STEP][PASSED] - com.reusableComponent.HighlightElement.run(findTestObject("User/Page_Dashboard/Shareholder/UserListAll/input_MPU_member_product_username")): com.reusableComponent.HighlightElement.run is PASSED

2023-06-23 14:38:33 - [MESSAGE][PASSED] - com.reusableComponent.HighlightElement.run is PASSED

2023-06-23 14:38:33 - [TEST_STEP][PASSED] - com.reusableComponent.HighlightElement.run(findTestObject("User/Page_Dashboard/Shareholder/UserListAll/selectLevel")): com.reusableComponent.HighlightElement.run is PASSED

2023-06-23 14:38:34 - [MESSAGE][PASSED] - com.reusableComponent.HighlightElement.run is PASSED

2023-06-23 14:38:34 - [TEST_STEP][PASSED] - com.reusableComponent.HighlightElement.run(findTestObject("User/Page_Dashboard/Shareholder/UserListAll/selectWallet")): com.reusableComponent.HighlightElement.run is PASSED

2023-06-23 14:38:34 - [MESSAGE][PASSED] - com.reusableComponent.HighlightElement.run is PASSED

2023-06-23 14:38:34 - [TEST_STEP][PASSED] - com.reusableComponent.HighlightElement.run(findTestObject("User/Page_Dashboard/Shareholder/UserListAll/button_Search")): com.reusableComponent.HighlightElement.run is PASSED

2023-06-23 14:38:35 - [MESSAGE][PASSED] - com.reusableComponent.HighlightElement.run is PASSED

2023-06-23 14:38:35 - [TEST_STEP][PASSED] - com.reusableComponent.HighlightElement.run(findTestObject("User/Page_Dashboard/Shareholder/UserListAll/button_Create Shareholder")): com.reusableComponent.HighlightElement.run is PASSED

2023-06-23 14:38:35 - [MESSAGE][PASSED] - com.reusableComponent.HighlightElement.run is PASSED

2023-06-23 14:38:35 - [TEST_STEP][PASSED] - verifyElementVisible(findTestObject("User/Page_Dashboard/Shareholder/UserListAll/h3_User List")): Object 'Object Repository/User/Page_Dashboard/Shareholder/UserListAll/h3_User List' is visible

2023-06-23 14:38:36 - [MESSAGE][PASSED] - Object 'Object Repository/User/Page_Dashboard/Shareholder/UserListAll/h3_User List' is visible

2023-06-23 14:38:36 - [TEST_STEP][PASSED] - verifyElementVisible(findTestObject("User/Page_Dashboard/Shareholder/UserListAll/input_Username_shareholder_username")): Object 'Object Repository/User/Page_Dashboard/Shareholder/UserListAll/input_Username_shareholder_username' is visible

2023-06-23 14:38:36 - [MESSAGE][PASSED] - Object 'Object Repository/User/Page_Dashboard/Shareholder/UserListAll/input_Username_shareholder_username' is visible

2023-06-23 14:38:36 - [TEST_STEP][PASSED] - verifyElementVisible(findTestObject("User/Page_Dashboard/Shareholder/UserListAll/input_MPU_member_product_username")): Object 'Object Repository/User/Page_Dashboard/Shareholder/UserListAll/input_MPU_member_product_username' is visible

2023-06-23 14:38:37 - [MESSAGE][PASSED] - Object 'Object Repository/User/Page_Dashboard/Shareholder/UserListAll/input_MPU_member_product_username' is visible

2023-06-23 14:38:37 - [TEST_STEP][PASSED] - verifyElementVisible(findTestObject("User/Page_Dashboard/Shareholder/UserListAll/selectLevel")): Object 'Object Repository/User/Page_Dashboard/Shareholder/UserListAll/selectLevel' is visible

2023-06-23 14:38:37 - [MESSAGE][PASSED] - Object 'Object Repository/User/Page_Dashboard/Shareholder/UserListAll/selectLevel' is visible

2023-06-23 14:38:37 - [TEST_STEP][PASSED] - verifyElementVisible(findTestObject("User/Page_Dashboard/Shareholder/UserListAll/selectWallet")): Object 'Object Repository/User/Page_Dashboard/Shareholder/UserListAll/selectWallet' is visible

2023-06-23 14:38:37 - [MESSAGE][PASSED] - Object 'Object Repository/User/Page_Dashboard/Shareholder/UserListAll/selectWallet' is visible

2023-06-23 14:38:37 - [TEST_STEP][PASSED] - verifyElementVisible(findTestObject("User/Page_Dashboard/Shareholder/UserListAll/button_Search")): Object 'Object Repository/User/Page_Dashboard/Shareholder/UserListAll/button_Search' is visible

2023-06-23 14:38:38 - [MESSAGE][PASSED] - Object 'Object Repository/User/Page_Dashboard/Shareholder/UserListAll/button_Search' is visible

2023-06-23 14:38:38 - [TEST_STEP][PASSED] - verifyElementVisible(findTestObject("User/Page_Dashboard/Shareholder/UserListAll/button_Create Shareholder")): Object 'Object Repository/User/Page_Dashboard/Shareholder/UserListAll/button_Create Shareholder' is visible

2023-06-23 14:38:38 - [MESSAGE][PASSED] - Object 'Object Repository/User/Page_Dashboard/Shareholder/UserListAll/button_Create Shareholder' is visible

2023-06-23 14:38:38 - [TEST_STEP][PASSED] - com.reusableComponent.HighlightElement.run(findTestObject("User/Page_Dashboard/Shareholder/UserListAll/select_102550100")): com.reusableComponent.HighlightElement.run is PASSED

2023-06-23 14:38:39 - [MESSAGE][PASSED] - com.reusableComponent.HighlightElement.run is PASSED

2023-06-23 14:38:39 - [TEST_STEP][PASSED] - com.reusableComponent.HighlightElement.run(findTestObject("User/Page_Dashboard/Shareholder/UserListAll/span_Copy")): com.reusableComponent.HighlightElement.run is PASSED

2023-06-23 14:38:39 - [MESSAGE][PASSED] - com.reusableComponent.HighlightElement.run is PASSED

2023-06-23 14:38:39 - [TEST_STEP][PASSED] - com.reusableComponent.HighlightElement.run(findTestObject("User/Page_Dashboard/Shareholder/UserListAll/span_CSV")): com.reusableComponent.HighlightElement.run is PASSED

2023-06-23 14:38:40 - [MESSAGE][PASSED] - com.reusableComponent.HighlightElement.run is PASSED

2023-06-23 14:38:40 - [TEST_STEP][PASSED] - com.reusableComponent.HighlightElement.run(findTestObject("User/Page_Dashboard/Shareholder/UserListAll/span_Excel")): com.reusableComponent.HighlightElement.run is PASSED

2023-06-23 14:38:40 - [MESSAGE][PASSED] - com.reusableComponent.HighlightElement.run is PASSED

2023-06-23 14:38:40 - [TEST_STEP][PASSED] - com.reusableComponent.HighlightElement.run(findTestObject("User/Page_Dashboard/Shareholder/UserListAll/span_PDF")): com.reusableComponent.HighlightElement.run is PASSED

2023-06-23 14:38:41 - [MESSAGE][PASSED] - com.reusableComponent.HighlightElement.run is PASSED

2023-06-23 14:38:41 - [TEST_STEP][PASSED] - verifyElementVisible(findTestObject("User/Page_Dashboard/Shareholder/UserListAll/span_Copy")): Object 'Object Repository/User/Page_Dashboard/Shareholder/UserListAll/span_Copy' is visible

2023-06-23 14:38:41 - [MESSAGE][PASSED] - Object 'Object Repository/User/Page_Dashboard/Shareholder/UserListAll/span_Copy' is visible

2023-06-23 14:38:41 - [TEST_STEP][PASSED] - verifyElementVisible(findTestObject("User/Page_Dashboard/Shareholder/UserListAll/span_CSV")): Object 'Object Repository/User/Page_Dashboard/Shareholder/UserListAll/span_CSV' is visible

2023-06-23 14:38:41 - [MESSAGE][PASSED] - Object 'Object Repository/User/Page_Dashboard/Shareholder/UserListAll/span_CSV' is visible

2023-06-23 14:38:41 - [TEST_STEP][PASSED] - verifyElementVisible(findTestObject("User/Page_Dashboard/Shareholder/UserListAll/span_Excel")): Object 'Object Repository/User/Page_Dashboard/Shareholder/UserListAll/span_Excel' is visible

2023-06-23 14:38:42 - [MESSAGE][PASSED] - Object 'Object Repository/User/Page_Dashboard/Shareholder/UserListAll/span_Excel' is visible

2023-06-23 14:38:42 - [TEST_STEP][PASSED] - verifyElementVisible(findTestObject("User/Page_Dashboard/Shareholder/UserListAll/span_PDF")): Object 'Object Repository/User/Page_Dashboard/Shareholder/UserListAll/span_PDF' is visible

2023-06-23 14:38:42 - [MESSAGE][PASSED] - Object 'Object Repository/User/Page_Dashboard/Shareholder/UserListAll/span_PDF' is visible

2023-06-23 14:38:42 - [TEST_STEP][PASSED] - com.reusableComponent.HighlightElement.run(findTestObject("User/Page_Dashboard/Shareholder/UserListAll/input_Search_form-control form-control-sm")): com.reusableComponent.HighlightElement.run is PASSED

2023-06-23 14:38:43 - [MESSAGE][PASSED] - com.reusableComponent.HighlightElement.run is PASSED

2023-06-23 14:38:43 - [TEST_STEP][PASSED] - verifyElementVisible(findTestObject("User/Page_Dashboard/Shareholder/UserListAll/input_Search_form-control form-control-sm")): Object 'Object Repository/User/Page_Dashboard/Shareholder/UserListAll/input_Search_form-control form-control-sm' is visible

2023-06-23 14:38:43 - [MESSAGE][PASSED] - Object 'Object Repository/User/Page_Dashboard/Shareholder/UserListAll/input_Search_form-control form-control-sm' is visible

2023-06-23 14:38:43 - [TEST_STEP][PASSED] - com.reusableComponent.HighlightElement.run(findTestObject("User/Page_Dashboard/Shareholder/UserListAll/th_No")): com.reusableComponent.HighlightElement.run is PASSED

2023-06-23 14:38:44 - [MESSAGE][PASSED] - com.reusableComponent.HighlightElement.run is PASSED

2023-06-23 14:38:44 - [TEST_STEP][PASSED] - com.reusableComponent.HighlightElement.run(findTestObject("User/Page_Dashboard/Shareholder/UserListAll/th_Login Account")): com.reusableComponent.HighlightElement.run is PASSED

2023-06-23 14:38:44 - [MESSAGE][PASSED] - com.reusableComponent.HighlightElement.run is PASSED

2023-06-23 14:38:44 - [TEST_STEP][PASSED] - com.reusableComponent.HighlightElement.run(findTestObject("User/Page_Dashboard/Shareholder/UserListAll/th_Full Name")): com.reusableComponent.HighlightElement.run is PASSED

2023-06-23 14:38:44 - [MESSAGE][PASSED] - com.reusableComponent.HighlightElement.run is PASSED

2023-06-23 14:38:44 - [TEST_STEP][PASSED] - com.reusableComponent.HighlightElement.run(findTestObject("User/Page_Dashboard/Shareholder/UserListAll/th_Nickname")): com.reusableComponent.HighlightElement.run is PASSED

2023-06-23 14:38:45 - [MESSAGE][PASSED] - com.reusableComponent.HighlightElement.run is PASSED

2023-06-23 14:38:45 - [TEST_STEP][PASSED] - com.reusableComponent.HighlightElement.run(findTestObject("User/Page_Dashboard/Shareholder/UserListAll/th_Currency")): com.reusableComponent.HighlightElement.run is PASSED

2023-06-23 14:38:45 - [MESSAGE][PASSED] - com.reusableComponent.HighlightElement.run is PASSED

2023-06-23 14:38:45 - [TEST_STEP][PASSED] - com.reusableComponent.HighlightElement.run(findTestObject("User/Page_Dashboard/Shareholder/UserListAll/th_Role")): com.reusableComponent.HighlightElement.run is PASSED

2023-06-23 14:38:46 - [MESSAGE][PASSED] - com.reusableComponent.HighlightElement.run is PASSED

2023-06-23 14:38:46 - [TEST_STEP][PASSED] - com.reusableComponent.HighlightElement.run(findTestObject("User/Page_Dashboard/Shareholder/UserListAll/th_Phone")): com.reusableComponent.HighlightElement.run is PASSED

2023-06-23 14:38:46 - [MESSAGE][PASSED] - com.reusableComponent.HighlightElement.run is PASSED

2023-06-23 14:38:46 - [TEST_STEP][PASSED] - com.reusableComponent.HighlightElement.run(findTestObject("User/Page_Dashboard/Shareholder/UserListAll/th_Percentage")): com.reusableComponent.HighlightElement.run is PASSED

2023-06-23 14:38:47 - [MESSAGE][PASSED] - com.reusableComponent.HighlightElement.run is PASSED

2023-06-23 14:38:47 - [TEST_STEP][PASSED] - com.reusableComponent.HighlightElement.run(findTestObject("User/Page_Dashboard/Shareholder/UserListAll/th_Status")): com.reusableComponent.HighlightElement.run is PASSED

2023-06-23 14:38:47 - [MESSAGE][PASSED] - com.reusableComponent.HighlightElement.run is PASSED

2023-06-23 14:38:47 - [TEST_STEP][PASSED] - com.reusableComponent.HighlightElement.run(findTestObject("User/Page_Dashboard/Shareholder/UserListAll/th_Remarks")): com.reusableComponent.HighlightElement.run is PASSED

2023-06-23 14:38:48 - [MESSAGE][PASSED] - com.reusableComponent.HighlightElement.run is PASSED

2023-06-23 14:38:48 - [TEST_STEP][PASSED] - com.reusableComponent.HighlightElement.run(findTestObject("User/Page_Dashboard/Shareholder/UserListAll/th_Cash")): com.reusableComponent.HighlightElement.run is PASSED

2023-06-23 14:38:48 - [MESSAGE][PASSED] - com.reusableComponent.HighlightElement.run is PASSED

2023-06-23 14:38:48 - [TEST_STEP][PASSED] - com.reusableComponent.HighlightElement.run(findTestObject("User/Page_Dashboard/Shareholder/UserListAll/th_Password Otp")): com.reusableComponent.HighlightElement.run is PASSED

2023-06-23 14:38:48 - [MESSAGE][PASSED] - com.reusableComponent.HighlightElement.run is PASSED

2023-06-23 14:38:48 - [TEST_STEP][PASSED] - com.reusableComponent.HighlightElement.run(findTestObject("User/Page_Dashboard/Shareholder/UserListAll/th_Phone Otp")): com.reusableComponent.HighlightElement.run is PASSED

2023-06-23 14:38:49 - [MESSAGE][PASSED] - com.reusableComponent.HighlightElement.run is PASSED

2023-06-23 14:38:49 - [TEST_STEP][PASSED] - com.reusableComponent.HighlightElement.run(findTestObject("User/Page_Dashboard/Shareholder/UserListAll/th_Last login IP")): com.reusableComponent.HighlightElement.run is PASSED

2023-06-23 14:38:49 - [MESSAGE][PASSED] - com.reusableComponent.HighlightElement.run is PASSED

2023-06-23 14:38:49 - [TEST_STEP][PASSED] - com.reusableComponent.HighlightElement.run(findTestObject("User/Page_Dashboard/Shareholder/UserListAll/th_Created Datetime")): com.reusableComponent.HighlightElement.run is PASSED

2023-06-23 14:38:50 - [MESSAGE][PASSED] - com.reusableComponent.HighlightElement.run is PASSED

2023-06-23 14:38:50 - [TEST_STEP][PASSED] - com.reusableComponent.HighlightElement.run(findTestObject("User/Page_Dashboard/Shareholder/UserListAll/th_Last login time")): com.reusableComponent.HighlightElement.run is PASSED

2023-06-23 14:38:50 - [MESSAGE][PASSED] - com.reusableComponent.HighlightElement.run is PASSED

2023-06-23 14:38:50 - [TEST_STEP][PASSED] - com.reusableComponent.HighlightElement.run(findTestObject("User/Page_Dashboard/Shareholder/UserListAll/th_App Type")): com.reusableComponent.HighlightElement.run is PASSED

2023-06-23 14:38:51 - [MESSAGE][PASSED] - com.reusableComponent.HighlightElement.run is PASSED

2023-06-23 14:38:51 - [TEST_STEP][PASSED] - com.reusableComponent.HighlightElement.run(findTestObject("User/Page_Dashboard/Shareholder/UserListAll/th_Action")): com.reusableComponent.HighlightElement.run is PASSED

2023-06-23 14:38:51 - [MESSAGE][PASSED] - com.reusableComponent.HighlightElement.run is PASSED

2023-06-23 14:38:51 - [TEST_STEP][PASSED] - com.reusableComponent.HighlightElement.run(findTestObject("User/Page_Dashboard/Shareholder/UserListAll/th_Upline")): com.reusableComponent.HighlightElement.run is PASSED

2023-06-23 14:38:52 - [MESSAGE][PASSED] - com.reusableComponent.HighlightElement.run is PASSED

2023-06-23 14:38:52 - [TEST_STEP][PASSED] - com.reusableComponent.HighlightElement.run(findTestObject("User/Page_Dashboard/Shareholder/UserListAll/th_Main Line")): com.reusableComponent.HighlightElement.run is PASSED

2023-06-23 14:38:52 - [MESSAGE][PASSED] - com.reusableComponent.HighlightElement.run is PASSED

2023-06-23 14:38:52 - [TEST_STEP][PASSED] - com.reusableComponent.HighlightElement.run(findTestObject("User/Page_Dashboard/Shareholder/UserListAll/tableUserList")): com.reusableComponent.HighlightElement.run is PASSED

2023-06-23 14:38:52 - [MESSAGE][PASSED] - com.reusableComponent.HighlightElement.run is PASSED

2023-06-23 14:38:52 - [TEST_STEP][PASSED] - verifyElementVisible(findTestObject("User/Page_Dashboard/Shareholder/UserListAll/th_No")): Object 'Object Repository/User/Page_Dashboard/Shareholder/UserListAll/th_No' is visible

2023-06-23 14:38:53 - [MESSAGE][PASSED] - Object 'Object Repository/User/Page_Dashboard/Shareholder/UserListAll/th_No' is visible

2023-06-23 14:38:53 - [TEST_STEP][PASSED] - verifyElementVisible(findTestObject("User/Page_Dashboard/Shareholder/UserListAll/th_Login Account")): Object 'Object Repository/User/Page_Dashboard/Shareholder/UserListAll/th_Login Account' is visible

2023-06-23 14:38:53 - [MESSAGE][PASSED] - Object 'Object Repository/User/Page_Dashboard/Shareholder/UserListAll/th_Login Account' is visible

2023-06-23 14:38:53 - [TEST_STEP][PASSED] - verifyElementVisible(findTestObject("User/Page_Dashboard/Shareholder/UserListAll/th_Full Name")): Object 'Object Repository/User/Page_Dashboard/Shareholder/UserListAll/th_Full Name' is visible

2023-06-23 14:38:54 - [MESSAGE][PASSED] - Object 'Object Repository/User/Page_Dashboard/Shareholder/UserListAll/th_Full Name' is visible

2023-06-23 14:38:54 - [TEST_STEP][PASSED] - verifyElementVisible(findTestObject("User/Page_Dashboard/Shareholder/UserListAll/th_Nickname")): Object 'Object Repository/User/Page_Dashboard/Shareholder/UserListAll/th_Nickname' is visible

2023-06-23 14:38:54 - [MESSAGE][PASSED] - Object 'Object Repository/User/Page_Dashboard/Shareholder/UserListAll/th_Nickname' is visible

2023-06-23 14:38:54 - [TEST_STEP][PASSED] - verifyElementVisible(findTestObject("User/Page_Dashboard/Shareholder/UserListAll/th_Currency")): Object 'Object Repository/User/Page_Dashboard/Shareholder/UserListAll/th_Currency' is visible

2023-06-23 14:38:54 - [MESSAGE][PASSED] - Object 'Object Repository/User/Page_Dashboard/Shareholder/UserListAll/th_Currency' is visible

2023-06-23 14:38:54 - [TEST_STEP][PASSED] - verifyElementVisible(findTestObject("User/Page_Dashboard/Shareholder/UserListAll/th_Role")): Object 'Object Repository/User/Page_Dashboard/Shareholder/UserListAll/th_Role' is visible

2023-06-23 14:38:55 - [MESSAGE][PASSED] - Object 'Object Repository/User/Page_Dashboard/Shareholder/UserListAll/th_Role' is visible

2023-06-23 14:38:55 - [TEST_STEP][PASSED] - verifyElementVisible(findTestObject("User/Page_Dashboard/Shareholder/UserListAll/th_Phone")): Object 'Object Repository/User/Page_Dashboard/Shareholder/UserListAll/th_Phone' is visible

2023-06-23 14:38:55 - [MESSAGE][PASSED] - Object 'Object Repository/User/Page_Dashboard/Shareholder/UserListAll/th_Phone' is visible

2023-06-23 14:38:55 - [TEST_STEP][PASSED] - verifyElementVisible(findTestObject("User/Page_Dashboard/Shareholder/UserListAll/th_Percentage")): Object 'Object Repository/User/Page_Dashboard/Shareholder/UserListAll/th_Percentage' is visible

2023-06-23 14:38:56 - [MESSAGE][PASSED] - Object 'Object Repository/User/Page_Dashboard/Shareholder/UserListAll/th_Percentage' is visible

2023-06-23 14:38:56 - [TEST_STEP][PASSED] - verifyElementVisible(findTestObject("User/Page_Dashboard/Shareholder/UserListAll/th_Status")): Object 'Object Repository/User/Page_Dashboard/Shareholder/UserListAll/th_Status' is visible

2023-06-23 14:38:56 - [MESSAGE][PASSED] - Object 'Object Repository/User/Page_Dashboard/Shareholder/UserListAll/th_Status' is visible

2023-06-23 14:38:56 - [TEST_STEP][PASSED] - verifyElementVisible(findTestObject("User/Page_Dashboard/Shareholder/UserListAll/th_Remarks")): Object 'Object Repository/User/Page_Dashboard/Shareholder/UserListAll/th_Remarks' is visible

2023-06-23 14:38:56 - [MESSAGE][PASSED] - Object 'Object Repository/User/Page_Dashboard/Shareholder/UserListAll/th_Remarks' is visible

2023-06-23 14:38:56 - [TEST_STEP][PASSED] - verifyElementVisible(findTestObject("User/Page_Dashboard/Shareholder/UserListAll/th_Cash")): Object 'Object Repository/User/Page_Dashboard/Shareholder/UserListAll/th_Cash' is visible

2023-06-23 14:38:57 - [MESSAGE][PASSED] - Object 'Object Repository/User/Page_Dashboard/Shareholder/UserListAll/th_Cash' is visible

2023-06-23 14:38:57 - [TEST_STEP][PASSED] - verifyElementVisible(findTestObject("User/Page_Dashboard/Shareholder/UserListAll/th_Password Otp")): Object 'Object Repository/User/Page_Dashboard/Shareholder/UserListAll/th_Password Otp' is visible

2023-06-23 14:38:57 - [MESSAGE][PASSED] - Object 'Object Repository/User/Page_Dashboard/Shareholder/UserListAll/th_Password Otp' is visible

2023-06-23 14:38:57 - [TEST_STEP][PASSED] - verifyElementVisible(findTestObject("User/Page_Dashboard/Shareholder/UserListAll/th_Phone Otp")): Object 'Object Repository/User/Page_Dashboard/Shareholder/UserListAll/th_Phone Otp' is visible

2023-06-23 14:38:58 - [MESSAGE][PASSED] - Object 'Object Repository/User/Page_Dashboard/Shareholder/UserListAll/th_Phone Otp' is visible

2023-06-23 14:38:58 - [TEST_STEP][PASSED] - verifyElementVisible(findTestObject("User/Page_Dashboard/Shareholder/UserListAll/th_Last login IP")): Object 'Object Repository/User/Page_Dashboard/Shareholder/UserListAll/th_Last login IP' is visible

2023-06-23 14:38:58 - [MESSAGE][PASSED] - Object 'Object Repository/User/Page_Dashboard/Shareholder/UserListAll/th_Last login IP' is visible

2023-06-23 14:38:58 - [TEST_STEP][PASSED] - verifyElementVisible(findTestObject("User/Page_Dashboard/Shareholder/UserListAll/th_Created Datetime")): Object 'Object Repository/User/Page_Dashboard/Shareholder/UserListAll/th_Created Datetime' is visible

2023-06-23 14:38:58 - [MESSAGE][PASSED] - Object 'Object Repository/User/Page_Dashboard/Shareholder/UserListAll/th_Created Datetime' is visible

2023-06-23 14:38:58 - [TEST_STEP][PASSED] - verifyElementVisible(findTestObject("User/Page_Dashboard/Shareholder/UserListAll/th_Last login time")): Object 'Object Repository/User/Page_Dashboard/Shareholder/UserListAll/th_Last login time' is visible

2023-06-23 14:38:59 - [MESSAGE][PASSED] - Object 'Object Repository/User/Page_Dashboard/Shareholder/UserListAll/th_Last login time' is visible

2023-06-23 14:38:59 - [TEST_STEP][PASSED] - verifyElementVisible(findTestObject("User/Page_Dashboard/Shareholder/UserListAll/th_App Type")): Object 'Object Repository/User/Page_Dashboard/Shareholder/UserListAll/th_App Type' is visible

2023-06-23 14:38:59 - [MESSAGE][PASSED] - Object 'Object Repository/User/Page_Dashboard/Shareholder/UserListAll/th_App Type' is visible

2023-06-23 14:38:59 - [TEST_STEP][PASSED] - verifyElementVisible(findTestObject("User/Page_Dashboard/Shareholder/UserListAll/th_Action")): Object 'Object Repository/User/Page_Dashboard/Shareholder/UserListAll/th_Action' is visible

2023-06-23 14:39:00 - [MESSAGE][PASSED] - Object 'Object Repository/User/Page_Dashboard/Shareholder/UserListAll/th_Action' is visible

2023-06-23 14:39:00 - [TEST_STEP][PASSED] - verifyElementVisible(findTestObject("User/Page_Dashboard/Shareholder/UserListAll/th_Upline")): Object 'Object Repository/User/Page_Dashboard/Shareholder/UserListAll/th_Upline' is visible

2023-06-23 14:39:00 - [MESSAGE][PASSED] - Object 'Object Repository/User/Page_Dashboard/Shareholder/UserListAll/th_Upline' is visible

2023-06-23 14:39:00 - [TEST_STEP][PASSED] - verifyElementVisible(findTestObject("User/Page_Dashboard/Shareholder/UserListAll/th_Main Line")): Object 'Object Repository/User/Page_Dashboard/Shareholder/UserListAll/th_Main Line' is visible

2023-06-23 14:39:00 - [MESSAGE][PASSED] - Object 'Object Repository/User/Page_Dashboard/Shareholder/UserListAll/th_Main Line' is visible

2023-06-23 14:39:00 - [TEST_STEP][PASSED] - verifyElementVisible(findTestObject("User/Page_Dashboard/Shareholder/UserListAll/tableUserList")): Object 'Object Repository/User/Page_Dashboard/Shareholder/UserListAll/tableUserList' is visible

2023-06-23 14:39:01 - [MESSAGE][PASSED] - Object 'Object Repository/User/Page_Dashboard/Shareholder/UserListAll/tableUserList' is visible]]></system-out>
         <system-err><![CDATA[]]></system-err>
      </testcase>
      <system-out><![CDATA[2023-06-23 14:34:55 - [TEST_SUITE][PASSED] - Smoke: Test Cases/User/Shareholder/List RMB]]></system-out>
      <system-err><![CDATA[]]></system-err>
   </testsuite>
</testsuites>
