<?xml version="1.0" encoding="UTF-8"?>
<testsuites name="Smoke" time="31.728" tests="3" failures="0" errors="0">
   <testsuite name="Smoke" tests="3" failures="0" errors="0" time="31.728" skipped="0" timestamp="2023-06-09 20:01:18" hostname="hmacagba - PHPF1FXV0U.CSCMWS.CSCMWS.COM" id="Test Suites/Smoke">
      <properties>
         <property name="deviceName" value=""/>
         <property name="devicePlatform" value=""/>
         <property name="logFolder" value="C:\\Users\\hmacagba\\git\\AutomatedScripts\\Reports\\20230609_200107\\Smoke\\20230609_200107"/>
         <property name="logFiles" value="C:\\Users\\hmacagba\\git\\AutomatedScripts\\Reports\\20230609_200107\\Smoke\\20230609_200107\\execution0.log"/>
         <property name="attachments" value=""/>
         <property name="hostName" value="hmacagba - PHPF1FXV0U.CSCMWS.CSCMWS.COM"/>
         <property name="os" value="Windows 10 64bit"/>
         <property name="katalonVersion" value="8.6.5.208"/>
         <property name="browser" value="Chrome 114.0.0.0"/>
         <property name="hostAddress" value="192.168.68.103"/>
         <property name="sessionId" value="bad35bede89d05b37857bb3a2365d81b"/>
         <property name="seleniumVersion" value="3.141.59"/>
         <property name="proxyInformation" value="ProxyInformation { proxyOption=NO_PROXY, proxyServerType=HTTP, username=, password=********, proxyServerAddress=, proxyServerPort=0, executionList=&quot;&quot;, isApplyToDesiredCapabilities=true }"/>
         <property name="platform" value="Windows 10"/>
      </properties>
      <testcase name="Test Cases/Sub Admin/List" time="23.495" classname="Test Cases/Sub Admin/List" status="PASSED">
         <system-out><![CDATA[2023-06-09 20:01:18 - [TEST_CASE][PASSED] - Test Cases/Sub Admin/List: Test Cases/Sub Admin/List

2023-06-09 20:01:19 - [TEST_STEP][PASSED] - callTestCase(findTestCase("Login Admin"), [:], STOP_ON_FAILURE): Call Test Case 'Test Cases/Login Admin' successfully

2023-06-09 20:01:19 - [TEST_CASE][PASSED] - Test Cases/Login Admin: Test Cases/Login Admin

2023-06-09 20:01:20 - [TEST_STEP][PASSED] - openBrowser(""): Browser is opened with url: ''

2023-06-09 20:01:20 - [MESSAGE][INFO] - Starting 'Chrome' driver

2023-06-09 20:01:21 - [MESSAGE][INFO] - Action delay is set to 0 milliseconds

2023-06-09 20:01:25 - [MESSAGE][PASSED] - Browser is opened with url: ''

2023-06-09 20:01:25 - [TEST_STEP][PASSED] - maximizeWindow(): Current window maximized

2023-06-09 20:01:25 - [MESSAGE][PASSED] - Current window maximized

2023-06-09 20:01:25 - [TEST_STEP][PASSED] - navigateToUrl(URL): Navigate to 'http://admin.lkydev.site' successfully

2023-06-09 20:01:29 - [MESSAGE][PASSED] - Navigate to 'http://admin.lkydev.site' successfully

2023-06-09 20:01:29 - [TEST_STEP][PASSED] - verifyElementText(findTestObject("Object Repository/Login/Page_SUNCITY - Login/h3_Sign In To Admin System"), "Sign In To Admin System"): Actual text and expected text of test object 'Object Repository/Login/Page_SUNCITY - Login/h3_Sign In To Admin System' are matched.

2023-06-09 20:01:30 - [MESSAGE][PASSED] - Actual text and expected text of test object 'Object Repository/Login/Page_SUNCITY - Login/h3_Sign In To Admin System' are matched.

2023-06-09 20:01:30 - [TEST_STEP][PASSED] - com.reusableComponent.HighlightElement.run(findTestObject("Login/Page_SUNCITY - Login/h3_Sign In To Admin System")): com.reusableComponent.HighlightElement.run is PASSED

2023-06-09 20:01:31 - [MESSAGE][PASSED] - com.reusableComponent.HighlightElement.run is PASSED

2023-06-09 20:01:31 - [TEST_STEP][PASSED] - setText(findTestObject("Object Repository/Login/Page_SUNCITY - Login/input_Sign In To Admin System_username"), Username): Text 'devbot' is set on object 'Object Repository/Login/Page_SUNCITY - Login/input_Sign In To Admin System_username'

2023-06-09 20:01:31 - [MESSAGE][PASSED] - Text 'devbot' is set on object 'Object Repository/Login/Page_SUNCITY - Login/input_Sign In To Admin System_username'

2023-06-09 20:01:31 - [TEST_STEP][PASSED] - setText(findTestObject("Object Repository/Login/Page_SUNCITY - Login/input_Sign In To Admin System_password"), Password): Text '77889900' is set on object 'Object Repository/Login/Page_SUNCITY - Login/input_Sign In To Admin System_password'

2023-06-09 20:01:32 - [MESSAGE][PASSED] - Text '77889900' is set on object 'Object Repository/Login/Page_SUNCITY - Login/input_Sign In To Admin System_password'

2023-06-09 20:01:32 - [TEST_STEP][PASSED] - click(findTestObject("Object Repository/Login/Page_SUNCITY - Login/button_Next")): Object: 'Object Repository/Login/Page_SUNCITY - Login/button_Next' is clicked on

2023-06-09 20:01:33 - [MESSAGE][PASSED] - Object: 'Object Repository/Login/Page_SUNCITY - Login/button_Next' is clicked on

2023-06-09 20:01:33 - [TEST_STEP][PASSED] - setText(findTestObject("Object Repository/Login/Page_SUNCITY - Login/input_Next_verificationCode"), VerificationCode): Text '778899' is set on object 'Object Repository/Login/Page_SUNCITY - Login/input_Next_verificationCode'

2023-06-09 20:01:35 - [MESSAGE][PASSED] - Text '778899' is set on object 'Object Repository/Login/Page_SUNCITY - Login/input_Next_verificationCode'

2023-06-09 20:01:35 - [TEST_STEP][PASSED] - click(findTestObject("Object Repository/Login/Page_SUNCITY - Login/button_Sign In")): Object: 'Object Repository/Login/Page_SUNCITY - Login/button_Sign In' is clicked on

2023-06-09 20:01:35 - [MESSAGE][PASSED] - Object: 'Object Repository/Login/Page_SUNCITY - Login/button_Sign In' is clicked on

2023-06-09 20:01:35 - [TEST_STEP][PASSED] - click(findTestObject("Object Repository/Login/Page_Dashboard/h2_Login Success")): Object: 'Object Repository/Login/Page_Dashboard/h2_Login Success' is clicked on

2023-06-09 20:01:37 - [MESSAGE][PASSED] - Object: 'Object Repository/Login/Page_Dashboard/h2_Login Success' is clicked on

2023-06-09 20:01:37 - [TEST_STEP][PASSED] - click(findTestObject("Object Repository/Login/Page_Dashboard/button_OK")): Object: 'Object Repository/Login/Page_Dashboard/button_OK' is clicked on

2023-06-09 20:01:38 - [MESSAGE][PASSED] - Object: 'Object Repository/Login/Page_Dashboard/button_OK' is clicked on

2023-06-09 20:01:38 - [MESSAGE][PASSED] - Call Test Case 'Test Cases/Login Admin' successfully

2023-06-09 20:01:38 - [TEST_STEP][PASSED] - mouseOver(findTestObject("Sub Admin/Page_Dashboard/span_Sub-Admin")): Object: 'Object Repository/Sub Admin/Page_Dashboard/span_Sub-Admin' is hovered

2023-06-09 20:01:39 - [MESSAGE][PASSED] - Object: 'Object Repository/Sub Admin/Page_Dashboard/span_Sub-Admin' is hovered

2023-06-09 20:01:39 - [TEST_STEP][PASSED] - mouseOver(findTestObject("Sub Admin/Page_Dashboard/span_List")): Object: 'Object Repository/Sub Admin/Page_Dashboard/span_List' is hovered

2023-06-09 20:01:39 - [MESSAGE][PASSED] - Object: 'Object Repository/Sub Admin/Page_Dashboard/span_List' is hovered

2023-06-09 20:01:39 - [TEST_STEP][PASSED] - click(findTestObject("Sub Admin/Page_Dashboard/span_List")): Object: 'Object Repository/Sub Admin/Page_Dashboard/span_List' is clicked on

2023-06-09 20:01:42 - [MESSAGE][PASSED] - Object: 'Object Repository/Sub Admin/Page_Dashboard/span_List' is clicked on]]></system-out>
         <system-err><![CDATA[]]></system-err>
      </testcase>
      <testcase name="Test Cases/Sub Admin/Create" time="4.008" classname="Test Cases/Sub Admin/Create" status="PASSED">
         <system-out><![CDATA[2023-06-09 20:01:42 - [TEST_CASE][PASSED] - Test Cases/Sub Admin/Create: Test Cases/Sub Admin/Create

2023-06-09 20:01:42 - [TEST_STEP][PASSED] - mouseOver(findTestObject("Sub Admin/Page_Dashboard/span_Sub-Admin")): Object: 'Object Repository/Sub Admin/Page_Dashboard/span_Sub-Admin' is hovered

2023-06-09 20:01:43 - [MESSAGE][PASSED] - Object: 'Object Repository/Sub Admin/Page_Dashboard/span_Sub-Admin' is hovered

2023-06-09 20:01:43 - [TEST_STEP][PASSED] - mouseOver(findTestObject("Sub Admin/Page_Dashboard/span_Create")): Object: 'Object Repository/Sub Admin/Page_Dashboard/span_Create' is hovered

2023-06-09 20:01:43 - [MESSAGE][PASSED] - Object: 'Object Repository/Sub Admin/Page_Dashboard/span_Create' is hovered

2023-06-09 20:01:43 - [TEST_STEP][PASSED] - click(findTestObject("Sub Admin/Page_Dashboard/span_Create")): Object: 'Object Repository/Sub Admin/Page_Dashboard/span_Create' is clicked on

2023-06-09 20:01:46 - [MESSAGE][PASSED] - Object: 'Object Repository/Sub Admin/Page_Dashboard/span_Create' is clicked on]]></system-out>
         <system-err><![CDATA[]]></system-err>
      </testcase>
      <testcase name="Test Cases/Sub Admin/Duplicate IP Logins" time="3.708" classname="Test Cases/Sub Admin/Duplicate IP Logins" status="PASSED">
         <system-out><![CDATA[2023-06-09 20:01:46 - [TEST_CASE][PASSED] - Test Cases/Sub Admin/Duplicate IP Logins: Test Cases/Sub Admin/Duplicate IP Logins

2023-06-09 20:01:46 - [TEST_STEP][PASSED] - mouseOver(findTestObject("Sub Admin/Page_Dashboard/span_Sub-Admin")): Object: 'Object Repository/Sub Admin/Page_Dashboard/span_Sub-Admin' is hovered

2023-06-09 20:01:47 - [MESSAGE][PASSED] - Object: 'Object Repository/Sub Admin/Page_Dashboard/span_Sub-Admin' is hovered

2023-06-09 20:01:47 - [TEST_STEP][PASSED] - mouseOver(findTestObject("Sub Admin/Page_Dashboard/span_Duplicate IP Logins")): Object: 'Object Repository/Sub Admin/Page_Dashboard/span_Duplicate IP Logins' is hovered

2023-06-09 20:01:47 - [MESSAGE][PASSED] - Object: 'Object Repository/Sub Admin/Page_Dashboard/span_Duplicate IP Logins' is hovered

2023-06-09 20:01:47 - [TEST_STEP][PASSED] - click(findTestObject("Sub Admin/Page_Dashboard/span_Duplicate IP Logins")): Object: 'Object Repository/Sub Admin/Page_Dashboard/span_Duplicate IP Logins' is clicked on

2023-06-09 20:01:49 - [MESSAGE][PASSED] - Object: 'Object Repository/Sub Admin/Page_Dashboard/span_Duplicate IP Logins' is clicked on]]></system-out>
         <system-err><![CDATA[]]></system-err>
      </testcase>
      <system-out><![CDATA[2023-06-09 20:01:18 - [TEST_SUITE][PASSED] - Smoke: Test Cases/Sub Admin/Duplicate IP Logins]]></system-out>
      <system-err><![CDATA[]]></system-err>
   </testsuite>
</testsuites>
